[camera]
# width=480
# height=640
# width=720
# height=1280
# width=1536
# height=1024
# width=640
# height=480
# fps=30

[detection]
tag_pixel_width = 100
widen_radius = 15

[arena]
nleds = 113#198
ring_r = 30 # in cm
origo_offset = [360, 360] # in pixels
cm_per_pixel = 0.1
baudrate = 115200#9600###921600#

[setup]
label = "Crazy"

    [[setup.suns]]
    link_factor = 2
    green = 255
    width = 11
    [[setup.suns]]
    blue = 255
    link_factor = 1
    azimuth = 50
    [[setup.suns]]
    link_factor = 0
    azimuth = 100
    red = 255
    [[setup.suns]]
    link_factor = -1
    green = 255
    azimuth = 150
    red = 255
    [[setup.suns]]
    blue = 255
    link_factor = -2
    azimuth = 200
    red = 255
    [[setup.suns]]
    blue = 255
    link_factor = 0.5
    green = 255
    azimuth = 250
    [[setup.suns]]
    blue = 255
    link_factor = -0.5
    green = 255
    azimuth = 300
    red = 255

[experiment]
datetime = 2023-12-09T22:01:00.110Z

ms,x,y,θ,start1,stop1,start2,stop2,start3,stop3,start4,stop4,start5,stop5,start6,stop6,start7,stop7
881,,,,109,6,17,17,32,32,48,48,64,64,79,79,95,95
917,,,,109,6,17,17,32,32,48,48,64,64,79,79,95,95
1223,,,,109,6,17,17,32,32,48,48,64,64,79,79,95,95
1261,,,,109,6,17,17,32,32,48,48,64,64,79,79,95,95
1297,,,,109,6,17,17,32,32,48,48,64,64,79,79,95,95
1334,,,,109,6,17,17,32,32,48,48,64,64,79,79,95,95
1400,,,,109,6,17,17,32,32,48,48,64,64,79,79,95,95
1507,,,,109,6,17,17,32,32,48,48,64,64,79,79,95,95
1601,,,,109,6,17,17,32,32,48,48,64,64,79,79,95,95
1726,,,,109,6,17,17,32,32,48,48,64,64,79,79,95,95
1799,,,,109,6,17,17,32,32,48,48,64,64,79,79,95,95
1899,,,,109,6,17,17,32,32,48,48,64,64,79,79,95,95
2007,,,,109,6,17,17,32,32,48,48,64,64,79,79,95,95
2096,,,,109,6,17,17,32,32,48,48,64,64,79,79,95,95
2198,,,,109,6,17,17,32,32,48,48,64,64,79,79,95,95
2307,393.31118322390205,666.8509784318568,-0.11005180451941483,105,2,15,15,32,32,50,50,68,68,78,78,96,96
2412,398.2535713593115,663.1868197931806,-0.36873580310895765,96,106,10,10,32,32,55,55,77,77,76,76,98,98
2468,392.3261356276908,655.2637874051499,-0.7579513673234222,82,92,3,3,32,32,62,62,91,91,73,73,102,102
2568,390.5293345084493,644.2121311873349,-1.1028576461300652,69,79,110,110,32,32,68,68,103,103,70,70,105,105
2669,385.87688966841654,634.4176617271492,-1.381105826616428,59,69,105,105,32,32,73,73,113,113,67,67,108,108
2769,384.66056034823976,630.6936798147493,-1.5478942484966003,53,63,102,102,32,32,76,76,6,6,66,66,109,109
2878,387.2461831499634,634.4861682172221,-1.7549084792071639,46,56,98,98,32,32,80,80,14,14,64,64,111,111
2970,387.08324083049666,633.1317493254458,-2.0474463644578,35,45,93,93,32,32,85,85,24,24,61,61,1,1
3158,386.06863161442476,633.9460841844552,-2.1748564232667986,31,41,91,91,32,32,87,87,29,29,60,60,2,2
3167,385.4954234576056,631.6793078062999,-2.291108060189022,27,37,88,88,32,32,89,89,33,33,59,59,3,3
3267,382.0927718297517,625.4425800608417,-2.4607841871916873,20,30,85,85,32,32,92,92,39,39,57,57,4,4
3367,379.29227776693597,619.1363663021355,-2.7043126384052854,12,22,81,81,32,32,97,97,48,48,55,55,6,6
3468,379.79928100829517,617.4391217292485,-3.1048509498392836,110,7,74,74,32,32,104,104,62,62,52,52,10,10
3565,380.64344703913963,616.3479073567813,3.0143671585926106,104,1,71,71,32,32,107,107,68,68,50,50,12,12
3664,382.17252425602675,615.8691204546291,3.118388936334774,108,5,73,73,32,32,105,105,65,65,51,51,11,11
3769,382.5147852967488,613.266160023179,-2.882591626289124,5,15,78,78,32,32,100,100,54,54,54,54,8,8
3862,381.8192862739711,609.6538243253835,-2.694187624186649,12,22,81,81,32,32,97,97,48,48,55,55,6,6
3966,381.22545112091854,605.2318293488378,-2.52776472919155,18,28,84,84,32,32,94,94,42,42,57,57,5,5
4065,383.1054275728227,604.8560101489927,-2.294370223027851,26,36,88,88,32,32,89,89,33,33,59,59,3,3
4162,386.73519716762564,606.8401453967126,-2.071657509876019,34,44,92,92,32,32,85,85,25,25,61,61,1,1
4265,384.9550329267436,607.249931728474,-1.8582619440006949,42,52,96,96,32,32,82,82,18,18,63,63,112,112
4365,386.09250820442566,608.9419096396086,-1.627429148869196,50,60,100,100,32,32,77,77,9,9,65,65,110,110
4479,387.7012202523712,608.4703800550166,-1.416293952024633,58,68,104,104,32,32,74,74,2,2,67,67,108,108
4567,390.9698572705557,607.8081298281428,-1.1647265371458988,67,77,109,109,32,32,69,69,106,106,69,69,106,106
4666,390.7080203441928,608.807044787588,-0.8453624110041726,79,89,1,1,32,32,63,63,94,94,72,72,103,103
4774,392.4232616217017,609.2048684567684,-0.5137078936046269,91,101,7,7,32,32,57,57,82,82,75,75,100,100
4873,394.6965870076539,607.8268420656811,-0.24114872913651217,100,110,12,12,32,32,52,52,72,72,77,77,97,97
4959,396.9483858232045,606.0689416006276,-0.029662341040392774,108,5,16,16,32,32,49,49,65,65,79,79,95,95
5059,399.017628317241,607.3348871843048,0.2654701081829018,6,16,21,21,32,32,43,43,54,54,82,82,93,93
5158,401.39346750625594,606.9042939931885,0.4340098807841231,12,22,24,24,32,32,40,40,48,48,83,83,91,91
5264,405.3642998192296,605.4877087376848,0.5558217288386804,16,26,27,27,32,32,38,38,44,44,84,84,90,90
5360,406.99007157925513,606.0654788423307,0.725974108730757,22,32,30,30,32,32,35,35,38,38,86,86,89,89
5477,407.6412833098998,606.5389589541248,0.9251418120768561,29,39,33,33,32,32,31,31,31,31,88,88,87,87
5571,408.4493091074656,606.2065301229916,1.1139948536295115,36,46,37,37,32,32,28,28,24,24,89,89,85,85
5659,410.2028013899996,607.5954454226303,1.2774441230486182,42,52,40,40,32,32,25,25,18,18,91,91,84,84
5759,410.45935842461995,607.3956288463278,1.4116567451077309,47,57,42,42,32,32,23,23,13,13,92,92,82,82
5859,410.34719829840884,607.7776841795642,1.578896500079777,53,63,45,45,32,32,20,20,7,7,94,94,81,81
5962,410.3611316432348,606.7553682258218,1.7350621747811983,58,68,48,48,32,32,17,17,1,1,95,95,80,80
6063,409.6760844860255,603.1740538888876,1.8286773309913753,62,72,50,50,32,32,15,15,111,111,96,96,79,79
6161,408.9627401376697,600.0793535173584,1.9539082220129826,66,76,52,52,32,32,13,13,106,106,97,97,78,78
6260,409.0768183508345,598.5733326497614,2.0212972681640125,69,79,53,53,32,32,12,12,104,104,98,98,77,77
6377,411.15606053238395,600.6486995065972,1.8316827333633068,62,72,50,50,32,32,15,15,111,111,96,96,79,79
6455,412.29790023577647,602.049862669947,1.6083942794282424,54,64,46,46,32,32,19,19,6,6,94,94,81,81
6562,412.56308777073514,601.6846350125381,1.4648672124954378,49,59,43,43,32,32,22,22,11,11,93,93,82,82
6656,412.67597924158144,601.423233044707,1.3569478423783865,45,55,41,41,32,32,24,24,15,15,92,92,83,83
6755,410.9967595629773,600.8267031431332,1.2064505521056963,39,49,38,38,32,32,26,26,20,20,90,90,84,84
6855,410.2467246314703,600.1116346677375,1.101505445603478,36,46,37,37,32,32,28,28,24,24,89,89,85,85
6957,409.08813811619086,600.7723566820847,1.019677935521708,33,43,35,35,32,32,30,30,27,27,89,89,86,86
7055,406.2612001104045,600.3767386984308,0.8728368281972935,27,37,32,32,32,32,32,32,32,32,87,87,87,87
7160,402.83931420620377,600.4514044469084,0.6751559048489636,20,30,29,29,32,32,36,36,39,39,86,86,89,89
7255,400.4680763237426,600.1436957657793,0.5507471109167285,16,26,27,27,32,32,38,38,44,44,84,84,90,90
7356,399.4214188433959,600.5619977022574,0.4750617132114754,13,23,25,25,32,32,40,40,47,47,84,84,91,91
7455,398.81469937169646,601.3876058356793,0.4111572920626814,11,21,24,24,32,32,41,41,49,49,83,83,91,91
7564,397.18109052043366,601.8437242701689,0.3194723342213273,7,17,22,22,32,32,42,42,52,52,82,82,92,92
7655,395.88576101112136,602.0871155827693,0.20932629597637112,4,14,20,20,32,32,44,44,56,56,81,81,93,93
7768,392.7336682046398,600.9556849112632,0.10124087617911101,113,10,19,19,32,32,46,46,60,60,80,80,94,94
7856,389.0318444901224,600.4019415167675,-0.03709190520514059,108,5,16,16,32,32,49,49,65,65,79,79,96,96
7956,386.4165075494846,601.3963993599244,-0.17690019045334268,103,113,14,14,32,32,51,51,70,70,78,78,97,97
8062,385.1722850233589,600.5645293842936,-0.22920641350094637,101,111,13,13,32,32,52,52,72,72,77,77,97,97
8162,377.00962778421035,594.5407906537224,-0.15535663733791708,103,113,14,14,32,32,51,51,69,69,78,78,97,97
8262,,,,103,113,14,14,32,32,51,51,69,69,78,78,97,97
8354,,,,103,113,14,14,32,32,51,51,69,69,78,78,97,97
8452,,,,103,113,14,14,32,32,51,51,69,69,78,78,97,97
8563,,,,103,113,14,14,32,32,51,51,69,69,78,78,97,97
8653,,,,103,113,14,14,32,32,51,51,69,69,78,78,97,97
8756,,,,103,113,14,14,32,32,51,51,69,69,78,78,97,97
8854,,,,103,113,14,14,32,32,51,51,69,69,78,78,97,97
8954,,,,103,113,14,14,32,32,51,51,69,69,78,78,97,97
9057,,,,103,113,14,14,32,32,51,51,69,69,78,78,97,97
9159,,,,103,113,14,14,32,32,51,51,69,69,78,78,97,97
9255,,,,103,113,14,14,32,32,51,51,69,69,78,78,97,97
9364,,,,103,113,14,14,32,32,51,51,69,69,78,78,97,97
9452,,,,103,113,14,14,32,32,51,51,69,69,78,78,97,97
9553,,,,103,113,14,14,32,32,51,51,69,69,78,78,97,97
9664,,,,103,113,14,14,32,32,51,51,69,69,78,78,97,97
9763,,,,103,113,14,14,32,32,51,51,69,69,78,78,97,97
9863,,,,103,113,14,14,32,32,51,51,69,69,78,78,97,97
9962,,,,103,113,14,14,32,32,51,51,69,69,78,78,97,97
10071,,,,103,113,14,14,32,32,51,51,69,69,78,78,97,97
10172,,,,103,113,14,14,32,32,51,51,69,69,78,78,97,97
10272,,,,103,113,14,14,32,32,51,51,69,69,78,78,97,97
10378,,,,103,113,14,14,32,32,51,51,69,69,78,78,97,97
10468,,,,103,113,14,14,32,32,51,51,69,69,78,78,97,97
10564,,,,103,113,14,14,32,32,51,51,69,69,78,78,97,97
10665,,,,103,113,14,14,32,32,51,51,69,69,78,78,97,97
10770,,,,103,113,14,14,32,32,51,51,69,69,78,78,97,97
10865,,,,103,113,14,14,32,32,51,51,69,69,78,78,97,97
10978,,,,103,113,14,14,32,32,51,51,69,69,78,78,97,97
11069,,,,103,113,14,14,32,32,51,51,69,69,78,78,97,97
11165,,,,103,113,14,14,32,32,51,51,69,69,78,78,97,97
11272,,,,103,113,14,14,32,32,51,51,69,69,78,78,97,97
11382,,,,103,113,14,14,32,32,51,51,69,69,78,78,97,97
11481,,,,103,113,14,14,32,32,51,51,69,69,78,78,97,97
11574,,,,103,113,14,14,32,32,51,51,69,69,78,78,97,97
11674,,,,103,113,14,14,32,32,51,51,69,69,78,78,97,97
11772,,,,103,113,14,14,32,32,51,51,69,69,78,78,97,97
11873,,,,103,113,14,14,32,32,51,51,69,69,78,78,97,97
11974,,,,103,113,14,14,32,32,51,51,69,69,78,78,97,97
12067,,,,103,113,14,14,32,32,51,51,69,69,78,78,97,97
12165,,,,103,113,14,14,32,32,51,51,69,69,78,78,97,97
12281,,,,103,113,14,14,32,32,51,51,69,69,78,78,97,97
12369,,,,103,113,14,14,32,32,51,51,69,69,78,78,97,97
12467,,,,103,113,14,14,32,32,51,51,69,69,78,78,97,97
12580,,,,103,113,14,14,32,32,51,51,69,69,78,78,97,97
12695,,,,103,113,14,14,32,32,51,51,69,69,78,78,97,97
12777,,,,103,113,14,14,32,32,51,51,69,69,78,78,97,97
12866,,,,103,113,14,14,32,32,51,51,69,69,78,78,97,97
12968,,,,103,113,14,14,32,32,51,51,69,69,78,78,97,97
13066,,,,103,113,14,14,32,32,51,51,69,69,78,78,97,97
13170,,,,103,113,14,14,32,32,51,51,69,69,78,78,97,97
13273,,,,103,113,14,14,32,32,51,51,69,69,78,78,97,97
13368,,,,103,113,14,14,32,32,51,51,69,69,78,78,97,97
13469,392.57868568559803,706.4217965065889,1.261358661586614,41,51,39,39,32,32,25,25,18,18,91,91,84,84
13534,383.06489342873,702.4266428826597,0.5358972567123254,15,25,26,26,32,32,38,38,45,45,84,84,90,90
13648,,,,15,25,26,26,32,32,38,38,45,45,84,84,90,90
13746,,,,15,25,26,26,32,32,38,38,45,45,84,84,90,90
13839,,,,15,25,26,26,32,32,38,38,45,45,84,84,90,90
13947,,,,15,25,26,26,32,32,38,38,45,45,84,84,90,90
14047,351.94128102619874,615.2824252311877,-0.8902100614612559,77,87,1,1,32,32,64,64,96,96,71,71,103,103
14136,350.52708052626394,611.621268792875,-1.1609467185467894,67,77,109,109,32,32,69,69,106,106,69,69,106,106
14245,351.0459420813331,609.1995600919356,-1.3036665889214294,62,72,106,106,32,32,72,72,111,111,68,68,107,107
14335,352.02898289570834,605.4950294179354,-1.0959490770387041,70,80,110,110,32,32,68,68,103,103,70,70,105,105
14451,354.3394973173399,598.3251678722011,-0.8161751893847644,80,90,2,2,32,32,63,63,93,93,72,72,103,103
14535,353.6724480469312,594.555476471119,-0.5130492301441926,91,101,7,7,32,32,57,57,82,82,75,75,100,100
14638,354.9452646114136,593.9822531753532,-0.2571729775289272,100,110,12,12,32,32,53,53,73,73,77,77,97,97
14736,356.80739718755257,593.1704070291646,-0.06941928670221814,107,4,15,15,32,32,49,49,66,66,79,79,96,96
14832,357.69078657520924,592.7947409215637,0.11315426612725409,113,10,19,19,32,32,46,46,60,60,80,80,94,94
14934,358.6847640417918,593.4258401715259,0.2982174783393693,7,17,22,22,32,32,43,43,53,53,82,82,92,92
15034,359.91015514448475,597.1971202289268,0.5461383254744095,16,26,27,27,32,32,38,38,44,44,84,84,90,90
15131,361.09255999037873,599.5397740844601,0.7737337889080893,24,34,31,31,32,32,34,34,36,36,86,86,88,88
15231,361.29912424289734,599.4417313752274,1.0149024492690573,33,43,35,35,32,32,30,30,27,27,89,89,86,86
15331,364.3949050755467,601.8860196088847,1.2906648013137272,42,52,40,40,32,32,25,25,17,17,91,91,84,84
15447,363.656123287422,600.862483061703,1.534583571573308,51,61,44,44,32,32,20,20,9,9,93,93,81,81
15531,363.8410322521033,602.4246410570205,1.8711063840243634,63,73,50,50,32,32,14,14,109,109,96,96,78,78
15631,365.586367290529,603.7133262460351,2.2324248093660475,76,86,57,57,32,32,8,8,96,96,100,100,75,75
15732,365.33386767782974,602.7894196977064,2.5059893364250807,86,96,62,62,32,32,3,3,87,87,102,102,73,73
15832,366.886233213497,601.7794479191272,2.7839812575064737,96,106,67,67,32,32,111,111,77,77,105,105,70,70
15934,367.120772238897,600.3141164939797,2.976136604791754,103,113,70,70,32,32,108,108,70,70,106,106,68,68
16031,367.3792810180152,598.8806730433417,-3.128709712788054,109,6,73,73,32,32,104,104,63,63,108,108,67,67
16131,368.0636706498395,596.8392364178345,-2.953339884456196,3,13,77,77,32,32,101,101,57,57,109,109,65,65
16232,369.85450174858124,592.3983621658251,-2.7220563283816928,11,21,81,81,32,32,97,97,49,49,111,111,63,63
16332,373.74686022372236,590.6905129172625,-2.51358032416901,19,29,84,84,32,32,93,93,41,41,113,113,61,61
16429,376.2887830149731,589.9718940308826,-2.3167109943911828,26,36,88,88,32,32,90,90,34,34,2,2,59,59
16528,379.40109085866516,587.8733142408895,-2.0838368282314432,34,44,92,92,32,32,86,86,26,26,4,4,57,57
16627,382.5743013540361,585.7756933497708,-1.8613139200793403,42,52,96,96,32,32,82,82,18,18,6,6,55,55
16728,385.27712779805154,583.7065791737481,-1.6696023269202043,49,59,100,100,32,32,78,78,11,11,8,8,54,54
16828,386.11345748326585,582.6005016936647,-1.559665411494543,53,63,102,102,32,32,76,76,7,7,9,9,53,53
16927,386.9861118588807,579.8233485372403,-1.4672815134083594,56,66,103,103,32,32,74,74,4,4,10,10,52,52
17027,385.0819843922566,577.564886927689,-1.4860096546498658,56,66,103,103,32,32,75,75,4,4,10,10,52,52
17127,383.1555674474819,579.9544696974376,-1.7119251263688045,47,57,99,99,32,32,79,79,12,12,8,8,54,54
17236,380.4821859988084,584.7544065680526,-2.0076122275410757,37,47,94,94,32,32,84,84,23,23,5,5,57,57
17331,377.92340901021385,584.0189277633959,-2.245602678509317,28,38,89,89,32,32,88,88,32,32,3,3,59,59
17429,371.752200763031,581.3647183366426,-2.5829039708917185,16,26,83,83,32,32,95,95,44,44,113,113,62,62
17530,,,,16,26,83,83,32,32,95,95,44,44,113,113,62,62
17627,,,,16,26,83,83,32,32,95,95,44,44,113,113,62,62
17724,,,,16,26,83,83,32,32,95,95,44,44,113,113,62,62
17826,,,,16,26,83,83,32,32,95,95,44,44,113,113,62,62
17927,,,,16,26,83,83,32,32,95,95,44,44,113,113,62,62
18027,,,,16,26,83,83,32,32,95,95,44,44,113,113,62,62
18154,,,,16,26,83,83,32,32,95,95,44,44,113,113,62,62
18244,,,,16,26,83,83,32,32,95,95,44,44,113,113,62,62
18332,,,,16,26,83,83,32,32,95,95,44,44,113,113,62,62
18428,,,,16,26,83,83,32,32,95,95,44,44,113,113,62,62
18529,,,,16,26,83,83,32,32,95,95,44,44,113,113,62,62
18632,,,,16,26,83,83,32,32,95,95,44,44,113,113,62,62
18734,,,,16,26,83,83,32,32,95,95,44,44,113,113,62,62
18839,,,,16,26,83,83,32,32,95,95,44,44,113,113,62,62
18931,,,,16,26,83,83,32,32,95,95,44,44,113,113,62,62
19033,,,,16,26,83,83,32,32,95,95,44,44,113,113,62,62
19152,,,,16,26,83,83,32,32,95,95,44,44,113,113,62,62
19234,,,,16,26,83,83,32,32,95,95,44,44,113,113,62,62
19354,,,,16,26,83,83,32,32,95,95,44,44,113,113,62,62
19436,,,,16,26,83,83,32,32,95,95,44,44,113,113,62,62
19540,,,,16,26,83,83,32,32,95,95,44,44,113,113,62,62
19640,,,,16,26,83,83,32,32,95,95,44,44,113,113,62,62
19736,,,,16,26,83,83,32,32,95,95,44,44,113,113,62,62
19839,,,,16,26,83,83,32,32,95,95,44,44,113,113,62,62
19954,,,,16,26,83,83,32,32,95,95,44,44,113,113,62,62
20041,,,,16,26,83,83,32,32,95,95,44,44,113,113,62,62
20138,,,,16,26,83,83,32,32,95,95,44,44,113,113,62,62
20249,,,,16,26,83,83,32,32,95,95,44,44,113,113,62,62
20348,,,,16,26,83,83,32,32,95,95,44,44,113,113,62,62
20442,,,,16,26,83,83,32,32,95,95,44,44,113,113,62,62
20539,,,,16,26,83,83,32,32,95,95,44,44,113,113,62,62
20639,,,,16,26,83,83,32,32,95,95,44,44,113,113,62,62
20759,,,,16,26,83,83,32,32,95,95,44,44,113,113,62,62
20841,,,,16,26,83,83,32,32,95,95,44,44,113,113,62,62
20956,,,,16,26,83,83,32,32,95,95,44,44,113,113,62,62
21062,,,,16,26,83,83,32,32,95,95,44,44,113,113,62,62
21155,,,,16,26,83,83,32,32,95,95,44,44,113,113,62,62
21237,,,,16,26,83,83,32,32,95,95,44,44,113,113,62,62
21360,,,,16,26,83,83,32,32,95,95,44,44,113,113,62,62
21439,,,,16,26,83,83,32,32,95,95,44,44,113,113,62,62
21550,,,,16,26,83,83,32,32,95,95,44,44,113,113,62,62
21646,,,,16,26,83,83,32,32,95,95,44,44,113,113,62,62
21741,,,,16,26,83,83,32,32,95,95,44,44,113,113,62,62
21861,,,,16,26,83,83,32,32,95,95,44,44,113,113,62,62
21960,,,,16,26,83,83,32,32,95,95,44,44,113,113,62,62
22039,,,,16,26,83,83,32,32,95,95,44,44,113,113,62,62
22144,,,,16,26,83,83,32,32,95,95,44,44,113,113,62,62
22245,,,,16,26,83,83,32,32,95,95,44,44,113,113,62,62
22339,,,,16,26,83,83,32,32,95,95,44,44,113,113,62,62
22442,,,,16,26,83,83,32,32,95,95,44,44,113,113,62,62
22557,,,,16,26,83,83,32,32,95,95,44,44,113,113,62,62
22640,,,,16,26,83,83,32,32,95,95,44,44,113,113,62,62
22764,,,,16,26,83,83,32,32,95,95,44,44,113,113,62,62
22841,,,,16,26,83,83,32,32,95,95,44,44,113,113,62,62
22963,,,,16,26,83,83,32,32,95,95,44,44,113,113,62,62
23040,,,,16,26,83,83,32,32,95,95,44,44,113,113,62,62
23140,,,,16,26,83,83,32,32,95,95,44,44,113,113,62,62
23256,,,,16,26,83,83,32,32,95,95,44,44,113,113,62,62
23363,,,,16,26,83,83,32,32,95,95,44,44,113,113,62,62
23438,,,,16,26,83,83,32,32,95,95,44,44,113,113,62,62
23558,,,,16,26,83,83,32,32,95,95,44,44,113,113,62,62
23652,,,,16,26,83,83,32,32,95,95,44,44,113,113,62,62
23739,,,,16,26,83,83,32,32,95,95,44,44,113,113,62,62
23846,,,,16,26,83,83,32,32,95,95,44,44,113,113,62,62
23938,,,,16,26,83,83,32,32,95,95,44,44,113,113,62,62
24080,,,,16,26,83,83,32,32,95,95,44,44,113,113,62,62
24131,,,,16,26,83,83,32,32,95,95,44,44,113,113,62,62
24248,,,,16,26,83,83,32,32,95,95,44,44,113,113,62,62
24354,,,,16,26,83,83,32,32,95,95,44,44,113,113,62,62
24433,,,,16,26,83,83,32,32,95,95,44,44,113,113,62,62
24536,,,,16,26,83,83,32,32,95,95,44,44,113,113,62,62
24637,,,,16,26,83,83,32,32,95,95,44,44,113,113,62,62
24739,,,,16,26,83,83,32,32,95,95,44,44,113,113,62,62
24828,,,,16,26,83,83,32,32,95,95,44,44,113,113,62,62
24934,,,,16,26,83,83,32,32,95,95,44,44,113,113,62,62
25029,,,,16,26,83,83,32,32,95,95,44,44,113,113,62,62
25140,,,,16,26,83,83,32,32,95,95,44,44,113,113,62,62
25230,,,,16,26,83,83,32,32,95,95,44,44,113,113,62,62
25333,,,,16,26,83,83,32,32,95,95,44,44,113,113,62,62
25431,,,,16,26,83,83,32,32,95,95,44,44,113,113,62,62
25530,,,,16,26,83,83,32,32,95,95,44,44,113,113,62,62
25654,,,,16,26,83,83,32,32,95,95,44,44,113,113,62,62
25729,,,,16,26,83,83,32,32,95,95,44,44,113,113,62,62
25830,,,,16,26,83,83,32,32,95,95,44,44,113,113,62,62
25930,,,,16,26,83,83,32,32,95,95,44,44,113,113,62,62
26037,,,,16,26,83,83,32,32,95,95,44,44,113,113,62,62
26134,,,,16,26,83,83,32,32,95,95,44,44,113,113,62,62
26229,,,,16,26,83,83,32,32,95,95,44,44,113,113,62,62
26327,,,,16,26,83,83,32,32,95,95,44,44,113,113,62,62
26433,,,,16,26,83,83,32,32,95,95,44,44,113,113,62,62
26535,,,,16,26,83,83,32,32,95,95,44,44,113,113,62,62
26623,,,,16,26,83,83,32,32,95,95,44,44,113,113,62,62
26732,,,,16,26,83,83,32,32,95,95,44,44,113,113,62,62
26828,,,,16,26,83,83,32,32,95,95,44,44,113,113,62,62
26945,,,,16,26,83,83,32,32,95,95,44,44,113,113,62,62
27029,,,,16,26,83,83,32,32,95,95,44,44,113,113,62,62
27149,,,,16,26,83,83,32,32,95,95,44,44,113,113,62,62
27226,,,,16,26,83,83,32,32,95,95,44,44,113,113,62,62
27330,,,,16,26,83,83,32,32,95,95,44,44,113,113,62,62
27427,,,,16,26,83,83,32,32,95,95,44,44,113,113,62,62
27530,,,,16,26,83,83,32,32,95,95,44,44,113,113,62,62
27633,,,,16,26,83,83,32,32,95,95,44,44,113,113,62,62
27726,,,,16,26,83,83,32,32,95,95,44,44,113,113,62,62
27822,,,,16,26,83,83,32,32,95,95,44,44,113,113,62,62
27941,,,,16,26,83,83,32,32,95,95,44,44,113,113,62,62
28023,,,,16,26,83,83,32,32,95,95,44,44,113,113,62,62
28122,,,,16,26,83,83,32,32,95,95,44,44,113,113,62,62
28222,,,,16,26,83,83,32,32,95,95,44,44,113,113,62,62
28322,,,,16,26,83,83,32,32,95,95,44,44,113,113,62,62
28426,,,,16,26,83,83,32,32,95,95,44,44,113,113,62,62
28522,,,,16,26,83,83,32,32,95,95,44,44,113,113,62,62
28621,,,,16,26,83,83,32,32,95,95,44,44,113,113,62,62
28732,,,,16,26,83,83,32,32,95,95,44,44,113,113,62,62
28829,,,,16,26,83,83,32,32,95,95,44,44,113,113,62,62
28928,,,,16,26,83,83,32,32,95,95,44,44,113,113,62,62
29025,,,,16,26,83,83,32,32,95,95,44,44,113,113,62,62
29122,,,,16,26,83,83,32,32,95,95,44,44,113,113,62,62
29226,,,,16,26,83,83,32,32,95,95,44,44,113,113,62,62
29319,,,,16,26,83,83,32,32,95,95,44,44,113,113,62,62
29425,,,,16,26,83,83,32,32,95,95,44,44,113,113,62,62
29519,,,,16,26,83,83,32,32,95,95,44,44,113,113,62,62
29617,,,,16,26,83,83,32,32,95,95,44,44,113,113,62,62
29727,,,,16,26,83,83,32,32,95,95,44,44,113,113,62,62
29825,,,,16,26,83,83,32,32,95,95,44,44,113,113,62,62
29917,,,,16,26,83,83,32,32,95,95,44,44,113,113,62,62
30018,,,,16,26,83,83,32,32,95,95,44,44,113,113,62,62
30118,,,,16,26,83,83,32,32,95,95,44,44,113,113,62,62
30224,,,,16,26,83,83,32,32,95,95,44,44,113,113,62,62
30356,,,,16,26,83,83,32,32,95,95,44,44,113,113,62,62
30428,,,,16,26,83,83,32,32,95,95,44,44,113,113,62,62
30515,,,,16,26,83,83,32,32,95,95,44,44,113,113,62,62
30615,,,,16,26,83,83,32,32,95,95,44,44,113,113,62,62
30745,,,,16,26,83,83,32,32,95,95,44,44,113,113,62,62
30826,,,,16,26,83,83,32,32,95,95,44,44,113,113,62,62
30917,,,,16,26,83,83,32,32,95,95,44,44,113,113,62,62
31017,,,,16,26,83,83,32,32,95,95,44,44,113,113,62,62
31115,,,,16,26,83,83,32,32,95,95,44,44,113,113,62,62
31214,,,,16,26,83,83,32,32,95,95,44,44,113,113,62,62
31313,,,,16,26,83,83,32,32,95,95,44,44,113,113,62,62
31427,,,,16,26,83,83,32,32,95,95,44,44,113,113,62,62
31518,,,,16,26,83,83,32,32,95,95,44,44,113,113,62,62
31610,,,,16,26,83,83,32,32,95,95,44,44,113,113,62,62
31713,,,,16,26,83,83,32,32,95,95,44,44,113,113,62,62
31813,,,,16,26,83,83,32,32,95,95,44,44,113,113,62,62
31919,,,,16,26,83,83,32,32,95,95,44,44,113,113,62,62
32032,,,,16,26,83,83,32,32,95,95,44,44,113,113,62,62
32113,,,,16,26,83,83,32,32,95,95,44,44,113,113,62,62
32210,,,,16,26,83,83,32,32,95,95,44,44,113,113,62,62
32313,,,,16,26,83,83,32,32,95,95,44,44,113,113,62,62
32417,,,,16,26,83,83,32,32,95,95,44,44,113,113,62,62
32515,,,,16,26,83,83,32,32,95,95,44,44,113,113,62,62
32631,,,,16,26,83,83,32,32,95,95,44,44,113,113,62,62
32712,,,,16,26,83,83,32,32,95,95,44,44,113,113,62,62
32815,,,,16,26,83,83,32,32,95,95,44,44,113,113,62,62
32916,,,,16,26,83,83,32,32,95,95,44,44,113,113,62,62
33013,,,,16,26,83,83,32,32,95,95,44,44,113,113,62,62
33146,,,,16,26,83,83,32,32,95,95,44,44,113,113,62,62
33233,,,,16,26,83,83,32,32,95,95,44,44,113,113,62,62
33313,,,,16,26,83,83,32,32,95,95,44,44,113,113,62,62
33413,,,,16,26,83,83,32,32,95,95,44,44,113,113,62,62
33528,,,,16,26,83,83,32,32,95,95,44,44,113,113,62,62
33628,,,,16,26,83,83,32,32,95,95,44,44,113,113,62,62
33707,,,,16,26,83,83,32,32,95,95,44,44,113,113,62,62
33804,,,,16,26,83,83,32,32,95,95,44,44,113,113,62,62
33906,,,,16,26,83,83,32,32,95,95,44,44,113,113,62,62
34005,,,,16,26,83,83,32,32,95,95,44,44,113,113,62,62
34110,,,,16,26,83,83,32,32,95,95,44,44,113,113,62,62
34210,,,,16,26,83,83,32,32,95,95,44,44,113,113,62,62
34310,,,,16,26,83,83,32,32,95,95,44,44,113,113,62,62
34424,,,,16,26,83,83,32,32,95,95,44,44,113,113,62,62
34533,,,,16,26,83,83,32,32,95,95,44,44,113,113,62,62
34606,,,,16,26,83,83,32,32,95,95,44,44,113,113,62,62
34711,,,,16,26,83,83,32,32,95,95,44,44,113,113,62,62
34809,,,,16,26,83,83,32,32,95,95,44,44,113,113,62,62
34926,,,,16,26,83,83,32,32,95,95,44,44,113,113,62,62
35010,,,,16,26,83,83,32,32,95,95,44,44,113,113,62,62
35103,,,,16,26,83,83,32,32,95,95,44,44,113,113,62,62
35204,,,,16,26,83,83,32,32,95,95,44,44,113,113,62,62
35300,,,,16,26,83,83,32,32,95,95,44,44,113,113,62,62
35424,,,,16,26,83,83,32,32,95,95,44,44,113,113,62,62
35506,,,,16,26,83,83,32,32,95,95,44,44,113,113,62,62
35626,,,,16,26,83,83,32,32,95,95,44,44,113,113,62,62
35703,,,,16,26,83,83,32,32,95,95,44,44,113,113,62,62
35804,,,,16,26,83,83,32,32,95,95,44,44,113,113,62,62
35913,,,,16,26,83,83,32,32,95,95,44,44,113,113,62,62
36004,,,,16,26,83,83,32,32,95,95,44,44,113,113,62,62
36104,,,,16,26,83,83,32,32,95,95,44,44,113,113,62,62
36202,,,,16,26,83,83,32,32,95,95,44,44,113,113,62,62
36300,,,,16,26,83,83,32,32,95,95,44,44,113,113,62,62
36405,,,,16,26,83,83,32,32,95,95,44,44,113,113,62,62
36500,,,,16,26,83,83,32,32,95,95,44,44,113,113,62,62
36601,,,,16,26,83,83,32,32,95,95,44,44,113,113,62,62
36703,,,,16,26,83,83,32,32,95,95,44,44,113,113,62,62
36824,,,,16,26,83,83,32,32,95,95,44,44,113,113,62,62
36926,,,,16,26,83,83,32,32,95,95,44,44,113,113,62,62
37007,,,,16,26,83,83,32,32,95,95,44,44,113,113,62,62
37098,,,,16,26,83,83,32,32,95,95,44,44,113,113,62,62
37200,,,,16,26,83,83,32,32,95,95,44,44,113,113,62,62
37298,,,,16,26,83,83,32,32,95,95,44,44,113,113,62,62
37404,,,,16,26,83,83,32,32,95,95,44,44,113,113,62,62
37500,,,,16,26,83,83,32,32,95,95,44,44,113,113,62,62
37597,,,,16,26,83,83,32,32,95,95,44,44,113,113,62,62
37717,,,,16,26,83,83,32,32,95,95,44,44,113,113,62,62
37796,,,,16,26,83,83,32,32,95,95,44,44,113,113,62,62
37921,,,,16,26,83,83,32,32,95,95,44,44,113,113,62,62
37998,,,,16,26,83,83,32,32,95,95,44,44,113,113,62,62
38098,,,,16,26,83,83,32,32,95,95,44,44,113,113,62,62
38212,,,,16,26,83,83,32,32,95,95,44,44,113,113,62,62
38314,,,,16,26,83,83,32,32,95,95,44,44,113,113,62,62
38418,,,,16,26,83,83,32,32,95,95,44,44,113,113,62,62
38514,,,,16,26,83,83,32,32,95,95,44,44,113,113,62,62
38597,,,,16,26,83,83,32,32,95,95,44,44,113,113,62,62
38697,,,,16,26,83,83,32,32,95,95,44,44,113,113,62,62
38807,,,,16,26,83,83,32,32,95,95,44,44,113,113,62,62
38924,,,,16,26,83,83,32,32,95,95,44,44,113,113,62,62
38992,,,,16,26,83,83,32,32,95,95,44,44,113,113,62,62
39101,,,,16,26,83,83,32,32,95,95,44,44,113,113,62,62
39192,,,,16,26,83,83,32,32,95,95,44,44,113,113,62,62
39293,,,,16,26,83,83,32,32,95,95,44,44,113,113,62,62
39401,,,,16,26,83,83,32,32,95,95,44,44,113,113,62,62
39495,,,,16,26,83,83,32,32,95,95,44,44,113,113,62,62
39604,,,,16,26,83,83,32,32,95,95,44,44,113,113,62,62
39691,,,,16,26,83,83,32,32,95,95,44,44,113,113,62,62
39792,,,,16,26,83,83,32,32,95,95,44,44,113,113,62,62
39920,,,,16,26,83,83,32,32,95,95,44,44,113,113,62,62
39992,,,,16,26,83,83,32,32,95,95,44,44,113,113,62,62
40091,,,,16,26,83,83,32,32,95,95,44,44,113,113,62,62
40197,,,,16,26,83,83,32,32,95,95,44,44,113,113,62,62
40318,,,,16,26,83,83,32,32,95,95,44,44,113,113,62,62
40385,,,,16,26,83,83,32,32,95,95,44,44,113,113,62,62
40484,,,,16,26,83,83,32,32,95,95,44,44,113,113,62,62
40584,,,,16,26,83,83,32,32,95,95,44,44,113,113,62,62
40690,,,,16,26,83,83,32,32,95,95,44,44,113,113,62,62
40792,,,,16,26,83,83,32,32,95,95,44,44,113,113,62,62
40894,,,,16,26,83,83,32,32,95,95,44,44,113,113,62,62
40986,,,,16,26,83,83,32,32,95,95,44,44,113,113,62,62
41095,,,,16,26,83,83,32,32,95,95,44,44,113,113,62,62
41196,,,,16,26,83,83,32,32,95,95,44,44,113,113,62,62
41293,,,,16,26,83,83,32,32,95,95,44,44,113,113,62,62
41395,,,,16,26,83,83,32,32,95,95,44,44,113,113,62,62
41487,,,,16,26,83,83,32,32,95,95,44,44,113,113,62,62
41594,,,,16,26,83,83,32,32,95,95,44,44,113,113,62,62
41685,,,,16,26,83,83,32,32,95,95,44,44,113,113,62,62
41789,,,,16,26,83,83,32,32,95,95,44,44,113,113,62,62
41879,,,,16,26,83,83,32,32,95,95,44,44,113,113,62,62
41988,,,,16,26,83,83,32,32,95,95,44,44,113,113,62,62
42096,,,,16,26,83,83,32,32,95,95,44,44,113,113,62,62
42181,,,,16,26,83,83,32,32,95,95,44,44,113,113,62,62
42281,,,,16,26,83,83,32,32,95,95,44,44,113,113,62,62
42392,,,,16,26,83,83,32,32,95,95,44,44,113,113,62,62
42482,,,,16,26,83,83,32,32,95,95,44,44,113,113,62,62
42583,,,,16,26,83,83,32,32,95,95,44,44,113,113,62,62
42681,,,,16,26,83,83,32,32,95,95,44,44,113,113,62,62
42785,,,,16,26,83,83,32,32,95,95,44,44,113,113,62,62
42883,,,,16,26,83,83,32,32,95,95,44,44,113,113,62,62
42983,,,,16,26,83,83,32,32,95,95,44,44,113,113,62,62
43090,,,,16,26,83,83,32,32,95,95,44,44,113,113,62,62
43182,,,,16,26,83,83,32,32,95,95,44,44,113,113,62,62
43276,,,,16,26,83,83,32,32,95,95,44,44,113,113,62,62
43378,,,,16,26,83,83,32,32,95,95,44,44,113,113,62,62
43480,,,,16,26,83,83,32,32,95,95,44,44,113,113,62,62
43580,,,,16,26,83,83,32,32,95,95,44,44,113,113,62,62
43686,,,,16,26,83,83,32,32,95,95,44,44,113,113,62,62
43783,,,,16,26,83,83,32,32,95,95,44,44,113,113,62,62
43909,,,,16,26,83,83,32,32,95,95,44,44,113,113,62,62
43977,,,,16,26,83,83,32,32,95,95,44,44,113,113,62,62
44079,,,,16,26,83,83,32,32,95,95,44,44,113,113,62,62
44182,,,,16,26,83,83,32,32,95,95,44,44,113,113,62,62
44277,,,,16,26,83,83,32,32,95,95,44,44,113,113,62,62
44394,,,,16,26,83,83,32,32,95,95,44,44,113,113,62,62
44478,,,,16,26,83,83,32,32,95,95,44,44,113,113,62,62
44579,,,,16,26,83,83,32,32,95,95,44,44,113,113,62,62
44678,,,,16,26,83,83,32,32,95,95,44,44,113,113,62,62
44776,,,,16,26,83,83,32,32,95,95,44,44,113,113,62,62
44881,,,,16,26,83,83,32,32,95,95,44,44,113,113,62,62
44985,,,,16,26,83,83,32,32,95,95,44,44,113,113,62,62
45082,,,,16,26,83,83,32,32,95,95,44,44,113,113,62,62
45175,,,,16,26,83,83,32,32,95,95,44,44,113,113,62,62
45276,,,,16,26,83,83,32,32,95,95,44,44,113,113,62,62
45376,,,,16,26,83,83,32,32,95,95,44,44,113,113,62,62
45473,,,,16,26,83,83,32,32,95,95,44,44,113,113,62,62
45579,,,,16,26,83,83,32,32,95,95,44,44,113,113,62,62
45680,,,,16,26,83,83,32,32,95,95,44,44,113,113,62,62
45777,,,,16,26,83,83,32,32,95,95,44,44,113,113,62,62
45880,,,,16,26,83,83,32,32,95,95,44,44,113,113,62,62
45996,,,,16,26,83,83,32,32,95,95,44,44,113,113,62,62
46072,,,,16,26,83,83,32,32,95,95,44,44,113,113,62,62
46183,,,,16,26,83,83,32,32,95,95,44,44,113,113,62,62
46274,,,,16,26,83,83,32,32,95,95,44,44,113,113,62,62
46378,,,,16,26,83,83,32,32,95,95,44,44,113,113,62,62
46474,,,,16,26,83,83,32,32,95,95,44,44,113,113,62,62
46579,,,,16,26,83,83,32,32,95,95,44,44,113,113,62,62
46674,,,,16,26,83,83,32,32,95,95,44,44,113,113,62,62
46770,,,,16,26,83,83,32,32,95,95,44,44,113,113,62,62
46876,,,,16,26,83,83,32,32,95,95,44,44,113,113,62,62
46973,,,,16,26,83,83,32,32,95,95,44,44,113,113,62,62
47083,,,,16,26,83,83,32,32,95,95,44,44,113,113,62,62
47191,,,,16,26,83,83,32,32,95,95,44,44,113,113,62,62
47290,,,,16,26,83,83,32,32,95,95,44,44,113,113,62,62
47396,,,,16,26,83,83,32,32,95,95,44,44,113,113,62,62
47477,,,,16,26,83,83,32,32,95,95,44,44,113,113,62,62
47565,,,,16,26,83,83,32,32,95,95,44,44,113,113,62,62
47676,,,,16,26,83,83,32,32,95,95,44,44,113,113,62,62
47767,,,,16,26,83,83,32,32,95,95,44,44,113,113,62,62
47864,,,,16,26,83,83,32,32,95,95,44,44,113,113,62,62
47973,,,,16,26,83,83,32,32,95,95,44,44,113,113,62,62
48074,,,,16,26,83,83,32,32,95,95,44,44,113,113,62,62
48185,,,,16,26,83,83,32,32,95,95,44,44,113,113,62,62
48275,,,,16,26,83,83,32,32,95,95,44,44,113,113,62,62
48368,,,,16,26,83,83,32,32,95,95,44,44,113,113,62,62
48468,,,,16,26,83,83,32,32,95,95,44,44,113,113,62,62
48579,,,,16,26,83,83,32,32,95,95,44,44,113,113,62,62
48668,,,,16,26,83,83,32,32,95,95,44,44,113,113,62,62
48769,,,,16,26,83,83,32,32,95,95,44,44,113,113,62,62
48872,,,,16,26,83,83,32,32,95,95,44,44,113,113,62,62
48967,,,,16,26,83,83,32,32,95,95,44,44,113,113,62,62
49065,,,,16,26,83,83,32,32,95,95,44,44,113,113,62,62
49162,,,,16,26,83,83,32,32,95,95,44,44,113,113,62,62
49267,,,,16,26,83,83,32,32,95,95,44,44,113,113,62,62
49369,,,,16,26,83,83,32,32,95,95,44,44,113,113,62,62
49462,,,,16,26,83,83,32,32,95,95,44,44,113,113,62,62
49571,,,,16,26,83,83,32,32,95,95,44,44,113,113,62,62
49661,,,,16,26,83,83,32,32,95,95,44,44,113,113,62,62
49769,,,,16,26,83,83,32,32,95,95,44,44,113,113,62,62
49864,,,,16,26,83,83,32,32,95,95,44,44,113,113,62,62
49967,,,,16,26,83,83,32,32,95,95,44,44,113,113,62,62
50063,,,,16,26,83,83,32,32,95,95,44,44,113,113,62,62
50162,,,,16,26,83,83,32,32,95,95,44,44,113,113,62,62
50272,,,,16,26,83,83,32,32,95,95,44,44,113,113,62,62
50366,,,,16,26,83,83,32,32,95,95,44,44,113,113,62,62
50465,,,,16,26,83,83,32,32,95,95,44,44,113,113,62,62
50560,,,,16,26,83,83,32,32,95,95,44,44,113,113,62,62
50664,,,,16,26,83,83,32,32,95,95,44,44,113,113,62,62
50760,,,,16,26,83,83,32,32,95,95,44,44,113,113,62,62
50860,,,,16,26,83,83,32,32,95,95,44,44,113,113,62,62
50961,,,,16,26,83,83,32,32,95,95,44,44,113,113,62,62
51062,,,,16,26,83,83,32,32,95,95,44,44,113,113,62,62
51160,,,,16,26,83,83,32,32,95,95,44,44,113,113,62,62
51294,,,,16,26,83,83,32,32,95,95,44,44,113,113,62,62
51358,,,,16,26,83,83,32,32,95,95,44,44,113,113,62,62
51458,,,,16,26,83,83,32,32,95,95,44,44,113,113,62,62
51577,,,,16,26,83,83,32,32,95,95,44,44,113,113,62,62
51657,,,,16,26,83,83,32,32,95,95,44,44,113,113,62,62
51758,,,,16,26,83,83,32,32,95,95,44,44,113,113,62,62
51876,,,,16,26,83,83,32,32,95,95,44,44,113,113,62,62
51974,,,,16,26,83,83,32,32,95,95,44,44,113,113,62,62
52073,,,,16,26,83,83,32,32,95,95,44,44,113,113,62,62
52158,,,,16,26,83,83,32,32,95,95,44,44,113,113,62,62
52259,,,,16,26,83,83,32,32,95,95,44,44,113,113,62,62
52362,,,,16,26,83,83,32,32,95,95,44,44,113,113,62,62
52480,,,,16,26,83,83,32,32,95,95,44,44,113,113,62,62
52554,,,,16,26,83,83,32,32,95,95,44,44,113,113,62,62
52657,,,,16,26,83,83,32,32,95,95,44,44,113,113,62,62
52775,,,,16,26,83,83,32,32,95,95,44,44,113,113,62,62
52857,,,,16,26,83,83,32,32,95,95,44,44,113,113,62,62
52960,,,,16,26,83,83,32,32,95,95,44,44,113,113,62,62
53078,,,,16,26,83,83,32,32,95,95,44,44,113,113,62,62
53151,,,,16,26,83,83,32,32,95,95,44,44,113,113,62,62
53259,,,,16,26,83,83,32,32,95,95,44,44,113,113,62,62
53360,,,,16,26,83,83,32,32,95,95,44,44,113,113,62,62
53462,,,,16,26,83,83,32,32,95,95,44,44,113,113,62,62
53553,,,,16,26,83,83,32,32,95,95,44,44,113,113,62,62
53658,,,,16,26,83,83,32,32,95,95,44,44,113,113,62,62
53758,,,,16,26,83,83,32,32,95,95,44,44,113,113,62,62
53861,,,,16,26,83,83,32,32,95,95,44,44,113,113,62,62
53962,,,,16,26,83,83,32,32,95,95,44,44,113,113,62,62
54054,,,,16,26,83,83,32,32,95,95,44,44,113,113,62,62
54152,,,,16,26,83,83,32,32,95,95,44,44,113,113,62,62
54253,,,,16,26,83,83,32,32,95,95,44,44,113,113,62,62
54364,,,,16,26,83,83,32,32,95,95,44,44,113,113,62,62
54452,,,,16,26,83,83,32,32,95,95,44,44,113,113,62,62
54552,,,,16,26,83,83,32,32,95,95,44,44,113,113,62,62
54657,,,,16,26,83,83,32,32,95,95,44,44,113,113,62,62
54750,,,,16,26,83,83,32,32,95,95,44,44,113,113,62,62
54851,,,,16,26,83,83,32,32,95,95,44,44,113,113,62,62
54959,,,,16,26,83,83,32,32,95,95,44,44,113,113,62,62
55049,,,,16,26,83,83,32,32,95,95,44,44,113,113,62,62
55175,,,,16,26,83,83,32,32,95,95,44,44,113,113,62,62
55246,,,,16,26,83,83,32,32,95,95,44,44,113,113,62,62
55351,,,,16,26,83,83,32,32,95,95,44,44,113,113,62,62
55453,,,,16,26,83,83,32,32,95,95,44,44,113,113,62,62
55549,,,,16,26,83,83,32,32,95,95,44,44,113,113,62,62
55651,,,,16,26,83,83,32,32,95,95,44,44,113,113,62,62
55774,,,,16,26,83,83,32,32,95,95,44,44,113,113,62,62
55851,,,,16,26,83,83,32,32,95,95,44,44,113,113,62,62
55959,,,,16,26,83,83,32,32,95,95,44,44,113,113,62,62
56065,,,,16,26,83,83,32,32,95,95,44,44,113,113,62,62
56143,,,,16,26,83,83,32,32,95,95,44,44,113,113,62,62
56269,,,,16,26,83,83,32,32,95,95,44,44,113,113,62,62
56344,,,,16,26,83,83,32,32,95,95,44,44,113,113,62,62
56446,,,,16,26,83,83,32,32,95,95,44,44,113,113,62,62
56543,,,,16,26,83,83,32,32,95,95,44,44,113,113,62,62
56642,,,,16,26,83,83,32,32,95,95,44,44,113,113,62,62
56743,,,,16,26,83,83,32,32,95,95,44,44,113,113,62,62
56846,,,,16,26,83,83,32,32,95,95,44,44,113,113,62,62
56952,,,,16,26,83,83,32,32,95,95,44,44,113,113,62,62
57051,,,,16,26,83,83,32,32,95,95,44,44,113,113,62,62
57176,,,,16,26,83,83,32,32,95,95,44,44,113,113,62,62
57244,,,,16,26,83,83,32,32,95,95,44,44,113,113,62,62
57345,,,,16,26,83,83,32,32,95,95,44,44,113,113,62,62
57444,,,,16,26,83,83,32,32,95,95,44,44,113,113,62,62
57544,,,,16,26,83,83,32,32,95,95,44,44,113,113,62,62
57643,,,,16,26,83,83,32,32,95,95,44,44,113,113,62,62
57742,,,,16,26,83,83,32,32,95,95,44,44,113,113,62,62
57846,,,,16,26,83,83,32,32,95,95,44,44,113,113,62,62
57950,,,,16,26,83,83,32,32,95,95,44,44,113,113,62,62
58043,,,,16,26,83,83,32,32,95,95,44,44,113,113,62,62
58146,,,,16,26,83,83,32,32,95,95,44,44,113,113,62,62
58251,,,,16,26,83,83,32,32,95,95,44,44,113,113,62,62
58352,,,,16,26,83,83,32,32,95,95,44,44,113,113,62,62
58452,,,,16,26,83,83,32,32,95,95,44,44,113,113,62,62
58540,,,,16,26,83,83,32,32,95,95,44,44,113,113,62,62
58641,,,,16,26,83,83,32,32,95,95,44,44,113,113,62,62
58741,,,,16,26,83,83,32,32,95,95,44,44,113,113,62,62
58849,,,,16,26,83,83,32,32,95,95,44,44,113,113,62,62
58941,,,,16,26,83,83,32,32,95,95,44,44,113,113,62,62
59038,,,,16,26,83,83,32,32,95,95,44,44,113,113,62,62
59161,,,,16,26,83,83,32,32,95,95,44,44,113,113,62,62
59248,,,,16,26,83,83,32,32,95,95,44,44,113,113,62,62
59351,,,,16,26,83,83,32,32,95,95,44,44,113,113,62,62
59439,,,,16,26,83,83,32,32,95,95,44,44,113,113,62,62
59535,,,,16,26,83,83,32,32,95,95,44,44,113,113,62,62
59642,,,,16,26,83,83,32,32,95,95,44,44,113,113,62,62
59741,,,,16,26,83,83,32,32,95,95,44,44,113,113,62,62
59858,,,,16,26,83,83,32,32,95,95,44,44,113,113,62,62
59948,,,,16,26,83,83,32,32,95,95,44,44,113,113,62,62
60034,,,,16,26,83,83,32,32,95,95,44,44,113,113,62,62
60137,,,,16,26,83,83,32,32,95,95,44,44,113,113,62,62
60264,,,,16,26,83,83,32,32,95,95,44,44,113,113,62,62
60331,,,,16,26,83,83,32,32,95,95,44,44,113,113,62,62
60435,,,,16,26,83,83,32,32,95,95,44,44,113,113,62,62
60555,,,,16,26,83,83,32,32,95,95,44,44,113,113,62,62
60639,,,,16,26,83,83,32,32,95,95,44,44,113,113,62,62
60732,,,,16,26,83,83,32,32,95,95,44,44,113,113,62,62
60834,,,,16,26,83,83,32,32,95,95,44,44,113,113,62,62
60935,,,,16,26,83,83,32,32,95,95,44,44,113,113,62,62
61032,,,,16,26,83,83,32,32,95,95,44,44,113,113,62,62
61136,,,,16,26,83,83,32,32,95,95,44,44,113,113,62,62
61232,,,,16,26,83,83,32,32,95,95,44,44,113,113,62,62
61333,,,,16,26,83,83,32,32,95,95,44,44,113,113,62,62
61433,,,,16,26,83,83,32,32,95,95,44,44,113,113,62,62
61543,,,,16,26,83,83,32,32,95,95,44,44,113,113,62,62
61645,,,,16,26,83,83,32,32,95,95,44,44,113,113,62,62
61743,,,,16,26,83,83,32,32,95,95,44,44,113,113,62,62
61840,,,,16,26,83,83,32,32,95,95,44,44,113,113,62,62
61932,,,,16,26,83,83,32,32,95,95,44,44,113,113,62,62
62030,,,,16,26,83,83,32,32,95,95,44,44,113,113,62,62
62130,,,,16,26,83,83,32,32,95,95,44,44,113,113,62,62
62230,,,,16,26,83,83,32,32,95,95,44,44,113,113,62,62
62344,,,,16,26,83,83,32,32,95,95,44,44,113,113,62,62
62443,,,,16,26,83,83,32,32,95,95,44,44,113,113,62,62
62529,,,,16,26,83,83,32,32,95,95,44,44,113,113,62,62
62630,,,,16,26,83,83,32,32,95,95,44,44,113,113,62,62
62733,,,,16,26,83,83,32,32,95,95,44,44,113,113,62,62
62830,,,,16,26,83,83,32,32,95,95,44,44,113,113,62,62
62941,,,,16,26,83,83,32,32,95,95,44,44,113,113,62,62
63039,,,,16,26,83,83,32,32,95,95,44,44,113,113,62,62
63144,,,,16,26,83,83,32,32,95,95,44,44,113,113,62,62
63257,,,,16,26,83,83,32,32,95,95,44,44,113,113,62,62
63321,,,,16,26,83,83,32,32,95,95,44,44,113,113,62,62
63429,,,,16,26,83,83,32,32,95,95,44,44,113,113,62,62
63522,,,,16,26,83,83,32,32,95,95,44,44,113,113,62,62
63630,,,,16,26,83,83,32,32,95,95,44,44,113,113,62,62
63735,,,,16,26,83,83,32,32,95,95,44,44,113,113,62,62
63826,,,,16,26,83,83,32,32,95,95,44,44,113,113,62,62
63927,,,,16,26,83,83,32,32,95,95,44,44,113,113,62,62
64025,,,,16,26,83,83,32,32,95,95,44,44,113,113,62,62
64134,,,,16,26,83,83,32,32,95,95,44,44,113,113,62,62
64241,,,,16,26,83,83,32,32,95,95,44,44,113,113,62,62
64326,,,,16,26,83,83,32,32,95,95,44,44,113,113,62,62
64437,,,,16,26,83,83,32,32,95,95,44,44,113,113,62,62
64521,,,,16,26,83,83,32,32,95,95,44,44,113,113,62,62
64622,,,,16,26,83,83,32,32,95,95,44,44,113,113,62,62
64727,,,,16,26,83,83,32,32,95,95,44,44,113,113,62,62
64821,,,,16,26,83,83,32,32,95,95,44,44,113,113,62,62
64930,,,,16,26,83,83,32,32,95,95,44,44,113,113,62,62
65022,,,,16,26,83,83,32,32,95,95,44,44,113,113,62,62
65127,,,,16,26,83,83,32,32,95,95,44,44,113,113,62,62
65222,,,,16,26,83,83,32,32,95,95,44,44,113,113,62,62
65328,,,,16,26,83,83,32,32,95,95,44,44,113,113,62,62
65424,,,,16,26,83,83,32,32,95,95,44,44,113,113,62,62
65524,,,,16,26,83,83,32,32,95,95,44,44,113,113,62,62
65624,,,,16,26,83,83,32,32,95,95,44,44,113,113,62,62
65723,,,,16,26,83,83,32,32,95,95,44,44,113,113,62,62
65828,,,,16,26,83,83,32,32,95,95,44,44,113,113,62,62
65918,,,,16,26,83,83,32,32,95,95,44,44,113,113,62,62
66020,,,,16,26,83,83,32,32,95,95,44,44,113,113,62,62
66116,,,,16,26,83,83,32,32,95,95,44,44,113,113,62,62
66221,,,,16,26,83,83,32,32,95,95,44,44,113,113,62,62
66320,,,,16,26,83,83,32,32,95,95,44,44,113,113,62,62
66422,,,,16,26,83,83,32,32,95,95,44,44,113,113,62,62
66523,,,,16,26,83,83,32,32,95,95,44,44,113,113,62,62
66621,,,,16,26,83,83,32,32,95,95,44,44,113,113,62,62
66718,,,,16,26,83,83,32,32,95,95,44,44,113,113,62,62
66819,,,,16,26,83,83,32,32,95,95,44,44,113,113,62,62
66927,,,,16,26,83,83,32,32,95,95,44,44,113,113,62,62
67023,,,,16,26,83,83,32,32,95,95,44,44,113,113,62,62
67127,,,,16,26,83,83,32,32,95,95,44,44,113,113,62,62
67219,,,,16,26,83,83,32,32,95,95,44,44,113,113,62,62
67322,,,,16,26,83,83,32,32,95,95,44,44,113,113,62,62
67449,,,,16,26,83,83,32,32,95,95,44,44,113,113,62,62
67510,,,,16,26,83,83,32,32,95,95,44,44,113,113,62,62
67625,,,,16,26,83,83,32,32,95,95,44,44,113,113,62,62
67714,,,,16,26,83,83,32,32,95,95,44,44,113,113,62,62
67835,,,,16,26,83,83,32,32,95,95,44,44,113,113,62,62
67909,,,,16,26,83,83,32,32,95,95,44,44,113,113,62,62
68015,,,,16,26,83,83,32,32,95,95,44,44,113,113,62,62
68112,,,,16,26,83,83,32,32,95,95,44,44,113,113,62,62
68226,,,,16,26,83,83,32,32,95,95,44,44,113,113,62,62
68313,,,,16,26,83,83,32,32,95,95,44,44,113,113,62,62
68412,,,,16,26,83,83,32,32,95,95,44,44,113,113,62,62
68512,,,,16,26,83,83,32,32,95,95,44,44,113,113,62,62
68618,,,,16,26,83,83,32,32,95,95,44,44,113,113,62,62
68713,,,,16,26,83,83,32,32,95,95,44,44,113,113,62,62
68811,,,,16,26,83,83,32,32,95,95,44,44,113,113,62,62
68907,,,,16,26,83,83,32,32,95,95,44,44,113,113,62,62
69007,,,,16,26,83,83,32,32,95,95,44,44,113,113,62,62
69126,,,,16,26,83,83,32,32,95,95,44,44,113,113,62,62
69221,,,,16,26,83,83,32,32,95,95,44,44,113,113,62,62
69317,,,,16,26,83,83,32,32,95,95,44,44,113,113,62,62
69408,,,,16,26,83,83,32,32,95,95,44,44,113,113,62,62
69511,,,,16,26,83,83,32,32,95,95,44,44,113,113,62,62
69612,,,,16,26,83,83,32,32,95,95,44,44,113,113,62,62
69708,,,,16,26,83,83,32,32,95,95,44,44,113,113,62,62
69811,,,,16,26,83,83,32,32,95,95,44,44,113,113,62,62
69908,,,,16,26,83,83,32,32,95,95,44,44,113,113,62,62
70012,,,,16,26,83,83,32,32,95,95,44,44,113,113,62,62
70119,,,,16,26,83,83,32,32,95,95,44,44,113,113,62,62
70206,,,,16,26,83,83,32,32,95,95,44,44,113,113,62,62
70315,,,,16,26,83,83,32,32,95,95,44,44,113,113,62,62
70408,,,,16,26,83,83,32,32,95,95,44,44,113,113,62,62
70508,,,,16,26,83,83,32,32,95,95,44,44,113,113,62,62
70611,,,,16,26,83,83,32,32,95,95,44,44,113,113,62,62
70707,,,,16,26,83,83,32,32,95,95,44,44,113,113,62,62
70807,,,,16,26,83,83,32,32,95,95,44,44,113,113,62,62
70903,,,,16,26,83,83,32,32,95,95,44,44,113,113,62,62
71007,,,,16,26,83,83,32,32,95,95,44,44,113,113,62,62
71119,,,,16,26,83,83,32,32,95,95,44,44,113,113,62,62
71203,,,,16,26,83,83,32,32,95,95,44,44,113,113,62,62
71322,,,,16,26,83,83,32,32,95,95,44,44,113,113,62,62
71403,,,,16,26,83,83,32,32,95,95,44,44,113,113,62,62
71503,,,,16,26,83,83,32,32,95,95,44,44,113,113,62,62
71618,,,,16,26,83,83,32,32,95,95,44,44,113,113,62,62
71709,,,,16,26,83,83,32,32,95,95,44,44,113,113,62,62
71848,,,,16,26,83,83,32,32,95,95,44,44,113,113,62,62
71927,,,,16,26,83,83,32,32,95,95,44,44,113,113,62,62
72002,,,,16,26,83,83,32,32,95,95,44,44,113,113,62,62
72096,,,,16,26,83,83,32,32,95,95,44,44,113,113,62,62
72196,,,,16,26,83,83,32,32,95,95,44,44,113,113,62,62
72298,,,,16,26,83,83,32,32,95,95,44,44,113,113,62,62
72419,,,,16,26,83,83,32,32,95,95,44,44,113,113,62,62
72498,,,,16,26,83,83,32,32,95,95,44,44,113,113,62,62
72601,,,,16,26,83,83,32,32,95,95,44,44,113,113,62,62
72709,,,,16,26,83,83,32,32,95,95,44,44,113,113,62,62
72801,,,,16,26,83,83,32,32,95,95,44,44,113,113,62,62
72902,,,,16,26,83,83,32,32,95,95,44,44,113,113,62,62
72997,,,,16,26,83,83,32,32,95,95,44,44,113,113,62,62
73096,,,,16,26,83,83,32,32,95,95,44,44,113,113,62,62
73193,,,,16,26,83,83,32,32,95,95,44,44,113,113,62,62
73295,,,,16,26,83,83,32,32,95,95,44,44,113,113,62,62
73392,,,,16,26,83,83,32,32,95,95,44,44,113,113,62,62
73497,,,,16,26,83,83,32,32,95,95,44,44,113,113,62,62
73613,,,,16,26,83,83,32,32,95,95,44,44,113,113,62,62
73697,,,,16,26,83,83,32,32,95,95,44,44,113,113,62,62
73797,,,,16,26,83,83,32,32,95,95,44,44,113,113,62,62
73896,,,,16,26,83,83,32,32,95,95,44,44,113,113,62,62
74001,,,,16,26,83,83,32,32,95,95,44,44,113,113,62,62
74095,,,,16,26,83,83,32,32,95,95,44,44,113,113,62,62
74196,,,,16,26,83,83,32,32,95,95,44,44,113,113,62,62
74304,,,,16,26,83,83,32,32,95,95,44,44,113,113,62,62
74399,,,,16,26,83,83,32,32,95,95,44,44,113,113,62,62
74493,,,,16,26,83,83,32,32,95,95,44,44,113,113,62,62
74591,,,,16,26,83,83,32,32,95,95,44,44,113,113,62,62
74705,,,,16,26,83,83,32,32,95,95,44,44,113,113,62,62
74791,,,,16,26,83,83,32,32,95,95,44,44,113,113,62,62
74910,,,,16,26,83,83,32,32,95,95,44,44,113,113,62,62
74996,,,,16,26,83,83,32,32,95,95,44,44,113,113,62,62
75091,,,,16,26,83,83,32,32,95,95,44,44,113,113,62,62
75209,,,,16,26,83,83,32,32,95,95,44,44,113,113,62,62
75315,,,,16,26,83,83,32,32,95,95,44,44,113,113,62,62
75391,,,,16,26,83,83,32,32,95,95,44,44,113,113,62,62
75501,,,,16,26,83,83,32,32,95,95,44,44,113,113,62,62
75593,,,,16,26,83,83,32,32,95,95,44,44,113,113,62,62
75705,,,,16,26,83,83,32,32,95,95,44,44,113,113,62,62
75812,,,,16,26,83,83,32,32,95,95,44,44,113,113,62,62
75886,,,,16,26,83,83,32,32,95,95,44,44,113,113,62,62
75990,,,,16,26,83,83,32,32,95,95,44,44,113,113,62,62
76088,,,,16,26,83,83,32,32,95,95,44,44,113,113,62,62
76222,,,,16,26,83,83,32,32,95,95,44,44,113,113,62,62
76285,,,,16,26,83,83,32,32,95,95,44,44,113,113,62,62
76385,,,,16,26,83,83,32,32,95,95,44,44,113,113,62,62
76505,,,,16,26,83,83,32,32,95,95,44,44,113,113,62,62
76587,,,,16,26,83,83,32,32,95,95,44,44,113,113,62,62
76687,,,,16,26,83,83,32,32,95,95,44,44,113,113,62,62
76787,,,,16,26,83,83,32,32,95,95,44,44,113,113,62,62
76887,,,,16,26,83,83,32,32,95,95,44,44,113,113,62,62
76987,,,,16,26,83,83,32,32,95,95,44,44,113,113,62,62
77106,,,,16,26,83,83,32,32,95,95,44,44,113,113,62,62
77187,,,,16,26,83,83,32,32,95,95,44,44,113,113,62,62
77285,,,,16,26,83,83,32,32,95,95,44,44,113,113,62,62
77400,,,,16,26,83,83,32,32,95,95,44,44,113,113,62,62
77486,,,,16,26,83,83,32,32,95,95,44,44,113,113,62,62
77584,,,,16,26,83,83,32,32,95,95,44,44,113,113,62,62
77704,,,,16,26,83,83,32,32,95,95,44,44,113,113,62,62
77783,,,,16,26,83,83,32,32,95,95,44,44,113,113,62,62
77903,,,,16,26,83,83,32,32,95,95,44,44,113,113,62,62
77986,,,,16,26,83,83,32,32,95,95,44,44,113,113,62,62
78082,,,,16,26,83,83,32,32,95,95,44,44,113,113,62,62
78184,,,,16,26,83,83,32,32,95,95,44,44,113,113,62,62
78282,,,,16,26,83,83,32,32,95,95,44,44,113,113,62,62
78393,,,,16,26,83,83,32,32,95,95,44,44,113,113,62,62
78483,,,,16,26,83,83,32,32,95,95,44,44,113,113,62,62
78607,,,,16,26,83,83,32,32,95,95,44,44,113,113,62,62
78679,,,,16,26,83,83,32,32,95,95,44,44,113,113,62,62
78798,,,,16,26,83,83,32,32,95,95,44,44,113,113,62,62
78879,,,,16,26,83,83,32,32,95,95,44,44,113,113,62,62
78978,,,,16,26,83,83,32,32,95,95,44,44,113,113,62,62
79081,,,,16,26,83,83,32,32,95,95,44,44,113,113,62,62
79177,,,,16,26,83,83,32,32,95,95,44,44,113,113,62,62
79282,,,,16,26,83,83,32,32,95,95,44,44,113,113,62,62
79403,,,,16,26,83,83,32,32,95,95,44,44,113,113,62,62
79478,,,,16,26,83,83,32,32,95,95,44,44,113,113,62,62
79576,,,,16,26,83,83,32,32,95,95,44,44,113,113,62,62
79682,,,,16,26,83,83,32,32,95,95,44,44,113,113,62,62
79778,,,,16,26,83,83,32,32,95,95,44,44,113,113,62,62
79880,,,,16,26,83,83,32,32,95,95,44,44,113,113,62,62
79983,,,,16,26,83,83,32,32,95,95,44,44,113,113,62,62
80095,,,,16,26,83,83,32,32,95,95,44,44,113,113,62,62
80178,,,,16,26,83,83,32,32,95,95,44,44,113,113,62,62
80279,,,,16,26,83,83,32,32,95,95,44,44,113,113,62,62
80372,,,,16,26,83,83,32,32,95,95,44,44,113,113,62,62
80473,,,,16,26,83,83,32,32,95,95,44,44,113,113,62,62
80574,,,,16,26,83,83,32,32,95,95,44,44,113,113,62,62
80706,,,,16,26,83,83,32,32,95,95,44,44,113,113,62,62
80822,,,,16,26,83,83,32,32,95,95,44,44,113,113,62,62
80877,,,,16,26,83,83,32,32,95,95,44,44,113,113,62,62
80994,,,,16,26,83,83,32,32,95,95,44,44,113,113,62,62
81072,,,,16,26,83,83,32,32,95,95,44,44,113,113,62,62
81176,,,,16,26,83,83,32,32,95,95,44,44,113,113,62,62
81277,,,,16,26,83,83,32,32,95,95,44,44,113,113,62,62
81376,,,,16,26,83,83,32,32,95,95,44,44,113,113,62,62
81475,,,,16,26,83,83,32,32,95,95,44,44,113,113,62,62
81575,,,,16,26,83,83,32,32,95,95,44,44,113,113,62,62
81674,,,,16,26,83,83,32,32,95,95,44,44,113,113,62,62
81780,,,,16,26,83,83,32,32,95,95,44,44,113,113,62,62
81882,,,,16,26,83,83,32,32,95,95,44,44,113,113,62,62
81996,,,,16,26,83,83,32,32,95,95,44,44,113,113,62,62
82073,,,,16,26,83,83,32,32,95,95,44,44,113,113,62,62
82171,,,,16,26,83,83,32,32,95,95,44,44,113,113,62,62
82279,,,,16,26,83,83,32,32,95,95,44,44,113,113,62,62
82369,,,,16,26,83,83,32,32,95,95,44,44,113,113,62,62
82470,,,,16,26,83,83,32,32,95,95,44,44,113,113,62,62
82573,,,,16,26,83,83,32,32,95,95,44,44,113,113,62,62
82675,,,,16,26,83,83,32,32,95,95,44,44,113,113,62,62
82779,,,,16,26,83,83,32,32,95,95,44,44,113,113,62,62
82870,,,,16,26,83,83,32,32,95,95,44,44,113,113,62,62
82970,,,,16,26,83,83,32,32,95,95,44,44,113,113,62,62
83075,,,,16,26,83,83,32,32,95,95,44,44,113,113,62,62
83166,,,,16,26,83,83,32,32,95,95,44,44,113,113,62,62
83272,,,,16,26,83,83,32,32,95,95,44,44,113,113,62,62
83369,,,,16,26,83,83,32,32,95,95,44,44,113,113,62,62
83466,,,,16,26,83,83,32,32,95,95,44,44,113,113,62,62
83568,,,,16,26,83,83,32,32,95,95,44,44,113,113,62,62
83668,,,,16,26,83,83,32,32,95,95,44,44,113,113,62,62
83770,,,,16,26,83,83,32,32,95,95,44,44,113,113,62,62
83882,,,,16,26,83,83,32,32,95,95,44,44,113,113,62,62
83978,,,,16,26,83,83,32,32,95,95,44,44,113,113,62,62
84062,,,,16,26,83,83,32,32,95,95,44,44,113,113,62,62
84166,,,,16,26,83,83,32,32,95,95,44,44,113,113,62,62
84284,,,,16,26,83,83,32,32,95,95,44,44,113,113,62,62
84359,,,,16,26,83,83,32,32,95,95,44,44,113,113,62,62
84462,,,,16,26,83,83,32,32,95,95,44,44,113,113,62,62
84564,,,,16,26,83,83,32,32,95,95,44,44,113,113,62,62
84684,,,,16,26,83,83,32,32,95,95,44,44,113,113,62,62
84787,,,,16,26,83,83,32,32,95,95,44,44,113,113,62,62
84890,,,,16,26,83,83,32,32,95,95,44,44,113,113,62,62
84964,,,,16,26,83,83,32,32,95,95,44,44,113,113,62,62
85064,,,,16,26,83,83,32,32,95,95,44,44,113,113,62,62
85163,,,,16,26,83,83,32,32,95,95,44,44,113,113,62,62
85266,,,,16,26,83,83,32,32,95,95,44,44,113,113,62,62
85361,,,,16,26,83,83,32,32,95,95,44,44,113,113,62,62
85472,,,,16,26,83,83,32,32,95,95,44,44,113,113,62,62
85605,,,,16,26,83,83,32,32,95,95,44,44,113,113,62,62
85659,,,,16,26,83,83,32,32,95,95,44,44,113,113,62,62
85761,,,,16,26,83,83,32,32,95,95,44,44,113,113,62,62
85866,,,,16,26,83,83,32,32,95,95,44,44,113,113,62,62
85958,,,,16,26,83,83,32,32,95,95,44,44,113,113,62,62
86060,,,,16,26,83,83,32,32,95,95,44,44,113,113,62,62
86160,,,,16,26,83,83,32,32,95,95,44,44,113,113,62,62
86263,,,,16,26,83,83,32,32,95,95,44,44,113,113,62,62
86372,,,,16,26,83,83,32,32,95,95,44,44,113,113,62,62
86469,,,,16,26,83,83,32,32,95,95,44,44,113,113,62,62
86567,,,,16,26,83,83,32,32,95,95,44,44,113,113,62,62
86661,,,,16,26,83,83,32,32,95,95,44,44,113,113,62,62
86768,,,,16,26,83,83,32,32,95,95,44,44,113,113,62,62
86858,,,,16,26,83,83,32,32,95,95,44,44,113,113,62,62
86959,,,,16,26,83,83,32,32,95,95,44,44,113,113,62,62
87056,,,,16,26,83,83,32,32,95,95,44,44,113,113,62,62
87158,,,,16,26,83,83,32,32,95,95,44,44,113,113,62,62
87259,,,,16,26,83,83,32,32,95,95,44,44,113,113,62,62
87354,,,,16,26,83,83,32,32,95,95,44,44,113,113,62,62
87457,,,,16,26,83,83,32,32,95,95,44,44,113,113,62,62
87579,,,,16,26,83,83,32,32,95,95,44,44,113,113,62,62
87656,,,,16,26,83,83,32,32,95,95,44,44,113,113,62,62
87755,,,,16,26,83,83,32,32,95,95,44,44,113,113,62,62
87875,,,,16,26,83,83,32,32,95,95,44,44,113,113,62,62
87959,,,,16,26,83,83,32,32,95,95,44,44,113,113,62,62
88063,,,,16,26,83,83,32,32,95,95,44,44,113,113,62,62
88161,,,,16,26,83,83,32,32,95,95,44,44,113,113,62,62
88283,,,,16,26,83,83,32,32,95,95,44,44,113,113,62,62
88375,,,,16,26,83,83,32,32,95,95,44,44,113,113,62,62
88465,,,,16,26,83,83,32,32,95,95,44,44,113,113,62,62
88555,,,,16,26,83,83,32,32,95,95,44,44,113,113,62,62
88653,,,,16,26,83,83,32,32,95,95,44,44,113,113,62,62
88760,,,,16,26,83,83,32,32,95,95,44,44,113,113,62,62
88860,,,,16,26,83,83,32,32,95,95,44,44,113,113,62,62
88979,,,,16,26,83,83,32,32,95,95,44,44,113,113,62,62
89054,,,,16,26,83,83,32,32,95,95,44,44,113,113,62,62
89153,,,,16,26,83,83,32,32,95,95,44,44,113,113,62,62
89252,,,,16,26,83,83,32,32,95,95,44,44,113,113,62,62
89354,,,,16,26,83,83,32,32,95,95,44,44,113,113,62,62
89451,,,,16,26,83,83,32,32,95,95,44,44,113,113,62,62
89560,,,,16,26,83,83,32,32,95,95,44,44,113,113,62,62
89674,,,,16,26,83,83,32,32,95,95,44,44,113,113,62,62
89756,,,,16,26,83,83,32,32,95,95,44,44,113,113,62,62
89855,,,,16,26,83,83,32,32,95,95,44,44,113,113,62,62
89954,,,,16,26,83,83,32,32,95,95,44,44,113,113,62,62
90075,,,,16,26,83,83,32,32,95,95,44,44,113,113,62,62
90169,,,,16,26,83,83,32,32,95,95,44,44,113,113,62,62
90265,,,,16,26,83,83,32,32,95,95,44,44,113,113,62,62
90352,,,,16,26,83,83,32,32,95,95,44,44,113,113,62,62
90489,,,,16,26,83,83,32,32,95,95,44,44,113,113,62,62
90545,,,,16,26,83,83,32,32,95,95,44,44,113,113,62,62
90656,,,,16,26,83,83,32,32,95,95,44,44,113,113,62,62
90745,,,,16,26,83,83,32,32,95,95,44,44,113,113,62,62
90855,,,,16,26,83,83,32,32,95,95,44,44,113,113,62,62
90944,,,,16,26,83,83,32,32,95,95,44,44,113,113,62,62
91045,,,,16,26,83,83,32,32,95,95,44,44,113,113,62,62
91146,,,,16,26,83,83,32,32,95,95,44,44,113,113,62,62
91246,,,,16,26,83,83,32,32,95,95,44,44,113,113,62,62
91350,,,,16,26,83,83,32,32,95,95,44,44,113,113,62,62
91450,,,,16,26,83,83,32,32,95,95,44,44,113,113,62,62
91556,,,,16,26,83,83,32,32,95,95,44,44,113,113,62,62
91656,,,,16,26,83,83,32,32,95,95,44,44,113,113,62,62
91754,,,,16,26,83,83,32,32,95,95,44,44,113,113,62,62
91851,,,,16,26,83,83,32,32,95,95,44,44,113,113,62,62
91942,,,,16,26,83,83,32,32,95,95,44,44,113,113,62,62
92040,,,,16,26,83,83,32,32,95,95,44,44,113,113,62,62
92142,,,,16,26,83,83,32,32,95,95,44,44,113,113,62,62
92281,,,,16,26,83,83,32,32,95,95,44,44,113,113,62,62
92352,,,,16,26,83,83,32,32,95,95,44,44,113,113,62,62
92440,,,,16,26,83,83,32,32,95,95,44,44,113,113,62,62
92538,,,,16,26,83,83,32,32,95,95,44,44,113,113,62,62
92655,,,,16,26,83,83,32,32,95,95,44,44,113,113,62,62
92739,,,,16,26,83,83,32,32,95,95,44,44,113,113,62,62
92853,,,,16,26,83,83,32,32,95,95,44,44,113,113,62,62
92949,,,,16,26,83,83,32,32,95,95,44,44,113,113,62,62
93054,,,,16,26,83,83,32,32,95,95,44,44,113,113,62,62
93142,,,,16,26,83,83,32,32,95,95,44,44,113,113,62,62
93236,,,,16,26,83,83,32,32,95,95,44,44,113,113,62,62
93354,,,,16,26,83,83,32,32,95,95,44,44,113,113,62,62
93441,,,,16,26,83,83,32,32,95,95,44,44,113,113,62,62
93536,,,,16,26,83,83,32,32,95,95,44,44,113,113,62,62
93646,,,,16,26,83,83,32,32,95,95,44,44,113,113,62,62
93761,,,,16,26,83,83,32,32,95,95,44,44,113,113,62,62
93874,,,,16,26,83,83,32,32,95,95,44,44,113,113,62,62
93949,,,,16,26,83,83,32,32,95,95,44,44,113,113,62,62
94052,,,,16,26,83,83,32,32,95,95,44,44,113,113,62,62
94177,,,,16,26,83,83,32,32,95,95,44,44,113,113,62,62
94253,,,,16,26,83,83,32,32,95,95,44,44,113,113,62,62
94335,,,,16,26,83,83,32,32,95,95,44,44,113,113,62,62
94445,,,,16,26,83,83,32,32,95,95,44,44,113,113,62,62
94560,,,,16,26,83,83,32,32,95,95,44,44,113,113,62,62
94642,,,,16,26,83,83,32,32,95,95,44,44,113,113,62,62
94747,,,,16,26,83,83,32,32,95,95,44,44,113,113,62,62
94847,,,,16,26,83,83,32,32,95,95,44,44,113,113,62,62
94952,,,,16,26,83,83,32,32,95,95,44,44,113,113,62,62
95054,,,,16,26,83,83,32,32,95,95,44,44,113,113,62,62
95155,,,,16,26,83,83,32,32,95,95,44,44,113,113,62,62
95264,,,,16,26,83,83,32,32,95,95,44,44,113,113,62,62
95341,,,,16,26,83,83,32,32,95,95,44,44,113,113,62,62
95434,,,,16,26,83,83,32,32,95,95,44,44,113,113,62,62
95536,,,,16,26,83,83,32,32,95,95,44,44,113,113,62,62
95653,,,,16,26,83,83,32,32,95,95,44,44,113,113,62,62
95733,,,,16,26,83,83,32,32,95,95,44,44,113,113,62,62
95841,,,,16,26,83,83,32,32,95,95,44,44,113,113,62,62
95930,,,,16,26,83,83,32,32,95,95,44,44,113,113,62,62
96029,,,,16,26,83,83,32,32,95,95,44,44,113,113,62,62
96141,,,,16,26,83,83,32,32,95,95,44,44,113,113,62,62
96244,,,,16,26,83,83,32,32,95,95,44,44,113,113,62,62
96340,,,,16,26,83,83,32,32,95,95,44,44,113,113,62,62
96441,,,,16,26,83,83,32,32,95,95,44,44,113,113,62,62
96546,,,,16,26,83,83,32,32,95,95,44,44,113,113,62,62
96634,,,,16,26,83,83,32,32,95,95,44,44,113,113,62,62
96772,,,,16,26,83,83,32,32,95,95,44,44,113,113,62,62
96864,,,,16,26,83,83,32,32,95,95,44,44,113,113,62,62
96958,,,,16,26,83,83,32,32,95,95,44,44,113,113,62,62
97096,,,,16,26,83,83,32,32,95,95,44,44,113,113,62,62
97409,,,,16,26,83,83,32,32,95,95,44,44,113,113,62,62
97442,,,,16,26,83,83,32,32,95,95,44,44,113,113,62,62
97496,,,,16,26,83,83,32,32,95,95,44,44,113,113,62,62
97550,,,,16,26,83,83,32,32,95,95,44,44,113,113,62,62
97600,,,,16,26,83,83,32,32,95,95,44,44,113,113,62,62
97674,,,,16,26,83,83,32,32,95,95,44,44,113,113,62,62
97726,,,,16,26,83,83,32,32,95,95,44,44,113,113,62,62
97842,,,,16,26,83,83,32,32,95,95,44,44,113,113,62,62
97937,,,,16,26,83,83,32,32,95,95,44,44,113,113,62,62
98038,,,,16,26,83,83,32,32,95,95,44,44,113,113,62,62
98138,,,,16,26,83,83,32,32,95,95,44,44,113,113,62,62
98224,,,,16,26,83,83,32,32,95,95,44,44,113,113,62,62
98327,,,,16,26,83,83,32,32,95,95,44,44,113,113,62,62
98432,,,,16,26,83,83,32,32,95,95,44,44,113,113,62,62
98523,,,,16,26,83,83,32,32,95,95,44,44,113,113,62,62
98623,,,,16,26,83,83,32,32,95,95,44,44,113,113,62,62
98741,,,,16,26,83,83,32,32,95,95,44,44,113,113,62,62
98844,,,,16,26,83,83,32,32,95,95,44,44,113,113,62,62
98921,,,,16,26,83,83,32,32,95,95,44,44,113,113,62,62
99043,,,,16,26,83,83,32,32,95,95,44,44,113,113,62,62
99137,,,,16,26,83,83,32,32,95,95,44,44,113,113,62,62
99237,,,,16,26,83,83,32,32,95,95,44,44,113,113,62,62
99323,,,,16,26,83,83,32,32,95,95,44,44,113,113,62,62
99419,,,,16,26,83,83,32,32,95,95,44,44,113,113,62,62
99520,,,,16,26,83,83,32,32,95,95,44,44,113,113,62,62
99622,,,,16,26,83,83,32,32,95,95,44,44,113,113,62,62
99722,,,,16,26,83,83,32,32,95,95,44,44,113,113,62,62
99824,,,,16,26,83,83,32,32,95,95,44,44,113,113,62,62
99924,,,,16,26,83,83,32,32,95,95,44,44,113,113,62,62
100017,,,,16,26,83,83,32,32,95,95,44,44,113,113,62,62
100117,,,,16,26,83,83,32,32,95,95,44,44,113,113,62,62
