[camera]
# width=480
# height=640
# width=720
# height=1280
# width=1536
# height=1024
# width=640
# height=480
# fps=30

[detection]
tag_pixel_width = 100
widen_radius = 15

[arena]
nleds = 113#198
ring_r = 30 # in cm
origo_offset = [360, 360] # in pixels
cm_per_pixel = 0.1
baudrate = 115200#9600###921600#

[setup]
label = "Two different suns"

    [[setup.suns]]
    link_factor = 1.5
    green = 255
    azimuth = 90
    width = 11
    red = 100
    [[setup.suns]]
    blue = 255
    link_factor = -0.8
    green = 128
    azimuth = 180
    width = 3
    red = 41

[experiment]
datetime = 2023-12-11T11:35:28.325Z

ms,x,y,θ,start1,stop1,start2,stop2
507,,,,24,34,56,58
607,,,,24,34,56,58
710,,,,24,34,56,58
809,,,,24,34,56,58
907,,,,24,34,56,58
1011,,,,24,34,56,58
1107,,,,24,34,56,58
1211,,,,24,34,56,58
1311,,,,24,34,56,58
1407,,,,24,34,56,58
1504,,,,24,34,56,58
1607,,,,24,34,56,58
1704,,,,24,34,56,58
1808,,,,24,34,56,58
1910,,,,24,34,56,58
2008,,,,24,34,56,58
2105,,,,24,34,56,58
2212,,,,24,34,56,58
2309,,,,24,34,56,58
2408,,,,24,34,56,58
2505,,,,24,34,56,58
2608,,,,24,34,56,58
2704,,,,24,34,56,58
2807,,,,24,34,56,58
2904,,,,24,34,56,58
3008,,,,24,34,56,58
3103,,,,24,34,56,58
3207,,,,24,34,56,58
3311,,,,24,34,56,58
3410,,,,24,34,56,58
3503,,,,24,34,56,58
3608,,,,24,34,56,58
3703,,,,24,34,56,58
3808,,,,24,34,56,58
3905,,,,24,34,56,58
4007,,,,24,34,56,58
4103,,,,24,34,56,58
4207,,,,24,34,56,58
4305,,,,24,34,56,58
4408,,,,24,34,56,58
4504,,,,24,34,56,58
4607,,,,24,34,56,58
4702,,,,24,34,56,58
4807,,,,24,34,56,58
4904,,,,24,34,56,58
5008,,,,24,34,56,58
5103,,,,24,34,56,58
5207,,,,24,34,56,58
5305,,,,24,34,56,58
5409,,,,24,34,56,58
5504,,,,24,34,56,58
5608,,,,24,34,56,58
5704,,,,24,34,56,58
5809,,,,24,34,56,58
5904,,,,24,34,56,58
6010,,,,24,34,56,58
6104,,,,24,34,56,58
6208,,,,24,34,56,58
6305,,,,24,34,56,58
6408,,,,24,34,56,58
6504,,,,24,34,56,58
6607,,,,24,34,56,58
6704,,,,24,34,56,58
6808,,,,24,34,56,58
6905,,,,24,34,56,58
7010,,,,24,34,56,58
7103,,,,24,34,56,58
7191,,,,24,34,56,58
7282,,,,24,34,56,58
7385,,,,24,34,56,58
7483,,,,24,34,56,58
7587,,,,24,34,56,58
7689,,,,24,34,56,58
7785,,,,24,34,56,58
7885,,,,24,34,56,58
7986,,,,24,34,56,58
8086,,,,24,34,56,58
8192,,,,24,34,56,58
8283,,,,24,34,56,58
8393,,,,24,34,56,58
8483,,,,24,34,56,58
8584,,,,24,34,56,58
8685,,,,24,34,56,58
8786,,,,24,34,56,58
8880,,,,24,34,56,58
8992,,,,24,34,56,58
9081,,,,24,34,56,58
9188,,,,24,34,56,58
9282,,,,24,34,56,58
9388,,,,24,34,56,58
9485,,,,24,34,56,58
9585,,,,24,34,56,58
9686,387.96550519462954,657.9223010944002,0.15415263295307033,28,38,54,56
9766,390.2441387728821,656.5816334926012,0.7340191754760561,44,54,46,48
9862,397.7851289608519,658.233557985533,1.432102235940768,63,73,36,38
9967,405.91553148594835,659.8934764503017,2.2681255368699205,85,95,24,26
10063,410.0038824315922,658.9830416103354,2.840875303893363,101,111,16,18
10167,410.7619284439437,659.7114014968175,-2.993598617704703,113,10,9,11
10262,412.9923330930602,664.136404056937,1.7993808014508206,73,83,31,33
10367,,,,73,83,31,33
10463,,,,73,83,31,33
10568,,,,73,83,31,33
10664,,,,73,83,31,33
10769,,,,73,83,31,33
10865,,,,73,83,31,33
10969,,,,73,83,31,33
11066,,,,73,83,31,33
11171,,,,73,83,31,33
11268,,,,73,83,31,33
11373,,,,73,83,31,33
11470,,,,73,83,31,33
11576,,,,73,83,31,33
11672,,,,73,83,31,33
11775,,,,73,83,31,33
11872,,,,73,83,31,33
11972,,,,73,83,31,33
12074,,,,73,83,31,33
12179,,,,73,83,31,33
12277,,,,73,83,31,33
12383,,,,73,83,31,33
12480,,,,73,83,31,33
12581,,,,73,83,31,33
12678,,,,73,83,31,33
12783,,,,73,83,31,33
12880,,,,73,83,31,33
12985,,,,73,83,31,33
13083,,,,73,83,31,33
13188,,,,73,83,31,33
13285,,,,73,83,31,33
13385,,,,73,83,31,33
13482,,,,73,83,31,33
13588,,,,73,83,31,33
13685,,,,73,83,31,33
13786,,,,73,83,31,33
13881,,,,73,83,31,33
13991,,,,73,83,31,33
14084,,,,73,83,31,33
14185,,,,73,83,31,33
14286,,,,73,83,31,33
14385,,,,73,83,31,33
14486,,,,73,83,31,33
14584,,,,73,83,31,33
14682,,,,73,83,31,33
14789,,,,73,83,31,33
14883,,,,73,83,31,33
14982,,,,73,83,31,33
15084,,,,73,83,31,33
15188,,,,73,83,31,33
15282,,,,73,83,31,33
15383,,,,73,83,31,33
15482,,,,73,83,31,33
15581,,,,73,83,31,33
15688,,,,73,83,31,33
15783,,,,73,83,31,33
15882,,,,73,83,31,33
15984,,,,73,83,31,33
16086,,,,73,83,31,33
16184,,,,73,83,31,33
16282,,,,73,83,31,33
16382,,,,73,83,31,33
16488,,,,73,83,31,33
16582,,,,73,83,31,33
16681,,,,73,83,31,33
16784,,,,73,83,31,33
16885,,,,73,83,31,33
16983,,,,73,83,31,33
17082,,,,73,83,31,33
17186,,,,73,83,31,33
17283,,,,73,83,31,33
17382,,,,73,83,31,33
17485,,,,73,83,31,33
17588,,,,73,83,31,33
17682,,,,73,83,31,33
17784,,,,73,83,31,33
17883,,,,73,83,31,33
17982,,,,73,83,31,33
18088,,,,73,83,31,33
18181,,,,73,83,31,33
18285,,,,73,83,31,33
18385,,,,73,83,31,33
18484,,,,73,83,31,33
18583,,,,73,83,31,33
18687,,,,73,83,31,33
18783,,,,73,83,31,33
18883,,,,73,83,31,33
18982,,,,73,83,31,33
19081,,,,73,83,31,33
19188,,,,73,83,31,33
19282,,,,73,83,31,33
19385,,,,73,83,31,33
19483,,,,73,83,31,33
19585,,,,73,83,31,33
19684,,,,73,83,31,33
19783,,,,73,83,31,33
19885,,,,73,83,31,33
19983,,,,73,83,31,33
20085,,,,73,83,31,33
20184,,,,73,83,31,33
20301,,,,73,83,31,33
20408,,,,73,83,31,33
20505,,,,73,83,31,33
20603,,,,73,83,31,33
20703,,,,73,83,31,33
20805,,,,73,83,31,33
20903,,,,73,83,31,33
21003,,,,73,83,31,33
21101,,,,73,83,31,33
21202,,,,73,83,31,33
21312,,,,73,83,31,33
21407,,,,73,83,31,33
21502,,,,73,83,31,33
21603,,,,73,83,31,33
21703,,,,73,83,31,33
21808,,,,73,83,31,33
21904,,,,73,83,31,33
22005,,,,73,83,31,33
22103,,,,73,83,31,33
22202,,,,73,83,31,33
22303,,,,73,83,31,33
22403,,,,73,83,31,33
22504,,,,73,83,31,33
22601,,,,73,83,31,33
22705,,,,73,83,31,33
22806,,,,73,83,31,33
22905,,,,73,83,31,33
23005,,,,73,83,31,33
23102,,,,73,83,31,33
23204,,,,73,83,31,33
23305,,,,73,83,31,33
23404,,,,73,83,31,33
23503,,,,73,83,31,33
23602,,,,73,83,31,33
23703,,,,73,83,31,33
23807,,,,73,83,31,33
23905,,,,73,83,31,33
24005,,,,73,83,31,33
24103,,,,73,83,31,33
24200,,,,73,83,31,33
24305,,,,73,83,31,33
24405,,,,73,83,31,33
24504,,,,73,83,31,33
24605,,,,73,83,31,33
24704,,,,73,83,31,33
24804,,,,73,83,31,33
24904,,,,73,83,31,33
25005,,,,73,83,31,33
25105,,,,73,83,31,33
25204,,,,73,83,31,33
25304,,,,73,83,31,33
25404,,,,73,83,31,33
25505,,,,73,83,31,33
25603,,,,73,83,31,33
25704,,,,73,83,31,33
25803,,,,73,83,31,33
25904,,,,73,83,31,33
26002,,,,73,83,31,33
26105,,,,73,83,31,33
26203,,,,73,83,31,33
26300,,,,73,83,31,33
26403,,,,73,83,31,33
26503,,,,73,83,31,33
26603,,,,73,83,31,33
26702,,,,73,83,31,33
26804,,,,73,83,31,33
26903,,,,73,83,31,33
27002,,,,73,83,31,33
27102,,,,73,83,31,33
27202,,,,73,83,31,33
27303,,,,73,83,31,33
27403,,,,73,83,31,33
27501,,,,73,83,31,33
27605,,,,73,83,31,33
27705,,,,73,83,31,33
27803,,,,73,83,31,33
27903,,,,73,83,31,33
28003,,,,73,83,31,33
28103,,,,73,83,31,33
28203,,,,73,83,31,33
28304,,,,73,83,31,33
28402,,,,73,83,31,33
28503,,,,73,83,31,33
28603,,,,73,83,31,33
28703,,,,73,83,31,33
28804,,,,73,83,31,33
28903,,,,73,83,31,33
29005,,,,73,83,31,33
29100,,,,73,83,31,33
29202,,,,73,83,31,33
29301,,,,73,83,31,33
29405,,,,73,83,31,33
29505,,,,73,83,31,33
29604,,,,73,83,31,33
29703,,,,73,83,31,33
29804,,,,73,83,31,33
29902,,,,73,83,31,33
30003,,,,73,83,31,33
30101,,,,73,83,31,33
30202,,,,73,83,31,33
30303,,,,73,83,31,33
30401,,,,73,83,31,33
30505,,,,73,83,31,33
30584,,,,73,83,31,33
30685,,,,73,83,31,33
30785,,,,73,83,31,33
30884,,,,73,83,31,33
30984,,,,73,83,31,33
31083,,,,73,83,31,33
31184,,,,73,83,31,33
31285,,,,73,83,31,33
31385,,,,73,83,31,33
31485,,,,73,83,31,33
31586,,,,73,83,31,33
31685,,,,73,83,31,33
31788,,,,73,83,31,33
31884,,,,73,83,31,33
31984,,,,73,83,31,33
32085,,,,73,83,31,33
32184,,,,73,83,31,33
32285,,,,73,83,31,33
32386,,,,73,83,31,33
32485,,,,73,83,31,33
32585,,,,73,83,31,33
32686,,,,73,83,31,33
32787,,,,73,83,31,33
32885,,,,73,83,31,33
32985,,,,73,83,31,33
33086,,,,73,83,31,33
33184,,,,73,83,31,33
33284,,,,73,83,31,33
33385,,,,73,83,31,33
33484,,,,73,83,31,33
33588,,,,73,83,31,33
33685,,,,73,83,31,33
33785,,,,73,83,31,33
33883,,,,73,83,31,33
33984,,,,73,83,31,33
34084,,,,73,83,31,33
34185,,,,73,83,31,33
34285,,,,73,83,31,33
34385,,,,73,83,31,33
34483,,,,73,83,31,33
34585,,,,73,83,31,33
34685,,,,73,83,31,33
34786,,,,73,83,31,33
34885,,,,73,83,31,33
34984,,,,73,83,31,33
35085,,,,73,83,31,33
35184,,,,73,83,31,33
35284,,,,73,83,31,33
35385,,,,73,83,31,33
35485,,,,73,83,31,33
35583,,,,73,83,31,33
35685,,,,73,83,31,33
35786,,,,73,83,31,33
35885,,,,73,83,31,33
35985,,,,73,83,31,33
36084,,,,73,83,31,33
36184,,,,73,83,31,33
36285,,,,73,83,31,33
36384,,,,73,83,31,33
36485,,,,73,83,31,33
36585,,,,73,83,31,33
36685,,,,73,83,31,33
36785,,,,73,83,31,33
36885,,,,73,83,31,33
36986,,,,73,83,31,33
37085,,,,73,83,31,33
37184,,,,73,83,31,33
37284,,,,73,83,31,33
37387,,,,73,83,31,33
37487,,,,73,83,31,33
37585,,,,73,83,31,33
37685,,,,73,83,31,33
37786,,,,73,83,31,33
37885,,,,73,83,31,33
37985,,,,73,83,31,33
38084,,,,73,83,31,33
38185,,,,73,83,31,33
38285,,,,73,83,31,33
38386,,,,73,83,31,33
38485,,,,73,83,31,33
38585,,,,73,83,31,33
38685,,,,73,83,31,33
38790,,,,73,83,31,33
38885,,,,73,83,31,33
38987,,,,73,83,31,33
39084,,,,73,83,31,33
39184,,,,73,83,31,33
39284,,,,73,83,31,33
39385,,,,73,83,31,33
39485,,,,73,83,31,33
39586,,,,73,83,31,33
39684,,,,73,83,31,33
39786,,,,73,83,31,33
39886,,,,73,83,31,33
39986,,,,73,83,31,33
40084,,,,73,83,31,33
40183,,,,73,83,31,33
40284,,,,73,83,31,33
40385,,,,73,83,31,33
40483,,,,73,83,31,33
40611,,,,73,83,31,33
40702,,,,73,83,31,33
40805,,,,73,83,31,33
40904,,,,73,83,31,33
40983,,,,73,83,31,33
41106,,,,73,83,31,33
41184,,,,73,83,31,33
41305,,,,73,83,31,33
41408,,,,73,83,31,33
41501,,,,73,83,31,33
41599,,,,73,83,31,33
41702,,,,73,83,31,33
41804,,,,73,83,31,33
41903,,,,73,83,31,33
42005,,,,73,83,31,33
42104,,,,73,83,31,33
42203,,,,73,83,31,33
42301,,,,73,83,31,33
42405,,,,73,83,31,33
42504,,,,73,83,31,33
42603,,,,73,83,31,33
42701,,,,73,83,31,33
42807,,,,73,83,31,33
42904,,,,73,83,31,33
43005,,,,73,83,31,33
43105,,,,73,83,31,33
43205,,,,73,83,31,33
43302,,,,73,83,31,33
43409,,,,73,83,31,33
43507,,,,73,83,31,33
43605,,,,73,83,31,33
43709,,,,73,83,31,33
43807,,,,73,83,31,33
43906,,,,73,83,31,33
44007,,,,73,83,31,33
44106,,,,73,83,31,33
44205,,,,73,83,31,33
44304,,,,73,83,31,33
44407,,,,73,83,31,33
44506,,,,73,83,31,33
44603,,,,73,83,31,33
44703,,,,73,83,31,33
44784,,,,73,83,31,33
44881,,,,73,83,31,33
45003,,,,73,83,31,33
45104,,,,73,83,31,33
45204,,,,73,83,31,33
45306,,,,73,83,31,33
45405,,,,73,83,31,33
45511,,,,73,83,31,33
45604,,,,73,83,31,33
45707,,,,73,83,31,33
45804,,,,73,83,31,33
45905,,,,73,83,31,33
46006,,,,73,83,31,33
46104,,,,73,83,31,33
46203,,,,73,83,31,33
46306,,,,73,83,31,33
46405,,,,73,83,31,33
46505,,,,73,83,31,33
46605,,,,73,83,31,33
46705,,,,73,83,31,33
46819,,,,73,83,31,33
46909,,,,73,83,31,33
47007,,,,73,83,31,33
47103,,,,73,83,31,33
47204,,,,73,83,31,33
47303,,,,73,83,31,33
47405,,,,73,83,31,33
47504,,,,73,83,31,33
47605,,,,73,83,31,33
47704,,,,73,83,31,33
47807,,,,73,83,31,33
47905,,,,73,83,31,33
48005,,,,73,83,31,33
48104,,,,73,83,31,33
48205,,,,73,83,31,33
48306,,,,73,83,31,33
48406,,,,73,83,31,33
48505,,,,73,83,31,33
48606,,,,73,83,31,33
48704,,,,73,83,31,33
48808,,,,73,83,31,33
48907,,,,73,83,31,33
49006,,,,73,83,31,33
49103,,,,73,83,31,33
49205,,,,73,83,31,33
49306,,,,73,83,31,33
49406,,,,73,83,31,33
49505,,,,73,83,31,33
49604,,,,73,83,31,33
49705,,,,73,83,31,33
49805,,,,73,83,31,33
49906,,,,73,83,31,33
50005,,,,73,83,31,33
50107,,,,73,83,31,33
50206,,,,73,83,31,33
50303,,,,73,83,31,33
50405,,,,73,83,31,33
50507,,,,73,83,31,33
50605,,,,73,83,31,33
50705,,,,73,83,31,33
50807,,,,73,83,31,33
50906,,,,73,83,31,33
51005,,,,73,83,31,33
51104,,,,73,83,31,33
51204,,,,73,83,31,33
51307,,,,73,83,31,33
51404,,,,73,83,31,33
51507,,,,73,83,31,33
51604,,,,73,83,31,33
51707,,,,73,83,31,33
51805,,,,73,83,31,33
51905,,,,73,83,31,33
52005,,,,73,83,31,33
52106,,,,73,83,31,33
52204,,,,73,83,31,33
52306,,,,73,83,31,33
52405,,,,73,83,31,33
52507,,,,73,83,31,33
52603,,,,73,83,31,33
52704,,,,73,83,31,33
52808,,,,73,83,31,33
52904,,,,73,83,31,33
53007,,,,73,83,31,33
53104,,,,73,83,31,33
53202,,,,73,83,31,33
53306,,,,73,83,31,33
53406,,,,73,83,31,33
53506,,,,73,83,31,33
53606,,,,73,83,31,33
53705,,,,73,83,31,33
53806,,,,73,83,31,33
53906,,,,73,83,31,33
54005,,,,73,83,31,33
54105,,,,73,83,31,33
54205,,,,73,83,31,33
54305,,,,73,83,31,33
54404,,,,73,83,31,33
54505,,,,73,83,31,33
54605,,,,73,83,31,33
54706,,,,73,83,31,33
54807,,,,73,83,31,33
54905,,,,73,83,31,33
55006,,,,73,83,31,33
55104,,,,73,83,31,33
55206,,,,73,83,31,33
55305,,,,73,83,31,33
55404,,,,73,83,31,33
55504,,,,73,83,31,33
55603,,,,73,83,31,33
55704,,,,73,83,31,33
55807,,,,73,83,31,33
55904,,,,73,83,31,33
56007,,,,73,83,31,33
56103,,,,73,83,31,33
56208,,,,73,83,31,33
56305,,,,73,83,31,33
56408,,,,73,83,31,33
56506,,,,73,83,31,33
56604,,,,73,83,31,33
56704,,,,73,83,31,33
56807,,,,73,83,31,33
56907,,,,73,83,31,33
57003,,,,73,83,31,33
57103,,,,73,83,31,33
57205,,,,73,83,31,33
57305,,,,73,83,31,33
57406,,,,73,83,31,33
57506,,,,73,83,31,33
57602,,,,73,83,31,33
57703,,,,73,83,31,33
57807,,,,73,83,31,33
57906,,,,73,83,31,33
58002,,,,73,83,31,33
58102,,,,73,83,31,33
58206,,,,73,83,31,33
58307,,,,73,83,31,33
58407,,,,73,83,31,33
58505,,,,73,83,31,33
58604,,,,73,83,31,33
58706,,,,73,83,31,33
58808,,,,73,83,31,33
58906,,,,73,83,31,33
59006,,,,73,83,31,33
59104,,,,73,83,31,33
59205,,,,73,83,31,33
59307,,,,73,83,31,33
59406,,,,73,83,31,33
59507,,,,73,83,31,33
59604,,,,73,83,31,33
59705,,,,73,83,31,33
59805,,,,73,83,31,33
59906,,,,73,83,31,33
60006,,,,73,83,31,33
60106,,,,73,83,31,33
60204,,,,73,83,31,33
60307,,,,73,83,31,33
60408,,,,73,83,31,33
60505,,,,73,83,31,33
60603,,,,73,83,31,33
60704,,,,73,83,31,33
60807,,,,73,83,31,33
60906,,,,73,83,31,33
61006,,,,73,83,31,33
61104,,,,73,83,31,33
61204,,,,73,83,31,33
61306,,,,73,83,31,33
61408,,,,73,83,31,33
61505,,,,73,83,31,33
61605,,,,73,83,31,33
61706,,,,73,83,31,33
61807,,,,73,83,31,33
61905,,,,73,83,31,33
62006,,,,73,83,31,33
62106,,,,73,83,31,33
62189,,,,73,83,31,33
62303,,,,73,83,31,33
62406,,,,73,83,31,33
62507,,,,73,83,31,33
62606,,,,73,83,31,33
62703,,,,73,83,31,33
62807,,,,73,83,31,33
62904,,,,73,83,31,33
63007,,,,73,83,31,33
63102,,,,73,83,31,33
63205,,,,73,83,31,33
63305,,,,73,83,31,33
63404,,,,73,83,31,33
63507,,,,73,83,31,33
63603,,,,73,83,31,33
63705,,,,73,83,31,33
63806,,,,73,83,31,33
63905,,,,73,83,31,33
64006,,,,73,83,31,33
64105,,,,73,83,31,33
64204,,,,73,83,31,33
64305,,,,73,83,31,33
64406,,,,73,83,31,33
64505,,,,73,83,31,33
64605,,,,73,83,31,33
64705,,,,73,83,31,33
64807,,,,73,83,31,33
64904,,,,73,83,31,33
65006,,,,73,83,31,33
65106,,,,73,83,31,33
65205,,,,73,83,31,33
65304,,,,73,83,31,33
65406,,,,73,83,31,33
65506,,,,73,83,31,33
65605,,,,73,83,31,33
65708,,,,73,83,31,33
65807,,,,73,83,31,33
65905,,,,73,83,31,33
66002,,,,73,83,31,33
66106,,,,73,83,31,33
66206,,,,73,83,31,33
66304,,,,73,83,31,33
66406,,,,73,83,31,33
66507,,,,73,83,31,33
66605,,,,73,83,31,33
66703,,,,73,83,31,33
66807,,,,73,83,31,33
66905,,,,73,83,31,33
67004,,,,73,83,31,33
67108,,,,73,83,31,33
67207,,,,73,83,31,33
67307,,,,73,83,31,33
67407,,,,73,83,31,33
67507,,,,73,83,31,33
67607,,,,73,83,31,33
67707,,,,73,83,31,33
67804,,,,73,83,31,33
67904,,,,73,83,31,33
68008,,,,73,83,31,33
68106,,,,73,83,31,33
68206,,,,73,83,31,33
68303,,,,73,83,31,33
68407,,,,73,83,31,33
68506,,,,73,83,31,33
68604,,,,73,83,31,33
68705,,,,73,83,31,33
68808,,,,73,83,31,33
68907,,,,73,83,31,33
69009,,,,73,83,31,33
69107,,,,73,83,31,33
69206,,,,73,83,31,33
69306,,,,73,83,31,33
69405,,,,73,83,31,33
69508,,,,73,83,31,33
69607,,,,73,83,31,33
69706,,,,73,83,31,33
69807,,,,73,83,31,33
69908,,,,73,83,31,33
70005,,,,73,83,31,33
70107,,,,73,83,31,33
70204,,,,73,83,31,33
70307,,,,73,83,31,33
70405,,,,73,83,31,33
70504,,,,73,83,31,33
70606,,,,73,83,31,33
70706,,,,73,83,31,33
70806,,,,73,83,31,33
70905,,,,73,83,31,33
71006,,,,73,83,31,33
71104,,,,73,83,31,33
71208,,,,73,83,31,33
71308,,,,73,83,31,33
71405,,,,73,83,31,33
71508,,,,73,83,31,33
71607,,,,73,83,31,33
71705,,,,73,83,31,33
71807,,,,73,83,31,33
71906,,,,73,83,31,33
72006,,,,73,83,31,33
72105,,,,73,83,31,33
72205,,,,73,83,31,33
72307,,,,73,83,31,33
72405,,,,73,83,31,33
72506,,,,73,83,31,33
72605,,,,73,83,31,33
72705,,,,73,83,31,33
72809,,,,73,83,31,33
72906,,,,73,83,31,33
73007,,,,73,83,31,33
73103,,,,73,83,31,33
73205,,,,73,83,31,33
73305,,,,73,83,31,33
73407,,,,73,83,31,33
73506,,,,73,83,31,33
73607,,,,73,83,31,33
73708,,,,73,83,31,33
73808,,,,73,83,31,33
73905,,,,73,83,31,33
74006,,,,73,83,31,33
74106,,,,73,83,31,33
74203,,,,73,83,31,33
74306,,,,73,83,31,33
74407,,,,73,83,31,33
74506,,,,73,83,31,33
74603,,,,73,83,31,33
74703,,,,73,83,31,33
74808,,,,73,83,31,33
74907,,,,73,83,31,33
75006,,,,73,83,31,33
75105,,,,73,83,31,33
75206,,,,73,83,31,33
75305,,,,73,83,31,33
75406,,,,73,83,31,33
75507,,,,73,83,31,33
75605,,,,73,83,31,33
75706,,,,73,83,31,33
75806,,,,73,83,31,33
75904,,,,73,83,31,33
76009,,,,73,83,31,33
76106,,,,73,83,31,33
76205,,,,73,83,31,33
76306,,,,73,83,31,33
76406,,,,73,83,31,33
76506,,,,73,83,31,33
76605,,,,73,83,31,33
76706,,,,73,83,31,33
76807,,,,73,83,31,33
76905,,,,73,83,31,33
77006,,,,73,83,31,33
77104,,,,73,83,31,33
77204,,,,73,83,31,33
77306,,,,73,83,31,33
77406,,,,73,83,31,33
77506,,,,73,83,31,33
77605,,,,73,83,31,33
77705,,,,73,83,31,33
77808,,,,73,83,31,33
77907,,,,73,83,31,33
78004,,,,73,83,31,33
78104,,,,73,83,31,33
78205,,,,73,83,31,33
78307,,,,73,83,31,33
78404,,,,73,83,31,33
78504,,,,73,83,31,33
78603,,,,73,83,31,33
78705,,,,73,83,31,33
78806,,,,73,83,31,33
78906,,,,73,83,31,33
79004,,,,73,83,31,33
79106,,,,73,83,31,33
79205,,,,73,83,31,33
79307,,,,73,83,31,33
79409,,,,73,83,31,33
79506,,,,73,83,31,33
79603,,,,73,83,31,33
79706,,,,73,83,31,33
79808,,,,73,83,31,33
79907,,,,73,83,31,33
80006,,,,73,83,31,33
80107,,,,73,83,31,33
80208,,,,73,83,31,33
80305,,,,73,83,31,33
80407,,,,73,83,31,33
80508,,,,73,83,31,33
80605,,,,73,83,31,33
80707,,,,73,83,31,33
80807,,,,73,83,31,33
80907,,,,73,83,31,33
81007,,,,73,83,31,33
81104,,,,73,83,31,33
81206,,,,73,83,31,33
81306,,,,73,83,31,33
81406,,,,73,83,31,33
81506,,,,73,83,31,33
81606,,,,73,83,31,33
81706,,,,73,83,31,33
81810,,,,73,83,31,33
81906,,,,73,83,31,33
82007,,,,73,83,31,33
82106,,,,73,83,31,33
82206,,,,73,83,31,33
82308,,,,73,83,31,33
82410,,,,73,83,31,33
82506,,,,73,83,31,33
82606,,,,73,83,31,33
82705,,,,73,83,31,33
82805,,,,73,83,31,33
82906,,,,73,83,31,33
83006,,,,73,83,31,33
83105,,,,73,83,31,33
83206,,,,73,83,31,33
83304,,,,73,83,31,33
83406,,,,73,83,31,33
83504,,,,73,83,31,33
83604,,,,73,83,31,33
83707,,,,73,83,31,33
83806,,,,73,83,31,33
83907,,,,73,83,31,33
84008,,,,73,83,31,33
84104,,,,73,83,31,33
84205,,,,73,83,31,33
84306,,,,73,83,31,33
84410,,,,73,83,31,33
84505,,,,73,83,31,33
84605,,,,73,83,31,33
84707,,,,73,83,31,33
84807,,,,73,83,31,33
84903,,,,73,83,31,33
85004,,,,73,83,31,33
85102,,,,73,83,31,33
85205,,,,73,83,31,33
85306,,,,73,83,31,33
85409,,,,73,83,31,33
85507,,,,73,83,31,33
85605,,,,73,83,31,33
85707,,,,73,83,31,33
85808,,,,73,83,31,33
85907,,,,73,83,31,33
86006,,,,73,83,31,33
86106,,,,73,83,31,33
86206,,,,73,83,31,33
86308,,,,73,83,31,33
86405,,,,73,83,31,33
86508,,,,73,83,31,33
86605,,,,73,83,31,33
86706,,,,73,83,31,33
86809,,,,73,83,31,33
86907,,,,73,83,31,33
87007,,,,73,83,31,33
87107,,,,73,83,31,33
87208,,,,73,83,31,33
87307,,,,73,83,31,33
87407,,,,73,83,31,33
87506,,,,73,83,31,33
87606,,,,73,83,31,33
87705,,,,73,83,31,33
87807,,,,73,83,31,33
87908,,,,73,83,31,33
88007,,,,73,83,31,33
88106,,,,73,83,31,33
88207,,,,73,83,31,33
88306,,,,73,83,31,33
88405,,,,73,83,31,33
88507,,,,73,83,31,33
88608,,,,73,83,31,33
88705,,,,73,83,31,33
88806,,,,73,83,31,33
88905,,,,73,83,31,33
89008,,,,73,83,31,33
89106,,,,73,83,31,33
89207,,,,73,83,31,33
89304,,,,73,83,31,33
89409,,,,73,83,31,33
89508,,,,73,83,31,33
89606,,,,73,83,31,33
89709,,,,73,83,31,33
89811,,,,73,83,31,33
89906,,,,73,83,31,33
90007,,,,73,83,31,33
90104,,,,73,83,31,33
90207,,,,73,83,31,33
90310,,,,73,83,31,33
90406,,,,73,83,31,33
90508,,,,73,83,31,33
90607,,,,73,83,31,33
90708,,,,73,83,31,33
90807,,,,73,83,31,33
90908,,,,73,83,31,33
91007,,,,73,83,31,33
91105,,,,73,83,31,33
91207,,,,73,83,31,33
91306,,,,73,83,31,33
91407,,,,73,83,31,33
91507,,,,73,83,31,33
91605,,,,73,83,31,33
91708,,,,73,83,31,33
91808,,,,73,83,31,33
91910,,,,73,83,31,33
92008,,,,73,83,31,33
92106,,,,73,83,31,33
92208,,,,73,83,31,33
92307,,,,73,83,31,33
92407,,,,73,83,31,33
92507,,,,73,83,31,33
92606,,,,73,83,31,33
92706,,,,73,83,31,33
92807,,,,73,83,31,33
92907,,,,73,83,31,33
93008,,,,73,83,31,33
93105,,,,73,83,31,33
93208,,,,73,83,31,33
93307,,,,73,83,31,33
93406,,,,73,83,31,33
93504,,,,73,83,31,33
93606,,,,73,83,31,33
93707,,,,73,83,31,33
93807,,,,73,83,31,33
93906,,,,73,83,31,33
94006,,,,73,83,31,33
94105,,,,73,83,31,33
94208,,,,73,83,31,33
94308,,,,73,83,31,33
94407,,,,73,83,31,33
94507,,,,73,83,31,33
94606,,,,73,83,31,33
94704,,,,73,83,31,33
94809,,,,73,83,31,33
94914,,,,73,83,31,33
95008,,,,73,83,31,33
95107,,,,73,83,31,33
95210,,,,73,83,31,33
95308,,,,73,83,31,33
95408,,,,73,83,31,33
95506,,,,73,83,31,33
95605,,,,73,83,31,33
95705,,,,73,83,31,33
95808,,,,73,83,31,33
95906,,,,73,83,31,33
96005,,,,73,83,31,33
96107,,,,73,83,31,33
96205,,,,73,83,31,33
96306,,,,73,83,31,33
96405,,,,73,83,31,33
96505,,,,73,83,31,33
96605,,,,73,83,31,33
96707,,,,73,83,31,33
96808,,,,73,83,31,33
96906,,,,73,83,31,33
97006,,,,73,83,31,33
97105,,,,73,83,31,33
97206,,,,73,83,31,33
97302,,,,73,83,31,33
97408,,,,73,83,31,33
97507,,,,73,83,31,33
97606,,,,73,83,31,33
97707,,,,73,83,31,33
97807,,,,73,83,31,33
97905,,,,73,83,31,33
98008,,,,73,83,31,33
98105,,,,73,83,31,33
98205,,,,73,83,31,33
98306,,,,73,83,31,33
98406,,,,73,83,31,33
98505,,,,73,83,31,33
98605,,,,73,83,31,33
98709,,,,73,83,31,33
98809,,,,73,83,31,33
98903,,,,73,83,31,33
99004,,,,73,83,31,33
99104,,,,73,83,31,33
99205,,,,73,83,31,33
99306,,,,73,83,31,33
99407,,,,73,83,31,33
99505,,,,73,83,31,33
99605,,,,73,83,31,33
99708,,,,73,83,31,33
99808,,,,73,83,31,33
99906,,,,73,83,31,33
100007,,,,73,83,31,33
100105,,,,73,83,31,33
100206,,,,73,83,31,33
100306,,,,73,83,31,33
100407,,,,73,83,31,33
100507,,,,73,83,31,33
100606,,,,73,83,31,33
100707,,,,73,83,31,33
100808,,,,73,83,31,33
100906,,,,73,83,31,33
101007,,,,73,83,31,33
101106,,,,73,83,31,33
101205,,,,73,83,31,33
101306,,,,73,83,31,33
101409,,,,73,83,31,33
101507,,,,73,83,31,33
101607,,,,73,83,31,33
101707,,,,73,83,31,33
101812,,,,73,83,31,33
101908,,,,73,83,31,33
102006,,,,73,83,31,33
102104,,,,73,83,31,33
102203,,,,73,83,31,33
102305,,,,73,83,31,33
102405,,,,73,83,31,33
102505,,,,73,83,31,33
102605,,,,73,83,31,33
102705,,,,73,83,31,33
102808,,,,73,83,31,33
102906,,,,73,83,31,33
103006,,,,73,83,31,33
103105,,,,73,83,31,33
103205,,,,73,83,31,33
103307,,,,73,83,31,33
103405,,,,73,83,31,33
103505,,,,73,83,31,33
103608,,,,73,83,31,33
103695,,,,73,83,31,33
103803,,,,73,83,31,33
103906,,,,73,83,31,33
104004,,,,73,83,31,33
104105,,,,73,83,31,33
104205,,,,73,83,31,33
104306,,,,73,83,31,33
104405,,,,73,83,31,33
104505,,,,73,83,31,33
104606,,,,73,83,31,33
104705,,,,73,83,31,33
104806,,,,73,83,31,33
104905,,,,73,83,31,33
105008,,,,73,83,31,33
105105,,,,73,83,31,33
105203,,,,73,83,31,33
105304,,,,73,83,31,33
105405,,,,73,83,31,33
105504,,,,73,83,31,33
105605,,,,73,83,31,33
105706,,,,73,83,31,33
105806,,,,73,83,31,33
105903,,,,73,83,31,33
106004,,,,73,83,31,33
106106,,,,73,83,31,33
106203,,,,73,83,31,33
106305,,,,73,83,31,33
106404,,,,73,83,31,33
106504,,,,73,83,31,33
106605,,,,73,83,31,33
106705,,,,73,83,31,33
106805,,,,73,83,31,33
106906,,,,73,83,31,33
107005,,,,73,83,31,33
107104,,,,73,83,31,33
107204,,,,73,83,31,33
107305,,,,73,83,31,33
107405,,,,73,83,31,33
107508,,,,73,83,31,33
107610,,,,73,83,31,33
107709,,,,73,83,31,33
107808,,,,73,83,31,33
107907,,,,73,83,31,33
108006,,,,73,83,31,33
108106,,,,73,83,31,33
108206,,,,73,83,31,33
108307,,,,73,83,31,33
108407,,,,73,83,31,33
108507,,,,73,83,31,33
108606,,,,73,83,31,33
108705,,,,73,83,31,33
108808,,,,73,83,31,33
108909,,,,73,83,31,33
109007,,,,73,83,31,33
109107,,,,73,83,31,33
109207,,,,73,83,31,33
109307,,,,73,83,31,33
109406,,,,73,83,31,33
109507,,,,73,83,31,33
109606,,,,73,83,31,33
109709,,,,73,83,31,33
109805,,,,73,83,31,33
109884,,,,73,83,31,33
109984,,,,73,83,31,33
110105,,,,73,83,31,33
110206,,,,73,83,31,33
110307,,,,73,83,31,33
110407,,,,73,83,31,33
110526,,,,73,83,31,33
110584,,,,73,83,31,33
110706,,,,73,83,31,33
110808,,,,73,83,31,33
110906,,,,73,83,31,33
111006,,,,73,83,31,33
111106,,,,73,83,31,33
111206,,,,73,83,31,33
111305,,,,73,83,31,33
111407,,,,73,83,31,33
111507,,,,73,83,31,33
111605,,,,73,83,31,33
111707,,,,73,83,31,33
111809,,,,73,83,31,33
111908,,,,73,83,31,33
112008,,,,73,83,31,33
112107,,,,73,83,31,33
112207,,,,73,83,31,33
112306,,,,73,83,31,33
112407,,,,73,83,31,33
112508,,,,73,83,31,33
112604,,,,73,83,31,33
112707,,,,73,83,31,33
112809,,,,73,83,31,33
112909,,,,73,83,31,33
113006,,,,73,83,31,33
113109,,,,73,83,31,33
113207,,,,73,83,31,33
113308,,,,73,83,31,33
113406,,,,73,83,31,33
113507,,,,73,83,31,33
113605,,,,73,83,31,33
113708,,,,73,83,31,33
113810,,,,73,83,31,33
113907,,,,73,83,31,33
114010,,,,73,83,31,33
114104,,,,73,83,31,33
114204,,,,73,83,31,33
114306,,,,73,83,31,33
114406,,,,73,83,31,33
114507,,,,73,83,31,33
114606,,,,73,83,31,33
114707,,,,73,83,31,33
114811,,,,73,83,31,33
114906,,,,73,83,31,33
115006,,,,73,83,31,33
115105,,,,73,83,31,33
115204,,,,73,83,31,33
115306,,,,73,83,31,33
115407,,,,73,83,31,33
115508,,,,73,83,31,33
115604,,,,73,83,31,33
115707,,,,73,83,31,33
115807,,,,73,83,31,33
115906,,,,73,83,31,33
116007,,,,73,83,31,33
116107,,,,73,83,31,33
116205,,,,73,83,31,33
116303,,,,73,83,31,33
116407,,,,73,83,31,33
116506,,,,73,83,31,33
116606,,,,73,83,31,33
116704,,,,73,83,31,33
116808,,,,73,83,31,33
116907,,,,73,83,31,33
117006,,,,73,83,31,33
117105,,,,73,83,31,33
117206,,,,73,83,31,33
117304,,,,73,83,31,33
117405,,,,73,83,31,33
117507,,,,73,83,31,33
117606,,,,73,83,31,33
117708,,,,73,83,31,33
117810,,,,73,83,31,33
117907,,,,73,83,31,33
118008,,,,73,83,31,33
118106,,,,73,83,31,33
118208,,,,73,83,31,33
118308,,,,73,83,31,33
118408,,,,73,83,31,33
118507,,,,73,83,31,33
118605,,,,73,83,31,33
118705,,,,73,83,31,33
118809,,,,73,83,31,33
118906,,,,73,83,31,33
119005,,,,73,83,31,33
119107,,,,73,83,31,33
119205,,,,73,83,31,33
119308,,,,73,83,31,33
119407,,,,73,83,31,33
119508,,,,73,83,31,33
119607,,,,73,83,31,33
119707,,,,73,83,31,33
119805,,,,73,83,31,33
119908,,,,73,83,31,33
120006,,,,73,83,31,33
120109,,,,73,83,31,33
120207,,,,73,83,31,33
120306,,,,73,83,31,33
120405,,,,73,83,31,33
120506,,,,73,83,31,33
120606,,,,73,83,31,33
120708,,,,73,83,31,33
120809,,,,73,83,31,33
120905,,,,73,83,31,33
121006,,,,73,83,31,33
121107,,,,73,83,31,33
121205,,,,73,83,31,33
121307,,,,73,83,31,33
121407,,,,73,83,31,33
121508,,,,73,83,31,33
121606,,,,73,83,31,33
121707,,,,73,83,31,33
121810,,,,73,83,31,33
121906,,,,73,83,31,33
122008,,,,73,83,31,33
122104,,,,73,83,31,33
122205,,,,73,83,31,33
122307,,,,73,83,31,33
122406,,,,73,83,31,33
122509,,,,73,83,31,33
122609,,,,73,83,31,33
122709,,,,73,83,31,33
122811,,,,73,83,31,33
122908,,,,73,83,31,33
123009,,,,73,83,31,33
123105,,,,73,83,31,33
123207,,,,73,83,31,33
123311,,,,73,83,31,33
123410,,,,73,83,31,33
123508,,,,73,83,31,33
123608,,,,73,83,31,33
123709,,,,73,83,31,33
123810,,,,73,83,31,33
123908,,,,73,83,31,33
124006,,,,73,83,31,33
124109,,,,73,83,31,33
124207,,,,73,83,31,33
124308,,,,73,83,31,33
124405,,,,73,83,31,33
124508,,,,73,83,31,33
124609,,,,73,83,31,33
124707,,,,73,83,31,33
124809,,,,73,83,31,33
124906,,,,73,83,31,33
125004,,,,73,83,31,33
125106,,,,73,83,31,33
125207,,,,73,83,31,33
125309,,,,73,83,31,33
125408,,,,73,83,31,33
125508,,,,73,83,31,33
125607,,,,73,83,31,33
125705,,,,73,83,31,33
125808,,,,73,83,31,33
125908,,,,73,83,31,33
126005,,,,73,83,31,33
126105,,,,73,83,31,33
126208,,,,73,83,31,33
126307,,,,73,83,31,33
126410,,,,73,83,31,33
126508,,,,73,83,31,33
126607,,,,73,83,31,33
126708,,,,73,83,31,33
126811,,,,73,83,31,33
126908,,,,73,83,31,33
127008,,,,73,83,31,33
127108,,,,73,83,31,33
127206,,,,73,83,31,33
127306,,,,73,83,31,33
127384,,,,73,83,31,33
127484,,,,73,83,31,33
127600,,,,73,83,31,33
127708,,,,73,83,31,33
127807,,,,73,83,31,33
127906,,,,73,83,31,33
128004,,,,73,83,31,33
128105,,,,73,83,31,33
128207,,,,73,83,31,33
128307,,,,73,83,31,33
128408,,,,73,83,31,33
128507,,,,73,83,31,33
128606,,,,73,83,31,33
128705,,,,73,83,31,33
128807,,,,73,83,31,33
128907,,,,73,83,31,33
129006,,,,73,83,31,33
129107,,,,73,83,31,33
129206,,,,73,83,31,33
129305,,,,73,83,31,33
129407,,,,73,83,31,33
129507,,,,73,83,31,33
129583,,,,73,83,31,33
129708,,,,73,83,31,33
129809,,,,73,83,31,33
129908,,,,73,83,31,33
130008,,,,73,83,31,33
130105,,,,73,83,31,33
130206,,,,73,83,31,33
130306,,,,73,83,31,33
130409,,,,73,83,31,33
130508,,,,73,83,31,33
130608,,,,73,83,31,33
130706,,,,73,83,31,33
130809,,,,73,83,31,33
130907,,,,73,83,31,33
131008,,,,73,83,31,33
131104,,,,73,83,31,33
131206,,,,73,83,31,33
131309,,,,73,83,31,33
131409,,,,73,83,31,33
131509,,,,73,83,31,33
131606,,,,73,83,31,33
131707,,,,73,83,31,33
131807,,,,73,83,31,33
131906,,,,73,83,31,33
132011,,,,73,83,31,33
132107,,,,73,83,31,33
132205,,,,73,83,31,33
132306,,,,73,83,31,33
132408,,,,73,83,31,33
132509,,,,73,83,31,33
132608,,,,73,83,31,33
132706,,,,73,83,31,33
132809,,,,73,83,31,33
132909,,,,73,83,31,33
133006,,,,73,83,31,33
133106,,,,73,83,31,33
133207,,,,73,83,31,33
133308,,,,73,83,31,33
133407,,,,73,83,31,33
133509,,,,73,83,31,33
133608,,,,73,83,31,33
133706,,,,73,83,31,33
133810,,,,73,83,31,33
133908,,,,73,83,31,33
134010,,,,73,83,31,33
134108,,,,73,83,31,33
134209,,,,73,83,31,33
134309,,,,73,83,31,33
134409,,,,73,83,31,33
134510,,,,73,83,31,33
134605,,,,73,83,31,33
134708,,,,73,83,31,33
134808,,,,73,83,31,33
134906,,,,73,83,31,33
135009,,,,73,83,31,33
135108,,,,73,83,31,33
135208,,,,73,83,31,33
135310,,,,73,83,31,33
135409,,,,73,83,31,33
135508,,,,73,83,31,33
135607,,,,73,83,31,33
135707,,,,73,83,31,33
135809,,,,73,83,31,33
135907,,,,73,83,31,33
136008,,,,73,83,31,33
136109,,,,73,83,31,33
136208,,,,73,83,31,33
136307,,,,73,83,31,33
136410,,,,73,83,31,33
136510,,,,73,83,31,33
136608,,,,73,83,31,33
136708,,,,73,83,31,33
136807,,,,73,83,31,33
136907,,,,73,83,31,33
137009,,,,73,83,31,33
137106,,,,73,83,31,33
137208,,,,73,83,31,33
137308,,,,73,83,31,33
137409,,,,73,83,31,33
137510,,,,73,83,31,33
137608,,,,73,83,31,33
137709,,,,73,83,31,33
137810,,,,73,83,31,33
137907,,,,73,83,31,33
138008,,,,73,83,31,33
138107,,,,73,83,31,33
138209,,,,73,83,31,33
138308,,,,73,83,31,33
138410,,,,73,83,31,33
138510,,,,73,83,31,33
138607,,,,73,83,31,33
138708,,,,73,83,31,33
138810,,,,73,83,31,33
138906,,,,73,83,31,33
139009,,,,73,83,31,33
139108,,,,73,83,31,33
139206,,,,73,83,31,33
139304,,,,73,83,31,33
139410,,,,73,83,31,33
139507,,,,73,83,31,33
139608,,,,73,83,31,33
139708,,,,73,83,31,33
139810,,,,73,83,31,33
139908,,,,73,83,31,33
140006,,,,73,83,31,33
140107,,,,73,83,31,33
140208,,,,73,83,31,33
140308,,,,73,83,31,33
140409,,,,73,83,31,33
140508,,,,73,83,31,33
140608,,,,73,83,31,33
140708,,,,73,83,31,33
140807,,,,73,83,31,33
140904,,,,73,83,31,33
141008,,,,73,83,31,33
141104,,,,73,83,31,33
141207,,,,73,83,31,33
141309,,,,73,83,31,33
141410,,,,73,83,31,33
141507,,,,73,83,31,33
141606,,,,73,83,31,33
141708,,,,73,83,31,33
141810,,,,73,83,31,33
141905,,,,73,83,31,33
142009,,,,73,83,31,33
142106,,,,73,83,31,33
142207,,,,73,83,31,33
142310,,,,73,83,31,33
142409,,,,73,83,31,33
142510,,,,73,83,31,33
142607,,,,73,83,31,33
142709,,,,73,83,31,33
142812,,,,73,83,31,33
142906,,,,73,83,31,33
143006,,,,73,83,31,33
143105,,,,73,83,31,33
143206,,,,73,83,31,33
143306,,,,73,83,31,33
143404,,,,73,83,31,33
143503,,,,73,83,31,33
143602,,,,73,83,31,33
143704,,,,73,83,31,33
143808,,,,73,83,31,33
143904,,,,73,83,31,33
144001,,,,73,83,31,33
144101,,,,73,83,31,33
144205,,,,73,83,31,33
144304,,,,73,83,31,33
144404,,,,73,83,31,33
144504,,,,73,83,31,33
144606,,,,73,83,31,33
144704,,,,73,83,31,33
144807,,,,73,83,31,33
144903,,,,73,83,31,33
145004,,,,73,83,31,33
145105,,,,73,83,31,33
145206,,,,73,83,31,33
145303,,,,73,83,31,33
145405,,,,73,83,31,33
145506,,,,73,83,31,33
145606,,,,73,83,31,33
145708,,,,73,83,31,33
145808,,,,73,83,31,33
145904,,,,73,83,31,33
146007,,,,73,83,31,33
146104,,,,73,83,31,33
146204,,,,73,83,31,33
146305,,,,73,83,31,33
146407,,,,73,83,31,33
146505,,,,73,83,31,33
146606,,,,73,83,31,33
146704,,,,73,83,31,33
146807,,,,73,83,31,33
146907,,,,73,83,31,33
147006,,,,73,83,31,33
147107,,,,73,83,31,33
147205,,,,73,83,31,33
147305,,,,73,83,31,33
147407,,,,73,83,31,33
147508,,,,73,83,31,33
147608,,,,73,83,31,33
147704,,,,73,83,31,33
147806,,,,73,83,31,33
147906,,,,73,83,31,33
148008,,,,73,83,31,33
148106,,,,73,83,31,33
148204,,,,73,83,31,33
148305,,,,73,83,31,33
148412,,,,73,83,31,33
148495,,,,73,83,31,33
148606,,,,73,83,31,33
148703,,,,73,83,31,33
148806,,,,73,83,31,33
148904,,,,73,83,31,33
149003,,,,73,83,31,33
149105,,,,73,83,31,33
149203,,,,73,83,31,33
149307,,,,73,83,31,33
149407,,,,73,83,31,33
149506,,,,73,83,31,33
149604,,,,73,83,31,33
149705,,,,73,83,31,33
149807,,,,73,83,31,33
149906,,,,73,83,31,33
150005,,,,73,83,31,33
150104,,,,73,83,31,33
150203,,,,73,83,31,33
150305,,,,73,83,31,33
150405,,,,73,83,31,33
150504,,,,73,83,31,33
150602,,,,73,83,31,33
150705,,,,73,83,31,33
150807,,,,73,83,31,33
150905,,,,73,83,31,33
151004,,,,73,83,31,33
151106,,,,73,83,31,33
151208,,,,73,83,31,33
151305,,,,73,83,31,33
151407,,,,73,83,31,33
151508,,,,73,83,31,33
151606,,,,73,83,31,33
151706,,,,73,83,31,33
151810,,,,73,83,31,33
151906,,,,73,83,31,33
152007,,,,73,83,31,33
152106,,,,73,83,31,33
152204,,,,73,83,31,33
152305,,,,73,83,31,33
152408,,,,73,83,31,33
152505,,,,73,83,31,33
152606,,,,73,83,31,33
152705,,,,73,83,31,33
152805,,,,73,83,31,33
152907,,,,73,83,31,33
153004,,,,73,83,31,33
153104,,,,73,83,31,33
153203,,,,73,83,31,33
153305,,,,73,83,31,33
153407,,,,73,83,31,33
153502,,,,73,83,31,33
153605,,,,73,83,31,33
153706,,,,73,83,31,33
153808,,,,73,83,31,33
153904,,,,73,83,31,33
154004,,,,73,83,31,33
154105,,,,73,83,31,33
154206,,,,73,83,31,33
154304,,,,73,83,31,33
154407,,,,73,83,31,33
154505,,,,73,83,31,33
154607,,,,73,83,31,33
154702,,,,73,83,31,33
154805,,,,73,83,31,33
154904,,,,73,83,31,33
155005,,,,73,83,31,33
155105,,,,73,83,31,33
155205,,,,73,83,31,33
155305,,,,73,83,31,33
155405,,,,73,83,31,33
155506,,,,73,83,31,33
155605,,,,73,83,31,33
155708,,,,73,83,31,33
155805,,,,73,83,31,33
155905,,,,73,83,31,33
156006,,,,73,83,31,33
156104,,,,73,83,31,33
156207,,,,73,83,31,33
156305,,,,73,83,31,33
156406,,,,73,83,31,33
156505,,,,73,83,31,33
156604,,,,73,83,31,33
156707,,,,73,83,31,33
156804,,,,73,83,31,33
156908,,,,73,83,31,33
157007,,,,73,83,31,33
157108,,,,73,83,31,33
157205,,,,73,83,31,33
157305,,,,73,83,31,33
157405,,,,73,83,31,33
157506,,,,73,83,31,33
157605,,,,73,83,31,33
157705,,,,73,83,31,33
157808,,,,73,83,31,33
157906,,,,73,83,31,33
158006,,,,73,83,31,33
158104,,,,73,83,31,33
158205,,,,73,83,31,33
158303,,,,73,83,31,33
158406,,,,73,83,31,33
158506,,,,73,83,31,33
158604,,,,73,83,31,33
158706,,,,73,83,31,33
158807,,,,73,83,31,33
158905,,,,73,83,31,33
159006,,,,73,83,31,33
159105,,,,73,83,31,33
159205,,,,73,83,31,33
159306,,,,73,83,31,33
159407,,,,73,83,31,33
159507,,,,73,83,31,33
159607,,,,73,83,31,33
159706,,,,73,83,31,33
159808,,,,73,83,31,33
159905,,,,73,83,31,33
160004,,,,73,83,31,33
160107,,,,73,83,31,33
160204,,,,73,83,31,33
160305,,,,73,83,31,33
160406,,,,73,83,31,33
160505,,,,73,83,31,33
160606,,,,73,83,31,33
160706,,,,73,83,31,33
160807,,,,73,83,31,33
160907,,,,73,83,31,33
161005,,,,73,83,31,33
161108,,,,73,83,31,33
161204,,,,73,83,31,33
161304,,,,73,83,31,33
161407,,,,73,83,31,33
161508,,,,73,83,31,33
161607,,,,73,83,31,33
161706,,,,73,83,31,33
161808,,,,73,83,31,33
161906,,,,73,83,31,33
162007,,,,73,83,31,33
162107,,,,73,83,31,33
162208,,,,73,83,31,33
162305,,,,73,83,31,33
162408,,,,73,83,31,33
162506,,,,73,83,31,33
162608,,,,73,83,31,33
162704,,,,73,83,31,33
162808,,,,73,83,31,33
162906,,,,73,83,31,33
163004,,,,73,83,31,33
163107,,,,73,83,31,33
163206,,,,73,83,31,33
163308,,,,73,83,31,33
163408,,,,73,83,31,33
163508,,,,73,83,31,33
163605,,,,73,83,31,33
163709,,,,73,83,31,33
163807,,,,73,83,31,33
163908,,,,73,83,31,33
164005,,,,73,83,31,33
164107,,,,73,83,31,33
164205,,,,73,83,31,33
164307,,,,73,83,31,33
164407,,,,73,83,31,33
164506,,,,73,83,31,33
164605,,,,73,83,31,33
164706,,,,73,83,31,33
164807,,,,73,83,31,33
164906,,,,73,83,31,33
165004,,,,73,83,31,33
165105,,,,73,83,31,33
165206,,,,73,83,31,33
165306,,,,73,83,31,33
165407,,,,73,83,31,33
165507,,,,73,83,31,33
165604,,,,73,83,31,33
165705,,,,73,83,31,33
165806,,,,73,83,31,33
165905,,,,73,83,31,33
166006,,,,73,83,31,33
