[camera]
# width=480
# height=640
# width=720
# height=1280
# width=1536
# height=1024
# width=640
# height=480
# fps=30

[detection]
tag_pixel_width = 100
widen_radius = 15

[arena]
nleds = 113#198
ring_r = 30 # in cm
origo_offset = [360, 360] # in pixels
cm_per_pixel = 0.1
baudrate = 115200#9600###921600#

[setup]
label = "Two different suns"

    [[setup.suns]]
    link_factor = 1.5
    green = 255
    azimuth = 90
    width = 11
    red = 100
    [[setup.suns]]
    blue = 255
    link_factor = -0.8
    green = 128
    azimuth = 180
    width = 3
    red = 41

[experiment]
datetime = 2023-12-10T11:48:13.535Z

ms,x,y,θ,start1,stop1,start2,stop2
934,,,,24,34,56,58
934,,,,24,34,56,58
948,,,,24,34,56,58
957,,,,24,34,56,58
1014,,,,24,34,56,58
1116,,,,24,34,56,58
1216,,,,24,34,56,58
1338,,,,24,34,56,58
1440,,,,24,34,56,58
1538,,,,24,34,56,58
1638,,,,24,34,56,58
1804,,,,24,34,56,58
1850,,,,24,34,56,58
1917,,,,24,34,56,58
2036,,,,24,34,56,58
2135,,,,24,34,56,58
2237,,,,24,34,56,58
2336,,,,24,34,56,58
2478,,,,24,34,56,58
2534,,,,24,34,56,58
2614,,,,24,34,56,58
2715,,,,24,34,56,58
2814,,,,24,34,56,58
2939,,,,24,34,56,58
3036,,,,24,34,56,58
3171,,,,24,34,56,58
3239,,,,24,34,56,58
3314,,,,24,34,56,58
3416,,,,24,34,56,58
3538,,,,24,34,56,58
3637,,,,24,34,56,58
3737,,,,24,34,56,58
3838,,,,24,34,56,58
3985,,,,24,34,56,58
4033,,,,24,34,56,58
4134,,,,24,34,56,58
4234,,,,24,34,56,58
4334,,,,24,34,56,58
4435,,,,24,34,56,58
4534,,,,24,34,56,58
4635,,,,24,34,56,58
4735,,,,24,34,56,58
4837,,,,24,34,56,58
5037,,,,24,34,56,58
5060,,,,24,34,56,58
5111,,,,24,34,56,58
5215,,,,24,34,56,58
5314,,,,24,34,56,58
5448,,,,24,34,56,58
5534,,,,24,34,56,58
5634,,,,24,34,56,58
5736,,,,24,34,56,58
5834,,,,24,34,56,58
5935,,,,24,34,56,58
6035,,,,24,34,56,58
6134,,,,24,34,56,58
6258,,,,24,34,56,58
6336,,,,24,34,56,58
6436,,,,24,34,56,58
6535,,,,24,34,56,58
6633,,,,24,34,56,58
6752,,,,24,34,56,58
6834,,,,24,34,56,58
6933,,,,24,34,56,58
7033,,,,24,34,56,58
7134,,,,24,34,56,58
7236,,,,24,34,56,58
7336,,,,24,34,56,58
7436,,,,24,34,56,58
7534,,,,24,34,56,58
7636,,,,24,34,56,58
7770,,,,24,34,56,58
7812,,,,24,34,56,58
7913,,,,24,34,56,58
8056,,,,24,34,56,58
8135,,,,24,34,56,58
8235,,,,24,34,56,58
8336,,,,24,34,56,58
8437,,,,24,34,56,58
8534,,,,24,34,56,58
8655,,,,24,34,56,58
8735,,,,24,34,56,58
8834,,,,24,34,56,58
8935,,,,24,34,56,58
9037,,,,24,34,56,58
9136,,,,24,34,56,58
9253,,,,24,34,56,58
9336,,,,24,34,56,58
9456,,,,24,34,56,58
9536,,,,24,34,56,58
9659,,,,24,34,56,58
9735,,,,24,34,56,58
9834,,,,24,34,56,58
9936,,,,24,34,56,58
10035,,,,24,34,56,58
10135,,,,24,34,56,58
10233,,,,24,34,56,58
10334,,,,24,34,56,58
10435,,,,24,34,56,58
10564,,,,24,34,56,58
10612,,,,24,34,56,58
10732,,,,24,34,56,58
10832,,,,24,34,56,58
10931,,,,24,34,56,58
11029,,,,24,34,56,58
11131,,,,24,34,56,58
11231,,,,24,34,56,58
11331,,,,24,34,56,58
11432,,,,24,34,56,58
11564,,,,24,34,56,58
11609,,,,24,34,56,58
11727,,,,24,34,56,58
11828,,,,24,34,56,58
11926,,,,24,34,56,58
12026,,,,24,34,56,58
12126,,,,24,34,56,58
12228,,,,24,34,56,58
12327,,,,24,34,56,58
12428,,,,24,34,56,58
12550,,,,24,34,56,58
12628,,,,24,34,56,58
12729,,,,24,34,56,58
12829,,,,24,34,56,58
12931,,,,24,34,56,58
13031,,,,24,34,56,58
13131,,,,24,34,56,58
13232,,,,24,34,56,58
13331,,,,24,34,56,58
13431,,,,24,34,56,58
13546,,,,24,34,56,58
13631,,,,24,34,56,58
13836,343.8670785536178,691.8947052301381,0.5279756853744706,49,59,43,45
13836,342.8243768636691,688.1587759972424,0.9312656496041686,49,59,43,45
13894,338.9681343409274,673.5254924602312,1.3031203353985772,59,69,38,40
13997,340.5890493044805,663.8627964517067,1.7227631109637456,71,81,32,34
14097,347.2524473328775,661.5294799802662,1.8871815919598272,75,85,29,31
14197,348.060708985675,666.9103795310483,2.339691232663514,87,97,23,25
14297,344.89057403152674,668.7026792761711,2.4931643962304797,92,102,21,23
14397,343.49308811124865,663.5890929221171,2.5180935898087076,92,102,20,22
14497,346.38395565041304,657.504346451818,2.160410948401849,83,93,25,27
14596,349.800523370256,654.9392788478207,1.6032769085401406,68,78,33,35
14697,,,,68,78,33,35
14797,,,,68,78,33,35
14898,,,,68,78,33,35
14998,,,,68,78,33,35
15099,,,,68,78,33,35
15198,,,,68,78,33,35
15299,,,,68,78,33,35
15401,,,,68,78,33,35
15502,,,,68,78,33,35
15603,,,,68,78,33,35
15704,,,,68,78,33,35
15805,,,,68,78,33,35
15906,,,,68,78,33,35
16007,,,,68,78,33,35
16107,,,,68,78,33,35
16210,,,,68,78,33,35
16311,,,,68,78,33,35
16413,,,,68,78,33,35
16514,,,,68,78,33,35
16616,,,,68,78,33,35
16717,,,,68,78,33,35
16817,,,,68,78,33,35
16930,,,,68,78,33,35
17019,,,,68,78,33,35
17121,,,,68,78,33,35
17222,,,,68,78,33,35
17323,,,,68,78,33,35
17424,,,,68,78,33,35
17525,,,,68,78,33,35
17627,,,,68,78,33,35
17729,,,,68,78,33,35
17828,,,,68,78,33,35
17930,,,,68,78,33,35
18031,,,,68,78,33,35
18131,,,,68,78,33,35
18238,,,,68,78,33,35
18330,,,,68,78,33,35
18434,,,,68,78,33,35
18533,,,,68,78,33,35
18634,,,,68,78,33,35
18735,,,,68,78,33,35
18836,,,,68,78,33,35
18935,,,,68,78,33,35
19054,,,,68,78,33,35
19134,,,,68,78,33,35
19235,,,,68,78,33,35
19336,,,,68,78,33,35
19433,,,,68,78,33,35
19532,,,,68,78,33,35
19634,,,,68,78,33,35
19734,,,,68,78,33,35
19836,,,,68,78,33,35
19935,,,,68,78,33,35
20061,,,,68,78,33,35
20114,,,,68,78,33,35
20236,,,,68,78,33,35
20336,,,,68,78,33,35
20455,,,,68,78,33,35
20534,,,,68,78,33,35
20634,,,,68,78,33,35
20733,,,,68,78,33,35
20833,,,,68,78,33,35
20933,,,,68,78,33,35
21034,,,,68,78,33,35
21133,,,,68,78,33,35
21234,,,,68,78,33,35
21334,,,,68,78,33,35
21437,,,,68,78,33,35
21561,,,,68,78,33,35
21614,,,,68,78,33,35
21736,,,,68,78,33,35
21827,,,,68,78,33,35
21960,,,,68,78,33,35
22036,,,,68,78,33,35
22159,,,,68,78,33,35
22236,,,,68,78,33,35
22336,,,,68,78,33,35
22436,,,,68,78,33,35
22536,,,,68,78,33,35
22635,,,,68,78,33,35
22735,,,,68,78,33,35
22837,,,,68,78,33,35
22937,,,,68,78,33,35
23878,,,,68,78,33,35
23901,,,,68,78,33,35
23924,,,,68,78,33,35
23947,,,,68,78,33,35
23970,,,,68,78,33,35
23993,,,,68,78,33,35
24016,,,,68,78,33,35
24037,,,,68,78,33,35
24059,,,,68,78,33,35
24080,,,,68,78,33,35
24167,,,,68,78,33,35
24190,,,,68,78,33,35
24212,,,,68,78,33,35
24313,,,,68,78,33,35
24434,,,,68,78,33,35
24558,,,,68,78,33,35
24634,,,,68,78,33,35
24733,,,,68,78,33,35
24834,,,,68,78,33,35
24934,,,,68,78,33,35
25035,,,,68,78,33,35
25133,,,,68,78,33,35
25237,,,,68,78,33,35
25336,,,,68,78,33,35
25437,,,,68,78,33,35
25562,,,,68,78,33,35
25613,,,,68,78,33,35
25735,,,,68,78,33,35
25835,,,,68,78,33,35
25958,,,,68,78,33,35
26033,,,,68,78,33,35
26135,,,,68,78,33,35
26235,,,,68,78,33,35
26333,,,,68,78,33,35
26437,,,,68,78,33,35
26536,,,,68,78,33,35
26636,,,,68,78,33,35
26735,,,,68,78,33,35
26836,,,,68,78,33,35
26967,,,,68,78,33,35
27014,,,,68,78,33,35
27113,,,,68,78,33,35
27214,,,,68,78,33,35
27354,,,,68,78,33,35
27435,,,,68,78,33,35
27564,,,,68,78,33,35
27661,,,,68,78,33,35
27733,,,,68,78,33,35
27836,,,,68,78,33,35
27935,,,,68,78,33,35
28035,,,,68,78,33,35
28135,,,,68,78,33,35
28236,,,,68,78,33,35
28337,,,,68,78,33,35
28434,,,,68,78,33,35
28535,,,,68,78,33,35
30686,,,,68,78,33,35
30710,,,,68,78,33,35
30734,,,,68,78,33,35
30758,,,,68,78,33,35
30781,,,,68,78,33,35
30806,,,,68,78,33,35
30830,,,,68,78,33,35
30853,,,,68,78,33,35
30876,,,,68,78,33,35
30901,,,,68,78,33,35
30954,,,,68,78,33,35
30977,,,,68,78,33,35
31000,,,,68,78,33,35
31023,,,,68,78,33,35
31047,,,,68,78,33,35
31071,,,,68,78,33,35
31093,,,,68,78,33,35
31117,,,,68,78,33,35
31142,,,,68,78,33,35
31165,,,,68,78,33,35
31203,,,,68,78,33,35
31227,,,,68,78,33,35
31252,,,,68,78,33,35
31275,,,,68,78,33,35
31300,,,,68,78,33,35
31325,,,,68,78,33,35
31351,,,,68,78,33,35
31376,,,,68,78,33,35
31416,,,,68,78,33,35
31515,,,,68,78,33,35
31685,,,,68,78,33,35
31718,,,,68,78,33,35
31816,,,,68,78,33,35
31940,,,,68,78,33,35
32058,,,,68,78,33,35
32140,,,,68,78,33,35
32239,,,,68,78,33,35
32343,,,,68,78,33,35
32439,,,,68,78,33,35
32556,,,,68,78,33,35
32634,,,,68,78,33,35
32736,,,,68,78,33,35
32856,,,,68,78,33,35
32936,,,,68,78,33,35
33059,,,,68,78,33,35
33135,,,,68,78,33,35
33215,,,,68,78,33,35
33339,,,,68,78,33,35
33436,,,,68,78,33,35
33553,,,,68,78,33,35
33634,,,,68,78,33,35
33734,,,,68,78,33,35
33833,,,,68,78,33,35
33933,,,,68,78,33,35
34034,,,,68,78,33,35
34117,,,,68,78,33,35
34215,,,,68,78,33,35
34315,,,,68,78,33,35
34417,,,,68,78,33,35
35372,,,,68,78,33,35
35395,,,,68,78,33,35
35418,,,,68,78,33,35
35441,,,,68,78,33,35
35464,,,,68,78,33,35
35486,,,,68,78,33,35
35509,,,,68,78,33,35
35530,,,,68,78,33,35
35552,,,,68,78,33,35
35575,,,,68,78,33,35
35654,,,,68,78,33,35
35679,,,,68,78,33,35
35712,,,,68,78,33,35
35813,,,,68,78,33,35
35934,,,,68,78,33,35
36011,,,,68,78,33,35
36119,,,,68,78,33,35
36216,,,,68,78,33,35
36315,,,,68,78,33,35
36418,,,,68,78,33,35
36537,,,,68,78,33,35
36619,,,,68,78,33,35
36736,,,,68,78,33,35
36815,,,,68,78,33,35
36913,,,,68,78,33,35
37016,,,,68,78,33,35
37141,,,,68,78,33,35
37214,,,,68,78,33,35
37311,,,,68,78,33,35
37419,,,,68,78,33,35
37517,,,,68,78,33,35
37621,,,,68,78,33,35
37733,,,,68,78,33,35
37817,,,,68,78,33,35
37934,341.500595345558,642.3473967882933,1.0475455764228765,53,63,41,43
37996,347.4660312839853,640.4768125896389,1.208204713136446,57,67,39,41
38109,354.33958276893696,642.9053295638388,1.5618517368118985,66,76,34,36
38197,356.6403819995341,644.4834061076479,1.71560377400509,71,81,32,34
38300,359.2629028367829,648.4743363902471,1.821658321596303,73,83,30,32
38398,363.4045375590199,655.8420891914459,2.1549341480405526,82,92,25,27
38497,362.48328491119065,659.9329490617903,2.4126499915365387,89,99,22,24
38597,359.7484910440828,657.4348836952887,2.583007649598116,94,104,19,21
38697,357.8227085660129,654.7057606930058,2.7200305100882214,98,108,17,19
38798,358.4706182793835,651.1170390562839,3.021608016603682,106,3,13,15
38897,357.1679406160089,647.6147874834146,-3.027133361312456,112,9,10,12
38997,355.4186458304831,645.1355874273045,-2.85415369955708,4,14,7,9
39101,354.3597266427145,641.2121082758807,-2.644671539400532,9,19,4,6
39197,355.0954762316709,638.6141871740695,-2.4747998592124585,14,24,2,4
39298,355.7819508365284,638.462190629487,-2.475330368962356,14,24,2,4
39397,355.91481187987563,639.5254352748176,-2.8179635753150976,5,15,7,9
39497,356.6112659238306,641.2142763596498,-3.084671931186349,111,8,10,12
39597,357.996762296508,642.3468419301612,3.127044928808387,109,6,12,14
39697,361.26649829966783,644.2340645208914,2.892409899461824,102,112,15,17
39797,362.77621397531504,644.185751563277,2.7057241410194983,97,107,18,20
39897,362.84714086908957,643.4638259834901,2.5911701326940415,94,104,19,21
39997,361.0686538609595,643.5810558044848,2.388152593917748,89,99,22,24
40101,360.1340835853138,643.4857554919178,2.233780063183522,85,95,24,26
40197,359.44715048397114,643.3632712969377,2.1035310364947986,81,91,26,28
40297,359.1854867902891,642.9398190009389,2.0021564585548406,78,88,28,30
40397,358.20768639144603,642.3893376315626,1.8395060495457705,74,84,30,32
40497,358.5417569749417,641.4059401910271,1.6944295867225152,70,80,32,34
40598,358.8970348931201,640.9350192672485,1.435184218274717,63,73,36,38
40697,359.98850480458356,640.5238980529971,1.332704037822905,60,70,37,39
40797,361.049719806612,638.8072553845822,1.2731639414982752,59,69,38,40
40898,360.49200443578303,638.7051167022719,1.1182998635141186,54,64,40,42
40998,360.76691053583534,637.8872439308794,0.9728723416792108,50,60,43,45
41101,360.9887554903353,636.0393994265726,0.8857389644698269,48,58,44,46
41197,361.3109593895315,634.4786054296069,0.8049338677821377,46,56,45,47
41297,360.09342301234716,632.5524857624399,0.6440718039871591,42,52,47,49
41397,357.8245301309687,630.7617173520298,0.47852600322891564,37,47,50,52
41496,356.418870212251,629.5975418648826,0.26435572741841906,31,41,53,55
41597,356.57525016235854,628.464770878422,0.13698240778877246,28,38,55,57
41697,359.524296406854,628.363688169966,0.15823511591141629,29,39,54,56
41795,361.09272977827135,628.5568973748544,0.20115561140356192,30,40,54,56
41896,361.33127285593497,628.0470350563729,0.25018085349947006,31,41,53,55
41995,360.5660549134101,629.110401429324,0.24522238562837775,31,41,53,55
42100,352.95181496901006,624.1774016976375,0.24769467150201255,31,41,53,55
42197,344.6197844621893,619.0861377632822,0.293627872211602,32,42,52,54
42297,344.56111795238553,616.0565299537968,0.3093404823078016,33,43,52,54
42397,342.75468398461265,611.9125833722262,0.3210156539874176,33,43,52,54
42498,342.1584719488583,613.9068783877515,0.3243335741390395,33,43,52,54
42597,343.18050547203495,618.2585123897838,0.31924736433453677,33,43,52,54
42698,339.3159609460889,618.7071256346742,0.32519625290987997,33,43,52,54
42798,334.4116224974895,619.04029641043,0.33528086888950664,33,43,52,54
42898,333.5218330757227,621.44174632278,0.3331664488364797,33,43,52,54
42998,334.9955483560102,623.6902001854054,0.3501040143893776,34,44,51,53
43101,336.8593332320315,623.8625752929844,0.35934210477946027,34,44,51,53
43198,338.37330934185866,622.9850306848383,0.3788452501787596,34,44,51,53
43295,338.5137706180731,621.6615295476513,0.3725095220508603,34,44,51,53
43397,339.5928767352362,621.9656776757531,0.38558806930969936,35,45,51,53
43496,340.34443123583577,623.9531006364377,0.3881767223851776,35,45,51,53
43597,340.67177103825276,622.6116370262016,0.3956895590846056,35,45,51,53
43696,340.2389872070495,621.2587902372729,0.40364966467847924,35,45,51,53
43797,338.6870926438805,620.5540586753152,0.4160930873000568,35,45,51,53
43897,339.1116734185876,619.4432197908544,0.41639532322205464,35,45,51,53
43997,342.9539082722629,622.7212907768203,0.6915765721607403,43,53,47,49
44100,347.0156764332378,627.6803516781752,1.0921680319061235,54,64,41,43
44196,345.93075204998786,629.478810122857,1.2500780567700671,58,68,39,41
44297,342.6776172208424,630.6449714302408,1.3976224555034125,62,72,36,38
44398,343.2194925195355,632.2109413536815,1.6433917219547987,69,79,33,35
44496,345.3129506397456,629.1375089347193,2.0289191768958146,79,89,27,29
44597,349.4215154657186,625.8518009176327,2.234026404795,85,95,24,26
44696,350.2430427815753,626.9619479140124,2.498447807828728,92,102,21,23
44796,348.2721026618111,627.3293646950319,2.5842827368845565,94,104,19,21
44897,345.4502976370565,627.562352118367,2.814783639511966,100,110,16,18
44997,343.34933693215464,626.7945748541064,3.077476913605359,107,4,12,14
45096,341.49382786590013,623.8855219883761,-2.9513490484409712,1,11,9,11
45198,341.63305997980586,621.4790942728416,-2.600122739475686,11,21,4,6
45295,341.0639061955121,620.5120026208343,-2.380033544003126,17,27,113,2
45395,341.31650458646476,619.3820582007015,-2.2405540413332137,20,30,111,113
45495,340.47464880985746,618.476201333479,-2.089891976017814,24,34,109,111
45595,340.22127116096897,617.4776077118007,-1.943306404612379,28,38,107,109
45697,339.62300076375254,615.9937569408537,-1.7950984885243508,32,42,105,107
45795,337.0165894313093,614.2576327364178,-1.5610408702498177,39,49,102,104
45895,333.2910698935084,612.6835549145208,-1.3819169214103884,43,53,99,101
45995,334.0781558347936,611.9782134720365,-1.2746222617873562,46,56,97,99
46095,337.62090332674404,611.0102487620069,-1.1759232965271564,49,59,96,98
46198,,,,49,59,96,98
46295,,,,49,59,96,98
46396,,,,49,59,96,98
46497,,,,49,59,96,98
46599,,,,49,59,96,98
46698,,,,49,59,96,98
46797,,,,49,59,96,98
46900,,,,49,59,96,98
46998,,,,49,59,96,98
47102,,,,49,59,96,98
47201,,,,49,59,96,98
47301,,,,49,59,96,98
47404,,,,49,59,96,98
47500,,,,49,59,96,98
47606,,,,49,59,96,98
47711,,,,49,59,96,98
47812,,,,49,59,96,98
47913,,,,49,59,96,98
48017,,,,49,59,96,98
48117,,,,49,59,96,98
48221,,,,49,59,96,98
48321,,,,49,59,96,98
48419,,,,49,59,96,98
48520,,,,49,59,96,98
48621,,,,49,59,96,98
48721,,,,49,59,96,98
48821,,,,49,59,96,98
48923,,,,49,59,96,98
49023,,,,49,59,96,98
49130,,,,49,59,96,98
49228,,,,49,59,96,98
49328,,,,49,59,96,98
49429,,,,49,59,96,98
49531,,,,49,59,96,98
49634,,,,49,59,96,98
49733,,,,49,59,96,98
49834,,,,49,59,96,98
49937,408.1185477493082,718.00148711464,-1.574443473671555,38,48,102,104
49997,402.91356323786533,722.5296162554391,-1.3989860320405756,43,53,99,101
50097,403.32292630326367,725.6896445687173,-1.2674575235971166,47,57,97,99
50201,401.368788578081,724.7764259687463,-1.18886856513827,49,59,96,98
50297,394.117328802273,716.3902553658808,-1.1312626432806008,50,60,95,97
50397,391.863608835166,712.4862916987681,-1.0630811273026426,52,62,94,96
50497,395.89508406745495,713.3982695957981,-0.8629123050457093,57,67,92,94
50597,398.90548168401415,714.8109520085961,-0.5439808593500899,66,76,87,89
50698,402.5504455901203,719.2687807410186,-0.3993544130511853,70,80,85,87
50797,407.2807666397683,720.596321630696,-0.14300845157291747,77,87,81,83
50897,402.76296455698196,721.9580119765401,-0.028878872785209883,80,90,80,82
50997,399.8204617678451,726.7992461140859,0.06687303441540517,83,93,78,80
51098,398.50610086024363,729.7075314948455,0.1689604826764794,85,95,77,79
51202,391.78400006542137,729.0531682952188,0.351219268597157,90,100,74,76
51298,390.7422897816256,730.9441990273448,0.5105019462762532,95,105,72,74
51398,388.6856685729857,731.5269501886028,0.6522919378919376,98,108,70,72
51497,382.93230886305355,726.3330376566249,0.7800223357449617,102,112,68,70
51598,380.1506887812228,722.5296078572368,0.8789112274457558,104,1,66,68
51698,378.64537543621793,720.9038325411784,1.0754704180501693,110,7,64,66
51798,379.597289353002,722.7338615545132,1.4758793210823653,8,18,58,60
51898,378.28560281428884,725.1450314820552,1.6514959130709834,12,22,55,57
51997,375.7546668999918,727.3658270570171,1.7046918622934606,14,24,55,57
52098,376.8401677206771,725.1791754407964,1.6607920025045704,13,23,55,57
52201,378.99661122361874,723.553881093642,1.665358241293813,13,23,55,57
52297,380.7707061360244,725.2639029397997,1.6429855119118595,12,22,55,57
52398,380.5038762314612,721.2699145531275,1.4292328479807486,6,16,59,61
52497,385.5117652722081,716.9558005827915,1.2957804236003092,3,13,60,62
52598,391.5472024154699,715.4178857223964,1.241361283942017,1,11,61,63
52698,391.7844247541344,715.40563919979,1.1778305683460784,113,10,62,64
52798,387.46903154974666,718.1512451593256,1.1500535587896163,112,9,63,65
52898,384.5437693455097,721.5068165216599,1.0679446899988143,110,7,64,66
52997,387.6149163719731,726.2142828153089,1.0046650694724863,108,5,65,67
53098,388.909708779621,726.1622527987304,0.9828931226736985,107,4,65,67
53207,390.39518949265664,722.5568406808867,0.9972715662254518,108,5,65,67
53298,390.35600657958463,718.9028597978723,1.001807202077895,108,5,65,67
53398,389.08866270948414,715.7442317051425,1.0095064988873244,108,5,65,67
53498,389.3720045822515,718.14111025545,1.0018870406489988,108,5,65,67
53597,387.5983106538712,721.007123355053,1.007890226324611,108,5,65,67
53698,384.1485915089461,721.0761199671806,1.015915081539019,108,5,64,66
53797,381.76588886564036,719.6087081639643,1.0218899861726172,108,5,64,66
53898,379.6374451149534,718.9252470168002,1.0354188496521635,109,6,64,66
53998,381.50029302679417,720.5256316310762,1.0477407285754268,109,6,64,66
54098,384.36292534438246,721.8991665595826,1.0493329741201598,109,6,64,66
54201,381.28891631632564,719.1825795195331,1.0424030177252301,109,6,64,66
54297,383.0784962831491,716.3693540481081,1.054327732839855,109,6,64,66
54398,388.37112133683524,713.101680824353,1.0631527732519999,109,6,64,66
54497,391.0306356034162,711.9081138845036,1.0628836371280268,109,6,64,66
54598,390.97401033164505,712.6240261973835,1.0855502026230455,110,7,63,65
54698,388.41243216516585,712.6921264991556,1.0741800847499392,110,7,64,66
54797,388.0896829546829,712.9971573868295,1.0747390368740322,110,7,64,66
54898,386.29434626101323,711.6401378563024,1.0047519925018622,108,5,65,67
54998,385.57847679928796,710.2756644132,0.889963736586339,105,2,66,68
55106,388.09826915970945,709.4698772630364,0.7450704467097653,101,111,68,70
55198,386.9129139405411,707.6039765766523,0.6137684407023123,97,107,70,72
55298,385.5461150024559,706.9032984132825,0.507735375346109,94,104,72,74
55398,383.8795564846681,706.1403428444848,0.3288992523875413,90,100,74,76
55498,385.16154825042315,705.2304387720832,0.28108764255364427,88,98,75,77
55598,385.4797601058485,707.0127871032632,0.3020373555730307,89,99,75,77
55698,383.65865744391016,708.2065009633868,0.3608437420439387,90,100,74,76
55798,381.69514060868653,710.5914718442734,0.6754504522628246,99,109,69,71
55898,377.78298361054834,710.9220696244622,0.7517641257290202,101,111,68,70
55998,379.84746780387496,709.8198350067164,0.8807307769012624,105,2,66,68
56101,381.87127688633313,708.5778088189606,0.9429130568235052,106,3,66,68
56198,383.19238534151697,707.8918291034771,1.0081410937619,108,5,65,67
56298,384.81000993546365,706.7355099256838,1.089593413782245,110,7,63,65
56398,382.92261982706896,705.9642237039118,1.1364636210452694,111,8,63,65
56498,381.88771469110634,706.0778026036708,1.194523295417386,113,10,62,64
56598,382.6032392351837,705.9090208194056,1.184412595537986,113,10,62,64
56698,380.5449429618012,704.8380403827169,1.2006172027184205,113,10,62,64
56798,380.1527496413914,703.6881581685432,1.2053762400375434,113,10,62,64
56898,382.06005757288455,704.740270662469,1.228694506858691,1,11,61,63
56998,384.7937566444868,704.76998587359,1.2729339053478599,2,12,61,63
57103,387.7598602078913,703.3987876669202,1.1999866479807877,113,10,62,64
57198,387.97241350588683,698.3583145289407,1.000532176104635,108,5,65,67
57298,388.9194012222297,700.7825182462223,0.8545151234572084,104,1,67,69
57398,386.32978362947796,701.7713803010815,0.8312833810873492,103,113,67,69
57498,385.1507177133219,702.1883420843544,0.7885613644244442,102,112,68,70
57598,386.83373355588594,700.4356134865735,0.7624296428000245,101,111,68,70
57698,388.66382465650014,697.2168864285755,0.6489698353409072,98,108,70,72
57798,389.5345815189285,696.4055802551293,0.5916305170452643,97,107,71,73
57897,390.52551688806875,698.9165553754865,0.5610528873436693,96,106,71,73
57998,387.4965686602196,700.071159936698,0.5423948538887895,95,105,71,73
58101,385.93013057501076,699.7698914544136,0.48993304051862874,94,104,72,74
58198,386.11426264953207,698.7766409267003,0.4546213073755119,93,103,73,75
58298,385.8697939284219,696.1993582297293,0.468589767634572,93,103,72,74
58397,383.3545077847897,695.9565595404478,0.4960257717043146,94,104,72,74
58498,378.40415811112183,693.1953245758255,0.4862664547920203,94,104,72,74
58598,375.9799928642716,690.2011491038595,0.38692177603595057,91,101,74,76
58698,376.2285839427588,696.1824161653602,0.30856237014836324,89,99,75,77
58798,381.17931267725726,697.0990762688194,0.2883875810204563,89,99,75,77
58898,383.80034379148987,698.0706661200938,0.25078807835800027,88,98,75,77
58998,383.6489082774327,700.1980543555019,0.21826928957471273,87,97,76,78
59101,385.0569400669814,702.6906711683382,0.16941187408954272,85,95,77,79
59198,387.2492486175826,704.8819167538345,0.13215986096683938,84,94,77,79
59298,388.25363910522697,704.6660857238203,0.06176290281307518,82,92,78,80
59398,388.6487089765525,702.4178410809294,-0.01420124136103934,80,90,79,81
59497,389.0217499469512,702.1669719772009,-0.0775305592697445,79,89,80,82
59597,389.21944511361534,701.0147087157735,-0.13959427661170992,77,87,81,83
59698,389.7713148049311,702.5759394525347,-0.23100093623096074,75,85,82,84
59797,389.8710896070087,705.9070441806871,-0.30697297756516634,72,82,84,86
59898,385.00382464729034,707.3627839696411,-0.3930158738867116,70,80,85,87
59998,380.6346893349175,710.4147043808766,-0.4247520864737201,69,79,85,87
60101,379.26311538342384,712.7044488033921,-0.4923635586981299,67,77,86,88
60198,379.91517687151975,713.9233455984411,-0.5974855057048729,65,75,88,90
60298,381.4003332047715,712.8556161718718,-0.6578160818234792,63,73,89,91
60397,380.7638025949458,712.6671372769102,-0.7257461001206347,61,71,90,92
60498,381.7897787546705,713.6237743158331,-0.7804177608032189,60,70,90,92
60598,378.7383677702508,711.9409602668686,-0.8426194928949405,58,68,91,93
60698,378.3771147840625,711.8530779312198,-0.8829224486353475,57,67,92,94
60797,378.3226607241266,712.1595136248287,-0.8605609795519296,58,68,91,93
60898,379.48122219389467,711.1262791554041,-0.842954764360756,58,68,91,93
60997,384.1596332050459,711.0100909422023,-0.7447945232900289,61,71,90,92
61101,384.29662366458604,711.0765692186632,-0.5757892462440214,65,75,87,89
61198,381.80163387181335,710.0843328760542,-0.43513454864378176,69,79,85,87
61298,379.86612863311603,712.370851526429,-0.25816869142962,74,84,83,85
61398,377.32115490684345,715.4040975120939,0.014454071483812014,81,91,79,81
61498,377.9489547031304,717.270926123351,0.08944585087594184,83,93,78,80
61598,376.87811458051385,717.3669477548324,0.15367609681378552,85,95,77,79
61698,375.2328442978293,715.8223218310071,0.22666304580703678,87,97,76,78
61798,374.8232750735389,717.3294505979875,0.357713085099253,90,100,74,76
61898,373.4140593018044,718.8866226199489,0.4561982264665087,93,103,73,75
61998,371.86122037912406,720.1553010344071,0.5757024800439757,96,106,71,73
62101,370.1603579082797,719.4717664683043,0.5767683921395433,96,106,71,73
62198,374.9066520806907,719.1269932009988,0.6497479881610562,98,108,70,72
62297,376.0141975674222,718.8711377997608,0.6511747640837612,98,108,70,72
62398,378.6272966153178,720.0047163233777,0.6126917284269577,97,107,70,72
62498,377.7260111034794,720.9075490465143,0.6150847130464039,97,107,70,72
62598,374.6650360048909,721.360940160069,0.6771249841748067,99,109,69,71
62698,371.7440333562161,723.5083131877401,0.7958903404261467,102,112,68,70
62798,371.2235639116717,727.788984541914,0.9429575090592431,106,3,66,68
62898,368.5515793066385,728.0887915465728,1.0207138714545945,108,5,64,66
62998,365.0210145841785,729.3187497829347,1.0404610769923852,109,6,64,66
63101,362.59117083397393,730.7343105261673,1.086901195072911,110,7,63,65
63198,361.3436906979334,732.1784532862476,1.167420089004528,112,9,62,64
63298,358.9952951359309,733.2449341663671,1.1638711551342014,112,9,62,64
63398,358.1019872297971,733.5869368185124,1.1636646881629908,112,9,62,64
63498,359.90682488825416,735.1091776473636,1.1756212559155872,112,9,62,64
63598,360.7673447649421,734.8555205820286,1.1934120870119362,113,10,62,64
63698,360.10292671726575,735.3565166867954,1.221155328732316,1,11,62,64
63798,358.5665520663548,733.9426641898725,1.2228221530789818,1,11,62,64
63898,358.9282512645184,731.7622954248844,1.138175625389545,111,8,63,65
64003,361.9465945017887,731.2099184286811,1.0463977413976537,109,6,64,66
64098,363.0887408892634,728.631618551894,0.9151772234225697,105,2,66,68
64198,366.5925325556435,727.2229921357148,0.759622864412916,101,111,68,70
64298,369.69695500523926,725.3689242898909,0.6984304311265224,100,110,69,71
64398,369.84102001709795,723.9081355076864,0.5531742187546389,96,106,71,73
64498,369.1643916285402,722.9040090723502,0.4040492070971851,92,102,73,75
64598,369.3322015488037,723.0262748632692,0.33046501391549077,90,100,74,76
64698,370.77054994485957,722.0714715679874,0.2969409832835807,89,99,75,77
64798,371.7715633764352,722.1185563287756,0.2890956956634156,89,99,75,77
64899,370.8367782106094,723.7185824389796,0.2974547928411205,89,99,75,77
65001,357.97470970016883,722.5279389153159,0.2530881667093385,88,98,75,77
65098,349.39783242869873,717.6949737339173,0.15454281516229895,85,95,77,79
65198,351.62326431787756,711.0561236020537,0.11526708570128466,84,94,77,79
65298,358.429853871748,704.8433046180402,0.1294030126786866,84,94,77,79
65398,360.6893883507437,697.0296774196544,0.13144986527746857,84,94,77,79
65498,362.6095537921931,685.7673497646151,0.1413593726408395,85,95,77,79
65598,366.10768912351676,677.3893469641727,0.1441181002962717,85,95,77,79
65698,367.1027394232285,674.2850427627103,0.14847132964663942,85,95,77,79
65798,368.37994576110486,674.7531630328124,0.15326405067677834,85,95,77,79
65898,366.17451697297037,675.2641602696383,0.14094272951470357,85,95,77,79
65998,358.4445410185287,681.5681992628942,0.13605919281213172,84,94,77,79
66106,358.51421591169355,679.5806118766114,0.13265361970366193,84,94,77,79
66198,362.2620638788567,678.7510518796855,0.12268868930402917,84,94,77,79
66299,374.61133462140447,671.8460676342578,0.12320056971453834,84,94,77,79
66398,388.51044128811566,667.8221786954587,0.1448208806217518,85,95,77,79
66498,401.2421606043746,677.9050066098574,0.14784228461693436,85,95,77,79
66598,417.4425502222093,685.0125083194869,0.1543028635600481,85,95,77,79
66698,428.47456447730445,683.7994112216203,0.14890486949198622,85,95,77,79
66798,432.64578289885685,679.7932156394252,0.12904933211135236,84,94,77,79
66897,433.1313450775144,679.0197128916653,0.022708597643171322,81,91,79,81
66998,431.2240959505566,673.8095899020606,-0.08485773390784529,78,88,80,82
67106,429.8082111522596,663.9614127625078,-0.22598177655832896,75,85,82,84
67198,423.78537621691913,660.5843789832105,-0.36238849728858574,71,81,84,86
67298,422.0574523665831,667.9453551208998,-0.43964739555516763,69,79,85,87
67398,420.8818533246982,671.0616152873412,-0.5426418393940335,66,76,87,89
67498,422.56790372042855,664.9887529746367,-0.6127351689884772,64,74,88,90
67598,419.0911130461707,650.5936041944174,-0.7459171691800743,61,71,90,92
67723,411.52933379870046,643.1536746366944,-0.9430046371483938,55,65,93,95
67797,406.62293049773245,646.0677794367742,-1.1269151238700776,50,60,95,97
67898,403.8621731647213,649.539681727075,-1.3043694256520557,46,56,98,100
67998,402.968523035158,650.953780663833,-1.4165946699681837,43,53,99,101
68098,404.84695900950646,648.9120163850748,-1.462762936736953,41,51,100,102
68198,409.14547870747697,652.4673959898414,-1.5444669326677432,39,49,101,103
68298,415.3807970431161,665.0700952892405,-1.6006709583349095,38,48,102,104
68398,417.3873852452854,679.5041118335008,-1.7274512420942552,34,44,104,106
68498,417.079611830826,690.7132294862134,-1.8230674131630606,32,42,105,107
68598,418.59385701500645,694.1287620131573,-1.80773249579468,32,42,105,107
68698,421.7351993800155,691.2968871939293,-1.7738264119430602,33,43,105,107
68798,420.2759683942299,684.4016233148923,-1.800190969034892,32,42,105,107
68898,415.7262598781464,679.6290691457408,-1.8346488811486368,31,41,105,107
68998,413.6805593106866,678.5146301585711,-1.9864161675892826,27,37,108,110
69098,414.0328970387819,677.7413237020448,-2.0629731997272236,25,35,109,111
69198,414.16357382059834,676.0962539701651,-2.2143135746860096,21,31,111,113
69298,411.6670872307193,675.870356756342,-2.458372769824824,14,24,1,3
69398,411.98574429365533,675.9876814481033,-2.5968525814723873,11,21,3,5
69498,410.8219515546408,673.6091252424574,-2.7369405535027296,7,17,5,7
69599,410.4174384324984,672.2379023850807,-2.834989374544714,4,14,7,9
69698,411.32904159756794,672.2865563955571,-2.9571070110539495,1,11,9,11
69798,411.9480646189305,676.6788750298267,-3.0529079853130083,111,8,10,12
69898,409.83363455192534,680.2002905772565,3.1056649965129517,108,5,12,14
69998,406.5036982255942,682.6295664215041,3.0033084819932587,105,2,13,15
70098,405.9949406232729,682.7149942339552,2.88788150810697,102,112,15,17
70198,406.28461843920053,682.3682352753483,2.7764527289938448,99,109,17,19
70299,404.271956383496,681.2821902567526,2.709975584472393,97,107,18,20
70398,404.34958565148384,682.6015962168415,2.6866865038459298,97,107,18,20
70498,404.36922441487644,683.7932444984801,2.646489847137458,96,106,18,20
70611,402.4376963535366,685.0205648267879,2.5615279263089947,93,103,20,22
70698,402.8984596030857,685.3053169053491,2.4446780249552313,90,100,21,23
70798,402.51936099010845,684.9679796402459,2.3949380566809904,89,99,22,24
70898,403.2953086943873,684.9465557879,2.331432999697443,87,97,23,25
70998,402.6442282424982,684.3233166044215,2.265843682797514,85,95,24,26
71099,402.5847850046948,683.7111402265053,2.193826212460606,83,93,25,27
71198,403.5201809604069,682.1990205306621,2.041874664223373,79,89,27,29
71298,403.8026375131357,682.9646732915094,2.0590106839963593,80,90,27,29
71398,400.5130865835812,684.1412944182129,2.0198058098141747,79,89,27,29
71498,395.8683619636494,683.3207277661236,1.9239207656939448,76,86,29,31
71602,397.797881367984,684.1497840897878,1.810248286252347,73,83,30,32
71698,397.0492747751199,682.5972553661524,1.7246818401972708,71,81,32,34
71798,396.7247922745259,680.3237124755877,1.7050135796182297,70,80,32,34
71899,399.90789641852183,678.1863859451436,1.7200128523433384,71,81,32,34
71998,401.1553293025062,675.5247690620505,1.6534813888753614,69,79,33,35
72098,402.0754430738467,675.8183754360341,1.682906450651665,70,80,32,34
72198,402.34736418056985,677.1354419783885,1.7805801522070734,72,82,31,33
72299,403.8295921320041,679.8794196756445,2.003155362837592,78,88,28,30
72399,403.8084933042432,681.7691827747609,2.139720621175858,82,92,26,28
72499,399.7986825829545,681.0256028654356,2.25998403197057,85,95,24,26
72602,396.2087631796106,679.5014795206209,2.3565721970336924,88,98,23,25
72698,395.1131408769933,678.242820652642,2.407290975989775,89,99,22,24
72798,394.04096252205215,677.4959261464594,2.4426525000699915,90,100,21,23
72898,393.0791270488944,677.8780984810068,2.5142740987674204,92,102,20,22
72998,390.8662145848249,678.5964785690243,2.6204308885157417,95,105,19,21
73098,390.2921858027183,680.5165812504531,2.743348058427747,98,108,17,19
73198,387.6027040484436,682.1091702838246,2.8265829232230204,101,111,16,18
73298,387.6590850964684,685.4642451135861,2.9933153059310795,105,2,13,15
73398,388.79762006504853,686.360912020233,3.115134383786646,108,5,12,14
73498,388.47794833241505,686.8899558162249,-3.0668982953502604,111,8,10,12
73602,387.52871473004456,688.9476645006523,-3.0030706435632997,113,10,9,11
73699,383.7192434263794,688.7114915765945,-3.0163388779345652,112,9,9,11
73798,381.67647869759736,687.1159766208987,-3.018890219901144,112,9,10,12
73899,384.06612603956853,688.5157887177178,-3.0002790740687377,113,10,9,11
73998,383.09495605756416,687.5980194860732,-3.01797612034476,112,9,10,12
74098,375.8040713081176,686.4871651320217,-3.0353141996338375,112,9,10,12
74199,375.02439316795454,687.4603089816983,-3.0531968019328524,111,8,10,12
74298,382.42814268989656,690.2452333817204,-3.049453271767739,111,8,10,12
74398,384.8441118223926,689.1525059734163,-3.05560988420864,111,8,10,12
74506,384.60591417135805,685.8981732989529,-3.049982177458894,111,8,10,12
74598,384.29514151013075,684.4592896296604,-3.0597084308097156,111,8,10,12
74698,382.3529932923057,683.4969679384616,-3.12005397865545,110,7,11,13
74798,383.46726320965297,683.5409058440029,-3.1302067659964625,109,6,11,13
74899,385.71076770275505,682.4898362342506,-3.102341682637103,110,7,11,13
74999,,,,110,7,11,13
75098,,,,110,7,11,13
75200,,,,110,7,11,13
75300,,,,110,7,11,13
75400,,,,110,7,11,13
75508,,,,110,7,11,13
75602,,,,110,7,11,13
75702,,,,110,7,11,13
75804,,,,110,7,11,13
75904,,,,110,7,11,13
76005,,,,110,7,11,13
76106,,,,110,7,11,13
76209,,,,110,7,11,13
76310,,,,110,7,11,13
76411,,,,110,7,11,13
76517,,,,110,7,11,13
76615,,,,110,7,11,13
76716,,,,110,7,11,13
76818,,,,110,7,11,13
76921,,,,110,7,11,13
77020,,,,110,7,11,13
77120,,,,110,7,11,13
77221,,,,110,7,11,13
77323,,,,110,7,11,13
77428,,,,110,7,11,13
77525,,,,110,7,11,13
77626,,,,110,7,11,13
77726,,,,110,7,11,13
77829,,,,110,7,11,13
77928,,,,110,7,11,13
78029,,,,110,7,11,13
78127,,,,110,7,11,13
78231,,,,110,7,11,13
78333,,,,110,7,11,13
78431,,,,110,7,11,13
78531,,,,110,7,11,13
78632,,,,110,7,11,13
78733,,,,110,7,11,13
78834,,,,110,7,11,13
78931,,,,110,7,11,13
79033,,,,110,7,11,13
79118,,,,110,7,11,13
79231,,,,110,7,11,13
79318,,,,110,7,11,13
79433,,,,110,7,11,13
79518,,,,110,7,11,13
79635,,,,110,7,11,13
79718,,,,110,7,11,13
79827,,,,110,7,11,13
79918,,,,110,7,11,13
80033,,,,110,7,11,13
80118,,,,110,7,11,13
80235,,,,110,7,11,13
80334,,,,110,7,11,13
80427,,,,110,7,11,13
80527,,,,110,7,11,13
80629,,,,110,7,11,13
80727,,,,110,7,11,13
80834,,,,110,7,11,13
80931,,,,110,7,11,13
81027,,,,110,7,11,13
81133,,,,110,7,11,13
81212,,,,110,7,11,13
81332,,,,110,7,11,13
81434,,,,110,7,11,13
81534,,,,110,7,11,13
81629,,,,110,7,11,13
81732,,,,110,7,11,13
81833,,,,110,7,11,13
81935,,,,110,7,11,13
82032,,,,110,7,11,13
82133,,,,110,7,11,13
82235,,,,110,7,11,13
82327,,,,110,7,11,13
82429,,,,110,7,11,13
82532,,,,110,7,11,13
82640,,,,110,7,11,13
82732,,,,110,7,11,13
82833,,,,110,7,11,13
82935,,,,110,7,11,13
83036,,,,110,7,11,13
83136,,,,110,7,11,13
83237,,,,110,7,11,13
83334,,,,110,7,11,13
83434,,,,110,7,11,13
83534,,,,110,7,11,13
83636,,,,110,7,11,13
83733,,,,110,7,11,13
83835,,,,110,7,11,13
83934,,,,110,7,11,13
84034,,,,110,7,11,13
84133,,,,110,7,11,13
84233,,,,110,7,11,13
84341,,,,110,7,11,13
84435,,,,110,7,11,13
84536,,,,110,7,11,13
84634,,,,110,7,11,13
84734,,,,110,7,11,13
84834,,,,110,7,11,13
84934,,,,110,7,11,13
85034,,,,110,7,11,13
85134,,,,110,7,11,13
85237,,,,110,7,11,13
85334,,,,110,7,11,13
85432,,,,110,7,11,13
85535,,,,110,7,11,13
85634,,,,110,7,11,13
85733,,,,110,7,11,13
85834,,,,110,7,11,13
85933,,,,110,7,11,13
86039,,,,110,7,11,13
86133,,,,110,7,11,13
86234,,,,110,7,11,13
86331,,,,110,7,11,13
86428,,,,110,7,11,13
86529,,,,110,7,11,13
86631,,,,110,7,11,13
86730,,,,110,7,11,13
86830,,,,110,7,11,13
86934,,,,110,7,11,13
87034,,,,110,7,11,13
87132,,,,110,7,11,13
87232,,,,110,7,11,13
87329,,,,110,7,11,13
87431,,,,110,7,11,13
87531,,,,110,7,11,13
87630,,,,110,7,11,13
87738,,,,110,7,11,13
87832,,,,110,7,11,13
87934,,,,110,7,11,13
88034,,,,110,7,11,13
88133,,,,110,7,11,13
88235,,,,110,7,11,13
88336,,,,110,7,11,13
88435,,,,110,7,11,13
88535,,,,110,7,11,13
88638,,,,110,7,11,13
88735,,,,110,7,11,13
88834,,,,110,7,11,13
88932,,,,110,7,11,13
89034,,,,110,7,11,13
89134,,,,110,7,11,13
89232,,,,110,7,11,13
89332,,,,110,7,11,13
89442,,,,110,7,11,13
89534,,,,110,7,11,13
89634,,,,110,7,11,13
89734,,,,110,7,11,13
89834,,,,110,7,11,13
89935,,,,110,7,11,13
90034,,,,110,7,11,13
90131,,,,110,7,11,13
90214,,,,110,7,11,13
90331,,,,110,7,11,13
90415,,,,110,7,11,13
90524,,,,110,7,11,13
90627,,,,110,7,11,13
90734,,,,110,7,11,13
90816,,,,110,7,11,13
90931,,,,110,7,11,13
91026,,,,110,7,11,13
91139,,,,110,7,11,13
91235,,,,110,7,11,13
91333,,,,110,7,11,13
91435,,,,110,7,11,13
91536,,,,110,7,11,13
91636,,,,110,7,11,13
91738,,,,110,7,11,13
91836,,,,110,7,11,13
91936,,,,110,7,11,13
92037,,,,110,7,11,13
92136,,,,110,7,11,13
92235,,,,110,7,11,13
92336,,,,110,7,11,13
92435,,,,110,7,11,13
92537,,,,110,7,11,13
92637,,,,110,7,11,13
92738,,,,110,7,11,13
92844,,,,110,7,11,13
92939,,,,110,7,11,13
93038,,,,110,7,11,13
93139,,,,110,7,11,13
93236,,,,110,7,11,13
93336,,,,110,7,11,13
93440,,,,110,7,11,13
93537,,,,110,7,11,13
93639,,,,110,7,11,13
93738,,,,110,7,11,13
93838,,,,110,7,11,13
93936,,,,110,7,11,13
94037,,,,110,7,11,13
94136,,,,110,7,11,13
94238,,,,110,7,11,13
94337,,,,110,7,11,13
94437,,,,110,7,11,13
94545,,,,110,7,11,13
94637,,,,110,7,11,13
94739,,,,110,7,11,13
94838,,,,110,7,11,13
94938,,,,110,7,11,13
95037,,,,110,7,11,13
95136,,,,110,7,11,13
95236,,,,110,7,11,13
95339,,,,110,7,11,13
95440,,,,110,7,11,13
95543,,,,110,7,11,13
95638,,,,110,7,11,13
95738,,,,110,7,11,13
95839,,,,110,7,11,13
95937,,,,110,7,11,13
96034,,,,110,7,11,13
96135,,,,110,7,11,13
96247,,,,110,7,11,13
96338,,,,110,7,11,13
96436,,,,110,7,11,13
96517,,,,110,7,11,13
96637,,,,110,7,11,13
96736,,,,110,7,11,13
96835,,,,110,7,11,13
96939,,,,110,7,11,13
97037,,,,110,7,11,13
97138,,,,110,7,11,13
97237,,,,110,7,11,13
97336,,,,110,7,11,13
97437,,,,110,7,11,13
97537,,,,110,7,11,13
97639,,,,110,7,11,13
97737,,,,110,7,11,13
97836,,,,110,7,11,13
97945,,,,110,7,11,13
98043,,,,110,7,11,13
98135,,,,110,7,11,13
98236,,,,110,7,11,13
98336,,,,110,7,11,13
98437,,,,110,7,11,13
98537,,,,110,7,11,13
98637,,,,110,7,11,13
98737,,,,110,7,11,13
98835,,,,110,7,11,13
98934,,,,110,7,11,13
99034,,,,110,7,11,13
99133,,,,110,7,11,13
99233,,,,110,7,11,13
99333,,,,110,7,11,13
99438,,,,110,7,11,13
99538,,,,110,7,11,13
99643,,,,110,7,11,13
99736,,,,110,7,11,13
99836,,,,110,7,11,13
99934,,,,110,7,11,13
100036,,,,110,7,11,13
100133,,,,110,7,11,13
100234,,,,110,7,11,13
100335,,,,110,7,11,13
100434,,,,110,7,11,13
100536,,,,110,7,11,13
100635,,,,110,7,11,13
100735,,,,110,7,11,13
100835,,,,110,7,11,13
100934,,,,110,7,11,13
101033,,,,110,7,11,13
101135,,,,110,7,11,13
101237,,,,110,7,11,13
101352,,,,110,7,11,13
101433,,,,110,7,11,13
101535,,,,110,7,11,13
101634,,,,110,7,11,13
101737,,,,110,7,11,13
101837,,,,110,7,11,13
101935,,,,110,7,11,13
102034,,,,110,7,11,13
102136,,,,110,7,11,13
102237,,,,110,7,11,13
102334,,,,110,7,11,13
102436,,,,110,7,11,13
102535,,,,110,7,11,13
102636,,,,110,7,11,13
102732,,,,110,7,11,13
102832,,,,110,7,11,13
102935,,,,110,7,11,13
103038,,,,110,7,11,13
103133,,,,110,7,11,13
103234,,,,110,7,11,13
103334,,,,110,7,11,13
103435,,,,110,7,11,13
103533,,,,110,7,11,13
103632,,,,110,7,11,13
103734,,,,110,7,11,13
103834,,,,110,7,11,13
103935,,,,110,7,11,13
104034,,,,110,7,11,13
104132,,,,110,7,11,13
104235,,,,110,7,11,13
104333,,,,110,7,11,13
104434,,,,110,7,11,13
104535,,,,110,7,11,13
104635,,,,110,7,11,13
104741,,,,110,7,11,13
104834,,,,110,7,11,13
104934,,,,110,7,11,13
105033,,,,110,7,11,13
105134,,,,110,7,11,13
105234,,,,110,7,11,13
105337,,,,110,7,11,13
105434,,,,110,7,11,13
105535,,,,110,7,11,13
105633,,,,110,7,11,13
105734,,,,110,7,11,13
105832,,,,110,7,11,13
105936,,,,110,7,11,13
106029,,,,110,7,11,13
106135,,,,110,7,11,13
106232,,,,110,7,11,13
106334,,,,110,7,11,13
106437,,,,110,7,11,13
106533,,,,110,7,11,13
106628,,,,110,7,11,13
106735,,,,110,7,11,13
106831,,,,110,7,11,13
106934,,,,110,7,11,13
107032,,,,110,7,11,13
107134,,,,110,7,11,13
107231,,,,110,7,11,13
107334,,,,110,7,11,13
107429,,,,110,7,11,13
107533,,,,110,7,11,13
107628,,,,110,7,11,13
107732,,,,110,7,11,13
107829,,,,110,7,11,13
107933,,,,110,7,11,13
108030,,,,110,7,11,13
108140,,,,110,7,11,13
108230,,,,110,7,11,13
108335,,,,110,7,11,13
108430,,,,110,7,11,13
108534,,,,110,7,11,13
108629,,,,110,7,11,13
108735,,,,110,7,11,13
108831,,,,110,7,11,13
108934,,,,110,7,11,13
109032,,,,110,7,11,13
109134,,,,110,7,11,13
109232,,,,110,7,11,13
109335,,,,110,7,11,13
109431,,,,110,7,11,13
109536,,,,110,7,11,13
109630,,,,110,7,11,13
109736,,,,110,7,11,13
109837,,,,110,7,11,13
109933,,,,110,7,11,13
110032,,,,110,7,11,13
110135,,,,110,7,11,13
110232,,,,110,7,11,13
110337,,,,110,7,11,13
110433,,,,110,7,11,13
110537,,,,110,7,11,13
110632,,,,110,7,11,13
110736,,,,110,7,11,13
110831,,,,110,7,11,13
110939,,,,110,7,11,13
111033,,,,110,7,11,13
111137,,,,110,7,11,13
111232,,,,110,7,11,13
111314,,,,110,7,11,13
111414,,,,110,7,11,13
111541,,,,110,7,11,13
111627,,,,110,7,11,13
111731,,,,110,7,11,13
111829,,,,110,7,11,13
111932,,,,110,7,11,13
112029,,,,110,7,11,13
112132,,,,110,7,11,13
112229,,,,110,7,11,13
112339,,,,110,7,11,13
112435,,,,110,7,11,13
112535,,,,110,7,11,13
112634,,,,110,7,11,13
112737,,,,110,7,11,13
112834,,,,110,7,11,13
112938,,,,110,7,11,13
113032,,,,110,7,11,13
113137,,,,110,7,11,13
113240,,,,110,7,11,13
113335,,,,110,7,11,13
113433,,,,110,7,11,13
113535,,,,110,7,11,13
113633,,,,110,7,11,13
113734,,,,110,7,11,13
113830,,,,110,7,11,13
113936,,,,110,7,11,13
114031,,,,110,7,11,13
114136,,,,110,7,11,13
114232,,,,110,7,11,13
114337,,,,110,7,11,13
114435,,,,110,7,11,13
114537,,,,110,7,11,13
114633,,,,110,7,11,13
114737,,,,110,7,11,13
114833,,,,110,7,11,13
114942,,,,110,7,11,13
115035,,,,110,7,11,13
115137,,,,110,7,11,13
115235,,,,110,7,11,13
115337,,,,110,7,11,13
115430,,,,110,7,11,13
115537,,,,110,7,11,13
115630,,,,110,7,11,13
115735,,,,110,7,11,13
115833,,,,110,7,11,13
115935,,,,110,7,11,13
116030,,,,110,7,11,13
116136,,,,110,7,11,13
116232,,,,110,7,11,13
116337,,,,110,7,11,13
116430,,,,110,7,11,13
116536,,,,110,7,11,13
116638,,,,110,7,11,13
116735,,,,110,7,11,13
116834,,,,110,7,11,13
116936,,,,110,7,11,13
117032,,,,110,7,11,13
117135,,,,110,7,11,13
117231,,,,110,7,11,13
117336,,,,110,7,11,13
117431,,,,110,7,11,13
117539,,,,110,7,11,13
117632,,,,110,7,11,13
117740,,,,110,7,11,13
117835,,,,110,7,11,13
117937,,,,110,7,11,13
118032,,,,110,7,11,13
118137,,,,110,7,11,13
118232,,,,110,7,11,13
118344,,,,110,7,11,13
118433,,,,110,7,11,13
118537,,,,110,7,11,13
118633,,,,110,7,11,13
118738,,,,110,7,11,13
118833,,,,110,7,11,13
118933,,,,110,7,11,13
119032,,,,110,7,11,13
119137,,,,110,7,11,13
119232,,,,110,7,11,13
119333,,,,110,7,11,13
119431,,,,110,7,11,13
119533,,,,110,7,11,13
119633,,,,110,7,11,13
119732,,,,110,7,11,13
119834,,,,110,7,11,13
119933,,,,110,7,11,13
120038,,,,110,7,11,13
120132,,,,110,7,11,13
120232,,,,110,7,11,13
120333,,,,110,7,11,13
120434,,,,110,7,11,13
120531,,,,110,7,11,13
120632,,,,110,7,11,13
120730,,,,110,7,11,13
120833,,,,110,7,11,13
120931,,,,110,7,11,13
121031,,,,110,7,11,13
121133,,,,110,7,11,13
121233,,,,110,7,11,13
121331,,,,110,7,11,13
121431,,,,110,7,11,13
121532,,,,110,7,11,13
121631,,,,110,7,11,13
121738,,,,110,7,11,13
121831,,,,110,7,11,13
121933,,,,110,7,11,13
122033,,,,110,7,11,13
122132,,,,110,7,11,13
122231,,,,110,7,11,13
122333,,,,110,7,11,13
122430,,,,110,7,11,13
122533,,,,110,7,11,13
122632,,,,110,7,11,13
122731,,,,110,7,11,13
122833,,,,110,7,11,13
122931,,,,110,7,11,13
123031,,,,110,7,11,13
123132,,,,110,7,11,13
123233,,,,110,7,11,13
123329,,,,110,7,11,13
123439,,,,110,7,11,13
123533,,,,110,7,11,13
123633,,,,110,7,11,13
123731,,,,110,7,11,13
123832,,,,110,7,11,13
123931,,,,110,7,11,13
124034,,,,110,7,11,13
124130,,,,110,7,11,13
124233,,,,110,7,11,13
124331,,,,110,7,11,13
124433,,,,110,7,11,13
124531,,,,110,7,11,13
124632,,,,110,7,11,13
124737,,,,110,7,11,13
124836,,,,110,7,11,13
124936,,,,110,7,11,13
125033,,,,110,7,11,13
125138,,,,110,7,11,13
125233,,,,110,7,11,13
125331,,,,110,7,11,13
125435,,,,110,7,11,13
125533,,,,110,7,11,13
125632,,,,110,7,11,13
125731,,,,110,7,11,13
125832,,,,110,7,11,13
125934,,,,110,7,11,13
126039,,,,110,7,11,13
126136,,,,110,7,11,13
126240,,,,110,7,11,13
126332,,,,110,7,11,13
126438,,,,110,7,11,13
126533,,,,110,7,11,13
126639,,,,110,7,11,13
126730,,,,110,7,11,13
126839,,,,110,7,11,13
126931,,,,110,7,11,13
127033,,,,110,7,11,13
127131,,,,110,7,11,13
127234,,,,110,7,11,13
127337,,,,110,7,11,13
127436,,,,110,7,11,13
127532,,,,110,7,11,13
127633,,,,110,7,11,13
127734,,,,110,7,11,13
127834,,,,110,7,11,13
127931,,,,110,7,11,13
128031,,,,110,7,11,13
128132,,,,110,7,11,13
128231,,,,110,7,11,13
128333,,,,110,7,11,13
128436,,,,110,7,11,13
128541,,,,110,7,11,13
128636,,,,110,7,11,13
128734,,,,110,7,11,13
128837,,,,110,7,11,13
128934,,,,110,7,11,13
129029,,,,110,7,11,13
129133,,,,110,7,11,13
129230,,,,110,7,11,13
129335,,,,110,7,11,13
129432,,,,110,7,11,13
129533,,,,110,7,11,13
129634,,,,110,7,11,13
129734,,,,110,7,11,13
129833,,,,110,7,11,13
129932,,,,110,7,11,13
130035,,,,110,7,11,13
130130,,,,110,7,11,13
130238,,,,110,7,11,13
130333,,,,110,7,11,13
130432,,,,110,7,11,13
130533,,,,110,7,11,13
130632,,,,110,7,11,13
130733,,,,110,7,11,13
130831,,,,110,7,11,13
130933,,,,110,7,11,13
131032,,,,110,7,11,13
131132,,,,110,7,11,13
131232,,,,110,7,11,13
131333,,,,110,7,11,13
131432,,,,110,7,11,13
131532,,,,110,7,11,13
131633,,,,110,7,11,13
131733,,,,110,7,11,13
131831,,,,110,7,11,13
131939,,,,110,7,11,13
132033,,,,110,7,11,13
132132,,,,110,7,11,13
132230,,,,110,7,11,13
132331,,,,110,7,11,13
132431,,,,110,7,11,13
132532,,,,110,7,11,13
132634,,,,110,7,11,13
132733,,,,110,7,11,13
132832,,,,110,7,11,13
132933,,,,110,7,11,13
133032,,,,110,7,11,13
133132,,,,110,7,11,13
133232,,,,110,7,11,13
133332,,,,110,7,11,13
133434,,,,110,7,11,13
133531,,,,110,7,11,13
133641,,,,110,7,11,13
133732,,,,110,7,11,13
133831,,,,110,7,11,13
133930,,,,110,7,11,13
134032,,,,110,7,11,13
134131,,,,110,7,11,13
134232,,,,110,7,11,13
134331,,,,110,7,11,13
134432,,,,110,7,11,13
134530,,,,110,7,11,13
134631,,,,110,7,11,13
134732,,,,110,7,11,13
134832,,,,110,7,11,13
134931,,,,110,7,11,13
135031,,,,110,7,11,13
135131,,,,110,7,11,13
135230,,,,110,7,11,13
135337,,,,110,7,11,13
135435,,,,110,7,11,13
135533,,,,110,7,11,13
135631,,,,110,7,11,13
135732,,,,110,7,11,13
135832,,,,110,7,11,13
135931,,,,110,7,11,13
136035,,,,110,7,11,13
136134,,,,110,7,11,13
136232,,,,110,7,11,13
136332,,,,110,7,11,13
136430,,,,110,7,11,13
136531,,,,110,7,11,13
136633,,,,110,7,11,13
136732,,,,110,7,11,13
136830,,,,110,7,11,13
136931,,,,110,7,11,13
137037,,,,110,7,11,13
137130,,,,110,7,11,13
137231,,,,110,7,11,13
137330,,,,110,7,11,13
137432,,,,110,7,11,13
137532,,,,110,7,11,13
137632,,,,110,7,11,13
137731,,,,110,7,11,13
137831,,,,110,7,11,13
137930,,,,110,7,11,13
138032,,,,110,7,11,13
138135,,,,110,7,11,13
138231,,,,110,7,11,13
138334,,,,110,7,11,13
138432,,,,110,7,11,13
138531,,,,110,7,11,13
138633,,,,110,7,11,13
138739,,,,110,7,11,13
138832,,,,110,7,11,13
138933,,,,110,7,11,13
139032,,,,110,7,11,13
139134,,,,110,7,11,13
139233,,,,110,7,11,13
139335,,,,110,7,11,13
139433,,,,110,7,11,13
139531,,,,110,7,11,13
139630,,,,110,7,11,13
139733,,,,110,7,11,13
139832,,,,110,7,11,13
139933,,,,110,7,11,13
140034,,,,110,7,11,13
140132,,,,110,7,11,13
140232,,,,110,7,11,13
140333,,,,110,7,11,13
140436,,,,110,7,11,13
140532,,,,110,7,11,13
140635,,,,110,7,11,13
140730,,,,110,7,11,13
140834,,,,110,7,11,13
140930,,,,110,7,11,13
141032,,,,110,7,11,13
141133,,,,110,7,11,13
141232,,,,110,7,11,13
141313,,,,110,7,11,13
141431,,,,110,7,11,13
141536,,,,110,7,11,13
141633,,,,110,7,11,13
141733,,,,110,7,11,13
141831,,,,110,7,11,13
141933,,,,110,7,11,13
142034,,,,110,7,11,13
142140,,,,110,7,11,13
142230,,,,110,7,11,13
142333,,,,110,7,11,13
142433,,,,110,7,11,13
142536,,,,110,7,11,13
142635,,,,110,7,11,13
142735,,,,110,7,11,13
142834,,,,110,7,11,13
142937,,,,110,7,11,13
143036,,,,110,7,11,13
143134,,,,110,7,11,13
143233,,,,110,7,11,13
143332,,,,110,7,11,13
143432,,,,110,7,11,13
143533,,,,110,7,11,13
143634,,,,110,7,11,13
143736,,,,110,7,11,13
143840,,,,110,7,11,13
143932,,,,110,7,11,13
144034,,,,110,7,11,13
144132,,,,110,7,11,13
144234,,,,110,7,11,13
144334,,,,110,7,11,13
144433,,,,110,7,11,13
144535,,,,110,7,11,13
144633,,,,110,7,11,13
144735,,,,110,7,11,13
144835,,,,110,7,11,13
144937,,,,110,7,11,13
145035,,,,110,7,11,13
145133,,,,110,7,11,13
145232,,,,110,7,11,13
145333,,,,110,7,11,13
145433,,,,110,7,11,13
145542,,,,110,7,11,13
145632,,,,110,7,11,13
145734,,,,110,7,11,13
145837,,,,110,7,11,13
145934,,,,110,7,11,13
146034,,,,110,7,11,13
146133,,,,110,7,11,13
146235,,,,110,7,11,13
146336,,,,110,7,11,13
146435,,,,110,7,11,13
146532,,,,110,7,11,13
146634,,,,110,7,11,13
146733,,,,110,7,11,13
146833,,,,110,7,11,13
146936,,,,110,7,11,13
147033,,,,110,7,11,13
147133,,,,110,7,11,13
147239,,,,110,7,11,13
147335,,,,110,7,11,13
147434,,,,110,7,11,13
147533,,,,110,7,11,13
147630,,,,110,7,11,13
147731,,,,110,7,11,13
147833,,,,110,7,11,13
147935,,,,110,7,11,13
148035,,,,110,7,11,13
148131,,,,110,7,11,13
148234,,,,110,7,11,13
148335,,,,110,7,11,13
148435,,,,110,7,11,13
148533,,,,110,7,11,13
148634,,,,110,7,11,13
148736,,,,110,7,11,13
148834,,,,110,7,11,13
148942,,,,110,7,11,13
149033,,,,110,7,11,13
149132,,,,110,7,11,13
149232,,,,110,7,11,13
149333,,,,110,7,11,13
149434,,,,110,7,11,13
149535,,,,110,7,11,13
149635,,,,110,7,11,13
149732,,,,110,7,11,13
149832,,,,110,7,11,13
149932,,,,110,7,11,13
150035,,,,110,7,11,13
150135,,,,110,7,11,13
150230,,,,110,7,11,13
150333,,,,110,7,11,13
150432,,,,110,7,11,13
150531,,,,110,7,11,13
150641,,,,110,7,11,13
150731,,,,110,7,11,13
150834,,,,110,7,11,13
150932,,,,110,7,11,13
151034,,,,110,7,11,13
151131,,,,110,7,11,13
151234,,,,110,7,11,13
151335,,,,110,7,11,13
151432,,,,110,7,11,13
151534,,,,110,7,11,13
151634,,,,110,7,11,13
151733,,,,110,7,11,13
151832,,,,110,7,11,13
151940,,,,110,7,11,13
152033,,,,110,7,11,13
152132,,,,110,7,11,13
152231,,,,110,7,11,13
152338,,,,110,7,11,13
152433,,,,110,7,11,13
152535,,,,110,7,11,13
152632,,,,110,7,11,13
152732,,,,110,7,11,13
152832,,,,110,7,11,13
152931,,,,110,7,11,13
153033,,,,110,7,11,13
153132,,,,110,7,11,13
153233,,,,110,7,11,13
153333,,,,110,7,11,13
153433,,,,110,7,11,13
153532,,,,110,7,11,13
153632,,,,110,7,11,13
153732,,,,110,7,11,13
153832,,,,110,7,11,13
153932,,,,110,7,11,13
154038,,,,110,7,11,13
154133,,,,110,7,11,13
154234,,,,110,7,11,13
154333,,,,110,7,11,13
154432,,,,110,7,11,13
154533,,,,110,7,11,13
154630,,,,110,7,11,13
154731,,,,110,7,11,13
154831,,,,110,7,11,13
154933,,,,110,7,11,13
155031,,,,110,7,11,13
155132,,,,110,7,11,13
155232,,,,110,7,11,13
155332,,,,110,7,11,13
155431,,,,110,7,11,13
155532,,,,110,7,11,13
155631,,,,110,7,11,13
155745,,,,110,7,11,13
155830,,,,110,7,11,13
155931,,,,110,7,11,13
156033,,,,110,7,11,13
156132,,,,110,7,11,13
156233,,,,110,7,11,13
156333,,,,110,7,11,13
156431,,,,110,7,11,13
156534,,,,110,7,11,13
156634,,,,110,7,11,13
156731,,,,110,7,11,13
156834,,,,110,7,11,13
156931,,,,110,7,11,13
157034,,,,110,7,11,13
157132,,,,110,7,11,13
157234,,,,110,7,11,13
157331,,,,110,7,11,13
157445,,,,110,7,11,13
157532,,,,110,7,11,13
157632,,,,110,7,11,13
157734,,,,110,7,11,13
157833,,,,110,7,11,13
157932,,,,110,7,11,13
158031,,,,110,7,11,13
158134,,,,110,7,11,13
158232,,,,110,7,11,13
158332,,,,110,7,11,13
158433,,,,110,7,11,13
158534,,,,110,7,11,13
158631,,,,110,7,11,13
158729,,,,110,7,11,13
158812,,,,110,7,11,13
158912,,,,110,7,11,13
159012,,,,110,7,11,13
159125,,,,110,7,11,13
159213,,,,110,7,11,13
159331,,,,110,7,11,13
159430,,,,110,7,11,13
159531,,,,110,7,11,13
159630,,,,110,7,11,13
159732,,,,110,7,11,13
159832,,,,110,7,11,13
159931,,,,110,7,11,13
160032,,,,110,7,11,13
160132,,,,110,7,11,13
160232,,,,110,7,11,13
160333,,,,110,7,11,13
160431,,,,110,7,11,13
160529,,,,110,7,11,13
160632,,,,110,7,11,13
160732,,,,110,7,11,13
160845,,,,110,7,11,13
160933,,,,110,7,11,13
161031,,,,110,7,11,13
161129,,,,110,7,11,13
161230,,,,110,7,11,13
161332,,,,110,7,11,13
161431,,,,110,7,11,13
161531,,,,110,7,11,13
161629,,,,110,7,11,13
161732,,,,110,7,11,13
161833,,,,110,7,11,13
161932,,,,110,7,11,13
162029,,,,110,7,11,13
162132,,,,110,7,11,13
162230,,,,110,7,11,13
162332,,,,110,7,11,13
162432,,,,110,7,11,13
162559,,,,110,7,11,13
162611,,,,110,7,11,13
162734,,,,110,7,11,13
162831,,,,110,7,11,13
162931,,,,110,7,11,13
163035,,,,110,7,11,13
163133,,,,110,7,11,13
163231,,,,110,7,11,13
163331,,,,110,7,11,13
163433,,,,110,7,11,13
163532,,,,110,7,11,13
163635,,,,110,7,11,13
163732,,,,110,7,11,13
163831,,,,110,7,11,13
