[camera]
# width=480
# height=640
# width=720
# height=1280
# width=1536
# height=1024
# width=640
# height=480
# fps=30

[detection]
tag_pixel_width = 100
widen_radius = 15

[arena]
nleds = 113#198
ring_r = 30 # in cm
origo_offset = [360, 360] # in pixels
cm_per_pixel = 0.1
baudrate = 115200#9600###921600#

[setup]
label = "Two different suns"

    [[setup.suns]]
    link_factor = 1.5
    green = 255
    azimuth = 90
    width = 11
    red = 100
    [[setup.suns]]
    blue = 255
    link_factor = -0.8
    green = 128
    azimuth = 180
    width = 3
    red = 41

[experiment]
datetime = 2023-12-09T21:34:30.009Z

ms,x,y,θ,start1,stop1,start2,stop2
2762,,,,24,34,56,58
3025,,,,24,34,56,58
3057,,,,24,34,56,58
3089,,,,24,34,56,58
3121,,,,24,34,56,58
3151,,,,24,34,56,58
3180,,,,24,34,56,58
3210,,,,24,34,56,58
3238,,,,24,34,56,58
3271,,,,24,34,56,58
3302,,,,24,34,56,58
3413,,,,24,34,56,58
3445,,,,24,34,56,58
3476,,,,24,34,56,58
3506,,,,24,34,56,58
3536,,,,24,34,56,58
3566,,,,24,34,56,58
3596,,,,24,34,56,58
3627,,,,24,34,56,58
3657,,,,24,34,56,58
3689,,,,24,34,56,58
3849,,,,24,34,56,58
3882,,,,24,34,56,58
3912,,,,24,34,56,58
3939,,,,24,34,56,58
3965,,,,24,34,56,58
3989,,,,24,34,56,58
4028,,,,24,34,56,58
4068,,,,24,34,56,58
4110,,,,24,34,56,58
4173,,,,24,34,56,58
4351,,,,24,34,56,58
4380,,,,24,34,56,58
4495,,,,24,34,56,58
4577,,,,24,34,56,58
4698,,,,24,34,56,58
4774,,,,24,34,56,58
4881,,,,24,34,56,58
4998,,,,24,34,56,58
5079,,,,24,34,56,58
5192,,,,24,34,56,58
5291,,,,24,34,56,58
5372,,,,24,34,56,58
5606,387.7496664482423,706.6502774195604,-2.5820841594291126,73,83,91,93
5607,385.473629051613,700.511385891637,-2.3642903369173536,73,83,91,93
5640,378.6568733117918,688.1956118971116,-2.0230717698120184,83,93,86,88
5750,371.666831133295,675.4346034412973,-1.6035153552167016,94,104,80,82
5851,370.0195465971377,666.4162946459642,-1.191611510251708,105,2,74,76
5950,371.142898884681,664.7986146976873,-0.8185881741004674,2,12,68,70
6050,370.51033318718,664.8724486925729,-0.3276424160190151,15,25,61,63
6150,,,,15,25,61,63
6252,,,,15,25,61,63
6354,,,,15,25,61,63
6454,,,,15,25,61,63
6553,,,,15,25,61,63
6655,,,,15,25,61,63
6755,,,,15,25,61,63
6858,,,,15,25,61,63
6959,,,,15,25,61,63
7062,,,,15,25,61,63
7164,,,,15,25,61,63
7266,,,,15,25,61,63
7367,,,,15,25,61,63
7470,,,,15,25,61,63
7571,,,,15,25,61,63
7672,,,,15,25,61,63
7766,,,,15,25,61,63
7872,,,,15,25,61,63
7976,,,,15,25,61,63
8063,,,,15,25,61,63
8173,,,,15,25,61,63
8269,,,,15,25,61,63
8378,,,,15,25,61,63
8457,,,,15,25,61,63
8575,,,,15,25,61,63
8673,,,,15,25,61,63
8772,,,,15,25,61,63
8854,,,,15,25,61,63
8982,,,,15,25,61,63
9066,,,,15,25,61,63
9180,,,,15,25,61,63
9271,,,,15,25,61,63
9381,,,,15,25,61,63
9462,,,,15,25,61,63
9552,,,,15,25,61,63
9685,,,,15,25,61,63
9756,,,,15,25,61,63
9884,,,,15,25,61,63
9963,,,,15,25,61,63
10081,,,,15,25,61,63
10164,,,,15,25,61,63
10280,,,,15,25,61,63
10367,,,,15,25,61,63
10478,,,,15,25,61,63
10566,,,,15,25,61,63
10678,,,,15,25,61,63
10765,,,,15,25,61,63
10858,,,,15,25,61,63
10980,,,,15,25,61,63
11055,,,,15,25,61,63
11180,,,,15,25,61,63
11255,,,,15,25,61,63
11380,,,,15,25,61,63
11457,,,,15,25,61,63
11577,,,,15,25,61,63
11662,,,,15,25,61,63
11779,,,,15,25,61,63
11857,,,,15,25,61,63
11980,,,,15,25,61,63
12069,,,,15,25,61,63
12156,,,,15,25,61,63
12274,,,,15,25,61,63
12356,,,,15,25,61,63
12474,,,,15,25,61,63
12553,,,,15,25,61,63
12676,,,,15,25,61,63
12750,,,,15,25,61,63
12860,,,,15,25,61,63
12964,,,,15,25,61,63
13060,,,,15,25,61,63
13165,,,,15,25,61,63
13259,,,,15,25,61,63
13361,,,,15,25,61,63
13463,,,,15,25,61,63
13547,,,,15,25,61,63
13671,,,,15,25,61,63
13747,,,,15,25,61,63
13859,,,,15,25,61,63
13965,,,,15,25,61,63
14050,,,,15,25,61,63
14169,,,,15,25,61,63
14249,,,,15,25,61,63
14370,,,,15,25,61,63
14448,,,,15,25,61,63
14570,,,,15,25,61,63
14647,,,,15,25,61,63
14761,,,,15,25,61,63
14855,,,,15,25,61,63
14971,,,,15,25,61,63
15048,,,,15,25,61,63
15165,,,,15,25,61,63
15244,,,,15,25,61,63
15366,,,,15,25,61,63
15443,,,,15,25,61,63
15565,,,,15,25,61,63
15644,,,,15,25,61,63
15766,,,,15,25,61,63
15842,,,,15,25,61,63
15966,,,,15,25,61,63
16043,,,,15,25,61,63
16166,,,,15,25,61,63
16242,,,,15,25,61,63
16366,,,,15,25,61,63
16445,,,,15,25,61,63
16561,,,,15,25,61,63
16640,,,,15,25,61,63
16761,,,,15,25,61,63
16838,,,,15,25,61,63
16961,,,,15,25,61,63
17040,,,,15,25,61,63
17161,,,,15,25,61,63
17238,,,,15,25,61,63
17361,,,,15,25,61,63
17438,,,,15,25,61,63
17561,,,,15,25,61,63
17658,,,,15,25,61,63
17758,,,,15,25,61,63
17849,,,,15,25,61,63
17948,,,,15,25,61,63
18048,,,,15,25,61,63
18148,,,,15,25,61,63
18249,,,,15,25,61,63
18348,,,,15,25,61,63
18449,,,,15,25,61,63
18549,,,,15,25,61,63
18650,,,,15,25,61,63
18745,,,,15,25,61,63
18852,,,,15,25,61,63
18944,,,,15,25,61,63
19053,,,,15,25,61,63
19143,,,,15,25,61,63
19251,,,,15,25,61,63
19335,,,,15,25,61,63
19454,,,,15,25,61,63
19535,,,,15,25,61,63
19630,,,,15,25,61,63
19757,,,,15,25,61,63
19833,,,,15,25,61,63
19955,,,,15,25,61,63
20032,,,,15,25,61,63
20157,,,,15,25,61,63
20234,,,,15,25,61,63
20358,,,,15,25,61,63
20435,,,,15,25,61,63
20557,,,,15,25,61,63
20633,,,,15,25,61,63
20757,,,,15,25,61,63
20821,,,,15,25,61,63
20950,,,,15,25,61,63
21027,,,,15,25,61,63
21151,,,,15,25,61,63
21250,,,,15,25,61,63
21344,,,,15,25,61,63
21434,347.87850997335136,688.7392671691065,1.1929951408140533,56,66,39,41
21507,348.9592953201719,715.307278906437,1.428893119626189,63,73,36,38
21607,356.68064455516884,720.8260442970037,1.6603705079622093,69,79,33,35
21707,365.3325707353372,715.5823625590306,1.9659805227151281,77,87,28,30
21807,364.16608709475963,711.076203588856,2.17564415099468,83,93,25,27
21907,362.6317189527511,710.5412508939007,2.501593085893075,92,102,21,23
22007,369.0543170253571,709.4800305900718,2.8335770102588578,101,111,16,18
22107,378.07283060246414,702.2282345755145,-3.1230667700341015,109,6,11,13
22203,383.1664442552301,685.6140130608762,-2.904850417034811,2,12,8,10
22303,379.2170669054413,667.9996342623174,-2.663908068133506,9,19,4,6
22403,372.7318554467388,651.5172239710405,-2.416461838669215,16,26,1,3
22503,380.9088732854534,634.4116826989369,-2.120912031582057,24,34,110,112
22603,396.2491142986793,624.7693584223497,-1.8345158736630198,31,41,105,107
22703,407.0869953333892,623.0540753129583,-1.6804889058764434,35,45,103,105
22802,416.2437199850079,628.939222838198,-1.414291632904751,43,53,99,101
22902,421.2013142316795,630.4641372760162,-1.02928162594583,53,63,94,96
23003,419.13483634839463,625.9993261507091,-0.6497233662915929,63,73,88,90
23103,416.6610535422461,624.7228583240186,-0.3948095703148396,70,80,85,87
23203,420.0952563384852,629.0980129960337,-0.22776788061592085,75,85,82,84
23303,428.9551525259346,639.5333918755018,-0.07270686557457444,79,89,80,82
23403,432.41334430451695,646.7363464729611,0.2043795106291006,86,96,76,78
23503,432.34926969083483,646.1729846547247,0.45300182531735983,93,103,73,75
23599,425.5293500107224,641.7649765448333,0.14330053825510422,85,95,77,79
23699,,,,85,95,77,79
23800,,,,85,95,77,79
23903,,,,85,95,77,79
24004,,,,85,95,77,79
24106,,,,85,95,77,79
24212,,,,85,95,77,79
24309,,,,85,95,77,79
24413,,,,85,95,77,79
24512,,,,85,95,77,79
24613,,,,85,95,77,79
24714,,,,85,95,77,79
24817,,,,85,95,77,79
24919,,,,85,95,77,79
25015,,,,85,95,77,79
25116,,,,85,95,77,79
25218,,,,85,95,77,79
25320,,,,85,95,77,79
25421,,,,85,95,77,79
25521,,,,85,95,77,79
25623,,,,85,95,77,79
25720,,,,85,95,77,79
25825,,,,85,95,77,79
25912,,,,85,95,77,79
26032,,,,85,95,77,79
26111,,,,85,95,77,79
26227,,,,85,95,77,79
26318,,,,85,95,77,79
26430,,,,85,95,77,79
26512,,,,85,95,77,79
26630,,,,85,95,77,79
26713,,,,85,95,77,79
26831,,,,85,95,77,79
26910,,,,85,95,77,79
27032,,,,85,95,77,79
27109,,,,85,95,77,79
27233,,,,85,95,77,79
27330,,,,85,95,77,79
27432,,,,85,95,77,79
27515,,,,85,95,77,79
27638,,,,85,95,77,79
27708,,,,85,95,77,79
27836,,,,85,95,77,79
27901,,,,85,95,77,79
28030,,,,85,95,77,79
28106,,,,85,95,77,79
28230,,,,85,95,77,79
28327,,,,85,95,77,79
28410,,,,85,95,77,79
28531,,,,85,95,77,79
28611,,,,85,95,77,79
28719,,,,85,95,77,79
28826,,,,85,95,77,79
28906,,,,85,95,77,79
29007,,,,85,95,77,79
29130,,,,85,95,77,79
29206,,,,85,95,77,79
29325,,,,85,95,77,79
29422,,,,85,95,77,79
29504,,,,85,95,77,79
29626,,,,85,95,77,79
29703,,,,85,95,77,79
29825,,,,85,95,77,79
29903,,,,85,95,77,79
30027,,,,85,95,77,79
30097,,,,85,95,77,79
30225,,,,85,95,77,79
30305,,,,85,95,77,79
30425,,,,85,95,77,79
30503,,,,85,95,77,79
30626,,,,85,95,77,79
30696,,,,85,95,77,79
30807,,,,85,95,77,79
30906,,,,85,95,77,79
31021,,,,85,95,77,79
31100,,,,85,95,77,79
31221,,,,85,95,77,79
31298,,,,85,95,77,79
31420,,,,85,95,77,79
31498,,,,85,95,77,79
31621,,,,85,95,77,79
31702,,,,85,95,77,79
31820,,,,85,95,77,79
31894,,,,85,95,77,79
32022,,,,85,95,77,79
32091,,,,85,95,77,79
32220,,,,85,95,77,79
32294,,,,85,95,77,79
32419,,,,85,95,77,79
32494,,,,85,95,77,79
32621,,,,85,95,77,79
32691,,,,85,95,77,79
32820,,,,85,95,77,79
32890,,,,85,95,77,79
33019,,,,85,95,77,79
33098,,,,85,95,77,79
33216,,,,85,95,77,79
33300,147.51937335386282,1260.5284349294184,-2.5254378533663004,13,23,2,4
33373,,,,13,23,2,4
33474,,,,13,23,2,4
33570,,,,13,23,2,4
33673,,,,13,23,2,4
33772,,,,13,23,2,4
33865,,,,13,23,2,4
33975,,,,13,23,2,4
34074,,,,13,23,2,4
34176,,,,13,23,2,4
34276,,,,13,23,2,4
34378,,,,13,23,2,4
34478,,,,13,23,2,4
34581,,,,13,23,2,4
34681,,,,13,23,2,4
34783,,,,13,23,2,4
34879,,,,13,23,2,4
34982,,,,13,23,2,4
35081,,,,13,23,2,4
35183,,,,13,23,2,4
35285,,,,13,23,2,4
35390,,,,13,23,2,4
35484,,,,13,23,2,4
35587,,,,13,23,2,4
35687,,,,13,23,2,4
35790,,,,13,23,2,4
35884,,,,13,23,2,4
35991,,,,13,23,2,4
36091,,,,13,23,2,4
36193,,,,13,23,2,4
36290,,,,13,23,2,4
36368,,,,13,23,2,4
36489,,,,13,23,2,4
36590,,,,13,23,2,4
36670,,,,13,23,2,4
36792,,,,13,23,2,4
36869,,,,13,23,2,4
36992,,,,13,23,2,4
37088,,,,13,23,2,4
37191,,,,13,23,2,4
37292,,,,13,23,2,4
37389,,,,13,23,2,4
37492,,,,13,23,2,4
37589,,,,13,23,2,4
37682,,,,13,23,2,4
37788,,,,13,23,2,4
37885,,,,13,23,2,4
37991,,,,13,23,2,4
38076,,,,13,23,2,4
38192,,,,13,23,2,4
38281,,,,13,23,2,4
38392,,,,13,23,2,4
38489,,,,13,23,2,4
38590,,,,13,23,2,4
38683,,,,13,23,2,4
38794,,,,13,23,2,4
38871,,,,13,23,2,4
38967,,,,13,23,2,4
39088,,,,13,23,2,4
39182,,,,13,23,2,4
39289,,,,13,23,2,4
39384,,,,13,23,2,4
39486,,,,13,23,2,4
39586,,,,13,23,2,4
39686,,,,13,23,2,4
39760,,,,13,23,2,4
39864,,,,13,23,2,4
39993,,,,13,23,2,4
40091,,,,13,23,2,4
40163,,,,13,23,2,4
40295,,,,13,23,2,4
40377,,,,13,23,2,4
40493,,,,13,23,2,4
40580,,,,13,23,2,4
40689,,,,13,23,2,4
40777,,,,13,23,2,4
40869,,,,13,23,2,4
40996,,,,13,23,2,4
41071,,,,13,23,2,4
41165,,,,13,23,2,4
41280,,,,13,23,2,4
41388,,,,13,23,2,4
41480,,,,13,23,2,4
41576,,,,13,23,2,4
41695,,,,13,23,2,4
41773,,,,13,23,2,4
41877,,,,13,23,2,4
41991,,,,13,23,2,4
42061,,,,13,23,2,4
42191,,,,13,23,2,4
42288,,,,13,23,2,4
42378,,,,13,23,2,4
42478,,,,13,23,2,4
42588,,,,13,23,2,4
42671,,,,13,23,2,4
42789,,,,13,23,2,4
42872,,,,13,23,2,4
42992,,,,13,23,2,4
43067,,,,13,23,2,4
43191,,,,13,23,2,4
43267,,,,13,23,2,4
43369,,,,13,23,2,4
43487,,,,13,23,2,4
43584,,,,13,23,2,4
43666,,,,13,23,2,4
43785,,,,13,23,2,4
43864,,,,13,23,2,4
43987,,,,13,23,2,4
44063,,,,13,23,2,4
44188,,,,13,23,2,4
44265,,,,13,23,2,4
44388,,,,13,23,2,4
44462,,,,13,23,2,4
44586,,,,13,23,2,4
44662,,,,13,23,2,4
44785,,,,13,23,2,4
44860,,,,13,23,2,4
44967,,,,13,23,2,4
45080,,,,13,23,2,4
45162,,,,13,23,2,4
45282,,,,13,23,2,4
45355,,,,13,23,2,4
45482,,,,13,23,2,4
45576,,,,13,23,2,4
45664,,,,13,23,2,4
45781,,,,13,23,2,4
45858,,,,13,23,2,4
45958,,,,13,23,2,4
46082,,,,13,23,2,4
46159,,,,13,23,2,4
46272,,,,13,23,2,4
46366,,,,13,23,2,4
46466,,,,13,23,2,4
46568,,,,13,23,2,4
46668,,,,13,23,2,4
46762,,,,13,23,2,4
46870,,,,13,23,2,4
46967,,,,13,23,2,4
47067,,,,13,23,2,4
47178,,,,13,23,2,4
47258,,,,13,23,2,4
47377,,,,13,23,2,4
47450,,,,13,23,2,4
47577,,,,13,23,2,4
47654,,,,13,23,2,4
47775,,,,13,23,2,4
47852,,,,13,23,2,4
47975,,,,13,23,2,4
48071,,,,13,23,2,4
48157,,,,13,23,2,4
48272,,,,13,23,2,4
48357,,,,13,23,2,4
48475,,,,13,23,2,4
48554,,,,13,23,2,4
48675,,,,13,23,2,4
48752,,,,13,23,2,4
48869,,,,13,23,2,4
48955,,,,13,23,2,4
49075,,,,13,23,2,4
49144,,,,13,23,2,4
49270,,,,13,23,2,4
49348,,,,13,23,2,4
49470,,,,13,23,2,4
49546,,,,13,23,2,4
49669,,,,13,23,2,4
49746,,,,13,23,2,4
49866,,,,13,23,2,4
49949,,,,13,23,2,4
50070,,,,13,23,2,4
50148,,,,13,23,2,4
50271,,,,13,23,2,4
50367,,,,13,23,2,4
50466,,,,13,23,2,4
50543,,,,13,23,2,4
50665,,,,13,23,2,4
50743,,,,13,23,2,4
50866,,,,13,23,2,4
50944,,,,13,23,2,4
51065,,,,13,23,2,4
51143,,,,13,23,2,4
51265,,,,13,23,2,4
51343,,,,13,23,2,4
51465,,,,13,23,2,4
51541,,,,13,23,2,4
51664,,,,13,23,2,4
51742,,,,13,23,2,4
51843,,,,13,23,2,4
51960,,,,13,23,2,4
52038,,,,13,23,2,4
52163,,,,13,23,2,4
52243,,,,13,23,2,4
52347,,,,13,23,2,4
52460,,,,13,23,2,4
52548,,,,13,23,2,4
52661,,,,13,23,2,4
52735,,,,13,23,2,4
52862,,,,13,23,2,4
52943,,,,13,23,2,4
53057,,,,13,23,2,4
53149,,,,13,23,2,4
53257,,,,13,23,2,4
53348,,,,13,23,2,4
53447,,,,13,23,2,4
53547,,,,13,23,2,4
53647,,,,13,23,2,4
53747,,,,13,23,2,4
53848,,,,13,23,2,4
53947,,,,13,23,2,4
54048,,,,13,23,2,4
54133,,,,13,23,2,4
54256,,,,13,23,2,4
54341,,,,13,23,2,4
54432,,,,13,23,2,4
54556,,,,13,23,2,4
54656,,,,13,23,2,4
54740,,,,13,23,2,4
54854,,,,13,23,2,4
54934,,,,13,23,2,4
55055,,,,13,23,2,4
55132,,,,13,23,2,4
55255,,,,13,23,2,4
55333,,,,13,23,2,4
55455,,,,13,23,2,4
55531,,,,13,23,2,4
55654,,,,13,23,2,4
55750,,,,13,23,2,4
55835,,,,13,23,2,4
55954,,,,13,23,2,4
56034,,,,13,23,2,4
56148,,,,13,23,2,4
56231,,,,13,23,2,4
56350,,,,13,23,2,4
56427,,,,13,23,2,4
56550,,,,13,23,2,4
56626,,,,13,23,2,4
56749,,,,13,23,2,4
56829,,,,13,23,2,4
56949,,,,13,23,2,4
57030,,,,13,23,2,4
57150,,,,13,23,2,4
57227,,,,13,23,2,4
57349,,,,13,23,2,4
57431,,,,13,23,2,4
57549,,,,13,23,2,4
57622,,,,13,23,2,4
57745,,,,13,23,2,4
57832,,,,13,23,2,4
57941,,,,13,23,2,4
58036,,,,13,23,2,4
58137,,,,13,23,2,4
58236,,,,13,23,2,4
58338,,,,13,23,2,4
58434,,,,13,23,2,4
58544,,,,13,23,2,4
58622,,,,13,23,2,4
58722,,,,13,23,2,4
58846,,,,13,23,2,4
58940,,,,13,23,2,4
59031,,,,13,23,2,4
59133,,,,13,23,2,4
59231,,,,13,23,2,4
59325,,,,13,23,2,4
59437,,,,13,23,2,4
59527,,,,13,23,2,4
59637,,,,13,23,2,4
59728,,,,13,23,2,4
59838,,,,13,23,2,4
59922,,,,13,23,2,4
60041,,,,13,23,2,4
60125,,,,13,23,2,4
60240,,,,13,23,2,4
60327,,,,13,23,2,4
60438,,,,13,23,2,4
60531,,,,13,23,2,4
60622,,,,13,23,2,4
60739,,,,13,23,2,4
60819,,,,13,23,2,4
60939,,,,13,23,2,4
61014,,,,13,23,2,4
61136,,,,13,23,2,4
61219,,,,13,23,2,4
61339,,,,13,23,2,4
61418,,,,13,23,2,4
61539,,,,13,23,2,4
61635,,,,13,23,2,4
61717,,,,13,23,2,4
61835,,,,13,23,2,4
61911,,,,13,23,2,4
62034,,,,13,23,2,4
62112,,,,13,23,2,4
62237,,,,13,23,2,4
62311,,,,13,23,2,4
62433,,,,13,23,2,4
62516,,,,13,23,2,4
62633,,,,13,23,2,4
62711,,,,13,23,2,4
62834,,,,13,23,2,4
62911,,,,13,23,2,4
63035,,,,13,23,2,4
63111,,,,13,23,2,4
63235,,,,13,23,2,4
63303,,,,13,23,2,4
63431,,,,13,23,2,4
63509,,,,13,23,2,4
63631,,,,13,23,2,4
63705,,,,13,23,2,4
63814,,,,13,23,2,4
63929,,,,13,23,2,4
64006,,,,13,23,2,4
64131,,,,13,23,2,4
64207,,,,13,23,2,4
64331,,,,13,23,2,4
64406,,,,13,23,2,4
64530,,,,13,23,2,4
64601,,,,13,23,2,4
64728,,,,13,23,2,4
64799,,,,13,23,2,4
64919,,,,13,23,2,4
65013,,,,13,23,2,4
65122,,,,13,23,2,4
65211,,,,13,23,2,4
65325,,,,13,23,2,4
65402,,,,13,23,2,4
65525,,,,13,23,2,4
65607,,,,13,23,2,4
65725,,,,13,23,2,4
65806,,,,13,23,2,4
65914,,,,13,23,2,4
66023,,,,13,23,2,4
66099,,,,13,23,2,4
66195,,,,13,23,2,4
66324,,,,13,23,2,4
66396,,,,13,23,2,4
66521,,,,13,23,2,4
66603,,,,13,23,2,4
66721,,,,13,23,2,4
66799,,,,13,23,2,4
66903,,,,13,23,2,4
67021,,,,13,23,2,4
67099,,,,13,23,2,4
67220,,,,13,23,2,4
67306,,,,13,23,2,4
67417,,,,13,23,2,4
67502,,,,13,23,2,4
67620,,,,13,23,2,4
67695,,,,13,23,2,4
67820,,,,13,23,2,4
67895,,,,13,23,2,4
68019,,,,13,23,2,4
68093,,,,13,23,2,4
68222,,,,13,23,2,4
68292,,,,13,23,2,4
68419,,,,13,23,2,4
68495,,,,13,23,2,4
68616,,,,13,23,2,4
68700,,,,13,23,2,4
68801,,,,13,23,2,4
68912,,,,13,23,2,4
68993,,,,13,23,2,4
69094,,,,13,23,2,4
69215,,,,13,23,2,4
69312,,,,13,23,2,4
69412,,,,13,23,2,4
69497,,,,13,23,2,4
69614,,,,13,23,2,4
69692,,,,13,23,2,4
69815,,,,13,23,2,4
69887,,,,13,23,2,4
69984,,,,13,23,2,4
70116,,,,13,23,2,4
70190,,,,13,23,2,4
70316,,,,13,23,2,4
70384,,,,13,23,2,4
70509,,,,13,23,2,4
70587,,,,13,23,2,4
70710,,,,13,23,2,4
70788,,,,13,23,2,4
70889,,,,13,23,2,4
70988,,,,13,23,2,4
71110,,,,13,23,2,4
71187,,,,13,23,2,4
71309,,,,13,23,2,4
71379,,,,13,23,2,4
71510,,,,13,23,2,4
71587,,,,13,23,2,4
71709,,,,13,23,2,4
71786,,,,13,23,2,4
71908,,,,13,23,2,4
71982,,,,13,23,2,4
72105,,,,13,23,2,4
72183,,,,13,23,2,4
72309,,,,13,23,2,4
72381,,,,13,23,2,4
72505,,,,13,23,2,4
72591,,,,13,23,2,4
72705,,,,13,23,2,4
72786,,,,13,23,2,4
72905,,,,13,23,2,4
72988,,,,13,23,2,4
73108,,,,13,23,2,4
73182,,,,13,23,2,4
73303,,,,13,23,2,4
73382,,,,13,23,2,4
73501,,,,13,23,2,4
73582,,,,13,23,2,4
73701,,,,13,23,2,4
73783,,,,13,23,2,4
73885,,,,13,23,2,4
73999,,,,13,23,2,4
74088,,,,13,23,2,4
74196,,,,13,23,2,4
74288,,,,13,23,2,4
74396,,,,13,23,2,4
74487,,,,13,23,2,4
74599,,,,13,23,2,4
74678,,,,13,23,2,4
74800,,,,13,23,2,4
74874,,,,13,23,2,4
75002,,,,13,23,2,4
75076,,,,13,23,2,4
75199,,,,13,23,2,4
75293,,,,13,23,2,4
75383,,,,13,23,2,4
75492,,,,13,23,2,4
75583,,,,13,23,2,4
75690,,,,13,23,2,4
75787,,,,13,23,2,4
75879,,,,13,23,2,4
76001,,,,13,23,2,4
76065,,,,13,23,2,4
76195,,,,13,23,2,4
76272,,,,13,23,2,4
76395,,,,13,23,2,4
76470,,,,13,23,2,4
76594,,,,13,23,2,4
76674,,,,13,23,2,4
76796,,,,13,23,2,4
76872,,,,13,23,2,4
76995,,,,13,23,2,4
77073,,,,13,23,2,4
77194,,,,13,23,2,4
77274,,,,13,23,2,4
77396,,,,13,23,2,4
77465,,,,13,23,2,4
77594,,,,13,23,2,4
77682,,,,13,23,2,4
77817,,,,13,23,2,4
77897,,,,13,23,2,4
78007,,,,13,23,2,4
78088,,,,13,23,2,4
78195,,,,13,23,2,4
78295,,,,13,23,2,4
78400,,,,13,23,2,4
78518,,,,13,23,2,4
78589,,,,13,23,2,4
78723,,,,13,23,2,4
78800,,,,13,23,2,4
78904,,,,13,23,2,4
78992,,,,13,23,2,4
79093,,,,13,23,2,4
79211,,,,13,23,2,4
79295,,,,13,23,2,4
79398,,,,13,23,2,4
79491,,,,13,23,2,4
79612,,,,13,23,2,4
79691,,,,13,23,2,4
79796,,,,13,23,2,4
79906,,,,13,23,2,4
80007,,,,13,23,2,4
80091,,,,13,23,2,4
80213,,,,13,23,2,4
80287,,,,13,23,2,4
80408,,,,13,23,2,4
80480,,,,13,23,2,4
80588,,,,13,23,2,4
80685,,,,13,23,2,4
80795,,,,13,23,2,4
80889,,,,13,23,2,4
81015,,,,13,23,2,4
81091,,,,13,23,2,4
81210,,,,13,23,2,4
81293,,,,13,23,2,4
81388,,,,13,23,2,4
81488,,,,13,23,2,4
81587,,,,13,23,2,4
81688,,,,13,23,2,4
81806,,,,13,23,2,4
81886,,,,13,23,2,4
81992,,,,13,23,2,4
82096,,,,13,23,2,4
82203,,,,13,23,2,4
82284,,,,13,23,2,4
82388,,,,13,23,2,4
82483,,,,13,23,2,4
82588,,,,13,23,2,4
82688,,,,13,23,2,4
82808,,,,13,23,2,4
82882,,,,13,23,2,4
83009,,,,13,23,2,4
83081,,,,13,23,2,4
83196,,,,13,23,2,4
83294,,,,13,23,2,4
83388,,,,13,23,2,4
83483,,,,13,23,2,4
83608,,,,13,23,2,4
83683,,,,13,23,2,4
83789,,,,13,23,2,4
83886,,,,13,23,2,4
83989,,,,13,23,2,4
84087,,,,13,23,2,4
84185,,,,13,23,2,4
84309,,,,13,23,2,4
84379,,,,13,23,2,4
84508,,,,13,23,2,4
84580,,,,13,23,2,4
84686,,,,13,23,2,4
84752,,,,13,23,2,4
84881,,,,13,23,2,4
84964,,,,13,23,2,4
85078,,,,13,23,2,4
85167,,,,13,23,2,4
85277,,,,13,23,2,4
85363,,,,13,23,2,4
85479,,,,13,23,2,4
85562,,,,13,23,2,4
85672,,,,13,23,2,4
85762,,,,13,23,2,4
85870,,,,13,23,2,4
85963,,,,13,23,2,4
86071,,,,13,23,2,4
86162,,,,13,23,2,4
86271,,,,13,23,2,4
86363,,,,13,23,2,4
86478,,,,13,23,2,4
86558,,,,13,23,2,4
86678,,,,13,23,2,4
86758,,,,13,23,2,4
86878,,,,13,23,2,4
86959,,,,13,23,2,4
87075,,,,13,23,2,4
87151,,,,13,23,2,4
87274,,,,13,23,2,4
87354,,,,13,23,2,4
87473,,,,13,23,2,4
87553,,,,13,23,2,4
87661,,,,13,23,2,4
87773,,,,13,23,2,4
87852,,,,13,23,2,4
87975,,,,13,23,2,4
88051,,,,13,23,2,4
88173,,,,13,23,2,4
88254,,,,13,23,2,4
88374,,,,13,23,2,4
88445,,,,13,23,2,4
88571,,,,13,23,2,4
88648,,,,13,23,2,4
88770,,,,13,23,2,4
88845,,,,13,23,2,4
88969,,,,13,23,2,4
89050,,,,13,23,2,4
89170,,,,13,23,2,4
89248,,,,13,23,2,4
89369,,,,13,23,2,4
89451,,,,13,23,2,4
89570,,,,13,23,2,4
89647,,,,13,23,2,4
89770,,,,13,23,2,4
89850,,,,13,23,2,4
89966,,,,13,23,2,4
90042,,,,13,23,2,4
90166,,,,13,23,2,4
90242,,,,13,23,2,4
90365,,,,13,23,2,4
90466,,,,13,23,2,4
90543,,,,13,23,2,4
90666,,,,13,23,2,4
90741,,,,13,23,2,4
90861,,,,13,23,2,4
90962,,,,13,23,2,4
91053,,,,13,23,2,4
91161,,,,13,23,2,4
91253,,,,13,23,2,4
91352,,,,13,23,2,4
91451,,,,13,23,2,4
91555,,,,13,23,2,4
91647,,,,13,23,2,4
91756,,,,13,23,2,4
91846,,,,13,23,2,4
91935,,,,13,23,2,4
92062,,,,13,23,2,4
92143,,,,13,23,2,4
92262,,,,13,23,2,4
92343,,,,13,23,2,4
92460,,,,13,23,2,4
92543,,,,13,23,2,4
92660,,,,13,23,2,4
92736,,,,13,23,2,4
92859,,,,13,23,2,4
92957,,,,13,23,2,4
93041,,,,13,23,2,4
93156,,,,13,23,2,4
93258,,,,13,23,2,4
93353,,,,13,23,2,4
93447,,,,13,23,2,4
93549,,,,13,23,2,4
93648,,,,13,23,2,4
93747,,,,13,23,2,4
93851,,,,13,23,2,4
93946,,,,13,23,2,4
94049,,,,13,23,2,4
94140,,,,13,23,2,4
94250,,,,13,23,2,4
94352,,,,13,23,2,4
94453,,,,13,23,2,4
94531,,,,13,23,2,4
94655,,,,13,23,2,4
94729,,,,13,23,2,4
94858,,,,13,23,2,4
94930,,,,13,23,2,4
95050,,,,13,23,2,4
95141,,,,13,23,2,4
95249,,,,13,23,2,4
95341,,,,13,23,2,4
95444,,,,13,23,2,4
95529,,,,13,23,2,4
95652,,,,13,23,2,4
95728,,,,13,23,2,4
95847,,,,13,23,2,4
95933,,,,13,23,2,4
96048,,,,13,23,2,4
96132,,,,13,23,2,4
96252,,,,13,23,2,4
96327,,,,13,23,2,4
96452,,,,13,23,2,4
96544,,,,13,23,2,4
96636,,,,13,23,2,4
96738,,,,13,23,2,4
96847,,,,13,23,2,4
96927,,,,13,23,2,4
97048,,,,13,23,2,4
97120,,,,13,23,2,4
97248,,,,13,23,2,4
97323,,,,13,23,2,4
97447,,,,13,23,2,4
97522,,,,13,23,2,4
97646,,,,13,23,2,4
97724,,,,13,23,2,4
97845,,,,13,23,2,4
97923,,,,13,23,2,4
98029,,,,13,23,2,4
98140,,,,13,23,2,4
98234,,,,13,23,2,4
98341,,,,13,23,2,4
98424,,,,13,23,2,4
98537,,,,13,23,2,4
98641,,,,13,23,2,4
98718,,,,13,23,2,4
98842,,,,13,23,2,4
98914,,,,13,23,2,4
99044,,,,13,23,2,4
99137,,,,13,23,2,4
99216,,,,13,23,2,4
99344,,,,13,23,2,4
99411,,,,13,23,2,4
99550,,,,13,23,2,4
99616,,,,13,23,2,4
99743,,,,13,23,2,4
99809,,,,13,23,2,4
99922,,,,13,23,2,4
100041,,,,13,23,2,4
100113,,,,13,23,2,4
100237,,,,13,23,2,4
100314,,,,13,23,2,4
100412,,,,13,23,2,4
100540,,,,13,23,2,4
100611,,,,13,23,2,4
100736,,,,13,23,2,4
100832,,,,13,23,2,4
100924,,,,13,23,2,4
101038,,,,13,23,2,4
101108,,,,13,23,2,4
101239,,,,13,23,2,4
101312,,,,13,23,2,4
101432,,,,13,23,2,4
101516,,,,13,23,2,4
101631,,,,13,23,2,4
101710,,,,13,23,2,4
101810,,,,13,23,2,4
101919,,,,13,23,2,4
102032,,,,13,23,2,4
102114,,,,13,23,2,4
102233,,,,13,23,2,4
102314,,,,13,23,2,4
102432,,,,13,23,2,4
102514,,,,13,23,2,4
102628,,,,13,23,2,4
102710,,,,13,23,2,4
102830,,,,13,23,2,4
102908,,,,13,23,2,4
103032,,,,13,23,2,4
103107,,,,13,23,2,4
103224,,,,13,23,2,4
103314,,,,13,23,2,4
103427,,,,13,23,2,4
103514,,,,13,23,2,4
103631,,,,13,23,2,4
103708,,,,13,23,2,4
103831,,,,13,23,2,4
103906,,,,13,23,2,4
104032,,,,13,23,2,4
104097,,,,13,23,2,4
104226,,,,13,23,2,4
104304,,,,13,23,2,4
104430,,,,13,23,2,4
104499,,,,13,23,2,4
104623,,,,13,23,2,4
104720,,,,13,23,2,4
104823,,,,13,23,2,4
104901,,,,13,23,2,4
105025,,,,13,23,2,4
105121,,,,13,23,2,4
105220,,,,13,23,2,4
105309,,,,13,23,2,4
105420,,,,13,23,2,4
105500,,,,13,23,2,4
105617,,,,13,23,2,4
105704,,,,13,23,2,4
105822,,,,13,23,2,4
105898,,,,13,23,2,4
106018,,,,13,23,2,4
106103,,,,13,23,2,4
106223,,,,13,23,2,4
106298,,,,13,23,2,4
106419,,,,13,23,2,4
106502,,,,13,23,2,4
106621,,,,13,23,2,4
106696,,,,13,23,2,4
106822,,,,13,23,2,4
106894,,,,13,23,2,4
107019,,,,13,23,2,4
107093,,,,13,23,2,4
107218,,,,13,23,2,4
107296,,,,13,23,2,4
107417,,,,13,23,2,4
107494,,,,13,23,2,4
107618,,,,13,23,2,4
107696,,,,13,23,2,4
107816,,,,13,23,2,4
107896,,,,13,23,2,4
108019,,,,13,23,2,4
108092,,,,13,23,2,4
108220,,,,13,23,2,4
108313,,,,13,23,2,4
108392,,,,13,23,2,4
108514,,,,13,23,2,4
108587,,,,13,23,2,4
108692,,,,13,23,2,4
108816,,,,13,23,2,4
108887,,,,13,23,2,4
109017,,,,13,23,2,4
109088,,,,13,23,2,4
109214,,,,13,23,2,4
109288,,,,13,23,2,4
109386,,,,13,23,2,4
109494,,,,13,23,2,4
109616,,,,13,23,2,4
109696,,,,13,23,2,4
109807,,,,13,23,2,4
109882,,,,13,23,2,4
110013,,,,13,23,2,4
110089,,,,13,23,2,4
110213,,,,13,23,2,4
110288,,,,13,23,2,4
110400,,,,13,23,2,4
110499,,,,13,23,2,4
110601,,,,13,23,2,4
110700,,,,13,23,2,4
110797,,,,13,23,2,4
110914,,,,13,23,2,4
110987,,,,13,23,2,4
111112,,,,13,23,2,4
111180,,,,13,23,2,4
111306,,,,13,23,2,4
111387,,,,13,23,2,4
111507,,,,13,23,2,4
111581,,,,13,23,2,4
111691,,,,13,23,2,4
111804,,,,13,23,2,4
111888,,,,13,23,2,4
112008,,,,13,23,2,4
112085,,,,13,23,2,4
112208,,,,13,23,2,4
112283,,,,13,23,2,4
112403,,,,13,23,2,4
112487,,,,13,23,2,4
112602,,,,13,23,2,4
112679,,,,13,23,2,4
112802,,,,13,23,2,4
112879,,,,13,23,2,4
113003,,,,13,23,2,4
113079,,,,13,23,2,4
113202,,,,13,23,2,4
113280,,,,13,23,2,4
113394,,,,13,23,2,4
113493,,,,13,23,2,4
113593,,,,13,23,2,4
113685,,,,13,23,2,4
113794,,,,13,23,2,4
113882,,,,13,23,2,4
113998,,,,13,23,2,4
114075,,,,13,23,2,4
114199,,,,13,23,2,4
114274,,,,13,23,2,4
114395,,,,13,23,2,4
114476,,,,13,23,2,4
114597,,,,13,23,2,4
114674,,,,13,23,2,4
114775,,,,13,23,2,4
114875,,,,13,23,2,4
115000,,,,13,23,2,4
115075,,,,13,23,2,4
115198,,,,13,23,2,4
115275,,,,13,23,2,4
115398,,,,13,23,2,4
115468,,,,13,23,2,4
115571,,,,13,23,2,4
115694,,,,13,23,2,4
115770,,,,13,23,2,4
115898,,,,13,23,2,4
115969,,,,13,23,2,4
116092,,,,13,23,2,4
116187,,,,13,23,2,4
116291,,,,13,23,2,4
116375,,,,13,23,2,4
116492,,,,13,23,2,4
116575,,,,13,23,2,4
116694,,,,13,23,2,4
116775,,,,13,23,2,4
116884,,,,13,23,2,4
116989,,,,13,23,2,4
117071,,,,13,23,2,4
117189,,,,13,23,2,4
117273,,,,13,23,2,4
117392,,,,13,23,2,4
117487,,,,13,23,2,4
117574,,,,13,23,2,4
117692,,,,13,23,2,4
117768,,,,13,23,2,4
117889,,,,13,23,2,4
117989,,,,13,23,2,4
118071,,,,13,23,2,4
118190,,,,13,23,2,4
118262,,,,13,23,2,4
118387,,,,13,23,2,4
118483,,,,13,23,2,4
118565,,,,13,23,2,4
118687,,,,13,23,2,4
118767,,,,13,23,2,4
118884,,,,13,23,2,4
118958,,,,13,23,2,4
119086,,,,13,23,2,4
119167,,,,13,23,2,4
119288,,,,13,23,2,4
119363,,,,13,23,2,4
119487,,,,13,23,2,4
119583,,,,13,23,2,4
119678,,,,13,23,2,4
119767,,,,13,23,2,4
119871,,,,13,23,2,4
119981,,,,13,23,2,4
120062,,,,13,23,2,4
120183,,,,13,23,2,4
120259,,,,13,23,2,4
120382,,,,13,23,2,4
120477,,,,13,23,2,4
120559,,,,13,23,2,4
120683,,,,13,23,2,4
120761,,,,13,23,2,4
120901,,,,13,23,2,4
120954,,,,13,23,2,4
121054,,,,13,23,2,4
121181,,,,13,23,2,4
121252,,,,13,23,2,4
121378,,,,13,23,2,4
121473,,,,13,23,2,4
121566,,,,13,23,2,4
121675,,,,13,23,2,4
121760,,,,13,23,2,4
121879,,,,13,23,2,4
121975,,,,13,23,2,4
122077,,,,13,23,2,4
122156,,,,13,23,2,4
122275,,,,13,23,2,4
122360,,,,13,23,2,4
122476,,,,13,23,2,4
122553,,,,13,23,2,4
122672,,,,13,23,2,4
122757,,,,13,23,2,4
122870,,,,13,23,2,4
122946,,,,13,23,2,4
123069,,,,13,23,2,4
123166,,,,13,23,2,4
123245,,,,13,23,2,4
123376,,,,13,23,2,4
123455,,,,13,23,2,4
123562,,,,13,23,2,4
123668,,,,13,23,2,4
123757,,,,13,23,2,4
123874,,,,13,23,2,4
123949,,,,13,23,2,4
124068,,,,13,23,2,4
124149,,,,13,23,2,4
124271,,,,13,23,2,4
124350,,,,13,23,2,4
124472,,,,13,23,2,4
124547,,,,13,23,2,4
124670,,,,13,23,2,4
124747,,,,13,23,2,4
124871,,,,13,23,2,4
124948,,,,13,23,2,4
125068,,,,13,23,2,4
125168,,,,13,23,2,4
125250,,,,13,23,2,4
125366,,,,13,23,2,4
125462,,,,13,23,2,4
125546,,,,13,23,2,4
125668,,,,13,23,2,4
125762,,,,13,23,2,4
125844,,,,13,23,2,4
125967,,,,13,23,2,4
126044,,,,13,23,2,4
126167,,,,13,23,2,4
126243,,,,13,23,2,4
126366,,,,13,23,2,4
126442,,,,13,23,2,4
126566,,,,13,23,2,4
126643,,,,13,23,2,4
126750,,,,13,23,2,4
126858,,,,13,23,2,4
126963,,,,13,23,2,4
127056,,,,13,23,2,4
127162,,,,13,23,2,4
127240,,,,13,23,2,4
127362,,,,13,23,2,4
127437,,,,13,23,2,4
127560,,,,13,23,2,4
127642,,,,13,23,2,4
127735,,,,13,23,2,4
127842,,,,13,23,2,4
127963,,,,13,23,2,4
128038,,,,13,23,2,4
128165,,,,13,23,2,4
128232,,,,13,23,2,4
128361,,,,13,23,2,4
128440,,,,13,23,2,4
128561,,,,13,23,2,4
128638,,,,13,23,2,4
128752,,,,13,23,2,4
128857,,,,13,23,2,4
128940,,,,13,23,2,4
129056,,,,13,23,2,4
129147,,,,13,23,2,4
129254,,,,13,23,2,4
129343,,,,13,23,2,4
129454,,,,13,23,2,4
129533,,,,13,23,2,4
129629,,,,13,23,2,4
129720,,,,13,23,2,4
129819,,,,13,23,2,4
129920,,,,13,23,2,4
130037,,,,13,23,2,4
130119,,,,13,23,2,4
130219,,,,13,23,2,4
130319,,,,13,23,2,4
130434,,,,13,23,2,4
130552,,,,13,23,2,4
130623,,,,13,23,2,4
130757,,,,13,23,2,4
130831,,,,13,23,2,4
130949,,,,13,23,2,4
131047,,,,13,23,2,4
131132,,,,13,23,2,4
131253,,,,13,23,2,4
131347,,,,13,23,2,4
131431,,,,13,23,2,4
131552,,,,13,23,2,4
131627,,,,13,23,2,4
131751,,,,13,23,2,4
131827,,,,13,23,2,4
131925,,,,13,23,2,4
132055,,,,13,23,2,4
132123,,,,13,23,2,4
132226,,,,13,23,2,4
132351,377.377565304734,668.3168935099583,-0.1628734469001323,76,86,81,83
132394,380.0541658072819,662.6458814499456,-0.405997201239638,70,80,85,87
132503,375.7615181640241,646.0255255751719,-0.4672066018513053,68,78,86,88
132603,383.29899354868314,646.2091003896043,-0.25747366451611475,74,84,83,85
132703,387.2483783364129,649.0136129425459,-0.09343550089392019,78,88,80,82
132803,397.1201479154924,653.8154320060266,0.12183541957995825,84,94,77,79
132903,405.43129900632056,651.7672271304467,0.28068499804721747,88,98,75,77
133003,407.4507641658378,652.3943305070537,0.5219730903347332,95,105,72,74
133103,403.3471263435704,656.9021572553008,0.580381801582442,96,106,71,73
133203,401.68962210273594,652.6795781337353,0.402796996739888,92,102,73,75
133303,405.5509426398628,642.9708624102468,0.21915765852994198,87,97,76,78
133403,406.7107269055455,630.6954507220942,-0.003232679703672018,81,91,79,81
133503,408.0807160685265,626.1847134743446,-0.1782928986170458,76,86,82,84
133603,404.0366339836459,633.404008345497,-0.30800641380040455,72,82,84,86
133703,408.3880444357723,648.3135678051951,-0.38871522043256496,70,80,85,87
133799,416.7176407920265,659.2783322758745,-0.4911678577862104,67,77,86,88
133899,416.2071034453752,659.0875395010011,-0.44165431044249753,69,79,85,87
133999,416.03623676424934,656.5987749794992,-0.33930226645056977,72,82,84,86
134099,415.63935344757397,656.8877001391066,-0.21522030415744017,75,85,82,84
134198,415.89832944780954,656.1485637600624,-0.1236913593137387,77,87,81,83
134299,417.4089442497648,658.0222828463305,-0.06520819752012538,79,89,80,82
134399,419.3505973440499,658.9637229504933,-0.06266613970437794,79,89,80,82
134498,420.100411410933,658.0799022920287,-0.06120542146587705,79,89,80,82
134599,418.7742495524401,656.9351386352148,-0.056210727972328636,79,89,80,82
134698,419.1795398784089,657.9644118555043,-0.03687370027923729,80,90,80,82
134799,419.7358914297815,659.9179969944649,-0.03374635040311268,80,90,80,82
134899,418.9105509119891,659.085817882883,-0.04191009756483167,80,90,80,82
134996,418.8963606367194,659.2490271132642,-0.032272072795651405,80,90,80,82
135099,417.0810634908326,655.8537197031998,-0.04217871573329879,80,90,80,82
135199,412.7523790899266,650.2148688379845,-0.04411810471937061,80,90,80,82
135295,412.53905553474954,648.7287651252504,-0.045802491951939715,80,90,80,82
135395,413.21982495805,650.2321860563405,-0.06060838011212819,79,89,80,82
135494,414.0054414370736,651.8122936451495,-0.07066208846712693,79,89,80,82
135595,413.8904921468848,651.5363715370271,-0.07760440085085123,79,89,80,82
135695,411.58763170634893,649.1069723446162,-0.08660820141251918,78,88,80,82
135795,412.5813141231963,649.7482829823008,-0.0842984746065567,78,88,80,82
135891,412.4649548078808,650.3791914677618,-0.09286868525036242,78,88,80,82
135995,412.11574983037565,648.6516561929229,-0.0960515425908369,78,88,80,82
136094,413.6937105880745,646.3346776937037,-0.09530807446676462,78,88,80,82
136194,413.9332918862643,643.8142858389244,-0.09861437789379168,78,88,81,83
136295,414.68962928481017,640.5849332265021,-0.10469906928101937,78,88,81,83
136394,414.12155421859734,639.2012719970734,-0.10685736026306616,78,88,81,83
136495,413.82999960910155,640.3873510268744,-0.10288809284094405,78,88,81,83
136595,414.71631441570133,641.84866029413,-0.11176446659281714,78,88,81,83
136691,416.48791756919866,645.177739363236,-0.11964402935553278,78,88,81,83
136791,416.4459985823641,645.9147755214849,-0.12271012975688964,77,87,81,83
136892,414.0061252779079,641.5727680853474,-0.12023263544249078,78,88,81,83
136991,411.2581591110503,637.2993051507265,-0.11382723810431132,78,88,81,83
137091,409.6609312879182,633.8179593840425,-0.09301730754674316,78,88,80,82
137191,409.91971146857617,633.7696256794497,-0.09499781939611954,78,88,80,82
137291,411.17198833952557,636.0743260642141,-0.1012507223632066,78,88,81,83
137391,411.7372621832233,637.6551817221799,-0.11559330517561431,78,88,81,83
137491,411.9421730586919,637.8258713053865,-0.11817956550821673,78,88,81,83
137591,412.99233531369936,638.3658034545012,-0.12019065439349465,78,88,81,83
137691,413.18888798488985,639.5728722040132,-0.13088223153121267,77,87,81,83
137791,412.6810998155535,638.9247986470064,-0.12885529008351757,77,87,81,83
137891,411.6156850178184,635.5295313370987,-0.12780603880544486,77,87,81,83
137991,405.1685874086775,611.6696464832668,-0.14983321568279712,77,87,81,83
138087,,,,77,87,81,83
138188,,,,77,87,81,83
138289,,,,77,87,81,83
138391,,,,77,87,81,83
138492,,,,77,87,81,83
138594,,,,77,87,81,83
138696,,,,77,87,81,83
138796,,,,77,87,81,83
138893,,,,77,87,81,83
139001,,,,77,87,81,83
139104,,,,77,87,81,83
139205,,,,77,87,81,83
139307,,,,77,87,81,83
139408,,,,77,87,81,83
139505,,,,77,87,81,83
139607,,,,77,87,81,83
139708,,,,77,87,81,83
139811,,,,77,87,81,83
139900,,,,77,87,81,83
140014,,,,77,87,81,83
140110,,,,77,87,81,83
140216,,,,77,87,81,83
140314,,,,77,87,81,83
140410,,,,77,87,81,83
140515,,,,77,87,81,83
140612,,,,77,87,81,83
140718,,,,77,87,81,83
140808,,,,77,87,81,83
140906,,,,77,87,81,83
141013,,,,77,87,81,83
141105,,,,77,87,81,83
141216,,,,77,87,81,83
141310,,,,77,87,81,83
141416,,,,77,87,81,83
141510,,,,77,87,81,83
141613,,,,77,87,81,83
141715,,,,77,87,81,83
141808,,,,77,87,81,83
141913,,,,77,87,81,83
142021,,,,77,87,81,83
142121,,,,77,87,81,83
142207,,,,77,87,81,83
142322,,,,77,87,81,83
142396,,,,77,87,81,83
142522,,,,77,87,81,83
142595,,,,77,87,81,83
142720,,,,77,87,81,83
142807,,,,77,87,81,83
142906,,,,77,87,81,83
143009,,,,77,87,81,83
143114,,,,77,87,81,83
143200,,,,77,87,81,83
143317,,,,77,87,81,83
143395,,,,77,87,81,83
143517,,,,77,87,81,83
143597,,,,77,87,81,83
143717,,,,77,87,81,83
143788,,,,77,87,81,83
143911,,,,77,87,81,83
143996,,,,77,87,81,83
144110,,,,77,87,81,83
144196,,,,77,87,81,83
144312,,,,77,87,81,83
144395,,,,77,87,81,83
144514,,,,77,87,81,83
144597,,,,77,87,81,83
144707,,,,77,87,81,83
144799,,,,77,87,81,83
144907,,,,77,87,81,83
145000,,,,77,87,81,83
145104,,,,77,87,81,83
145193,,,,77,87,81,83
145304,,,,77,87,81,83
145394,,,,77,87,81,83
145512,,,,77,87,81,83
145588,,,,77,87,81,83
145712,,,,77,87,81,83
145788,,,,77,87,81,83
145885,,,,77,87,81,83
146011,,,,77,87,81,83
146088,,,,77,87,81,83
146212,,,,77,87,81,83
146290,,,,77,87,81,83
146414,,,,77,87,81,83
146490,,,,77,87,81,83
146606,,,,77,87,81,83
146683,,,,77,87,81,83
146807,,,,77,87,81,83
146884,,,,77,87,81,83
146982,,,,77,87,81,83
147108,,,,77,87,81,83
147185,,,,77,87,81,83
147307,,,,77,87,81,83
147377,,,,77,87,81,83
147507,,,,77,87,81,83
147580,,,,77,87,81,83
147706,,,,77,87,81,83
147784,,,,77,87,81,83
147907,,,,77,87,81,83
147982,,,,77,87,81,83
148089,,,,77,87,81,83
148199,,,,77,87,81,83
148289,,,,77,87,81,83
148397,,,,77,87,81,83
148489,,,,77,87,81,83
148597,,,,77,87,81,83
148688,,,,77,87,81,83
148798,,,,77,87,81,83
148888,,,,77,87,81,83
148997,,,,77,87,81,83
149083,,,,77,87,81,83
149202,,,,77,87,81,83
149279,,,,77,87,81,83
149402,,,,77,87,81,83
149473,,,,77,87,81,83
149576,,,,77,87,81,83
149699,,,,77,87,81,83
149774,,,,77,87,81,83
149901,,,,77,87,81,83
149992,,,,77,87,81,83
150096,,,,77,87,81,83
150196,,,,77,87,81,83
150297,,,,77,87,81,83
150376,,,,77,87,81,83
150497,,,,77,87,81,83
150579,,,,77,87,81,83
150696,,,,77,87,81,83
150780,,,,77,87,81,83
150889,,,,77,87,81,83
150975,,,,77,87,81,83
151065,,,,77,87,81,83
151195,,,,77,87,81,83
151275,,,,77,87,81,83
151397,,,,77,87,81,83
151468,,,,77,87,81,83
151595,,,,77,87,81,83
151672,,,,77,87,81,83
151794,,,,77,87,81,83
151894,,,,77,87,81,83
151992,,,,77,87,81,83
152075,,,,77,87,81,83
152196,,,,77,87,81,83
152268,,,,77,87,81,83
152394,,,,77,87,81,83
152468,,,,77,87,81,83
152591,,,,77,87,81,83
152666,,,,77,87,81,83
152790,,,,77,87,81,83
152870,,,,77,87,81,83
152991,,,,77,87,81,83
153088,,,,77,87,81,83
153170,,,,77,87,81,83
153291,,,,77,87,81,83
153387,,,,77,87,81,83
153473,,,,77,87,81,83
153591,,,,77,87,81,83
153667,,,,77,87,81,83
153785,,,,77,87,81,83
153865,,,,77,87,81,83
153986,,,,77,87,81,83
154059,,,,77,87,81,83
154187,,,,77,87,81,83
154261,,,,77,87,81,83
154386,,,,77,87,81,83
154467,,,,77,87,81,83
154586,,,,77,87,81,83
154666,,,,77,87,81,83
154786,,,,77,87,81,83
154868,,,,77,87,81,83
154958,,,,77,87,81,83
155086,,,,77,87,81,83
155154,,,,77,87,81,83
155283,,,,77,87,81,83
155356,,,,77,87,81,83
155484,,,,77,87,81,83
155556,,,,77,87,81,83
155682,,,,77,87,81,83
155757,,,,77,87,81,83
155881,,,,77,87,81,83
155968,,,,77,87,81,83
156082,,,,77,87,81,83
156156,,,,77,87,81,83
156284,,,,77,87,81,83
156357,,,,77,87,81,83
156483,,,,77,87,81,83
156575,,,,77,87,81,83
156655,,,,77,87,81,83
156777,,,,77,87,81,83
156853,,,,77,87,81,83
156978,,,,77,87,81,83
157050,,,,77,87,81,83
157178,,,,77,87,81,83
157255,,,,77,87,81,83
157377,,,,77,87,81,83
157453,,,,77,87,81,83
157578,,,,77,87,81,83
157652,,,,77,87,81,83
157777,,,,77,87,81,83
157874,,,,77,87,81,83
157947,,,,77,87,81,83
158072,,,,77,87,81,83
158151,,,,77,87,81,83
158271,,,,77,87,81,83
158355,,,,77,87,81,83
158477,,,,77,87,81,83
158551,,,,77,87,81,83
158677,,,,77,87,81,83
158753,,,,77,87,81,83
158876,,,,77,87,81,83
158947,,,,77,87,81,83
159074,,,,77,87,81,83
159152,,,,77,87,81,83
159275,,,,77,87,81,83
159366,,,,77,87,81,83
159448,,,,77,87,81,83
159568,,,,77,87,81,83
159647,,,,77,87,81,83
159772,,,,77,87,81,83
159848,,,,77,87,81,83
159961,,,,77,87,81,83
160068,,,,77,87,81,83
160152,,,,77,87,81,83
160274,,,,77,87,81,83
160365,,,,77,87,81,83
160454,,,,77,87,81,83
160565,,,,77,87,81,83
160656,,,,77,87,81,83
160773,,,,77,87,81,83
160840,,,,77,87,81,83
160953,,,,77,87,81,83
161067,,,,77,87,81,83
161144,,,,77,87,81,83
161267,,,,77,87,81,83
161343,,,,77,87,81,83
161468,,,,77,87,81,83
161543,,,,77,87,81,83
161668,,,,77,87,81,83
161744,,,,77,87,81,83
161867,,,,77,87,81,83
161940,,,,77,87,81,83
162067,,,,77,87,81,83
162143,,,,77,87,81,83
162262,,,,77,87,81,83
162342,,,,77,87,81,83
162462,,,,77,87,81,83
162542,,,,77,87,81,83
162662,,,,77,87,81,83
162742,,,,77,87,81,83
162862,,,,77,87,81,83
162939,,,,77,87,81,83
163062,,,,77,87,81,83
163144,,,,77,87,81,83
163264,,,,77,87,81,83
163346,,,,77,87,81,83
163462,,,,77,87,81,83
163545,,,,77,87,81,83
163658,,,,77,87,81,83
163740,,,,77,87,81,83
163860,,,,77,87,81,83
163936,,,,77,87,81,83
164067,,,,77,87,81,83
164130,,,,77,87,81,83
164261,,,,77,87,81,83
164336,,,,77,87,81,83
164461,,,,77,87,81,83
164537,,,,77,87,81,83
164660,,,,77,87,81,83
164739,,,,77,87,81,83
164860,,,,77,87,81,83
164932,,,,77,87,81,83
165056,,,,77,87,81,83
165133,,,,77,87,81,83
165253,,,,77,87,81,83
165335,,,,77,87,81,83
165455,,,,77,87,81,83
165531,,,,77,87,81,83
165655,,,,77,87,81,83
165731,,,,77,87,81,83
165855,,,,77,87,81,83
165927,,,,77,87,81,83
166055,,,,77,87,81,83
166133,,,,77,87,81,83
166255,,,,77,87,81,83
166335,,,,77,87,81,83
166456,,,,77,87,81,83
166525,,,,77,87,81,83
166650,,,,77,87,81,83
166731,,,,77,87,81,83
166852,,,,77,87,81,83
166929,,,,77,87,81,83
167050,,,,77,87,81,83
167131,,,,77,87,81,83
167252,,,,77,87,81,83
167327,,,,77,87,81,83
167452,,,,77,87,81,83
167527,,,,77,87,81,83
167651,,,,77,87,81,83
167747,,,,77,87,81,83
167836,,,,77,87,81,83
167925,,,,77,87,81,83
168047,,,,77,87,81,83
168142,,,,77,87,81,83
168233,,,,77,87,81,83
168342,,,,77,87,81,83
168432,,,,77,87,81,83
168546,,,,77,87,81,83
168620,,,,77,87,81,83
168747,,,,77,87,81,83
168844,,,,77,87,81,83
168925,,,,77,87,81,83
169047,,,,77,87,81,83
169123,,,,77,87,81,83
169254,,,,77,87,81,83
169314,,,,77,87,81,83
169420,,,,77,87,81,83
169530,,,,77,87,81,83
169643,,,,77,87,81,83
169716,,,,77,87,81,83
169841,,,,77,87,81,83
169919,,,,77,87,81,83
170041,,,,77,87,81,83
170120,,,,77,87,81,83
170242,,,,77,87,81,83
170315,,,,77,87,81,83
170445,,,,77,87,81,83
170516,,,,77,87,81,83
170642,,,,77,87,81,83
170716,,,,77,87,81,83
170841,,,,77,87,81,83
170916,,,,77,87,81,83
171040,,,,77,87,81,83
171117,,,,77,87,81,83
171240,,,,77,87,81,83
171315,,,,77,87,81,83
171441,,,,77,87,81,83
171516,,,,77,87,81,83
171639,,,,77,87,81,83
171719,,,,77,87,81,83
171843,,,,77,87,81,83
171916,,,,77,87,81,83
172041,,,,77,87,81,83
172109,,,,77,87,81,83
172236,,,,77,87,81,83
172314,,,,77,87,81,83
172435,,,,77,87,81,83
172531,,,,77,87,81,83
172615,,,,77,87,81,83
172735,,,,77,87,81,83
172811,,,,77,87,81,83
172925,,,,77,87,81,83
173028,,,,77,87,81,83
173118,,,,77,87,81,83
173236,,,,77,87,81,83
173332,,,,77,87,81,83
173433,,,,77,87,81,83
173515,,,,77,87,81,83
173630,,,,77,87,81,83
173707,,,,77,87,81,83
173830,,,,77,87,81,83
173913,,,,77,87,81,83
174005,,,,77,87,81,83
174105,,,,77,87,81,83
174230,,,,77,87,81,83
174311,,,,77,87,81,83
174431,,,,77,87,81,83
174508,,,,77,87,81,83
174631,,,,77,87,81,83
174711,,,,77,87,81,83
174830,,,,77,87,81,83
174912,,,,77,87,81,83
175026,,,,77,87,81,83
175106,,,,77,87,81,83
175226,,,,77,87,81,83
175325,,,,77,87,81,83
175404,,,,77,87,81,83
175526,,,,77,87,81,83
175610,,,,77,87,81,83
175726,,,,77,87,81,83
175801,,,,77,87,81,83
175924,,,,77,87,81,83
176013,,,,77,87,81,83
176122,,,,77,87,81,83
176213,,,,77,87,81,83
176326,,,,77,87,81,83
176400,,,,77,87,81,83
176525,,,,77,87,81,83
176600,,,,77,87,81,83
176724,,,,77,87,81,83
176804,,,,77,87,81,83
176925,,,,77,87,81,83
177000,,,,77,87,81,83
177125,,,,77,87,81,83
177204,,,,77,87,81,83
177325,,,,77,87,81,83
177421,,,,77,87,81,83
177504,,,,77,87,81,83
177624,,,,77,87,81,83
177704,,,,77,87,81,83
177818,,,,77,87,81,83
177916,,,,77,87,81,83
178001,,,,77,87,81,83
178119,,,,77,87,81,83
178199,,,,77,87,81,83
178321,,,,77,87,81,83
178395,,,,77,87,81,83
178505,,,,77,87,81,83
178620,,,,77,87,81,83
178697,,,,77,87,81,83
178820,,,,77,87,81,83
178900,,,,77,87,81,83
179020,,,,77,87,81,83
179096,,,,77,87,81,83
179220,,,,77,87,81,83
179291,,,,77,87,81,83
179415,,,,77,87,81,83
179491,,,,77,87,81,83
179615,,,,77,87,81,83
179692,,,,77,87,81,83
179815,,,,77,87,81,83
179912,,,,77,87,81,83
179995,,,,77,87,81,83
180115,,,,77,87,81,83
180193,,,,77,87,81,83
180314,,,,77,87,81,83
180412,,,,77,87,81,83
180488,,,,77,87,81,83
180616,,,,77,87,81,83
180685,,,,77,87,81,83
180810,,,,77,87,81,83
180889,,,,77,87,81,83
181009,,,,77,87,81,83
181101,,,,77,87,81,83
181181,,,,77,87,81,83
181278,,,,77,87,81,83
181394,,,,77,87,81,83
181507,,,,77,87,81,83
181606,,,,77,87,81,83
181685,,,,77,87,81,83
181811,,,,77,87,81,83
181907,,,,77,87,81,83
181997,,,,77,87,81,83
182098,,,,77,87,81,83
182199,,,,77,87,81,83
182290,,,,77,87,81,83
182406,,,,77,87,81,83
182490,,,,77,87,81,83
182605,,,,77,87,81,83
182688,,,,77,87,81,83
182805,,,,77,87,81,83
182902,,,,77,87,81,83
182993,,,,77,87,81,83
183102,,,,77,87,81,83
183192,,,,77,87,81,83
183302,,,,77,87,81,83
183392,,,,77,87,81,83
183493,,,,77,87,81,83
183588,,,,77,87,81,83
183698,,,,77,87,81,83
183788,,,,77,87,81,83
183904,,,,77,87,81,83
183984,,,,77,87,81,83
184106,,,,77,87,81,83
184180,,,,77,87,81,83
184301,,,,77,87,81,83
184383,,,,77,87,81,83
184505,,,,77,87,81,83
184600,,,,77,87,81,83
184683,,,,77,87,81,83
184804,,,,77,87,81,83
184895,,,,77,87,81,83
184978,,,,77,87,81,83
185090,,,,77,87,81,83
185183,,,,77,87,81,83
185295,,,,77,87,81,83
185380,,,,77,87,81,83
185499,,,,77,87,81,83
185580,,,,77,87,81,83
185699,,,,77,87,81,83
185776,,,,77,87,81,83
185900,,,,77,87,81,83
185977,,,,77,87,81,83
186100,,,,77,87,81,83
186176,,,,77,87,81,83
186276,,,,77,87,81,83
186395,,,,77,87,81,83
186476,,,,77,87,81,83
186595,,,,77,87,81,83
186671,,,,77,87,81,83
186794,,,,77,87,81,83
186872,,,,77,87,81,83
186995,,,,77,87,81,83
187072,,,,77,87,81,83
187195,,,,77,87,81,83
187271,,,,77,87,81,83
187391,,,,77,87,81,83
187476,,,,77,87,81,83
187594,,,,77,87,81,83
187672,,,,77,87,81,83
187790,,,,77,87,81,83
187866,,,,77,87,81,83
187989,,,,77,87,81,83
188072,,,,77,87,81,83
188191,,,,77,87,81,83
188267,,,,77,87,81,83
188391,,,,77,87,81,83
188468,,,,77,87,81,83
188589,,,,77,87,81,83
188670,,,,77,87,81,83
188789,,,,77,87,81,83
188876,,,,77,87,81,83
188986,,,,77,87,81,83
189077,,,,77,87,81,83
189188,,,,77,87,81,83
189262,,,,77,87,81,83
189368,,,,77,87,81,83
189481,,,,77,87,81,83
189571,,,,77,87,81,83
189682,,,,77,87,81,83
189772,,,,77,87,81,83
189882,,,,77,87,81,83
189973,,,,77,87,81,83
190082,,,,77,87,81,83
190163,,,,77,87,81,83
190265,,,,77,87,81,83
190386,,,,77,87,81,83
190468,,,,77,87,81,83
190583,,,,77,87,81,83
190655,,,,77,87,81,83
190784,,,,77,87,81,83
190866,,,,77,87,81,83
190985,,,,77,87,81,83
191080,,,,77,87,81,83
191164,,,,77,87,81,83
191253,,,,77,87,81,83
191386,,,,77,87,81,83
191460,,,,77,87,81,83
191584,,,,77,87,81,83
191660,,,,77,87,81,83
191780,,,,77,87,81,83
191865,,,,77,87,81,83
191970,,,,77,87,81,83
192053,,,,77,87,81,83
192179,,,,77,87,81,83
192259,,,,77,87,81,83
192380,,,,77,87,81,83
192456,,,,77,87,81,83
192579,,,,77,87,81,83
192659,,,,77,87,81,83
192779,,,,77,87,81,83
192860,,,,77,87,81,83
192952,,,,77,87,81,83
193079,,,,77,87,81,83
193158,,,,77,87,81,83
193279,,,,77,87,81,83
193356,,,,77,87,81,83
193449,,,,77,87,81,83
193557,,,,77,87,81,83
193674,,,,77,87,81,83
193753,,,,77,87,81,83
193875,,,,77,87,81,83
193952,,,,77,87,81,83
194075,,,,77,87,81,83
194153,,,,77,87,81,83
194276,,,,77,87,81,83
194353,,,,77,87,81,83
194451,,,,77,87,81,83
194571,,,,77,87,81,83
194654,,,,77,87,81,83
194776,,,,77,87,81,83
194846,,,,77,87,81,83
194975,,,,77,87,81,83
195046,,,,77,87,81,83
195171,,,,77,87,81,83
195242,,,,77,87,81,83
195370,,,,77,87,81,83
195447,,,,77,87,81,83
195570,,,,77,87,81,83
195649,,,,77,87,81,83
195770,,,,77,87,81,83
195848,,,,77,87,81,83
195949,,,,77,87,81,83
196071,,,,77,87,81,83
196149,,,,77,87,81,83
196265,,,,77,87,81,83
196351,,,,77,87,81,83
196465,,,,77,87,81,83
196545,,,,77,87,81,83
196644,,,,77,87,81,83
196765,,,,77,87,81,83
196844,,,,77,87,81,83
196941,,,,77,87,81,83
197065,,,,77,87,81,83
197148,,,,77,87,81,83
197265,,,,77,87,81,83
197349,,,,77,87,81,83
197464,,,,77,87,81,83
197566,,,,77,87,81,83
197640,,,,77,87,81,83
197764,,,,77,87,81,83
197846,,,,77,87,81,83
197943,,,,77,87,81,83
198064,,,,77,87,81,83
198142,,,,77,87,81,83
198264,,,,77,87,81,83
198342,,,,77,87,81,83
198463,,,,77,87,81,83
198556,,,,77,87,81,83
198647,,,,77,87,81,83
198763,,,,77,87,81,83
198844,,,,77,87,81,83
198944,,,,77,87,81,83
199059,,,,77,87,81,83
199129,,,,77,87,81,83
199260,,,,77,87,81,83
199336,,,,77,87,81,83
199462,,,,77,87,81,83
199530,,,,77,87,81,83
199656,,,,77,87,81,83
199754,,,,77,87,81,83
199854,,,,77,87,81,83
199942,,,,77,87,81,83
200056,,,,77,87,81,83
200141,,,,77,87,81,83
200257,,,,77,87,81,83
200341,,,,77,87,81,83
200455,,,,77,87,81,83
200549,,,,77,87,81,83
200652,,,,77,87,81,83
200740,,,,77,87,81,83
200846,,,,77,87,81,83
200940,,,,77,87,81,83
201049,,,,77,87,81,83
201152,,,,77,87,81,83
201236,,,,77,87,81,83
201366,,,,77,87,81,83
201428,,,,77,87,81,83
201554,,,,77,87,81,83
201628,,,,77,87,81,83
201745,,,,77,87,81,83
201845,,,,77,87,81,83
201943,,,,77,87,81,83
202042,,,,77,87,81,83
202137,,,,77,87,81,83
202244,,,,77,87,81,83
202332,,,,77,87,81,83
202452,,,,77,87,81,83
202527,,,,77,87,81,83
202650,,,,77,87,81,83
202731,,,,77,87,81,83
202851,,,,77,87,81,83
202931,,,,77,87,81,83
203051,,,,77,87,81,83
203128,,,,77,87,81,83
203251,,,,77,87,81,83
203321,,,,77,87,81,83
203447,,,,77,87,81,83
203522,,,,77,87,81,83
203646,,,,77,87,81,83
203723,,,,77,87,81,83
203847,,,,77,87,81,83
203922,,,,77,87,81,83
204046,,,,77,87,81,83
204123,,,,77,87,81,83
204246,,,,77,87,81,83
204324,,,,77,87,81,83
204446,,,,77,87,81,83
204520,,,,77,87,81,83
204632,,,,77,87,81,83
204747,,,,77,87,81,83
204817,,,,77,87,81,83
204945,,,,77,87,81,83
205024,,,,77,87,81,83
205142,,,,77,87,81,83
205224,,,,77,87,81,83
205343,,,,77,87,81,83
205425,,,,77,87,81,83
205518,,,,77,87,81,83
205645,,,,77,87,81,83
205738,,,,77,87,81,83
205829,,,,77,87,81,83
205931,,,,77,87,81,83
206037,,,,77,87,81,83
206129,,,,77,87,81,83
206228,,,,77,87,81,83
206328,,,,77,87,81,83
206428,,,,77,87,81,83
206528,,,,77,87,81,83
206637,,,,77,87,81,83
206720,,,,77,87,81,83
206840,,,,77,87,81,83
206912,,,,77,87,81,83
207040,,,,77,87,81,83
207116,,,,77,87,81,83
207240,,,,77,87,81,83
207319,,,,77,87,81,83
207442,,,,77,87,81,83
207516,,,,77,87,81,83
207613,,,,77,87,81,83
207737,,,,77,87,81,83
207832,,,,77,87,81,83
207907,,,,77,87,81,83
