[camera]
# width=480
# height=640
# width=720
# height=1280
# width=1536
# height=1024
# width=640
# height=480
# fps=30

[detection]
tag_pixel_width = 100
widen_radius = 15

[arena]
nleds = 113#198
ring_r = 30 # in cm
origo_offset = [360, 360] # in pixels
cm_per_pixel = 0.1
baudrate = 115200#9600###921600#

[setup]
label = "Crazy"

    [[setup.suns]]
    link_factor = 2
    green = 255
    width = 11
    [[setup.suns]]
    blue = 255
    link_factor = 1
    azimuth = 50
    [[setup.suns]]
    link_factor = 0
    azimuth = 100
    red = 255
    [[setup.suns]]
    link_factor = -1
    green = 255
    azimuth = 150
    red = 255
    [[setup.suns]]
    blue = 255
    link_factor = -2
    azimuth = 200
    red = 255
    [[setup.suns]]
    blue = 255
    link_factor = 0.5
    green = 255
    azimuth = 250
    [[setup.suns]]
    blue = 255
    link_factor = -0.5
    green = 255
    azimuth = 300
    red = 255

[experiment]
datetime = 2023-12-09T13:58:37.259Z

ms,x,y,θ,start1,stop1,start2,stop2,start3,stop3,start4,stop4,start5,stop5,start6,stop6,start7,stop7
3077,,,,109,6,17,17,32,32,48,48,64,64,79,79,95,95
3375,,,,109,6,17,17,32,32,48,48,64,64,79,79,95,95
3404,,,,109,6,17,17,32,32,48,48,64,64,79,79,95,95
3431,,,,109,6,17,17,32,32,48,48,64,64,79,79,95,95
3460,,,,109,6,17,17,32,32,48,48,64,64,79,79,95,95
3487,,,,109,6,17,17,32,32,48,48,64,64,79,79,95,95
3533,,,,109,6,17,17,32,32,48,48,64,64,79,79,95,95
3558,,,,109,6,17,17,32,32,48,48,64,64,79,79,95,95
3583,,,,109,6,17,17,32,32,48,48,64,64,79,79,95,95
3608,,,,109,6,17,17,32,32,48,48,64,64,79,79,95,95
3633,,,,109,6,17,17,32,32,48,48,64,64,79,79,95,95
3659,,,,109,6,17,17,32,32,48,48,64,64,79,79,95,95
3685,,,,109,6,17,17,32,32,48,48,64,64,79,79,95,95
3712,,,,109,6,17,17,32,32,48,48,64,64,79,79,95,95
3738,,,,109,6,17,17,32,32,48,48,64,64,79,79,95,95
3764,,,,109,6,17,17,32,32,48,48,64,64,79,79,95,95
3803,,,,109,6,17,17,32,32,48,48,64,64,79,79,95,95
3829,,,,109,6,17,17,32,32,48,48,64,64,79,79,95,95
3854,,,,109,6,17,17,32,32,48,48,64,64,79,79,95,95
3880,,,,109,6,17,17,32,32,48,48,64,64,79,79,95,95
3904,,,,109,6,17,17,32,32,48,48,64,64,79,79,95,95
3929,,,,109,6,17,17,32,32,48,48,64,64,79,79,95,95
3954,,,,109,6,17,17,32,32,48,48,64,64,79,79,95,95
3979,,,,109,6,17,17,32,32,48,48,64,64,79,79,95,95
4004,,,,109,6,17,17,32,32,48,48,64,64,79,79,95,95
4030,,,,109,6,17,17,32,32,48,48,64,64,79,79,95,95
4063,,,,109,6,17,17,32,32,48,48,64,64,79,79,95,95
4089,,,,109,6,17,17,32,32,48,48,64,64,79,79,95,95
4114,,,,109,6,17,17,32,32,48,48,64,64,79,79,95,95
4139,,,,109,6,17,17,32,32,48,48,64,64,79,79,95,95
4163,,,,109,6,17,17,32,32,48,48,64,64,79,79,95,95
4187,,,,109,6,17,17,32,32,48,48,64,64,79,79,95,95
4211,,,,109,6,17,17,32,32,48,48,64,64,79,79,95,95
4272,,,,109,6,17,17,32,32,48,48,64,64,79,79,95,95
4371,,,,109,6,17,17,32,32,48,48,64,64,79,79,95,95
4571,403.97076807185374,693.8669658121252,-0.2928130004137979,110,7,17,17,32,32,48,48,63,63,80,80,95,95
4571,402.75230920041093,698.9424964281736,0.02955286821919329,110,7,17,17,32,32,48,48,63,63,80,80,95,95
4653,399.6764798761221,702.5656325882093,0.3210563839793239,8,18,22,22,32,32,42,42,52,52,82,82,92,92
4751,402.419401004309,706.3964637115481,0.7344209441883881,22,32,30,30,32,32,35,35,37,37,86,86,89,89
4854,405.7522435674566,705.0165458727257,1.1264057239844403,37,47,37,37,32,32,28,28,23,23,90,90,85,85
4954,406.8812512385057,701.4646672501415,1.495719343434693,50,60,44,44,32,32,21,21,10,10,93,93,82,82
5054,404.3128848554228,699.6214599472975,1.724299833208754,58,68,48,48,32,32,17,17,2,2,95,95,80,80
5154,403.03459167390145,701.023126198722,2.071562907045152,71,81,54,54,32,32,11,11,102,102,98,98,77,77
5254,404.7144295708051,703.249623196495,2.3081827889575437,79,89,58,58,32,32,7,7,94,94,100,100,74,74
5354,405.4653855864641,705.2388867487052,2.4897046046863403,86,96,61,61,32,32,3,3,87,87,102,102,73,73
5453,403.76713898004897,706.6232366828282,2.4945152829248562,86,96,62,62,32,32,3,3,87,87,102,102,73,73
5554,404.03015829881303,705.7700911803391,2.2902756468423666,78,88,58,58,32,32,7,7,94,94,100,100,75,75
5654,409.48574539862705,704.0124544268953,1.948334019669231,66,76,52,52,32,32,13,13,107,107,97,97,78,78
5754,411.0457858675285,703.3583782534934,1.6658084459821954,56,66,47,47,32,32,18,18,4,4,94,94,80,80
5854,408.0013249625115,702.2552546567988,1.3958977686692398,46,56,42,42,32,32,23,23,14,14,92,92,83,83
5954,406.62967267783415,701.7543870385341,1.111387133741033,36,46,37,37,32,32,28,28,24,24,89,89,85,85
6054,405.98554980341606,701.1535428313543,0.8792413656466382,28,38,33,33,32,32,32,32,32,32,87,87,87,87
6154,404.50807696232454,701.3270784032745,0.5764179196162968,17,27,27,27,32,32,38,38,43,43,85,85,90,90
6254,402.26921633439076,700.9945631097271,0.35262823840276264,9,19,23,23,32,32,42,42,51,51,83,83,92,92
6354,401.09289099619616,701.722060088021,0.15922584542551116,2,12,20,20,32,32,45,45,58,58,81,81,94,94
6454,398.0433339891523,698.0184392537114,-0.22208603321196574,101,111,13,13,32,32,52,52,72,72,77,77,97,97
6554,396.5452931177317,697.0243620799624,-0.3624539067343343,96,106,10,10,32,32,55,55,77,77,76,76,98,98
6654,394.86661936824805,696.1532546637698,-0.39626835529301885,95,105,10,10,32,32,55,55,78,78,76,76,99,99
6754,393.8685901245936,696.4520555579231,-0.30163868715083303,98,108,11,11,32,32,54,54,75,75,77,77,98,98
6854,396.05480421189986,698.6224839568047,0.018639005037030556,110,7,17,17,32,32,48,48,63,63,80,80,95,95
6954,399.6598823525278,702.2414600209431,0.3839380839526937,10,20,24,24,32,32,41,41,50,50,83,83,92,92
7054,402.84705512546816,702.8069551098195,0.8008866365561144,25,35,31,31,32,32,34,34,35,35,87,87,88,88
7154,405.48591754259155,696.9548978643263,0.8893071448352884,28,38,33,33,32,32,32,32,32,32,87,87,87,87
7254,,,,28,38,33,33,32,32,32,32,32,32,87,87,87,87
7355,,,,28,38,33,33,32,32,32,32,32,32,87,87,87,87
7455,,,,28,38,33,33,32,32,32,32,32,32,87,87,87,87
7555,,,,28,38,33,33,32,32,32,32,32,32,87,87,87,87
7656,,,,28,38,33,33,32,32,32,32,32,32,87,87,87,87
7757,,,,28,38,33,33,32,32,32,32,32,32,87,87,87,87
7859,,,,28,38,33,33,32,32,32,32,32,32,87,87,87,87
7960,,,,28,38,33,33,32,32,32,32,32,32,87,87,87,87
8060,,,,28,38,33,33,32,32,32,32,32,32,87,87,87,87
8161,,,,28,38,33,33,32,32,32,32,32,32,87,87,87,87
8263,,,,28,38,33,33,32,32,32,32,32,32,87,87,87,87
8364,,,,28,38,33,33,32,32,32,32,32,32,87,87,87,87
8466,,,,28,38,33,33,32,32,32,32,32,32,87,87,87,87
8567,,,,28,38,33,33,32,32,32,32,32,32,87,87,87,87
8668,,,,28,38,33,33,32,32,32,32,32,32,87,87,87,87
8771,,,,28,38,33,33,32,32,32,32,32,32,87,87,87,87
8871,,,,28,38,33,33,32,32,32,32,32,32,87,87,87,87
8973,,,,28,38,33,33,32,32,32,32,32,32,87,87,87,87
9075,,,,28,38,33,33,32,32,32,32,32,32,87,87,87,87
9177,,,,28,38,33,33,32,32,32,32,32,32,87,87,87,87
9277,,,,28,38,33,33,32,32,32,32,32,32,87,87,87,87
9381,,,,28,38,33,33,32,32,32,32,32,32,87,87,87,87
9481,,,,28,38,33,33,32,32,32,32,32,32,87,87,87,87
9585,,,,28,38,33,33,32,32,32,32,32,32,87,87,87,87
9683,,,,28,38,33,33,32,32,32,32,32,32,87,87,87,87
9784,,,,28,38,33,33,32,32,32,32,32,32,87,87,87,87
9891,,,,28,38,33,33,32,32,32,32,32,32,87,87,87,87
9988,,,,28,38,33,33,32,32,32,32,32,32,87,87,87,87
10090,,,,28,38,33,33,32,32,32,32,32,32,87,87,87,87
10191,,,,28,38,33,33,32,32,32,32,32,32,87,87,87,87
10290,,,,28,38,33,33,32,32,32,32,32,32,87,87,87,87
10390,,,,28,38,33,33,32,32,32,32,32,32,87,87,87,87
10493,,,,28,38,33,33,32,32,32,32,32,32,87,87,87,87
10594,,,,28,38,33,33,32,32,32,32,32,32,87,87,87,87
10693,,,,28,38,33,33,32,32,32,32,32,32,87,87,87,87
10794,,,,28,38,33,33,32,32,32,32,32,32,87,87,87,87
10892,,,,28,38,33,33,32,32,32,32,32,32,87,87,87,87
10998,,,,28,38,33,33,32,32,32,32,32,32,87,87,87,87
11104,,,,28,38,33,33,32,32,32,32,32,32,87,87,87,87
11198,,,,28,38,33,33,32,32,32,32,32,32,87,87,87,87
11298,,,,28,38,33,33,32,32,32,32,32,32,87,87,87,87
11398,,,,28,38,33,33,32,32,32,32,32,32,87,87,87,87
11495,,,,28,38,33,33,32,32,32,32,32,32,87,87,87,87
11598,,,,28,38,33,33,32,32,32,32,32,32,87,87,87,87
11696,,,,28,38,33,33,32,32,32,32,32,32,87,87,87,87
11796,,,,28,38,33,33,32,32,32,32,32,32,87,87,87,87
11898,,,,28,38,33,33,32,32,32,32,32,32,87,87,87,87
11997,,,,28,38,33,33,32,32,32,32,32,32,87,87,87,87
12101,,,,28,38,33,33,32,32,32,32,32,32,87,87,87,87
12199,,,,28,38,33,33,32,32,32,32,32,32,87,87,87,87
12299,,,,28,38,33,33,32,32,32,32,32,32,87,87,87,87
12397,,,,28,38,33,33,32,32,32,32,32,32,87,87,87,87
12496,,,,28,38,33,33,32,32,32,32,32,32,87,87,87,87
12596,,,,28,38,33,33,32,32,32,32,32,32,87,87,87,87
12701,,,,28,38,33,33,32,32,32,32,32,32,87,87,87,87
12800,,,,28,38,33,33,32,32,32,32,32,32,87,87,87,87
12903,,,,28,38,33,33,32,32,32,32,32,32,87,87,87,87
13002,,,,28,38,33,33,32,32,32,32,32,32,87,87,87,87
13101,,,,28,38,33,33,32,32,32,32,32,32,87,87,87,87
13195,,,,28,38,33,33,32,32,32,32,32,32,87,87,87,87
13294,,,,28,38,33,33,32,32,32,32,32,32,87,87,87,87
13398,,,,28,38,33,33,32,32,32,32,32,32,87,87,87,87
13493,,,,28,38,33,33,32,32,32,32,32,32,87,87,87,87
13599,,,,28,38,33,33,32,32,32,32,32,32,87,87,87,87
13698,,,,28,38,33,33,32,32,32,32,32,32,87,87,87,87
13795,,,,28,38,33,33,32,32,32,32,32,32,87,87,87,87
13901,,,,28,38,33,33,32,32,32,32,32,32,87,87,87,87
13997,,,,28,38,33,33,32,32,32,32,32,32,87,87,87,87
14099,,,,28,38,33,33,32,32,32,32,32,32,87,87,87,87
14198,,,,28,38,33,33,32,32,32,32,32,32,87,87,87,87
14298,,,,28,38,33,33,32,32,32,32,32,32,87,87,87,87
14399,,,,28,38,33,33,32,32,32,32,32,32,87,87,87,87
14473,,,,28,38,33,33,32,32,32,32,32,32,87,87,87,87
14595,,,,28,38,33,33,32,32,32,32,32,32,87,87,87,87
14695,,,,28,38,33,33,32,32,32,32,32,32,87,87,87,87
14795,,,,28,38,33,33,32,32,32,32,32,32,87,87,87,87
14899,,,,28,38,33,33,32,32,32,32,32,32,87,87,87,87
14997,,,,28,38,33,33,32,32,32,32,32,32,87,87,87,87
15099,,,,28,38,33,33,32,32,32,32,32,32,87,87,87,87
15193,,,,28,38,33,33,32,32,32,32,32,32,87,87,87,87
15297,,,,28,38,33,33,32,32,32,32,32,32,87,87,87,87
15398,,,,28,38,33,33,32,32,32,32,32,32,87,87,87,87
15500,,,,28,38,33,33,32,32,32,32,32,32,87,87,87,87
15596,,,,28,38,33,33,32,32,32,32,32,32,87,87,87,87
15698,,,,28,38,33,33,32,32,32,32,32,32,87,87,87,87
15796,,,,28,38,33,33,32,32,32,32,32,32,87,87,87,87
15896,,,,28,38,33,33,32,32,32,32,32,32,87,87,87,87
15999,,,,28,38,33,33,32,32,32,32,32,32,87,87,87,87
16100,,,,28,38,33,33,32,32,32,32,32,32,87,87,87,87
16197,,,,28,38,33,33,32,32,32,32,32,32,87,87,87,87
16293,,,,28,38,33,33,32,32,32,32,32,32,87,87,87,87
16398,,,,28,38,33,33,32,32,32,32,32,32,87,87,87,87
16499,,,,28,38,33,33,32,32,32,32,32,32,87,87,87,87
16596,,,,28,38,33,33,32,32,32,32,32,32,87,87,87,87
16696,,,,28,38,33,33,32,32,32,32,32,32,87,87,87,87
16800,,,,28,38,33,33,32,32,32,32,32,32,87,87,87,87
16899,,,,28,38,33,33,32,32,32,32,32,32,87,87,87,87
16998,,,,28,38,33,33,32,32,32,32,32,32,87,87,87,87
17100,,,,28,38,33,33,32,32,32,32,32,32,87,87,87,87
17199,,,,28,38,33,33,32,32,32,32,32,32,87,87,87,87
17295,,,,28,38,33,33,32,32,32,32,32,32,87,87,87,87
17393,,,,28,38,33,33,32,32,32,32,32,32,87,87,87,87
17500,,,,28,38,33,33,32,32,32,32,32,32,87,87,87,87
17598,,,,28,38,33,33,32,32,32,32,32,32,87,87,87,87
17698,,,,28,38,33,33,32,32,32,32,32,32,87,87,87,87
17806,,,,28,38,33,33,32,32,32,32,32,32,87,87,87,87
17900,,,,28,38,33,33,32,32,32,32,32,32,87,87,87,87
18000,,,,28,38,33,33,32,32,32,32,32,32,87,87,87,87
18132,,,,28,38,33,33,32,32,32,32,32,32,87,87,87,87
18172,,,,28,38,33,33,32,32,32,32,32,32,87,87,87,87
18273,,,,28,38,33,33,32,32,32,32,32,32,87,87,87,87
18372,,,,28,38,33,33,32,32,32,32,32,32,87,87,87,87
18499,,,,28,38,33,33,32,32,32,32,32,32,87,87,87,87
18600,,,,28,38,33,33,32,32,32,32,32,32,87,87,87,87
18697,,,,28,38,33,33,32,32,32,32,32,32,87,87,87,87
18796,,,,28,38,33,33,32,32,32,32,32,32,87,87,87,87
18896,,,,28,38,33,33,32,32,32,32,32,32,87,87,87,87
19034,,,,28,38,33,33,32,32,32,32,32,32,87,87,87,87
19097,,,,28,38,33,33,32,32,32,32,32,32,87,87,87,87
19172,,,,28,38,33,33,32,32,32,32,32,32,87,87,87,87
19297,,,,28,38,33,33,32,32,32,32,32,32,87,87,87,87
19396,,,,28,38,33,33,32,32,32,32,32,32,87,87,87,87
19499,,,,28,38,33,33,32,32,32,32,32,32,87,87,87,87
19600,,,,28,38,33,33,32,32,32,32,32,32,87,87,87,87
19696,,,,28,38,33,33,32,32,32,32,32,32,87,87,87,87
19794,,,,28,38,33,33,32,32,32,32,32,32,87,87,87,87
19895,,,,28,38,33,33,32,32,32,32,32,32,87,87,87,87
20073,,,,28,38,33,33,32,32,32,32,32,32,87,87,87,87
20098,,,,28,38,33,33,32,32,32,32,32,32,87,87,87,87
20174,,,,28,38,33,33,32,32,32,32,32,32,87,87,87,87
20273,,,,28,38,33,33,32,32,32,32,32,32,87,87,87,87
20373,,,,28,38,33,33,32,32,32,32,32,32,87,87,87,87
20495,,,,28,38,33,33,32,32,32,32,32,32,87,87,87,87
20689,,,,28,38,33,33,32,32,32,32,32,32,87,87,87,87
20716,,,,28,38,33,33,32,32,32,32,32,32,87,87,87,87
20773,,,,28,38,33,33,32,32,32,32,32,32,87,87,87,87
20874,,,,28,38,33,33,32,32,32,32,32,32,87,87,87,87
20973,,,,28,38,33,33,32,32,32,32,32,32,87,87,87,87
21110,,,,28,38,33,33,32,32,32,32,32,32,87,87,87,87
21198,,,,28,38,33,33,32,32,32,32,32,32,87,87,87,87
21297,,,,28,38,33,33,32,32,32,32,32,32,87,87,87,87
21417,,,,28,38,33,33,32,32,32,32,32,32,87,87,87,87
21516,,,,28,38,33,33,32,32,32,32,32,32,87,87,87,87
21607,,,,28,38,33,33,32,32,32,32,32,32,87,87,87,87
21704,,,,28,38,33,33,32,32,32,32,32,32,87,87,87,87
21804,,,,28,38,33,33,32,32,32,32,32,32,87,87,87,87
21903,,,,28,38,33,33,32,32,32,32,32,32,87,87,87,87
22004,,,,28,38,33,33,32,32,32,32,32,32,87,87,87,87
22107,,,,28,38,33,33,32,32,32,32,32,32,87,87,87,87
22207,,,,28,38,33,33,32,32,32,32,32,32,87,87,87,87
22279,,,,28,38,33,33,32,32,32,32,32,32,87,87,87,87
22390,,,,28,38,33,33,32,32,32,32,32,32,87,87,87,87
22482,,,,28,38,33,33,32,32,32,32,32,32,87,87,87,87
22590,,,,28,38,33,33,32,32,32,32,32,32,87,87,87,87
22691,,,,28,38,33,33,32,32,32,32,32,32,87,87,87,87
22779,,,,28,38,33,33,32,32,32,32,32,32,87,87,87,87
22891,,,,28,38,33,33,32,32,32,32,32,32,87,87,87,87
22994,,,,28,38,33,33,32,32,32,32,32,32,87,87,87,87
23091,,,,28,38,33,33,32,32,32,32,32,32,87,87,87,87
23194,,,,28,38,33,33,32,32,32,32,32,32,87,87,87,87
23293,,,,28,38,33,33,32,32,32,32,32,32,87,87,87,87
23398,,,,28,38,33,33,32,32,32,32,32,32,87,87,87,87
23495,,,,28,38,33,33,32,32,32,32,32,32,87,87,87,87
23590,,,,28,38,33,33,32,32,32,32,32,32,87,87,87,87
23691,,,,28,38,33,33,32,32,32,32,32,32,87,87,87,87
23793,,,,28,38,33,33,32,32,32,32,32,32,87,87,87,87
23889,,,,28,38,33,33,32,32,32,32,32,32,87,87,87,87
23993,,,,28,38,33,33,32,32,32,32,32,32,87,87,87,87
24093,,,,28,38,33,33,32,32,32,32,32,32,87,87,87,87
24190,,,,28,38,33,33,32,32,32,32,32,32,87,87,87,87
24289,,,,28,38,33,33,32,32,32,32,32,32,87,87,87,87
24390,,,,28,38,33,33,32,32,32,32,32,32,87,87,87,87
24488,,,,28,38,33,33,32,32,32,32,32,32,87,87,87,87
24593,,,,28,38,33,33,32,32,32,32,32,32,87,87,87,87
24693,,,,28,38,33,33,32,32,32,32,32,32,87,87,87,87
24786,,,,28,38,33,33,32,32,32,32,32,32,87,87,87,87
24892,,,,28,38,33,33,32,32,32,32,32,32,87,87,87,87
24974,,,,28,38,33,33,32,32,32,32,32,32,87,87,87,87
25071,,,,28,38,33,33,32,32,32,32,32,32,87,87,87,87
25176,,,,28,38,33,33,32,32,32,32,32,32,87,87,87,87
25288,,,,28,38,33,33,32,32,32,32,32,32,87,87,87,87
25381,,,,28,38,33,33,32,32,32,32,32,32,87,87,87,87
25479,,,,28,38,33,33,32,32,32,32,32,32,87,87,87,87
25573,,,,28,38,33,33,32,32,32,32,32,32,87,87,87,87
25675,,,,28,38,33,33,32,32,32,32,32,32,87,87,87,87
25774,,,,28,38,33,33,32,32,32,32,32,32,87,87,87,87
25874,,,,28,38,33,33,32,32,32,32,32,32,87,87,87,87
25977,,,,28,38,33,33,32,32,32,32,32,32,87,87,87,87
26077,,,,28,38,33,33,32,32,32,32,32,32,87,87,87,87
26178,,,,28,38,33,33,32,32,32,32,32,32,87,87,87,87
26279,,,,28,38,33,33,32,32,32,32,32,32,87,87,87,87
26376,,,,28,38,33,33,32,32,32,32,32,32,87,87,87,87
26479,,,,28,38,33,33,32,32,32,32,32,32,87,87,87,87
26578,,,,28,38,33,33,32,32,32,32,32,32,87,87,87,87
26674,,,,28,38,33,33,32,32,32,32,32,32,87,87,87,87
26780,,,,28,38,33,33,32,32,32,32,32,32,87,87,87,87
26878,,,,28,38,33,33,32,32,32,32,32,32,87,87,87,87
26980,,,,28,38,33,33,32,32,32,32,32,32,87,87,87,87
27076,,,,28,38,33,33,32,32,32,32,32,32,87,87,87,87
27186,,,,28,38,33,33,32,32,32,32,32,32,87,87,87,87
27276,,,,28,38,33,33,32,32,32,32,32,32,87,87,87,87
27377,,,,28,38,33,33,32,32,32,32,32,32,87,87,87,87
27476,,,,28,38,33,33,32,32,32,32,32,32,87,87,87,87
27575,,,,28,38,33,33,32,32,32,32,32,32,87,87,87,87
27673,,,,28,38,33,33,32,32,32,32,32,32,87,87,87,87
27777,,,,28,38,33,33,32,32,32,32,32,32,87,87,87,87
27878,,,,28,38,33,33,32,32,32,32,32,32,87,87,87,87
27973,,,,28,38,33,33,32,32,32,32,32,32,87,87,87,87
28076,,,,28,38,33,33,32,32,32,32,32,32,87,87,87,87
28175,,,,28,38,33,33,32,32,32,32,32,32,87,87,87,87
28275,,,,28,38,33,33,32,32,32,32,32,32,87,87,87,87
28377,,,,28,38,33,33,32,32,32,32,32,32,87,87,87,87
28476,,,,28,38,33,33,32,32,32,32,32,32,87,87,87,87
28575,,,,28,38,33,33,32,32,32,32,32,32,87,87,87,87
28675,,,,28,38,33,33,32,32,32,32,32,32,87,87,87,87
28775,,,,28,38,33,33,32,32,32,32,32,32,87,87,87,87
28878,,,,28,38,33,33,32,32,32,32,32,32,87,87,87,87
28976,,,,28,38,33,33,32,32,32,32,32,32,87,87,87,87
29076,,,,28,38,33,33,32,32,32,32,32,32,87,87,87,87
29184,,,,28,38,33,33,32,32,32,32,32,32,87,87,87,87
29274,,,,28,38,33,33,32,32,32,32,32,32,87,87,87,87
29396,,,,28,38,33,33,32,32,32,32,32,32,87,87,87,87
29499,,,,28,38,33,33,32,32,32,32,32,32,87,87,87,87
29597,,,,28,38,33,33,32,32,32,32,32,32,87,87,87,87
29696,,,,28,38,33,33,32,32,32,32,32,32,87,87,87,87
29798,,,,28,38,33,33,32,32,32,32,32,32,87,87,87,87
29897,,,,28,38,33,33,32,32,32,32,32,32,87,87,87,87
29999,,,,28,38,33,33,32,32,32,32,32,32,87,87,87,87
30098,,,,28,38,33,33,32,32,32,32,32,32,87,87,87,87
30200,,,,28,38,33,33,32,32,32,32,32,32,87,87,87,87
30296,,,,28,38,33,33,32,32,32,32,32,32,87,87,87,87
30398,,,,28,38,33,33,32,32,32,32,32,32,87,87,87,87
30497,,,,28,38,33,33,32,32,32,32,32,32,87,87,87,87
30597,,,,28,38,33,33,32,32,32,32,32,32,87,87,87,87
30698,,,,28,38,33,33,32,32,32,32,32,32,87,87,87,87
30798,,,,28,38,33,33,32,32,32,32,32,32,87,87,87,87
30898,,,,28,38,33,33,32,32,32,32,32,32,87,87,87,87
31000,,,,28,38,33,33,32,32,32,32,32,32,87,87,87,87
31098,,,,28,38,33,33,32,32,32,32,32,32,87,87,87,87
31215,,,,28,38,33,33,32,32,32,32,32,32,87,87,87,87
31274,,,,28,38,33,33,32,32,32,32,32,32,87,87,87,87
31397,,,,28,38,33,33,32,32,32,32,32,32,87,87,87,87
31499,,,,28,38,33,33,32,32,32,32,32,32,87,87,87,87
31596,,,,28,38,33,33,32,32,32,32,32,32,87,87,87,87
31701,,,,28,38,33,33,32,32,32,32,32,32,87,87,87,87
31799,,,,28,38,33,33,32,32,32,32,32,32,87,87,87,87
31896,,,,28,38,33,33,32,32,32,32,32,32,87,87,87,87
31999,,,,28,38,33,33,32,32,32,32,32,32,87,87,87,87
32099,,,,28,38,33,33,32,32,32,32,32,32,87,87,87,87
32199,,,,28,38,33,33,32,32,32,32,32,32,87,87,87,87
32301,,,,28,38,33,33,32,32,32,32,32,32,87,87,87,87
32401,,,,28,38,33,33,32,32,32,32,32,32,87,87,87,87
32497,,,,28,38,33,33,32,32,32,32,32,32,87,87,87,87
32598,,,,28,38,33,33,32,32,32,32,32,32,87,87,87,87
32698,,,,28,38,33,33,32,32,32,32,32,32,87,87,87,87
32800,,,,28,38,33,33,32,32,32,32,32,32,87,87,87,87
32897,,,,28,38,33,33,32,32,32,32,32,32,87,87,87,87
33001,,,,28,38,33,33,32,32,32,32,32,32,87,87,87,87
33102,,,,28,38,33,33,32,32,32,32,32,32,87,87,87,87
33204,,,,28,38,33,33,32,32,32,32,32,32,87,87,87,87
33301,,,,28,38,33,33,32,32,32,32,32,32,87,87,87,87
33397,,,,28,38,33,33,32,32,32,32,32,32,87,87,87,87
33497,,,,28,38,33,33,32,32,32,32,32,32,87,87,87,87
33599,,,,28,38,33,33,32,32,32,32,32,32,87,87,87,87
33700,,,,28,38,33,33,32,32,32,32,32,32,87,87,87,87
33798,,,,28,38,33,33,32,32,32,32,32,32,87,87,87,87
33898,,,,28,38,33,33,32,32,32,32,32,32,87,87,87,87
33997,,,,28,38,33,33,32,32,32,32,32,32,87,87,87,87
34100,,,,28,38,33,33,32,32,32,32,32,32,87,87,87,87
34198,,,,28,38,33,33,32,32,32,32,32,32,87,87,87,87
34300,,,,28,38,33,33,32,32,32,32,32,32,87,87,87,87
34402,,,,28,38,33,33,32,32,32,32,32,32,87,87,87,87
34496,,,,28,38,33,33,32,32,32,32,32,32,87,87,87,87
34597,,,,28,38,33,33,32,32,32,32,32,32,87,87,87,87
34698,,,,28,38,33,33,32,32,32,32,32,32,87,87,87,87
34801,,,,28,38,33,33,32,32,32,32,32,32,87,87,87,87
34899,,,,28,38,33,33,32,32,32,32,32,32,87,87,87,87
34999,,,,28,38,33,33,32,32,32,32,32,32,87,87,87,87
35102,,,,28,38,33,33,32,32,32,32,32,32,87,87,87,87
35203,,,,28,38,33,33,32,32,32,32,32,32,87,87,87,87
35300,,,,28,38,33,33,32,32,32,32,32,32,87,87,87,87
35400,,,,28,38,33,33,32,32,32,32,32,32,87,87,87,87
35498,,,,28,38,33,33,32,32,32,32,32,32,87,87,87,87
35596,,,,28,38,33,33,32,32,32,32,32,32,87,87,87,87
35700,,,,28,38,33,33,32,32,32,32,32,32,87,87,87,87
35801,,,,28,38,33,33,32,32,32,32,32,32,87,87,87,87
35897,,,,28,38,33,33,32,32,32,32,32,32,87,87,87,87
35999,,,,28,38,33,33,32,32,32,32,32,32,87,87,87,87
36098,,,,28,38,33,33,32,32,32,32,32,32,87,87,87,87
36201,,,,28,38,33,33,32,32,32,32,32,32,87,87,87,87
36299,,,,28,38,33,33,32,32,32,32,32,32,87,87,87,87
36399,,,,28,38,33,33,32,32,32,32,32,32,87,87,87,87
36498,,,,28,38,33,33,32,32,32,32,32,32,87,87,87,87
36598,,,,28,38,33,33,32,32,32,32,32,32,87,87,87,87
36697,,,,28,38,33,33,32,32,32,32,32,32,87,87,87,87
36802,,,,28,38,33,33,32,32,32,32,32,32,87,87,87,87
36901,,,,28,38,33,33,32,32,32,32,32,32,87,87,87,87
37001,,,,28,38,33,33,32,32,32,32,32,32,87,87,87,87
37100,,,,28,38,33,33,32,32,32,32,32,32,87,87,87,87
37209,,,,28,38,33,33,32,32,32,32,32,32,87,87,87,87
37274,,,,28,38,33,33,32,32,32,32,32,32,87,87,87,87
37398,,,,28,38,33,33,32,32,32,32,32,32,87,87,87,87
37499,,,,28,38,33,33,32,32,32,32,32,32,87,87,87,87
37595,,,,28,38,33,33,32,32,32,32,32,32,87,87,87,87
37699,,,,28,38,33,33,32,32,32,32,32,32,87,87,87,87
37796,,,,28,38,33,33,32,32,32,32,32,32,87,87,87,87
37898,,,,28,38,33,33,32,32,32,32,32,32,87,87,87,87
37999,,,,28,38,33,33,32,32,32,32,32,32,87,87,87,87
38099,,,,28,38,33,33,32,32,32,32,32,32,87,87,87,87
38199,,,,28,38,33,33,32,32,32,32,32,32,87,87,87,87
38298,,,,28,38,33,33,32,32,32,32,32,32,87,87,87,87
38402,,,,28,38,33,33,32,32,32,32,32,32,87,87,87,87
38500,,,,28,38,33,33,32,32,32,32,32,32,87,87,87,87
38599,,,,28,38,33,33,32,32,32,32,32,32,87,87,87,87
38699,,,,28,38,33,33,32,32,32,32,32,32,87,87,87,87
38798,,,,28,38,33,33,32,32,32,32,32,32,87,87,87,87
38897,,,,28,38,33,33,32,32,32,32,32,32,87,87,87,87
39002,,,,28,38,33,33,32,32,32,32,32,32,87,87,87,87
39103,,,,28,38,33,33,32,32,32,32,32,32,87,87,87,87
39211,,,,28,38,33,33,32,32,32,32,32,32,87,87,87,87
39275,,,,28,38,33,33,32,32,32,32,32,32,87,87,87,87
39373,,,,28,38,33,33,32,32,32,32,32,32,87,87,87,87
39497,,,,28,38,33,33,32,32,32,32,32,32,87,87,87,87
39599,,,,28,38,33,33,32,32,32,32,32,32,87,87,87,87
39701,,,,28,38,33,33,32,32,32,32,32,32,87,87,87,87
39801,,,,28,38,33,33,32,32,32,32,32,32,87,87,87,87
39894,,,,28,38,33,33,32,32,32,32,32,32,87,87,87,87
40003,,,,28,38,33,33,32,32,32,32,32,32,87,87,87,87
40102,,,,28,38,33,33,32,32,32,32,32,32,87,87,87,87
40198,,,,28,38,33,33,32,32,32,32,32,32,87,87,87,87
40298,,,,28,38,33,33,32,32,32,32,32,32,87,87,87,87
40398,,,,28,38,33,33,32,32,32,32,32,32,87,87,87,87
40500,,,,28,38,33,33,32,32,32,32,32,32,87,87,87,87
40599,,,,28,38,33,33,32,32,32,32,32,32,87,87,87,87
40701,,,,28,38,33,33,32,32,32,32,32,32,87,87,87,87
40798,,,,28,38,33,33,32,32,32,32,32,32,87,87,87,87
40902,,,,28,38,33,33,32,32,32,32,32,32,87,87,87,87
41002,,,,28,38,33,33,32,32,32,32,32,32,87,87,87,87
41103,,,,28,38,33,33,32,32,32,32,32,32,87,87,87,87
41205,,,,28,38,33,33,32,32,32,32,32,32,87,87,87,87
41300,,,,28,38,33,33,32,32,32,32,32,32,87,87,87,87
41399,,,,28,38,33,33,32,32,32,32,32,32,87,87,87,87
41499,,,,28,38,33,33,32,32,32,32,32,32,87,87,87,87
41597,,,,28,38,33,33,32,32,32,32,32,32,87,87,87,87
41701,,,,28,38,33,33,32,32,32,32,32,32,87,87,87,87
41817,,,,28,38,33,33,32,32,32,32,32,32,87,87,87,87
41913,,,,28,38,33,33,32,32,32,32,32,32,87,87,87,87
42013,,,,28,38,33,33,32,32,32,32,32,32,87,87,87,87
42110,,,,28,38,33,33,32,32,32,32,32,32,87,87,87,87
42215,,,,28,38,33,33,32,32,32,32,32,32,87,87,87,87
42313,,,,28,38,33,33,32,32,32,32,32,32,87,87,87,87
42406,,,,28,38,33,33,32,32,32,32,32,32,87,87,87,87
42513,,,,28,38,33,33,32,32,32,32,32,32,87,87,87,87
42614,,,,28,38,33,33,32,32,32,32,32,32,87,87,87,87
42711,,,,28,38,33,33,32,32,32,32,32,32,87,87,87,87
42813,,,,28,38,33,33,32,32,32,32,32,32,87,87,87,87
42913,,,,28,38,33,33,32,32,32,32,32,32,87,87,87,87
43012,,,,28,38,33,33,32,32,32,32,32,32,87,87,87,87
43115,,,,28,38,33,33,32,32,32,32,32,32,87,87,87,87
43213,,,,28,38,33,33,32,32,32,32,32,32,87,87,87,87
43309,,,,28,38,33,33,32,32,32,32,32,32,87,87,87,87
43413,,,,28,38,33,33,32,32,32,32,32,32,87,87,87,87
43511,,,,28,38,33,33,32,32,32,32,32,32,87,87,87,87
43611,,,,28,38,33,33,32,32,32,32,32,32,87,87,87,87
43712,,,,28,38,33,33,32,32,32,32,32,32,87,87,87,87
43810,,,,28,38,33,33,32,32,32,32,32,32,87,87,87,87
43912,,,,28,38,33,33,32,32,32,32,32,32,87,87,87,87
44007,,,,28,38,33,33,32,32,32,32,32,32,87,87,87,87
44113,,,,28,38,33,33,32,32,32,32,32,32,87,87,87,87
44212,,,,28,38,33,33,32,32,32,32,32,32,87,87,87,87
44312,,,,28,38,33,33,32,32,32,32,32,32,87,87,87,87
44413,,,,28,38,33,33,32,32,32,32,32,32,87,87,87,87
44514,,,,28,38,33,33,32,32,32,32,32,32,87,87,87,87
44609,,,,28,38,33,33,32,32,32,32,32,32,87,87,87,87
44711,,,,28,38,33,33,32,32,32,32,32,32,87,87,87,87
44813,,,,28,38,33,33,32,32,32,32,32,32,87,87,87,87
44909,,,,28,38,33,33,32,32,32,32,32,32,87,87,87,87
45011,,,,28,38,33,33,32,32,32,32,32,32,87,87,87,87
45096,,,,28,38,33,33,32,32,32,32,32,32,87,87,87,87
45196,,,,28,38,33,33,32,32,32,32,32,32,87,87,87,87
45312,,,,28,38,33,33,32,32,32,32,32,32,87,87,87,87
45396,,,,28,38,33,33,32,32,32,32,32,32,87,87,87,87
45498,,,,28,38,33,33,32,32,32,32,32,32,87,87,87,87
45600,,,,28,38,33,33,32,32,32,32,32,32,87,87,87,87
45698,,,,28,38,33,33,32,32,32,32,32,32,87,87,87,87
45798,,,,28,38,33,33,32,32,32,32,32,32,87,87,87,87
45899,,,,28,38,33,33,32,32,32,32,32,32,87,87,87,87
45999,,,,28,38,33,33,32,32,32,32,32,32,87,87,87,87
46101,,,,28,38,33,33,32,32,32,32,32,32,87,87,87,87
46203,,,,28,38,33,33,32,32,32,32,32,32,87,87,87,87
46301,,,,28,38,33,33,32,32,32,32,32,32,87,87,87,87
46401,,,,28,38,33,33,32,32,32,32,32,32,87,87,87,87
46502,,,,28,38,33,33,32,32,32,32,32,32,87,87,87,87
46604,,,,28,38,33,33,32,32,32,32,32,32,87,87,87,87
46703,,,,28,38,33,33,32,32,32,32,32,32,87,87,87,87
46803,,,,28,38,33,33,32,32,32,32,32,32,87,87,87,87
46901,,,,28,38,33,33,32,32,32,32,32,32,87,87,87,87
47005,,,,28,38,33,33,32,32,32,32,32,32,87,87,87,87
47101,,,,28,38,33,33,32,32,32,32,32,32,87,87,87,87
47204,,,,28,38,33,33,32,32,32,32,32,32,87,87,87,87
47316,,,,28,38,33,33,32,32,32,32,32,32,87,87,87,87
47374,,,,28,38,33,33,32,32,32,32,32,32,87,87,87,87
47475,,,,28,38,33,33,32,32,32,32,32,32,87,87,87,87
47599,,,,28,38,33,33,32,32,32,32,32,32,87,87,87,87
47698,,,,28,38,33,33,32,32,32,32,32,32,87,87,87,87
47801,,,,28,38,33,33,32,32,32,32,32,32,87,87,87,87
47899,,,,28,38,33,33,32,32,32,32,32,32,87,87,87,87
47995,,,,28,38,33,33,32,32,32,32,32,32,87,87,87,87
48100,,,,28,38,33,33,32,32,32,32,32,32,87,87,87,87
48198,,,,28,38,33,33,32,32,32,32,32,32,87,87,87,87
48298,,,,28,38,33,33,32,32,32,32,32,32,87,87,87,87
48399,,,,28,38,33,33,32,32,32,32,32,32,87,87,87,87
48496,,,,28,38,33,33,32,32,32,32,32,32,87,87,87,87
48600,,,,28,38,33,33,32,32,32,32,32,32,87,87,87,87
48697,,,,28,38,33,33,32,32,32,32,32,32,87,87,87,87
48801,,,,28,38,33,33,32,32,32,32,32,32,87,87,87,87
48900,,,,28,38,33,33,32,32,32,32,32,32,87,87,87,87
48999,,,,28,38,33,33,32,32,32,32,32,32,87,87,87,87
49101,342.20197398656916,699.5302081112725,2.4030434349570338,82,92,60,60,32,32,5,5,90,90,101,101,74,74
49155,343.00396053787125,699.9840800173206,2.5796225656059364,89,99,63,63,32,32,2,2,84,84,103,103,72,72
49255,335.39382631718104,693.9076977161183,2.592042314833991,89,99,63,63,32,32,1,1,84,84,103,103,72,72
49355,330.11389916290045,690.9460339782412,2.5303824874074703,87,97,62,62,32,32,3,3,86,86,102,102,72,72
49455,330.4048907674054,690.5609443557191,2.4332351791059836,84,94,60,60,32,32,4,4,89,89,101,101,73,73
49555,333.3760666473078,692.0041410295341,2.4622969355143374,85,95,61,61,32,32,4,4,88,88,102,102,73,73
49655,332.87775096217507,691.0529219439061,2.529793343137703,87,97,62,62,32,32,3,3,86,86,102,102,72,72
49755,335.1435559355849,692.0758184079841,2.7048554885097147,93,103,65,65,32,32,112,112,79,79,104,104,71,71
49855,338.38107990917626,692.3921413507798,2.895868719195295,100,110,69,69,32,32,109,109,73,73,106,106,69,69
49955,339.7024912753747,691.7011348422395,2.808192430714438,97,107,67,67,32,32,111,111,76,76,105,105,70,70
50055,340.3465245695615,692.7324188126822,2.7912097994133003,96,106,67,67,32,32,111,111,76,76,105,105,70,70
50155,339.37408805027724,692.0804000794669,2.6825843661407287,92,102,65,65,32,32,113,113,80,80,104,104,71,71
50255,338.9518376876921,690.427460976444,2.5418155006647245,87,97,62,62,32,32,2,2,85,85,102,102,72,72
50355,339.8342637224011,688.4542082190308,2.416778416757873,83,93,60,60,32,32,5,5,90,90,101,101,73,73
50455,340.08672105787974,685.535423268795,2.350901338901401,81,91,59,59,32,32,6,6,92,92,101,101,74,74
50555,339.0942511824513,683.2453359553584,2.325566493487327,80,90,59,59,32,32,6,6,93,93,100,100,74,74
50655,340.2672333157674,683.3447534896359,2.3623745986278304,81,91,59,59,32,32,6,6,92,92,101,101,74,74
50755,340.6453826924239,682.8897850648298,2.3834232975371332,82,92,60,60,32,32,5,5,91,91,101,101,74,74
50855,340.64527584713665,682.8207724789175,2.3611915224011835,81,91,59,59,32,32,6,6,92,92,101,101,74,74
50955,340.14226236132725,682.3966873711266,2.3821635639155447,82,92,60,60,32,32,5,5,91,91,101,101,74,74
51055,338.61623799290555,680.8210968479083,2.3858117379489534,82,92,60,60,32,32,5,5,91,91,101,101,74,74
51155,337.75856843518,679.3671392533412,2.3181985593726537,79,89,58,58,32,32,6,6,93,93,100,100,74,74
51255,338.12908853198286,677.2083482892571,2.2606223864373667,77,87,57,57,32,32,7,7,95,95,100,100,75,75
51355,339.8918539957009,677.4599221415447,2.288034399641067,78,88,58,58,32,32,7,7,94,94,100,100,75,75
51455,339.9178461942303,674.853189420205,2.4431621936138126,84,94,61,61,32,32,4,4,89,89,101,101,73,73
51555,344.0384530114065,673.4048779695735,2.566202764633267,88,98,63,63,32,32,2,2,84,84,103,103,72,72
51655,346.67569930374,671.7243952722384,2.615316567325062,90,100,64,64,32,32,1,1,83,83,103,103,72,72
51755,349.4527771414564,671.4138915366309,2.7375229806772254,94,104,66,66,32,32,112,112,78,78,104,104,71,71
51855,350.5715852527864,671.3892199463078,2.7377479903772577,94,104,66,66,32,32,112,112,78,78,104,104,71,71
51955,352.6674849176876,671.206550182401,2.7063400261889323,93,103,65,65,32,32,112,112,79,79,104,104,71,71
52055,354.18980443940006,668.4129169463487,2.696878390487274,93,103,65,65,32,32,113,113,80,80,104,104,71,71
52155,354.92660165886855,666.0888206680587,2.486301080630751,85,95,61,61,32,32,3,3,87,87,102,102,73,73
52255,,,,85,95,61,61,32,32,3,3,87,87,102,102,73,73
52356,,,,85,95,61,61,32,32,3,3,87,87,102,102,73,73
52457,,,,85,95,61,61,32,32,3,3,87,87,102,102,73,73
52557,,,,85,95,61,61,32,32,3,3,87,87,102,102,73,73
52658,,,,85,95,61,61,32,32,3,3,87,87,102,102,73,73
52759,,,,85,95,61,61,32,32,3,3,87,87,102,102,73,73
52869,,,,85,95,61,61,32,32,3,3,87,87,102,102,73,73
52961,,,,85,95,61,61,32,32,3,3,87,87,102,102,73,73
53062,,,,85,95,61,61,32,32,3,3,87,87,102,102,73,73
53163,,,,85,95,61,61,32,32,3,3,87,87,102,102,73,73
53264,,,,85,95,61,61,32,32,3,3,87,87,102,102,73,73
53365,,,,85,95,61,61,32,32,3,3,87,87,102,102,73,73
53467,,,,85,95,61,61,32,32,3,3,87,87,102,102,73,73
53568,,,,85,95,61,61,32,32,3,3,87,87,102,102,73,73
53671,,,,85,95,61,61,32,32,3,3,87,87,102,102,73,73
53772,,,,85,95,61,61,32,32,3,3,87,87,102,102,73,73
53872,,,,85,95,61,61,32,32,3,3,87,87,102,102,73,73
53977,,,,85,95,61,61,32,32,3,3,87,87,102,102,73,73
54077,,,,85,95,61,61,32,32,3,3,87,87,102,102,73,73
54180,,,,85,95,61,61,32,32,3,3,87,87,102,102,73,73
54282,,,,85,95,61,61,32,32,3,3,87,87,102,102,73,73
54382,,,,85,95,61,61,32,32,3,3,87,87,102,102,73,73
54482,,,,85,95,61,61,32,32,3,3,87,87,102,102,73,73
54585,,,,85,95,61,61,32,32,3,3,87,87,102,102,73,73
54686,,,,85,95,61,61,32,32,3,3,87,87,102,102,73,73
54788,,,,85,95,61,61,32,32,3,3,87,87,102,102,73,73
54887,,,,85,95,61,61,32,32,3,3,87,87,102,102,73,73
54987,,,,85,95,61,61,32,32,3,3,87,87,102,102,73,73
55091,,,,85,95,61,61,32,32,3,3,87,87,102,102,73,73
55192,,,,85,95,61,61,32,32,3,3,87,87,102,102,73,73
55294,,,,85,95,61,61,32,32,3,3,87,87,102,102,73,73
55397,,,,85,95,61,61,32,32,3,3,87,87,102,102,73,73
55499,,,,85,95,61,61,32,32,3,3,87,87,102,102,73,73
55601,,,,85,95,61,61,32,32,3,3,87,87,102,102,73,73
55698,,,,85,95,61,61,32,32,3,3,87,87,102,102,73,73
55799,,,,85,95,61,61,32,32,3,3,87,87,102,102,73,73
55900,,,,85,95,61,61,32,32,3,3,87,87,102,102,73,73
56002,,,,85,95,61,61,32,32,3,3,87,87,102,102,73,73
56101,,,,85,95,61,61,32,32,3,3,87,87,102,102,73,73
56210,,,,85,95,61,61,32,32,3,3,87,87,102,102,73,73
56275,,,,85,95,61,61,32,32,3,3,87,87,102,102,73,73
56399,,,,85,95,61,61,32,32,3,3,87,87,102,102,73,73
56499,,,,85,95,61,61,32,32,3,3,87,87,102,102,73,73
56599,,,,85,95,61,61,32,32,3,3,87,87,102,102,73,73
56701,,,,85,95,61,61,32,32,3,3,87,87,102,102,73,73
56800,,,,85,95,61,61,32,32,3,3,87,87,102,102,73,73
56899,,,,85,95,61,61,32,32,3,3,87,87,102,102,73,73
56999,,,,85,95,61,61,32,32,3,3,87,87,102,102,73,73
57098,,,,85,95,61,61,32,32,3,3,87,87,102,102,73,73
57201,,,,85,95,61,61,32,32,3,3,87,87,102,102,73,73
57301,,,,85,95,61,61,32,32,3,3,87,87,102,102,73,73
57398,,,,85,95,61,61,32,32,3,3,87,87,102,102,73,73
57500,,,,85,95,61,61,32,32,3,3,87,87,102,102,73,73
57602,,,,85,95,61,61,32,32,3,3,87,87,102,102,73,73
57701,,,,85,95,61,61,32,32,3,3,87,87,102,102,73,73
57801,,,,85,95,61,61,32,32,3,3,87,87,102,102,73,73
57903,,,,85,95,61,61,32,32,3,3,87,87,102,102,73,73
58005,,,,85,95,61,61,32,32,3,3,87,87,102,102,73,73
58104,,,,85,95,61,61,32,32,3,3,87,87,102,102,73,73
58206,,,,85,95,61,61,32,32,3,3,87,87,102,102,73,73
58301,,,,85,95,61,61,32,32,3,3,87,87,102,102,73,73
58400,,,,85,95,61,61,32,32,3,3,87,87,102,102,73,73
58499,,,,85,95,61,61,32,32,3,3,87,87,102,102,73,73
58600,,,,85,95,61,61,32,32,3,3,87,87,102,102,73,73
58699,,,,85,95,61,61,32,32,3,3,87,87,102,102,73,73
58799,,,,85,95,61,61,32,32,3,3,87,87,102,102,73,73
58899,,,,85,95,61,61,32,32,3,3,87,87,102,102,73,73
59000,,,,85,95,61,61,32,32,3,3,87,87,102,102,73,73
59098,,,,85,95,61,61,32,32,3,3,87,87,102,102,73,73
59199,,,,85,95,61,61,32,32,3,3,87,87,102,102,73,73
59298,,,,85,95,61,61,32,32,3,3,87,87,102,102,73,73
59397,,,,85,95,61,61,32,32,3,3,87,87,102,102,73,73
59501,,,,85,95,61,61,32,32,3,3,87,87,102,102,73,73
59600,,,,85,95,61,61,32,32,3,3,87,87,102,102,73,73
59697,,,,85,95,61,61,32,32,3,3,87,87,102,102,73,73
59799,,,,85,95,61,61,32,32,3,3,87,87,102,102,73,73
59897,,,,85,95,61,61,32,32,3,3,87,87,102,102,73,73
60001,,,,85,95,61,61,32,32,3,3,87,87,102,102,73,73
60100,,,,85,95,61,61,32,32,3,3,87,87,102,102,73,73
60206,,,,85,95,61,61,32,32,3,3,87,87,102,102,73,73
60300,,,,85,95,61,61,32,32,3,3,87,87,102,102,73,73
60398,,,,85,95,61,61,32,32,3,3,87,87,102,102,73,73
60500,,,,85,95,61,61,32,32,3,3,87,87,102,102,73,73
60598,,,,85,95,61,61,32,32,3,3,87,87,102,102,73,73
60698,,,,85,95,61,61,32,32,3,3,87,87,102,102,73,73
60798,,,,85,95,61,61,32,32,3,3,87,87,102,102,73,73
60896,,,,85,95,61,61,32,32,3,3,87,87,102,102,73,73
60999,,,,85,95,61,61,32,32,3,3,87,87,102,102,73,73
61098,,,,85,95,61,61,32,32,3,3,87,87,102,102,73,73
61194,,,,85,95,61,61,32,32,3,3,87,87,102,102,73,73
61297,,,,85,95,61,61,32,32,3,3,87,87,102,102,73,73
61398,,,,85,95,61,61,32,32,3,3,87,87,102,102,73,73
61500,,,,85,95,61,61,32,32,3,3,87,87,102,102,73,73
61600,,,,85,95,61,61,32,32,3,3,87,87,102,102,73,73
61696,,,,85,95,61,61,32,32,3,3,87,87,102,102,73,73
61797,,,,85,95,61,61,32,32,3,3,87,87,102,102,73,73
61899,,,,85,95,61,61,32,32,3,3,87,87,102,102,73,73
62000,,,,85,95,61,61,32,32,3,3,87,87,102,102,73,73
62099,,,,85,95,61,61,32,32,3,3,87,87,102,102,73,73
62210,,,,85,95,61,61,32,32,3,3,87,87,102,102,73,73
62274,,,,85,95,61,61,32,32,3,3,87,87,102,102,73,73
62391,,,,85,95,61,61,32,32,3,3,87,87,102,102,73,73
62500,,,,85,95,61,61,32,32,3,3,87,87,102,102,73,73
62600,,,,85,95,61,61,32,32,3,3,87,87,102,102,73,73
62697,,,,85,95,61,61,32,32,3,3,87,87,102,102,73,73
62799,,,,85,95,61,61,32,32,3,3,87,87,102,102,73,73
62897,,,,85,95,61,61,32,32,3,3,87,87,102,102,73,73
62999,,,,85,95,61,61,32,32,3,3,87,87,102,102,73,73
63097,,,,85,95,61,61,32,32,3,3,87,87,102,102,73,73
63198,360.88511821437555,658.073470388445,1.830420496634749,62,72,50,50,32,32,15,15,111,111,96,96,79,79
63256,356.52914741847064,666.1693915080834,2.259276967358312,77,87,57,57,32,32,7,7,96,96,100,100,75,75
63356,351.74978564190553,672.2151459374469,2.736462821107371,94,104,66,66,32,32,112,112,78,78,104,104,71,71
63456,352.37016079783734,669.6962573458336,3.0568427445528474,106,3,72,72,32,32,106,106,67,67,107,107,68,68
63556,356.8340073361948,665.763624010769,-2.7652996719409244,10,20,80,80,32,32,98,98,50,50,111,111,64,64
63656,352.64544124146204,662.9061906161015,-2.476018649806458,20,30,85,85,32,32,93,93,40,40,1,1,61,61
63756,354.27630615428785,663.2759117721417,-2.55362859111088,17,27,84,84,32,32,94,94,43,43,113,113,62,62
63856,360.4276967804985,667.7322671900462,-2.7395742182323444,10,20,80,80,32,32,97,97,49,49,111,111,63,63
63955,362.79364336165384,669.2940017550372,-3.0619861955945185,112,9,75,75,32,32,103,103,61,61,108,108,66,66
64055,363.1038103778211,670.9731221609215,2.891355805519526,100,110,69,69,32,32,109,109,73,73,105,105,69,69
64156,363.96548695018134,675.4186021677025,2.515662922269518,86,96,62,62,32,32,3,3,86,86,102,102,73,73
64255,367.8396956533278,678.4926130234072,2.2100926507933627,75,85,56,56,32,32,8,8,97,97,99,99,75,75
64355,370.2400089381122,681.0020280549394,2.0147810642767183,68,78,53,53,32,32,12,12,104,104,98,98,77,77
64455,368.47363509905443,681.9502491483946,1.8840286813549219,64,74,51,51,32,32,14,14,109,109,96,96,78,78
64555,365.88899123212366,680.7182497826435,2.1091723117289947,72,82,55,55,32,32,10,10,101,101,98,98,76,76
64658,361.9633417125192,678.7635735531244,2.2731059965834737,78,88,58,58,32,32,7,7,95,95,100,100,75,75
64755,363.5884467814883,679.5943464464202,2.362372893021203,81,91,59,59,32,32,6,6,92,92,101,101,74,74
64853,367.52346542809215,679.565985063325,2.67394334090389,92,102,65,65,32,32,113,113,81,81,104,104,71,71
64955,367.99163670491276,680.0806820357795,2.8520103402464025,99,109,68,68,32,32,110,110,74,74,105,105,70,70
65074,367.39684823764463,680.2066457333647,2.9911126390249185,104,1,70,70,32,32,107,107,69,69,106,106,68,68
65168,367.65451774301914,681.7205657359758,-3.0602021226472043,112,9,75,75,32,32,103,103,61,61,108,108,66,66
65269,367.56408562072204,681.1476632709532,-2.7530236365879466,10,20,80,80,32,32,98,98,50,50,111,111,63,63
65368,367.00730711626574,681.1194837804181,-2.574220318479087,16,26,83,83,32,32,94,94,43,43,113,113,62,62
65469,366.4811200621847,679.4946996685802,-2.3598082532203453,24,34,87,87,32,32,91,91,36,36,2,2,60,60
65569,365.5849457458469,676.3105488229712,-2.165511060881315,31,41,91,91,32,32,87,87,29,29,3,3,58,58
65665,364.78897208505356,675.4302924942722,-2.111341485482532,33,43,92,92,32,32,86,86,27,27,4,4,58,58
65769,364.62532125191433,676.178918378169,-2.2910945054141987,27,37,88,88,32,32,89,89,33,33,2,2,59,59
65869,362.8580530719671,676.2406362756124,-2.661902053989531,13,23,82,82,32,32,96,96,47,47,112,112,63,63
65969,363.1393149581238,676.6469279770406,-2.9443695006386883,3,13,77,77,32,32,101,101,57,57,109,109,65,65
66069,364.0731408919861,676.8036089408639,3.0860338802769105,107,4,72,72,32,32,106,106,66,66,107,107,67,67
66169,363.0757704569739,676.2634228921718,2.8020213566082868,97,107,67,67,32,32,111,111,76,76,105,105,70,70
66264,364.9994176907688,676.9472398054668,2.546750843737292,88,98,62,62,32,32,2,2,85,85,102,102,72,72
66369,366.60098856754456,676.1772827361057,2.3162500602348643,79,89,58,58,32,32,6,6,93,93,100,100,74,74
66469,365.3857349537447,674.6890582388583,2.1610247762465886,74,84,56,56,32,32,9,9,99,99,99,99,76,76
66569,365.56913832156783,675.152480098405,2.0332169603066754,69,79,53,53,32,32,12,12,104,104,98,98,77,77
66669,364.4224524679267,674.6117193649438,2.012016872673743,68,78,53,53,32,32,12,12,104,104,98,98,77,77
66768,366.3228511537019,674.6817432239752,2.4122088358659566,83,93,60,60,32,32,5,5,90,90,101,101,73,73
66868,363.9461821719893,672.404319082527,2.57290873530363,89,99,63,63,32,32,2,2,84,84,103,103,72,72
66969,364.0974383232913,670.4181858316122,2.6648971884393444,92,102,65,65,32,32,113,113,81,81,103,103,71,71
67068,365.6174845749466,669.0773740842594,2.9056491665849933,101,111,69,69,32,32,109,109,72,72,106,106,69,69
67169,363.78411651962114,669.2662662785793,3.090556812581018,107,4,72,72,32,32,106,106,66,66,107,107,67,67
67269,362.5060343394473,670.1370646199523,-3.092109333230592,111,8,74,74,32,32,104,104,62,62,108,108,66,66
67366,363.54742647834524,671.2415324684806,-2.999353517765315,1,11,76,76,32,32,102,102,59,59,109,109,66,66
67468,364.65817064152316,672.3391482773025,-2.9466224089633055,3,13,77,77,32,32,101,101,57,57,109,109,65,65
67569,365.3734528759201,673.7078679709327,-2.9021248098192514,5,15,78,78,32,32,100,100,55,55,110,110,65,65
67669,364.8951730782944,674.2074387222924,-3.0182322957023393,113,10,75,75,32,32,102,102,59,59,109,109,66,66
67769,364.13476401281156,670.2559833812708,2.9497571930043374,102,112,70,70,32,32,108,108,71,71,106,106,69,69
67869,366.2143136504298,668.9908612096424,2.8817875792966436,100,110,69,69,32,32,109,109,73,73,105,105,69,69
67964,365.9315016147863,668.7633351505127,2.841970396879255,98,108,68,68,32,32,110,110,75,75,105,105,70,70
68069,363.542663803319,668.7229937103415,2.6131608831894337,90,100,64,64,32,32,1,1,83,83,103,103,72,72
68169,362.4758326211177,669.2203086560851,2.453281663902539,84,94,61,61,32,32,4,4,89,89,102,102,73,73
68269,362.487924392626,669.2589772290097,2.3429933413876154,80,90,59,59,32,32,6,6,93,93,101,101,74,74
68369,364.36240364714854,670.3458771557323,2.200792042449555,75,85,56,56,32,32,9,9,98,98,99,99,75,75
68456,365.35141229903047,670.9531820620576,2.163286555459455,74,84,56,56,32,32,9,9,99,99,99,99,76,76
68563,364.7287078382494,669.6872048093746,2.227787995860087,76,86,57,57,32,32,8,8,97,97,100,100,75,75
68655,363.6649679929377,668.8219069833417,2.397720355752839,82,92,60,60,32,32,5,5,91,91,101,101,74,74
68755,363.5217036614856,669.0079023319737,2.5965002880222143,89,99,63,63,32,32,1,1,83,83,103,103,72,72
68856,363.9842841670217,666.9424253843353,2.7219184329868553,94,104,66,66,32,32,112,112,79,79,104,104,71,71
68956,364.26833778565197,660.0626797663294,2.9118844006730793,101,111,69,69,32,32,109,109,72,72,106,106,69,69
69056,,,,101,111,69,69,32,32,109,109,72,72,106,106,69,69
69156,,,,101,111,69,69,32,32,109,109,72,72,106,106,69,69
69257,,,,101,111,69,69,32,32,109,109,72,72,106,106,69,69
69358,,,,101,111,69,69,32,32,109,109,72,72,106,106,69,69
69458,,,,101,111,69,69,32,32,109,109,72,72,106,106,69,69
69559,,,,101,111,69,69,32,32,109,109,72,72,106,106,69,69
69660,,,,101,111,69,69,32,32,109,109,72,72,106,106,69,69
69762,,,,101,111,69,69,32,32,109,109,72,72,106,106,69,69
69863,,,,101,111,69,69,32,32,109,109,72,72,106,106,69,69
69964,,,,101,111,69,69,32,32,109,109,72,72,106,106,69,69
70065,,,,101,111,69,69,32,32,109,109,72,72,106,106,69,69
70167,,,,101,111,69,69,32,32,109,109,72,72,106,106,69,69
70267,,,,101,111,69,69,32,32,109,109,72,72,106,106,69,69
70368,,,,101,111,69,69,32,32,109,109,72,72,106,106,69,69
70469,,,,101,111,69,69,32,32,109,109,72,72,106,106,69,69
70571,,,,101,111,69,69,32,32,109,109,72,72,106,106,69,69
70673,,,,101,111,69,69,32,32,109,109,72,72,106,106,69,69
70774,,,,101,111,69,69,32,32,109,109,72,72,106,106,69,69
70875,,,,101,111,69,69,32,32,109,109,72,72,106,106,69,69
70980,,,,101,111,69,69,32,32,109,109,72,72,106,106,69,69
71081,,,,101,111,69,69,32,32,109,109,72,72,106,106,69,69
71182,,,,101,111,69,69,32,32,109,109,72,72,106,106,69,69
71281,,,,101,111,69,69,32,32,109,109,72,72,106,106,69,69
71383,,,,101,111,69,69,32,32,109,109,72,72,106,106,69,69
71486,,,,101,111,69,69,32,32,109,109,72,72,106,106,69,69
71586,,,,101,111,69,69,32,32,109,109,72,72,106,106,69,69
71690,,,,101,111,69,69,32,32,109,109,72,72,106,106,69,69
71787,,,,101,111,69,69,32,32,109,109,72,72,106,106,69,69
71888,,,,101,111,69,69,32,32,109,109,72,72,106,106,69,69
71991,,,,101,111,69,69,32,32,109,109,72,72,106,106,69,69
72092,,,,101,111,69,69,32,32,109,109,72,72,106,106,69,69
72190,,,,101,111,69,69,32,32,109,109,72,72,106,106,69,69
72294,,,,101,111,69,69,32,32,109,109,72,72,106,106,69,69
72393,,,,101,111,69,69,32,32,109,109,72,72,106,106,69,69
72494,,,,101,111,69,69,32,32,109,109,72,72,106,106,69,69
72597,,,,101,111,69,69,32,32,109,109,72,72,106,106,69,69
72694,,,,101,111,69,69,32,32,109,109,72,72,106,106,69,69
72796,,,,101,111,69,69,32,32,109,109,72,72,106,106,69,69
72912,,,,101,111,69,69,32,32,109,109,72,72,106,106,69,69
72999,,,,101,111,69,69,32,32,109,109,72,72,106,106,69,69
73099,,,,101,111,69,69,32,32,109,109,72,72,106,106,69,69
73198,,,,101,111,69,69,32,32,109,109,72,72,106,106,69,69
73294,,,,101,111,69,69,32,32,109,109,72,72,106,106,69,69
73399,,,,101,111,69,69,32,32,109,109,72,72,106,106,69,69
73500,,,,101,111,69,69,32,32,109,109,72,72,106,106,69,69
73594,,,,101,111,69,69,32,32,109,109,72,72,106,106,69,69
73698,,,,101,111,69,69,32,32,109,109,72,72,106,106,69,69
73797,,,,101,111,69,69,32,32,109,109,72,72,106,106,69,69
73898,,,,101,111,69,69,32,32,109,109,72,72,106,106,69,69
73998,,,,101,111,69,69,32,32,109,109,72,72,106,106,69,69
74095,,,,101,111,69,69,32,32,109,109,72,72,106,106,69,69
74198,,,,101,111,69,69,32,32,109,109,72,72,106,106,69,69
74298,,,,101,111,69,69,32,32,109,109,72,72,106,106,69,69
74400,,,,101,111,69,69,32,32,109,109,72,72,106,106,69,69
74497,,,,101,111,69,69,32,32,109,109,72,72,106,106,69,69
74598,,,,101,111,69,69,32,32,109,109,72,72,106,106,69,69
74694,,,,101,111,69,69,32,32,109,109,72,72,106,106,69,69
74800,,,,101,111,69,69,32,32,109,109,72,72,106,106,69,69
74905,,,,101,111,69,69,32,32,109,109,72,72,106,106,69,69
74999,,,,101,111,69,69,32,32,109,109,72,72,106,106,69,69
75096,,,,101,111,69,69,32,32,109,109,72,72,106,106,69,69
75198,,,,101,111,69,69,32,32,109,109,72,72,106,106,69,69
75298,,,,101,111,69,69,32,32,109,109,72,72,106,106,69,69
75397,,,,101,111,69,69,32,32,109,109,72,72,106,106,69,69
75498,,,,101,111,69,69,32,32,109,109,72,72,106,106,69,69
75595,,,,101,111,69,69,32,32,109,109,72,72,106,106,69,69
75695,,,,101,111,69,69,32,32,109,109,72,72,106,106,69,69
75801,,,,101,111,69,69,32,32,109,109,72,72,106,106,69,69
75900,,,,101,111,69,69,32,32,109,109,72,72,106,106,69,69
76001,,,,101,111,69,69,32,32,109,109,72,72,106,106,69,69
76101,,,,101,111,69,69,32,32,109,109,72,72,106,106,69,69
76201,,,,101,111,69,69,32,32,109,109,72,72,106,106,69,69
76297,,,,101,111,69,69,32,32,109,109,72,72,106,106,69,69
76400,,,,101,111,69,69,32,32,109,109,72,72,106,106,69,69
76496,,,,101,111,69,69,32,32,109,109,72,72,106,106,69,69
76600,,,,101,111,69,69,32,32,109,109,72,72,106,106,69,69
76697,,,,101,111,69,69,32,32,109,109,72,72,106,106,69,69
76801,,,,101,111,69,69,32,32,109,109,72,72,106,106,69,69
76908,,,,101,111,69,69,32,32,109,109,72,72,106,106,69,69
77000,,,,101,111,69,69,32,32,109,109,72,72,106,106,69,69
77095,,,,101,111,69,69,32,32,109,109,72,72,106,106,69,69
77196,,,,101,111,69,69,32,32,109,109,72,72,106,106,69,69
77299,,,,101,111,69,69,32,32,109,109,72,72,106,106,69,69
77396,,,,101,111,69,69,32,32,109,109,72,72,106,106,69,69
77498,,,,101,111,69,69,32,32,109,109,72,72,106,106,69,69
77595,,,,101,111,69,69,32,32,109,109,72,72,106,106,69,69
77701,,,,101,111,69,69,32,32,109,109,72,72,106,106,69,69
77797,,,,101,111,69,69,32,32,109,109,72,72,106,106,69,69
77898,,,,101,111,69,69,32,32,109,109,72,72,106,106,69,69
78000,,,,101,111,69,69,32,32,109,109,72,72,106,106,69,69
78099,,,,101,111,69,69,32,32,109,109,72,72,106,106,69,69
78199,,,,101,111,69,69,32,32,109,109,72,72,106,106,69,69
78300,,,,101,111,69,69,32,32,109,109,72,72,106,106,69,69
78400,,,,101,111,69,69,32,32,109,109,72,72,106,106,69,69
78499,,,,101,111,69,69,32,32,109,109,72,72,106,106,69,69
78601,,,,101,111,69,69,32,32,109,109,72,72,106,106,69,69
78702,,,,101,111,69,69,32,32,109,109,72,72,106,106,69,69
78800,,,,101,111,69,69,32,32,109,109,72,72,106,106,69,69
78915,,,,101,111,69,69,32,32,109,109,72,72,106,106,69,69
78974,,,,101,111,69,69,32,32,109,109,72,72,106,106,69,69
79073,,,,101,111,69,69,32,32,109,109,72,72,106,106,69,69
79202,,,,101,111,69,69,32,32,109,109,72,72,106,106,69,69
79298,,,,101,111,69,69,32,32,109,109,72,72,106,106,69,69
79401,,,,101,111,69,69,32,32,109,109,72,72,106,106,69,69
79495,,,,101,111,69,69,32,32,109,109,72,72,106,106,69,69
79599,,,,101,111,69,69,32,32,109,109,72,72,106,106,69,69
79698,,,,101,111,69,69,32,32,109,109,72,72,106,106,69,69
79800,,,,101,111,69,69,32,32,109,109,72,72,106,106,69,69
79899,,,,101,111,69,69,32,32,109,109,72,72,106,106,69,69
80000,,,,101,111,69,69,32,32,109,109,72,72,106,106,69,69
80100,,,,101,111,69,69,32,32,109,109,72,72,106,106,69,69
80199,,,,101,111,69,69,32,32,109,109,72,72,106,106,69,69
80301,,,,101,111,69,69,32,32,109,109,72,72,106,106,69,69
80400,,,,101,111,69,69,32,32,109,109,72,72,106,106,69,69
80501,,,,101,111,69,69,32,32,109,109,72,72,106,106,69,69
80598,,,,101,111,69,69,32,32,109,109,72,72,106,106,69,69
80697,,,,101,111,69,69,32,32,109,109,72,72,106,106,69,69
80799,,,,101,111,69,69,32,32,109,109,72,72,106,106,69,69
80909,,,,101,111,69,69,32,32,109,109,72,72,106,106,69,69
81000,,,,101,111,69,69,32,32,109,109,72,72,106,106,69,69
81095,,,,101,111,69,69,32,32,109,109,72,72,106,106,69,69
81200,,,,101,111,69,69,32,32,109,109,72,72,106,106,69,69
81297,,,,101,111,69,69,32,32,109,109,72,72,106,106,69,69
81399,,,,101,111,69,69,32,32,109,109,72,72,106,106,69,69
81498,,,,101,111,69,69,32,32,109,109,72,72,106,106,69,69
81599,,,,101,111,69,69,32,32,109,109,72,72,106,106,69,69
81700,,,,101,111,69,69,32,32,109,109,72,72,106,106,69,69
81798,,,,101,111,69,69,32,32,109,109,72,72,106,106,69,69
81895,,,,101,111,69,69,32,32,109,109,72,72,106,106,69,69
81999,,,,101,111,69,69,32,32,109,109,72,72,106,106,69,69
82099,,,,101,111,69,69,32,32,109,109,72,72,106,106,69,69
82199,,,,101,111,69,69,32,32,109,109,72,72,106,106,69,69
82300,,,,101,111,69,69,32,32,109,109,72,72,106,106,69,69
82398,,,,101,111,69,69,32,32,109,109,72,72,106,106,69,69
82498,,,,101,111,69,69,32,32,109,109,72,72,106,106,69,69
82598,,,,101,111,69,69,32,32,109,109,72,72,106,106,69,69
82700,,,,101,111,69,69,32,32,109,109,72,72,106,106,69,69
82797,,,,101,111,69,69,32,32,109,109,72,72,106,106,69,69
82908,,,,101,111,69,69,32,32,109,109,72,72,106,106,69,69
82998,,,,101,111,69,69,32,32,109,109,72,72,106,106,69,69
83099,,,,101,111,69,69,32,32,109,109,72,72,106,106,69,69
83205,,,,101,111,69,69,32,32,109,109,72,72,106,106,69,69
83297,,,,101,111,69,69,32,32,109,109,72,72,106,106,69,69
83398,,,,101,111,69,69,32,32,109,109,72,72,106,106,69,69
83497,,,,101,111,69,69,32,32,109,109,72,72,106,106,69,69
83595,,,,101,111,69,69,32,32,109,109,72,72,106,106,69,69
83698,,,,101,111,69,69,32,32,109,109,72,72,106,106,69,69
83798,,,,101,111,69,69,32,32,109,109,72,72,106,106,69,69
83898,,,,101,111,69,69,32,32,109,109,72,72,106,106,69,69
84001,,,,101,111,69,69,32,32,109,109,72,72,106,106,69,69
84102,,,,101,111,69,69,32,32,109,109,72,72,106,106,69,69
84197,,,,101,111,69,69,32,32,109,109,72,72,106,106,69,69
84298,,,,101,111,69,69,32,32,109,109,72,72,106,106,69,69
84397,,,,101,111,69,69,32,32,109,109,72,72,106,106,69,69
84499,,,,101,111,69,69,32,32,109,109,72,72,106,106,69,69
84600,,,,101,111,69,69,32,32,109,109,72,72,106,106,69,69
84700,,,,101,111,69,69,32,32,109,109,72,72,106,106,69,69
84799,,,,101,111,69,69,32,32,109,109,72,72,106,106,69,69
84906,,,,101,111,69,69,32,32,109,109,72,72,106,106,69,69
85000,,,,101,111,69,69,32,32,109,109,72,72,106,106,69,69
85097,,,,101,111,69,69,32,32,109,109,72,72,106,106,69,69
85198,,,,101,111,69,69,32,32,109,109,72,72,106,106,69,69
85300,,,,101,111,69,69,32,32,109,109,72,72,106,106,69,69
85399,,,,101,111,69,69,32,32,109,109,72,72,106,106,69,69
85498,,,,101,111,69,69,32,32,109,109,72,72,106,106,69,69
85593,,,,101,111,69,69,32,32,109,109,72,72,106,106,69,69
85699,,,,101,111,69,69,32,32,109,109,72,72,106,106,69,69
85798,,,,101,111,69,69,32,32,109,109,72,72,106,106,69,69
85901,,,,101,111,69,69,32,32,109,109,72,72,106,106,69,69
85998,,,,101,111,69,69,32,32,109,109,72,72,106,106,69,69
86099,,,,101,111,69,69,32,32,109,109,72,72,106,106,69,69
86199,,,,101,111,69,69,32,32,109,109,72,72,106,106,69,69
86299,,,,101,111,69,69,32,32,109,109,72,72,106,106,69,69
86397,,,,101,111,69,69,32,32,109,109,72,72,106,106,69,69
86497,,,,101,111,69,69,32,32,109,109,72,72,106,106,69,69
86599,,,,101,111,69,69,32,32,109,109,72,72,106,106,69,69
86699,,,,101,111,69,69,32,32,109,109,72,72,106,106,69,69
86794,,,,101,111,69,69,32,32,109,109,72,72,106,106,69,69
86902,,,,101,111,69,69,32,32,109,109,72,72,106,106,69,69
86998,,,,101,111,69,69,32,32,109,109,72,72,106,106,69,69
87097,,,,101,111,69,69,32,32,109,109,72,72,106,106,69,69
87197,,,,101,111,69,69,32,32,109,109,72,72,106,106,69,69
87297,,,,101,111,69,69,32,32,109,109,72,72,106,106,69,69
87402,,,,101,111,69,69,32,32,109,109,72,72,106,106,69,69
87500,,,,101,111,69,69,32,32,109,109,72,72,106,106,69,69
87597,,,,101,111,69,69,32,32,109,109,72,72,106,106,69,69
87699,,,,101,111,69,69,32,32,109,109,72,72,106,106,69,69
87800,,,,101,111,69,69,32,32,109,109,72,72,106,106,69,69
87899,,,,101,111,69,69,32,32,109,109,72,72,106,106,69,69
87998,,,,101,111,69,69,32,32,109,109,72,72,106,106,69,69
88099,,,,101,111,69,69,32,32,109,109,72,72,106,106,69,69
88201,,,,101,111,69,69,32,32,109,109,72,72,106,106,69,69
88297,,,,101,111,69,69,32,32,109,109,72,72,106,106,69,69
88400,,,,101,111,69,69,32,32,109,109,72,72,106,106,69,69
88503,,,,101,111,69,69,32,32,109,109,72,72,106,106,69,69
88603,,,,101,111,69,69,32,32,109,109,72,72,106,106,69,69
88702,,,,101,111,69,69,32,32,109,109,72,72,106,106,69,69
88804,,,,101,111,69,69,32,32,109,109,72,72,106,106,69,69
88903,,,,101,111,69,69,32,32,109,109,72,72,106,106,69,69
89000,,,,101,111,69,69,32,32,109,109,72,72,106,106,69,69
89098,,,,101,111,69,69,32,32,109,109,72,72,106,106,69,69
89200,,,,101,111,69,69,32,32,109,109,72,72,106,106,69,69
89296,,,,101,111,69,69,32,32,109,109,72,72,106,106,69,69
89400,,,,101,111,69,69,32,32,109,109,72,72,106,106,69,69
89499,,,,101,111,69,69,32,32,109,109,72,72,106,106,69,69
89597,,,,101,111,69,69,32,32,109,109,72,72,106,106,69,69
89696,,,,101,111,69,69,32,32,109,109,72,72,106,106,69,69
89800,,,,101,111,69,69,32,32,109,109,72,72,106,106,69,69
89898,,,,101,111,69,69,32,32,109,109,72,72,106,106,69,69
89998,,,,101,111,69,69,32,32,109,109,72,72,106,106,69,69
90098,,,,101,111,69,69,32,32,109,109,72,72,106,106,69,69
90198,,,,101,111,69,69,32,32,109,109,72,72,106,106,69,69
90296,180.62957403874938,662.80683411329,-0.8308848280018883,79,89,2,2,32,32,63,63,94,94,16,16,46,46
90356,,,,79,89,2,2,32,32,63,63,94,94,16,16,46,46
90456,,,,79,89,2,2,32,32,63,63,94,94,16,16,46,46
90557,,,,79,89,2,2,32,32,63,63,94,94,16,16,46,46
90658,,,,79,89,2,2,32,32,63,63,94,94,16,16,46,46
90758,285.52759592416317,666.479230390257,0.3855638361454647,10,20,24,24,32,32,41,41,50,50,26,26,35,35
90856,286.67472628476446,652.2265903050236,0.6071802408481379,18,28,28,28,32,32,37,37,42,42,28,28,33,33
90956,294.0892547189541,642.9752854116568,1.0123189800023955,32,42,35,35,32,32,30,30,27,27,32,32,30,30
91056,298.4261562938411,641.3563637579489,1.4866985622798794,49,59,43,43,32,32,21,21,10,10,36,36,25,25
91156,301.2257475769862,644.9380830807681,1.6532639865281968,55,65,46,46,32,32,18,18,4,4,38,38,24,24
91256,304.03714871531326,648.9324109826895,1.5163648665999583,51,61,44,44,32,32,21,21,9,9,37,37,25,25
91356,302.62797029392516,652.2763908954321,0.8933304631597397,28,38,33,33,32,32,32,32,32,32,31,31,31,31
91456,299.80580688409134,656.1468268664221,0.4744018277547868,13,23,25,25,32,32,40,40,47,47,27,27,34,34
91556,298.20524873435056,662.8998320246207,0.38009109855209383,10,20,24,24,32,32,41,41,50,50,26,26,35,35
91656,299.4156738276723,667.1959946556224,0.33205849357866996,8,18,23,23,32,32,42,42,52,52,26,26,36,36
91756,300.15398525255796,666.9223808512139,0.29459638475350053,7,17,22,22,32,32,43,43,53,53,26,26,36,36
91856,300.37097343790623,666.4855292312095,0.2456034681025371,5,15,21,21,32,32,44,44,55,55,25,25,36,36
91956,298.52277264272016,669.6694877097846,0.1764942456259945,2,12,20,20,32,32,45,45,57,57,25,25,37,37
92056,291.7152449188568,674.1433850727273,-0.009935735493888034,109,6,17,17,32,32,48,48,64,64,23,23,39,39
92157,289.26974130676996,677.845764064846,-0.2443533821760468,100,110,12,12,32,32,52,52,73,73,21,21,41,41
92256,289.7026921759218,675.2113039618393,-0.27058976816099267,99,109,12,12,32,32,53,53,74,74,21,21,41,41
92356,293.07814317474435,668.5501015339028,-0.28107516608907684,99,109,12,12,32,32,53,53,74,74,20,20,41,41
92456,293.10597948441045,662.0373084544632,-0.2930391248899904,98,108,11,11,32,32,53,53,74,74,20,20,41,41
92556,284.20522672905827,661.295017265854,-0.36852489463620813,96,106,10,10,32,32,55,55,77,77,20,20,42,42
92656,278.85833420228687,664.5191664212969,-0.5733919005591925,88,98,6,6,32,32,58,58,84,84,18,18,44,44
92756,277.111858525161,661.9430479747919,-0.6691166003740929,85,95,5,5,32,32,60,60,88,88,17,17,45,45
92856,280.90918555721146,650.5420773702992,-0.2934062169553769,98,108,11,11,32,32,53,53,74,74,20,20,41,41
92956,292.7789699663315,644.4835717897523,0.22365284861057472,4,14,21,21,32,32,44,44,56,56,25,25,37,37
93056,300.7261046893179,646.0022650209299,0.5058144788542714,14,24,26,26,32,32,39,39,46,46,28,28,34,34
93157,305.63092271902997,649.1769749921857,0.9088315108759097,29,39,33,33,32,32,32,32,31,31,31,31,30,30
93257,310.06799423452406,645.0791651305946,1.3531246458958435,45,55,41,41,32,32,24,24,15,15,35,35,26,26
93356,313.77439218614364,641.130903462056,1.7696189160052065,60,70,49,49,32,32,16,16,113,113,39,39,23,23
93456,316.96800396675815,636.8679544259381,1.978087570172519,67,77,52,52,32,32,13,13,106,106,41,41,21,21
93557,,,,67,77,52,52,32,32,13,13,106,106,41,41,21,21
93657,,,,67,77,52,52,32,32,13,13,106,106,41,41,21,21
93758,,,,67,77,52,52,32,32,13,13,106,106,41,41,21,21
93859,,,,67,77,52,52,32,32,13,13,106,106,41,41,21,21
93959,,,,67,77,52,52,32,32,13,13,106,106,41,41,21,21
94060,,,,67,77,52,52,32,32,13,13,106,106,41,41,21,21
94162,,,,67,77,52,52,32,32,13,13,106,106,41,41,21,21
94262,,,,67,77,52,52,32,32,13,13,106,106,41,41,21,21
94364,,,,67,77,52,52,32,32,13,13,106,106,41,41,21,21
94464,,,,67,77,52,52,32,32,13,13,106,106,41,41,21,21
94565,,,,67,77,52,52,32,32,13,13,106,106,41,41,21,21
94667,,,,67,77,52,52,32,32,13,13,106,106,41,41,21,21
94767,,,,67,77,52,52,32,32,13,13,106,106,41,41,21,21
94869,,,,67,77,52,52,32,32,13,13,106,106,41,41,21,21
94971,,,,67,77,52,52,32,32,13,13,106,106,41,41,21,21
95072,,,,67,77,52,52,32,32,13,13,106,106,41,41,21,21
95174,,,,67,77,52,52,32,32,13,13,106,106,41,41,21,21
95274,,,,67,77,52,52,32,32,13,13,106,106,41,41,21,21
95413,,,,67,77,52,52,32,32,13,13,106,106,41,41,21,21
95477,,,,67,77,52,52,32,32,13,13,106,106,41,41,21,21
95579,,,,67,77,52,52,32,32,13,13,106,106,41,41,21,21
95681,,,,67,77,52,52,32,32,13,13,106,106,41,41,21,21
95782,,,,67,77,52,52,32,32,13,13,106,106,41,41,21,21
95884,,,,67,77,52,52,32,32,13,13,106,106,41,41,21,21
95985,,,,67,77,52,52,32,32,13,13,106,106,41,41,21,21
96086,,,,67,77,52,52,32,32,13,13,106,106,41,41,21,21
96187,,,,67,77,52,52,32,32,13,13,106,106,41,41,21,21
96290,,,,67,77,52,52,32,32,13,13,106,106,41,41,21,21
96389,,,,67,77,52,52,32,32,13,13,106,106,41,41,21,21
96490,,,,67,77,52,52,32,32,13,13,106,106,41,41,21,21
96593,,,,67,77,52,52,32,32,13,13,106,106,41,41,21,21
96693,,,,67,77,52,52,32,32,13,13,106,106,41,41,21,21
96794,,,,67,77,52,52,32,32,13,13,106,106,41,41,21,21
96897,,,,67,77,52,52,32,32,13,13,106,106,41,41,21,21
96997,,,,67,77,52,52,32,32,13,13,106,106,41,41,21,21
97099,,,,67,77,52,52,32,32,13,13,106,106,41,41,21,21
97199,,,,67,77,52,52,32,32,13,13,106,106,41,41,21,21
97299,,,,67,77,52,52,32,32,13,13,106,106,41,41,21,21
97400,,,,67,77,52,52,32,32,13,13,106,106,41,41,21,21
97501,,,,67,77,52,52,32,32,13,13,106,106,41,41,21,21
97603,,,,67,77,52,52,32,32,13,13,106,106,41,41,21,21
97701,,,,67,77,52,52,32,32,13,13,106,106,41,41,21,21
97813,,,,67,77,52,52,32,32,13,13,106,106,41,41,21,21
97876,,,,67,77,52,52,32,32,13,13,106,106,41,41,21,21
97999,,,,67,77,52,52,32,32,13,13,106,106,41,41,21,21
98097,,,,67,77,52,52,32,32,13,13,106,106,41,41,21,21
98197,,,,67,77,52,52,32,32,13,13,106,106,41,41,21,21
98297,,,,67,77,52,52,32,32,13,13,106,106,41,41,21,21
98397,,,,67,77,52,52,32,32,13,13,106,106,41,41,21,21
98494,,,,67,77,52,52,32,32,13,13,106,106,41,41,21,21
98574,,,,67,77,52,52,32,32,13,13,106,106,41,41,21,21
98677,,,,67,77,52,52,32,32,13,13,106,106,41,41,21,21
98773,,,,67,77,52,52,32,32,13,13,106,106,41,41,21,21
98876,,,,67,77,52,52,32,32,13,13,106,106,41,41,21,21
98996,,,,67,77,52,52,32,32,13,13,106,106,41,41,21,21
99096,,,,67,77,52,52,32,32,13,13,106,106,41,41,21,21
99197,,,,67,77,52,52,32,32,13,13,106,106,41,41,21,21
99298,,,,67,77,52,52,32,32,13,13,106,106,41,41,21,21
99401,,,,67,77,52,52,32,32,13,13,106,106,41,41,21,21
99501,,,,67,77,52,52,32,32,13,13,106,106,41,41,21,21
99604,,,,67,77,52,52,32,32,13,13,106,106,41,41,21,21
99703,,,,67,77,52,52,32,32,13,13,106,106,41,41,21,21
99806,,,,67,77,52,52,32,32,13,13,106,106,41,41,21,21
99899,,,,67,77,52,52,32,32,13,13,106,106,41,41,21,21
99999,,,,67,77,52,52,32,32,13,13,106,106,41,41,21,21
100097,,,,67,77,52,52,32,32,13,13,106,106,41,41,21,21
100196,,,,67,77,52,52,32,32,13,13,106,106,41,41,21,21
100300,,,,67,77,52,52,32,32,13,13,106,106,41,41,21,21
100397,,,,67,77,52,52,32,32,13,13,106,106,41,41,21,21
100495,,,,67,77,52,52,32,32,13,13,106,106,41,41,21,21
100598,,,,67,77,52,52,32,32,13,13,106,106,41,41,21,21
100698,,,,67,77,52,52,32,32,13,13,106,106,41,41,21,21
100798,,,,67,77,52,52,32,32,13,13,106,106,41,41,21,21
100897,,,,67,77,52,52,32,32,13,13,106,106,41,41,21,21
100997,,,,67,77,52,52,32,32,13,13,106,106,41,41,21,21
101096,,,,67,77,52,52,32,32,13,13,106,106,41,41,21,21
101197,,,,67,77,52,52,32,32,13,13,106,106,41,41,21,21
101299,,,,67,77,52,52,32,32,13,13,106,106,41,41,21,21
101397,,,,67,77,52,52,32,32,13,13,106,106,41,41,21,21
101501,,,,67,77,52,52,32,32,13,13,106,106,41,41,21,21
101599,,,,67,77,52,52,32,32,13,13,106,106,41,41,21,21
101698,,,,67,77,52,52,32,32,13,13,106,106,41,41,21,21
101805,,,,67,77,52,52,32,32,13,13,106,106,41,41,21,21
101897,,,,67,77,52,52,32,32,13,13,106,106,41,41,21,21
101997,,,,67,77,52,52,32,32,13,13,106,106,41,41,21,21
102100,,,,67,77,52,52,32,32,13,13,106,106,41,41,21,21
102199,,,,67,77,52,52,32,32,13,13,106,106,41,41,21,21
102296,,,,67,77,52,52,32,32,13,13,106,106,41,41,21,21
102399,,,,67,77,52,52,32,32,13,13,106,106,41,41,21,21
102500,,,,67,77,52,52,32,32,13,13,106,106,41,41,21,21
102597,,,,67,77,52,52,32,32,13,13,106,106,41,41,21,21
102698,,,,67,77,52,52,32,32,13,13,106,106,41,41,21,21
102800,,,,67,77,52,52,32,32,13,13,106,106,41,41,21,21
102899,,,,67,77,52,52,32,32,13,13,106,106,41,41,21,21
102997,,,,67,77,52,52,32,32,13,13,106,106,41,41,21,21
103098,,,,67,77,52,52,32,32,13,13,106,106,41,41,21,21
103198,,,,67,77,52,52,32,32,13,13,106,106,41,41,21,21
103298,,,,67,77,52,52,32,32,13,13,106,106,41,41,21,21
103395,,,,67,77,52,52,32,32,13,13,106,106,41,41,21,21
103496,,,,67,77,52,52,32,32,13,13,106,106,41,41,21,21
103598,,,,67,77,52,52,32,32,13,13,106,106,41,41,21,21
103700,,,,67,77,52,52,32,32,13,13,106,106,41,41,21,21
103813,,,,67,77,52,52,32,32,13,13,106,106,41,41,21,21
103875,,,,67,77,52,52,32,32,13,13,106,106,41,41,21,21
103974,,,,67,77,52,52,32,32,13,13,106,106,41,41,21,21
104099,,,,67,77,52,52,32,32,13,13,106,106,41,41,21,21
104200,,,,67,77,52,52,32,32,13,13,106,106,41,41,21,21
104299,,,,67,77,52,52,32,32,13,13,106,106,41,41,21,21
104399,,,,67,77,52,52,32,32,13,13,106,106,41,41,21,21
104496,,,,67,77,52,52,32,32,13,13,106,106,41,41,21,21
104599,,,,67,77,52,52,32,32,13,13,106,106,41,41,21,21
104698,,,,67,77,52,52,32,32,13,13,106,106,41,41,21,21
104796,,,,67,77,52,52,32,32,13,13,106,106,41,41,21,21
104901,,,,67,77,52,52,32,32,13,13,106,106,41,41,21,21
104994,,,,67,77,52,52,32,32,13,13,106,106,41,41,21,21
105099,,,,67,77,52,52,32,32,13,13,106,106,41,41,21,21
105198,,,,67,77,52,52,32,32,13,13,106,106,41,41,21,21
105295,,,,67,77,52,52,32,32,13,13,106,106,41,41,21,21
105398,,,,67,77,52,52,32,32,13,13,106,106,41,41,21,21
105498,,,,67,77,52,52,32,32,13,13,106,106,41,41,21,21
105599,,,,67,77,52,52,32,32,13,13,106,106,41,41,21,21
105698,,,,67,77,52,52,32,32,13,13,106,106,41,41,21,21
105806,,,,67,77,52,52,32,32,13,13,106,106,41,41,21,21
105900,,,,67,77,52,52,32,32,13,13,106,106,41,41,21,21
105999,,,,67,77,52,52,32,32,13,13,106,106,41,41,21,21
106097,,,,67,77,52,52,32,32,13,13,106,106,41,41,21,21
106198,,,,67,77,52,52,32,32,13,13,106,106,41,41,21,21
106298,,,,67,77,52,52,32,32,13,13,106,106,41,41,21,21
106397,,,,67,77,52,52,32,32,13,13,106,106,41,41,21,21
106499,,,,67,77,52,52,32,32,13,13,106,106,41,41,21,21
106600,,,,67,77,52,52,32,32,13,13,106,106,41,41,21,21
106699,,,,67,77,52,52,32,32,13,13,106,106,41,41,21,21
106794,,,,67,77,52,52,32,32,13,13,106,106,41,41,21,21
106899,,,,67,77,52,52,32,32,13,13,106,106,41,41,21,21
106999,,,,67,77,52,52,32,32,13,13,106,106,41,41,21,21
107097,,,,67,77,52,52,32,32,13,13,106,106,41,41,21,21
107198,,,,67,77,52,52,32,32,13,13,106,106,41,41,21,21
107301,,,,67,77,52,52,32,32,13,13,106,106,41,41,21,21
107398,,,,67,77,52,52,32,32,13,13,106,106,41,41,21,21
107497,,,,67,77,52,52,32,32,13,13,106,106,41,41,21,21
107599,,,,67,77,52,52,32,32,13,13,106,106,41,41,21,21
107698,,,,67,77,52,52,32,32,13,13,106,106,41,41,21,21
107807,,,,67,77,52,52,32,32,13,13,106,106,41,41,21,21
107898,,,,67,77,52,52,32,32,13,13,106,106,41,41,21,21
107995,,,,67,77,52,52,32,32,13,13,106,106,41,41,21,21
108096,,,,67,77,52,52,32,32,13,13,106,106,41,41,21,21
108197,,,,67,77,52,52,32,32,13,13,106,106,41,41,21,21
108299,,,,67,77,52,52,32,32,13,13,106,106,41,41,21,21
108396,,,,67,77,52,52,32,32,13,13,106,106,41,41,21,21
108498,,,,67,77,52,52,32,32,13,13,106,106,41,41,21,21
108599,,,,67,77,52,52,32,32,13,13,106,106,41,41,21,21
108700,,,,67,77,52,52,32,32,13,13,106,106,41,41,21,21
108799,,,,67,77,52,52,32,32,13,13,106,106,41,41,21,21
108900,,,,67,77,52,52,32,32,13,13,106,106,41,41,21,21
108997,,,,67,77,52,52,32,32,13,13,106,106,41,41,21,21
109101,,,,67,77,52,52,32,32,13,13,106,106,41,41,21,21
109197,,,,67,77,52,52,32,32,13,13,106,106,41,41,21,21
109297,,,,67,77,52,52,32,32,13,13,106,106,41,41,21,21
109399,,,,67,77,52,52,32,32,13,13,106,106,41,41,21,21
109495,,,,67,77,52,52,32,32,13,13,106,106,41,41,21,21
109601,,,,67,77,52,52,32,32,13,13,106,106,41,41,21,21
109697,,,,67,77,52,52,32,32,13,13,106,106,41,41,21,21
109810,,,,67,77,52,52,32,32,13,13,106,106,41,41,21,21
109899,,,,67,77,52,52,32,32,13,13,106,106,41,41,21,21
109998,,,,67,77,52,52,32,32,13,13,106,106,41,41,21,21
110099,,,,67,77,52,52,32,32,13,13,106,106,41,41,21,21
110195,,,,67,77,52,52,32,32,13,13,106,106,41,41,21,21
110300,,,,67,77,52,52,32,32,13,13,106,106,41,41,21,21
110397,,,,67,77,52,52,32,32,13,13,106,106,41,41,21,21
110496,,,,67,77,52,52,32,32,13,13,106,106,41,41,21,21
110601,,,,67,77,52,52,32,32,13,13,106,106,41,41,21,21
110699,,,,67,77,52,52,32,32,13,13,106,106,41,41,21,21
110797,,,,67,77,52,52,32,32,13,13,106,106,41,41,21,21
110897,,,,67,77,52,52,32,32,13,13,106,106,41,41,21,21
110999,,,,67,77,52,52,32,32,13,13,106,106,41,41,21,21
111096,,,,67,77,52,52,32,32,13,13,106,106,41,41,21,21
111198,,,,67,77,52,52,32,32,13,13,106,106,41,41,21,21
111316,,,,67,77,52,52,32,32,13,13,106,106,41,41,21,21
111411,,,,67,77,52,52,32,32,13,13,106,106,41,41,21,21
111515,,,,67,77,52,52,32,32,13,13,106,106,41,41,21,21
111610,,,,67,77,52,52,32,32,13,13,106,106,41,41,21,21
111710,,,,67,77,52,52,32,32,13,13,106,106,41,41,21,21
111811,,,,67,77,52,52,32,32,13,13,106,106,41,41,21,21
111909,,,,67,77,52,52,32,32,13,13,106,106,41,41,21,21
112012,,,,67,77,52,52,32,32,13,13,106,106,41,41,21,21
112111,,,,67,77,52,52,32,32,13,13,106,106,41,41,21,21
112212,,,,67,77,52,52,32,32,13,13,106,106,41,41,21,21
112311,,,,67,77,52,52,32,32,13,13,106,106,41,41,21,21
112413,,,,67,77,52,52,32,32,13,13,106,106,41,41,21,21
112503,,,,67,77,52,52,32,32,13,13,106,106,41,41,21,21
112610,,,,67,77,52,52,32,32,13,13,106,106,41,41,21,21
112711,,,,67,77,52,52,32,32,13,13,106,106,41,41,21,21
112811,,,,67,77,52,52,32,32,13,13,106,106,41,41,21,21
112912,,,,67,77,52,52,32,32,13,13,106,106,41,41,21,21
113012,,,,67,77,52,52,32,32,13,13,106,106,41,41,21,21
113113,,,,67,77,52,52,32,32,13,13,106,106,41,41,21,21
113212,,,,67,77,52,52,32,32,13,13,106,106,41,41,21,21
113312,,,,67,77,52,52,32,32,13,13,106,106,41,41,21,21
113413,,,,67,77,52,52,32,32,13,13,106,106,41,41,21,21
113511,,,,67,77,52,52,32,32,13,13,106,106,41,41,21,21
113606,,,,67,77,52,52,32,32,13,13,106,106,41,41,21,21
113711,,,,67,77,52,52,32,32,13,13,106,106,41,41,21,21
113813,,,,67,77,52,52,32,32,13,13,106,106,41,41,21,21
113911,,,,67,77,52,52,32,32,13,13,106,106,41,41,21,21
114012,,,,67,77,52,52,32,32,13,13,106,106,41,41,21,21
114112,,,,67,77,52,52,32,32,13,13,106,106,41,41,21,21
114203,,,,67,77,52,52,32,32,13,13,106,106,41,41,21,21
114293,,,,67,77,52,52,32,32,13,13,106,106,41,41,21,21
114410,,,,67,77,52,52,32,32,13,13,106,106,41,41,21,21
114513,,,,67,77,52,52,32,32,13,13,106,106,41,41,21,21
114610,,,,67,77,52,52,32,32,13,13,106,106,41,41,21,21
114698,,,,67,77,52,52,32,32,13,13,106,106,41,41,21,21
114795,,,,67,77,52,52,32,32,13,13,106,106,41,41,21,21
114903,,,,67,77,52,52,32,32,13,13,106,106,41,41,21,21
115000,,,,67,77,52,52,32,32,13,13,106,106,41,41,21,21
115097,,,,67,77,52,52,32,32,13,13,106,106,41,41,21,21
115197,,,,67,77,52,52,32,32,13,13,106,106,41,41,21,21
115298,,,,67,77,52,52,32,32,13,13,106,106,41,41,21,21
115397,,,,67,77,52,52,32,32,13,13,106,106,41,41,21,21
115499,,,,67,77,52,52,32,32,13,13,106,106,41,41,21,21
115598,,,,67,77,52,52,32,32,13,13,106,106,41,41,21,21
115698,,,,67,77,52,52,32,32,13,13,106,106,41,41,21,21
115799,,,,67,77,52,52,32,32,13,13,106,106,41,41,21,21
115898,,,,67,77,52,52,32,32,13,13,106,106,41,41,21,21
115998,,,,67,77,52,52,32,32,13,13,106,106,41,41,21,21
116100,,,,67,77,52,52,32,32,13,13,106,106,41,41,21,21
116197,,,,67,77,52,52,32,32,13,13,106,106,41,41,21,21
116300,,,,67,77,52,52,32,32,13,13,106,106,41,41,21,21
116398,,,,67,77,52,52,32,32,13,13,106,106,41,41,21,21
116512,,,,67,77,52,52,32,32,13,13,106,106,41,41,21,21
116597,,,,67,77,52,52,32,32,13,13,106,106,41,41,21,21
116697,,,,67,77,52,52,32,32,13,13,106,106,41,41,21,21
116797,,,,67,77,52,52,32,32,13,13,106,106,41,41,21,21
116897,,,,67,77,52,52,32,32,13,13,106,106,41,41,21,21
116996,,,,67,77,52,52,32,32,13,13,106,106,41,41,21,21
117098,,,,67,77,52,52,32,32,13,13,106,106,41,41,21,21
117198,,,,67,77,52,52,32,32,13,13,106,106,41,41,21,21
117298,,,,67,77,52,52,32,32,13,13,106,106,41,41,21,21
117398,,,,67,77,52,52,32,32,13,13,106,106,41,41,21,21
117496,,,,67,77,52,52,32,32,13,13,106,106,41,41,21,21
117599,,,,67,77,52,52,32,32,13,13,106,106,41,41,21,21
117698,,,,67,77,52,52,32,32,13,13,106,106,41,41,21,21
117796,,,,67,77,52,52,32,32,13,13,106,106,41,41,21,21
117901,,,,67,77,52,52,32,32,13,13,106,106,41,41,21,21
118000,,,,67,77,52,52,32,32,13,13,106,106,41,41,21,21
118099,,,,67,77,52,52,32,32,13,13,106,106,41,41,21,21
118200,,,,67,77,52,52,32,32,13,13,106,106,41,41,21,21
118302,,,,67,77,52,52,32,32,13,13,106,106,41,41,21,21
118399,,,,67,77,52,52,32,32,13,13,106,106,41,41,21,21
118506,,,,67,77,52,52,32,32,13,13,106,106,41,41,21,21
118600,,,,67,77,52,52,32,32,13,13,106,106,41,41,21,21
118699,,,,67,77,52,52,32,32,13,13,106,106,41,41,21,21
118798,,,,67,77,52,52,32,32,13,13,106,106,41,41,21,21
118898,,,,67,77,52,52,32,32,13,13,106,106,41,41,21,21
119000,,,,67,77,52,52,32,32,13,13,106,106,41,41,21,21
119097,,,,67,77,52,52,32,32,13,13,106,106,41,41,21,21
119196,,,,67,77,52,52,32,32,13,13,106,106,41,41,21,21
119300,,,,67,77,52,52,32,32,13,13,106,106,41,41,21,21
119397,,,,67,77,52,52,32,32,13,13,106,106,41,41,21,21
119498,,,,67,77,52,52,32,32,13,13,106,106,41,41,21,21
119597,,,,67,77,52,52,32,32,13,13,106,106,41,41,21,21
119698,,,,67,77,52,52,32,32,13,13,106,106,41,41,21,21
119798,,,,67,77,52,52,32,32,13,13,106,106,41,41,21,21
119899,,,,67,77,52,52,32,32,13,13,106,106,41,41,21,21
119998,,,,67,77,52,52,32,32,13,13,106,106,41,41,21,21
120100,,,,67,77,52,52,32,32,13,13,106,106,41,41,21,21
120193,,,,67,77,52,52,32,32,13,13,106,106,41,41,21,21
120299,,,,67,77,52,52,32,32,13,13,106,106,41,41,21,21
120396,,,,67,77,52,52,32,32,13,13,106,106,41,41,21,21
120501,,,,67,77,52,52,32,32,13,13,106,106,41,41,21,21
120597,,,,67,77,52,52,32,32,13,13,106,106,41,41,21,21
120699,,,,67,77,52,52,32,32,13,13,106,106,41,41,21,21
120800,,,,67,77,52,52,32,32,13,13,106,106,41,41,21,21
120898,,,,67,77,52,52,32,32,13,13,106,106,41,41,21,21
120998,,,,67,77,52,52,32,32,13,13,106,106,41,41,21,21
121098,,,,67,77,52,52,32,32,13,13,106,106,41,41,21,21
121200,,,,67,77,52,52,32,32,13,13,106,106,41,41,21,21
121302,,,,67,77,52,52,32,32,13,13,106,106,41,41,21,21
121398,,,,67,77,52,52,32,32,13,13,106,106,41,41,21,21
121499,,,,67,77,52,52,32,32,13,13,106,106,41,41,21,21
121597,,,,67,77,52,52,32,32,13,13,106,106,41,41,21,21
121696,,,,67,77,52,52,32,32,13,13,106,106,41,41,21,21
121798,,,,67,77,52,52,32,32,13,13,106,106,41,41,21,21
121897,,,,67,77,52,52,32,32,13,13,106,106,41,41,21,21
121999,,,,67,77,52,52,32,32,13,13,106,106,41,41,21,21
122100,,,,67,77,52,52,32,32,13,13,106,106,41,41,21,21
122195,,,,67,77,52,52,32,32,13,13,106,106,41,41,21,21
122296,,,,67,77,52,52,32,32,13,13,106,106,41,41,21,21
122401,,,,67,77,52,52,32,32,13,13,106,106,41,41,21,21
122497,,,,67,77,52,52,32,32,13,13,106,106,41,41,21,21
122595,,,,67,77,52,52,32,32,13,13,106,106,41,41,21,21
122696,,,,67,77,52,52,32,32,13,13,106,106,41,41,21,21
122795,,,,67,77,52,52,32,32,13,13,106,106,41,41,21,21
122898,,,,67,77,52,52,32,32,13,13,106,106,41,41,21,21
122995,,,,67,77,52,52,32,32,13,13,106,106,41,41,21,21
123100,,,,67,77,52,52,32,32,13,13,106,106,41,41,21,21
123196,,,,67,77,52,52,32,32,13,13,106,106,41,41,21,21
123299,,,,67,77,52,52,32,32,13,13,106,106,41,41,21,21
123396,,,,67,77,52,52,32,32,13,13,106,106,41,41,21,21
123498,,,,67,77,52,52,32,32,13,13,106,106,41,41,21,21
123600,,,,67,77,52,52,32,32,13,13,106,106,41,41,21,21
123701,,,,67,77,52,52,32,32,13,13,106,106,41,41,21,21
123801,,,,67,77,52,52,32,32,13,13,106,106,41,41,21,21
123897,,,,67,77,52,52,32,32,13,13,106,106,41,41,21,21
123994,,,,67,77,52,52,32,32,13,13,106,106,41,41,21,21
124095,,,,67,77,52,52,32,32,13,13,106,106,41,41,21,21
124199,,,,67,77,52,52,32,32,13,13,106,106,41,41,21,21
124298,,,,67,77,52,52,32,32,13,13,106,106,41,41,21,21
124398,,,,67,77,52,52,32,32,13,13,106,106,41,41,21,21
124500,,,,67,77,52,52,32,32,13,13,106,106,41,41,21,21
124601,,,,67,77,52,52,32,32,13,13,106,106,41,41,21,21
124696,,,,67,77,52,52,32,32,13,13,106,106,41,41,21,21
124797,,,,67,77,52,52,32,32,13,13,106,106,41,41,21,21
124900,,,,67,77,52,52,32,32,13,13,106,106,41,41,21,21
124997,,,,67,77,52,52,32,32,13,13,106,106,41,41,21,21
125098,,,,67,77,52,52,32,32,13,13,106,106,41,41,21,21
125195,,,,67,77,52,52,32,32,13,13,106,106,41,41,21,21
125299,292.9827594315083,745.5320324592858,-1.066269733228205,71,81,111,111,32,32,67,67,102,102,13,13,48,48
125357,293.34997228543284,760.5438813699645,-1.1668286503554712,67,77,109,109,32,32,69,69,106,106,12,12,49,49
125457,,,,67,77,109,109,32,32,69,69,106,106,12,12,49,49
125557,311.6443099808728,761.2007680064357,-0.11346630513534899,105,2,15,15,32,32,50,50,68,68,22,22,40,40
125657,311.90620224104157,755.8859322429068,0.08821194783425053,112,9,18,18,32,32,46,46,61,61,24,24,38,38
125757,310.57203493690326,759.1964948735881,0.6240548448907411,18,28,28,28,32,32,37,37,41,41,29,29,33,33
125857,306.5530490932838,751.740965965749,0.885208919850732,28,38,33,33,32,32,32,32,32,32,31,31,31,31
125957,302.0681302353338,741.2540138464915,1.3023966578358832,43,53,40,40,32,32,25,25,17,17,35,35,27,27
126057,298.3653326176081,731.7623130460582,1.7079376063005596,57,67,47,47,32,32,17,17,2,2,38,38,23,23
126157,292.43344945537507,714.9553470173997,1.8988229567409924,64,74,51,51,32,32,14,14,108,108,40,40,22,22
126256,,,,64,74,51,51,32,32,14,14,108,108,40,40,22,22
126358,,,,64,74,51,51,32,32,14,14,108,108,40,40,22,22
126458,312.50877029437805,661.5176333454139,2.569593847902005,88,98,63,63,32,32,2,2,84,84,46,46,16,16
126557,318.46079250408184,644.5156447576238,2.685123660608668,93,103,65,65,32,32,113,113,80,80,47,47,15,15
126657,322.4658187651591,628.9363662269496,2.52957801891176,87,97,62,62,32,32,3,3,86,86,46,46,16,16
126757,323.06170660019757,612.8557478920706,2.39337304195545,82,92,60,60,32,32,5,5,91,91,44,44,17,17
126857,,,,82,92,60,60,32,32,5,5,91,91,44,44,17,17
126958,321.1098741286375,593.8670533962487,1.635590587879503,55,65,46,46,32,32,19,19,5,5,38,38,24,24
127057,327.0162646385844,591.7789497073735,1.4000438223897793,46,56,42,42,32,32,23,23,13,13,36,36,26,26
127157,332.1436107840846,597.3553948619887,0.9300181669975396,29,39,33,33,32,32,31,31,30,30,31,31,30,30
127257,338.4802312573932,607.7379801913539,0.7038157737141038,21,31,29,29,32,32,35,35,38,38,29,29,32,32
127357,339.134466625408,619.0689901719418,0.5152783079336606,15,25,26,26,32,32,39,39,45,45,28,28,34,34
127457,339.3800685022201,632.0525351237332,0.28577290427662055,6,16,22,22,32,32,43,43,53,53,26,26,36,36
127557,335.0409277355524,641.6344834478617,-0.0683704619524027,107,4,15,15,32,32,49,49,66,66,22,22,39,39
127657,329.7145375171347,652.1247871398932,-0.4959872295215671,91,101,8,8,32,32,57,57,82,82,19,19,43,43
127758,330.1642788972737,663.6350197163232,-0.714683371571096,83,93,4,4,32,32,61,61,89,89,17,17,45,45
127857,329.5602019127151,672.4691155242737,-0.9036658902021784,76,86,113,113,32,32,64,64,96,96,15,15,47,47
127957,331.27030439676685,678.8710107874347,-0.9555440158833138,75,85,113,113,32,32,65,65,98,98,14,14,47,47
128058,333.80417149555694,681.233376043334,-0.9496855599710147,75,85,113,113,32,32,65,65,98,98,14,14,47,47
128157,334.6168635640497,679.9254467817104,-0.9455952968548235,75,85,113,113,32,32,65,65,98,98,14,14,47,47
128257,335.1413166043168,679.9430634952153,-0.9103202461304608,76,86,113,113,32,32,64,64,97,97,15,15,47,47
128357,333.12185040572854,688.6262765441687,-0.866646133039895,78,88,1,1,32,32,64,64,95,95,15,15,46,46
128457,330.4957343056317,701.0324852232559,-0.8535082795307228,78,88,1,1,32,32,63,63,94,94,15,15,46,46
128557,328.28076380471424,710.3413370880448,-0.8634744038143769,78,88,1,1,32,32,64,64,95,95,15,15,46,46
128657,326.8773022180894,718.5271559925442,-0.8806724424796909,77,87,1,1,32,32,64,64,95,95,15,15,47,47
128760,325.7221292705512,724.1519371627687,-0.8918811687312191,77,87,1,1,32,32,64,64,96,96,15,15,47,47
128858,324.04628374525123,724.6446895909073,-0.8961377153313015,77,87,1,1,32,32,64,64,96,96,15,15,47,47
128958,319.7357509504684,723.0969426865828,-0.8975301133457674,77,87,1,1,32,32,64,64,96,96,15,15,47,47
129057,316.6049678681599,720.4551094782609,-0.9023140594300926,77,87,113,113,32,32,64,64,96,96,15,15,47,47
129158,316.2787078173898,717.684356231454,-0.9054610258779537,76,86,113,113,32,32,64,64,96,96,15,15,47,47
129258,312.89409098981554,713.0647641044612,-0.9077470113669039,76,86,113,113,32,32,64,64,96,96,15,15,47,47
129359,309.38702129715114,709.543705357741,-0.8750115457585811,78,88,1,1,32,32,64,64,95,95,15,15,47,47
129457,311.32191045584034,710.9305699449322,-0.6774380705502941,85,95,5,5,32,32,60,60,88,88,17,17,45,45
129557,314.13618442433085,712.5416006864718,-0.580207177352348,88,98,6,6,32,32,59,59,85,85,18,18,44,44
129657,314.5374470120786,715.6031322275768,-0.41880057421007627,94,104,9,9,32,32,56,56,79,79,19,19,42,42
129758,312.9731866442285,717.9097778156105,-0.3340053656922577,97,107,11,11,32,32,54,54,76,76,20,20,42,42
129857,315.6717806232824,721.8236423248186,-0.18701569666438267,102,112,13,13,32,32,51,51,71,71,21,21,40,40
129957,319.3484173050786,727.4766256631679,-0.21292694669627557,101,111,13,13,32,32,52,52,71,71,21,21,41,41
130058,320.9626110282523,730.6718974120668,-0.2189186963790373,101,111,13,13,32,32,52,52,72,72,21,21,41,41
130159,318.10372148891344,731.0214663786878,-0.17984837999553704,103,113,13,13,32,32,51,51,70,70,21,21,40,40
130256,313.6412896124683,733.9591605070281,-0.13746945013502335,104,1,14,14,32,32,51,51,69,69,22,22,40,40
130356,312.6166309990235,735.7348431174107,-0.07241908873401227,106,3,15,15,32,32,49,49,66,66,22,22,39,39
130456,314.91869197002245,727.4973575170877,-0.09110508018287335,106,3,15,15,32,32,50,50,67,67,22,22,39,39
130557,315.7387901641299,719.8328353670873,-0.0765173313137355,106,3,15,15,32,32,49,49,67,67,22,22,39,39
130656,312.1210806855528,721.6715278086414,-0.0010958822534297954,109,6,17,17,32,32,48,48,64,64,23,23,39,39
130757,311.6964962637655,729.5880215693799,0.5668869768279502,16,26,27,27,32,32,38,38,43,43,28,28,34,34
130856,311.58120239489364,731.1075693984166,1.2137744486365754,40,50,39,39,32,32,26,26,20,20,34,34,28,28
130957,312.78274896391486,723.7563016283102,1.689828410388133,57,67,47,47,32,32,18,18,3,3,38,38,23,23
131057,,,,57,67,47,47,32,32,18,18,3,3,38,38,23,23
131158,,,,57,67,47,47,32,32,18,18,3,3,38,38,23,23
131258,,,,57,67,47,47,32,32,18,18,3,3,38,38,23,23
131358,306.56767526843043,647.8981705120249,-3.0682115779505854,112,9,75,75,32,32,103,103,61,61,52,52,10,10
131457,305.82969168711605,647.2691750577019,-2.375894621973158,24,34,87,87,32,32,91,91,36,36,58,58,4,4
131557,305.4315736246372,639.6700138155611,-2.193174290653787,30,40,90,90,32,32,88,88,30,30,60,60,2,2
131657,304.5193310260674,631.5968442940386,-1.8791339236684366,41,51,96,96,32,32,82,82,18,18,63,63,112,112
131757,307.1253769743238,626.7928827173054,-1.3782951227597486,59,69,105,105,32,32,73,73,113,113,67,67,108,108
131857,311.3485409938885,623.2400211313744,-1.1489263194099257,68,78,109,109,32,32,69,69,105,105,69,69,105,105
131957,312.2436780601667,622.7169212341887,-1.1842829184366144,66,76,108,108,32,32,69,69,106,106,69,69,106,106
132057,315.2039195794662,623.7656685176202,-1.3246016629829436,61,71,106,106,32,32,72,72,111,111,68,68,107,107
132157,317.1173345597024,625.1928734111534,-1.4908324682882679,55,65,103,103,32,32,75,75,4,4,66,66,109,109
132257,317.5548639783374,627.7450228652716,-1.6961723131030464,48,58,99,99,32,32,79,79,12,12,64,64,110,110
132357,317.02730996766746,634.3613392265881,-1.8390743632282294,43,53,97,97,32,32,81,81,17,17,63,63,112,112
132457,316.3938884906995,639.9909137639773,-2.080736918000926,34,44,92,92,32,32,86,86,26,26,61,61,1,1
132557,314.91302045115225,642.6233069353351,-2.2724934394217495,27,37,89,89,32,32,89,89,33,33,59,59,3,3
132657,317.1805958831167,645.1304979974468,-2.504160919197218,19,29,85,85,32,32,93,93,41,41,57,57,5,5
132757,316.46092198440766,646.9969390450574,-2.8272513639765267,7,17,79,79,32,32,99,99,52,52,54,54,8,8
132857,315.85692383164053,649.5281613916667,3.096130496705241,107,4,72,72,32,32,105,105,65,65,51,51,11,11
132959,316.4976777310203,651.2434707639682,2.8993144561871382,100,110,69,69,32,32,109,109,72,72,49,49,13,13
133057,318.1563956335828,651.2117694317137,2.6867788210406904,93,103,65,65,32,32,113,113,80,80,47,47,15,15
133157,319.43685025857513,652.3882335850515,2.5391522687242354,87,97,62,62,32,32,2,2,85,85,46,46,16,16
133257,319.0980827311371,651.4927394637509,2.330804618691069,80,90,59,59,32,32,6,6,93,93,44,44,18,18
133358,319.0904988862725,651.2985911855068,2.2372425543451113,76,86,57,57,32,32,8,8,96,96,43,43,19,19
133457,319.437041966726,650.3821033267101,2.0541910907053955,70,80,54,54,32,32,11,11,103,103,41,41,20,20
133557,318.06131502166534,651.5659087559112,1.8604503382672093,63,73,50,50,32,32,15,15,110,110,40,40,22,22
133657,317.03237069022276,653.5299687271013,1.6715811002211913,56,66,47,47,32,32,18,18,4,4,38,38,24,24
133758,317.47765757776517,653.371225294253,1.404264638168426,47,57,42,42,32,32,23,23,13,13,36,36,26,26
133858,318.4870461868168,652.8888825351717,1.0267470091224344,33,43,35,35,32,32,30,30,27,27,32,32,29,29
133959,317.0902622182844,654.095741361283,0.7156673107254131,22,32,30,30,32,32,35,35,38,38,29,29,32,32
134058,316.3776376656126,655.1161424870344,0.521682991954203,15,25,26,26,32,32,39,39,45,45,28,28,34,34
134158,316.7458716723878,655.7877774830022,0.3355636964119488,8,18,23,23,32,32,42,42,52,52,26,26,36,36
134258,316.7369263373661,655.2531454721787,0.21119987445083238,4,14,20,20,32,32,44,44,56,56,25,25,37,37
134357,315.48756356916124,655.4239989676472,0.05598716311023809,111,8,18,18,32,32,47,47,62,62,23,23,38,38
134458,313.61579318913095,656.7789804782608,-0.14666552752276332,104,1,14,14,32,32,51,51,69,69,22,22,40,40
134558,312.65538155682134,657.1802413051739,-0.38261048686075355,95,105,10,10,32,32,55,55,78,78,20,20,42,42
134658,312.52892603838103,658.9331042664189,-0.4448371641652633,93,103,9,9,32,32,56,56,80,80,19,19,43,43
134758,314.013778747747,661.9961971358257,-0.19094730825136497,102,112,13,13,32,32,52,52,71,71,21,21,40,40
134858,315.4298888278353,663.0049586841566,0.142784561714139,1,11,19,19,32,32,46,46,59,59,24,24,37,37
134958,313.0663796529685,658.3006258552837,-0.27326106782087944,99,109,12,12,32,32,53,53,74,74,21,21,41,41
135058,314.08769816153807,660.1111744860873,-0.5620568749660787,89,99,7,7,32,32,58,58,84,84,18,18,44,44
135158,311.6290386553252,662.925188869673,-0.9835290717834672,74,84,112,112,32,32,66,66,99,99,14,14,48,48
135257,310.4217288491617,667.475393343543,-1.3917333244120527,59,69,105,105,32,32,73,73,1,1,10,10,51,51
135357,310.6422729824886,670.8011383062084,-1.7661621652184851,45,55,98,98,32,32,80,80,14,14,7,7,55,55
135458,309.44788755015384,671.595700084251,-2.0973173906746574,34,44,92,92,32,32,86,86,26,26,4,4,58,58
135559,308.7948123316303,673.1064345032994,-2.3504401500573096,24,34,87,87,32,32,90,90,35,35,2,2,60,60
135657,308.44010793028303,674.4217252644166,-2.516851878761461,18,28,84,84,32,32,93,93,41,41,113,113,61,61
135757,309.2193531470397,675.4107979348986,-2.6694111213743703,13,23,82,82,32,32,96,96,47,47,112,112,63,63
135857,308.84414583703085,675.1501479892693,-2.8494887676660565,7,17,78,78,32,32,99,99,53,53,110,110,64,64
135957,310.2656019947436,675.8679123957047,-3.0477672286748407,112,9,75,75,32,32,103,103,60,60,109,109,66,66
136057,312.07627592252453,676.7484321446916,2.939310724814482,102,112,70,70,32,32,108,108,71,71,106,106,69,69
136157,312.8377730090179,677.0592615705672,2.7117430379975587,94,104,65,65,32,32,112,112,79,79,104,104,71,71
136257,313.3051052514403,676.4661124783665,2.480483200896869,85,95,61,61,32,32,3,3,88,88,102,102,73,73
136357,312.9911472160191,678.1316538717314,2.4135348155639456,83,93,60,60,32,32,5,5,90,90,101,101,73,73
136457,312.03522203978963,678.853494628507,2.4058026520628895,83,93,60,60,32,32,5,5,90,90,101,101,74,74
136557,313.50270808444225,680.8310509298042,2.5009902859592468,86,96,62,62,32,32,3,3,87,87,102,102,73,73
136657,313.75560091461597,680.9986680713578,2.4621908513697246,85,95,61,61,32,32,4,4,88,88,102,102,73,73
136757,316.2831191025629,681.5616843674654,2.5043116351687624,86,96,62,62,32,32,3,3,87,87,102,102,73,73
136857,317.00307603723024,680.3249569298813,2.565295077012914,88,98,63,63,32,32,2,2,85,85,103,103,72,72
136957,315.2077856539778,680.1866569296051,2.5054104126946317,86,96,62,62,32,32,3,3,87,87,102,102,73,73
137057,314.78021701137914,680.3000007915765,2.4204519028119047,83,93,60,60,32,32,5,5,90,90,101,101,73,73
137157,313.4992243625784,680.7048523618381,2.168268512264161,74,84,56,56,32,32,9,9,99,99,99,99,76,76
137257,315.7208464377587,679.145044760865,1.7176532571158079,58,68,48,48,32,32,17,17,2,2,95,95,80,80
137357,318.1120658117551,681.2735696506015,1.5097736987880896,50,60,44,44,32,32,21,21,9,9,93,93,82,82
137458,317.593128687912,679.8273415544695,1.347826630044028,44,54,41,41,32,32,24,24,15,15,92,92,83,83
137558,315.7480839885052,682.7797219748588,1.009359463394196,32,42,35,35,32,32,30,30,27,27,89,89,86,86
137658,316.7053201107884,686.8096258660787,0.8946849618802727,28,38,33,33,32,32,32,32,32,32,88,88,87,87
137758,317.22368062744493,689.0963553108073,0.8368503824050192,26,36,32,32,32,32,33,33,34,34,87,87,88,88
137860,317.2548094512472,686.6839242529246,0.6737830226634401,20,30,29,29,32,32,36,36,40,40,86,86,89,89
137958,316.4923106839103,685.4972379718722,0.5939331138563798,17,27,27,27,32,32,37,37,42,42,85,85,90,90
138058,315.68147233355324,685.168089265352,0.5014297248917772,14,24,26,26,32,32,39,39,46,46,84,84,91,91
138158,315.2020289191442,685.4343710298996,0.32399505911182036,8,18,23,23,32,32,42,42,52,52,82,82,92,92
138258,314.685459237188,684.7528287924164,-0.0002956087245125394,109,6,17,17,32,32,48,48,64,64,79,79,95,95
138357,315.05121152540096,684.4288252719673,-0.17923478361389283,103,113,13,13,32,32,51,51,70,70,78,78,97,97
138458,312.53837079826695,683.9002111321792,-0.3318817397097495,97,107,11,11,32,32,54,54,76,76,76,76,98,98
138555,310.57420285152324,684.1417832505272,-0.40526059789601065,94,104,9,9,32,32,55,55,78,78,76,76,99,99
138657,309.05365646876635,685.9668638966677,-0.3963726341123413,95,105,10,10,32,32,55,55,78,78,76,76,99,99
138758,306.8988612011396,686.4126005123668,-0.2747132915210804,99,109,12,12,32,32,53,53,74,74,77,77,98,98
138858,305.3537571146639,687.689017075324,-0.037715432005456025,108,5,16,16,32,32,49,49,65,65,79,79,96,96
138958,307.1769932206512,690.0373586383306,0.28272873140490157,6,16,22,22,32,32,43,43,54,54,82,82,93,93
139058,309.14505135098386,693.6882488058411,0.6620987860303663,20,30,29,29,32,32,36,36,40,40,85,85,89,89
139158,310.06715156759446,698.4018347049978,1.5705931672660234,52,62,45,45,32,32,20,20,7,7,94,94,81,81
139258,310.81264016409546,699.1288257339586,2.1752413231359324,74,84,56,56,32,32,9,9,99,99,99,99,76,76
139358,,,,74,84,56,56,32,32,9,9,99,99,99,99,76,76
139458,313.8304440540025,695.0294905993417,-1.593069813244221,52,62,101,101,32,32,77,77,8,8,9,9,53,53
139558,317.3934398557222,693.823159752891,-0.5640075676320873,89,99,7,7,32,32,58,58,84,84,18,18,44,44
139658,324.892329538608,693.3820040045096,0.6283287207470263,19,29,28,28,32,32,37,37,41,41,29,29,33,33
139758,329.15226179106605,692.4693057190689,1.6087442127719147,54,64,46,46,32,32,19,19,6,6,37,37,24,24
139858,330.692584269074,691.1426219789471,2.060003459693509,70,80,54,54,32,32,11,11,103,103,41,41,20,20
139958,331.19690871771786,694.0015958857442,2.4154563483018956,83,93,60,60,32,32,5,5,90,90,45,45,17,17
140058,330.35382200325074,696.0737662159141,2.6918119734716335,93,103,65,65,32,32,113,113,80,80,47,47,14,14
140158,329.93716819844155,697.264168265312,2.92906572422153,101,111,69,69,32,32,108,108,71,71,49,49,12,12
140257,328.7525098040793,697.0737479701667,-3.0389483928741736,113,10,75,75,32,32,103,103,60,60,52,52,9,9
140358,328.36743480768683,695.4437877583318,-2.7932061715708274,9,19,79,79,32,32,98,98,51,51,54,54,7,7
140458,329.3699422940163,694.5675912877003,-2.353801027167421,24,34,87,87,32,32,90,90,35,35,58,58,3,3
140558,333.25507179835506,693.6429705215505,-1.7859022699371123,45,55,98,98,32,32,80,80,15,15,63,63,111,111
140658,341.4508838782714,686.3870897851862,-1.6952060732458099,48,58,99,99,32,32,79,79,12,12,64,64,110,110
140757,,,,48,58,99,99,32,32,79,79,12,12,64,64,110,110
140858,,,,48,58,99,99,32,32,79,79,12,12,64,64,110,110
140958,,,,48,58,99,99,32,32,79,79,12,12,64,64,110,110
141059,,,,48,58,99,99,32,32,79,79,12,12,64,64,110,110
141160,,,,48,58,99,99,32,32,79,79,12,12,64,64,110,110
141261,,,,48,58,99,99,32,32,79,79,12,12,64,64,110,110
141363,,,,48,58,99,99,32,32,79,79,12,12,64,64,110,110
141463,,,,48,58,99,99,32,32,79,79,12,12,64,64,110,110
141564,,,,48,58,99,99,32,32,79,79,12,12,64,64,110,110
141665,,,,48,58,99,99,32,32,79,79,12,12,64,64,110,110
141766,,,,48,58,99,99,32,32,79,79,12,12,64,64,110,110
141867,,,,48,58,99,99,32,32,79,79,12,12,64,64,110,110
141968,,,,48,58,99,99,32,32,79,79,12,12,64,64,110,110
142070,,,,48,58,99,99,32,32,79,79,12,12,64,64,110,110
142166,,,,48,58,99,99,32,32,79,79,12,12,64,64,110,110
142268,,,,48,58,99,99,32,32,79,79,12,12,64,64,110,110
142367,,,,48,58,99,99,32,32,79,79,12,12,64,64,110,110
142471,,,,48,58,99,99,32,32,79,79,12,12,64,64,110,110
142570,,,,48,58,99,99,32,32,79,79,12,12,64,64,110,110
142669,,,,48,58,99,99,32,32,79,79,12,12,64,64,110,110
142774,,,,48,58,99,99,32,32,79,79,12,12,64,64,110,110
142872,,,,48,58,99,99,32,32,79,79,12,12,64,64,110,110
142975,,,,48,58,99,99,32,32,79,79,12,12,64,64,110,110
143074,,,,48,58,99,99,32,32,79,79,12,12,64,64,110,110
143173,,,,48,58,99,99,32,32,79,79,12,12,64,64,110,110
143278,,,,48,58,99,99,32,32,79,79,12,12,64,64,110,110
143376,,,,48,58,99,99,32,32,79,79,12,12,64,64,110,110
143475,,,,48,58,99,99,32,32,79,79,12,12,64,64,110,110
143578,,,,48,58,99,99,32,32,79,79,12,12,64,64,110,110
143677,,,,48,58,99,99,32,32,79,79,12,12,64,64,110,110
143780,,,,48,58,99,99,32,32,79,79,12,12,64,64,110,110
143875,,,,48,58,99,99,32,32,79,79,12,12,64,64,110,110
143977,,,,48,58,99,99,32,32,79,79,12,12,64,64,110,110
144077,,,,48,58,99,99,32,32,79,79,12,12,64,64,110,110
144180,,,,48,58,99,99,32,32,79,79,12,12,64,64,110,110
144278,,,,48,58,99,99,32,32,79,79,12,12,64,64,110,110
144378,,,,48,58,99,99,32,32,79,79,12,12,64,64,110,110
144483,,,,48,58,99,99,32,32,79,79,12,12,64,64,110,110
144575,,,,48,58,99,99,32,32,79,79,12,12,64,64,110,110
144680,,,,48,58,99,99,32,32,79,79,12,12,64,64,110,110
144778,,,,48,58,99,99,32,32,79,79,12,12,64,64,110,110
144879,,,,48,58,99,99,32,32,79,79,12,12,64,64,110,110
144977,,,,48,58,99,99,32,32,79,79,12,12,64,64,110,110
145077,,,,48,58,99,99,32,32,79,79,12,12,64,64,110,110
145178,,,,48,58,99,99,32,32,79,79,12,12,64,64,110,110
145281,,,,48,58,99,99,32,32,79,79,12,12,64,64,110,110
145377,,,,48,58,99,99,32,32,79,79,12,12,64,64,110,110
145477,,,,48,58,99,99,32,32,79,79,12,12,64,64,110,110
145577,,,,48,58,99,99,32,32,79,79,12,12,64,64,110,110
145683,,,,48,58,99,99,32,32,79,79,12,12,64,64,110,110
145776,,,,48,58,99,99,32,32,79,79,12,12,64,64,110,110
145877,,,,48,58,99,99,32,32,79,79,12,12,64,64,110,110
145977,,,,48,58,99,99,32,32,79,79,12,12,64,64,110,110
146079,,,,48,58,99,99,32,32,79,79,12,12,64,64,110,110
146182,,,,48,58,99,99,32,32,79,79,12,12,64,64,110,110
146284,,,,48,58,99,99,32,32,79,79,12,12,64,64,110,110
146377,,,,48,58,99,99,32,32,79,79,12,12,64,64,110,110
146488,,,,48,58,99,99,32,32,79,79,12,12,64,64,110,110
146577,,,,48,58,99,99,32,32,79,79,12,12,64,64,110,110
146675,,,,48,58,99,99,32,32,79,79,12,12,64,64,110,110
146777,,,,48,58,99,99,32,32,79,79,12,12,64,64,110,110
146876,,,,48,58,99,99,32,32,79,79,12,12,64,64,110,110
146978,,,,48,58,99,99,32,32,79,79,12,12,64,64,110,110
147077,,,,48,58,99,99,32,32,79,79,12,12,64,64,110,110
147178,,,,48,58,99,99,32,32,79,79,12,12,64,64,110,110
147282,,,,48,58,99,99,32,32,79,79,12,12,64,64,110,110
147375,,,,48,58,99,99,32,32,79,79,12,12,64,64,110,110
147475,,,,48,58,99,99,32,32,79,79,12,12,64,64,110,110
147577,,,,48,58,99,99,32,32,79,79,12,12,64,64,110,110
147681,,,,48,58,99,99,32,32,79,79,12,12,64,64,110,110
147777,,,,48,58,99,99,32,32,79,79,12,12,64,64,110,110
147876,,,,48,58,99,99,32,32,79,79,12,12,64,64,110,110
147975,,,,48,58,99,99,32,32,79,79,12,12,64,64,110,110
148082,,,,48,58,99,99,32,32,79,79,12,12,64,64,110,110
148175,,,,48,58,99,99,32,32,79,79,12,12,64,64,110,110
148280,,,,48,58,99,99,32,32,79,79,12,12,64,64,110,110
148380,,,,48,58,99,99,32,32,79,79,12,12,64,64,110,110
148486,,,,48,58,99,99,32,32,79,79,12,12,64,64,110,110
148578,,,,48,58,99,99,32,32,79,79,12,12,64,64,110,110
148678,,,,48,58,99,99,32,32,79,79,12,12,64,64,110,110
148777,,,,48,58,99,99,32,32,79,79,12,12,64,64,110,110
148878,,,,48,58,99,99,32,32,79,79,12,12,64,64,110,110
148976,,,,48,58,99,99,32,32,79,79,12,12,64,64,110,110
149075,,,,48,58,99,99,32,32,79,79,12,12,64,64,110,110
149182,,,,48,58,99,99,32,32,79,79,12,12,64,64,110,110
149282,,,,48,58,99,99,32,32,79,79,12,12,64,64,110,110
149378,,,,48,58,99,99,32,32,79,79,12,12,64,64,110,110
149477,,,,48,58,99,99,32,32,79,79,12,12,64,64,110,110
149578,,,,48,58,99,99,32,32,79,79,12,12,64,64,110,110
149679,,,,48,58,99,99,32,32,79,79,12,12,64,64,110,110
149776,,,,48,58,99,99,32,32,79,79,12,12,64,64,110,110
149874,,,,48,58,99,99,32,32,79,79,12,12,64,64,110,110
149982,,,,48,58,99,99,32,32,79,79,12,12,64,64,110,110
150077,,,,48,58,99,99,32,32,79,79,12,12,64,64,110,110
150175,,,,48,58,99,99,32,32,79,79,12,12,64,64,110,110
150274,,,,48,58,99,99,32,32,79,79,12,12,64,64,110,110
150380,,,,48,58,99,99,32,32,79,79,12,12,64,64,110,110
150479,,,,48,58,99,99,32,32,79,79,12,12,64,64,110,110
150576,,,,48,58,99,99,32,32,79,79,12,12,64,64,110,110
150674,,,,48,58,99,99,32,32,79,79,12,12,64,64,110,110
150782,,,,48,58,99,99,32,32,79,79,12,12,64,64,110,110
150877,,,,48,58,99,99,32,32,79,79,12,12,64,64,110,110
150999,,,,48,58,99,99,32,32,79,79,12,12,64,64,110,110
151098,,,,48,58,99,99,32,32,79,79,12,12,64,64,110,110
151199,,,,48,58,99,99,32,32,79,79,12,12,64,64,110,110
151300,,,,48,58,99,99,32,32,79,79,12,12,64,64,110,110
151396,,,,48,58,99,99,32,32,79,79,12,12,64,64,110,110
151497,,,,48,58,99,99,32,32,79,79,12,12,64,64,110,110
151599,,,,48,58,99,99,32,32,79,79,12,12,64,64,110,110
151697,,,,48,58,99,99,32,32,79,79,12,12,64,64,110,110
151801,,,,48,58,99,99,32,32,79,79,12,12,64,64,110,110
151897,,,,48,58,99,99,32,32,79,79,12,12,64,64,110,110
151998,,,,48,58,99,99,32,32,79,79,12,12,64,64,110,110
152097,,,,48,58,99,99,32,32,79,79,12,12,64,64,110,110
152199,,,,48,58,99,99,32,32,79,79,12,12,64,64,110,110
152300,,,,48,58,99,99,32,32,79,79,12,12,64,64,110,110
152399,,,,48,58,99,99,32,32,79,79,12,12,64,64,110,110
152503,,,,48,58,99,99,32,32,79,79,12,12,64,64,110,110
152601,,,,48,58,99,99,32,32,79,79,12,12,64,64,110,110
152699,,,,48,58,99,99,32,32,79,79,12,12,64,64,110,110
152794,,,,48,58,99,99,32,32,79,79,12,12,64,64,110,110
152899,,,,48,58,99,99,32,32,79,79,12,12,64,64,110,110
152994,,,,48,58,99,99,32,32,79,79,12,12,64,64,110,110
153099,,,,48,58,99,99,32,32,79,79,12,12,64,64,110,110
153194,,,,48,58,99,99,32,32,79,79,12,12,64,64,110,110
153300,,,,48,58,99,99,32,32,79,79,12,12,64,64,110,110
153393,,,,48,58,99,99,32,32,79,79,12,12,64,64,110,110
153499,,,,48,58,99,99,32,32,79,79,12,12,64,64,110,110
153594,,,,48,58,99,99,32,32,79,79,12,12,64,64,110,110
153697,,,,48,58,99,99,32,32,79,79,12,12,64,64,110,110
153795,,,,48,58,99,99,32,32,79,79,12,12,64,64,110,110
153897,,,,48,58,99,99,32,32,79,79,12,12,64,64,110,110
153971,,,,48,58,99,99,32,32,79,79,12,12,64,64,110,110
154075,,,,48,58,99,99,32,32,79,79,12,12,64,64,110,110
154173,,,,48,58,99,99,32,32,79,79,12,12,64,64,110,110
154282,,,,48,58,99,99,32,32,79,79,12,12,64,64,110,110
154372,,,,48,58,99,99,32,32,79,79,12,12,64,64,110,110
154481,,,,48,58,99,99,32,32,79,79,12,12,64,64,110,110
154574,,,,48,58,99,99,32,32,79,79,12,12,64,64,110,110
154675,,,,48,58,99,99,32,32,79,79,12,12,64,64,110,110
154774,,,,48,58,99,99,32,32,79,79,12,12,64,64,110,110
154876,,,,48,58,99,99,32,32,79,79,12,12,64,64,110,110
154976,,,,48,58,99,99,32,32,79,79,12,12,64,64,110,110
155075,,,,48,58,99,99,32,32,79,79,12,12,64,64,110,110
155170,,,,48,58,99,99,32,32,79,79,12,12,64,64,110,110
155277,,,,48,58,99,99,32,32,79,79,12,12,64,64,110,110
155371,,,,48,58,99,99,32,32,79,79,12,12,64,64,110,110
155475,,,,48,58,99,99,32,32,79,79,12,12,64,64,110,110
155574,,,,48,58,99,99,32,32,79,79,12,12,64,64,110,110
155695,,,,48,58,99,99,32,32,79,79,12,12,64,64,110,110
155794,,,,48,58,99,99,32,32,79,79,12,12,64,64,110,110
