[camera]
# width=480
# height=640
# width=720
# height=1280
# width=1536
# height=1024
# width=640
# height=480
# fps=30

[detection]
tag_pixel_width = 100
widen_radius = 15

[arena]
nleds = 113#198
ring_r = 30 # in cm
origo_offset = [360, 360] # in pixels
cm_per_pixel = 0.1
baudrate = 115200#9600###921600#

[setup]
label = "Crazy"

    [[setup.suns]]
    link_factor = 2
    green = 255
    width = 11
    [[setup.suns]]
    blue = 255
    link_factor = 1
    azimuth = 50
    [[setup.suns]]
    link_factor = 0
    azimuth = 100
    red = 255
    [[setup.suns]]
    link_factor = -1
    green = 255
    azimuth = 150
    red = 255
    [[setup.suns]]
    blue = 255
    link_factor = -2
    azimuth = 200
    red = 255
    [[setup.suns]]
    blue = 255
    link_factor = 0.5
    green = 255
    azimuth = 250
    [[setup.suns]]
    blue = 255
    link_factor = -0.5
    green = 255
    azimuth = 300
    red = 255

[experiment]
datetime = 2023-12-10T12:52:53.651Z

ms,x,y,θ,start1,stop1,start2,stop2,start3,stop3,start4,stop4,start5,stop5,start6,stop6,start7,stop7
512,,,,109,6,17,17,32,32,48,48,64,64,79,79,95,95
584,,,,109,6,17,17,32,32,48,48,64,64,79,79,95,95
684,,,,109,6,17,17,32,32,48,48,64,64,79,79,95,95
798,,,,109,6,17,17,32,32,48,48,64,64,79,79,95,95
876,,,,109,6,17,17,32,32,48,48,64,64,79,79,95,95
980,,,,109,6,17,17,32,32,48,48,64,64,79,79,95,95
1079,,,,109,6,17,17,32,32,48,48,64,64,79,79,95,95
1180,,,,109,6,17,17,32,32,48,48,64,64,79,79,95,95
1280,,,,109,6,17,17,32,32,48,48,64,64,79,79,95,95
1379,,,,109,6,17,17,32,32,48,48,64,64,79,79,95,95
1556,429.4814286830132,553.0004020257719,1.7224222620860543,58,68,48,48,32,32,17,17,2,2,95,95,80,80
1558,,,,58,68,48,48,32,32,17,17,2,2,95,95,80,80
1658,472.8360412818637,562.0190273435431,1.871322694709274,63,73,50,50,32,32,14,14,109,109,96,96,78,78
1772,472.0375487545583,554.0307402859712,1.9399051228074302,66,76,52,52,32,32,13,13,107,107,97,97,78,78
1857,464.35605821416414,555.3645778711863,2.0343725373651234,69,79,53,53,32,32,11,11,104,104,98,98,77,77
1958,459.9216630892507,560.911927193521,2.3696982752351263,81,91,59,59,32,32,5,5,92,92,101,101,74,74
2058,455.5986494075486,561.6933370851096,2.8089456135555047,97,107,67,67,32,32,111,111,76,76,105,105,70,70
2158,454.7844953238621,560.2893907816368,3.12125162582753,108,5,73,73,32,32,105,105,65,65,108,108,67,67
2258,454.26449624762415,555.6145508477298,-2.908538248016734,4,14,77,77,32,32,100,100,55,55,110,110,65,65
2358,455.6973186623236,551.8375333191658,-2.623435245123617,15,25,83,83,32,32,95,95,45,45,112,112,62,62
2458,453.49979504865837,547.8794632132426,-2.285918799746219,27,37,89,89,32,32,89,89,33,33,2,2,59,59
2558,453.83215164194496,544.7045791341786,-1.9931940800947778,37,47,94,94,32,32,84,84,22,22,5,5,57,57
2658,452.0182160108073,543.4749677269049,-1.540530162391225,54,64,102,102,32,32,76,76,6,6,9,9,53,53
2776,452.655015258949,541.8374634991202,-1.179849751176001,67,77,108,108,32,32,69,69,106,106,12,12,49,49
2858,450.1832803109677,537.824274286168,-0.830267125759164,79,89,2,2,32,32,63,63,94,94,16,16,46,46
2958,453.36994907517123,531.0653626772698,-0.6749735305718005,85,95,5,5,32,32,60,60,88,88,17,17,45,45
3058,459.1423104072976,525.4546731475449,-0.5187687577538037,90,100,7,7,32,32,57,57,82,82,18,18,43,43
3158,,,,90,100,7,7,32,32,57,57,82,82,18,18,43,43
3259,464.2669276185053,505.88403491266035,0.22368513001991636,4,14,21,21,32,32,44,44,56,56,25,25,37,37
3358,464.93023745365633,502.5152584992119,0.27105411791917755,6,16,22,22,32,32,43,43,54,54,25,25,36,36
3458,467.3120328958188,508.0008364101381,0.11213842709858357,113,10,19,19,32,32,46,46,60,60,24,24,38,38
3558,,,,113,10,19,19,32,32,46,46,60,60,24,24,38,38
3658,,,,113,10,19,19,32,32,46,46,60,60,24,24,38,38
3762,,,,113,10,19,19,32,32,46,46,60,60,24,24,38,38
3859,,,,113,10,19,19,32,32,46,46,60,60,24,24,38,38
3960,,,,113,10,19,19,32,32,46,46,60,60,24,24,38,38
4060,,,,113,10,19,19,32,32,46,46,60,60,24,24,38,38
4160,,,,113,10,19,19,32,32,46,46,60,60,24,24,38,38
4261,,,,113,10,19,19,32,32,46,46,60,60,24,24,38,38
4361,,,,113,10,19,19,32,32,46,46,60,60,24,24,38,38
4462,,,,113,10,19,19,32,32,46,46,60,60,24,24,38,38
4563,,,,113,10,19,19,32,32,46,46,60,60,24,24,38,38
4664,,,,113,10,19,19,32,32,46,46,60,60,24,24,38,38
4765,,,,113,10,19,19,32,32,46,46,60,60,24,24,38,38
4865,,,,113,10,19,19,32,32,46,46,60,60,24,24,38,38
4966,,,,113,10,19,19,32,32,46,46,60,60,24,24,38,38
5067,,,,113,10,19,19,32,32,46,46,60,60,24,24,38,38
5168,,,,113,10,19,19,32,32,46,46,60,60,24,24,38,38
5267,,,,113,10,19,19,32,32,46,46,60,60,24,24,38,38
5368,,,,113,10,19,19,32,32,46,46,60,60,24,24,38,38
5468,,,,113,10,19,19,32,32,46,46,60,60,24,24,38,38
5569,,,,113,10,19,19,32,32,46,46,60,60,24,24,38,38
5672,,,,113,10,19,19,32,32,46,46,60,60,24,24,38,38
5771,,,,113,10,19,19,32,32,46,46,60,60,24,24,38,38
5873,,,,113,10,19,19,32,32,46,46,60,60,24,24,38,38
5972,,,,113,10,19,19,32,32,46,46,60,60,24,24,38,38
6075,,,,113,10,19,19,32,32,46,46,60,60,24,24,38,38
6173,,,,113,10,19,19,32,32,46,46,60,60,24,24,38,38
6274,,,,113,10,19,19,32,32,46,46,60,60,24,24,38,38
6374,,,,113,10,19,19,32,32,46,46,60,60,24,24,38,38
6474,,,,113,10,19,19,32,32,46,46,60,60,24,24,38,38
6574,,,,113,10,19,19,32,32,46,46,60,60,24,24,38,38
6674,,,,113,10,19,19,32,32,46,46,60,60,24,24,38,38
6776,,,,113,10,19,19,32,32,46,46,60,60,24,24,38,38
6879,,,,113,10,19,19,32,32,46,46,60,60,24,24,38,38
6976,,,,113,10,19,19,32,32,46,46,60,60,24,24,38,38
7076,,,,113,10,19,19,32,32,46,46,60,60,24,24,38,38
7176,,,,113,10,19,19,32,32,46,46,60,60,24,24,38,38
7276,,,,113,10,19,19,32,32,46,46,60,60,24,24,38,38
7377,,,,113,10,19,19,32,32,46,46,60,60,24,24,38,38
7478,,,,113,10,19,19,32,32,46,46,60,60,24,24,38,38
7577,,,,113,10,19,19,32,32,46,46,60,60,24,24,38,38
7680,,,,113,10,19,19,32,32,46,46,60,60,24,24,38,38
7782,,,,113,10,19,19,32,32,46,46,60,60,24,24,38,38
7881,,,,113,10,19,19,32,32,46,46,60,60,24,24,38,38
7979,,,,113,10,19,19,32,32,46,46,60,60,24,24,38,38
8077,,,,113,10,19,19,32,32,46,46,60,60,24,24,38,38
8177,,,,113,10,19,19,32,32,46,46,60,60,24,24,38,38
8279,,,,113,10,19,19,32,32,46,46,60,60,24,24,38,38
8379,,,,113,10,19,19,32,32,46,46,60,60,24,24,38,38
8477,,,,113,10,19,19,32,32,46,46,60,60,24,24,38,38
8578,,,,113,10,19,19,32,32,46,46,60,60,24,24,38,38
8680,,,,113,10,19,19,32,32,46,46,60,60,24,24,38,38
8788,,,,113,10,19,19,32,32,46,46,60,60,24,24,38,38
8879,,,,113,10,19,19,32,32,46,46,60,60,24,24,38,38
8978,,,,113,10,19,19,32,32,46,46,60,60,24,24,38,38
9078,,,,113,10,19,19,32,32,46,46,60,60,24,24,38,38
9177,,,,113,10,19,19,32,32,46,46,60,60,24,24,38,38
9278,,,,113,10,19,19,32,32,46,46,60,60,24,24,38,38
9378,,,,113,10,19,19,32,32,46,46,60,60,24,24,38,38
9480,,,,113,10,19,19,32,32,46,46,60,60,24,24,38,38
9583,,,,113,10,19,19,32,32,46,46,60,60,24,24,38,38
9681,,,,113,10,19,19,32,32,46,46,60,60,24,24,38,38
9784,,,,113,10,19,19,32,32,46,46,60,60,24,24,38,38
9877,,,,113,10,19,19,32,32,46,46,60,60,24,24,38,38
9978,,,,113,10,19,19,32,32,46,46,60,60,24,24,38,38
10079,,,,113,10,19,19,32,32,46,46,60,60,24,24,38,38
10182,,,,113,10,19,19,32,32,46,46,60,60,24,24,38,38
10281,,,,113,10,19,19,32,32,46,46,60,60,24,24,38,38
10383,,,,113,10,19,19,32,32,46,46,60,60,24,24,38,38
10483,,,,113,10,19,19,32,32,46,46,60,60,24,24,38,38
10580,,,,113,10,19,19,32,32,46,46,60,60,24,24,38,38
10686,,,,113,10,19,19,32,32,46,46,60,60,24,24,38,38
10782,,,,113,10,19,19,32,32,46,46,60,60,24,24,38,38
10882,,,,113,10,19,19,32,32,46,46,60,60,24,24,38,38
10981,,,,113,10,19,19,32,32,46,46,60,60,24,24,38,38
11080,,,,113,10,19,19,32,32,46,46,60,60,24,24,38,38
11181,,,,113,10,19,19,32,32,46,46,60,60,24,24,38,38
11276,,,,113,10,19,19,32,32,46,46,60,60,24,24,38,38
11381,,,,113,10,19,19,32,32,46,46,60,60,24,24,38,38
11480,,,,113,10,19,19,32,32,46,46,60,60,24,24,38,38
11583,,,,113,10,19,19,32,32,46,46,60,60,24,24,38,38
11688,,,,113,10,19,19,32,32,46,46,60,60,24,24,38,38
11788,,,,113,10,19,19,32,32,46,46,60,60,24,24,38,38
11881,,,,113,10,19,19,32,32,46,46,60,60,24,24,38,38
11978,,,,113,10,19,19,32,32,46,46,60,60,24,24,38,38
12082,,,,113,10,19,19,32,32,46,46,60,60,24,24,38,38
12180,,,,113,10,19,19,32,32,46,46,60,60,24,24,38,38
12278,,,,113,10,19,19,32,32,46,46,60,60,24,24,38,38
12385,,,,113,10,19,19,32,32,46,46,60,60,24,24,38,38
12486,,,,113,10,19,19,32,32,46,46,60,60,24,24,38,38
12600,,,,113,10,19,19,32,32,46,46,60,60,24,24,38,38
12674,,,,113,10,19,19,32,32,46,46,60,60,24,24,38,38
12794,,,,113,10,19,19,32,32,46,46,60,60,24,24,38,38
12883,,,,113,10,19,19,32,32,46,46,60,60,24,24,38,38
12978,,,,113,10,19,19,32,32,46,46,60,60,24,24,38,38
13073,,,,113,10,19,19,32,32,46,46,60,60,24,24,38,38
13178,,,,113,10,19,19,32,32,46,46,60,60,24,24,38,38
13284,,,,113,10,19,19,32,32,46,46,60,60,24,24,38,38
13378,,,,113,10,19,19,32,32,46,46,60,60,24,24,38,38
13499,,,,113,10,19,19,32,32,46,46,60,60,24,24,38,38
13606,,,,113,10,19,19,32,32,46,46,60,60,24,24,38,38
13696,,,,113,10,19,19,32,32,46,46,60,60,24,24,38,38
13801,,,,113,10,19,19,32,32,46,46,60,60,24,24,38,38
13896,,,,113,10,19,19,32,32,46,46,60,60,24,24,38,38
14000,,,,113,10,19,19,32,32,46,46,60,60,24,24,38,38
14095,,,,113,10,19,19,32,32,46,46,60,60,24,24,38,38
14199,,,,113,10,19,19,32,32,46,46,60,60,24,24,38,38
14295,,,,113,10,19,19,32,32,46,46,60,60,24,24,38,38
14402,,,,113,10,19,19,32,32,46,46,60,60,24,24,38,38
14496,,,,113,10,19,19,32,32,46,46,60,60,24,24,38,38
14608,,,,113,10,19,19,32,32,46,46,60,60,24,24,38,38
14695,,,,113,10,19,19,32,32,46,46,60,60,24,24,38,38
14801,,,,113,10,19,19,32,32,46,46,60,60,24,24,38,38
14900,,,,113,10,19,19,32,32,46,46,60,60,24,24,38,38
15000,,,,113,10,19,19,32,32,46,46,60,60,24,24,38,38
15097,,,,113,10,19,19,32,32,46,46,60,60,24,24,38,38
15200,,,,113,10,19,19,32,32,46,46,60,60,24,24,38,38
15297,,,,113,10,19,19,32,32,46,46,60,60,24,24,38,38
15404,,,,113,10,19,19,32,32,46,46,60,60,24,24,38,38
15499,,,,113,10,19,19,32,32,46,46,60,60,24,24,38,38
15610,,,,113,10,19,19,32,32,46,46,60,60,24,24,38,38
15698,,,,113,10,19,19,32,32,46,46,60,60,24,24,38,38
15805,,,,113,10,19,19,32,32,46,46,60,60,24,24,38,38
15899,,,,113,10,19,19,32,32,46,46,60,60,24,24,38,38
16006,,,,113,10,19,19,32,32,46,46,60,60,24,24,38,38
16103,,,,113,10,19,19,32,32,46,46,60,60,24,24,38,38
16206,,,,113,10,19,19,32,32,46,46,60,60,24,24,38,38
16301,,,,113,10,19,19,32,32,46,46,60,60,24,24,38,38
16403,,,,113,10,19,19,32,32,46,46,60,60,24,24,38,38
16513,,,,113,10,19,19,32,32,46,46,60,60,24,24,38,38
16577,,,,113,10,19,19,32,32,46,46,60,60,24,24,38,38
16675,,,,113,10,19,19,32,32,46,46,60,60,24,24,38,38
16800,,,,113,10,19,19,32,32,46,46,60,60,24,24,38,38
16898,,,,113,10,19,19,32,32,46,46,60,60,24,24,38,38
17002,,,,113,10,19,19,32,32,46,46,60,60,24,24,38,38
17097,,,,113,10,19,19,32,32,46,46,60,60,24,24,38,38
17200,,,,113,10,19,19,32,32,46,46,60,60,24,24,38,38
17295,,,,113,10,19,19,32,32,46,46,60,60,24,24,38,38
17404,,,,113,10,19,19,32,32,46,46,60,60,24,24,38,38
17508,,,,113,10,19,19,32,32,46,46,60,60,24,24,38,38
17599,,,,113,10,19,19,32,32,46,46,60,60,24,24,38,38
17698,,,,113,10,19,19,32,32,46,46,60,60,24,24,38,38
17799,,,,113,10,19,19,32,32,46,46,60,60,24,24,38,38
17895,,,,113,10,19,19,32,32,46,46,60,60,24,24,38,38
18001,,,,113,10,19,19,32,32,46,46,60,60,24,24,38,38
18096,,,,113,10,19,19,32,32,46,46,60,60,24,24,38,38
18201,,,,113,10,19,19,32,32,46,46,60,60,24,24,38,38
18298,,,,113,10,19,19,32,32,46,46,60,60,24,24,38,38
18399,,,,113,10,19,19,32,32,46,46,60,60,24,24,38,38
18506,,,,113,10,19,19,32,32,46,46,60,60,24,24,38,38
18600,,,,113,10,19,19,32,32,46,46,60,60,24,24,38,38
18698,,,,113,10,19,19,32,32,46,46,60,60,24,24,38,38
18799,,,,113,10,19,19,32,32,46,46,60,60,24,24,38,38
18897,,,,113,10,19,19,32,32,46,46,60,60,24,24,38,38
19001,,,,113,10,19,19,32,32,46,46,60,60,24,24,38,38
19095,,,,113,10,19,19,32,32,46,46,60,60,24,24,38,38
19199,,,,113,10,19,19,32,32,46,46,60,60,24,24,38,38
19298,,,,113,10,19,19,32,32,46,46,60,60,24,24,38,38
19401,,,,113,10,19,19,32,32,46,46,60,60,24,24,38,38
19511,,,,113,10,19,19,32,32,46,46,60,60,24,24,38,38
19600,,,,113,10,19,19,32,32,46,46,60,60,24,24,38,38
19697,,,,113,10,19,19,32,32,46,46,60,60,24,24,38,38
19800,,,,113,10,19,19,32,32,46,46,60,60,24,24,38,38
19898,,,,113,10,19,19,32,32,46,46,60,60,24,24,38,38
20000,,,,113,10,19,19,32,32,46,46,60,60,24,24,38,38
20100,,,,113,10,19,19,32,32,46,46,60,60,24,24,38,38
20203,,,,113,10,19,19,32,32,46,46,60,60,24,24,38,38
20299,,,,113,10,19,19,32,32,46,46,60,60,24,24,38,38
20411,,,,113,10,19,19,32,32,46,46,60,60,24,24,38,38
20499,,,,113,10,19,19,32,32,46,46,60,60,24,24,38,38
20601,,,,113,10,19,19,32,32,46,46,60,60,24,24,38,38
20696,,,,113,10,19,19,32,32,46,46,60,60,24,24,38,38
20803,,,,113,10,19,19,32,32,46,46,60,60,24,24,38,38
20896,,,,113,10,19,19,32,32,46,46,60,60,24,24,38,38
20998,,,,113,10,19,19,32,32,46,46,60,60,24,24,38,38
21099,,,,113,10,19,19,32,32,46,46,60,60,24,24,38,38
21201,,,,113,10,19,19,32,32,46,46,60,60,24,24,38,38
21298,,,,113,10,19,19,32,32,46,46,60,60,24,24,38,38
21413,,,,113,10,19,19,32,32,46,46,60,60,24,24,38,38
21499,,,,113,10,19,19,32,32,46,46,60,60,24,24,38,38
21600,,,,113,10,19,19,32,32,46,46,60,60,24,24,38,38
21699,,,,113,10,19,19,32,32,46,46,60,60,24,24,38,38
21804,,,,113,10,19,19,32,32,46,46,60,60,24,24,38,38
21902,,,,113,10,19,19,32,32,46,46,60,60,24,24,38,38
22003,,,,113,10,19,19,32,32,46,46,60,60,24,24,38,38
