[camera]
# width=480
# height=640
# width=720
# height=1280
# width=1536
# height=1024
# width=640
# height=480
# fps=30

[detection]
tag_pixel_width = 100
widen_radius = 15

[arena]
nleds = 113#198
ring_r = 30 # in cm
origo_offset = [360, 360] # in pixels
cm_per_pixel = 0.1
baudrate = 115200#9600###921600#

[setup]
label = "Three stationary suns"

    [[setup.suns]]
    link_factor = 0
    azimuth = 0
    width = 1
    red = 255
    [[setup.suns]]
    link_factor = 0
    green = 255
    azimuth = 90
    width = 1
    [[setup.suns]]
    blue = 255
    link_factor = 0
    azimuth = 180
    width = 1

[experiment]
datetime = 2023-12-11T12:25:25.045Z

ms,x,y,θ,start1,stop1,start2,stop2,start3,stop3
573,,,,1,1,29,29,57,57
674,,,,1,1,29,29,57,57
775,,,,1,1,29,29,57,57
873,,,,1,1,29,29,57,57
974,,,,1,1,29,29,57,57
1080,,,,1,1,29,29,57,57
1172,,,,1,1,29,29,57,57
1272,,,,1,1,29,29,57,57
1374,,,,1,1,29,29,57,57
1470,,,,1,1,29,29,57,57
1575,,,,1,1,29,29,57,57
1674,,,,1,1,29,29,57,57
1774,,,,1,1,29,29,57,57
1874,,,,1,1,29,29,57,57
1974,,,,1,1,29,29,57,57
2080,,,,1,1,29,29,57,57
2174,,,,1,1,29,29,57,57
2273,,,,1,1,29,29,57,57
2372,,,,1,1,29,29,57,57
2474,,,,1,1,29,29,57,57
2574,,,,1,1,29,29,57,57
2674,,,,1,1,29,29,57,57
2773,,,,1,1,29,29,57,57
2873,,,,1,1,29,29,57,57
2973,,,,1,1,29,29,57,57
3078,,,,1,1,29,29,57,57
3170,,,,1,1,29,29,57,57
3272,,,,1,1,29,29,57,57
3371,,,,1,1,29,29,57,57
3475,,,,1,1,29,29,57,57
3572,,,,1,1,29,29,57,57
3673,,,,1,1,29,29,57,57
3772,,,,1,1,29,29,57,57
3873,,,,1,1,29,29,57,57
3973,,,,1,1,29,29,57,57
4074,,,,1,1,29,29,57,57
4173,,,,1,1,29,29,57,57
4271,,,,1,1,29,29,57,57
4373,,,,1,1,29,29,57,57
4473,,,,1,1,29,29,57,57
4573,,,,1,1,29,29,57,57
4672,,,,1,1,29,29,57,57
4771,,,,1,1,29,29,57,57
4872,,,,1,1,29,29,57,57
4973,,,,1,1,29,29,57,57
5075,,,,1,1,29,29,57,57
5173,,,,1,1,29,29,57,57
5275,,,,1,1,29,29,57,57
5373,,,,1,1,29,29,57,57
5473,,,,1,1,29,29,57,57
5573,,,,1,1,29,29,57,57
5671,,,,1,1,29,29,57,57
5774,,,,1,1,29,29,57,57
5873,,,,1,1,29,29,57,57
5972,,,,1,1,29,29,57,57
6077,,,,1,1,29,29,57,57
6170,,,,1,1,29,29,57,57
6273,,,,1,1,29,29,57,57
6373,,,,1,1,29,29,57,57
6473,,,,1,1,29,29,57,57
6572,,,,1,1,29,29,57,57
6674,,,,1,1,29,29,57,57
6774,,,,1,1,29,29,57,57
6873,,,,1,1,29,29,57,57
6973,,,,1,1,29,29,57,57
7075,,,,1,1,29,29,57,57
7174,,,,1,1,29,29,57,57
7275,,,,1,1,29,29,57,57
7372,,,,1,1,29,29,57,57
7474,,,,1,1,29,29,57,57
7573,,,,1,1,29,29,57,57
7673,,,,1,1,29,29,57,57
7771,,,,1,1,29,29,57,57
7875,,,,1,1,29,29,57,57
7973,,,,1,1,29,29,57,57
8075,,,,1,1,29,29,57,57
8171,,,,1,1,29,29,57,57
8273,,,,1,1,29,29,57,57
8373,,,,1,1,29,29,57,57
8474,,,,1,1,29,29,57,57
8574,,,,1,1,29,29,57,57
8676,,,,1,1,29,29,57,57
8773,,,,1,1,29,29,57,57
8874,,,,1,1,29,29,57,57
8971,,,,1,1,29,29,57,57
9073,,,,1,1,29,29,57,57
9172,,,,1,1,29,29,57,57
9272,,,,1,1,29,29,57,57
9373,,,,1,1,29,29,57,57
9470,,,,1,1,29,29,57,57
9570,,,,1,1,29,29,57,57
9672,,,,1,1,29,29,57,57
9773,,,,1,1,29,29,57,57
9871,,,,1,1,29,29,57,57
9970,,,,1,1,29,29,57,57
10075,,,,1,1,29,29,57,57
10173,,,,1,1,29,29,57,57
10272,,,,1,1,29,29,57,57
10373,,,,1,1,29,29,57,57
10471,,,,1,1,29,29,57,57
10572,,,,1,1,29,29,57,57
10673,,,,1,1,29,29,57,57
10772,,,,1,1,29,29,57,57
10873,,,,1,1,29,29,57,57
10973,,,,1,1,29,29,57,57
11074,,,,1,1,29,29,57,57
11173,,,,1,1,29,29,57,57
11273,,,,1,1,29,29,57,57
11372,,,,1,1,29,29,57,57
11473,,,,1,1,29,29,57,57
11575,,,,1,1,29,29,57,57
11674,,,,1,1,29,29,57,57
11772,,,,1,1,29,29,57,57
11871,,,,1,1,29,29,57,57
11974,,,,1,1,29,29,57,57
12072,,,,1,1,29,29,57,57
12173,,,,1,1,29,29,57,57
12274,,,,1,1,29,29,57,57
12372,,,,1,1,29,29,57,57
12473,,,,1,1,29,29,57,57
12574,,,,1,1,29,29,57,57
12675,,,,1,1,29,29,57,57
12775,,,,1,1,29,29,57,57
12874,,,,1,1,29,29,57,57
12975,,,,1,1,29,29,57,57
13076,,,,1,1,29,29,57,57
13174,,,,1,1,29,29,57,57
13274,,,,1,1,29,29,57,57
13375,,,,1,1,29,29,57,57
13474,,,,1,1,29,29,57,57
13576,,,,1,1,29,29,57,57
13673,,,,1,1,29,29,57,57
13775,,,,1,1,29,29,57,57
13872,,,,1,1,29,29,57,57
13975,,,,1,1,29,29,57,57
14076,,,,1,1,29,29,57,57
14174,,,,1,1,29,29,57,57
14275,,,,1,1,29,29,57,57
14373,,,,1,1,29,29,57,57
14472,,,,1,1,29,29,57,57
14573,,,,1,1,29,29,57,57
14674,,,,1,1,29,29,57,57
14775,,,,1,1,29,29,57,57
14874,,,,1,1,29,29,57,57
14974,,,,1,1,29,29,57,57
15078,,,,1,1,29,29,57,57
15174,,,,1,1,29,29,57,57
15276,,,,1,1,29,29,57,57
15375,,,,1,1,29,29,57,57
15475,,,,1,1,29,29,57,57
15573,,,,1,1,29,29,57,57
15675,,,,1,1,29,29,57,57
15775,,,,1,1,29,29,57,57
15876,,,,1,1,29,29,57,57
15974,,,,1,1,29,29,57,57
16075,,,,1,1,29,29,57,57
16172,,,,1,1,29,29,57,57
16272,,,,1,1,29,29,57,57
16374,,,,1,1,29,29,57,57
16472,,,,1,1,29,29,57,57
16571,,,,1,1,29,29,57,57
16672,,,,1,1,29,29,57,57
16773,,,,1,1,29,29,57,57
16873,,,,1,1,29,29,57,57
16972,,,,1,1,29,29,57,57
17076,,,,1,1,29,29,57,57
17170,,,,1,1,29,29,57,57
17273,,,,1,1,29,29,57,57
17370,,,,1,1,29,29,57,57
17473,,,,1,1,29,29,57,57
17574,,,,1,1,29,29,57,57
17672,,,,1,1,29,29,57,57
17774,,,,1,1,29,29,57,57
17874,,,,1,1,29,29,57,57
17974,,,,1,1,29,29,57,57
18077,,,,1,1,29,29,57,57
18175,,,,1,1,29,29,57,57
18273,,,,1,1,29,29,57,57
18374,,,,1,1,29,29,57,57
18476,,,,1,1,29,29,57,57
18576,,,,1,1,29,29,57,57
18673,,,,1,1,29,29,57,57
18773,,,,1,1,29,29,57,57
18874,,,,1,1,29,29,57,57
18974,,,,1,1,29,29,57,57
19074,,,,1,1,29,29,57,57
19172,,,,1,1,29,29,57,57
19273,,,,1,1,29,29,57,57
19373,,,,1,1,29,29,57,57
19474,,,,1,1,29,29,57,57
19573,,,,1,1,29,29,57,57
19675,,,,1,1,29,29,57,57
19774,,,,1,1,29,29,57,57
19875,,,,1,1,29,29,57,57
19975,,,,1,1,29,29,57,57
20075,,,,1,1,29,29,57,57
20173,,,,1,1,29,29,57,57
20273,,,,1,1,29,29,57,57
20375,,,,1,1,29,29,57,57
20472,,,,1,1,29,29,57,57
20574,,,,1,1,29,29,57,57
20676,,,,1,1,29,29,57,57
20775,,,,1,1,29,29,57,57
20873,,,,1,1,29,29,57,57
20975,,,,1,1,29,29,57,57
21054,,,,1,1,29,29,57,57
21152,,,,1,1,29,29,57,57
21280,,,,1,1,29,29,57,57
21373,,,,1,1,29,29,57,57
21486,,,,1,1,29,29,57,57
21582,,,,1,1,29,29,57,57
21653,,,,1,1,29,29,57,57
21777,,,,1,1,29,29,57,57
21874,,,,1,1,29,29,57,57
21976,,,,1,1,29,29,57,57
22078,,,,1,1,29,29,57,57
22178,,,,1,1,29,29,57,57
22284,,,,1,1,29,29,57,57
22374,,,,1,1,29,29,57,57
22474,,,,1,1,29,29,57,57
22574,,,,1,1,29,29,57,57
22674,,,,1,1,29,29,57,57
22773,,,,1,1,29,29,57,57
22876,,,,1,1,29,29,57,57
22975,,,,1,1,29,29,57,57
23077,,,,1,1,29,29,57,57
23174,,,,1,1,29,29,57,57
23275,,,,1,1,29,29,57,57
23374,,,,1,1,29,29,57,57
23475,,,,1,1,29,29,57,57
23574,,,,1,1,29,29,57,57
23676,,,,1,1,29,29,57,57
23774,,,,1,1,29,29,57,57
23877,,,,1,1,29,29,57,57
23975,,,,1,1,29,29,57,57
24077,,,,1,1,29,29,57,57
24173,,,,1,1,29,29,57,57
24274,,,,1,1,29,29,57,57
24374,,,,1,1,29,29,57,57
24475,,,,1,1,29,29,57,57
24575,,,,1,1,29,29,57,57
24674,,,,1,1,29,29,57,57
24772,,,,1,1,29,29,57,57
24873,,,,1,1,29,29,57,57
24973,,,,1,1,29,29,57,57
25076,,,,1,1,29,29,57,57
25175,,,,1,1,29,29,57,57
25272,,,,1,1,29,29,57,57
25374,,,,1,1,29,29,57,57
25475,,,,1,1,29,29,57,57
25574,,,,1,1,29,29,57,57
25673,,,,1,1,29,29,57,57
25774,,,,1,1,29,29,57,57
25873,,,,1,1,29,29,57,57
25974,,,,1,1,29,29,57,57
26076,,,,1,1,29,29,57,57
26172,,,,1,1,29,29,57,57
26273,,,,1,1,29,29,57,57
26374,,,,1,1,29,29,57,57
26474,,,,1,1,29,29,57,57
26574,,,,1,1,29,29,57,57
26673,,,,1,1,29,29,57,57
26774,,,,1,1,29,29,57,57
26876,,,,1,1,29,29,57,57
26974,,,,1,1,29,29,57,57
27076,,,,1,1,29,29,57,57
27174,,,,1,1,29,29,57,57
27277,,,,1,1,29,29,57,57
27374,,,,1,1,29,29,57,57
27473,,,,1,1,29,29,57,57
27575,,,,1,1,29,29,57,57
27674,,,,1,1,29,29,57,57
27774,,,,1,1,29,29,57,57
27876,,,,1,1,29,29,57,57
27975,,,,1,1,29,29,57,57
28077,,,,1,1,29,29,57,57
28175,,,,1,1,29,29,57,57
28274,,,,1,1,29,29,57,57
28372,,,,1,1,29,29,57,57
28474,,,,1,1,29,29,57,57
28573,,,,1,1,29,29,57,57
28677,,,,1,1,29,29,57,57
28774,,,,1,1,29,29,57,57
28875,,,,1,1,29,29,57,57
28974,,,,1,1,29,29,57,57
29075,,,,1,1,29,29,57,57
29173,,,,1,1,29,29,57,57
29273,,,,1,1,29,29,57,57
29375,,,,1,1,29,29,57,57
29474,,,,1,1,29,29,57,57
29577,,,,1,1,29,29,57,57
29673,,,,1,1,29,29,57,57
29773,,,,1,1,29,29,57,57
29875,,,,1,1,29,29,57,57
29975,,,,1,1,29,29,57,57
30073,,,,1,1,29,29,57,57
30174,,,,1,1,29,29,57,57
30275,,,,1,1,29,29,57,57
30374,,,,1,1,29,29,57,57
30474,,,,1,1,29,29,57,57
30575,,,,1,1,29,29,57,57
30675,,,,1,1,29,29,57,57
30774,,,,1,1,29,29,57,57
30876,,,,1,1,29,29,57,57
30973,,,,1,1,29,29,57,57
31073,,,,1,1,29,29,57,57
31173,,,,1,1,29,29,57,57
31276,,,,1,1,29,29,57,57
31375,,,,1,1,29,29,57,57
31473,,,,1,1,29,29,57,57
31574,,,,1,1,29,29,57,57
31676,,,,1,1,29,29,57,57
31775,,,,1,1,29,29,57,57
31875,,,,1,1,29,29,57,57
31975,,,,1,1,29,29,57,57
32074,,,,1,1,29,29,57,57
32174,,,,1,1,29,29,57,57
32275,,,,1,1,29,29,57,57
32372,,,,1,1,29,29,57,57
32476,,,,1,1,29,29,57,57
32577,,,,1,1,29,29,57,57
32673,,,,1,1,29,29,57,57
32773,,,,1,1,29,29,57,57
32874,,,,1,1,29,29,57,57
32974,,,,1,1,29,29,57,57
33076,,,,1,1,29,29,57,57
33174,,,,1,1,29,29,57,57
33274,,,,1,1,29,29,57,57
33374,,,,1,1,29,29,57,57
33474,,,,1,1,29,29,57,57
33574,,,,1,1,29,29,57,57
33676,,,,1,1,29,29,57,57
33774,,,,1,1,29,29,57,57
33875,,,,1,1,29,29,57,57
33972,,,,1,1,29,29,57,57
34074,,,,1,1,29,29,57,57
34176,,,,1,1,29,29,57,57
34275,,,,1,1,29,29,57,57
34375,,,,1,1,29,29,57,57
34473,,,,1,1,29,29,57,57
34575,,,,1,1,29,29,57,57
34671,,,,1,1,29,29,57,57
34772,,,,1,1,29,29,57,57
34872,,,,1,1,29,29,57,57
34972,,,,1,1,29,29,57,57
35075,,,,1,1,29,29,57,57
35176,,,,1,1,29,29,57,57
35276,,,,1,1,29,29,57,57
35374,,,,1,1,29,29,57,57
35471,,,,1,1,29,29,57,57
35573,,,,1,1,29,29,57,57
35675,,,,1,1,29,29,57,57
35774,,,,1,1,29,29,57,57
35874,,,,1,1,29,29,57,57
35976,,,,1,1,29,29,57,57
36076,,,,1,1,29,29,57,57
36174,,,,1,1,29,29,57,57
36273,,,,1,1,29,29,57,57
36374,,,,1,1,29,29,57,57
36474,,,,1,1,29,29,57,57
36576,,,,1,1,29,29,57,57
36675,,,,1,1,29,29,57,57
36775,,,,1,1,29,29,57,57
36874,,,,1,1,29,29,57,57
36972,,,,1,1,29,29,57,57
37076,,,,1,1,29,29,57,57
37167,,,,1,1,29,29,57,57
37273,,,,1,1,29,29,57,57
37374,,,,1,1,29,29,57,57
37476,,,,1,1,29,29,57,57
37574,,,,1,1,29,29,57,57
37675,,,,1,1,29,29,57,57
37775,,,,1,1,29,29,57,57
37874,,,,1,1,29,29,57,57
37976,,,,1,1,29,29,57,57
38078,,,,1,1,29,29,57,57
38173,,,,1,1,29,29,57,57
38273,,,,1,1,29,29,57,57
38371,,,,1,1,29,29,57,57
38473,,,,1,1,29,29,57,57
38574,,,,1,1,29,29,57,57
38676,,,,1,1,29,29,57,57
38773,,,,1,1,29,29,57,57
38874,,,,1,1,29,29,57,57
38975,,,,1,1,29,29,57,57
39074,,,,1,1,29,29,57,57
39175,,,,1,1,29,29,57,57
39274,,,,1,1,29,29,57,57
39374,,,,1,1,29,29,57,57
39473,,,,1,1,29,29,57,57
39572,,,,1,1,29,29,57,57
39672,,,,1,1,29,29,57,57
39775,,,,1,1,29,29,57,57
39877,,,,1,1,29,29,57,57
39975,,,,1,1,29,29,57,57
40076,,,,1,1,29,29,57,57
40175,,,,1,1,29,29,57,57
40274,,,,1,1,29,29,57,57
40375,,,,1,1,29,29,57,57
40473,,,,1,1,29,29,57,57
40574,,,,1,1,29,29,57,57
40675,,,,1,1,29,29,57,57
40774,,,,1,1,29,29,57,57
40875,,,,1,1,29,29,57,57
40974,,,,1,1,29,29,57,57
41077,,,,1,1,29,29,57,57
41174,,,,1,1,29,29,57,57
41273,,,,1,1,29,29,57,57
41375,,,,1,1,29,29,57,57
41474,,,,1,1,29,29,57,57
41574,,,,1,1,29,29,57,57
41675,,,,1,1,29,29,57,57
41775,,,,1,1,29,29,57,57
41876,,,,1,1,29,29,57,57
41975,,,,1,1,29,29,57,57
42076,,,,1,1,29,29,57,57
42175,,,,1,1,29,29,57,57
42274,,,,1,1,29,29,57,57
42374,,,,1,1,29,29,57,57
42473,,,,1,1,29,29,57,57
42575,,,,1,1,29,29,57,57
42675,,,,1,1,29,29,57,57
42774,,,,1,1,29,29,57,57
42876,,,,1,1,29,29,57,57
42974,,,,1,1,29,29,57,57
43078,,,,1,1,29,29,57,57
43172,,,,1,1,29,29,57,57
43274,,,,1,1,29,29,57,57
43374,,,,1,1,29,29,57,57
43475,,,,1,1,29,29,57,57
43576,,,,1,1,29,29,57,57
43676,,,,1,1,29,29,57,57
43772,,,,1,1,29,29,57,57
43874,,,,1,1,29,29,57,57
43974,,,,1,1,29,29,57,57
44076,,,,1,1,29,29,57,57
44175,,,,1,1,29,29,57,57
44273,,,,1,1,29,29,57,57
44375,,,,1,1,29,29,57,57
44473,,,,1,1,29,29,57,57
44574,,,,1,1,29,29,57,57
44672,,,,1,1,29,29,57,57
44775,,,,1,1,29,29,57,57
44875,,,,1,1,29,29,57,57
44972,,,,1,1,29,29,57,57
45076,,,,1,1,29,29,57,57
45173,,,,1,1,29,29,57,57
45274,,,,1,1,29,29,57,57
45375,,,,1,1,29,29,57,57
45475,,,,1,1,29,29,57,57
45573,,,,1,1,29,29,57,57
45676,,,,1,1,29,29,57,57
45775,,,,1,1,29,29,57,57
45875,,,,1,1,29,29,57,57
45975,,,,1,1,29,29,57,57
46075,,,,1,1,29,29,57,57
46174,,,,1,1,29,29,57,57
46276,,,,1,1,29,29,57,57
46374,,,,1,1,29,29,57,57
46474,,,,1,1,29,29,57,57
46574,,,,1,1,29,29,57,57
46674,,,,1,1,29,29,57,57
46774,,,,1,1,29,29,57,57
46875,,,,1,1,29,29,57,57
46974,,,,1,1,29,29,57,57
47074,,,,1,1,29,29,57,57
47173,,,,1,1,29,29,57,57
47275,,,,1,1,29,29,57,57
47374,,,,1,1,29,29,57,57
47476,,,,1,1,29,29,57,57
47575,,,,1,1,29,29,57,57
47676,,,,1,1,29,29,57,57
47775,,,,1,1,29,29,57,57
47876,,,,1,1,29,29,57,57
47975,,,,1,1,29,29,57,57
48075,,,,1,1,29,29,57,57
48174,,,,1,1,29,29,57,57
48273,,,,1,1,29,29,57,57
48372,,,,1,1,29,29,57,57
48473,,,,1,1,29,29,57,57
48572,,,,1,1,29,29,57,57
48675,,,,1,1,29,29,57,57
48774,,,,1,1,29,29,57,57
48875,,,,1,1,29,29,57,57
48971,,,,1,1,29,29,57,57
49075,,,,1,1,29,29,57,57
49175,,,,1,1,29,29,57,57
49274,,,,1,1,29,29,57,57
49375,,,,1,1,29,29,57,57
49475,,,,1,1,29,29,57,57
49574,,,,1,1,29,29,57,57
49674,,,,1,1,29,29,57,57
49772,,,,1,1,29,29,57,57
49876,,,,1,1,29,29,57,57
49975,,,,1,1,29,29,57,57
50079,,,,1,1,29,29,57,57
50172,,,,1,1,29,29,57,57
50276,,,,1,1,29,29,57,57
50375,,,,1,1,29,29,57,57
50473,,,,1,1,29,29,57,57
50572,,,,1,1,29,29,57,57
50672,,,,1,1,29,29,57,57
50775,,,,1,1,29,29,57,57
50873,,,,1,1,29,29,57,57
50975,,,,1,1,29,29,57,57
51077,,,,1,1,29,29,57,57
51175,,,,1,1,29,29,57,57
51276,,,,1,1,29,29,57,57
51374,,,,1,1,29,29,57,57
51473,,,,1,1,29,29,57,57
51575,,,,1,1,29,29,57,57
51674,,,,1,1,29,29,57,57
51776,,,,1,1,29,29,57,57
51874,,,,1,1,29,29,57,57
51975,,,,1,1,29,29,57,57
52079,,,,1,1,29,29,57,57
52175,,,,1,1,29,29,57,57
52276,,,,1,1,29,29,57,57
52374,,,,1,1,29,29,57,57
52472,,,,1,1,29,29,57,57
52575,,,,1,1,29,29,57,57
52676,,,,1,1,29,29,57,57
52776,,,,1,1,29,29,57,57
52875,,,,1,1,29,29,57,57
52973,,,,1,1,29,29,57,57
53077,,,,1,1,29,29,57,57
53173,,,,1,1,29,29,57,57
53275,,,,1,1,29,29,57,57
53376,,,,1,1,29,29,57,57
53474,,,,1,1,29,29,57,57
53574,,,,1,1,29,29,57,57
53676,,,,1,1,29,29,57,57
53775,,,,1,1,29,29,57,57
53874,,,,1,1,29,29,57,57
53973,,,,1,1,29,29,57,57
54075,,,,1,1,29,29,57,57
54173,,,,1,1,29,29,57,57
54274,,,,1,1,29,29,57,57
54375,,,,1,1,29,29,57,57
54475,,,,1,1,29,29,57,57
54575,,,,1,1,29,29,57,57
54675,,,,1,1,29,29,57,57
54775,,,,1,1,29,29,57,57
54873,,,,1,1,29,29,57,57
54975,,,,1,1,29,29,57,57
55079,,,,1,1,29,29,57,57
55175,,,,1,1,29,29,57,57
55274,,,,1,1,29,29,57,57
55374,,,,1,1,29,29,57,57
55478,,,,1,1,29,29,57,57
55576,,,,1,1,29,29,57,57
55676,,,,1,1,29,29,57,57
55774,,,,1,1,29,29,57,57
55874,,,,1,1,29,29,57,57
55977,,,,1,1,29,29,57,57
56076,,,,1,1,29,29,57,57
56176,,,,1,1,29,29,57,57
56275,,,,1,1,29,29,57,57
56375,,,,1,1,29,29,57,57
56475,,,,1,1,29,29,57,57
56575,,,,1,1,29,29,57,57
56676,,,,1,1,29,29,57,57
56775,,,,1,1,29,29,57,57
56874,,,,1,1,29,29,57,57
56974,,,,1,1,29,29,57,57
57084,,,,1,1,29,29,57,57
57175,,,,1,1,29,29,57,57
57276,,,,1,1,29,29,57,57
57372,,,,1,1,29,29,57,57
57476,,,,1,1,29,29,57,57
57576,,,,1,1,29,29,57,57
57675,,,,1,1,29,29,57,57
57776,,,,1,1,29,29,57,57
57877,,,,1,1,29,29,57,57
57976,,,,1,1,29,29,57,57
58081,,,,1,1,29,29,57,57
58175,,,,1,1,29,29,57,57
58275,,,,1,1,29,29,57,57
58375,,,,1,1,29,29,57,57
58476,,,,1,1,29,29,57,57
58575,,,,1,1,29,29,57,57
58676,,,,1,1,29,29,57,57
58774,,,,1,1,29,29,57,57
58876,,,,1,1,29,29,57,57
58975,,,,1,1,29,29,57,57
59081,,,,1,1,29,29,57,57
59174,,,,1,1,29,29,57,57
59275,,,,1,1,29,29,57,57
59373,,,,1,1,29,29,57,57
59476,,,,1,1,29,29,57,57
59576,,,,1,1,29,29,57,57
59675,,,,1,1,29,29,57,57
59777,,,,1,1,29,29,57,57
59874,,,,1,1,29,29,57,57
59976,,,,1,1,29,29,57,57
60076,,,,1,1,29,29,57,57
60174,,,,1,1,29,29,57,57
60277,,,,1,1,29,29,57,57
60376,,,,1,1,29,29,57,57
60474,,,,1,1,29,29,57,57
60574,,,,1,1,29,29,57,57
60676,,,,1,1,29,29,57,57
60776,,,,1,1,29,29,57,57
60876,,,,1,1,29,29,57,57
60974,,,,1,1,29,29,57,57
61078,,,,1,1,29,29,57,57
61174,,,,1,1,29,29,57,57
61273,,,,1,1,29,29,57,57
61375,,,,1,1,29,29,57,57
61475,,,,1,1,29,29,57,57
61576,,,,1,1,29,29,57,57
61675,,,,1,1,29,29,57,57
61776,,,,1,1,29,29,57,57
61876,,,,1,1,29,29,57,57
61974,,,,1,1,29,29,57,57
62076,,,,1,1,29,29,57,57
62174,,,,1,1,29,29,57,57
62275,,,,1,1,29,29,57,57
62374,,,,1,1,29,29,57,57
62476,,,,1,1,29,29,57,57
62576,,,,1,1,29,29,57,57
62676,,,,1,1,29,29,57,57
62777,,,,1,1,29,29,57,57
62876,,,,1,1,29,29,57,57
62975,,,,1,1,29,29,57,57
63077,,,,1,1,29,29,57,57
63172,,,,1,1,29,29,57,57
63276,,,,1,1,29,29,57,57
63376,,,,1,1,29,29,57,57
63477,,,,1,1,29,29,57,57
63574,,,,1,1,29,29,57,57
63676,,,,1,1,29,29,57,57
63774,,,,1,1,29,29,57,57
63878,,,,1,1,29,29,57,57
63976,,,,1,1,29,29,57,57
64077,,,,1,1,29,29,57,57
64176,,,,1,1,29,29,57,57
64273,,,,1,1,29,29,57,57
64354,,,,1,1,29,29,57,57
64454,,,,1,1,29,29,57,57
64568,,,,1,1,29,29,57,57
64675,,,,1,1,29,29,57,57
64774,,,,1,1,29,29,57,57
64874,,,,1,1,29,29,57,57
64975,,,,1,1,29,29,57,57
65078,,,,1,1,29,29,57,57
65176,,,,1,1,29,29,57,57
65276,,,,1,1,29,29,57,57
65373,,,,1,1,29,29,57,57
65474,,,,1,1,29,29,57,57
65577,,,,1,1,29,29,57,57
65675,,,,1,1,29,29,57,57
65777,,,,1,1,29,29,57,57
65875,,,,1,1,29,29,57,57
65976,,,,1,1,29,29,57,57
66077,,,,1,1,29,29,57,57
66177,,,,1,1,29,29,57,57
66274,,,,1,1,29,29,57,57
66377,,,,1,1,29,29,57,57
66474,,,,1,1,29,29,57,57
66574,,,,1,1,29,29,57,57
66676,,,,1,1,29,29,57,57
66777,,,,1,1,29,29,57,57
66874,,,,1,1,29,29,57,57
66975,,,,1,1,29,29,57,57
67073,,,,1,1,29,29,57,57
67176,,,,1,1,29,29,57,57
67276,,,,1,1,29,29,57,57
67376,,,,1,1,29,29,57,57
67475,,,,1,1,29,29,57,57
67577,,,,1,1,29,29,57,57
67675,,,,1,1,29,29,57,57
67775,,,,1,1,29,29,57,57
67878,,,,1,1,29,29,57,57
67976,,,,1,1,29,29,57,57
68077,,,,1,1,29,29,57,57
68174,,,,1,1,29,29,57,57
68277,,,,1,1,29,29,57,57
68374,,,,1,1,29,29,57,57
68476,,,,1,1,29,29,57,57
68575,,,,1,1,29,29,57,57
68677,,,,1,1,29,29,57,57
68775,,,,1,1,29,29,57,57
68875,,,,1,1,29,29,57,57
68976,,,,1,1,29,29,57,57
69077,,,,1,1,29,29,57,57
69176,,,,1,1,29,29,57,57
69276,,,,1,1,29,29,57,57
69377,,,,1,1,29,29,57,57
69473,,,,1,1,29,29,57,57
69576,,,,1,1,29,29,57,57
69676,,,,1,1,29,29,57,57
69773,,,,1,1,29,29,57,57
69876,,,,1,1,29,29,57,57
69973,,,,1,1,29,29,57,57
70077,,,,1,1,29,29,57,57
70176,,,,1,1,29,29,57,57
70276,,,,1,1,29,29,57,57
70376,,,,1,1,29,29,57,57
70476,,,,1,1,29,29,57,57
70575,,,,1,1,29,29,57,57
70674,,,,1,1,29,29,57,57
70777,,,,1,1,29,29,57,57
70877,,,,1,1,29,29,57,57
70977,,,,1,1,29,29,57,57
71076,,,,1,1,29,29,57,57
71174,,,,1,1,29,29,57,57
71276,,,,1,1,29,29,57,57
71373,,,,1,1,29,29,57,57
71476,,,,1,1,29,29,57,57
71577,,,,1,1,29,29,57,57
71676,,,,1,1,29,29,57,57
71778,,,,1,1,29,29,57,57
71874,,,,1,1,29,29,57,57
71977,,,,1,1,29,29,57,57
72076,,,,1,1,29,29,57,57
72175,,,,1,1,29,29,57,57
72274,,,,1,1,29,29,57,57
72373,,,,1,1,29,29,57,57
72474,,,,1,1,29,29,57,57
72577,,,,1,1,29,29,57,57
72675,,,,1,1,29,29,57,57
72776,,,,1,1,29,29,57,57
72878,,,,1,1,29,29,57,57
72973,,,,1,1,29,29,57,57
73081,,,,1,1,29,29,57,57
73175,,,,1,1,29,29,57,57
73273,,,,1,1,29,29,57,57
73373,,,,1,1,29,29,57,57
73474,,,,1,1,29,29,57,57
73571,,,,1,1,29,29,57,57
73674,,,,1,1,29,29,57,57
73775,,,,1,1,29,29,57,57
73877,,,,1,1,29,29,57,57
73974,,,,1,1,29,29,57,57
74075,,,,1,1,29,29,57,57
74175,,,,1,1,29,29,57,57
74272,,,,1,1,29,29,57,57
74374,,,,1,1,29,29,57,57
74476,,,,1,1,29,29,57,57
74574,,,,1,1,29,29,57,57
74675,,,,1,1,29,29,57,57
74773,,,,1,1,29,29,57,57
74875,,,,1,1,29,29,57,57
74977,,,,1,1,29,29,57,57
75078,,,,1,1,29,29,57,57
75177,,,,1,1,29,29,57,57
75275,,,,1,1,29,29,57,57
75377,,,,1,1,29,29,57,57
75476,,,,1,1,29,29,57,57
75578,,,,1,1,29,29,57,57
75677,,,,1,1,29,29,57,57
75775,,,,1,1,29,29,57,57
75875,,,,1,1,29,29,57,57
75973,,,,1,1,29,29,57,57
76077,,,,1,1,29,29,57,57
76176,,,,1,1,29,29,57,57
76276,,,,1,1,29,29,57,57
76374,,,,1,1,29,29,57,57
76472,,,,1,1,29,29,57,57
76575,,,,1,1,29,29,57,57
76676,,,,1,1,29,29,57,57
76772,,,,1,1,29,29,57,57
76874,,,,1,1,29,29,57,57
76974,,,,1,1,29,29,57,57
77075,,,,1,1,29,29,57,57
77175,,,,1,1,29,29,57,57
77276,,,,1,1,29,29,57,57
77376,,,,1,1,29,29,57,57
77475,,,,1,1,29,29,57,57
77579,,,,1,1,29,29,57,57
77676,,,,1,1,29,29,57,57
77775,,,,1,1,29,29,57,57
77878,,,,1,1,29,29,57,57
77978,,,,1,1,29,29,57,57
78080,,,,1,1,29,29,57,57
78177,,,,1,1,29,29,57,57
78276,,,,1,1,29,29,57,57
78378,,,,1,1,29,29,57,57
78477,,,,1,1,29,29,57,57
78577,,,,1,1,29,29,57,57
78674,,,,1,1,29,29,57,57
78776,,,,1,1,29,29,57,57
78877,,,,1,1,29,29,57,57
78975,,,,1,1,29,29,57,57
79077,,,,1,1,29,29,57,57
79175,,,,1,1,29,29,57,57
79273,,,,1,1,29,29,57,57
79375,,,,1,1,29,29,57,57
79476,,,,1,1,29,29,57,57
79576,,,,1,1,29,29,57,57
79676,,,,1,1,29,29,57,57
79775,,,,1,1,29,29,57,57
79876,,,,1,1,29,29,57,57
79976,,,,1,1,29,29,57,57
80078,,,,1,1,29,29,57,57
80176,,,,1,1,29,29,57,57
80276,,,,1,1,29,29,57,57
80376,,,,1,1,29,29,57,57
80474,,,,1,1,29,29,57,57
80576,,,,1,1,29,29,57,57
80675,,,,1,1,29,29,57,57
80774,,,,1,1,29,29,57,57
80875,,,,1,1,29,29,57,57
80976,,,,1,1,29,29,57,57
81076,,,,1,1,29,29,57,57
81173,,,,1,1,29,29,57,57
81273,,,,1,1,29,29,57,57
81377,,,,1,1,29,29,57,57
81474,,,,1,1,29,29,57,57
81576,,,,1,1,29,29,57,57
81674,,,,1,1,29,29,57,57
81777,,,,1,1,29,29,57,57
81874,,,,1,1,29,29,57,57
81977,,,,1,1,29,29,57,57
82076,,,,1,1,29,29,57,57
82176,,,,1,1,29,29,57,57
82275,,,,1,1,29,29,57,57
82375,,,,1,1,29,29,57,57
82477,,,,1,1,29,29,57,57
82576,,,,1,1,29,29,57,57
82674,,,,1,1,29,29,57,57
82774,,,,1,1,29,29,57,57
82877,,,,1,1,29,29,57,57
82975,,,,1,1,29,29,57,57
83078,,,,1,1,29,29,57,57
83176,,,,1,1,29,29,57,57
83276,,,,1,1,29,29,57,57
83374,,,,1,1,29,29,57,57
83478,,,,1,1,29,29,57,57
83576,,,,1,1,29,29,57,57
83677,,,,1,1,29,29,57,57
83775,,,,1,1,29,29,57,57
83877,,,,1,1,29,29,57,57
83975,,,,1,1,29,29,57,57
84077,,,,1,1,29,29,57,57
84176,,,,1,1,29,29,57,57
84274,,,,1,1,29,29,57,57
84376,,,,1,1,29,29,57,57
84475,,,,1,1,29,29,57,57
84574,,,,1,1,29,29,57,57
84675,,,,1,1,29,29,57,57
84774,,,,1,1,29,29,57,57
84875,,,,1,1,29,29,57,57
84973,,,,1,1,29,29,57,57
85078,,,,1,1,29,29,57,57
85174,,,,1,1,29,29,57,57
85275,,,,1,1,29,29,57,57
85375,,,,1,1,29,29,57,57
85474,,,,1,1,29,29,57,57
85575,,,,1,1,29,29,57,57
85674,,,,1,1,29,29,57,57
85776,,,,1,1,29,29,57,57
85875,,,,1,1,29,29,57,57
85973,,,,1,1,29,29,57,57
86076,,,,1,1,29,29,57,57
86173,,,,1,1,29,29,57,57
86276,,,,1,1,29,29,57,57
86375,,,,1,1,29,29,57,57
86477,,,,1,1,29,29,57,57
86577,,,,1,1,29,29,57,57
86675,,,,1,1,29,29,57,57
86777,,,,1,1,29,29,57,57
86873,,,,1,1,29,29,57,57
86978,,,,1,1,29,29,57,57
87078,,,,1,1,29,29,57,57
87174,,,,1,1,29,29,57,57
87276,,,,1,1,29,29,57,57
87374,,,,1,1,29,29,57,57
87476,,,,1,1,29,29,57,57
87577,,,,1,1,29,29,57,57
87675,,,,1,1,29,29,57,57
87776,,,,1,1,29,29,57,57
87875,,,,1,1,29,29,57,57
87975,,,,1,1,29,29,57,57
88079,,,,1,1,29,29,57,57
88175,,,,1,1,29,29,57,57
88274,,,,1,1,29,29,57,57
88374,,,,1,1,29,29,57,57
88477,,,,1,1,29,29,57,57
88577,,,,1,1,29,29,57,57
88678,,,,1,1,29,29,57,57
88776,,,,1,1,29,29,57,57
88878,,,,1,1,29,29,57,57
88975,,,,1,1,29,29,57,57
89077,,,,1,1,29,29,57,57
89177,,,,1,1,29,29,57,57
89276,,,,1,1,29,29,57,57
89377,,,,1,1,29,29,57,57
89474,,,,1,1,29,29,57,57
89576,,,,1,1,29,29,57,57
89676,,,,1,1,29,29,57,57
89775,,,,1,1,29,29,57,57
89874,,,,1,1,29,29,57,57
89976,,,,1,1,29,29,57,57
90078,,,,1,1,29,29,57,57
90176,,,,1,1,29,29,57,57
90279,,,,1,1,29,29,57,57
90374,,,,1,1,29,29,57,57
90476,,,,1,1,29,29,57,57
90574,,,,1,1,29,29,57,57
90678,,,,1,1,29,29,57,57
90777,,,,1,1,29,29,57,57
90874,,,,1,1,29,29,57,57
90976,,,,1,1,29,29,57,57
91077,,,,1,1,29,29,57,57
91175,,,,1,1,29,29,57,57
91275,,,,1,1,29,29,57,57
91377,,,,1,1,29,29,57,57
91475,,,,1,1,29,29,57,57
91577,,,,1,1,29,29,57,57
91674,,,,1,1,29,29,57,57
91778,,,,1,1,29,29,57,57
91874,,,,1,1,29,29,57,57
91977,,,,1,1,29,29,57,57
92079,,,,1,1,29,29,57,57
92175,,,,1,1,29,29,57,57
92276,,,,1,1,29,29,57,57
92377,,,,1,1,29,29,57,57
92477,,,,1,1,29,29,57,57
92577,,,,1,1,29,29,57,57
92677,,,,1,1,29,29,57,57
92776,,,,1,1,29,29,57,57
92877,,,,1,1,29,29,57,57
92974,,,,1,1,29,29,57,57
93078,,,,1,1,29,29,57,57
93174,,,,1,1,29,29,57,57
93276,,,,1,1,29,29,57,57
93375,,,,1,1,29,29,57,57
93476,,,,1,1,29,29,57,57
93578,,,,1,1,29,29,57,57
93678,,,,1,1,29,29,57,57
93774,,,,1,1,29,29,57,57
93879,,,,1,1,29,29,57,57
93976,,,,1,1,29,29,57,57
94076,,,,1,1,29,29,57,57
94177,,,,1,1,29,29,57,57
94274,,,,1,1,29,29,57,57
94377,,,,1,1,29,29,57,57
94474,,,,1,1,29,29,57,57
94577,,,,1,1,29,29,57,57
94678,,,,1,1,29,29,57,57
94778,,,,1,1,29,29,57,57
94876,,,,1,1,29,29,57,57
94977,,,,1,1,29,29,57,57
95078,,,,1,1,29,29,57,57
95174,,,,1,1,29,29,57,57
95277,,,,1,1,29,29,57,57
95377,,,,1,1,29,29,57,57
95476,,,,1,1,29,29,57,57
95575,,,,1,1,29,29,57,57
95676,,,,1,1,29,29,57,57
95777,,,,1,1,29,29,57,57
95877,,,,1,1,29,29,57,57
95979,,,,1,1,29,29,57,57
96079,,,,1,1,29,29,57,57
96173,,,,1,1,29,29,57,57
96276,,,,1,1,29,29,57,57
96376,,,,1,1,29,29,57,57
96477,,,,1,1,29,29,57,57
96577,,,,1,1,29,29,57,57
96674,,,,1,1,29,29,57,57
96778,,,,1,1,29,29,57,57
96878,,,,1,1,29,29,57,57
96976,,,,1,1,29,29,57,57
97078,,,,1,1,29,29,57,57
97177,,,,1,1,29,29,57,57
97278,,,,1,1,29,29,57,57
97379,,,,1,1,29,29,57,57
97477,,,,1,1,29,29,57,57
97576,,,,1,1,29,29,57,57
97678,,,,1,1,29,29,57,57
97775,,,,1,1,29,29,57,57
97877,,,,1,1,29,29,57,57
97976,,,,1,1,29,29,57,57
98078,,,,1,1,29,29,57,57
98175,,,,1,1,29,29,57,57
98274,,,,1,1,29,29,57,57
98377,,,,1,1,29,29,57,57
98478,,,,1,1,29,29,57,57
98576,,,,1,1,29,29,57,57
98676,,,,1,1,29,29,57,57
98776,,,,1,1,29,29,57,57
98879,,,,1,1,29,29,57,57
98975,,,,1,1,29,29,57,57
99077,,,,1,1,29,29,57,57
99176,,,,1,1,29,29,57,57
99275,,,,1,1,29,29,57,57
99378,,,,1,1,29,29,57,57
99475,,,,1,1,29,29,57,57
99576,,,,1,1,29,29,57,57
99675,,,,1,1,29,29,57,57
99777,,,,1,1,29,29,57,57
99877,,,,1,1,29,29,57,57
99974,,,,1,1,29,29,57,57
100079,,,,1,1,29,29,57,57
100173,,,,1,1,29,29,57,57
100276,,,,1,1,29,29,57,57
100376,,,,1,1,29,29,57,57
100476,,,,1,1,29,29,57,57
100576,,,,1,1,29,29,57,57
100677,,,,1,1,29,29,57,57
100778,,,,1,1,29,29,57,57
100875,,,,1,1,29,29,57,57
100974,,,,1,1,29,29,57,57
101079,,,,1,1,29,29,57,57
101174,,,,1,1,29,29,57,57
101277,,,,1,1,29,29,57,57
101374,,,,1,1,29,29,57,57
101476,,,,1,1,29,29,57,57
101577,,,,1,1,29,29,57,57
101675,,,,1,1,29,29,57,57
101776,,,,1,1,29,29,57,57
101875,,,,1,1,29,29,57,57
101980,,,,1,1,29,29,57,57
102078,,,,1,1,29,29,57,57
102176,,,,1,1,29,29,57,57
102278,,,,1,1,29,29,57,57
102376,,,,1,1,29,29,57,57
102475,,,,1,1,29,29,57,57
102579,,,,1,1,29,29,57,57
102674,,,,1,1,29,29,57,57
102777,,,,1,1,29,29,57,57
102879,,,,1,1,29,29,57,57
102977,,,,1,1,29,29,57,57
103077,,,,1,1,29,29,57,57
103174,,,,1,1,29,29,57,57
103276,,,,1,1,29,29,57,57
103374,,,,1,1,29,29,57,57
103475,,,,1,1,29,29,57,57
103574,,,,1,1,29,29,57,57
103680,,,,1,1,29,29,57,57
103775,,,,1,1,29,29,57,57
103879,,,,1,1,29,29,57,57
103975,,,,1,1,29,29,57,57
104077,,,,1,1,29,29,57,57
104176,,,,1,1,29,29,57,57
104274,,,,1,1,29,29,57,57
104376,,,,1,1,29,29,57,57
104477,,,,1,1,29,29,57,57
104577,,,,1,1,29,29,57,57
104678,,,,1,1,29,29,57,57
104778,,,,1,1,29,29,57,57
104876,,,,1,1,29,29,57,57
104975,,,,1,1,29,29,57,57
105081,,,,1,1,29,29,57,57
105176,,,,1,1,29,29,57,57
105278,,,,1,1,29,29,57,57
105375,,,,1,1,29,29,57,57
105476,,,,1,1,29,29,57,57
105575,,,,1,1,29,29,57,57
105675,,,,1,1,29,29,57,57
105778,,,,1,1,29,29,57,57
105878,,,,1,1,29,29,57,57
105976,,,,1,1,29,29,57,57
106078,,,,1,1,29,29,57,57
106176,,,,1,1,29,29,57,57
106276,,,,1,1,29,29,57,57
106377,,,,1,1,29,29,57,57
106476,,,,1,1,29,29,57,57
106576,,,,1,1,29,29,57,57
106677,,,,1,1,29,29,57,57
106777,,,,1,1,29,29,57,57
106878,,,,1,1,29,29,57,57
106979,,,,1,1,29,29,57,57
107079,,,,1,1,29,29,57,57
107175,,,,1,1,29,29,57,57
107279,,,,1,1,29,29,57,57
107377,,,,1,1,29,29,57,57
107478,,,,1,1,29,29,57,57
107575,,,,1,1,29,29,57,57
107674,,,,1,1,29,29,57,57
107775,,,,1,1,29,29,57,57
107877,,,,1,1,29,29,57,57
107976,,,,1,1,29,29,57,57
108082,,,,1,1,29,29,57,57
108177,,,,1,1,29,29,57,57
108275,,,,1,1,29,29,57,57
108377,,,,1,1,29,29,57,57
108475,,,,1,1,29,29,57,57
108576,,,,1,1,29,29,57,57
108676,,,,1,1,29,29,57,57
108775,,,,1,1,29,29,57,57
108877,,,,1,1,29,29,57,57
108977,,,,1,1,29,29,57,57
109077,,,,1,1,29,29,57,57
109176,,,,1,1,29,29,57,57
109273,,,,1,1,29,29,57,57
109375,,,,1,1,29,29,57,57
109476,,,,1,1,29,29,57,57
109575,,,,1,1,29,29,57,57
109674,,,,1,1,29,29,57,57
109776,,,,1,1,29,29,57,57
109877,,,,1,1,29,29,57,57
109976,,,,1,1,29,29,57,57
110088,,,,1,1,29,29,57,57
110175,,,,1,1,29,29,57,57
110276,,,,1,1,29,29,57,57
110375,,,,1,1,29,29,57,57
110475,,,,1,1,29,29,57,57
110575,,,,1,1,29,29,57,57
110675,,,,1,1,29,29,57,57
110777,,,,1,1,29,29,57,57
110873,,,,1,1,29,29,57,57
110973,,,,1,1,29,29,57,57
111083,,,,1,1,29,29,57,57
111172,,,,1,1,29,29,57,57
111275,,,,1,1,29,29,57,57
111373,,,,1,1,29,29,57,57
111475,,,,1,1,29,29,57,57
111573,,,,1,1,29,29,57,57
111674,,,,1,1,29,29,57,57
111774,,,,1,1,29,29,57,57
111875,,,,1,1,29,29,57,57
111976,,,,1,1,29,29,57,57
112083,,,,1,1,29,29,57,57
112176,,,,1,1,29,29,57,57
112272,,,,1,1,29,29,57,57
112374,,,,1,1,29,29,57,57
112474,,,,1,1,29,29,57,57
112576,,,,1,1,29,29,57,57
112676,,,,1,1,29,29,57,57
112774,,,,1,1,29,29,57,57
112856,,,,1,1,29,29,57,57
112975,,,,1,1,29,29,57,57
113079,,,,1,1,29,29,57,57
113174,,,,1,1,29,29,57,57
113276,,,,1,1,29,29,57,57
113375,,,,1,1,29,29,57,57
113478,,,,1,1,29,29,57,57
113575,,,,1,1,29,29,57,57
113678,,,,1,1,29,29,57,57
113775,,,,1,1,29,29,57,57
113876,,,,1,1,29,29,57,57
113977,,,,1,1,29,29,57,57
114075,,,,1,1,29,29,57,57
114174,,,,1,1,29,29,57,57
114277,,,,1,1,29,29,57,57
114374,,,,1,1,29,29,57,57
114474,,,,1,1,29,29,57,57
114574,,,,1,1,29,29,57,57
114675,,,,1,1,29,29,57,57
114776,,,,1,1,29,29,57,57
114877,,,,1,1,29,29,57,57
114973,,,,1,1,29,29,57,57
115073,,,,1,1,29,29,57,57
115171,,,,1,1,29,29,57,57
115275,,,,1,1,29,29,57,57
115377,,,,1,1,29,29,57,57
115475,,,,1,1,29,29,57,57
115575,,,,1,1,29,29,57,57
115676,,,,1,1,29,29,57,57
115777,,,,1,1,29,29,57,57
115873,,,,1,1,29,29,57,57
115974,,,,1,1,29,29,57,57
116078,,,,1,1,29,29,57,57
116176,,,,1,1,29,29,57,57
116273,,,,1,1,29,29,57,57
116376,,,,1,1,29,29,57,57
116476,,,,1,1,29,29,57,57
116575,,,,1,1,29,29,57,57
116676,,,,1,1,29,29,57,57
116776,,,,1,1,29,29,57,57
116875,,,,1,1,29,29,57,57
116975,,,,1,1,29,29,57,57
117075,,,,1,1,29,29,57,57
117175,,,,1,1,29,29,57,57
117275,,,,1,1,29,29,57,57
117374,,,,1,1,29,29,57,57
117477,,,,1,1,29,29,57,57
117575,,,,1,1,29,29,57,57
117676,,,,1,1,29,29,57,57
117776,,,,1,1,29,29,57,57
117876,,,,1,1,29,29,57,57
117976,,,,1,1,29,29,57,57
118080,,,,1,1,29,29,57,57
118176,,,,1,1,29,29,57,57
118274,,,,1,1,29,29,57,57
118374,,,,1,1,29,29,57,57
118478,,,,1,1,29,29,57,57
118572,,,,1,1,29,29,57,57
118675,,,,1,1,29,29,57,57
118774,,,,1,1,29,29,57,57
118877,,,,1,1,29,29,57,57
118967,,,,1,1,29,29,57,57
119076,,,,1,1,29,29,57,57
119174,,,,1,1,29,29,57,57
119274,,,,1,1,29,29,57,57
119373,,,,1,1,29,29,57,57
119475,,,,1,1,29,29,57,57
119573,,,,1,1,29,29,57,57
119675,,,,1,1,29,29,57,57
119775,,,,1,1,29,29,57,57
119872,,,,1,1,29,29,57,57
119974,,,,1,1,29,29,57,57
120077,,,,1,1,29,29,57,57
120174,,,,1,1,29,29,57,57
120274,,,,1,1,29,29,57,57
120373,,,,1,1,29,29,57,57
120474,,,,1,1,29,29,57,57
120575,,,,1,1,29,29,57,57
120674,,,,1,1,29,29,57,57
120775,,,,1,1,29,29,57,57
120875,,,,1,1,29,29,57,57
120975,,,,1,1,29,29,57,57
121077,,,,1,1,29,29,57,57
121174,,,,1,1,29,29,57,57
121276,,,,1,1,29,29,57,57
121374,,,,1,1,29,29,57,57
121473,,,,1,1,29,29,57,57
121575,,,,1,1,29,29,57,57
121674,,,,1,1,29,29,57,57
121776,,,,1,1,29,29,57,57
121876,,,,1,1,29,29,57,57
121975,,,,1,1,29,29,57,57
122077,,,,1,1,29,29,57,57
122173,,,,1,1,29,29,57,57
122275,,,,1,1,29,29,57,57
122375,,,,1,1,29,29,57,57
122476,,,,1,1,29,29,57,57
122575,,,,1,1,29,29,57,57
122676,,,,1,1,29,29,57,57
122774,,,,1,1,29,29,57,57
122875,,,,1,1,29,29,57,57
122977,,,,1,1,29,29,57,57
123077,,,,1,1,29,29,57,57
123176,,,,1,1,29,29,57,57
123276,,,,1,1,29,29,57,57
123374,,,,1,1,29,29,57,57
123478,,,,1,1,29,29,57,57
123575,,,,1,1,29,29,57,57
123675,,,,1,1,29,29,57,57
123774,,,,1,1,29,29,57,57
123878,,,,1,1,29,29,57,57
123976,,,,1,1,29,29,57,57
124076,,,,1,1,29,29,57,57
124176,,,,1,1,29,29,57,57
124275,,,,1,1,29,29,57,57
124374,,,,1,1,29,29,57,57
124474,,,,1,1,29,29,57,57
124576,,,,1,1,29,29,57,57
124674,,,,1,1,29,29,57,57
124774,,,,1,1,29,29,57,57
124876,,,,1,1,29,29,57,57
124973,,,,1,1,29,29,57,57
125079,,,,1,1,29,29,57,57
125177,,,,1,1,29,29,57,57
125276,,,,1,1,29,29,57,57
125377,,,,1,1,29,29,57,57
125474,,,,1,1,29,29,57,57
125573,,,,1,1,29,29,57,57
125675,,,,1,1,29,29,57,57
125776,,,,1,1,29,29,57,57
125873,,,,1,1,29,29,57,57
125975,,,,1,1,29,29,57,57
126077,,,,1,1,29,29,57,57
126176,,,,1,1,29,29,57,57
126274,,,,1,1,29,29,57,57
126375,,,,1,1,29,29,57,57
126476,,,,1,1,29,29,57,57
126577,,,,1,1,29,29,57,57
126676,,,,1,1,29,29,57,57
126778,,,,1,1,29,29,57,57
126876,,,,1,1,29,29,57,57
126974,,,,1,1,29,29,57,57
127077,,,,1,1,29,29,57,57
127176,,,,1,1,29,29,57,57
127274,,,,1,1,29,29,57,57
127376,,,,1,1,29,29,57,57
127474,,,,1,1,29,29,57,57
127577,,,,1,1,29,29,57,57
127674,,,,1,1,29,29,57,57
127776,,,,1,1,29,29,57,57
127877,,,,1,1,29,29,57,57
127974,,,,1,1,29,29,57,57
128076,,,,1,1,29,29,57,57
128177,,,,1,1,29,29,57,57
128276,,,,1,1,29,29,57,57
128374,,,,1,1,29,29,57,57
128478,,,,1,1,29,29,57,57
128575,,,,1,1,29,29,57,57
128678,,,,1,1,29,29,57,57
128775,,,,1,1,29,29,57,57
128876,,,,1,1,29,29,57,57
128977,,,,1,1,29,29,57,57
129078,,,,1,1,29,29,57,57
129176,,,,1,1,29,29,57,57
129275,,,,1,1,29,29,57,57
129375,,,,1,1,29,29,57,57
129474,,,,1,1,29,29,57,57
129576,,,,1,1,29,29,57,57
129675,,,,1,1,29,29,57,57
129776,,,,1,1,29,29,57,57
129875,,,,1,1,29,29,57,57
129976,,,,1,1,29,29,57,57
130077,,,,1,1,29,29,57,57
130176,,,,1,1,29,29,57,57
130278,,,,1,1,29,29,57,57
130374,,,,1,1,29,29,57,57
130477,,,,1,1,29,29,57,57
130574,,,,1,1,29,29,57,57
130676,,,,1,1,29,29,57,57
130775,,,,1,1,29,29,57,57
130877,,,,1,1,29,29,57,57
130976,,,,1,1,29,29,57,57
131077,,,,1,1,29,29,57,57
131175,,,,1,1,29,29,57,57
131275,,,,1,1,29,29,57,57
131377,,,,1,1,29,29,57,57
131474,,,,1,1,29,29,57,57
131578,,,,1,1,29,29,57,57
131675,,,,1,1,29,29,57,57
131775,,,,1,1,29,29,57,57
131876,,,,1,1,29,29,57,57
131974,,,,1,1,29,29,57,57
132077,,,,1,1,29,29,57,57
132173,,,,1,1,29,29,57,57
132274,,,,1,1,29,29,57,57
132376,,,,1,1,29,29,57,57
132474,,,,1,1,29,29,57,57
132575,,,,1,1,29,29,57,57
132676,,,,1,1,29,29,57,57
132777,,,,1,1,29,29,57,57
132876,,,,1,1,29,29,57,57
132977,,,,1,1,29,29,57,57
133076,,,,1,1,29,29,57,57
133175,,,,1,1,29,29,57,57
133275,,,,1,1,29,29,57,57
133376,,,,1,1,29,29,57,57
133475,,,,1,1,29,29,57,57
133576,,,,1,1,29,29,57,57
133674,,,,1,1,29,29,57,57
133776,,,,1,1,29,29,57,57
133878,,,,1,1,29,29,57,57
133976,,,,1,1,29,29,57,57
134078,,,,1,1,29,29,57,57
134176,,,,1,1,29,29,57,57
134276,,,,1,1,29,29,57,57
134377,,,,1,1,29,29,57,57
134477,,,,1,1,29,29,57,57
134573,,,,1,1,29,29,57,57
134674,,,,1,1,29,29,57,57
134776,,,,1,1,29,29,57,57
134877,,,,1,1,29,29,57,57
134977,,,,1,1,29,29,57,57
135079,,,,1,1,29,29,57,57
135175,,,,1,1,29,29,57,57
135276,,,,1,1,29,29,57,57
135378,,,,1,1,29,29,57,57
135475,,,,1,1,29,29,57,57
135576,,,,1,1,29,29,57,57
135679,,,,1,1,29,29,57,57
135776,,,,1,1,29,29,57,57
135874,,,,1,1,29,29,57,57
135976,,,,1,1,29,29,57,57
136075,,,,1,1,29,29,57,57
136174,,,,1,1,29,29,57,57
136276,,,,1,1,29,29,57,57
136376,,,,1,1,29,29,57,57
136475,,,,1,1,29,29,57,57
136575,,,,1,1,29,29,57,57
136675,,,,1,1,29,29,57,57
136776,,,,1,1,29,29,57,57
136876,,,,1,1,29,29,57,57
136973,,,,1,1,29,29,57,57
137077,,,,1,1,29,29,57,57
137174,,,,1,1,29,29,57,57
137275,,,,1,1,29,29,57,57
137377,,,,1,1,29,29,57,57
137477,,,,1,1,29,29,57,57
137575,,,,1,1,29,29,57,57
137676,,,,1,1,29,29,57,57
137776,,,,1,1,29,29,57,57
137877,,,,1,1,29,29,57,57
137977,,,,1,1,29,29,57,57
138079,,,,1,1,29,29,57,57
138176,,,,1,1,29,29,57,57
138275,,,,1,1,29,29,57,57
138375,,,,1,1,29,29,57,57
138476,,,,1,1,29,29,57,57
138577,,,,1,1,29,29,57,57
138677,,,,1,1,29,29,57,57
138776,,,,1,1,29,29,57,57
138877,,,,1,1,29,29,57,57
138976,,,,1,1,29,29,57,57
139077,,,,1,1,29,29,57,57
139176,,,,1,1,29,29,57,57
139275,,,,1,1,29,29,57,57
139377,,,,1,1,29,29,57,57
139478,,,,1,1,29,29,57,57
139575,,,,1,1,29,29,57,57
139676,,,,1,1,29,29,57,57
139776,,,,1,1,29,29,57,57
139875,,,,1,1,29,29,57,57
139977,,,,1,1,29,29,57,57
140090,,,,1,1,29,29,57,57
140176,,,,1,1,29,29,57,57
140277,,,,1,1,29,29,57,57
140378,,,,1,1,29,29,57,57
140477,,,,1,1,29,29,57,57
140577,,,,1,1,29,29,57,57
140674,,,,1,1,29,29,57,57
140775,,,,1,1,29,29,57,57
140876,,,,1,1,29,29,57,57
140977,,,,1,1,29,29,57,57
141087,,,,1,1,29,29,57,57
141176,,,,1,1,29,29,57,57
141276,,,,1,1,29,29,57,57
141375,,,,1,1,29,29,57,57
141477,,,,1,1,29,29,57,57
141576,,,,1,1,29,29,57,57
141677,,,,1,1,29,29,57,57
141777,,,,1,1,29,29,57,57
141875,,,,1,1,29,29,57,57
141978,,,,1,1,29,29,57,57
142085,,,,1,1,29,29,57,57
142176,,,,1,1,29,29,57,57
142276,,,,1,1,29,29,57,57
142376,,,,1,1,29,29,57,57
142476,,,,1,1,29,29,57,57
142573,,,,1,1,29,29,57,57
142675,,,,1,1,29,29,57,57
142776,,,,1,1,29,29,57,57
142874,,,,1,1,29,29,57,57
142974,,,,1,1,29,29,57,57
143086,,,,1,1,29,29,57,57
143176,,,,1,1,29,29,57,57
143275,,,,1,1,29,29,57,57
143375,,,,1,1,29,29,57,57
143474,,,,1,1,29,29,57,57
143573,,,,1,1,29,29,57,57
143678,,,,1,1,29,29,57,57
143774,,,,1,1,29,29,57,57
143877,,,,1,1,29,29,57,57
143976,,,,1,1,29,29,57,57
144076,,,,1,1,29,29,57,57
144174,,,,1,1,29,29,57,57
144274,,,,1,1,29,29,57,57
144375,,,,1,1,29,29,57,57
144477,,,,1,1,29,29,57,57
144574,,,,1,1,29,29,57,57
144678,,,,1,1,29,29,57,57
144776,,,,1,1,29,29,57,57
144877,,,,1,1,29,29,57,57
144975,,,,1,1,29,29,57,57
145080,,,,1,1,29,29,57,57
145177,,,,1,1,29,29,57,57
145275,,,,1,1,29,29,57,57
145376,,,,1,1,29,29,57,57
145475,,,,1,1,29,29,57,57
145575,,,,1,1,29,29,57,57
145676,,,,1,1,29,29,57,57
145776,,,,1,1,29,29,57,57
145875,,,,1,1,29,29,57,57
145977,,,,1,1,29,29,57,57
146077,,,,1,1,29,29,57,57
146176,,,,1,1,29,29,57,57
146276,,,,1,1,29,29,57,57
146376,,,,1,1,29,29,57,57
146477,,,,1,1,29,29,57,57
146575,,,,1,1,29,29,57,57
146675,,,,1,1,29,29,57,57
146778,,,,1,1,29,29,57,57
146874,,,,1,1,29,29,57,57
146975,,,,1,1,29,29,57,57
147077,,,,1,1,29,29,57,57
147174,,,,1,1,29,29,57,57
147275,,,,1,1,29,29,57,57
147377,,,,1,1,29,29,57,57
147476,,,,1,1,29,29,57,57
147578,,,,1,1,29,29,57,57
147675,,,,1,1,29,29,57,57
147775,,,,1,1,29,29,57,57
147879,,,,1,1,29,29,57,57
147977,,,,1,1,29,29,57,57
148093,,,,1,1,29,29,57,57
148175,,,,1,1,29,29,57,57
148276,,,,1,1,29,29,57,57
148377,,,,1,1,29,29,57,57
148478,,,,1,1,29,29,57,57
148578,,,,1,1,29,29,57,57
148677,,,,1,1,29,29,57,57
148775,,,,1,1,29,29,57,57
148879,,,,1,1,29,29,57,57
148977,,,,1,1,29,29,57,57
149099,,,,1,1,29,29,57,57
149176,,,,1,1,29,29,57,57
149275,,,,1,1,29,29,57,57
149378,,,,1,1,29,29,57,57
149478,,,,1,1,29,29,57,57
149577,,,,1,1,29,29,57,57
149678,,,,1,1,29,29,57,57
149778,,,,1,1,29,29,57,57
149876,,,,1,1,29,29,57,57
149972,,,,1,1,29,29,57,57
150100,,,,1,1,29,29,57,57
150172,,,,1,1,29,29,57,57
150275,,,,1,1,29,29,57,57
150371,,,,1,1,29,29,57,57
150476,,,,1,1,29,29,57,57
150573,,,,1,1,29,29,57,57
150675,,,,1,1,29,29,57,57
150773,,,,1,1,29,29,57,57
150875,,,,1,1,29,29,57,57
150970,,,,1,1,29,29,57,57
151077,,,,1,1,29,29,57,57
151172,,,,1,1,29,29,57,57
151277,,,,1,1,29,29,57,57
151373,,,,1,1,29,29,57,57
151475,,,,1,1,29,29,57,57
151571,,,,1,1,29,29,57,57
151677,,,,1,1,29,29,57,57
151773,,,,1,1,29,29,57,57
151875,,,,1,1,29,29,57,57
151974,,,,1,1,29,29,57,57
152078,,,,1,1,29,29,57,57
152173,,,,1,1,29,29,57,57
152276,,,,1,1,29,29,57,57
152372,,,,1,1,29,29,57,57
152476,,,,1,1,29,29,57,57
152575,,,,1,1,29,29,57,57
152676,,,,1,1,29,29,57,57
152773,,,,1,1,29,29,57,57
152878,,,,1,1,29,29,57,57
152971,,,,1,1,29,29,57,57
153076,,,,1,1,29,29,57,57
153171,,,,1,1,29,29,57,57
153275,,,,1,1,29,29,57,57
153373,,,,1,1,29,29,57,57
153476,,,,1,1,29,29,57,57
153573,,,,1,1,29,29,57,57
153679,,,,1,1,29,29,57,57
153773,,,,1,1,29,29,57,57
153878,,,,1,1,29,29,57,57
153973,,,,1,1,29,29,57,57
154060,,,,1,1,29,29,57,57
154153,,,,1,1,29,29,57,57
154275,,,,1,1,29,29,57,57
154373,,,,1,1,29,29,57,57
154477,,,,1,1,29,29,57,57
154571,,,,1,1,29,29,57,57
154674,,,,1,1,29,29,57,57
154769,,,,1,1,29,29,57,57
154877,,,,1,1,29,29,57,57
154973,,,,1,1,29,29,57,57
155081,,,,1,1,29,29,57,57
155170,,,,1,1,29,29,57,57
155278,,,,1,1,29,29,57,57
155371,,,,1,1,29,29,57,57
155476,,,,1,1,29,29,57,57
155573,,,,1,1,29,29,57,57
155678,,,,1,1,29,29,57,57
155775,,,,1,1,29,29,57,57
155877,,,,1,1,29,29,57,57
155971,,,,1,1,29,29,57,57
156076,,,,1,1,29,29,57,57
156173,,,,1,1,29,29,57,57
156274,,,,1,1,29,29,57,57
156373,,,,1,1,29,29,57,57
156475,,,,1,1,29,29,57,57
156570,,,,1,1,29,29,57,57
156676,,,,1,1,29,29,57,57
156771,,,,1,1,29,29,57,57
156875,,,,1,1,29,29,57,57
156971,,,,1,1,29,29,57,57
157076,,,,1,1,29,29,57,57
157172,,,,1,1,29,29,57,57
157276,,,,1,1,29,29,57,57
157370,,,,1,1,29,29,57,57
157479,,,,1,1,29,29,57,57
157573,,,,1,1,29,29,57,57
157675,,,,1,1,29,29,57,57
157774,,,,1,1,29,29,57,57
157878,,,,1,1,29,29,57,57
157974,,,,1,1,29,29,57,57
158079,,,,1,1,29,29,57,57
158173,,,,1,1,29,29,57,57
158276,,,,1,1,29,29,57,57
158373,,,,1,1,29,29,57,57
158476,,,,1,1,29,29,57,57
158571,,,,1,1,29,29,57,57
