[camera]
# width=480
# height=640
# width=720
# height=1280
# width=1536
# height=1024
# width=640
# height=480
# fps=30

[detection]
tag_pixel_width = 100
widen_radius = 15

[arena]
nleds = 113#198
ring_r = 30 # in cm
origo_offset = [360, 360] # in pixels
cm_per_pixel = 0.1
baudrate = 115200#9600###921600#

[setup]
label = "Crazy"

    [[setup.suns]]
    link_factor = 2
    green = 255
    width = 11
    [[setup.suns]]
    blue = 255
    link_factor = 1
    azimuth = 50
    [[setup.suns]]
    link_factor = 0
    azimuth = 100
    red = 255
    [[setup.suns]]
    link_factor = -1
    green = 255
    azimuth = 150
    red = 255
    [[setup.suns]]
    blue = 255
    link_factor = -2
    azimuth = 200
    red = 255
    [[setup.suns]]
    blue = 255
    link_factor = 0.5
    green = 255
    azimuth = 250
    [[setup.suns]]
    blue = 255
    link_factor = -0.5
    green = 255
    azimuth = 300
    red = 255

[experiment]
datetime = 2023-12-09T21:51:15.201Z

ms,x,y,θ,start1,stop1,start2,stop2,start3,stop3,start4,stop4,start5,stop5,start6,stop6,start7,stop7
1176,,,,109,6,17,17,32,32,48,48,64,64,79,79,95,95
1197,,,,109,6,17,17,32,32,48,48,64,64,79,79,95,95
1218,,,,109,6,17,17,32,32,48,48,64,64,79,79,95,95
1213,,,,109,6,17,17,32,32,48,48,64,64,79,79,95,95
1236,,,,109,6,17,17,32,32,48,48,64,64,79,79,95,95
1371,,,,109,6,17,17,32,32,48,48,64,64,79,79,95,95
1467,,,,109,6,17,17,32,32,48,48,64,64,79,79,95,95
1553,,,,109,6,17,17,32,32,48,48,64,64,79,79,95,95
1669,,,,109,6,17,17,32,32,48,48,64,64,79,79,95,95
1762,,,,109,6,17,17,32,32,48,48,64,64,79,79,95,95
1849,,,,109,6,17,17,32,32,48,48,64,64,79,79,95,95
1970,,,,109,6,17,17,32,32,48,48,64,64,79,79,95,95
2047,,,,109,6,17,17,32,32,48,48,64,64,79,79,95,95
2163,,,,109,6,17,17,32,32,48,48,64,64,79,79,95,95
2260,,,,109,6,17,17,32,32,48,48,64,64,79,79,95,95
2359,,,,109,6,17,17,32,32,48,48,64,64,79,79,95,95
2460,,,,109,6,17,17,32,32,48,48,64,64,79,79,95,95
2562,,,,109,6,17,17,32,32,48,48,64,64,79,79,95,95
2638,,,,109,6,17,17,32,32,48,48,64,64,79,79,95,95
2766,,,,109,6,17,17,32,32,48,48,64,64,79,79,95,95
2838,,,,109,6,17,17,32,32,48,48,64,64,79,79,95,95
2966,,,,109,6,17,17,32,32,48,48,64,64,79,79,95,95
3063,,,,109,6,17,17,32,32,48,48,64,64,79,79,95,95
3161,,,,109,6,17,17,32,32,48,48,64,64,79,79,95,95
3262,,,,109,6,17,17,32,32,48,48,64,64,79,79,95,95
3360,,,,109,6,17,17,32,32,48,48,64,64,79,79,95,95
3461,,,,109,6,17,17,32,32,48,48,64,64,79,79,95,95
3533,,,,109,6,17,17,32,32,48,48,64,64,79,79,95,95
3658,,,,109,6,17,17,32,32,48,48,64,64,79,79,95,95
3878,328.1319944183597,626.2122558571464,-1.5402707475888977,62,72,106,106,32,32,72,72,111,111,68,68,107,107
3879,334.4923838680545,642.7748514994669,-1.3100609992626469,62,72,106,106,32,32,72,72,111,111,68,68,107,107
3905,,,,62,72,106,106,32,32,72,72,111,111,68,68,107,107
4016,,,,62,72,106,106,32,32,72,72,111,111,68,68,107,107
4118,387.4246452597623,661.8737298568283,-0.22387189296104532,101,111,13,13,32,32,52,52,72,72,77,77,97,97
4216,388.00661244202047,659.1926432982495,0.14669749952727226,1,11,19,19,32,32,45,45,59,59,81,81,94,94
4317,377.39495111588326,649.6796115903101,0.26601584083220153,6,16,21,21,32,32,43,43,54,54,82,82,93,93
4416,383.03175070456393,646.8959935550463,0.15752571050204295,2,12,20,20,32,32,45,45,58,58,81,81,94,94
4517,400.21034974004823,647.5513563134143,0.2997291309348096,7,17,22,22,32,32,43,43,53,53,82,82,92,92
4616,413.32430498221805,648.6561709332558,0.919349896488426,29,39,33,33,32,32,32,32,31,31,88,88,87,87
4716,412.532039116484,643.2039434656081,1.2313627709593058,40,50,39,39,32,32,26,26,19,19,91,91,84,84
4816,413.8617502869441,641.0980516938982,1.497432148608377,50,60,44,44,32,32,21,21,10,10,93,93,82,82
4912,416.26111969437056,639.833916053333,1.7314946544027658,58,68,48,48,32,32,17,17,1,1,95,95,80,80
5012,419.3292540046791,642.5943501797356,1.8352965564461232,62,72,50,50,32,32,15,15,111,111,96,96,79,79
5112,423.5331911015113,639.4939827555341,1.5941594569890516,53,63,45,45,32,32,19,19,6,6,94,94,81,81
5212,434.0076001330961,634.0481045830379,1.0478467308894246,34,44,36,36,32,32,29,29,26,26,89,89,86,86
5313,,,,34,44,36,36,32,32,29,29,26,26,89,89,86,86
5413,,,,34,44,36,36,32,32,29,29,26,26,89,89,86,86
5515,,,,34,44,36,36,32,32,29,29,26,26,89,89,86,86
5618,,,,34,44,36,36,32,32,29,29,26,26,89,89,86,86
5721,,,,34,44,36,36,32,32,29,29,26,26,89,89,86,86
5821,,,,34,44,36,36,32,32,29,29,26,26,89,89,86,86
5923,,,,34,44,36,36,32,32,29,29,26,26,89,89,86,86
6025,,,,34,44,36,36,32,32,29,29,26,26,89,89,86,86
6125,,,,34,44,36,36,32,32,29,29,26,26,89,89,86,86
6226,,,,34,44,36,36,32,32,29,29,26,26,89,89,86,86
6325,,,,34,44,36,36,32,32,29,29,26,26,89,89,86,86
6428,,,,34,44,36,36,32,32,29,29,26,26,89,89,86,86
6526,,,,34,44,36,36,32,32,29,29,26,26,89,89,86,86
6632,,,,34,44,36,36,32,32,29,29,26,26,89,89,86,86
6712,,,,34,44,36,36,32,32,29,29,26,26,89,89,86,86
6832,,,,34,44,36,36,32,32,29,29,26,26,89,89,86,86
6929,,,,34,44,36,36,32,32,29,29,26,26,89,89,86,86
7031,,,,34,44,36,36,32,32,29,29,26,26,89,89,86,86
7134,,,,34,44,36,36,32,32,29,29,26,26,89,89,86,86
7237,,,,34,44,36,36,32,32,29,29,26,26,89,89,86,86
7319,,,,34,44,36,36,32,32,29,29,26,26,89,89,86,86
7440,,,,34,44,36,36,32,32,29,29,26,26,89,89,86,86
7521,,,,34,44,36,36,32,32,29,29,26,26,89,89,86,86
7639,,,,34,44,36,36,32,32,29,29,26,26,89,89,86,86
7725,,,,34,44,36,36,32,32,29,29,26,26,89,89,86,86
7839,,,,34,44,36,36,32,32,29,29,26,26,89,89,86,86
7924,,,,34,44,36,36,32,32,29,29,26,26,89,89,86,86
8038,,,,34,44,36,36,32,32,29,29,26,26,89,89,86,86
8135,,,,34,44,36,36,32,32,29,29,26,26,89,89,86,86
8240,,,,34,44,36,36,32,32,29,29,26,26,89,89,86,86
8338,,,,34,44,36,36,32,32,29,29,26,26,89,89,86,86
8424,,,,34,44,36,36,32,32,29,29,26,26,89,89,86,86
8545,,,,34,44,36,36,32,32,29,29,26,26,89,89,86,86
8644,,,,34,44,36,36,32,32,29,29,26,26,89,89,86,86
8744,,,,34,44,36,36,32,32,29,29,26,26,89,89,86,86
8844,,,,34,44,36,36,32,32,29,29,26,26,89,89,86,86
8931,,,,34,44,36,36,32,32,29,29,26,26,89,89,86,86
9044,,,,34,44,36,36,32,32,29,29,26,26,89,89,86,86
9120,,,,34,44,36,36,32,32,29,29,26,26,89,89,86,86
9216,,,,34,44,36,36,32,32,29,29,26,26,89,89,86,86
9345,,,,34,44,36,36,32,32,29,29,26,26,89,89,86,86
9423,,,,34,44,36,36,32,32,29,29,26,26,89,89,86,86
9546,,,,34,44,36,36,32,32,29,29,26,26,89,89,86,86
9623,,,,34,44,36,36,32,32,29,29,26,26,89,89,86,86
9747,,,,34,44,36,36,32,32,29,29,26,26,89,89,86,86
9838,,,,34,44,36,36,32,32,29,29,26,26,89,89,86,86
9924,,,,34,44,36,36,32,32,29,29,26,26,89,89,86,86
10019,,,,34,44,36,36,32,32,29,29,26,26,89,89,86,86
10145,,,,34,44,36,36,32,32,29,29,26,26,89,89,86,86
10226,,,,34,44,36,36,32,32,29,29,26,26,89,89,86,86
10347,,,,34,44,36,36,32,32,29,29,26,26,89,89,86,86
10421,,,,34,44,36,36,32,32,29,29,26,26,89,89,86,86
10546,,,,34,44,36,36,32,32,29,29,26,26,89,89,86,86
10611,,,,34,44,36,36,32,32,29,29,26,26,89,89,86,86
10741,,,,34,44,36,36,32,32,29,29,26,26,89,89,86,86
10820,,,,34,44,36,36,32,32,29,29,26,26,89,89,86,86
10941,,,,34,44,36,36,32,32,29,29,26,26,89,89,86,86
11014,,,,34,44,36,36,32,32,29,29,26,26,89,89,86,86
11116,,,,34,44,36,36,32,32,29,29,26,26,89,89,86,86
11239,,,,34,44,36,36,32,32,29,29,26,26,89,89,86,86
11318,,,,34,44,36,36,32,32,29,29,26,26,89,89,86,86
11440,,,,34,44,36,36,32,32,29,29,26,26,89,89,86,86
11516,,,,34,44,36,36,32,32,29,29,26,26,89,89,86,86
11641,,,,34,44,36,36,32,32,29,29,26,26,89,89,86,86
11716,,,,34,44,36,36,32,32,29,29,26,26,89,89,86,86
11840,,,,34,44,36,36,32,32,29,29,26,26,89,89,86,86
11917,,,,34,44,36,36,32,32,29,29,26,26,89,89,86,86
12036,,,,34,44,36,36,32,32,29,29,26,26,89,89,86,86
12113,,,,34,44,36,36,32,32,29,29,26,26,89,89,86,86
12236,,,,34,44,36,36,32,32,29,29,26,26,89,89,86,86
12312,,,,34,44,36,36,32,32,29,29,26,26,89,89,86,86
12437,,,,34,44,36,36,32,32,29,29,26,26,89,89,86,86
12533,,,,34,44,36,36,32,32,29,29,26,26,89,89,86,86
12614,,,,34,44,36,36,32,32,29,29,26,26,89,89,86,86
12739,,,,34,44,36,36,32,32,29,29,26,26,89,89,86,86
12834,,,,34,44,36,36,32,32,29,29,26,26,89,89,86,86
12914,,,,34,44,36,36,32,32,29,29,26,26,89,89,86,86
13035,,,,34,44,36,36,32,32,29,29,26,26,89,89,86,86
13112,,,,34,44,36,36,32,32,29,29,26,26,89,89,86,86
13237,,,,34,44,36,36,32,32,29,29,26,26,89,89,86,86
13312,,,,34,44,36,36,32,32,29,29,26,26,89,89,86,86
13433,,,,34,44,36,36,32,32,29,29,26,26,89,89,86,86
13506,,,,34,44,36,36,32,32,29,29,26,26,89,89,86,86
13630,,,,34,44,36,36,32,32,29,29,26,26,89,89,86,86
13707,,,,34,44,36,36,32,32,29,29,26,26,89,89,86,86
13830,,,,34,44,36,36,32,32,29,29,26,26,89,89,86,86
13909,,,,34,44,36,36,32,32,29,29,26,26,89,89,86,86
14033,,,,34,44,36,36,32,32,29,29,26,26,89,89,86,86
14108,,,,34,44,36,36,32,32,29,29,26,26,89,89,86,86
14219,,,,34,44,36,36,32,32,29,29,26,26,89,89,86,86
14332,,,,34,44,36,36,32,32,29,29,26,26,89,89,86,86
14409,,,,34,44,36,36,32,32,29,29,26,26,89,89,86,86
14532,,,,34,44,36,36,32,32,29,29,26,26,89,89,86,86
14611,,,,34,44,36,36,32,32,29,29,26,26,89,89,86,86
14732,,,,34,44,36,36,32,32,29,29,26,26,89,89,86,86
14805,,,,34,44,36,36,32,32,29,29,26,26,89,89,86,86
14921,,,,34,44,36,36,32,32,29,29,26,26,89,89,86,86
15014,,,,34,44,36,36,32,32,29,29,26,26,89,89,86,86
15099,,,,34,44,36,36,32,32,29,29,26,26,89,89,86,86
15199,,,,34,44,36,36,32,32,29,29,26,26,89,89,86,86
15322,,,,34,44,36,36,32,32,29,29,26,26,89,89,86,86
15415,,,,34,44,36,36,32,32,29,29,26,26,89,89,86,86
15517,,,,34,44,36,36,32,32,29,29,26,26,89,89,86,86
15618,,,,34,44,36,36,32,32,29,29,26,26,89,89,86,86
15716,,,,34,44,36,36,32,32,29,29,26,26,89,89,86,86
15812,,,,34,44,36,36,32,32,29,29,26,26,89,89,86,86
15924,,,,34,44,36,36,32,32,29,29,26,26,89,89,86,86
16005,,,,34,44,36,36,32,32,29,29,26,26,89,89,86,86
16128,,,,34,44,36,36,32,32,29,29,26,26,89,89,86,86
16202,,,,34,44,36,36,32,32,29,29,26,26,89,89,86,86
16327,,,,34,44,36,36,32,32,29,29,26,26,89,89,86,86
16398,,,,34,44,36,36,32,32,29,29,26,26,89,89,86,86
16528,,,,34,44,36,36,32,32,29,29,26,26,89,89,86,86
16599,,,,34,44,36,36,32,32,29,29,26,26,89,89,86,86
16723,,,,34,44,36,36,32,32,29,29,26,26,89,89,86,86
