[camera]
# width=480
# height=640
# width=720
# height=1280
# width=1536
# height=1024
# width=640
# height=480
# fps=30

[detection]
tag_pixel_width = 100
widen_radius = 15

[arena]
nleds = 113#198
ring_r = 30 # in cm
origo_offset = [360, 360] # in pixels
cm_per_pixel = 0.1
baudrate = 115200#9600###921600#

[setup]
label = "Two different suns"

    [[setup.suns]]
    link_factor = 1.5
    green = 255
    azimuth = 90
    width = 11
    red = 100
    [[setup.suns]]
    blue = 255
    link_factor = -0.8
    green = 128
    azimuth = 180
    width = 3
    red = 41

[experiment]
datetime = 2023-12-11T11:35:12.448Z

ms,x,y,θ,start1,stop1,start2,stop2
542,,,,24,34,56,58
642,,,,24,34,56,58
743,,,,24,34,56,58
843,,,,24,34,56,58
943,,,,24,34,56,58
1071,,,,24,34,56,58
1119,,,,24,34,56,58
1221,,,,24,34,56,58
1321,,,,24,34,56,58
1420,,,,24,34,56,58
1535,,,,24,34,56,58
1644,,,,24,34,56,58
1740,,,,24,34,56,58
