[camera]
# width=480
# height=640
# width=720
# height=1280
# width=1536
# height=1024
# width=640
# height=480
# fps=30

[detection]
tag_pixel_width = 100
widen_radius = 15

[arena]
nleds = 113#198
ring_r = 30 # in cm
origo_offset = [360, 360] # in pixels
cm_per_pixel = 0.1
baudrate = 115200#9600###921600#

[setup]
label = "Two different suns"

    [[setup.suns]]
    link_factor = 1.5
    green = 255
    azimuth = 90
    width = 11
    red = 100
    [[setup.suns]]
    blue = 255
    link_factor = -0.8
    green = 128
    azimuth = 180
    width = 3
    red = 41

[experiment]
datetime = 2023-12-10T12:03:17.090Z

ms,x,y,θ,start1,stop1,start2,stop2
866,,,,24,34,56,58
866,,,,24,34,56,58
887,,,,24,34,56,58
887,,,,24,34,56,58
954,,,,24,34,56,58
1055,,,,24,34,56,58
1155,,,,24,34,56,58
1256,,,,24,34,56,58
1355,,,,24,34,56,58
1497,,,,24,34,56,58
1555,,,,24,34,56,58
1654,,,,24,34,56,58
1756,,,,24,34,56,58
1854,,,,24,34,56,58
1953,,,,24,34,56,58
2054,,,,24,34,56,58
2155,,,,24,34,56,58
2295,,,,24,34,56,58
2352,,,,24,34,56,58
2452,,,,24,34,56,58
2553,,,,24,34,56,58
2654,,,,24,34,56,58
2754,,,,24,34,56,58
2854,,,,24,34,56,58
2954,,,,24,34,56,58
3111,,,,24,34,56,58
3169,,,,24,34,56,58
3268,,,,24,34,56,58
3369,,,,24,34,56,58
3472,,,,24,34,56,58
3574,,,,24,34,56,58
3672,,,,24,34,56,58
3772,,,,24,34,56,58
3919,,,,24,34,56,58
3967,,,,24,34,56,58
4066,,,,24,34,56,58
4168,,,,24,34,56,58
4271,,,,24,34,56,58
4371,,,,24,34,56,58
4471,,,,24,34,56,58
4619,,,,24,34,56,58
4667,,,,24,34,56,58
4770,,,,24,34,56,58
4867,,,,24,34,56,58
4969,,,,24,34,56,58
5068,,,,24,34,56,58
5211,,,,24,34,56,58
5270,,,,24,34,56,58
5372,,,,24,34,56,58
5470,,,,24,34,56,58
5574,,,,24,34,56,58
5696,,,,24,34,56,58
5767,,,,24,34,56,58
5868,,,,24,34,56,58
5967,,,,24,34,56,58
6067,,,,24,34,56,58
6171,,,,24,34,56,58
6272,,,,24,34,56,58
6392,,,,24,34,56,58
6470,,,,24,34,56,58
6572,,,,24,34,56,58
6673,,,,24,34,56,58
6773,,,,24,34,56,58
6872,,,,24,34,56,58
6987,,,,24,34,56,58
7068,,,,24,34,56,58
7167,,,,24,34,56,58
7298,,,,24,34,56,58
7372,,,,24,34,56,58
7472,,,,24,34,56,58
7569,,,,24,34,56,58
7672,,,,24,34,56,58
7771,,,,24,34,56,58
7872,,,,24,34,56,58
7972,,,,24,34,56,58
8071,,,,24,34,56,58
8195,,,,24,34,56,58
8249,,,,24,34,56,58
8395,,,,24,34,56,58
8472,,,,24,34,56,58
8572,,,,24,34,56,58
8673,,,,24,34,56,58
8772,,,,24,34,56,58
8890,,,,24,34,56,58
8971,,,,24,34,56,58
9071,,,,24,34,56,58
9173,,,,24,34,56,58
9271,,,,24,34,56,58
9370,,,,24,34,56,58
9486,,,,24,34,56,58
9569,,,,24,34,56,58
9688,,,,24,34,56,58
9767,,,,24,34,56,58
9890,,,,24,34,56,58
9967,,,,24,34,56,58
10091,,,,24,34,56,58
10167,,,,24,34,56,58
10271,,,,24,34,56,58
10371,,,,24,34,56,58
10472,,,,24,34,56,58
10571,,,,24,34,56,58
10670,,,,24,34,56,58
10771,,,,24,34,56,58
10872,,,,24,34,56,58
11059,,,,24,34,56,58
11080,,,,24,34,56,58
11150,,,,24,34,56,58
11250,,,,24,34,56,58
11351,,,,24,34,56,58
11450,,,,24,34,56,58
11565,,,,24,34,56,58
11666,,,,24,34,56,58
11769,,,,24,34,56,58
11870,,,,24,34,56,58
12003,,,,24,34,56,58
12050,,,,24,34,56,58
12203,,,,24,34,56,58
12271,,,,24,34,56,58
12373,,,,24,34,56,58
12472,,,,24,34,56,58
12572,,,,24,34,56,58
12673,,,,24,34,56,58
12771,,,,24,34,56,58
12872,,,,24,34,56,58
12972,,,,24,34,56,58
13132,,,,24,34,56,58
13152,,,,24,34,56,58
13251,,,,24,34,56,58
13381,,,,24,34,56,58
13467,,,,24,34,56,58
13596,,,,24,34,56,58
13668,,,,24,34,56,58
13772,,,,24,34,56,58
13872,,,,24,34,56,58
13956,,,,24,34,56,58
14052,,,,24,34,56,58
14154,,,,24,34,56,58
14253,,,,24,34,56,58
14355,,,,24,34,56,58
14539,,,,24,34,56,58
14559,,,,24,34,56,58
14649,,,,24,34,56,58
14781,,,,24,34,56,58
14855,,,,24,34,56,58
14980,,,,24,34,56,58
15053,,,,24,34,56,58
15188,,,,24,34,56,58
15255,,,,24,34,56,58
15354,,,,24,34,56,58
15453,,,,24,34,56,58
15557,,,,24,34,56,58
15660,,,,24,34,56,58
15753,,,,24,34,56,58
15852,,,,24,34,56,58
15958,,,,24,34,56,58
16054,,,,24,34,56,58
17099,,,,24,34,56,58
17120,,,,24,34,56,58
17140,,,,24,34,56,58
17162,,,,24,34,56,58
17182,,,,24,34,56,58
17203,,,,24,34,56,58
17223,,,,24,34,56,58
17244,,,,24,34,56,58
17265,,,,24,34,56,58
17285,,,,24,34,56,58
17349,,,,24,34,56,58
17369,,,,24,34,56,58
17390,,,,24,34,56,58
17450,,,,24,34,56,58
17549,,,,24,34,56,58
17685,,,,24,34,56,58
17751,,,,24,34,56,58
17887,,,,24,34,56,58
17954,,,,24,34,56,58
18054,,,,24,34,56,58
18171,,,,24,34,56,58
18271,,,,24,34,56,58
18372,,,,24,34,56,58
18473,,,,24,34,56,58
18573,,,,24,34,56,58
18673,,,,24,34,56,58
18806,,,,24,34,56,58
18850,,,,24,34,56,58
18950,,,,24,34,56,58
19049,,,,24,34,56,58
19168,,,,24,34,56,58
19299,,,,24,34,56,58
19374,,,,24,34,56,58
19491,,,,24,34,56,58
19570,,,,24,34,56,58
19694,,,,24,34,56,58
19769,,,,24,34,56,58
19872,,,,24,34,56,58
19972,,,,24,34,56,58
20073,,,,24,34,56,58
20173,,,,24,34,56,58
20274,,,,24,34,56,58
20373,,,,24,34,56,58
20474,,,,24,34,56,58
21220,,,,24,34,56,58
21241,,,,24,34,56,58
21261,,,,24,34,56,58
21282,,,,24,34,56,58
21304,,,,24,34,56,58
21325,,,,24,34,56,58
21347,,,,24,34,56,58
21368,,,,24,34,56,58
21389,,,,24,34,56,58
21452,,,,24,34,56,58
21573,,,,24,34,56,58
21672,,,,24,34,56,58
21782,,,,24,34,56,58
21870,,,,24,34,56,58
21981,,,,24,34,56,58
22069,,,,24,34,56,58
22172,,,,24,34,56,58
22269,,,,24,34,56,58
22372,,,,24,34,56,58
22468,,,,24,34,56,58
22572,,,,24,34,56,58
22669,,,,24,34,56,58
22771,,,,24,34,56,58
22869,,,,24,34,56,58
22970,,,,24,34,56,58
23069,,,,24,34,56,58
23171,,,,24,34,56,58
23269,,,,24,34,56,58
23373,,,,24,34,56,58
23470,,,,24,34,56,58
23572,,,,24,34,56,58
23666,,,,24,34,56,58
23752,,,,24,34,56,58
23862,,,,24,34,56,58
23973,,,,24,34,56,58
24073,,,,24,34,56,58
24172,,,,24,34,56,58
24273,,,,24,34,56,58
24373,,,,24,34,56,58
24472,,,,24,34,56,58
24573,,,,24,34,56,58
24679,,,,24,34,56,58
24772,,,,24,34,56,58
24872,,,,24,34,56,58
24974,,,,24,34,56,58
25073,,,,24,34,56,58
25172,,,,24,34,56,58
25273,,,,24,34,56,58
25373,,,,24,34,56,58
25472,,,,24,34,56,58
25576,,,,24,34,56,58
25670,,,,24,34,56,58
25771,,,,24,34,56,58
25869,,,,24,34,56,58
25969,,,,24,34,56,58
26069,,,,24,34,56,58
26169,,,,24,34,56,58
26267,,,,24,34,56,58
26369,,,,24,34,56,58
26471,,,,24,34,56,58
26581,,,,24,34,56,58
26673,,,,24,34,56,58
26772,,,,24,34,56,58
26873,,,,24,34,56,58
26974,,,,24,34,56,58
27075,,,,24,34,56,58
27172,,,,24,34,56,58
27273,,,,24,34,56,58
27372,,,,24,34,56,58
27478,,,,24,34,56,58
27570,,,,24,34,56,58
27670,,,,24,34,56,58
27769,,,,24,34,56,58
27868,,,,24,34,56,58
27970,,,,24,34,56,58
28070,,,,24,34,56,58
28169,,,,24,34,56,58
28269,,,,24,34,56,58
28374,,,,24,34,56,58
28480,,,,24,34,56,58
28573,,,,24,34,56,58
28676,,,,24,34,56,58
28774,,,,24,34,56,58
28872,,,,24,34,56,58
28972,,,,24,34,56,58
29074,,,,24,34,56,58
29174,,,,24,34,56,58
29274,,,,24,34,56,58
29376,,,,24,34,56,58
29471,,,,24,34,56,58
29568,,,,24,34,56,58
29671,,,,24,34,56,58
29769,,,,24,34,56,58
29870,,,,24,34,56,58
29970,,,,24,34,56,58
30100,,,,24,34,56,58
30175,,,,24,34,56,58
30297,,,,24,34,56,58
30369,,,,24,34,56,58
30498,,,,24,34,56,58
30570,,,,24,34,56,58
30670,,,,24,34,56,58
30799,,,,24,34,56,58
30869,,,,24,34,56,58
30971,,,,24,34,56,58
31074,,,,24,34,56,58
31171,,,,24,34,56,58
31273,,,,24,34,56,58
31372,,,,24,34,56,58
31473,,,,24,34,56,58
31572,,,,24,34,56,58
31702,,,,24,34,56,58
31750,,,,24,34,56,58
31869,,,,24,34,56,58
31970,,,,24,34,56,58
32071,,,,24,34,56,58
32208,,,,24,34,56,58
32273,,,,24,34,56,58
32405,,,,24,34,56,58
32468,,,,24,34,56,58
32599,,,,24,34,56,58
32671,,,,24,34,56,58
32772,,,,24,34,56,58
32874,,,,24,34,56,58
32973,,,,24,34,56,58
33072,,,,24,34,56,58
33172,,,,24,34,56,58
33273,,,,24,34,56,58
33374,,,,24,34,56,58
35791,,,,24,34,56,58
35811,,,,24,34,56,58
35833,,,,24,34,56,58
35854,,,,24,34,56,58
35875,,,,24,34,56,58
35895,,,,24,34,56,58
35920,,,,24,34,56,58
35942,,,,24,34,56,58
35968,,,,24,34,56,58
35992,,,,24,34,56,58
36035,,,,24,34,56,58
36059,,,,24,34,56,58
36081,,,,24,34,56,58
36102,,,,24,34,56,58
36123,,,,24,34,56,58
36145,,,,24,34,56,58
36167,,,,24,34,56,58
36188,,,,24,34,56,58
36208,,,,24,34,56,58
36229,,,,24,34,56,58
36265,,,,24,34,56,58
36285,,,,24,34,56,58
36306,,,,24,34,56,58
36327,,,,24,34,56,58
36348,,,,24,34,56,58
36369,,,,24,34,56,58
36391,,,,24,34,56,58
36413,,,,24,34,56,58
36435,,,,24,34,56,58
36458,,,,24,34,56,58
36494,,,,24,34,56,58
36552,,,,24,34,56,58
36652,,,,24,34,56,58
36800,,,,24,34,56,58
36875,,,,24,34,56,58
36976,,,,24,34,56,58
37077,,,,24,34,56,58
37175,,,,24,34,56,58
37275,,,,24,34,56,58
37375,,,,24,34,56,58
37491,,,,24,34,56,58
37574,,,,24,34,56,58
37688,,,,24,34,56,58
37771,,,,24,34,56,58
37873,,,,24,34,56,58
37977,,,,24,34,56,58
38086,,,,24,34,56,58
38168,,,,24,34,56,58
38289,,,,24,34,56,58
38371,,,,24,34,56,58
38471,,,,24,34,56,58
38571,,,,24,34,56,58
38692,,,,24,34,56,58
38769,,,,24,34,56,58
38869,,,,24,34,56,58
38970,,,,24,34,56,58
39075,,,,24,34,56,58
39175,,,,24,34,56,58
39291,,,,24,34,56,58
39373,,,,24,34,56,58
39496,,,,24,34,56,58
39580,,,,24,34,56,58
39676,,,,24,34,56,58
39774,,,,24,34,56,58
39874,,,,24,34,56,58
39973,,,,24,34,56,58
40092,,,,24,34,56,58
40173,,,,24,34,56,58
40287,,,,24,34,56,58
40372,,,,24,34,56,58
40484,,,,24,34,56,58
40574,,,,24,34,56,58
40682,,,,24,34,56,58
40772,,,,24,34,56,58
40870,,,,24,34,56,58
40978,,,,24,34,56,58
41072,,,,24,34,56,58
41174,,,,24,34,56,58
41275,,,,24,34,56,58
41369,,,,24,34,56,58
41470,,,,24,34,56,58
41572,,,,24,34,56,58
41672,,,,24,34,56,58
41774,,,,24,34,56,58
41873,,,,24,34,56,58
41973,,,,24,34,56,58
42072,,,,24,34,56,58
42179,,,,24,34,56,58
42270,,,,24,34,56,58
42370,,,,24,34,56,58
42470,,,,24,34,56,58
42570,,,,24,34,56,58
42707,307.84577067097905,620.1579862741123,-2.1062445586697613,80,90,87,89
42783,309.42838570100315,626.1168470861681,-2.2003197844196163,78,88,88,90
42834,304.4421898594819,626.8921750606091,-2.19502338706154,78,88,88,90
42934,299.1145296026717,623.81156406469,-2.1678350314238437,79,89,88,90
43037,297.29856941936936,623.0526753364653,-2.164645339939586,79,89,88,90
43149,299.0517943392939,622.1536702840092,-2.145895455168369,79,89,87,89
43237,303.56857317143806,621.2989032486294,-2.112183102774674,80,90,87,89
43337,308.6916365484038,617.743448970981,-2.048576137422941,82,92,86,88
43437,310.72174381423383,612.9908604573183,-2.0098054278929505,83,93,85,87
43537,311.30866029701366,609.1151426724657,-1.932323550243383,85,95,84,86
43637,313.2572522327943,605.3030374394363,-1.737263435728209,90,100,81,83
43737,316.0462766988903,601.0140190147965,-1.5640175003926298,95,105,79,81
43837,318.55559954588216,598.2333291400795,-1.3778831143673969,100,110,76,78
43937,319.42888573100936,597.0671214122963,-1.2985158398792302,102,112,75,77
44037,319.35839959407105,595.6278523562828,-1.1861618752571979,105,2,74,76
44149,318.2548342609455,593.003704930055,-1.058221919870402,109,6,72,74
44237,317.638700936403,590.5867978818652,-0.9262237227916353,112,9,70,72
44337,318.8789968524786,588.9348809414086,-0.8017455549598533,3,13,68,70
44437,319.9816654696816,586.3526228051601,-0.6348252218403211,7,17,66,68
44537,321.4996791319083,584.8066537300614,-0.42681698647267247,13,23,63,65
44637,321.66107804980703,584.1548041855741,-0.2907412273525873,16,26,61,63
44737,319.84458693383357,580.8894457941876,-0.18221965514443975,19,29,59,61
44837,318.9726803474546,578.2383075460637,-0.07615068124418338,22,32,58,60
44937,318.5672780425474,575.4474211787292,-0.0029631358592979618,24,34,57,59
45036,318.58099769830176,572.7750157398176,0.13760362467687245,28,38,55,57
45148,319.1933404956734,571.5593549167106,0.25418363575485786,31,41,53,55
45237,319.8434714128749,570.8479466199424,0.3667911638893846,34,44,51,53
45337,321.12790956385317,569.5690596176729,0.5125963411414017,38,48,49,51
45437,322.08958652270917,568.1633891456801,0.6168419742074587,41,51,48,50
45537,321.6867189609462,566.3596723614627,0.7491112282678069,44,54,46,48
45637,322.06949914909757,565.7912282190593,0.8696035042841542,48,58,44,46
45737,322.5546938926941,565.2931439031873,0.9493102972371139,50,60,43,45
45837,323.28268901807746,563.9761921690556,1.04715964656208,52,62,41,43
45937,323.3403643982057,562.9416038786202,1.1799597475514756,56,66,40,42
46037,321.88835837581917,561.8292912159471,1.3177521733903272,60,70,38,40
46141,321.10686493816905,561.3570640541095,1.4863269523724767,64,74,35,37
46237,321.9378027899614,561.7202096619238,1.583264925625646,67,77,34,36
46337,322.5803341717648,561.2008407427566,1.7068981674478887,70,80,32,34
46437,323.0779398483866,560.6604761818123,1.7663473765209778,72,82,31,33
46537,323.06682595690864,559.7092461964256,1.8244851848267556,73,83,30,32
46637,324.58611499330254,556.7909762714189,1.9078314028625836,76,86,29,31
46737,325.5780070852371,554.0633540733079,1.9816984997598333,78,88,28,30
46837,324.44946365153857,554.9960286620606,2.0707103388487047,80,90,27,29
46936,324.2346467438662,554.276436979515,2.2064992473216076,84,94,25,27
47037,325.0912344159416,549.9836354159619,2.219285529481444,84,94,25,27
47140,326.79049835774254,548.588518143585,2.172453959059566,83,93,25,27
47237,330.4143029771044,552.4358000095242,2.1602824191519625,83,93,25,27
47337,332.98081359243315,553.876067018615,2.1412248386973562,82,92,26,28
47437,333.5967724230825,550.3934282165459,2.137052571774997,82,92,26,28
47537,333.99701244114556,547.3648690420438,2.13756951093126,82,92,26,28
47637,333.9599796843215,546.5732282055743,2.132579190072394,82,92,26,28
47737,334.3191715028519,547.072700232961,2.122102625330449,81,91,26,28
47837,334.30280513868934,549.0120337231409,2.0191415487572524,79,89,27,29
47937,334.50529647853364,550.0760687051607,1.7033417588109494,70,80,32,34
48037,333.82042829126124,550.9652626429154,1.3519191062775708,61,71,37,39
48145,335.5266984937694,552.120327427331,1.2797875399487184,59,69,38,40
48238,335.52184672357566,552.2311121715094,1.2253522936653019,57,67,39,41
48339,335.5883251725423,552.2345675104309,1.0958015882935943,54,64,41,43
48434,334.6123016501116,551.753029148502,0.9729836833873833,50,60,43,45
48537,334.7596789094181,550.6695302719772,0.9063137499213626,49,59,43,45
48637,333.1997132246597,549.1041581079502,0.7589439083232672,45,55,46,48
48737,330.31484406890434,547.69022050324,0.558603448101549,39,49,48,50
48837,330.97323291462965,548.0677562950746,0.5199141734266823,38,48,49,51
48937,332.08398689999905,548.323226829968,0.428861776136243,36,46,50,52
49037,332.51613378824516,548.310486224635,0.3195964328784791,33,43,52,54
49137,329.8756925228719,548.332929487607,0.052288618598820766,26,36,56,58
49240,329.1912118439342,548.7391560556238,-0.09877149921324725,22,32,58,60
49337,328.7604452562234,549.0092615884747,-0.19988719181346543,19,29,59,61
49437,329.43197568026164,549.3348023313192,-0.3125446807754286,16,26,61,63
49537,328.8083072546709,548.274125980777,-0.45882782118998733,12,22,63,65
49638,327.166608043834,546.9049032881243,-0.6419173261794219,7,17,66,68
49737,326.5299823008704,547.2086832523711,-0.7207853620847788,5,15,67,69
49837,326.1537984280072,546.2908043650965,-0.7753991052251787,3,13,68,70
49937,326.9773684602495,546.374819572994,-0.8274880111331298,2,12,68,70
50037,326.917760465257,546.7137670255948,-0.8974598355161565,113,10,69,71
50137,325.2574197004753,546.0715903969668,-0.9887631999818721,111,8,71,73
50240,324.2184395148731,545.7493925962544,-1.1302725696444047,107,4,73,75
50337,323.1882616574739,545.0378046584299,-1.2773887305795282,103,113,75,77
50436,322.33819942230195,545.0940868961959,-1.4165257006640055,99,109,77,79
50537,321.9960814880662,545.7891309215338,-1.5461404894929613,96,106,79,81
50637,321.2450976870568,546.3451337372059,-1.618011230337269,94,104,80,82
50737,321.8518137947088,547.007460731727,-1.6505216528018414,93,103,80,82
50837,322.74033095337757,548.1115176053335,-1.663571392298496,92,102,80,82
50937,321.5270686747021,549.4346183341526,-1.7320968712216462,91,101,81,83
51037,320.30023188598176,550.4793737657294,-1.8268527101888816,88,98,83,85
51137,319.2220859917811,549.979566824717,-1.9045867660262754,86,96,84,86
51241,317.63026074109683,550.2869185426014,-2.006752042380478,83,93,85,87
51337,317.01138859262124,550.7847904119002,-2.0890518286268622,81,91,87,89
51437,315.8547136395236,551.4488861423561,-2.140573629210186,80,90,87,89
51537,315.0858124286525,552.78984274311,-2.2257460153247646,77,87,89,91
51637,315.47493763727005,554.4318515743336,-2.274752629818148,76,86,89,91
51737,315.1178805856925,555.7507392896235,-2.370889516091331,73,83,91,93
51837,315.33947071260604,557.0722862473473,-2.4604725314926656,71,81,92,94
51937,315.3911480889822,558.2176189758462,-2.67178786877033,65,75,95,97
52037,315.4955181821356,558.3367822328086,-2.8088328744844753,61,71,97,99
52137,314.06414935182755,557.1837561977902,-2.9130803709637534,59,69,98,100
52240,313.8441276309402,555.0104020374438,-3.0401467397444417,55,65,100,102
52337,313.11435524455067,553.7505391884868,3.116537563875038,52,62,102,104
52437,313.35842716078605,552.5645870475345,3.0321814097171895,50,60,103,105
52537,313.9100444369657,552.2631581664277,2.980851478871151,48,58,104,106
52637,314.231396724393,552.7009199615949,2.910741114703254,46,56,105,107
52737,314.8394064159431,552.9906128669805,2.8547125227993964,45,55,106,108
52837,314.9283829572162,553.1431470236035,2.815395149272016,44,54,106,108
52937,314.3700454876372,553.6171353741437,2.75882673622207,42,52,107,109
53037,314.8714704629146,554.0654599593846,2.7702938234543,42,52,107,109
53137,316.15604398568297,554.6677235190655,2.867949125522352,45,55,106,108
53241,317.8783846536003,555.3456252719632,3.019221531434372,49,59,103,105
53338,318.35592581939915,555.3739411749386,3.136717245320601,52,62,102,104
53437,317.12351831742,554.5379151970479,-3.009765026977317,56,66,100,102
53537,317.5652112040422,553.2498437939065,-2.8798480081830573,60,70,98,100
53637,318.6711504073506,552.4833026350508,-2.805770735581498,62,72,97,99
53737,317.619727888294,551.6983793935376,-2.728985367396181,64,74,96,98
53837,317.2846910056401,550.9531623077488,-2.582770777650973,68,78,94,96
53937,318.52248249020505,550.2046914581679,-2.3457963846038297,74,84,90,92
54037,318.8162224025558,549.2726947959724,-2.2635830400436268,76,86,89,91
54137,319.2475430981185,549.2580948861598,-2.1701854205368427,79,89,88,90
54241,318.6587651959287,549.2963168571633,-2.1034353880396193,81,91,87,89
54337,319.5053688803262,549.8570986021655,-2.0199980758202685,83,93,86,88
54438,320.5013199736154,550.0349936131157,-1.951116935549794,85,95,85,87
54537,320.2785743168133,549.1879618547532,-1.8734177093241116,87,97,83,85
54637,319.4139435458228,548.7991259236366,-1.7931921536754274,89,99,82,84
54737,319.44516351979405,548.5042811754018,-1.7451279187655109,90,100,82,84
54837,319.51556572696643,547.6622412370396,-1.706665194079945,91,101,81,83
54938,319.9938372037527,546.7576274231753,-1.6497866262691254,93,103,80,82
55038,320.1433887950247,546.0889311381366,-1.5441945531275365,96,106,79,81
55137,321.3684248203365,545.9702587197559,-1.4489324387629687,98,108,77,79
55241,322.31445908515735,545.297897720166,-1.4045159789776616,99,109,77,79
55338,322.4361346051572,544.7569331579309,-1.3185525353312757,102,112,75,77
55437,321.86490865549536,544.0003319719904,-1.2207497180436682,104,1,74,76
55537,322.7393138138881,543.6959545530807,-1.089896316129384,108,5,72,74
55637,324.4923398572612,544.0647585328146,-0.955080875427747,111,8,70,72
55737,325.83189326580487,543.8286043271053,-0.8011856079304354,3,13,68,70
55838,327.17462249772893,543.6954294937227,-0.7160810338299805,5,15,67,69
55938,327.7585439960093,543.4879412053073,-0.6228188295950006,7,17,65,67
56037,329.40102112967253,543.7377602516641,-0.5317165523405543,10,20,64,66
56138,331.10082940087847,543.6949163440179,-0.4073871363874134,13,23,62,64
56241,332.51686641450846,543.1865336028568,-0.2646473620441652,17,27,60,62
56338,334.12456524812205,542.9677917532424,-0.13979635169413052,20,30,59,61
56437,335.3470089333622,542.6368623848036,0.007550549863666853,24,34,56,58
56538,336.92560468687594,541.6995494073942,0.15645236675894547,28,38,54,56
56638,338.6957166286279,541.6987693210286,0.3087082849223408,33,43,52,54
56737,339.3726252853755,542.0244686616925,0.4457152972189134,36,46,50,52
56838,339.9042690996176,541.6114486661171,0.5779288892623121,40,50,48,50
56937,340.9937263214595,542.0341050819942,0.6927138615681618,43,53,47,49
57038,342.00755934403486,541.7799482703862,0.791338672229942,46,56,45,47
57137,342.2918205585537,541.9354282257102,0.8472982179682156,47,57,44,46
57241,342.7751022563923,542.5829683561924,0.8994686909893506,49,59,44,46
57337,343.17430088275887,542.5591323173417,0.9574404376394625,50,60,43,45
57438,343.8098208049383,542.8538813134312,1.0344033134848412,52,62,42,44
57538,344.2308931995325,543.133084548293,1.1064449147817708,54,64,41,43
57638,345.3701832392826,542.7494273862198,1.1560688253434792,55,65,40,42
57737,346.0219690971153,542.150549936015,1.2254564811404853,57,67,39,41
57838,345.84619104235173,541.218259248998,1.316350685491799,60,70,38,40
57937,346.1339924654137,541.506924823715,1.3573035685267025,61,71,37,39
58038,346.49638916236336,541.4742271112228,1.3741332502731929,61,71,37,39
58138,346.93331781821985,541.0538872323511,1.4057016762494758,62,72,36,38
58241,347.79089860701504,540.7394583471096,1.461161842579894,64,74,35,37
58338,347.0944728657365,540.9221135372807,1.5030144025219674,65,75,35,37
58437,346.9919655110053,541.5700447377965,1.5641157079052246,66,76,34,36
58538,348.5523996023504,542.5506387243753,1.6117842162562657,68,78,33,35
58637,349.9594409259155,542.8658806673359,1.7167434372301835,71,81,32,34
58738,350.23103460641784,542.4957819428947,1.7553420256443375,72,82,31,33
58838,350.21024797387173,542.15018527761,1.8047376300378963,73,83,31,33
58938,349.96819170379126,541.7807169605337,1.8301833705960304,74,84,30,32
59038,351.2979729026621,541.6832639912494,1.8795428492035018,75,85,29,31
59138,352.42949882997067,541.2962916284131,1.952788674514312,77,87,28,30
59241,352.58035974426656,540.7861431044886,2.0590074572466395,80,90,27,29
59338,352.5133678195292,541.3719245984744,2.147314757519262,82,92,26,28
59438,352.8403293946044,541.6834795034454,2.2005125691183887,84,94,25,27
59538,354.15644020802307,541.8678657275216,2.246157559226987,85,95,24,26
59638,355.2319253422364,541.1633261570611,2.2685999303838185,85,95,24,26
59737,355.1746153624676,540.7833659687682,2.312062020538638,87,97,23,25
59837,354.6286168107372,541.011645103167,2.359919629600993,88,98,23,25
59937,354.6104762560991,541.4410803429694,2.3673785827175635,88,98,22,24
60038,353.87099979892736,540.3894537368079,2.3626783082345852,88,98,23,25
60138,354.22589681165937,539.8761260619326,2.3393869989038425,87,97,23,25
60241,355.36643728754336,539.6247539834168,2.2942907042189327,86,96,23,25
60338,355.40873977654024,539.5025447708148,2.20939871726622,84,94,25,27
60438,355.16199905930137,539.9199279059978,2.1430608333133447,82,92,26,28
60538,355.27826892479504,539.976446251737,2.113115885944687,81,91,26,28
60638,355.5602606081555,539.9253854537112,2.0363390939432984,79,89,27,29
60737,356.3685345171968,540.9542308137646,1.9957590493835615,78,88,28,30
60838,355.85144085891454,541.5154950105905,1.937457700411447,77,87,29,31
60938,355.526358954943,542.3254746323746,1.8870060459295497,75,85,29,31
61038,355.6829511024848,542.6788609377995,1.822999621410139,73,83,30,32
61138,355.1451464882512,543.3145080773858,1.76960685561771,72,82,31,33
61238,354.7535775463002,544.6723110445125,1.7069327821326274,70,80,32,34
61337,356.11218530334634,545.4505414073716,1.6825168947062423,70,80,32,34
61437,,,,70,80,32,34
61538,,,,70,80,32,34
61639,,,,70,80,32,34
61740,,,,70,80,32,34
61839,,,,70,80,32,34
61941,,,,70,80,32,34
62041,,,,70,80,32,34
62143,,,,70,80,32,34
62243,,,,70,80,32,34
62348,,,,70,80,32,34
62445,,,,70,80,32,34
62546,,,,70,80,32,34
62647,,,,70,80,32,34
62748,,,,70,80,32,34
62849,,,,70,80,32,34
62951,,,,70,80,32,34
63050,,,,70,80,32,34
63152,,,,70,80,32,34
63259,,,,70,80,32,34
63356,,,,70,80,32,34
63458,,,,70,80,32,34
63558,,,,70,80,32,34
63659,,,,70,80,32,34
63762,,,,70,80,32,34
63863,,,,70,80,32,34
63963,,,,70,80,32,34
64065,,,,70,80,32,34
64163,,,,70,80,32,34
64270,,,,70,80,32,34
64366,,,,70,80,32,34
64467,,,,70,80,32,34
64566,,,,70,80,32,34
64667,,,,70,80,32,34
64770,,,,70,80,32,34
64869,,,,70,80,32,34
64972,,,,70,80,32,34
65073,,,,70,80,32,34
65170,,,,70,80,32,34
65271,,,,70,80,32,34
65375,,,,70,80,32,34
65473,,,,70,80,32,34
65573,,,,70,80,32,34
65672,,,,70,80,32,34
65773,,,,70,80,32,34
65876,,,,70,80,32,34
65976,,,,70,80,32,34
66072,,,,70,80,32,34
66175,,,,70,80,32,34
66275,,,,70,80,32,34
66377,,,,70,80,32,34
66475,,,,70,80,32,34
66575,,,,70,80,32,34
66672,,,,70,80,32,34
66777,,,,70,80,32,34
66875,,,,70,80,32,34
66973,,,,70,80,32,34
67078,,,,70,80,32,34
67177,,,,70,80,32,34
67286,,,,70,80,32,34
67375,,,,70,80,32,34
67476,,,,70,80,32,34
67581,,,,70,80,32,34
67681,,,,70,80,32,34
67779,,,,70,80,32,34
67874,,,,70,80,32,34
67973,,,,70,80,32,34
68098,,,,70,80,32,34
68173,,,,70,80,32,34
68274,,,,70,80,32,34
68375,,,,70,80,32,34
68477,,,,70,80,32,34
68575,,,,70,80,32,34
68674,,,,70,80,32,34
68784,,,,70,80,32,34
68895,,,,70,80,32,34
68974,,,,70,80,32,34
69073,,,,70,80,32,34
69174,,,,70,80,32,34
69274,,,,70,80,32,34
69374,,,,70,80,32,34
69452,,,,70,80,32,34
69552,,,,70,80,32,34
69659,,,,70,80,32,34
69758,,,,70,80,32,34
69882,,,,70,80,32,34
69953,,,,70,80,32,34
70061,,,,70,80,32,34
70157,,,,70,80,32,34
70254,,,,70,80,32,34
70360,,,,70,80,32,34
70459,,,,70,80,32,34
70556,,,,70,80,32,34
70659,,,,70,80,32,34
70774,,,,70,80,32,34
70856,,,,70,80,32,34
70954,,,,70,80,32,34
71051,,,,70,80,32,34
71156,,,,70,80,32,34
71259,,,,70,80,32,34
71356,,,,70,80,32,34
71454,,,,70,80,32,34
71558,,,,70,80,32,34
71660,,,,70,80,32,34
71768,,,,70,80,32,34
71856,,,,70,80,32,34
71960,,,,70,80,32,34
72053,,,,70,80,32,34
72163,,,,70,80,32,34
72253,,,,70,80,32,34
72358,,,,70,80,32,34
72456,,,,70,80,32,34
72558,,,,70,80,32,34
72668,,,,70,80,32,34
72755,,,,70,80,32,34
72855,,,,70,80,32,34
72957,,,,70,80,32,34
73056,,,,70,80,32,34
73154,,,,70,80,32,34
73261,,,,70,80,32,34
73355,,,,70,80,32,34
73458,,,,70,80,32,34
73561,,,,70,80,32,34
73669,,,,70,80,32,34
73752,,,,70,80,32,34
73855,,,,70,80,32,34
73957,,,,70,80,32,34
74056,,,,70,80,32,34
74158,,,,70,80,32,34
74253,,,,70,80,32,34
74360,,,,70,80,32,34
74455,,,,70,80,32,34
74560,,,,70,80,32,34
74661,,,,70,80,32,34
74753,,,,70,80,32,34
74857,,,,70,80,32,34
74956,,,,70,80,32,34
75057,,,,70,80,32,34
75155,,,,70,80,32,34
75258,,,,70,80,32,34
75357,,,,70,80,32,34
75456,,,,70,80,32,34
75564,,,,70,80,32,34
75657,,,,70,80,32,34
75755,,,,70,80,32,34
75857,,,,70,80,32,34
75961,,,,70,80,32,34
76060,,,,70,80,32,34
76157,,,,70,80,32,34
76260,,,,70,80,32,34
76353,,,,70,80,32,34
76472,,,,70,80,32,34
76560,,,,70,80,32,34
76657,,,,70,80,32,34
76760,,,,70,80,32,34
76855,,,,70,80,32,34
76962,,,,70,80,32,34
77056,,,,70,80,32,34
77157,,,,70,80,32,34
77257,,,,70,80,32,34
77356,,,,70,80,32,34
77473,,,,70,80,32,34
77561,,,,70,80,32,34
77655,,,,70,80,32,34
77762,,,,70,80,32,34
77861,,,,70,80,32,34
77954,,,,70,80,32,34
78056,,,,70,80,32,34
78159,,,,70,80,32,34
78259,,,,70,80,32,34
78373,,,,70,80,32,34
78459,,,,70,80,32,34
78562,,,,70,80,32,34
78656,,,,70,80,32,34
78758,,,,70,80,32,34
78861,,,,70,80,32,34
78953,,,,70,80,32,34
79053,,,,70,80,32,34
79183,,,,70,80,32,34
79258,,,,70,80,32,34
79357,,,,70,80,32,34
79456,,,,70,80,32,34
79554,,,,70,80,32,34
79661,,,,70,80,32,34
79772,,,,70,80,32,34
79874,,,,70,80,32,34
79977,,,,70,80,32,34
80096,,,,70,80,32,34
80176,,,,70,80,32,34
80274,,,,70,80,32,34
80374,,,,70,80,32,34
80473,,,,70,80,32,34
80574,,,,70,80,32,34
80674,,,,70,80,32,34
80773,,,,70,80,32,34
80874,,,,70,80,32,34
80977,,,,70,80,32,34
81100,,,,70,80,32,34
81154,,,,70,80,32,34
81274,,,,70,80,32,34
81374,,,,70,80,32,34
81476,,,,70,80,32,34
81574,,,,70,80,32,34
81673,,,,70,80,32,34
81774,,,,70,80,32,34
81874,,,,70,80,32,34
81974,,,,70,80,32,34
82088,,,,70,80,32,34
82171,,,,70,80,32,34
82274,,,,70,80,32,34
82375,,,,70,80,32,34
82476,,,,70,80,32,34
82574,,,,70,80,32,34
82675,,,,70,80,32,34
82774,,,,70,80,32,34
82876,,,,70,80,32,34
82989,,,,70,80,32,34
83073,,,,70,80,32,34
83174,,,,70,80,32,34
83274,,,,70,80,32,34
83375,,,,70,80,32,34
83475,,,,70,80,32,34
83574,,,,70,80,32,34
83675,,,,70,80,32,34
83776,,,,70,80,32,34
83877,,,,70,80,32,34
83980,,,,70,80,32,34
84074,,,,70,80,32,34
84176,,,,70,80,32,34
84276,,,,70,80,32,34
84375,,,,70,80,32,34
84475,,,,70,80,32,34
84573,,,,70,80,32,34
84675,,,,70,80,32,34
84773,,,,70,80,32,34
84902,,,,70,80,32,34
84953,,,,70,80,32,34
85074,,,,70,80,32,34
85176,,,,70,80,32,34
85273,,,,70,80,32,34
85373,,,,70,80,32,34
85471,,,,70,80,32,34
85577,,,,70,80,32,34
85673,,,,70,80,32,34
85775,,,,70,80,32,34
85894,,,,70,80,32,34
85976,,,,70,80,32,34
86074,,,,70,80,32,34
86174,,,,70,80,32,34
86274,,,,70,80,32,34
86374,,,,70,80,32,34
86475,,,,70,80,32,34
86575,,,,70,80,32,34
86674,,,,70,80,32,34
86799,,,,70,80,32,34
86856,,,,70,80,32,34
86965,,,,70,80,32,34
87065,,,,70,80,32,34
87167,,,,70,80,32,34
87275,,,,70,80,32,34
87373,,,,70,80,32,34
87476,,,,70,80,32,34
87575,,,,70,80,32,34
87675,,,,70,80,32,34
87779,,,,70,80,32,34
87872,,,,70,80,32,34
87975,,,,70,80,32,34
88076,,,,70,80,32,34
88173,,,,70,80,32,34
88274,,,,70,80,32,34
88374,,,,70,80,32,34
88474,,,,70,80,32,34
88574,,,,70,80,32,34
88672,,,,70,80,32,34
88790,,,,70,80,32,34
88873,,,,70,80,32,34
88973,,,,70,80,32,34
89073,,,,70,80,32,34
89174,,,,70,80,32,34
89273,,,,70,80,32,34
89375,,,,70,80,32,34
89475,,,,70,80,32,34
89575,,,,70,80,32,34
89675,,,,70,80,32,34
89790,,,,70,80,32,34
89875,,,,70,80,32,34
89976,,,,70,80,32,34
90076,,,,70,80,32,34
90174,,,,70,80,32,34
90275,,,,70,80,32,34
90374,,,,70,80,32,34
90473,,,,70,80,32,34
90574,,,,70,80,32,34
90697,,,,70,80,32,34
90754,,,,70,80,32,34
90853,,,,70,80,32,34
90953,,,,70,80,32,34
91064,,,,70,80,32,34
91174,,,,70,80,32,34
91274,,,,70,80,32,34
91377,,,,70,80,32,34
91474,,,,70,80,32,34
91576,,,,70,80,32,34
91690,,,,70,80,32,34
91775,,,,70,80,32,34
91875,,,,70,80,32,34
91972,,,,70,80,32,34
92072,,,,70,80,32,34
92172,,,,70,80,32,34
92276,,,,70,80,32,34
92373,,,,70,80,32,34
92476,,,,70,80,32,34
92584,,,,70,80,32,34
92675,,,,70,80,32,34
92775,,,,70,80,32,34
92874,,,,70,80,32,34
92975,,,,70,80,32,34
93076,,,,70,80,32,34
93175,,,,70,80,32,34
93273,,,,70,80,32,34
93376,,,,70,80,32,34
93476,,,,70,80,32,34
93638,,,,70,80,32,34
93659,,,,70,80,32,34
93754,,,,70,80,32,34
93855,,,,70,80,32,34
93953,,,,70,80,32,34
94076,,,,70,80,32,34
94176,,,,70,80,32,34
94274,,,,70,80,32,34
94375,,,,70,80,32,34
94488,,,,70,80,32,34
94572,,,,70,80,32,34
94674,,,,70,80,32,34
94777,,,,70,80,32,34
94874,,,,70,80,32,34
94975,,,,70,80,32,34
95075,,,,70,80,32,34
95174,,,,70,80,32,34
95274,,,,70,80,32,34
95377,,,,70,80,32,34
95495,,,,70,80,32,34
95574,,,,70,80,32,34
95674,,,,70,80,32,34
95776,,,,70,80,32,34
95875,,,,70,80,32,34
95973,,,,70,80,32,34
96076,,,,70,80,32,34
96172,,,,70,80,32,34
96274,,,,70,80,32,34
96375,,,,70,80,32,34
96484,,,,70,80,32,34
96573,,,,70,80,32,34
96676,,,,70,80,32,34
96775,,,,70,80,32,34
96874,,,,70,80,32,34
96974,,,,70,80,32,34
97074,,,,70,80,32,34
97176,,,,70,80,32,34
97275,,,,70,80,32,34
97394,,,,70,80,32,34
97474,,,,70,80,32,34
97575,,,,70,80,32,34
97673,,,,70,80,32,34
97775,,,,70,80,32,34
97876,,,,70,80,32,34
97973,,,,70,80,32,34
98076,,,,70,80,32,34
98174,,,,70,80,32,34
98275,,,,70,80,32,34
98391,,,,70,80,32,34
98472,,,,70,80,32,34
98573,,,,70,80,32,34
98674,,,,70,80,32,34
98775,,,,70,80,32,34
98875,,,,70,80,32,34
98975,,,,70,80,32,34
99074,,,,70,80,32,34
99174,,,,70,80,32,34
99274,,,,70,80,32,34
99383,,,,70,80,32,34
99475,,,,70,80,32,34
99573,,,,70,80,32,34
99673,,,,70,80,32,34
99776,,,,70,80,32,34
99873,,,,70,80,32,34
99974,,,,70,80,32,34
100073,,,,70,80,32,34
100173,,,,70,80,32,34
100290,,,,70,80,32,34
100375,,,,70,80,32,34
100473,,,,70,80,32,34
100572,,,,70,80,32,34
100674,,,,70,80,32,34
100774,,,,70,80,32,34
100875,,,,70,80,32,34
100975,,,,70,80,32,34
101074,,,,70,80,32,34
101177,,,,70,80,32,34
101278,,,,70,80,32,34
101374,,,,70,80,32,34
101477,,,,70,80,32,34
101574,,,,70,80,32,34
101674,,,,70,80,32,34
101772,,,,70,80,32,34
101877,,,,70,80,32,34
101975,,,,70,80,32,34
102075,,,,70,80,32,34
102200,,,,70,80,32,34
102255,,,,70,80,32,34
102372,,,,70,80,32,34
102475,,,,70,80,32,34
102571,,,,70,80,32,34
102675,,,,70,80,32,34
102774,,,,70,80,32,34
102875,,,,70,80,32,34
102976,,,,70,80,32,34
103075,,,,70,80,32,34
103192,,,,70,80,32,34
103272,,,,70,80,32,34
103376,,,,70,80,32,34
103474,,,,70,80,32,34
103576,,,,70,80,32,34
103673,,,,70,80,32,34
103775,,,,70,80,32,34
103873,,,,70,80,32,34
103974,,,,70,80,32,34
104097,,,,70,80,32,34
104175,,,,70,80,32,34
104272,,,,70,80,32,34
104377,,,,70,80,32,34
104476,,,,70,80,32,34
104576,,,,70,80,32,34
104675,,,,70,80,32,34
104774,,,,70,80,32,34
104875,,,,70,80,32,34
104976,,,,70,80,32,34
105077,,,,70,80,32,34
105174,,,,70,80,32,34
105276,,,,70,80,32,34
105373,,,,70,80,32,34
105476,,,,70,80,32,34
105577,,,,70,80,32,34
105676,,,,70,80,32,34
105776,,,,70,80,32,34
105873,,,,70,80,32,34
105984,,,,70,80,32,34
106075,,,,70,80,32,34
106175,,,,70,80,32,34
106278,,,,70,80,32,34
106374,,,,70,80,32,34
106473,,,,70,80,32,34
106575,,,,70,80,32,34
106673,,,,70,80,32,34
106776,,,,70,80,32,34
106855,,,,70,80,32,34
106979,,,,70,80,32,34
107074,,,,70,80,32,34
107173,,,,70,80,32,34
107273,,,,70,80,32,34
107374,,,,70,80,32,34
107475,,,,70,80,32,34
107576,,,,70,80,32,34
107675,,,,70,80,32,34
107776,,,,70,80,32,34
107885,,,,70,80,32,34
107976,,,,70,80,32,34
108073,,,,70,80,32,34
108176,,,,70,80,32,34
108275,,,,70,80,32,34
108376,,,,70,80,32,34
108474,,,,70,80,32,34
108574,,,,70,80,32,34
108675,,,,70,80,32,34
108775,,,,70,80,32,34
108881,,,,70,80,32,34
108975,,,,70,80,32,34
109073,,,,70,80,32,34
109174,,,,70,80,32,34
109273,,,,70,80,32,34
109375,,,,70,80,32,34
109476,,,,70,80,32,34
109574,,,,70,80,32,34
109676,,,,70,80,32,34
109775,,,,70,80,32,34
109877,,,,70,80,32,34
109975,,,,70,80,32,34
110074,,,,70,80,32,34
110176,,,,70,80,32,34
110270,,,,70,80,32,34
110373,,,,70,80,32,34
110475,,,,70,80,32,34
110575,,,,70,80,32,34
110673,,,,70,80,32,34
110774,,,,70,80,32,34
110877,,,,70,80,32,34
110974,,,,70,80,32,34
111077,,,,70,80,32,34
111172,,,,70,80,32,34
111273,,,,70,80,32,34
111375,,,,70,80,32,34
111475,,,,70,80,32,34
111572,,,,70,80,32,34
111674,,,,70,80,32,34
111779,,,,70,80,32,34
111882,,,,70,80,32,34
111974,,,,70,80,32,34
112073,,,,70,80,32,34
112174,,,,70,80,32,34
112273,,,,70,80,32,34
112372,,,,70,80,32,34
112476,,,,70,80,32,34
112572,,,,70,80,32,34
112674,,,,70,80,32,34
112772,,,,70,80,32,34
112879,,,,70,80,32,34
112975,,,,70,80,32,34
113073,,,,70,80,32,34
113176,,,,70,80,32,34
113275,,,,70,80,32,34
113374,,,,70,80,32,34
113473,,,,70,80,32,34
113575,,,,70,80,32,34
113676,,,,70,80,32,34
113776,,,,70,80,32,34
113879,,,,70,80,32,34
113973,,,,70,80,32,34
114074,,,,70,80,32,34
114173,,,,70,80,32,34
114273,,,,70,80,32,34
114374,,,,70,80,32,34
114471,,,,70,80,32,34
114574,,,,70,80,32,34
114673,,,,70,80,32,34
114777,,,,70,80,32,34
114879,,,,70,80,32,34
114973,,,,70,80,32,34
115075,,,,70,80,32,34
115173,,,,70,80,32,34
115277,,,,70,80,32,34
115374,,,,70,80,32,34
115475,,,,70,80,32,34
115574,,,,70,80,32,34
115674,,,,70,80,32,34
115771,,,,70,80,32,34
115879,,,,70,80,32,34
115974,,,,70,80,32,34
116071,,,,70,80,32,34
116172,,,,70,80,32,34
116271,,,,70,80,32,34
116372,,,,70,80,32,34
116472,,,,70,80,32,34
116573,,,,70,80,32,34
116674,,,,70,80,32,34
116773,,,,70,80,32,34
116877,,,,70,80,32,34
116972,,,,70,80,32,34
117072,,,,70,80,32,34
117173,,,,70,80,32,34
117275,,,,70,80,32,34
117373,,,,70,80,32,34
117472,,,,70,80,32,34
117574,,,,70,80,32,34
117673,,,,70,80,32,34
117776,,,,70,80,32,34
117882,,,,70,80,32,34
117974,,,,70,80,32,34
118075,,,,70,80,32,34
118173,,,,70,80,32,34
118275,,,,70,80,32,34
118374,,,,70,80,32,34
118473,,,,70,80,32,34
118573,,,,70,80,32,34
118675,,,,70,80,32,34
118774,,,,70,80,32,34
118876,,,,70,80,32,34
118973,,,,70,80,32,34
119076,,,,70,80,32,34
119174,,,,70,80,32,34
119273,,,,70,80,32,34
119373,,,,70,80,32,34
119475,,,,70,80,32,34
119582,,,,70,80,32,34
119679,,,,70,80,32,34
119782,,,,70,80,32,34
119872,,,,70,80,32,34
119970,,,,70,80,32,34
120071,,,,70,80,32,34
120174,,,,70,80,32,34
120273,,,,70,80,32,34
120374,,,,70,80,32,34
120474,,,,70,80,32,34
120574,,,,70,80,32,34
120677,,,,70,80,32,34
120777,,,,70,80,32,34
120873,,,,70,80,32,34
120976,,,,70,80,32,34
121074,,,,70,80,32,34
121176,,,,70,80,32,34
121275,,,,70,80,32,34
121375,,,,70,80,32,34
121477,,,,70,80,32,34
121579,,,,70,80,32,34
121686,,,,70,80,32,34
121776,,,,70,80,32,34
121875,,,,70,80,32,34
121976,,,,70,80,32,34
122077,,,,70,80,32,34
122179,,,,70,80,32,34
122276,,,,70,80,32,34
122378,,,,70,80,32,34
122475,,,,70,80,32,34
122577,,,,70,80,32,34
122683,,,,70,80,32,34
122776,,,,70,80,32,34
122876,,,,70,80,32,34
122974,,,,70,80,32,34
123076,,,,70,80,32,34
123176,,,,70,80,32,34
123275,,,,70,80,32,34
123375,,,,70,80,32,34
123475,,,,70,80,32,34
123574,,,,70,80,32,34
123678,,,,70,80,32,34
123776,,,,70,80,32,34
123874,,,,70,80,32,34
123974,,,,70,80,32,34
124074,,,,70,80,32,34
124176,,,,70,80,32,34
124274,,,,70,80,32,34
124374,,,,70,80,32,34
124474,,,,70,80,32,34
124588,,,,70,80,32,34
124676,,,,70,80,32,34
124772,,,,70,80,32,34
124874,,,,70,80,32,34
124974,,,,70,80,32,34
125077,,,,70,80,32,34
125175,,,,70,80,32,34
125277,,,,70,80,32,34
125376,,,,70,80,32,34
125480,,,,70,80,32,34
125579,,,,70,80,32,34
125673,,,,70,80,32,34
125773,,,,70,80,32,34
125873,,,,70,80,32,34
125972,,,,70,80,32,34
126074,,,,70,80,32,34
126175,,,,70,80,32,34
126274,,,,70,80,32,34
126375,,,,70,80,32,34
126485,,,,70,80,32,34
126573,,,,70,80,32,34
126673,,,,70,80,32,34
126775,,,,70,80,32,34
126873,,,,70,80,32,34
126975,,,,70,80,32,34
127073,,,,70,80,32,34
127172,,,,70,80,32,34
127275,,,,70,80,32,34
127376,,,,70,80,32,34
127475,,,,70,80,32,34
127569,,,,70,80,32,34
127672,,,,70,80,32,34
127768,,,,70,80,32,34
127874,,,,70,80,32,34
127974,,,,70,80,32,34
128072,,,,70,80,32,34
128173,,,,70,80,32,34
128273,,,,70,80,32,34
128386,,,,70,80,32,34
128475,,,,70,80,32,34
128573,,,,70,80,32,34
128673,,,,70,80,32,34
128775,,,,70,80,32,34
128874,,,,70,80,32,34
128973,,,,70,80,32,34
129075,,,,70,80,32,34
129175,,,,70,80,32,34
129276,,,,70,80,32,34
129376,,,,70,80,32,34
129474,,,,70,80,32,34
129574,,,,70,80,32,34
129675,,,,70,80,32,34
129773,,,,70,80,32,34
129874,,,,70,80,32,34
129973,,,,70,80,32,34
130073,,,,70,80,32,34
130176,,,,70,80,32,34
130285,,,,70,80,32,34
130374,,,,70,80,32,34
130473,,,,70,80,32,34
130576,,,,70,80,32,34
130673,,,,70,80,32,34
130775,,,,70,80,32,34
130873,,,,70,80,32,34
130972,,,,70,80,32,34
131075,,,,70,80,32,34
131175,,,,70,80,32,34
131279,,,,70,80,32,34
131374,,,,70,80,32,34
131474,,,,70,80,32,34
131575,,,,70,80,32,34
131673,,,,70,80,32,34
131772,,,,70,80,32,34
131874,,,,70,80,32,34
131973,,,,70,80,32,34
132073,,,,70,80,32,34
132173,,,,70,80,32,34
132284,,,,70,80,32,34
132376,,,,70,80,32,34
132475,,,,70,80,32,34
132572,,,,70,80,32,34
132674,,,,70,80,32,34
132774,,,,70,80,32,34
132874,,,,70,80,32,34
132976,,,,70,80,32,34
133074,,,,70,80,32,34
133173,,,,70,80,32,34
133279,,,,70,80,32,34
133374,,,,70,80,32,34
133476,,,,70,80,32,34
133575,,,,70,80,32,34
133677,,,,70,80,32,34
133776,,,,70,80,32,34
133872,,,,70,80,32,34
133973,,,,70,80,32,34
134075,,,,70,80,32,34
134190,,,,70,80,32,34
134276,,,,70,80,32,34
134375,,,,70,80,32,34
134477,,,,70,80,32,34
134574,,,,70,80,32,34
134674,,,,70,80,32,34
134773,,,,70,80,32,34
134873,,,,70,80,32,34
134975,,,,70,80,32,34
135077,,,,70,80,32,34
135186,,,,70,80,32,34
135275,,,,70,80,32,34
135373,,,,70,80,32,34
135475,,,,70,80,32,34
135575,,,,70,80,32,34
135675,,,,70,80,32,34
135776,,,,70,80,32,34
135873,,,,70,80,32,34
135979,,,,70,80,32,34
136073,,,,70,80,32,34
136178,,,,70,80,32,34
136273,,,,70,80,32,34
136374,,,,70,80,32,34
136474,,,,70,80,32,34
136574,,,,70,80,32,34
136675,,,,70,80,32,34
136774,,,,70,80,32,34
136875,,,,70,80,32,34
136973,,,,70,80,32,34
137084,,,,70,80,32,34
137173,,,,70,80,32,34
137274,,,,70,80,32,34
137374,,,,70,80,32,34
137475,,,,70,80,32,34
137576,,,,70,80,32,34
137674,,,,70,80,32,34
137776,,,,70,80,32,34
137875,,,,70,80,32,34
137979,,,,70,80,32,34
138076,,,,70,80,32,34
138173,,,,70,80,32,34
138275,,,,70,80,32,34
138375,,,,70,80,32,34
138474,,,,70,80,32,34
138577,,,,70,80,32,34
138675,,,,70,80,32,34
138776,,,,70,80,32,34
138874,,,,70,80,32,34
138983,,,,70,80,32,34
139074,,,,70,80,32,34
139177,,,,70,80,32,34
139277,,,,70,80,32,34
139372,,,,70,80,32,34
139477,,,,70,80,32,34
139573,,,,70,80,32,34
139675,,,,70,80,32,34
139774,,,,70,80,32,34
139876,,,,70,80,32,34
139978,,,,70,80,32,34
140072,,,,70,80,32,34
140178,,,,70,80,32,34
140276,,,,70,80,32,34
140375,,,,70,80,32,34
140476,,,,70,80,32,34
140578,,,,70,80,32,34
140675,,,,70,80,32,34
140775,,,,70,80,32,34
140884,,,,70,80,32,34
140976,,,,70,80,32,34
141074,,,,70,80,32,34
141178,,,,70,80,32,34
141275,,,,70,80,32,34
141377,,,,70,80,32,34
141476,,,,70,80,32,34
141579,,,,70,80,32,34
141679,,,,70,80,32,34
141779,,,,70,80,32,34
141883,,,,70,80,32,34
141975,,,,70,80,32,34
142075,,,,70,80,32,34
142177,,,,70,80,32,34
142276,,,,70,80,32,34
142381,,,,70,80,32,34
142479,,,,70,80,32,34
142584,,,,70,80,32,34
142677,,,,70,80,32,34
142799,,,,70,80,32,34
142857,,,,70,80,32,34
142983,,,,70,80,32,34
143078,,,,70,80,32,34
143181,,,,70,80,32,34
143255,,,,70,80,32,34
143354,,,,70,80,32,34
143462,,,,70,80,32,34
143557,,,,70,80,32,34
143662,,,,70,80,32,34
143768,,,,70,80,32,34
143876,,,,70,80,32,34
143975,,,,70,80,32,34
144077,,,,70,80,32,34
144173,,,,70,80,32,34
144275,,,,70,80,32,34
144373,,,,70,80,32,34
144479,,,,70,80,32,34
144577,,,,70,80,32,34
144676,,,,70,80,32,34
144778,,,,70,80,32,34
144874,,,,70,80,32,34
144974,,,,70,80,32,34
145077,,,,70,80,32,34
145175,,,,70,80,32,34
145273,,,,70,80,32,34
145376,,,,70,80,32,34
145476,,,,70,80,32,34
145577,,,,70,80,32,34
145686,,,,70,80,32,34
145775,,,,70,80,32,34
145876,,,,70,80,32,34
145974,,,,70,80,32,34
146074,,,,70,80,32,34
146174,,,,70,80,32,34
146274,,,,70,80,32,34
146375,,,,70,80,32,34
146475,,,,70,80,32,34
146577,,,,70,80,32,34
146678,,,,70,80,32,34
146773,,,,70,80,32,34
146876,,,,70,80,32,34
146975,,,,70,80,32,34
147074,,,,70,80,32,34
147172,,,,70,80,32,34
147273,,,,70,80,32,34
147373,,,,70,80,32,34
147476,,,,70,80,32,34
147583,,,,70,80,32,34
147677,,,,70,80,32,34
147776,,,,70,80,32,34
147875,,,,70,80,32,34
147975,,,,70,80,32,34
148076,,,,70,80,32,34
148175,,,,70,80,32,34
148276,,,,70,80,32,34
148375,,,,70,80,32,34
148475,,,,70,80,32,34
148582,,,,70,80,32,34
148677,,,,70,80,32,34
148775,,,,70,80,32,34
148874,,,,70,80,32,34
148975,,,,70,80,32,34
149073,,,,70,80,32,34
149176,,,,70,80,32,34
149275,,,,70,80,32,34
149375,,,,70,80,32,34
149486,,,,70,80,32,34
149575,,,,70,80,32,34
149676,,,,70,80,32,34
149779,,,,70,80,32,34
149873,,,,70,80,32,34
149976,,,,70,80,32,34
150075,,,,70,80,32,34
150174,,,,70,80,32,34
150277,,,,70,80,32,34
150376,,,,70,80,32,34
150479,,,,70,80,32,34
150575,,,,70,80,32,34
150677,,,,70,80,32,34
150776,,,,70,80,32,34
150875,,,,70,80,32,34
150973,,,,70,80,32,34
151075,,,,70,80,32,34
151174,,,,70,80,32,34
151273,,,,70,80,32,34
151389,,,,70,80,32,34
151475,,,,70,80,32,34
151576,,,,70,80,32,34
151678,,,,70,80,32,34
151753,,,,70,80,32,34
151854,,,,70,80,32,34
151963,,,,70,80,32,34
152072,,,,70,80,32,34
152175,,,,70,80,32,34
152278,,,,70,80,32,34
152380,,,,70,80,32,34
152476,,,,70,80,32,34
152577,,,,70,80,32,34
152677,,,,70,80,32,34
152774,,,,70,80,32,34
152874,,,,70,80,32,34
152973,,,,70,80,32,34
153074,,,,70,80,32,34
153177,,,,70,80,32,34
153272,,,,70,80,32,34
153480,,,,70,80,32,34
153502,,,,70,80,32,34
153555,,,,70,80,32,34
153652,,,,70,80,32,34
153754,,,,70,80,32,34
153850,,,,70,80,32,34
153963,,,,70,80,32,34
154089,,,,70,80,32,34
154174,,,,70,80,32,34
154270,,,,70,80,32,34
154373,,,,70,80,32,34
154472,,,,70,80,32,34
154576,,,,70,80,32,34
154670,,,,70,80,32,34
154775,,,,70,80,32,34
154870,,,,70,80,32,34
154977,,,,70,80,32,34
155098,,,,70,80,32,34
155155,,,,70,80,32,34
155261,,,,70,80,32,34
155365,,,,70,80,32,34
155469,,,,70,80,32,34
155576,,,,70,80,32,34
155672,,,,70,80,32,34
155777,,,,70,80,32,34
155869,,,,70,80,32,34
155976,,,,70,80,32,34
156080,,,,70,80,32,34
156174,,,,70,80,32,34
156273,,,,70,80,32,34
156375,,,,70,80,32,34
156470,,,,70,80,32,34
156573,,,,70,80,32,34
156671,,,,70,80,32,34
156775,,,,70,80,32,34
156870,,,,70,80,32,34
156986,,,,70,80,32,34
157071,,,,70,80,32,34
157175,,,,70,80,32,34
157272,,,,70,80,32,34
157378,,,,70,80,32,34
157470,,,,70,80,32,34
157577,,,,70,80,32,34
157672,,,,70,80,32,34
157777,,,,70,80,32,34
157874,,,,70,80,32,34
157980,,,,70,80,32,34
158073,,,,70,80,32,34
158177,,,,70,80,32,34
158269,,,,70,80,32,34
158378,,,,70,80,32,34
158471,,,,70,80,32,34
158576,,,,70,80,32,34
158671,,,,70,80,32,34
158775,,,,70,80,32,34
158886,,,,70,80,32,34
158976,,,,70,80,32,34
159068,,,,70,80,32,34
159174,,,,70,80,32,34
159270,,,,70,80,32,34
159376,,,,70,80,32,34
159474,,,,70,80,32,34
159576,,,,70,80,32,34
159673,,,,70,80,32,34
159778,,,,70,80,32,34
159875,,,,70,80,32,34
159976,,,,70,80,32,34
160071,,,,70,80,32,34
160173,,,,70,80,32,34
160270,,,,70,80,32,34
160374,,,,70,80,32,34
160472,,,,70,80,32,34
160576,,,,70,80,32,34
160672,,,,70,80,32,34
160800,,,,70,80,32,34
160854,,,,70,80,32,34
160976,,,,70,80,32,34
161073,,,,70,80,32,34
161176,,,,70,80,32,34
161271,,,,70,80,32,34
161377,,,,70,80,32,34
161473,,,,70,80,32,34
161577,,,,70,80,32,34
161674,,,,70,80,32,34
161793,,,,70,80,32,34
161873,,,,70,80,32,34
161977,,,,70,80,32,34
162072,,,,70,80,32,34
162175,,,,70,80,32,34
162269,,,,70,80,32,34
162374,,,,70,80,32,34
162471,,,,70,80,32,34
162574,,,,70,80,32,34
162701,,,,70,80,32,34
162755,,,,70,80,32,34
162871,,,,70,80,32,34
162976,,,,70,80,32,34
163072,,,,70,80,32,34
163176,,,,70,80,32,34
163274,,,,70,80,32,34
163376,,,,70,80,32,34
163472,,,,70,80,32,34
163578,,,,70,80,32,34
163683,,,,70,80,32,34
163776,,,,70,80,32,34
163872,,,,70,80,32,34
163976,,,,70,80,32,34
164071,,,,70,80,32,34
164177,,,,70,80,32,34
164271,,,,70,80,32,34
164377,,,,70,80,32,34
164470,,,,70,80,32,34
164575,,,,70,80,32,34
164674,,,,70,80,32,34
164775,,,,70,80,32,34
164871,,,,70,80,32,34
164978,,,,70,80,32,34
165070,,,,70,80,32,34
165178,,,,70,80,32,34
165270,,,,70,80,32,34
165375,,,,70,80,32,34
165471,,,,70,80,32,34
165598,,,,70,80,32,34
165651,,,,70,80,32,34
165754,,,,70,80,32,34
165873,,,,70,80,32,34
165975,,,,70,80,32,34
166073,,,,70,80,32,34
166177,,,,70,80,32,34
166270,,,,70,80,32,34
166372,,,,70,80,32,34
166474,,,,70,80,32,34
166589,,,,70,80,32,34
166671,,,,70,80,32,34
166776,,,,70,80,32,34
166874,,,,70,80,32,34
166975,,,,70,80,32,34
167071,,,,70,80,32,34
167176,,,,70,80,32,34
167272,,,,70,80,32,34
167373,,,,70,80,32,34
167493,,,,70,80,32,34
167570,,,,70,80,32,34
167672,,,,70,80,32,34
167777,,,,70,80,32,34
167872,,,,70,80,32,34
167974,,,,70,80,32,34
168074,,,,70,80,32,34
168174,,,,70,80,32,34
168272,,,,70,80,32,34
168373,,,,70,80,32,34
168476,,,,70,80,32,34
168574,,,,70,80,32,34
168674,,,,70,80,32,34
168774,,,,70,80,32,34
168873,,,,70,80,32,34
168974,,,,70,80,32,34
169073,,,,70,80,32,34
169173,,,,70,80,32,34
169272,,,,70,80,32,34
169384,,,,70,80,32,34
169471,,,,70,80,32,34
169573,,,,70,80,32,34
169673,,,,70,80,32,34
169773,,,,70,80,32,34
169874,,,,70,80,32,34
169974,,,,70,80,32,34
170073,,,,70,80,32,34
170173,,,,70,80,32,34
170275,,,,70,80,32,34
170376,,,,70,80,32,34
170470,,,,70,80,32,34
170571,,,,70,80,32,34
170673,,,,70,80,32,34
170773,,,,70,80,32,34
170876,,,,70,80,32,34
170975,,,,70,80,32,34
171072,,,,70,80,32,34
171173,,,,70,80,32,34
171286,,,,70,80,32,34
171374,,,,70,80,32,34
171473,,,,70,80,32,34
171573,,,,70,80,32,34
171674,,,,70,80,32,34
171772,,,,70,80,32,34
171875,,,,70,80,32,34
171970,,,,70,80,32,34
172074,,,,70,80,32,34
172176,,,,70,80,32,34
172282,,,,70,80,32,34
172374,,,,70,80,32,34
172475,,,,70,80,32,34
172571,,,,70,80,32,34
172672,,,,70,80,32,34
172773,,,,70,80,32,34
172874,,,,70,80,32,34
172974,,,,70,80,32,34
173072,,,,70,80,32,34
173172,,,,70,80,32,34
173276,,,,70,80,32,34
173374,,,,70,80,32,34
173472,,,,70,80,32,34
173572,,,,70,80,32,34
173673,,,,70,80,32,34
173775,,,,70,80,32,34
173874,,,,70,80,32,34
173972,,,,70,80,32,34
174073,,,,70,80,32,34
174184,,,,70,80,32,34
174275,,,,70,80,32,34
174371,,,,70,80,32,34
174470,,,,70,80,32,34
174572,,,,70,80,32,34
174671,,,,70,80,32,34
174774,,,,70,80,32,34
174870,,,,70,80,32,34
174971,,,,70,80,32,34
175072,,,,70,80,32,34
175174,,,,70,80,32,34
175274,,,,70,80,32,34
175373,,,,70,80,32,34
175470,,,,70,80,32,34
175573,,,,70,80,32,34
175671,,,,70,80,32,34
175773,,,,70,80,32,34
175871,,,,70,80,32,34
175971,,,,70,80,32,34
176081,,,,70,80,32,34
176172,,,,70,80,32,34
176271,,,,70,80,32,34
176371,,,,70,80,32,34
176473,,,,70,80,32,34
176573,,,,70,80,32,34
176674,,,,70,80,32,34
176772,,,,70,80,32,34
176872,,,,70,80,32,34
176975,,,,70,80,32,34
177076,,,,70,80,32,34
177173,,,,70,80,32,34
177274,,,,70,80,32,34
177374,,,,70,80,32,34
177473,,,,70,80,32,34
177575,,,,70,80,32,34
177673,,,,70,80,32,34
177773,,,,70,80,32,34
177874,,,,70,80,32,34
177983,,,,70,80,32,34
178075,,,,70,80,32,34
178173,,,,70,80,32,34
178272,,,,70,80,32,34
178373,,,,70,80,32,34
178475,,,,70,80,32,34
178572,,,,70,80,32,34
178672,,,,70,80,32,34
178771,,,,70,80,32,34
178876,,,,70,80,32,34
178977,,,,70,80,32,34
179073,,,,70,80,32,34
179173,,,,70,80,32,34
179272,,,,70,80,32,34
179373,,,,70,80,32,34
179473,,,,70,80,32,34
179571,,,,70,80,32,34
179673,,,,70,80,32,34
179763,,,,70,80,32,34
179858,,,,70,80,32,34
179965,,,,70,80,32,34
180073,,,,70,80,32,34
180173,,,,70,80,32,34
180273,,,,70,80,32,34
180375,,,,70,80,32,34
180472,,,,70,80,32,34
180571,,,,70,80,32,34
180672,,,,70,80,32,34
180775,,,,70,80,32,34
180879,,,,70,80,32,34
180974,,,,70,80,32,34
181074,,,,70,80,32,34
181173,,,,70,80,32,34
181274,,,,70,80,32,34
181375,,,,70,80,32,34
181473,,,,70,80,32,34
181574,,,,70,80,32,34
181675,,,,70,80,32,34
181789,,,,70,80,32,34
181873,,,,70,80,32,34
181974,,,,70,80,32,34
182073,,,,70,80,32,34
182173,,,,70,80,32,34
182275,,,,70,80,32,34
182372,,,,70,80,32,34
182474,,,,70,80,32,34
182573,,,,70,80,32,34
182677,,,,70,80,32,34
182777,,,,70,80,32,34
182873,,,,70,80,32,34
182972,,,,70,80,32,34
183071,,,,70,80,32,34
183173,,,,70,80,32,34
183273,,,,70,80,32,34
183372,,,,70,80,32,34
183470,,,,70,80,32,34
183574,,,,70,80,32,34
183684,,,,70,80,32,34
183774,,,,70,80,32,34
183875,,,,70,80,32,34
183975,,,,70,80,32,34
184074,,,,70,80,32,34
184175,,,,70,80,32,34
184272,,,,70,80,32,34
184372,,,,70,80,32,34
184472,,,,70,80,32,34
184575,,,,70,80,32,34
184677,,,,70,80,32,34
184773,,,,70,80,32,34
184874,,,,70,80,32,34
184974,,,,70,80,32,34
185074,,,,70,80,32,34
185173,,,,70,80,32,34
185274,,,,70,80,32,34
185372,,,,70,80,32,34
185475,,,,70,80,32,34
185582,,,,70,80,32,34
185674,,,,70,80,32,34
185774,,,,70,80,32,34
185874,,,,70,80,32,34
185974,,,,70,80,32,34
186072,,,,70,80,32,34
186173,,,,70,80,32,34
186273,,,,70,80,32,34
186374,,,,70,80,32,34
186473,,,,70,80,32,34
186575,,,,70,80,32,34
186661,,,,70,80,32,34
186773,,,,70,80,32,34
186871,,,,70,80,32,34
186972,,,,70,80,32,34
187070,,,,70,80,32,34
187169,,,,70,80,32,34
187272,,,,70,80,32,34
187372,,,,70,80,32,34
187482,,,,70,80,32,34
187572,450.3534061683146,540.708558887851,0.08208608222155923,26,36,55,57
187637,433.30523966587094,536.4970173477607,0.1642274865087167,29,39,54,56
187737,428.1662194724754,524.0243052516801,0.19016944346182138,29,39,54,56
187837,435.4993529239861,507.4545139985595,0.15196611839608865,28,38,54,56
187937,443.39109258679633,500.82956737715415,0.2477164948933743,31,41,53,55
188037,453.8684320736244,487.78316054597036,0.5084833785691061,38,48,49,51
188137,460.94323827688726,475.10503472508174,0.7707470480490558,45,55,45,47
188237,466.32803384591864,462.2846866655841,0.9661430696112236,50,60,43,45
188337,467.9844028935748,450.4863582082869,1.1496720528803732,55,65,40,42
188441,472.50317975218235,437.6265667522073,1.3438089226232446,61,71,37,39
188537,473.55899957803246,430.4860532966985,1.4738574971315284,64,74,35,37
188637,469.35714370771205,436.56741323777396,1.7369254616339769,71,81,32,34
188737,467.8467506669939,437.3359837396604,1.8532919279145932,74,84,30,32
188837,475.08333615936317,424.23293970026054,1.9807803983778485,78,88,28,30
188937,,,,78,88,28,30
189038,497.845022445853,397.9527722638266,1.4315894615832594,63,73,36,38
189137,497.86944040953256,397.12168073179055,1.0963278571534802,54,64,41,43
189237,487.97124164188523,398.46803667521533,0.664200437209894,42,52,47,49
189337,474.4523210977773,407.6960565434292,0.45635604702745514,37,47,50,52
189437,463.0539015284617,418.48833767809936,0.2786174837307669,32,42,52,54
189540,460.0096457742392,438.2462589887884,0.10295292201524742,27,37,55,57
189637,467.8118435289033,457.4329078107104,-0.30741281492668554,16,26,61,63
189738,467.6794898267724,465.3973618525376,-0.5040438759100466,11,21,64,66
189837,464.5453275182542,468.2932608971339,-0.7693131213632876,3,13,68,70
189937,465.8961660034586,468.7794294348255,-0.9858284557219248,111,8,71,73
190037,467.04717819445267,468.5579228156807,-1.147456726932966,106,3,73,75
190137,465.94691751257716,463.30509650557474,-1.2670402442856394,103,113,75,77
190237,463.2929468466988,463.38870804104073,-1.4760769572538335,97,107,78,80
190337,457.1483238022051,470.7634890623292,-1.610400658320566,94,104,80,82
190437,453.41324097934057,472.25257996434044,-1.7237672310250653,91,101,81,83
190541,451.0990421376542,470.4324344706165,-1.6426614258616374,93,103,80,82
190637,448.356467228379,473.37828783981263,-1.797486722942687,89,99,82,84
190737,446.83149910377597,476.75383452621804,-1.8631569007809372,87,97,83,85
190837,451.0356356582836,473.4692734467972,-1.5207796460850747,96,106,78,80
190937,451.4302345356939,471.7899646386419,-1.1702454195784306,106,3,73,75
191037,452.93447706670906,463.8546818245759,-1.0176548766474711,110,7,71,73
191137,456.67023465164516,457.13811600826426,-0.6242176568638673,7,17,65,67
191237,459.032308513249,451.9271706086208,-0.2870350130570976,17,27,61,63
191338,461.57369934879,450.6977252779628,-0.04043436245915786,23,33,57,59
191437,465.4498368753653,449.87598786028303,0.2083894786332694,30,40,54,56
191541,471.91181074577656,447.6255199064892,0.5256203599504513,38,48,49,51
191637,476.88328895741427,446.59107852384597,0.966941469375602,50,60,43,45
191737,479.3056035539432,444.032003083105,1.2943614115456605,59,69,38,40
191837,477.5662214166996,442.07073542082503,1.5163969201881442,65,75,35,37
191937,480.5681391191767,443.83503364871945,1.7289808086080896,71,81,32,34
192037,476.769756859155,442.40025012710186,2.019932685072809,79,89,27,29
192137,472.9263165559499,445.48447833578246,2.319434215529311,87,97,23,25
192237,474.00894084443195,451.01371388357774,2.73361824237646,98,108,17,19
192337,474.3447933840231,449.106499651182,2.9494023811236345,104,1,14,16
192437,475.67853803624894,445.64153670633254,3.0924842409201814,108,5,12,14
192541,474.2095678143471,445.9946553205707,-2.914429144037089,2,12,8,10
192637,467.689385756056,443.8776070735238,-2.3769243418239885,17,27,113,2
192737,467.9967455429541,439.4614089164313,-1.9385987999285603,28,38,107,109
192838,473.73997517450306,436.14710711545786,-1.9174128240825958,29,39,107,109
192937,474.84760152797,437.3549524169787,-1.7619069057813848,33,43,104,106
193038,471.997613045402,437.17009594410627,-1.3406464376478102,45,55,98,100
193137,474.15810118152166,438.3339179071577,-1.0737150197217336,52,62,95,97
193237,476.4200980700479,438.7979930004697,-0.8179716790368814,59,69,91,93
193337,479.82036327864296,440.72511089505815,-0.7552977461906114,60,70,90,92
193438,479.75181011015917,439.0059332981744,-0.8071863076178832,59,69,91,93
193538,477.7137797712019,437.15000339543457,-1.0443909285688013,53,63,94,96
193641,475.2571941733652,437.221682763733,-1.3983320911131094,43,53,99,101
193737,473.55818656586405,436.07182439912606,-1.659695704407072,36,46,103,105
193837,472.51094585269345,437.1630083211554,-1.9055273605860015,29,39,107,109
193938,469.6409371528643,436.7968569619984,-2.3107729048725587,18,28,112,1
194037,467.2057292807654,438.4269410677121,-2.7067153305514746,8,18,5,7
194138,463.7774704367583,442.66022515800927,-2.9709253534542777,1,11,9,11
194237,463.2119573101287,443.8647112783339,3.1022401001711746,108,5,12,14
194337,460.4485593835334,441.6302101583923,2.8935633038317636,102,112,15,17
194438,459.20373513115425,439.8720659517402,2.672957893080972,96,106,18,20
194537,458.4209838236627,439.6459621344677,2.3698831685511013,88,98,22,24
194641,461.68146677505365,442.644245643648,1.959978965955288,77,87,28,30
194737,467.14296241384824,442.5959632027069,1.6757728916020926,69,79,32,34
194837,470.5772916408298,445.9088869924077,1.582926689428763,67,77,34,36
194938,471.8343533356695,442.33831548778284,1.4360428759407673,63,73,36,38
195037,470.22168811734343,438.8726393726906,1.3281098904535333,60,70,37,39
195138,469.46991539906617,437.22936061516134,1.232214526523537,57,67,39,41
195238,469.4612191400733,436.6553948781061,1.1407637175743601,55,65,40,42
195338,469.0540367886809,436.9626359392198,1.0950651307990569,54,64,41,43
195438,466.63269181852047,436.7496273308872,1.0353422175136107,52,62,42,44
195537,463.1061260847998,438.8373359258828,1.00219634570708,51,61,42,44
195641,463.42753629580807,437.5335301195825,0.9788011803982907,51,61,42,44
195737,469.99926280084213,429.892680576579,0.9691270877451075,50,60,43,45
195837,475.9653633285542,426.492919894749,0.9891730959265271,51,61,42,44
195937,474.92583050315926,435.02406334392265,1.0955794353264146,54,64,41,43
196037,,,,54,64,41,43
196138,,,,54,64,41,43
196238,,,,54,64,41,43
196339,,,,54,64,41,43
196439,,,,54,64,41,43
196539,,,,54,64,41,43
196644,,,,54,64,41,43
196742,,,,54,64,41,43
196842,,,,54,64,41,43
196943,,,,54,64,41,43
197045,,,,54,64,41,43
197146,,,,54,64,41,43
197247,,,,54,64,41,43
197349,,,,54,64,41,43
197450,,,,54,64,41,43
197550,,,,54,64,41,43
197657,,,,54,64,41,43
197752,,,,54,64,41,43
197853,,,,54,64,41,43
197955,,,,54,64,41,43
198055,,,,54,64,41,43
198158,,,,54,64,41,43
198256,,,,54,64,41,43
198359,,,,54,64,41,43
198459,,,,54,64,41,43
198560,,,,54,64,41,43
198667,,,,54,64,41,43
198765,,,,54,64,41,43
198864,,,,54,64,41,43
198967,,,,54,64,41,43
199080,,,,54,64,41,43
199159,,,,54,64,41,43
199267,,,,54,64,41,43
199368,,,,54,64,41,43
199468,,,,54,64,41,43
199568,,,,54,64,41,43
199672,,,,54,64,41,43
199770,,,,54,64,41,43
199868,,,,54,64,41,43
199969,,,,54,64,41,43
200071,,,,54,64,41,43
200173,,,,54,64,41,43
200268,,,,54,64,41,43
200370,,,,54,64,41,43
200469,,,,54,64,41,43
200577,,,,54,64,41,43
200686,,,,54,64,41,43
200777,,,,54,64,41,43
200872,,,,54,64,41,43
200975,,,,54,64,41,43
201075,,,,54,64,41,43
201175,,,,54,64,41,43
201277,,,,54,64,41,43
201374,,,,54,64,41,43
201475,,,,54,64,41,43
201573,,,,54,64,41,43
201678,,,,54,64,41,43
201775,,,,54,64,41,43
201876,,,,54,64,41,43
201975,,,,54,64,41,43
202076,,,,54,64,41,43
202174,,,,54,64,41,43
202274,,,,54,64,41,43
202378,,,,54,64,41,43
202476,,,,54,64,41,43
202585,,,,54,64,41,43
202675,,,,54,64,41,43
202775,,,,54,64,41,43
202876,,,,54,64,41,43
202976,,,,54,64,41,43
203076,,,,54,64,41,43
203176,,,,54,64,41,43
203275,,,,54,64,41,43
203375,,,,54,64,41,43
203478,,,,54,64,41,43
203578,,,,54,64,41,43
203676,,,,54,64,41,43
203775,,,,54,64,41,43
203878,,,,54,64,41,43
203976,,,,54,64,41,43
204075,,,,54,64,41,43
204173,,,,54,64,41,43
204278,,,,54,64,41,43
204377,,,,54,64,41,43
204493,,,,54,64,41,43
204576,,,,54,64,41,43
204676,,,,54,64,41,43
204776,,,,54,64,41,43
204874,,,,54,64,41,43
204977,,,,54,64,41,43
205080,,,,54,64,41,43
205176,,,,54,64,41,43
205283,,,,54,64,41,43
205378,,,,54,64,41,43
205488,,,,54,64,41,43
205575,,,,54,64,41,43
205675,,,,54,64,41,43
205777,,,,54,64,41,43
205874,,,,54,64,41,43
205976,,,,54,64,41,43
206075,,,,54,64,41,43
206174,,,,54,64,41,43
206275,,,,54,64,41,43
206373,,,,54,64,41,43
206481,,,,54,64,41,43
206575,,,,54,64,41,43
206675,,,,54,64,41,43
206776,,,,54,64,41,43
206873,,,,54,64,41,43
206974,,,,54,64,41,43
207075,,,,54,64,41,43
207173,,,,54,64,41,43
207276,,,,54,64,41,43
207386,,,,54,64,41,43
207474,,,,54,64,41,43
207576,,,,54,64,41,43
207676,,,,54,64,41,43
207774,,,,54,64,41,43
207875,,,,54,64,41,43
207974,,,,54,64,41,43
208074,,,,54,64,41,43
208176,,,,54,64,41,43
208277,,,,54,64,41,43
208378,,,,54,64,41,43
208475,,,,54,64,41,43
208575,,,,54,64,41,43
208676,,,,54,64,41,43
208773,,,,54,64,41,43
208876,,,,54,64,41,43
208976,,,,54,64,41,43
209078,,,,54,64,41,43
209178,,,,54,64,41,43
209284,,,,54,64,41,43
209376,,,,54,64,41,43
209478,,,,54,64,41,43
209576,,,,54,64,41,43
209675,,,,54,64,41,43
209774,,,,54,64,41,43
209876,,,,54,64,41,43
209973,,,,54,64,41,43
210077,,,,54,64,41,43
210179,,,,54,64,41,43
210275,,,,54,64,41,43
210374,,,,54,64,41,43
210472,,,,54,64,41,43
210574,,,,54,64,41,43
210676,,,,54,64,41,43
210773,,,,54,64,41,43
210874,,,,54,64,41,43
210976,,,,54,64,41,43
211074,,,,54,64,41,43
211183,,,,54,64,41,43
211275,,,,54,64,41,43
211373,,,,54,64,41,43
211453,,,,54,64,41,43
211571,,,,54,64,41,43
211672,,,,54,64,41,43
211774,,,,54,64,41,43
211873,,,,54,64,41,43
211974,,,,54,64,41,43
212076,,,,54,64,41,43
212177,,,,54,64,41,43
212273,,,,54,64,41,43
212373,,,,54,64,41,43
212474,,,,54,64,41,43
212573,,,,54,64,41,43
212674,,,,54,64,41,43
212779,,,,54,64,41,43
212876,,,,54,64,41,43
212976,,,,54,64,41,43
213083,,,,54,64,41,43
213175,,,,54,64,41,43
213276,,,,54,64,41,43
213377,,,,54,64,41,43
213475,,,,54,64,41,43
213574,,,,54,64,41,43
213676,,,,54,64,41,43
213773,,,,54,64,41,43
213876,,,,54,64,41,43
213980,,,,54,64,41,43
214080,,,,54,64,41,43
214176,,,,54,64,41,43
214272,,,,54,64,41,43
214374,,,,54,64,41,43
214474,,,,54,64,41,43
214572,,,,54,64,41,43
214676,,,,54,64,41,43
214774,,,,54,64,41,43
214875,,,,54,64,41,43
214984,,,,54,64,41,43
215075,,,,54,64,41,43
215176,,,,54,64,41,43
215274,,,,54,64,41,43
215377,,,,54,64,41,43
215476,,,,54,64,41,43
215574,,,,54,64,41,43
215677,,,,54,64,41,43
215774,,,,54,64,41,43
215878,,,,54,64,41,43
215978,,,,54,64,41,43
216080,,,,54,64,41,43
216178,,,,54,64,41,43
216277,,,,54,64,41,43
216374,,,,54,64,41,43
216473,,,,54,64,41,43
216575,,,,54,64,41,43
216675,,,,54,64,41,43
216775,,,,54,64,41,43
216886,,,,54,64,41,43
216974,,,,54,64,41,43
217078,,,,54,64,41,43
217176,,,,54,64,41,43
217275,,,,54,64,41,43
217376,,,,54,64,41,43
217475,,,,54,64,41,43
217574,,,,54,64,41,43
217675,,,,54,64,41,43
217778,,,,54,64,41,43
217879,,,,54,64,41,43
217972,,,,54,64,41,43
218073,,,,54,64,41,43
218178,,,,54,64,41,43
218276,,,,54,64,41,43
218375,,,,54,64,41,43
218474,,,,54,64,41,43
218577,,,,54,64,41,43
218675,,,,54,64,41,43
218784,,,,54,64,41,43
218876,,,,54,64,41,43
218975,,,,54,64,41,43
219077,,,,54,64,41,43
219174,,,,54,64,41,43
219274,,,,54,64,41,43
219375,,,,54,64,41,43
219475,,,,54,64,41,43
219573,,,,54,64,41,43
219677,,,,54,64,41,43
219780,,,,54,64,41,43
219876,,,,54,64,41,43
219976,,,,54,64,41,43
220076,,,,54,64,41,43
220175,,,,54,64,41,43
220275,,,,54,64,41,43
220374,,,,54,64,41,43
220476,,,,54,64,41,43
220575,,,,54,64,41,43
220675,,,,54,64,41,43
220784,,,,54,64,41,43
220874,,,,54,64,41,43
220975,,,,54,64,41,43
221074,,,,54,64,41,43
221176,,,,54,64,41,43
221274,,,,54,64,41,43
221374,,,,54,64,41,43
221476,,,,54,64,41,43
221574,,,,54,64,41,43
221675,,,,54,64,41,43
221781,,,,54,64,41,43
221874,,,,54,64,41,43
221975,,,,54,64,41,43
222074,,,,54,64,41,43
222174,,,,54,64,41,43
222273,,,,54,64,41,43
222373,,,,54,64,41,43
222473,,,,54,64,41,43
222575,,,,54,64,41,43
222679,,,,54,64,41,43
222775,,,,54,64,41,43
222874,,,,54,64,41,43
222974,,,,54,64,41,43
223074,,,,54,64,41,43
223174,,,,54,64,41,43
223274,,,,54,64,41,43
223376,,,,54,64,41,43
223474,,,,54,64,41,43
223576,,,,54,64,41,43
223677,,,,54,64,41,43
223755,,,,54,64,41,43
223874,,,,54,64,41,43
223974,,,,54,64,41,43
224073,,,,54,64,41,43
224174,,,,54,64,41,43
224274,,,,54,64,41,43
224373,,,,54,64,41,43
224473,,,,54,64,41,43
224572,,,,54,64,41,43
224687,,,,54,64,41,43
224773,,,,54,64,41,43
224872,,,,54,64,41,43
224973,,,,54,64,41,43
225072,,,,54,64,41,43
225172,,,,54,64,41,43
225274,,,,54,64,41,43
225374,,,,54,64,41,43
225476,,,,54,64,41,43
225574,,,,54,64,41,43
225678,,,,54,64,41,43
225773,,,,54,64,41,43
225874,,,,54,64,41,43
225975,,,,54,64,41,43
226075,,,,54,64,41,43
226174,,,,54,64,41,43
226275,,,,54,64,41,43
226375,,,,54,64,41,43
226475,,,,54,64,41,43
226584,,,,54,64,41,43
226674,,,,54,64,41,43
226775,,,,54,64,41,43
226876,,,,54,64,41,43
226975,,,,54,64,41,43
227075,,,,54,64,41,43
227171,,,,54,64,41,43
227275,,,,54,64,41,43
227374,,,,54,64,41,43
227478,,,,54,64,41,43
227577,,,,54,64,41,43
227672,,,,54,64,41,43
227773,,,,54,64,41,43
227874,,,,54,64,41,43
227974,,,,54,64,41,43
228076,,,,54,64,41,43
228175,,,,54,64,41,43
228272,,,,54,64,41,43
228373,,,,54,64,41,43
228483,,,,54,64,41,43
228574,,,,54,64,41,43
228677,,,,54,64,41,43
228776,,,,54,64,41,43
228875,,,,54,64,41,43
228976,,,,54,64,41,43
229072,,,,54,64,41,43
229176,,,,54,64,41,43
229275,,,,54,64,41,43
229377,,,,54,64,41,43
229479,,,,54,64,41,43
229573,,,,54,64,41,43
229674,,,,54,64,41,43
229775,,,,54,64,41,43
229877,,,,54,64,41,43
229973,,,,54,64,41,43
230074,,,,54,64,41,43
230176,,,,54,64,41,43
230277,,,,54,64,41,43
230381,,,,54,64,41,43
230470,,,,54,64,41,43
230573,,,,54,64,41,43
230675,,,,54,64,41,43
230775,,,,54,64,41,43
230874,,,,54,64,41,43
230975,,,,54,64,41,43
231075,,,,54,64,41,43
231174,,,,54,64,41,43
231275,,,,54,64,41,43
231378,,,,54,64,41,43
231474,,,,54,64,41,43
231574,,,,54,64,41,43
231675,,,,54,64,41,43
231777,,,,54,64,41,43
231874,,,,54,64,41,43
231974,,,,54,64,41,43
232075,,,,54,64,41,43
232172,,,,54,64,41,43
232287,,,,54,64,41,43
232374,,,,54,64,41,43
232474,,,,54,64,41,43
232575,,,,54,64,41,43
232674,,,,54,64,41,43
232776,,,,54,64,41,43
232876,,,,54,64,41,43
232973,,,,54,64,41,43
233073,,,,54,64,41,43
233176,,,,54,64,41,43
233287,,,,54,64,41,43
233374,,,,54,64,41,43
233475,,,,54,64,41,43
233575,,,,54,64,41,43
233674,,,,54,64,41,43
233776,,,,54,64,41,43
233876,,,,54,64,41,43
233976,,,,54,64,41,43
234075,,,,54,64,41,43
234174,,,,54,64,41,43
234278,,,,54,64,41,43
234374,,,,54,64,41,43
234474,,,,54,64,41,43
234573,,,,54,64,41,43
234675,,,,54,64,41,43
234774,,,,54,64,41,43
234875,,,,54,64,41,43
234975,,,,54,64,41,43
235077,,,,54,64,41,43
235185,,,,54,64,41,43
235275,,,,54,64,41,43
235375,,,,54,64,41,43
235476,,,,54,64,41,43
235573,,,,54,64,41,43
235676,,,,54,64,41,43
235775,,,,54,64,41,43
235876,,,,54,64,41,43
235974,,,,54,64,41,43
236077,,,,54,64,41,43
236176,,,,54,64,41,43
236276,,,,54,64,41,43
236375,,,,54,64,41,43
236475,,,,54,64,41,43
236573,,,,54,64,41,43
236673,,,,54,64,41,43
236772,,,,54,64,41,43
236876,,,,54,64,41,43
236974,,,,54,64,41,43
237089,,,,54,64,41,43
237175,,,,54,64,41,43
237273,,,,54,64,41,43
237375,,,,54,64,41,43
237477,,,,54,64,41,43
237576,,,,54,64,41,43
237675,,,,54,64,41,43
237773,,,,54,64,41,43
237872,,,,54,64,41,43
237973,,,,54,64,41,43
238079,,,,54,64,41,43
238175,,,,54,64,41,43
238276,,,,54,64,41,43
238375,,,,54,64,41,43
238477,,,,54,64,41,43
238576,,,,54,64,41,43
238676,,,,54,64,41,43
238777,,,,54,64,41,43
238877,,,,54,64,41,43
238974,,,,54,64,41,43
239086,,,,54,64,41,43
239176,,,,54,64,41,43
239274,,,,54,64,41,43
239376,,,,54,64,41,43
239475,,,,54,64,41,43
239577,,,,54,64,41,43
239673,,,,54,64,41,43
239776,,,,54,64,41,43
239875,,,,54,64,41,43
239974,,,,54,64,41,43
240080,,,,54,64,41,43
240177,,,,54,64,41,43
240274,,,,54,64,41,43
240375,,,,54,64,41,43
240475,,,,54,64,41,43
240573,,,,54,64,41,43
240673,,,,54,64,41,43
240776,,,,54,64,41,43
240874,,,,54,64,41,43
240983,,,,54,64,41,43
241076,,,,54,64,41,43
241178,,,,54,64,41,43
241278,,,,54,64,41,43
241376,,,,54,64,41,43
241475,,,,54,64,41,43
241575,,,,54,64,41,43
241676,,,,54,64,41,43
241775,,,,54,64,41,43
241880,,,,54,64,41,43
241978,,,,54,64,41,43
242074,,,,54,64,41,43
242175,,,,54,64,41,43
242276,,,,54,64,41,43
242375,,,,54,64,41,43
242475,,,,54,64,41,43
242576,,,,54,64,41,43
242675,,,,54,64,41,43
242775,,,,54,64,41,43
242873,,,,54,64,41,43
242985,,,,54,64,41,43
243075,,,,54,64,41,43
243175,,,,54,64,41,43
243276,,,,54,64,41,43
243374,,,,54,64,41,43
243477,,,,54,64,41,43
243576,,,,54,64,41,43
243676,,,,54,64,41,43
243774,,,,54,64,41,43
243873,,,,54,64,41,43
243980,,,,54,64,41,43
244077,,,,54,64,41,43
244176,,,,54,64,41,43
244275,,,,54,64,41,43
244376,,,,54,64,41,43
244476,,,,54,64,41,43
244575,,,,54,64,41,43
244676,,,,54,64,41,43
244776,,,,54,64,41,43
244885,,,,54,64,41,43
244976,,,,54,64,41,43
245074,,,,54,64,41,43
245176,,,,54,64,41,43
245277,,,,54,64,41,43
245376,,,,54,64,41,43
245476,,,,54,64,41,43
245574,,,,54,64,41,43
245674,,,,54,64,41,43
245778,,,,54,64,41,43
245881,,,,54,64,41,43
245977,,,,54,64,41,43
246076,,,,54,64,41,43
246175,,,,54,64,41,43
246277,,,,54,64,41,43
246374,,,,54,64,41,43
246474,,,,54,64,41,43
246575,,,,54,64,41,43
246675,,,,54,64,41,43
246786,,,,54,64,41,43
246875,,,,54,64,41,43
246975,,,,54,64,41,43
247074,,,,54,64,41,43
247176,,,,54,64,41,43
247275,,,,54,64,41,43
247378,,,,54,64,41,43
247475,,,,54,64,41,43
247577,,,,54,64,41,43
247677,,,,54,64,41,43
247779,,,,54,64,41,43
247876,,,,54,64,41,43
247976,,,,54,64,41,43
248077,,,,54,64,41,43
248175,,,,54,64,41,43
248274,,,,54,64,41,43
248375,,,,54,64,41,43
248476,,,,54,64,41,43
248575,,,,54,64,41,43
248685,,,,54,64,41,43
248775,,,,54,64,41,43
248875,,,,54,64,41,43
248978,,,,54,64,41,43
249076,,,,54,64,41,43
249177,,,,54,64,41,43
249274,,,,54,64,41,43
249377,,,,54,64,41,43
249474,,,,54,64,41,43
249579,,,,54,64,41,43
249679,,,,54,64,41,43
249777,,,,54,64,41,43
249874,,,,54,64,41,43
249979,,,,54,64,41,43
250075,,,,54,64,41,43
250174,,,,54,64,41,43
250275,,,,54,64,41,43
250381,,,,54,64,41,43
250455,,,,54,64,41,43
250583,,,,54,64,41,43
250674,,,,54,64,41,43
250776,,,,54,64,41,43
250877,,,,54,64,41,43
250977,,,,54,64,41,43
251075,,,,54,64,41,43
251176,,,,54,64,41,43
251273,,,,54,64,41,43
251377,,,,54,64,41,43
251477,,,,54,64,41,43
251580,,,,54,64,41,43
251676,,,,54,64,41,43
251774,,,,54,64,41,43
251876,,,,54,64,41,43
251974,,,,54,64,41,43
252075,,,,54,64,41,43
252175,,,,54,64,41,43
252274,,,,54,64,41,43
252375,,,,54,64,41,43
252475,,,,54,64,41,43
252583,,,,54,64,41,43
252672,,,,54,64,41,43
252772,,,,54,64,41,43
252874,,,,54,64,41,43
252978,,,,54,64,41,43
253074,,,,54,64,41,43
253173,,,,54,64,41,43
253275,,,,54,64,41,43
253374,,,,54,64,41,43
253475,,,,54,64,41,43
253581,,,,54,64,41,43
253674,,,,54,64,41,43
253774,,,,54,64,41,43
253875,,,,54,64,41,43
253975,,,,54,64,41,43
254076,,,,54,64,41,43
254174,,,,54,64,41,43
254275,,,,54,64,41,43
254372,,,,54,64,41,43
254477,,,,54,64,41,43
254577,,,,54,64,41,43
254676,,,,54,64,41,43
254771,,,,54,64,41,43
254877,,,,54,64,41,43
254976,,,,54,64,41,43
255074,,,,54,64,41,43
255174,,,,54,64,41,43
255276,,,,54,64,41,43
255376,,,,54,64,41,43
255488,,,,54,64,41,43
255574,,,,54,64,41,43
255672,,,,54,64,41,43
255773,,,,54,64,41,43
255874,,,,54,64,41,43
255973,,,,54,64,41,43
256074,,,,54,64,41,43
256174,,,,54,64,41,43
256275,,,,54,64,41,43
256376,,,,54,64,41,43
256479,,,,54,64,41,43
256575,,,,54,64,41,43
256676,,,,54,64,41,43
256775,,,,54,64,41,43
256874,,,,54,64,41,43
256975,,,,54,64,41,43
257074,,,,54,64,41,43
257176,,,,54,64,41,43
257276,,,,54,64,41,43
257376,,,,54,64,41,43
257487,,,,54,64,41,43
257575,,,,54,64,41,43
257675,,,,54,64,41,43
257775,,,,54,64,41,43
257876,,,,54,64,41,43
257976,,,,54,64,41,43
258075,,,,54,64,41,43
258175,,,,54,64,41,43
258277,,,,54,64,41,43
258375,,,,54,64,41,43
258479,,,,54,64,41,43
258575,,,,54,64,41,43
258675,,,,54,64,41,43
258778,,,,54,64,41,43
258875,,,,54,64,41,43
258974,,,,54,64,41,43
259075,,,,54,64,41,43
259177,,,,54,64,41,43
259275,,,,54,64,41,43
259381,,,,54,64,41,43
259476,,,,54,64,41,43
259576,,,,54,64,41,43
259676,,,,54,64,41,43
259777,,,,54,64,41,43
259874,,,,54,64,41,43
259976,,,,54,64,41,43
260075,,,,54,64,41,43
260175,,,,54,64,41,43
260278,,,,54,64,41,43
260378,,,,54,64,41,43
260475,,,,54,64,41,43
260575,,,,54,64,41,43
260676,,,,54,64,41,43
260776,,,,54,64,41,43
260875,,,,54,64,41,43
260975,,,,54,64,41,43
261074,,,,54,64,41,43
261175,,,,54,64,41,43
261275,,,,54,64,41,43
261385,,,,54,64,41,43
261475,,,,54,64,41,43
261576,,,,54,64,41,43
261675,,,,54,64,41,43
261776,,,,54,64,41,43
261874,,,,54,64,41,43
261976,,,,54,64,41,43
262078,,,,54,64,41,43
262177,,,,54,64,41,43
262275,,,,54,64,41,43
262378,,,,54,64,41,43
262476,,,,54,64,41,43
262575,,,,54,64,41,43
262676,,,,54,64,41,43
262775,,,,54,64,41,43
262877,,,,54,64,41,43
262975,,,,54,64,41,43
263076,,,,54,64,41,43
263177,,,,54,64,41,43
263288,,,,54,64,41,43
263379,,,,54,64,41,43
263473,,,,54,64,41,43
263577,,,,54,64,41,43
263674,,,,54,64,41,43
263774,,,,54,64,41,43
263874,,,,54,64,41,43
263974,,,,54,64,41,43
264074,,,,54,64,41,43
264178,,,,54,64,41,43
264281,,,,54,64,41,43
264376,,,,54,64,41,43
264474,,,,54,64,41,43
264576,,,,54,64,41,43
264676,,,,54,64,41,43
264774,,,,54,64,41,43
264876,,,,54,64,41,43
264976,,,,54,64,41,43
265077,,,,54,64,41,43
265185,,,,54,64,41,43
265275,,,,54,64,41,43
265374,,,,54,64,41,43
265474,,,,54,64,41,43
265575,,,,54,64,41,43
265675,,,,54,64,41,43
265775,,,,54,64,41,43
265876,,,,54,64,41,43
265977,,,,54,64,41,43
266079,,,,54,64,41,43
266179,,,,54,64,41,43
266276,,,,54,64,41,43
266376,,,,54,64,41,43
266474,,,,54,64,41,43
266576,,,,54,64,41,43
266674,,,,54,64,41,43
266774,,,,54,64,41,43
266879,,,,54,64,41,43
266977,,,,54,64,41,43
267085,,,,54,64,41,43
267175,,,,54,64,41,43
267275,,,,54,64,41,43
267375,,,,54,64,41,43
267474,,,,54,64,41,43
267575,,,,54,64,41,43
267675,,,,54,64,41,43
267777,,,,54,64,41,43
267877,,,,54,64,41,43
267978,,,,54,64,41,43
268080,,,,54,64,41,43
268175,,,,54,64,41,43
268277,,,,54,64,41,43
268375,,,,54,64,41,43
268476,,,,54,64,41,43
268578,,,,54,64,41,43
268674,,,,54,64,41,43
268775,,,,54,64,41,43
268873,,,,54,64,41,43
268988,,,,54,64,41,43
269076,,,,54,64,41,43
269175,,,,54,64,41,43
269275,,,,54,64,41,43
269376,,,,54,64,41,43
269478,,,,54,64,41,43
269575,,,,54,64,41,43
269693,,,,54,64,41,43
269776,,,,54,64,41,43
269878,,,,54,64,41,43
269975,,,,54,64,41,43
270077,,,,54,64,41,43
270175,,,,54,64,41,43
270289,,,,54,64,41,43
270377,,,,54,64,41,43
270477,,,,54,64,41,43
270576,,,,54,64,41,43
270675,,,,54,64,41,43
270775,,,,54,64,41,43
270876,,,,54,64,41,43
270977,,,,54,64,41,43
271077,,,,54,64,41,43
271178,,,,54,64,41,43
271291,,,,54,64,41,43
271376,,,,54,64,41,43
271477,,,,54,64,41,43
271577,,,,54,64,41,43
271675,,,,54,64,41,43
271776,,,,54,64,41,43
271875,,,,54,64,41,43
271976,,,,54,64,41,43
272075,,,,54,64,41,43
272194,,,,54,64,41,43
272277,,,,54,64,41,43
272376,,,,54,64,41,43
272475,,,,54,64,41,43
272575,,,,54,64,41,43
272675,,,,54,64,41,43
272776,,,,54,64,41,43
272874,,,,54,64,41,43
272977,,,,54,64,41,43
273079,,,,54,64,41,43
273187,,,,54,64,41,43
273278,,,,54,64,41,43
273378,,,,54,64,41,43
273476,,,,54,64,41,43
273573,,,,54,64,41,43
273675,,,,54,64,41,43
273776,,,,54,64,41,43
273875,,,,54,64,41,43
273974,,,,54,64,41,43
274075,,,,54,64,41,43
274179,,,,54,64,41,43
274275,,,,54,64,41,43
274376,,,,54,64,41,43
274474,,,,54,64,41,43
274576,,,,54,64,41,43
274674,,,,54,64,41,43
274773,,,,54,64,41,43
274874,,,,54,64,41,43
274974,,,,54,64,41,43
275086,,,,54,64,41,43
275175,,,,54,64,41,43
275274,,,,54,64,41,43
275376,,,,54,64,41,43
275475,,,,54,64,41,43
275576,,,,54,64,41,43
275678,,,,54,64,41,43
275779,,,,54,64,41,43
275881,,,,54,64,41,43
275980,,,,54,64,41,43
276081,,,,54,64,41,43
276177,,,,54,64,41,43
276275,,,,54,64,41,43
276377,,,,54,64,41,43
276476,,,,54,64,41,43
276578,,,,54,64,41,43
276674,,,,54,64,41,43
276776,,,,54,64,41,43
276874,,,,54,64,41,43
276982,,,,54,64,41,43
277073,,,,54,64,41,43
277174,,,,54,64,41,43
277274,,,,54,64,41,43
277373,,,,54,64,41,43
277474,,,,54,64,41,43
277573,,,,54,64,41,43
277673,,,,54,64,41,43
277774,,,,54,64,41,43
277879,,,,54,64,41,43
277982,,,,54,64,41,43
278076,,,,54,64,41,43
278178,,,,54,64,41,43
278278,,,,54,64,41,43
278376,,,,54,64,41,43
278475,,,,54,64,41,43
278574,,,,54,64,41,43
278676,,,,54,64,41,43
278776,,,,54,64,41,43
278875,,,,54,64,41,43
278962,,,,54,64,41,43
279056,,,,54,64,41,43
279155,,,,54,64,41,43
279256,,,,54,64,41,43
279357,,,,54,64,41,43
279455,,,,54,64,41,43
279555,,,,54,64,41,43
279658,,,,54,64,41,43
279762,,,,54,64,41,43
279856,,,,54,64,41,43
279967,,,,54,64,41,43
280058,,,,54,64,41,43
280154,,,,54,64,41,43
280258,,,,54,64,41,43
280363,,,,54,64,41,43
280457,,,,54,64,41,43
280556,,,,54,64,41,43
280658,,,,54,64,41,43
280761,,,,54,64,41,43
280869,,,,54,64,41,43
280956,,,,54,64,41,43
281056,,,,54,64,41,43
281156,,,,54,64,41,43
281257,,,,54,64,41,43
281356,,,,54,64,41,43
281458,,,,54,64,41,43
281555,,,,54,64,41,43
281657,,,,54,64,41,43
281758,,,,54,64,41,43
281859,,,,54,64,41,43
281955,,,,54,64,41,43
282057,,,,54,64,41,43
282179,,,,54,64,41,43
282275,,,,54,64,41,43
282376,,,,54,64,41,43
282477,,,,54,64,41,43
282579,,,,54,64,41,43
282675,,,,54,64,41,43
282778,,,,54,64,41,43
282884,,,,54,64,41,43
282978,,,,54,64,41,43
283078,,,,54,64,41,43
283179,,,,54,64,41,43
283276,,,,54,64,41,43
283376,,,,54,64,41,43
283476,,,,54,64,41,43
283576,,,,54,64,41,43
283675,,,,54,64,41,43
283777,,,,54,64,41,43
283881,,,,54,64,41,43
283975,,,,54,64,41,43
284076,,,,54,64,41,43
284176,,,,54,64,41,43
284276,,,,54,64,41,43
284375,,,,54,64,41,43
284475,,,,54,64,41,43
284574,,,,54,64,41,43
284677,,,,54,64,41,43
284782,,,,54,64,41,43
284875,,,,54,64,41,43
284974,,,,54,64,41,43
285075,,,,54,64,41,43
285177,,,,54,64,41,43
285276,,,,54,64,41,43
285377,,,,54,64,41,43
285475,,,,54,64,41,43
285576,,,,54,64,41,43
285679,,,,54,64,41,43
285780,,,,54,64,41,43
285876,,,,54,64,41,43
285977,,,,54,64,41,43
286076,,,,54,64,41,43
286176,,,,54,64,41,43
286276,,,,54,64,41,43
286375,,,,54,64,41,43
286477,,,,54,64,41,43
286576,,,,54,64,41,43
286675,,,,54,64,41,43
286788,,,,54,64,41,43
286876,,,,54,64,41,43
286976,,,,54,64,41,43
287074,,,,54,64,41,43
287174,,,,54,64,41,43
287277,,,,54,64,41,43
287377,,,,54,64,41,43
287473,,,,54,64,41,43
287576,,,,54,64,41,43
287676,,,,54,64,41,43
287780,,,,54,64,41,43
287875,,,,54,64,41,43
287975,,,,54,64,41,43
288075,,,,54,64,41,43
288179,,,,54,64,41,43
288277,,,,54,64,41,43
288378,,,,54,64,41,43
288474,,,,54,64,41,43
288575,,,,54,64,41,43
288686,,,,54,64,41,43
288774,,,,54,64,41,43
288876,,,,54,64,41,43
288977,,,,54,64,41,43
289075,,,,54,64,41,43
289177,,,,54,64,41,43
289274,,,,54,64,41,43
289374,,,,54,64,41,43
289475,,,,54,64,41,43
289576,,,,54,64,41,43
289679,,,,54,64,41,43
289777,,,,54,64,41,43
289883,,,,54,64,41,43
289977,,,,54,64,41,43
290082,,,,54,64,41,43
290175,,,,54,64,41,43
290283,,,,54,64,41,43
290376,,,,54,64,41,43
290484,,,,54,64,41,43
290590,,,,54,64,41,43
290683,,,,54,64,41,43
290776,,,,54,64,41,43
290882,,,,54,64,41,43
290977,,,,54,64,41,43
291076,,,,54,64,41,43
291173,,,,54,64,41,43
291274,,,,54,64,41,43
291375,,,,54,64,41,43
291477,,,,54,64,41,43
291579,,,,54,64,41,43
291677,,,,54,64,41,43
291776,,,,54,64,41,43
291874,,,,54,64,41,43
291974,,,,54,64,41,43
292076,,,,54,64,41,43
292176,,,,54,64,41,43
292276,,,,54,64,41,43
292376,,,,54,64,41,43
292485,,,,54,64,41,43
292575,,,,54,64,41,43
292674,,,,54,64,41,43
292777,,,,54,64,41,43
292877,,,,54,64,41,43
292976,,,,54,64,41,43
293076,,,,54,64,41,43
293176,,,,54,64,41,43
293279,,,,54,64,41,43
293380,,,,54,64,41,43
293487,,,,54,64,41,43
293574,,,,54,64,41,43
293673,,,,54,64,41,43
293776,,,,54,64,41,43
293874,,,,54,64,41,43
293974,,,,54,64,41,43
294076,,,,54,64,41,43
294174,,,,54,64,41,43
294274,,,,54,64,41,43
294376,,,,54,64,41,43
294478,,,,54,64,41,43
294574,,,,54,64,41,43
294675,,,,54,64,41,43
294774,,,,54,64,41,43
294874,,,,54,64,41,43
294973,,,,54,64,41,43
295076,,,,54,64,41,43
295176,,,,54,64,41,43
295275,,,,54,64,41,43
295395,,,,54,64,41,43
295477,,,,54,64,41,43
295575,,,,54,64,41,43
295674,,,,54,64,41,43
295774,,,,54,64,41,43
295875,,,,54,64,41,43
295976,,,,54,64,41,43
296077,,,,54,64,41,43
296176,,,,54,64,41,43
296278,,,,54,64,41,43
296390,,,,54,64,41,43
296476,,,,54,64,41,43
296577,,,,54,64,41,43
296677,,,,54,64,41,43
296778,,,,54,64,41,43
296877,,,,54,64,41,43
296978,,,,54,64,41,43
297075,,,,54,64,41,43
297175,,,,54,64,41,43
297275,,,,54,64,41,43
297379,,,,54,64,41,43
297474,,,,54,64,41,43
297576,,,,54,64,41,43
297676,,,,54,64,41,43
297774,,,,54,64,41,43
297876,,,,54,64,41,43
297974,,,,54,64,41,43
298076,,,,54,64,41,43
298177,,,,54,64,41,43
298282,,,,54,64,41,43
298376,,,,54,64,41,43
298476,,,,54,64,41,43
298576,,,,54,64,41,43
298678,,,,54,64,41,43
298777,,,,54,64,41,43
298875,,,,54,64,41,43
298976,,,,54,64,41,43
299078,,,,54,64,41,43
299181,,,,54,64,41,43
299281,,,,54,64,41,43
299378,,,,54,64,41,43
299475,,,,54,64,41,43
299576,,,,54,64,41,43
299676,,,,54,64,41,43
299776,,,,54,64,41,43
299877,,,,54,64,41,43
299976,,,,54,64,41,43
300077,,,,54,64,41,43
300176,,,,54,64,41,43
300290,,,,54,64,41,43
300378,,,,54,64,41,43
300478,,,,54,64,41,43
300575,,,,54,64,41,43
300676,,,,54,64,41,43
300778,,,,54,64,41,43
300877,,,,54,64,41,43
300977,,,,54,64,41,43
301074,,,,54,64,41,43
301177,,,,54,64,41,43
301280,,,,54,64,41,43
301374,,,,54,64,41,43
301477,,,,54,64,41,43
301579,,,,54,64,41,43
301675,,,,54,64,41,43
301776,,,,54,64,41,43
301874,,,,54,64,41,43
301975,,,,54,64,41,43
302074,,,,54,64,41,43
302185,,,,54,64,41,43
302279,,,,54,64,41,43
302377,,,,54,64,41,43
302478,,,,54,64,41,43
302577,,,,54,64,41,43
302676,,,,54,64,41,43
302778,,,,54,64,41,43
302877,,,,54,64,41,43
302976,,,,54,64,41,43
303078,,,,54,64,41,43
303181,,,,54,64,41,43
303278,,,,54,64,41,43
303375,,,,54,64,41,43
303475,,,,54,64,41,43
303575,,,,54,64,41,43
303675,,,,54,64,41,43
303778,,,,54,64,41,43
303877,,,,54,64,41,43
303978,,,,54,64,41,43
304089,,,,54,64,41,43
304176,,,,54,64,41,43
304277,,,,54,64,41,43
304377,,,,54,64,41,43
304476,,,,54,64,41,43
304576,,,,54,64,41,43
304677,,,,54,64,41,43
304777,,,,54,64,41,43
304876,,,,54,64,41,43
304980,,,,54,64,41,43
305081,,,,54,64,41,43
305174,,,,54,64,41,43
305275,,,,54,64,41,43
305375,,,,54,64,41,43
305475,,,,54,64,41,43
305576,,,,54,64,41,43
305676,,,,54,64,41,43
305775,,,,54,64,41,43
305876,,,,54,64,41,43
305985,,,,54,64,41,43
306077,,,,54,64,41,43
306175,,,,54,64,41,43
306277,,,,54,64,41,43
306375,,,,54,64,41,43
306477,,,,54,64,41,43
306577,,,,54,64,41,43
306675,,,,54,64,41,43
306777,,,,54,64,41,43
306879,,,,54,64,41,43
306981,,,,54,64,41,43
307076,,,,54,64,41,43
307174,,,,54,64,41,43
307276,,,,54,64,41,43
307375,,,,54,64,41,43
307474,,,,54,64,41,43
307577,,,,54,64,41,43
307675,,,,54,64,41,43
307775,,,,54,64,41,43
307886,,,,54,64,41,43
307977,,,,54,64,41,43
308076,,,,54,64,41,43
308175,,,,54,64,41,43
308277,,,,54,64,41,43
308378,,,,54,64,41,43
308476,,,,54,64,41,43
308576,,,,54,64,41,43
308677,,,,54,64,41,43
308777,,,,54,64,41,43
308882,,,,54,64,41,43
308977,,,,54,64,41,43
309075,,,,54,64,41,43
309175,,,,54,64,41,43
309279,,,,54,64,41,43
309377,,,,54,64,41,43
309477,,,,54,64,41,43
309575,,,,54,64,41,43
309677,,,,54,64,41,43
309776,,,,54,64,41,43
309885,,,,54,64,41,43
309976,,,,54,64,41,43
310075,,,,54,64,41,43
310174,,,,54,64,41,43
310276,,,,54,64,41,43
310376,,,,54,64,41,43
310481,,,,54,64,41,43
310575,,,,54,64,41,43
310676,,,,54,64,41,43
310773,,,,54,64,41,43
310879,,,,54,64,41,43
310977,,,,54,64,41,43
311077,,,,54,64,41,43
311176,,,,54,64,41,43
311275,,,,54,64,41,43
311375,,,,54,64,41,43
311476,,,,54,64,41,43
311577,,,,54,64,41,43
311676,,,,54,64,41,43
311783,,,,54,64,41,43
311876,,,,54,64,41,43
311976,,,,54,64,41,43
312076,,,,54,64,41,43
312179,,,,54,64,41,43
312276,,,,54,64,41,43
312378,,,,54,64,41,43
312477,,,,54,64,41,43
312576,,,,54,64,41,43
312677,,,,54,64,41,43
312781,,,,54,64,41,43
312878,,,,54,64,41,43
312975,,,,54,64,41,43
313080,,,,54,64,41,43
313177,,,,54,64,41,43
313276,,,,54,64,41,43
313378,,,,54,64,41,43
313477,,,,54,64,41,43
313577,,,,54,64,41,43
313676,,,,54,64,41,43
313787,,,,54,64,41,43
313876,,,,54,64,41,43
313974,,,,54,64,41,43
314077,,,,54,64,41,43
314176,,,,54,64,41,43
314276,,,,54,64,41,43
314376,,,,54,64,41,43
314476,,,,54,64,41,43
314575,,,,54,64,41,43
314678,,,,54,64,41,43
314783,,,,54,64,41,43
314876,,,,54,64,41,43
314976,,,,54,64,41,43
315075,,,,54,64,41,43
315176,,,,54,64,41,43
315274,,,,54,64,41,43
315377,,,,54,64,41,43
315474,,,,54,64,41,43
315575,,,,54,64,41,43
315684,,,,54,64,41,43
315775,,,,54,64,41,43
315877,,,,54,64,41,43
315975,,,,54,64,41,43
316078,,,,54,64,41,43
316177,,,,54,64,41,43
316279,,,,54,64,41,43
316378,,,,54,64,41,43
316478,,,,54,64,41,43
316578,,,,54,64,41,43
316682,,,,54,64,41,43
316775,,,,54,64,41,43
316876,,,,54,64,41,43
316976,,,,54,64,41,43
317076,,,,54,64,41,43
317177,,,,54,64,41,43
317277,,,,54,64,41,43
317377,,,,54,64,41,43
317478,,,,54,64,41,43
317590,,,,54,64,41,43
317676,,,,54,64,41,43
317778,,,,54,64,41,43
317876,,,,54,64,41,43
317978,,,,54,64,41,43
318075,,,,54,64,41,43
318177,,,,54,64,41,43
318276,,,,54,64,41,43
318376,,,,54,64,41,43
318479,,,,54,64,41,43
318588,,,,54,64,41,43
318675,,,,54,64,41,43
318777,,,,54,64,41,43
318877,,,,54,64,41,43
318976,,,,54,64,41,43
319075,,,,54,64,41,43
319177,,,,54,64,41,43
319274,,,,54,64,41,43
319377,,,,54,64,41,43
319494,,,,54,64,41,43
319577,,,,54,64,41,43
319675,,,,54,64,41,43
319775,,,,54,64,41,43
319878,,,,54,64,41,43
319977,,,,54,64,41,43
320078,,,,54,64,41,43
320175,,,,54,64,41,43
320280,,,,54,64,41,43
320379,,,,54,64,41,43
320491,,,,54,64,41,43
320578,,,,54,64,41,43
320675,,,,54,64,41,43
320777,,,,54,64,41,43
320878,,,,54,64,41,43
320977,,,,54,64,41,43
321066,,,,54,64,41,43
321175,,,,54,64,41,43
321277,,,,54,64,41,43
321394,,,,54,64,41,43
321477,,,,54,64,41,43
321576,,,,54,64,41,43
321676,,,,54,64,41,43
321776,,,,54,64,41,43
321878,,,,54,64,41,43
321979,,,,54,64,41,43
322077,,,,54,64,41,43
322179,,,,54,64,41,43
322277,,,,54,64,41,43
322394,,,,54,64,41,43
322476,,,,54,64,41,43
322576,,,,54,64,41,43
322676,,,,54,64,41,43
322776,,,,54,64,41,43
322875,,,,54,64,41,43
322976,,,,54,64,41,43
323076,,,,54,64,41,43
323178,,,,54,64,41,43
323277,,,,54,64,41,43
323400,,,,54,64,41,43
323456,,,,54,64,41,43
323557,,,,54,64,41,43
323656,,,,54,64,41,43
323778,,,,54,64,41,43
323879,,,,54,64,41,43
323979,,,,54,64,41,43
324075,,,,54,64,41,43
324177,,,,54,64,41,43
324277,,,,54,64,41,43
324393,,,,54,64,41,43
324477,,,,54,64,41,43
324578,,,,54,64,41,43
324677,,,,54,64,41,43
324778,,,,54,64,41,43
324879,,,,54,64,41,43
324977,,,,54,64,41,43
325075,,,,54,64,41,43
325179,,,,54,64,41,43
325286,,,,54,64,41,43
325376,,,,54,64,41,43
325478,,,,54,64,41,43
325575,,,,54,64,41,43
325679,,,,54,64,41,43
325778,,,,54,64,41,43
325876,,,,54,64,41,43
325978,,,,54,64,41,43
326076,,,,54,64,41,43
326179,,,,54,64,41,43
326281,,,,54,64,41,43
326376,,,,54,64,41,43
326477,,,,54,64,41,43
326577,,,,54,64,41,43
326676,,,,54,64,41,43
326776,,,,54,64,41,43
326877,,,,54,64,41,43
326977,,,,54,64,41,43
327077,,,,54,64,41,43
327175,,,,54,64,41,43
327290,,,,54,64,41,43
327380,,,,54,64,41,43
327476,,,,54,64,41,43
327578,,,,54,64,41,43
327679,,,,54,64,41,43
327780,,,,54,64,41,43
327878,,,,54,64,41,43
327975,,,,54,64,41,43
328078,,,,54,64,41,43
328177,,,,54,64,41,43
328280,,,,54,64,41,43
328378,,,,54,64,41,43
328479,,,,54,64,41,43
328577,,,,54,64,41,43
328678,,,,54,64,41,43
328777,,,,54,64,41,43
328879,,,,54,64,41,43
328975,,,,54,64,41,43
329079,,,,54,64,41,43
329189,,,,54,64,41,43
329278,,,,54,64,41,43
329378,,,,54,64,41,43
329476,,,,54,64,41,43
329577,,,,54,64,41,43
329679,,,,54,64,41,43
329756,,,,54,64,41,43
329876,,,,54,64,41,43
329979,,,,54,64,41,43
330080,,,,54,64,41,43
330181,,,,54,64,41,43
330281,,,,54,64,41,43
330378,,,,54,64,41,43
330478,,,,54,64,41,43
330578,,,,54,64,41,43
330676,,,,54,64,41,43
330775,,,,54,64,41,43
330875,,,,54,64,41,43
330976,,,,54,64,41,43
331085,,,,54,64,41,43
331178,,,,54,64,41,43
331278,,,,54,64,41,43
331379,,,,54,64,41,43
331477,,,,54,64,41,43
331576,,,,54,64,41,43
331679,,,,54,64,41,43
331775,,,,54,64,41,43
331876,,,,54,64,41,43
331978,,,,54,64,41,43
332080,,,,54,64,41,43
332178,,,,54,64,41,43
332278,,,,54,64,41,43
332377,,,,54,64,41,43
332476,,,,54,64,41,43
332576,,,,54,64,41,43
332675,,,,54,64,41,43
332775,,,,54,64,41,43
332876,,,,54,64,41,43
332985,,,,54,64,41,43
333079,,,,54,64,41,43
333178,,,,54,64,41,43
333278,,,,54,64,41,43
333379,,,,54,64,41,43
333477,,,,54,64,41,43
333577,,,,54,64,41,43
333678,,,,54,64,41,43
333778,,,,54,64,41,43
333878,,,,54,64,41,43
333991,,,,54,64,41,43
334075,,,,54,64,41,43
334180,,,,54,64,41,43
334278,,,,54,64,41,43
334379,,,,54,64,41,43
334477,,,,54,64,41,43
334577,,,,54,64,41,43
334676,,,,54,64,41,43
334777,,,,54,64,41,43
334879,,,,54,64,41,43
334981,,,,54,64,41,43
335076,,,,54,64,41,43
335177,,,,54,64,41,43
335276,,,,54,64,41,43
335377,,,,54,64,41,43
335479,,,,54,64,41,43
335577,,,,54,64,41,43
335677,,,,54,64,41,43
335775,,,,54,64,41,43
335900,,,,54,64,41,43
335957,,,,54,64,41,43
336055,,,,54,64,41,43
336177,,,,54,64,41,43
336277,,,,54,64,41,43
336377,,,,54,64,41,43
336475,,,,54,64,41,43
336578,,,,54,64,41,43
336677,,,,54,64,41,43
336780,,,,54,64,41,43
336892,,,,54,64,41,43
336977,,,,54,64,41,43
337078,,,,54,64,41,43
337178,,,,54,64,41,43
337278,,,,54,64,41,43
337377,,,,54,64,41,43
337478,,,,54,64,41,43
337577,,,,54,64,41,43
337678,,,,54,64,41,43
337800,,,,54,64,41,43
337858,,,,54,64,41,43
337957,,,,54,64,41,43
338056,,,,54,64,41,43
338174,,,,54,64,41,43
338278,,,,54,64,41,43
338379,,,,54,64,41,43
338480,,,,54,64,41,43
338587,,,,54,64,41,43
338680,,,,54,64,41,43
338784,,,,54,64,41,43
338880,,,,54,64,41,43
338979,,,,54,64,41,43
339080,,,,54,64,41,43
339179,,,,54,64,41,43
339278,,,,54,64,41,43
339379,,,,54,64,41,43
339476,,,,54,64,41,43
339581,,,,54,64,41,43
339689,,,,54,64,41,43
339779,,,,54,64,41,43
339879,,,,54,64,41,43
339976,,,,54,64,41,43
340077,,,,54,64,41,43
340177,,,,54,64,41,43
340277,,,,54,64,41,43
340377,,,,54,64,41,43
340475,,,,54,64,41,43
340578,,,,54,64,41,43
340680,,,,54,64,41,43
340777,,,,54,64,41,43
340878,,,,54,64,41,43
340977,,,,54,64,41,43
341076,,,,54,64,41,43
341176,,,,54,64,41,43
341278,,,,54,64,41,43
341376,,,,54,64,41,43
341479,,,,54,64,41,43
341589,,,,54,64,41,43
341679,,,,54,64,41,43
341756,,,,54,64,41,43
341878,,,,54,64,41,43
341979,,,,54,64,41,43
342078,,,,54,64,41,43
342177,,,,54,64,41,43
342279,,,,54,64,41,43
342377,,,,54,64,41,43
342479,,,,54,64,41,43
342583,,,,54,64,41,43
342678,,,,54,64,41,43
342777,,,,54,64,41,43
342877,,,,54,64,41,43
342978,,,,54,64,41,43
343076,,,,54,64,41,43
343178,,,,54,64,41,43
343279,,,,54,64,41,43
343376,,,,54,64,41,43
343478,,,,54,64,41,43
343590,,,,54,64,41,43
343678,,,,54,64,41,43
343777,,,,54,64,41,43
343879,,,,54,64,41,43
343979,,,,54,64,41,43
344080,,,,54,64,41,43
344175,,,,54,64,41,43
344275,,,,54,64,41,43
344379,,,,54,64,41,43
344477,,,,54,64,41,43
344582,,,,54,64,41,43
344678,,,,54,64,41,43
344778,,,,54,64,41,43
344876,,,,54,64,41,43
344976,,,,54,64,41,43
345077,,,,54,64,41,43
345178,,,,54,64,41,43
345278,,,,54,64,41,43
345378,,,,54,64,41,43
345486,,,,54,64,41,43
345577,,,,54,64,41,43
345679,,,,54,64,41,43
345776,,,,54,64,41,43
345876,,,,54,64,41,43
345977,,,,54,64,41,43
346077,,,,54,64,41,43
346175,,,,54,64,41,43
346275,,,,54,64,41,43
346380,,,,54,64,41,43
346481,,,,54,64,41,43
346580,,,,54,64,41,43
346676,,,,54,64,41,43
346779,,,,54,64,41,43
346883,,,,54,64,41,43
346978,,,,54,64,41,43
347077,,,,54,64,41,43
347178,,,,54,64,41,43
347279,,,,54,64,41,43
347388,,,,54,64,41,43
347479,,,,54,64,41,43
347578,,,,54,64,41,43
347678,,,,54,64,41,43
347756,,,,54,64,41,43
347856,,,,54,64,41,43
347956,,,,54,64,41,43
348078,,,,54,64,41,43
348179,,,,54,64,41,43
348279,,,,54,64,41,43
348391,,,,54,64,41,43
348478,,,,54,64,41,43
348579,,,,54,64,41,43
348680,,,,54,64,41,43
348778,,,,54,64,41,43
348878,,,,54,64,41,43
348977,,,,54,64,41,43
349079,,,,54,64,41,43
349178,,,,54,64,41,43
349278,,,,54,64,41,43
349397,,,,54,64,41,43
349477,,,,54,64,41,43
349581,,,,54,64,41,43
349679,,,,54,64,41,43
349780,,,,54,64,41,43
349879,,,,54,64,41,43
349977,,,,54,64,41,43
350080,,,,54,64,41,43
350179,,,,54,64,41,43
350277,,,,54,64,41,43
350389,,,,54,64,41,43
350477,,,,54,64,41,43
350580,,,,54,64,41,43
350677,,,,54,64,41,43
350778,,,,54,64,41,43
350880,,,,54,64,41,43
350979,,,,54,64,41,43
351079,,,,54,64,41,43
351179,,,,54,64,41,43
351283,,,,54,64,41,43
351377,,,,54,64,41,43
351479,,,,54,64,41,43
351579,,,,54,64,41,43
351679,,,,54,64,41,43
351777,,,,54,64,41,43
351878,,,,54,64,41,43
351979,,,,54,64,41,43
352076,,,,54,64,41,43
352181,,,,54,64,41,43
352281,,,,54,64,41,43
352380,,,,54,64,41,43
352481,,,,54,64,41,43
352580,,,,54,64,41,43
352678,,,,54,64,41,43
352777,,,,54,64,41,43
352878,,,,54,64,41,43
352977,,,,54,64,41,43
353078,,,,54,64,41,43
353177,,,,54,64,41,43
353300,,,,54,64,41,43
353376,,,,54,64,41,43
353479,,,,54,64,41,43
353579,,,,54,64,41,43
353680,,,,54,64,41,43
353780,,,,54,64,41,43
353876,,,,54,64,41,43
353976,,,,54,64,41,43
354076,,,,54,64,41,43
354177,,,,54,64,41,43
354294,,,,54,64,41,43
354377,,,,54,64,41,43
354479,,,,54,64,41,43
354578,,,,54,64,41,43
354676,,,,54,64,41,43
354777,,,,54,64,41,43
354877,,,,54,64,41,43
354979,,,,54,64,41,43
355079,,,,54,64,41,43
355199,,,,54,64,41,43
355256,,,,54,64,41,43
355379,,,,54,64,41,43
355479,,,,54,64,41,43
355579,,,,54,64,41,43
355679,,,,54,64,41,43
355779,,,,54,64,41,43
355878,,,,54,64,41,43
355976,,,,54,64,41,43
356081,,,,54,64,41,43
356182,,,,54,64,41,43
356278,,,,54,64,41,43
356379,,,,54,64,41,43
356480,,,,54,64,41,43
356579,,,,54,64,41,43
356678,,,,54,64,41,43
356778,,,,54,64,41,43
356877,,,,54,64,41,43
356980,,,,54,64,41,43
357092,,,,54,64,41,43
357179,,,,54,64,41,43
357277,,,,54,64,41,43
357380,,,,54,64,41,43
357478,,,,54,64,41,43
357578,,,,54,64,41,43
357678,,,,54,64,41,43
357781,,,,54,64,41,43
357878,,,,54,64,41,43
357981,,,,54,64,41,43
358080,,,,54,64,41,43
358178,,,,54,64,41,43
358279,,,,54,64,41,43
358378,,,,54,64,41,43
358478,,,,54,64,41,43
358576,,,,54,64,41,43
358679,,,,54,64,41,43
358779,,,,54,64,41,43
358879,,,,54,64,41,43
358989,,,,54,64,41,43
359080,,,,54,64,41,43
359179,,,,54,64,41,43
359280,,,,54,64,41,43
359379,,,,54,64,41,43
359478,,,,54,64,41,43
359579,,,,54,64,41,43
359678,,,,54,64,41,43
359779,,,,54,64,41,43
359880,,,,54,64,41,43
359983,,,,54,64,41,43
360077,,,,54,64,41,43
360178,,,,54,64,41,43
360278,,,,54,64,41,43
360378,,,,54,64,41,43
360479,,,,54,64,41,43
360577,,,,54,64,41,43
360678,,,,54,64,41,43
360779,,,,54,64,41,43
360888,,,,54,64,41,43
360980,,,,54,64,41,43
361077,,,,54,64,41,43
361180,,,,54,64,41,43
361277,,,,54,64,41,43
361378,,,,54,64,41,43
361479,,,,54,64,41,43
361577,,,,54,64,41,43
361679,,,,54,64,41,43
361781,,,,54,64,41,43
361887,,,,54,64,41,43
361979,,,,54,64,41,43
362076,,,,54,64,41,43
362179,,,,54,64,41,43
362280,,,,54,64,41,43
362377,,,,54,64,41,43
362478,,,,54,64,41,43
362578,,,,54,64,41,43
362678,,,,54,64,41,43
362792,,,,54,64,41,43
362879,,,,54,64,41,43
362980,,,,54,64,41,43
363080,,,,54,64,41,43
363178,,,,54,64,41,43
363280,,,,54,64,41,43
363377,,,,54,64,41,43
363478,,,,54,64,41,43
363577,,,,54,64,41,43
363682,,,,54,64,41,43
363795,,,,54,64,41,43
363881,,,,54,64,41,43
363982,,,,54,64,41,43
364082,,,,54,64,41,43
364178,,,,54,64,41,43
364279,,,,54,64,41,43
364380,,,,54,64,41,43
364479,,,,54,64,41,43
364578,,,,54,64,41,43
364680,,,,54,64,41,43
364784,,,,54,64,41,43
364881,,,,54,64,41,43
364980,,,,54,64,41,43
365079,,,,54,64,41,43
365180,,,,54,64,41,43
365277,,,,54,64,41,43
365378,,,,54,64,41,43
365481,,,,54,64,41,43
365582,,,,54,64,41,43
365692,,,,54,64,41,43
365782,,,,54,64,41,43
365878,,,,54,64,41,43
365980,,,,54,64,41,43
366078,,,,54,64,41,43
366180,,,,54,64,41,43
366279,,,,54,64,41,43
366380,,,,54,64,41,43
366478,,,,54,64,41,43
366584,,,,54,64,41,43
366683,,,,54,64,41,43
366782,,,,54,64,41,43
366881,,,,54,64,41,43
366978,,,,54,64,41,43
367079,,,,54,64,41,43
367178,,,,54,64,41,43
367279,,,,54,64,41,43
367381,,,,54,64,41,43
367481,,,,54,64,41,43
367592,,,,54,64,41,43
367677,,,,54,64,41,43
367780,,,,54,64,41,43
367879,,,,54,64,41,43
367981,,,,54,64,41,43
368079,,,,54,64,41,43
368181,,,,54,64,41,43
368276,,,,54,64,41,43
368381,,,,54,64,41,43
368480,,,,54,64,41,43
368586,,,,54,64,41,43
368677,,,,54,64,41,43
368778,,,,54,64,41,43
368877,,,,54,64,41,43
368980,,,,54,64,41,43
369075,,,,54,64,41,43
369180,,,,54,64,41,43
369277,,,,54,64,41,43
369379,,,,54,64,41,43
369484,,,,54,64,41,43
369579,,,,54,64,41,43
369674,,,,54,64,41,43
369779,,,,54,64,41,43
369877,,,,54,64,41,43
369982,,,,54,64,41,43
370077,,,,54,64,41,43
370179,,,,54,64,41,43
370275,,,,54,64,41,43
370382,,,,54,64,41,43
370482,,,,54,64,41,43
370581,,,,54,64,41,43
370678,,,,54,64,41,43
370780,,,,54,64,41,43
370871,,,,54,64,41,43
370976,,,,54,64,41,43
371075,,,,54,64,41,43
371180,,,,54,64,41,43
371275,,,,54,64,41,43
371379,,,,54,64,41,43
371488,,,,54,64,41,43
371582,,,,54,64,41,43
371675,,,,54,64,41,43
371781,,,,54,64,41,43
371876,,,,54,64,41,43
371981,,,,54,64,41,43
372078,,,,54,64,41,43
372182,,,,54,64,41,43
372278,,,,54,64,41,43
372382,,,,54,64,41,43
372482,,,,54,64,41,43
372583,,,,54,64,41,43
372675,,,,54,64,41,43
372781,,,,54,64,41,43
372877,,,,54,64,41,43
372978,,,,54,64,41,43
373076,,,,54,64,41,43
373181,,,,54,64,41,43
373279,,,,54,64,41,43
373390,,,,54,64,41,43
373478,,,,54,64,41,43
373582,,,,54,64,41,43
373676,,,,54,64,41,43
373782,,,,54,64,41,43
373877,,,,54,64,41,43
373981,,,,54,64,41,43
374076,,,,54,64,41,43
374179,,,,54,64,41,43
374279,,,,54,64,41,43
374385,,,,54,64,41,43
374478,,,,54,64,41,43
374582,,,,54,64,41,43
374677,,,,54,64,41,43
374779,,,,54,64,41,43
374877,,,,54,64,41,43
374980,,,,54,64,41,43
375079,,,,54,64,41,43
375182,,,,54,64,41,43
375288,,,,54,64,41,43
375382,,,,54,64,41,43
375479,,,,54,64,41,43
375581,,,,54,64,41,43
375678,,,,54,64,41,43
375779,,,,54,64,41,43
375875,,,,54,64,41,43
375979,,,,54,64,41,43
376076,,,,54,64,41,43
376184,,,,54,64,41,43
376281,,,,54,64,41,43
376378,,,,54,64,41,43
376475,,,,54,64,41,43
376579,,,,54,64,41,43
376674,,,,54,64,41,43
376777,,,,54,64,41,43
376875,,,,54,64,41,43
376980,,,,54,64,41,43
377075,,,,54,64,41,43
377189,,,,54,64,41,43
377276,,,,54,64,41,43
377380,,,,54,64,41,43
377476,,,,54,64,41,43
377578,,,,54,64,41,43
377674,,,,54,64,41,43
377779,,,,54,64,41,43
377875,,,,54,64,41,43
377979,,,,54,64,41,43
378078,,,,54,64,41,43
378182,,,,54,64,41,43
378274,,,,54,64,41,43
378377,,,,54,64,41,43
378473,,,,54,64,41,43
378579,,,,54,64,41,43
378674,,,,54,64,41,43
378778,,,,54,64,41,43
378878,,,,54,64,41,43
378980,,,,54,64,41,43
379084,,,,54,64,41,43
379180,,,,54,64,41,43
379277,,,,54,64,41,43
379380,,,,54,64,41,43
379476,,,,54,64,41,43
379582,,,,54,64,41,43
379677,,,,54,64,41,43
379780,,,,54,64,41,43
379873,,,,54,64,41,43
379982,,,,54,64,41,43
380081,,,,54,64,41,43
380182,,,,54,64,41,43
380273,,,,54,64,41,43
380381,,,,54,64,41,43
380475,,,,54,64,41,43
380579,,,,54,64,41,43
380674,,,,54,64,41,43
380781,,,,54,64,41,43
380875,,,,54,64,41,43
380980,,,,54,64,41,43
381084,,,,54,64,41,43
381182,,,,54,64,41,43
381278,,,,54,64,41,43
381383,,,,54,64,41,43
381477,,,,54,64,41,43
381578,,,,54,64,41,43
381673,,,,54,64,41,43
381780,,,,54,64,41,43
381875,,,,54,64,41,43
381981,,,,54,64,41,43
382080,,,,54,64,41,43
382180,,,,54,64,41,43
382275,,,,54,64,41,43
382374,,,,54,64,41,43
382474,,,,54,64,41,43
382573,,,,54,64,41,43
382674,,,,54,64,41,43
382776,,,,54,64,41,43
382875,,,,54,64,41,43
382984,,,,54,64,41,43
383077,,,,54,64,41,43
383176,,,,54,64,41,43
383276,,,,54,64,41,43
383375,,,,54,64,41,43
383475,,,,54,64,41,43
383573,,,,54,64,41,43
383674,,,,54,64,41,43
383774,,,,54,64,41,43
383877,,,,54,64,41,43
383987,,,,54,64,41,43
384077,,,,