[camera]
# width=480
# height=640
# width=720
# height=1280
# width=1536
# height=1024
# width=640
# height=480
# fps=30

[detection]
tag_pixel_width = 100
widen_radius = 15

[arena]
nleds = 113#198
ring_r = 30 # in cm
origo_offset = [360, 360] # in pixels
cm_per_pixel = 0.1
baudrate = 115200#9600###921600#

[setup]
label = "Two different suns"

    [[setup.suns]]
    link_factor = 1.5
    green = 255
    azimuth = 90
    width = 11
    red = 100
    [[setup.suns]]
    blue = 255
    link_factor = -0.8
    green = 128
    azimuth = 180
    width = 3
    red = 41

[experiment]
datetime = 2023-12-11T13:18:15.135Z

ms,x,y,θ,start1,stop1,start2,stop2
542,365.2313219174608,668.6116435876003,2.1581548872513414,82,92,25,27
650,368.46421687558734,666.8169710005345,1.6312299712417093,68,78,33,35
705,366.30525289325385,668.3433893826854,0.8163979671299855,46,56,45,47
804,367.6468839950191,666.6105466030398,0.12177835073953715,28,38,55,57
904,367.69502037466145,668.1389179709942,-0.3302036191590007,15,25,61,63
1006,370.15080595899906,669.2563367308749,-0.16148346220740764,20,30,59,61
1106,373.74846637169685,671.5131951326763,0.4620742378688164,37,47,50,52
1207,373.535130539142,675.96098407378,1.137840523243857,55,65,40,42
1306,371.0378721610407,680.472379580909,1.9003154435351877,76,86,29,31
1407,371.10041840378346,678.1953877086928,2.2628892369816227,85,95,24,26
1507,371.32805074395213,675.5908550004464,2.3210161972878804,87,97,23,25
1607,371.88310652313453,668.845302092965,1.28654118323497,59,69,38,40
1707,368.34357920888016,670.5680732456792,0.7440907991242695,44,54,46,48
1807,364.4971531056923,671.8792932539841,0.4006138259778505,35,45,51,53
1907,363.4040939542772,672.2405716896799,0.5686613832651474,40,50,48,50
2007,361.18919846603836,680.7589937274502,1.772125965429359,72,82,31,33
2107,361.36042096434903,681.185472008133,2.110582941074669,81,91,26,28
2207,361.3300749809596,680.1986870075586,2.1097374946023466,81,91,26,28
2307,366.2859359912897,672.3041873527,0.7461958904977042,44,54,46,48
2407,365.5094924016704,673.0725433668013,0.29524699859096964,32,42,52,54
2507,365.0420406170365,674.4126642936687,-0.18164303977858662,19,29,59,61
2607,,,,19,29,59,61
2708,,,,19,29,59,61
2808,,,,19,29,59,61
2908,,,,19,29,59,61
3009,,,,19,29,59,61
3110,,,,19,29,59,61
3211,,,,19,29,59,61
3312,,,,19,29,59,61
3414,,,,19,29,59,61
3514,,,,19,29,59,61
3615,,,,19,29,59,61
3715,,,,19,29,59,61
3817,,,,19,29,59,61
3918,,,,19,29,59,61
4021,,,,19,29,59,61
4121,,,,19,29,59,61
4222,,,,19,29,59,61
4324,,,,19,29,59,61
4425,,,,19,29,59,61
4528,,,,19,29,59,61
4628,,,,19,29,59,61
4736,,,,19,29,59,61
4829,,,,19,29,59,61
4932,,,,19,29,59,61
5030,,,,19,29,59,61
5134,,,,19,29,59,61
5233,,,,19,29,59,61
5334,,,,19,29,59,61
5436,,,,19,29,59,61
5536,,,,19,29,59,61
5638,,,,19,29,59,61
5736,,,,19,29,59,61
5842,,,,19,29,59,61
5948,,,,19,29,59,61
6052,,,,19,29,59,61
6143,,,,19,29,59,61
6245,,,,19,29,59,61
6345,,,,19,29,59,61
6448,,,,19,29,59,61
6545,,,,19,29,59,61
6646,,,,19,29,59,61
6748,,,,19,29,59,61
6844,,,,19,29,59,61
6946,,,,19,29,59,61
7052,,,,19,29,59,61
7153,,,,19,29,59,61
7243,,,,19,29,59,61
7343,,,,19,29,59,61
7446,,,,19,29,59,61
7546,,,,19,29,59,61
7648,,,,19,29,59,61
7746,,,,19,29,59,61
7844,,,,19,29,59,61
7948,,,,19,29,59,61
8049,,,,19,29,59,61
8147,,,,19,29,59,61
8247,,,,19,29,59,61
8347,,,,19,29,59,61
8447,,,,19,29,59,61
8547,,,,19,29,59,61
8649,,,,19,29,59,61
8747,,,,19,29,59,61
8847,,,,19,29,59,61
8947,,,,19,29,59,61
9048,,,,19,29,59,61
9148,,,,19,29,59,61
9249,,,,19,29,59,61
9348,,,,19,29,59,61
9449,,,,19,29,59,61
9547,,,,19,29,59,61
9647,,,,19,29,59,61
9749,,,,19,29,59,61
9847,,,,19,29,59,61
9946,,,,19,29,59,61
10048,,,,19,29,59,61
10148,,,,19,29,59,61
10248,,,,19,29,59,61
10346,,,,19,29,59,61
10448,,,,19,29,59,61
10548,,,,19,29,59,61
10646,,,,19,29,59,61
10748,,,,19,29,59,61
10848,,,,19,29,59,61
10946,,,,19,29,59,61
11048,,,,19,29,59,61
11146,,,,19,29,59,61
11247,,,,19,29,59,61
11348,,,,19,29,59,61
11448,,,,19,29,59,61
11547,,,,19,29,59,61
11648,,,,19,29,59,61
11747,,,,19,29,59,61
11846,,,,19,29,59,61
11947,,,,19,29,59,61
12050,,,,19,29,59,61
12149,,,,19,29,59,61
12248,,,,19,29,59,61
12346,,,,19,29,59,61
12450,,,,19,29,59,61
12551,,,,19,29,59,61
12650,,,,19,29,59,61
12747,,,,19,29,59,61
12849,,,,19,29,59,61
12950,,,,19,29,59,61
13049,,,,19,29,59,61
13149,,,,19,29,59,61
13248,,,,19,29,59,61
13348,,,,19,29,59,61
13448,,,,19,29,59,61
13546,,,,19,29,59,61
13646,,,,19,29,59,61
13746,,,,19,29,59,61
13847,,,,19,29,59,61
13948,,,,19,29,59,61
14049,,,,19,29,59,61
14149,,,,19,29,59,61
14248,,,,19,29,59,61
14349,,,,19,29,59,61
14450,,,,19,29,59,61
14549,,,,19,29,59,61
14648,,,,19,29,59,61
14749,,,,19,29,59,61
14852,,,,19,29,59,61
14947,,,,19,29,59,61
15050,,,,19,29,59,61
15148,,,,19,29,59,61
15250,,,,19,29,59,61
15349,,,,19,29,59,61
15450,,,,19,29,59,61
15548,,,,19,29,59,61
15647,,,,19,29,59,61
15750,,,,19,29,59,61
15848,,,,19,29,59,61
15947,,,,19,29,59,61
16048,,,,19,29,59,61
16148,,,,19,29,59,61
16249,,,,19,29,59,61
16348,,,,19,29,59,61
16447,,,,19,29,59,61
16547,,,,19,29,59,61
16646,,,,19,29,59,61
16746,,,,19,29,59,61
16846,,,,19,29,59,61
16954,,,,19,29,59,61
17049,,,,19,29,59,61
17147,,,,19,29,59,61
17248,,,,19,29,59,61
17348,,,,19,29,59,61
17447,,,,19,29,59,61
17548,,,,19,29,59,61
17653,,,,19,29,59,61
17747,,,,19,29,59,61
17846,,,,19,29,59,61
17945,,,,19,29,59,61
18055,,,,19,29,59,61
18146,,,,19,29,59,61
18246,,,,19,29,59,61
18347,,,,19,29,59,61
18445,,,,19,29,59,61
18547,,,,19,29,59,61
18653,,,,19,29,59,61
18746,,,,19,29,59,61
18846,,,,19,29,59,61
18945,,,,19,29,59,61
19048,,,,19,29,59,61
19148,,,,19,29,59,61
19249,,,,19,29,59,61
19347,,,,19,29,59,61
19448,,,,19,29,59,61
19546,,,,19,29,59,61
19647,,,,19,29,59,61
19747,,,,19,29,59,61
19850,,,,19,29,59,61
19949,,,,19,29,59,61
20048,,,,19,29,59,61
20148,,,,19,29,59,61
20249,,,,19,29,59,61
20349,,,,19,29,59,61
20447,,,,19,29,59,61
20548,,,,19,29,59,61
20649,,,,19,29,59,61
20744,,,,19,29,59,61
20848,,,,19,29,59,61
20946,,,,19,29,59,61
21050,,,,19,29,59,61
21147,,,,19,29,59,61
21249,,,,19,29,59,61
21350,,,,19,29,59,61
21448,,,,19,29,59,61
21551,,,,19,29,59,61
21647,,,,19,29,59,61
21747,,,,19,29,59,61
21848,,,,19,29,59,61
21948,,,,19,29,59,61
22049,,,,19,29,59,61
22126,,,,19,29,59,61
22245,,,,19,29,59,61
22349,,,,19,29,59,61
22447,,,,19,29,59,61
22554,,,,19,29,59,61
22626,,,,19,29,59,61
22725,,,,19,29,59,61
22825,,,,19,29,59,61
22929,,,,19,29,59,61
23033,,,,19,29,59,61
23130,,,,19,29,59,61
23229,,,,19,29,59,61
23327,,,,19,29,59,61
23427,,,,19,29,59,61
23527,,,,19,29,59,61
23626,,,,19,29,59,61
23734,,,,19,29,59,61
23831,,,,19,29,59,61
23926,,,,19,29,59,61
24029,,,,19,29,59,61
24128,,,,19,29,59,61
24230,,,,19,29,59,61
24328,,,,19,29,59,61
24425,,,,19,29,59,61
24530,,,,19,29,59,61
24633,,,,19,29,59,61
24730,,,,19,29,59,61
24834,,,,19,29,59,61
24927,,,,19,29,59,61
25028,,,,19,29,59,61
25132,,,,19,29,59,61
25226,,,,19,29,59,61
25329,,,,19,29,59,61
25428,,,,19,29,59,61
25526,,,,19,29,59,61
25633,,,,19,29,59,61
25732,,,,19,29,59,61
25830,,,,19,29,59,61
25927,,,,19,29,59,61
26031,,,,19,29,59,61
26128,,,,19,29,59,61
26228,,,,19,29,59,61
26327,,,,19,29,59,61
26429,,,,19,29,59,61
26527,,,,19,29,59,61
26629,,,,19,29,59,61
26727,,,,19,29,59,61
26831,,,,19,29,59,61
26930,,,,19,29,59,61
27033,,,,19,29,59,61
27132,,,,19,29,59,61
27235,,,,19,29,59,61
27328,,,,19,29,59,61
27428,,,,19,29,59,61
27526,,,,19,29,59,61
27627,,,,19,29,59,61
27725,,,,19,29,59,61
27832,,,,19,29,59,61
27928,,,,19,29,59,61
28029,,,,19,29,59,61
28132,,,,19,29,59,61
28230,,,,19,29,59,61
28333,,,,19,29,59,61
28429,,,,19,29,59,61
28529,,,,19,29,59,61
28628,,,,19,29,59,61
28727,,,,19,29,59,61
28830,,,,19,29,59,61
28928,,,,19,29,59,61
29049,,,,19,29,59,61
29148,,,,19,29,59,61
29251,,,,19,29,59,61
29356,,,,19,29,59,61
29447,,,,19,29,59,61
29547,,,,19,29,59,61
29646,,,,19,29,59,61
29748,,,,19,29,59,61
29847,,,,19,29,59,61
29946,,,,19,29,59,61
30048,,,,19,29,59,61
30151,,,,19,29,59,61
30250,,,,19,29,59,61
30347,,,,19,29,59,61
30448,,,,19,29,59,61
30548,,,,19,29,59,61
30649,,,,19,29,59,61
30748,,,,19,29,59,61
30848,,,,19,29,59,61
30947,,,,19,29,59,61
31050,,,,19,29,59,61
31147,,,,19,29,59,61
31246,,,,19,29,59,61
31346,,,,19,29,59,61
31446,,,,19,29,59,61
31549,,,,19,29,59,61
31651,,,,19,29,59,61
31751,,,,19,29,59,61
31847,,,,19,29,59,61
31948,,,,19,29,59,61
32048,,,,19,29,59,61
32149,,,,19,29,59,61
32248,,,,19,29,59,61
32349,,,,19,29,59,61
32446,,,,19,29,59,61
32548,,,,19,29,59,61
32649,,,,19,29,59,61
32747,,,,19,29,59,61
32850,,,,19,29,59,61
32949,,,,19,29,59,61
33051,,,,19,29,59,61
33147,,,,19,29,59,61
33247,,,,19,29,59,61
33346,,,,19,29,59,61
33449,,,,19,29,59,61
33549,,,,19,29,59,61
33648,,,,19,29,59,61
33747,,,,19,29,59,61
33845,,,,19,29,59,61
33949,,,,19,29,59,61
34048,,,,19,29,59,61
34148,,,,19,29,59,61
34249,,,,19,29,59,61
34350,,,,19,29,59,61
34448,,,,19,29,59,61
34549,,,,19,29,59,61
34647,,,,19,29,59,61
34748,,,,19,29,59,61
34847,,,,19,29,59,61
34946,,,,19,29,59,61
35034,,,,19,29,59,61
35138,,,,19,29,59,61
35226,,,,19,29,59,61
35342,,,,19,29,59,61
35440,,,,19,29,59,61
35533,,,,19,29,59,61
35648,,,,19,29,59,61
35748,,,,19,29,59,61
35847,,,,19,29,59,61
35949,,,,19,29,59,61
36050,,,,19,29,59,61
36149,,,,19,29,59,61
36248,,,,19,29,59,61
36349,,,,19,29,59,61
36449,,,,19,29,59,61
36548,,,,19,29,59,61
36648,,,,19,29,59,61
36752,,,,19,29,59,61
36846,,,,19,29,59,61
36947,,,,19,29,59,61
37049,,,,19,29,59,61
37148,,,,19,29,59,61
37250,,,,19,29,59,61
37349,,,,19,29,59,61
37448,,,,19,29,59,61
37549,,,,19,29,59,61
37646,,,,19,29,59,61
37749,,,,19,29,59,61
37849,,,,19,29,59,61
37948,,,,19,29,59,61
38050,,,,19,29,59,61
38152,,,,19,29,59,61
38249,,,,19,29,59,61
38348,,,,19,29,59,61
38449,,,,19,29,59,61
38550,,,,19,29,59,61
38648,,,,19,29,59,61
38750,,,,19,29,59,61
38848,,,,19,29,59,61
38948,,,,19,29,59,61
39050,,,,19,29,59,61
39148,,,,19,29,59,61
39248,,,,19,29,59,61
39348,,,,19,29,59,61
39449,,,,19,29,59,61
39545,,,,19,29,59,61
39649,,,,19,29,59,61
39747,,,,19,29,59,61
39849,,,,19,29,59,61
39949,,,,19,29,59,61
40047,,,,19,29,59,61
40148,,,,19,29,59,61
40249,,,,19,29,59,61
40349,,,,19,29,59,61
40450,,,,19,29,59,61
40549,,,,19,29,59,61
40649,,,,19,29,59,61
40748,,,,19,29,59,61
40847,,,,19,29,59,61
40948,,,,19,29,59,61
41050,,,,19,29,59,61
41149,,,,19,29,59,61
41250,,,,19,29,59,61
41348,,,,19,29,59,61
41448,,,,19,29,59,61
41548,,,,19,29,59,61
41649,,,,19,29,59,61
41748,,,,19,29,59,61
41848,,,,19,29,59,61
41949,,,,19,29,59,61
42048,,,,19,29,59,61
42149,,,,19,29,59,61
42250,,,,19,29,59,61
42349,,,,19,29,59,61
42448,,,,19,29,59,61
42549,,,,19,29,59,61
42650,,,,19,29,59,61
42749,,,,19,29,59,61
42847,,,,19,29,59,61
42948,,,,19,29,59,61
43050,,,,19,29,59,61
43149,,,,19,29,59,61
43251,,,,19,29,59,61
43350,,,,19,29,59,61
43449,,,,19,29,59,61
43549,,,,19,29,59,61
43651,,,,19,29,59,61
43748,,,,19,29,59,61
43849,,,,19,29,59,61
43953,,,,19,29,59,61
44051,,,,19,29,59,61
44152,,,,19,29,59,61
44249,,,,19,29,59,61
44348,,,,19,29,59,61
44448,,,,19,29,59,61
44546,,,,19,29,59,61
44650,,,,19,29,59,61
44749,,,,19,29,59,61
44849,,,,19,29,59,61
44948,,,,19,29,59,61
45051,,,,19,29,59,61
45149,,,,19,29,59,61
45248,,,,19,29,59,61
45347,,,,19,29,59,61
45450,,,,19,29,59,61
45547,,,,19,29,59,61
45649,,,,19,29,59,61
45748,,,,19,29,59,61
45848,,,,19,29,59,61
45947,,,,19,29,59,61
46048,,,,19,29,59,61
46149,,,,19,29,59,61
46251,,,,19,29,59,61
46352,,,,19,29,59,61
46450,,,,19,29,59,61
46549,,,,19,29,59,61
46649,,,,19,29,59,61
46750,,,,19,29,59,61
46849,,,,19,29,59,61
46951,,,,19,29,59,61
47048,,,,19,29,59,61
47148,,,,19,29,59,61
47249,,,,19,29,59,61
47351,,,,19,29,59,61
47448,,,,19,29,59,61
47551,,,,19,29,59,61
47648,,,,19,29,59,61
47750,,,,19,29,59,61
47852,,,,19,29,59,61
47947,,,,19,29,59,61
48049,,,,19,29,59,61
48150,,,,19,29,59,61
48248,,,,19,29,59,61
48349,,,,19,29,59,61
48446,,,,19,29,59,61
48548,,,,19,29,59,61
48648,,,,19,29,59,61
48747,,,,19,29,59,61
48847,,,,19,29,59,61
48948,,,,19,29,59,61
49050,,,,19,29,59,61
49149,,,,19,29,59,61
49250,,,,19,29,59,61
49348,,,,19,29,59,61
49450,,,,19,29,59,61
49549,,,,19,29,59,61
49649,,,,19,29,59,61
49751,,,,19,29,59,61
49851,,,,19,29,59,61
49952,,,,19,29,59,61
50049,,,,19,29,59,61
50150,,,,19,29,59,61
50249,,,,19,29,59,61
50350,,,,19,29,59,61
50449,,,,19,29,59,61
50551,,,,19,29,59,61
50650,,,,19,29,59,61
50750,,,,19,29,59,61
50849,,,,19,29,59,61
50950,,,,19,29,59,61
51051,,,,19,29,59,61
51150,,,,19,29,59,61
51250,,,,19,29,59,61
51349,,,,19,29,59,61
51450,,,,19,29,59,61
51550,,,,19,29,59,61
51649,,,,19,29,59,61
51749,,,,19,29,59,61
51848,,,,19,29,59,61
51949,,,,19,29,59,61
52050,,,,19,29,59,61
52148,,,,19,29,59,61
52249,,,,19,29,59,61
52349,,,,19,29,59,61
52450,,,,19,29,59,61
52549,,,,19,29,59,61
52652,,,,19,29,59,61
52748,,,,19,29,59,61
52851,,,,19,29,59,61
52948,,,,19,29,59,61
53051,,,,19,29,59,61
53151,,,,19,29,59,61
53250,,,,19,29,59,61
53349,,,,19,29,59,61
53451,,,,19,29,59,61
53549,,,,19,29,59,61
53649,,,,19,29,59,61
53749,,,,19,29,59,61
53848,,,,19,29,59,61
53949,,,,19,29,59,61
54049,,,,19,29,59,61
54150,,,,19,29,59,61
54250,,,,19,29,59,61
54353,,,,19,29,59,61
54451,,,,19,29,59,61
54548,,,,19,29,59,61
54650,,,,19,29,59,61
54750,,,,19,29,59,61
54848,,,,19,29,59,61
54949,,,,19,29,59,61
55050,,,,19,29,59,61
55147,,,,19,29,59,61
55250,,,,19,29,59,61
55349,,,,19,29,59,61
55449,,,,19,29,59,61
55549,,,,19,29,59,61
55649,,,,19,29,59,61
55749,,,,19,29,59,61
55848,,,,19,29,59,61
55949,,,,19,29,59,61
56049,,,,19,29,59,61
56149,,,,19,29,59,61
56248,,,,19,29,59,61
56349,,,,19,29,59,61
56451,,,,19,29,59,61
56551,,,,19,29,59,61
56650,,,,19,29,59,61
56752,,,,19,29,59,61
56851,,,,19,29,59,61
56948,,,,19,29,59,61
57051,,,,19,29,59,61
57150,,,,19,29,59,61
57250,,,,19,29,59,61
57348,,,,19,29,59,61
57451,,,,19,29,59,61
57549,,,,19,29,59,61
57650,,,,19,29,59,61
57748,,,,19,29,59,61
57849,,,,19,29,59,61
57949,,,,19,29,59,61
58049,,,,19,29,59,61
58149,,,,19,29,59,61
58249,,,,19,29,59,61
58350,,,,19,29,59,61
58449,,,,19,29,59,61
58550,,,,19,29,59,61
58650,,,,19,29,59,61
58747,,,,19,29,59,61
58847,,,,19,29,59,61
58950,,,,19,29,59,61
59048,,,,19,29,59,61
59152,,,,19,29,59,61
59251,,,,19,29,59,61
59348,,,,19,29,59,61
59450,,,,19,29,59,61
59550,,,,19,29,59,61
59649,,,,19,29,59,61
59752,,,,19,29,59,61
59847,,,,19,29,59,61
59950,,,,19,29,59,61
60050,,,,19,29,59,61
60149,,,,19,29,59,61
60250,,,,19,29,59,61
60349,,,,19,29,59,61
60449,,,,19,29,59,61
60550,,,,19,29,59,61
60649,,,,19,29,59,61
60751,,,,19,29,59,61
60850,,,,19,29,59,61
60949,,,,19,29,59,61
61049,,,,19,29,59,61
61150,,,,19,29,59,61
61250,,,,19,29,59,61
61349,,,,19,29,59,61
61449,,,,19,29,59,61
61548,,,,19,29,59,61
61648,,,,19,29,59,61
61746,,,,19,29,59,61
61851,,,,19,29,59,61
61950,,,,19,29,59,61
62049,,,,19,29,59,61
62149,,,,19,29,59,61
62249,,,,19,29,59,61
62349,,,,19,29,59,61
62448,,,,19,29,59,61
62549,,,,19,29,59,61
62649,,,,19,29,59,61
62748,,,,19,29,59,61
62847,,,,19,29,59,61
62948,,,,19,29,59,61
63051,,,,19,29,59,61
63149,,,,19,29,59,61
63249,,,,19,29,59,61
63349,,,,19,29,59,61
63448,,,,19,29,59,61
63547,,,,19,29,59,61
63649,,,,19,29,59,61
63749,,,,19,29,59,61
63849,,,,19,29,59,61
63950,,,,19,29,59,61
64050,,,,19,29,59,61
64150,,,,19,29,59,61
64249,,,,19,29,59,61
64349,,,,19,29,59,61
64451,,,,19,29,59,61
64549,,,,19,29,59,61
64650,,,,19,29,59,61
64747,,,,19,29,59,61
64847,,,,19,29,59,61
64948,,,,19,29,59,61
65050,,,,19,29,59,61
65148,,,,19,29,59,61
65249,,,,19,29,59,61
65348,,,,19,29,59,61
65452,,,,19,29,59,61
65549,,,,19,29,59,61
65649,,,,19,29,59,61
65749,,,,19,29,59,61
65847,,,,19,29,59,61
65947,,,,19,29,59,61
66049,,,,19,29,59,61
66151,,,,19,29,59,61
66249,,,,19,29,59,61
66349,,,,19,29,59,61
66449,,,,19,29,59,61
66547,,,,19,29,59,61
66651,,,,19,29,59,61
66750,,,,19,29,59,61
66849,,,,19,29,59,61
66949,,,,19,29,59,61
67049,,,,19,29,59,61
67150,,,,19,29,59,61
67249,,,,19,29,59,61
67349,,,,19,29,59,61
67449,,,,19,29,59,61
67547,,,,19,29,59,61
67648,,,,19,29,59,61
67749,,,,19,29,59,61
67848,,,,19,29,59,61
67947,,,,19,29,59,61
68049,,,,19,29,59,61
68150,,,,19,29,59,61
68249,,,,19,29,59,61
68349,,,,19,29,59,61
68449,,,,19,29,59,61
68550,,,,19,29,59,61
68648,,,,19,29,59,61
68747,,,,19,29,59,61
68848,,,,19,29,59,61
68947,,,,19,29,59,61
69051,,,,19,29,59,61
69148,,,,19,29,59,61
69250,,,,19,29,59,61
69350,,,,19,29,59,61
69449,,,,19,29,59,61
69550,,,,19,29,59,61
69648,,,,19,29,59,61
69751,,,,19,29,59,61
69848,,,,19,29,59,61
69963,,,,19,29,59,61
70051,,,,19,29,59,61
70152,,,,19,29,59,61
70250,,,,19,29,59,61
70352,,,,19,29,59,61
70450,,,,19,29,59,61
70552,,,,19,29,59,61
70650,,,,19,29,59,61
70750,,,,19,29,59,61
70850,,,,19,29,59,61
70948,,,,19,29,59,61
71052,,,,19,29,59,61
71153,,,,19,29,59,61
71253,,,,19,29,59,61
71349,,,,19,29,59,61
71449,,,,19,29,59,61
71549,,,,19,29,59,61
71651,,,,19,29,59,61
71749,,,,19,29,59,61
71847,,,,19,29,59,61
71950,,,,19,29,59,61
72049,,,,19,29,59,61
72149,,,,19,29,59,61
72250,,,,19,29,59,61
72352,,,,19,29,59,61
72450,,,,19,29,59,61
72549,,,,19,29,59,61
72651,,,,19,29,59,61
72748,,,,19,29,59,61
72847,,,,19,29,59,61
72950,,,,19,29,59,61
73053,,,,19,29,59,61
73153,,,,19,29,59,61
73252,,,,19,29,59,61
73350,,,,19,29,59,61
73448,,,,19,29,59,61
73548,,,,19,29,59,61
73650,,,,19,29,59,61
73749,,,,19,29,59,61
73849,,,,19,29,59,61
73950,,,,19,29,59,61
74050,,,,19,29,59,61
74150,,,,19,29,59,61
74251,,,,19,29,59,61
74351,,,,19,29,59,61
74450,,,,19,29,59,61
74550,,,,19,29,59,61
74652,,,,19,29,59,61
74746,,,,19,29,59,61
74849,,,,19,29,59,61
74950,,,,19,29,59,61
75050,,,,19,29,59,61
75147,,,,19,29,59,61
75249,,,,19,29,59,61
75347,,,,19,29,59,61
75448,,,,19,29,59,61
75551,,,,19,29,59,61
75648,,,,19,29,59,61
75750,,,,19,29,59,61
75850,,,,19,29,59,61
75951,,,,19,29,59,61
76049,,,,19,29,59,61
76150,,,,19,29,59,61
76249,,,,19,29,59,61
76349,,,,19,29,59,61
76449,,,,19,29,59,61
76549,,,,19,29,59,61
76649,,,,19,29,59,61
76749,,,,19,29,59,61
76849,,,,19,29,59,61
76948,,,,19,29,59,61
77050,,,,19,29,59,61
77149,,,,19,29,59,61
77249,,,,19,29,59,61
77350,,,,19,29,59,61
77451,,,,19,29,59,61
77548,,,,19,29,59,61
77648,,,,19,29,59,61
77750,,,,19,29,59,61
77848,,,,19,29,59,61
77949,,,,19,29,59,61
78050,,,,19,29,59,61
78148,,,,19,29,59,61
78251,,,,19,29,59,61
78350,,,,19,29,59,61
78449,,,,19,29,59,61
78551,,,,19,29,59,61
78648,,,,19,29,59,61
78749,,,,19,29,59,61
78848,,,,19,29,59,61
78953,,,,19,29,59,61
79049,,,,19,29,59,61
79149,,,,19,29,59,61
79251,,,,19,29,59,61
79350,,,,19,29,59,61
79450,,,,19,29,59,61
79549,,,,19,29,59,61
79651,,,,19,29,59,61
79750,,,,19,29,59,61
79848,,,,19,29,59,61
79948,,,,19,29,59,61
80048,,,,19,29,59,61
80149,,,,19,29,59,61
80249,,,,19,29,59,61
80350,,,,19,29,59,61
80449,,,,19,29,59,61
80549,,,,19,29,59,61
80650,,,,19,29,59,61
80750,,,,19,29,59,61
80848,,,,19,29,59,61
80950,,,,19,29,59,61
81050,,,,19,29,59,61
81147,,,,19,29,59,61
81249,,,,19,29,59,61
81352,,,,19,29,59,61
81451,,,,19,29,59,61
81548,,,,19,29,59,61
81650,,,,19,29,59,61
81749,,,,19,29,59,61
81846,,,,19,29,59,61
81949,,,,19,29,59,61
82050,,,,19,29,59,61
82149,,,,19,29,59,61
82249,,,,19,29,59,61
82348,,,,19,29,59,61
82451,,,,19,29,59,61
82548,,,,19,29,59,61
82650,,,,19,29,59,61
82749,,,,19,29,59,61
82849,,,,19,29,59,61
82948,,,,19,29,59,61
83049,,,,19,29,59,61
83149,,,,19,29,59,61
83251,,,,19,29,59,61
83349,,,,19,29,59,61
83457,,,,19,29,59,61
83551,,,,19,29,59,61
83648,,,,19,29,59,61
83749,,,,19,29,59,61
83847,,,,19,29,59,61
83949,,,,19,29,59,61
84049,,,,19,29,59,61
84148,,,,19,29,59,61
84251,,,,19,29,59,61
84350,,,,19,29,59,61
84451,,,,19,29,59,61
84550,,,,19,29,59,61
84648,,,,19,29,59,61
84748,,,,19,29,59,61
84847,,,,19,29,59,61
84949,,,,19,29,59,61
85051,,,,19,29,59,61
85148,,,,19,29,59,61
85251,,,,19,29,59,61
85349,,,,19,29,59,61
85448,,,,19,29,59,61
85549,,,,19,29,59,61
85650,,,,19,29,59,61
85751,,,,19,29,59,61
85849,,,,19,29,59,61
85950,,,,19,29,59,61
86050,,,,19,29,59,61
86149,,,,19,29,59,61
86250,,,,19,29,59,61
86349,,,,19,29,59,61
86449,,,,19,29,59,61
86548,,,,19,29,59,61
86649,,,,19,29,59,61
86751,,,,19,29,59,61
86850,,,,19,29,59,61
86948,,,,19,29,59,61
87050,,,,19,29,59,61
87150,,,,19,29,59,61
87251,,,,19,29,59,61
87350,,,,19,29,59,61
87450,,,,19,29,59,61
87549,,,,19,29,59,61
87650,,,,19,29,59,61
87748,,,,19,29,59,61
87851,,,,19,29,59,61
87950,,,,19,29,59,61
88051,,,,19,29,59,61
88150,,,,19,29,59,61
88248,,,,19,29,59,61
88351,,,,19,29,59,61
88449,,,,19,29,59,61
88550,,,,19,29,59,61
88651,,,,19,29,59,61
88749,,,,19,29,59,61
88848,,,,19,29,59,61
88949,,,,19,29,59,61
89051,,,,19,29,59,61
89128,,,,19,29,59,61
89226,,,,19,29,59,61
89338,,,,19,29,59,61
89448,,,,19,29,59,61
89548,,,,19,29,59,61
89649,,,,19,29,59,61
89750,,,,19,29,59,61
89850,,,,19,29,59,61
89950,,,,19,29,59,61
90051,,,,19,29,59,61
90150,,,,19,29,59,61
90249,,,,19,29,59,61
90348,,,,19,29,59,61
90449,,,,19,29,59,61
90548,,,,19,29,59,61
90650,,,,19,29,59,61
90751,,,,19,29,59,61
90838,,,,19,29,59,61
90949,,,,19,29,59,61
91051,,,,19,29,59,61
91149,,,,19,29,59,61
91251,,,,19,29,59,61
91350,,,,19,29,59,61
91448,,,,19,29,59,61
91547,,,,19,29,59,61
91650,,,,19,29,59,61
91747,,,,19,29,59,61
91848,,,,19,29,59,61
91948,,,,19,29,59,61
92048,,,,19,29,59,61
92150,,,,19,29,59,61
92250,,,,19,29,59,61
92350,,,,19,29,59,61
92449,,,,19,29,59,61
92547,,,,19,29,59,61
92651,,,,19,29,59,61
92748,,,,19,29,59,61
92850,,,,19,29,59,61
92949,,,,19,29,59,61
93049,,,,19,29,59,61
93148,,,,19,29,59,61
93249,,,,19,29,59,61
93349,,,,19,29,59,61
93449,,,,19,29,59,61
93550,,,,19,29,59,61
93651,,,,19,29,59,61
93749,,,,19,29,59,61
93849,,,,19,29,59,61
93948,,,,19,29,59,61
94050,,,,19,29,59,61
94150,,,,19,29,59,61
94250,,,,19,29,59,61
94349,,,,19,29,59,61
94447,,,,19,29,59,61
94550,,,,19,29,59,61
94648,,,,19,29,59,61
94748,,,,19,29,59,61
94847,,,,19,29,59,61
94951,,,,19,29,59,61
95052,,,,19,29,59,61
95149,,,,19,29,59,61
95250,,,,19,29,59,61
95348,,,,19,29,59,61
95451,,,,19,29,59,61
95548,,,,19,29,59,61
95648,,,,19,29,59,61
95750,,,,19,29,59,61
95848,,,,19,29,59,61
95949,,,,19,29,59,61
96050,,,,19,29,59,61
96149,,,,19,29,59,61
96250,,,,19,29,59,61
96351,,,,19,29,59,61
96451,,,,19,29,59,61
96547,,,,19,29,59,61
96649,,,,19,29,59,61
96749,,,,19,29,59,61
96850,,,,19,29,59,61
96949,,,,19,29,59,61
97050,,,,19,29,59,61
97148,,,,19,29,59,61
97249,,,,19,29,59,61
97347,,,,19,29,59,61
97449,,,,19,29,59,61
97545,,,,19,29,59,61
97651,,,,19,29,59,61
97746,,,,19,29,59,61
97849,,,,19,29,59,61
97947,,,,19,29,59,61
98050,,,,19,29,59,61
98146,,,,19,29,59,61
98250,,,,19,29,59,61
98346,,,,19,29,59,61
98448,,,,19,29,59,61
98545,,,,19,29,59,61
98651,,,,19,29,59,61
98748,,,,19,29,59,61
98838,,,,19,29,59,61
98944,,,,19,29,59,61
99051,,,,19,29,59,61
99145,,,,19,29,59,61
99250,,,,19,29,59,61
99345,,,,19,29,59,61
99449,,,,19,29,59,61
99546,,,,19,29,59,61
99649,,,,19,29,59,61
99746,,,,19,29,59,61
99851,,,,19,29,59,61
99945,,,,19,29,59,61
100050,,,,19,29,59,61
100146,,,,19,29,59,61
100249,,,,19,29,59,61
100348,,,,19,29,59,61
100453,,,,19,29,59,61
100537,,,,19,29,59,61
100651,,,,19,29,59,61
100746,,,,19,29,59,61
100848,,,,19,29,59,61
100944,,,,19,29,59,61
101051,,,,19,29,59,61
101145,,,,19,29,59,61
101251,,,,19,29,59,61
101343,,,,19,29,59,61
101450,,,,19,29,59,61
101546,,,,19,29,59,61
101648,,,,19,29,59,61
101744,,,,19,29,59,61
101849,,,,19,29,59,61
101946,,,,19,29,59,61
102051,,,,19,29,59,61
102146,,,,19,29,59,61
102251,,,,19,29,59,61
102346,,,,19,29,59,61
102449,,,,19,29,59,61
102546,,,,19,29,59,61
102650,,,,19,29,59,61
102744,,,,19,29,59,61
102849,,,,19,29,59,61
102945,,,,19,29,59,61
103050,,,,19,29,59,61
103144,,,,19,29,59,61
103251,,,,19,29,59,61
103345,,,,19,29,59,61
103451,,,,19,29,59,61
103546,,,,19,29,59,61
103650,,,,19,29,59,61
103745,,,,19,29,59,61
103849,,,,19,29,59,61
103944,,,,19,29,59,61
104049,,,,19,29,59,61
104146,,,,19,29,59,61
104250,,,,19,29,59,61
104347,,,,19,29,59,61
104450,,,,19,29,59,61
104545,,,,19,29,59,61
104649,,,,19,29,59,61
104745,,,,19,29,59,61
104849,,,,19,29,59,61
104945,,,,19,29,59,61
105052,,,,19,29,59,61
105144,,,,19,29,59,61
105249,,,,19,29,59,61
105345,,,,19,29,59,61
105450,,,,19,29,59,61
105543,,,,19,29,59,61
105650,,,,19,29,59,61
105748,,,,19,29,59,61
105848,,,,19,29,59,61
105947,,,,19,29,59,61
106050,,,,19,29,59,61
106149,,,,19,29,59,61
106252,,,,19,29,59,61
106347,,,,19,29,59,61
106452,,,,19,29,59,61
106547,,,,19,29,59,61
106652,,,,19,29,59,61
106746,,,,19,29,59,61
106851,,,,19,29,59,61
106946,,,,19,29,59,61
107053,,,,19,29,59,61
107147,,,,19,29,59,61
107252,,,,19,29,59,61
107348,,,,19,29,59,61
107451,,,,19,29,59,61
107547,,,,19,29,59,61
107651,,,,19,29,59,61
107756,,,,19,29,59,61
107849,,,,19,29,59,61
107943,,,,19,29,59,61
108044,,,,19,29,59,61
108144,,,,19,29,59,61
108246,,,,19,29,59,61
108341,,,,19,29,59,61
108437,,,,19,29,59,61
108525,,,,19,29,59,61
108652,,,,19,29,59,61
108742,,,,19,29,59,61
108844,,,,19,29,59,61
108923,,,,19,29,59,61
109031,,,,19,29,59,61
109144,,,,19,29,59,61
109236,,,,19,29,59,61
109341,,,,19,29,59,61
109428,,,,19,29,59,61
109527,,,,19,29,59,61
109643,,,,19,29,59,61
109733,,,,19,29,59,61
109844,,,,19,29,59,61
109934,,,,19,29,59,61
110030,,,,19,29,59,61
110145,,,,19,29,59,61
110227,,,,19,29,59,61
110340,,,,19,29,59,61
110438,,,,19,29,59,61
110529,,,,19,29,59,61
110649,,,,19,29,59,61
110743,,,,19,29,59,61
110845,,,,19,29,59,61
110941,,,,19,29,59,61
111047,,,,19,29,59,61
111146,,,,19,29,59,61
111250,,,,19,29,59,61
111344,,,,19,29,59,61
111448,,,,19,29,59,61
111541,,,,19,29,59,61
111637,,,,19,29,59,61
111723,,,,19,29,59,61
111844,,,,19,29,59,61
111934,,,,19,29,59,61
112039,,,,19,29,59,61
112138,,,,19,29,59,61
112235,,,,19,29,59,61
112341,,,,19,29,59,61
112435,,,,19,29,59,61
112529,,,,19,29,59,61
112640,,,,19,29,59,61
112734,,,,19,29,59,61
112840,,,,19,29,59,61
112938,,,,19,29,59,61
113046,,,,19,29,59,61
113141,,,,19,29,59,61
113236,,,,19,29,59,61
113338,,,,19,29,59,61
113439,,,,19,29,59,61
113529,,,,19,29,59,61
113638,,,,19,29,59,61
113744,,,,19,29,59,61
113839,,,,19,29,59,61
113937,,,,19,29,59,61
114045,,,,19,29,59,61
114141,,,,19,29,59,61
114236,,,,19,29,59,61
114344,,,,19,29,59,61
114446,,,,19,29,59,61
114543,,,,19,29,59,61
114646,,,,19,29,59,61
114743,,,,19,29,59,61
114843,,,,19,29,59,61
114946,,,,19,29,59,61
115044,,,,19,29,59,61
115144,,,,19,29,59,61
115242,,,,19,29,59,61
115341,,,,19,29,59,61
115442,,,,19,29,59,61
115534,,,,19,29,59,61
115644,,,,19,29,59,61
115743,,,,19,29,59,61
115846,,,,19,29,59,61
115944,,,,19,29,59,61
116046,,,,19,29,59,61
116146,,,,19,29,59,61
116246,,,,19,29,59,61
116345,,,,19,29,59,61
116445,,,,19,29,59,61
116544,,,,19,29,59,61
116644,,,,19,29,59,61
116746,,,,19,29,59,61
116843,,,,19,29,59,61
116940,,,,19,29,59,61
117044,,,,19,29,59,61
117146,,,,19,29,59,61
117245,,,,19,29,59,61
117345,,,,19,29,59,61
117443,,,,19,29,59,61
117543,,,,19,29,59,61
117646,,,,19,29,59,61
117744,,,,19,29,59,61
117844,,,,19,29,59,61
117941,,,,19,29,59,61
118046,,,,19,29,59,61
118140,,,,19,29,59,61
118243,,,,19,29,59,61
118343,,,,19,29,59,61
118446,,,,19,29,59,61
118542,,,,19,29,59,61
118645,,,,19,29,59,61
118742,,,,19,29,59,61
118843,,,,19,29,59,61
118945,,,,19,29,59,61
119047,,,,19,29,59,61
119145,,,,19,29,59,61
119246,,,,19,29,59,61
119345,,,,19,29,59,61
119448,,,,19,29,59,61
119546,,,,19,29,59,61
119644,,,,19,29,59,61
119747,,,,19,29,59,61
119844,,,,19,29,59,61
119946,,,,19,29,59,61
120046,,,,19,29,59,61
120146,,,,19,29,59,61
120247,,,,19,29,59,61
120347,,,,19,29,59,61
120446,,,,19,29,59,61
120547,,,,19,29,59,61
120648,,,,19,29,59,61
120745,,,,19,29,59,61
120847,,,,19,29,59,61
120945,,,,19,29,59,61
121049,,,,19,29,59,61
121147,,,,19,29,59,61
121246,,,,19,29,59,61
121348,,,,19,29,59,61
121446,,,,19,29,59,61
121547,,,,19,29,59,61
121647,,,,19,29,59,61
121748,,,,19,29,59,61
121846,,,,19,29,59,61
121947,,,,19,29,59,61
122047,,,,19,29,59,61
122148,,,,19,29,59,61
122247,,,,19,29,59,61
122348,,,,19,29,59,61
122445,,,,19,29,59,61
122546,,,,19,29,59,61
122649,,,,19,29,59,61
122746,,,,19,29,59,61
122847,,,,19,29,59,61
122948,,,,19,29,59,61
123048,,,,19,29,59,61
123148,,,,19,29,59,61
123248,,,,19,29,59,61
123347,,,,19,29,59,61
123447,,,,19,29,59,61
123548,,,,19,29,59,61
123647,,,,19,29,59,61
123747,,,,19,29,59,61
123847,,,,19,29,59,61
123946,,,,19,29,59,61
124048,,,,19,29,59,61
124152,,,,19,29,59,61
124244,,,,19,29,59,61
124346,,,,19,29,59,61
124446,,,,19,29,59,61
124547,,,,19,29,59,61
124634,,,,19,29,59,61
124746,,,,19,29,59,61
124845,,,,19,29,59,61
124947,,,,19,29,59,61
125049,,,,19,29,59,61
125147,,,,19,29,59,61
125247,,,,19,29,59,61
125347,,,,19,29,59,61
125446,,,,19,29,59,61
125544,,,,19,29,59,61
125647,,,,19,29,59,61
125747,,,,19,29,59,61
125847,,,,19,29,59,61
125947,,,,19,29,59,61
126049,,,,19,29,59,61
126148,,,,19,29,59,61
126247,,,,19,29,59,61
126349,,,,19,29,59,61
126446,,,,19,29,59,61
126547,,,,19,29,59,61
126648,,,,19,29,59,61
126746,,,,19,29,59,61
126847,,,,19,29,59,61
126946,,,,19,29,59,61
127047,,,,19,29,59,61
127146,,,,19,29,59,61
127248,,,,19,29,59,61
127348,,,,19,29,59,61
127448,,,,19,29,59,61
127547,,,,19,29,59,61
127647,,,,19,29,59,61
127746,,,,19,29,59,61
127846,,,,19,29,59,61
127949,,,,19,29,59,61
128047,,,,19,29,59,61
128149,,,,19,29,59,61
128248,,,,19,29,59,61
128348,,,,19,29,59,61
128449,,,,19,29,59,61
128548,,,,19,29,59,61
128648,,,,19,29,59,61
128745,,,,19,29,59,61
128848,,,,19,29,59,61
128947,,,,19,29,59,61
129047,,,,19,29,59,61
129147,,,,19,29,59,61
129247,,,,19,29,59,61
129347,,,,19,29,59,61
129447,,,,19,29,59,61
129546,,,,19,29,59,61
129646,,,,19,29,59,61
129748,,,,19,29,59,61
129846,,,,19,29,59,61
129947,,,,19,29,59,61
130048,,,,19,29,59,61
130148,,,,19,29,59,61
130248,,,,19,29,59,61
130347,,,,19,29,59,61
130447,,,,19,29,59,61
130547,,,,19,29,59,61
130648,,,,19,29,59,61
130747,,,,19,29,59,61
130850,,,,19,29,59,61
130947,,,,19,29,59,61
131049,,,,19,29,59,61
131149,,,,19,29,59,61
131247,,,,19,29,59,61
131347,,,,19,29,59,61
131447,,,,19,29,59,61
131545,,,,19,29,59,61
131647,,,,19,29,59,61
131745,,,,19,29,59,61
131845,,,,19,29,59,61
131947,,,,19,29,59,61
132047,,,,19,29,59,61
132147,,,,19,29,59,61
132248,,,,19,29,59,61
132347,,,,19,29,59,61
132445,,,,19,29,59,61
132548,,,,19,29,59,61
132648,,,,19,29,59,61
132747,,,,19,29,59,61
132847,,,,19,29,59,61
132947,,,,19,29,59,61
133050,,,,19,29,59,61
133146,,,,19,29,59,61
133249,,,,19,29,59,61
133347,,,,19,29,59,61
133447,,,,19,29,59,61
133547,,,,19,29,59,61
133647,,,,19,29,59,61
133747,,,,19,29,59,61
133847,,,,19,29,59,61
133946,,,,19,29,59,61
134045,,,,19,29,59,61
134146,,,,19,29,59,61
134247,,,,19,29,59,61
134348,,,,19,29,59,61
134448,,,,19,29,59,61
134547,,,,19,29,59,61
134647,,,,19,29,59,61
134747,,,,19,29,59,61
134845,,,,19,29,59,61
134947,,,,19,29,59,61
135049,,,,19,29,59,61
135148,,,,19,29,59,61
135247,,,,19,29,59,61
135348,,,,19,29,59,61
135447,,,,19,29,59,61
135545,,,,19,29,59,61
135648,,,,19,29,59,61
135748,,,,19,29,59,61
135846,,,,19,29,59,61
135947,,,,19,29,59,61
136049,,,,19,29,59,61
136149,,,,19,29,59,61
136249,,,,19,29,59,61
136348,,,,19,29,59,61
136449,,,,19,29,59,61
136549,,,,19,29,59,61
136648,,,,19,29,59,61
136748,,,,19,29,59,61
136846,,,,19,29,59,61
136946,,,,19,29,59,61
137047,,,,19,29,59,61
137147,,,,19,29,59,61
137249,,,,19,29,59,61
137349,,,,19,29,59,61
137448,,,,19,29,59,61
137547,,,,19,29,59,61
137647,,,,19,29,59,61
137750,,,,19,29,59,61
137847,,,,19,29,59,61
137947,,,,19,29,59,61
138048,,,,19,29,59,61
138148,,,,19,29,59,61
138249,,,,19,29,59,61
138348,,,,19,29,59,61
138447,,,,19,29,59,61
138548,,,,19,29,59,61
138649,,,,19,29,59,61
138748,,,,19,29,59,61
138847,,,,19,29,59,61
138945,,,,19,29,59,61
139050,,,,19,29,59,61
139146,,,,19,29,59,61
139251,,,,19,29,59,61
139346,,,,19,29,59,61
139447,,,,19,29,59,61
139549,,,,19,29,59,61
139649,,,,19,29,59,61
139748,,,,19,29,59,61
139848,,,,19,29,59,61
139947,,,,19,29,59,61
140048,,,,19,29,59,61
140149,,,,19,29,59,61
140248,,,,19,29,59,61
140346,,,,19,29,59,61
140449,,,,19,29,59,61
140549,,,,19,29,59,61
140648,,,,19,29,59,61
140746,,,,19,29,59,61
140848,,,,19,29,59,61
140947,,,,19,29,59,61
141049,,,,19,29,59,61
141149,,,,19,29,59,61
141250,,,,19,29,59,61
141351,,,,19,29,59,61
141449,,,,19,29,59,61
141549,,,,19,29,59,61
141649,,,,19,29,59,61
141748,,,,19,29,59,61
141848,,,,19,29,59,61
141948,,,,19,29,59,61
142048,,,,19,29,59,61
142154,,,,19,29,59,61
142230,,,,19,29,59,61
142332,,,,19,29,59,61
142425,,,,19,29,59,61
142548,,,,19,29,59,61
142627,,,,19,29,59,61
142730,,,,19,29,59,61
142824,,,,19,29,59,61
142928,,,,19,29,59,61
143029,,,,19,29,59,61
143125,,,,19,29,59,61
143226,,,,19,29,59,61
143348,,,,19,29,59,61
143448,,,,19,29,59,61
143546,,,,19,29,59,61
143647,,,,19,29,59,61
143726,,,,19,29,59,61
143824,,,,19,29,59,61
143946,,,,19,29,59,61
144048,,,,19,29,59,61
144146,,,,19,29,59,61
144247,,,,19,29,59,61
144348,,,,19,29,59,61
144446,,,,19,29,59,61
144549,,,,19,29,59,61
144648,,,,19,29,59,61
144747,,,,19,29,59,61
144847,,,,19,29,59,61
144947,,,,19,29,59,61
145051,,,,19,29,59,61
145152,,,,19,29,59,61
145248,,,,19,29,59,61
145346,,,,19,29,59,61
145447,,,,19,29,59,61
145547,,,,19,29,59,61
145648,,,,19,29,59,61
145724,,,,19,29,59,61
145823,,,,19,29,59,61
145924,,,,19,29,59,61
146025,,,,19,29,59,61
146125,,,,19,29,59,61
146225,,,,19,29,59,61
146328,,,,19,29,59,61
146425,,,,19,29,59,61
146547,,,,19,29,59,61
146649,,,,19,29,59,61
146748,,,,19,29,59,61
146847,,,,19,29,59,61
146948,,,,19,29,59,61
147050,,,,19,29,59,61
147147,,,,19,29,59,61
147248,,,,19,29,59,61
147347,,,,19,29,59,61
147448,,,,19,29,59,61
147547,,,,19,29,59,61
147646,,,,19,29,59,61
147748,,,,19,29,59,61
147847,,,,19,29,59,61
147946,,,,19,29,59,61
148047,,,,19,29,59,61
148148,,,,19,29,59,61
148250,,,,19,29,59,61
148348,,,,19,29,59,61
148449,,,,19,29,59,61
148547,,,,19,29,59,61
148649,,,,19,29,59,61
148748,,,,19,29,59,61
148847,,,,19,29,59,61
148951,,,,19,29,59,61
149050,,,,19,29,59,61
149144,,,,19,29,59,61
149248,,,,19,29,59,61
149346,,,,19,29,59,61
149448,,,,19,29,59,61
149547,,,,19,29,59,61
149648,,,,19,29,59,61
149748,,,,19,29,59,61
149846,,,,19,29,59,61
149949,,,,19,29,59,61
150049,,,,19,29,59,61
150149,,,,19,29,59,61
150247,,,,19,29,59,61
150347,,,,19,29,59,61
150448,,,,19,29,59,61
150549,,,,19,29,59,61
150647,,,,19,29,59,61
150751,,,,19,29,59,61
150848,,,,19,29,59,61
150947,,,,19,29,59,61
151050,,,,19,29,59,61
151147,,,,19,29,59,61
151248,,,,19,29,59,61
151349,,,,19,29,59,61
151448,,,,19,29,59,61
151548,,,,19,29,59,61
151648,,,,19,29,59,61
151749,,,,19,29,59,61
151848,,,,19,29,59,61
151946,,,,19,29,59,61
152049,,,,19,29,59,61
152148,,,,19,29,59,61
152247,,,,19,29,59,61
152353,,,,19,29,59,61
152451,,,,19,29,59,61
152548,,,,19,29,59,61
152648,,,,19,29,59,61
152748,,,,19,29,59,61
152846,,,,19,29,59,61
152947,,,,19,29,59,61
153049,,,,19,29,59,61
153145,,,,19,29,59,61
153247,,,,19,29,59,61
153345,,,,19,29,59,61
153445,,,,19,29,59,61
153548,,,,19,29,59,61
153648,,,,19,29,59,61
153748,,,,19,29,59,61
153846,,,,19,29,59,61
153948,,,,19,29,59,61
154048,,,,19,29,59,61
154150,,,,19,29,59,61
154250,,,,19,29,59,61
154347,,,,19,29,59,61
154448,,,,19,29,59,61
154549,,,,19,29,59,61
154647,,,,19,29,59,61
154749,,,,19,29,59,61
154848,,,,19,29,59,61
154947,,,,19,29,59,61
155050,,,,19,29,59,61
155145,,,,19,29,59,61
155250,,,,19,29,59,61
155347,,,,19,29,59,61
155447,,,,19,29,59,61
155546,,,,19,29,59,61
155648,,,,19,29,59,61
155747,,,,19,29,59,61
155847,,,,19,29,59,61
155947,,,,19,29,59,61
156049,,,,19,29,59,61
156146,,,,19,29,59,61
156248,,,,19,29,59,61
156348,,,,19,29,59,61
156448,,,,19,29,59,61
156548,,,,19,29,59,61
156647,,,,19,29,59,61
156747,,,,19,29,59,61
156849,,,,19,29,59,61
156948,,,,19,29,59,61
157048,,,,19,29,59,61
157150,,,,19,29,59,61
157250,,,,19,29,59,61
157347,,,,19,29,59,61
157450,,,,19,29,59,61
157548,,,,19,29,59,61
157647,,,,19,29,59,61
157746,,,,19,29,59,61
157847,,,,19,29,59,61
157948,,,,19,29,59,61
158047,,,,19,29,59,61
158148,,,,19,29,59,61
158246,,,,19,29,59,61
158349,,,,19,29,59,61
158450,,,,19,29,59,61
158549,,,,19,29,59,61
158649,,,,19,29,59,61
158749,,,,19,29,59,61
158848,,,,19,29,59,61
158947,,,,19,29,59,61
159051,,,,19,29,59,61
159149,,,,19,29,59,61
159249,,,,19,29,59,61
159348,,,,19,29,59,61
159451,,,,19,29,59,61
159549,,,,19,29,59,61
159649,,,,19,29,59,61
159749,,,,19,29,59,61
159849,,,,19,29,59,61
159948,,,,19,29,59,61
160051,,,,19,29,59,61
160148,,,,19,29,59,61
160249,,,,19,29,59,61
160349,,,,19,29,59,61
160447,,,,19,29,59,61
160547,,,,19,29,59,61
160648,,,,19,29,59,61
160748,,,,19,29,59,61
160848,,,,19,29,59,61
160948,,,,19,29,59,61
161051,,,,19,29,59,61
161149,,,,19,29,59,61
161252,,,,19,29,59,61
161348,,,,19,29,59,61
161449,,,,19,29,59,61
161548,,,,19,29,59,61
161649,,,,19,29,59,61
161748,,,,19,29,59,61
161845,,,,19,29,59,61
161946,,,,19,29,59,61
162046,,,,19,29,59,61
162147,,,,19,29,59,61
162250,,,,19,29,59,61
162347,,,,19,29,59,61
162446,,,,19,29,59,61
162547,,,,19,29,59,61
162649,,,,19,29,59,61
162747,,,,19,29,59,61
162847,,,,19,29,59,61
162947,,,,19,29,59,61
163050,,,,19,29,59,61
163145,,,,19,29,59,61
163247,,,,19,29,59,61
163324,,,,19,29,59,61
163425,,,,19,29,59,61
163548,,,,19,29,59,61
163653,,,,19,29,59,61
163745,,,,19,29,59,61
163856,,,,19,29,59,61
163948,,,,19,29,59,61
164047,,,,19,29,59,61
164155,,,,19,29,59,61
164247,,,,19,29,59,61
164344,,,,19,29,59,61
164450,,,,19,29,59,61
164544,,,,19,29,59,61
164645,,,,19,29,59,61
164747,,,,19,29,59,61
164847,,,,19,29,59,61
164946,,,,19,29,59,61
165047,,,,19,29,59,61
165147,,,,19,29,59,61
165245,,,,19,29,59,61
165355,,,,19,29,59,61
165447,,,,19,29,59,61
165547,,,,19,29,59,61
165654,,,,19,29,59,61
165745,,,,19,29,59,61
165850,,,,19,29,59,61
165943,,,,19,29,59,61
166046,,,,19,29,59,61
166147,,,,19,29,59,61
166247,,,,19,29,59,61
166347,,,,19,29,59,61
166446,,,,19,29,59,61
166549,,,,19,29,59,61
166648,,,,19,29,59,61
166746,,,,19,29,59,61
166844,,,,19,29,59,61
166946,,,,19,29,59,61
167048,,,,19,29,59,61
167148,,,,19,29,59,61
167248,,,,19,29,59,61
167347,,,,19,29,59,61
167446,,,,19,29,59,61
167547,,,,19,29,59,61
167648,,,,19,29,59,61
167748,,,,19,29,59,61
167846,,,,19,29,59,61
167946,,,,19,29,59,61
168048,,,,19,29,59,61
168147,,,,19,29,59,61
168248,,,,19,29,59,61
168349,,,,19,29,59,61
168447,,,,19,29,59,61
168548,,,,19,29,59,61
168647,,,,19,29,59,61
168747,,,,19,29,59,61
168845,,,,19,29,59,61
168947,,,,19,29,59,61
169049,,,,19,29,59,61
169148,,,,19,29,59,61
169245,,,,19,29,59,61
169346,,,,19,29,59,61
169445,,,,19,29,59,61
169549,,,,19,29,59,61
169646,,,,19,29,59,61
169748,,,,19,29,59,61
169845,,,,19,29,59,61
169946,,,,19,29,59,61
170046,,,,19,29,59,61
170146,,,,19,29,59,61
170248,,,,19,29,59,61
170349,,,,19,29,59,61
170449,,,,19,29,59,61
170546,,,,19,29,59,61
170648,,,,19,29,59,61
170746,,,,19,29,59,61
170845,,,,19,29,59,61
170948,,,,19,29,59,61
171048,,,,19,29,59,61
171145,,,,19,29,59,61
171248,,,,19,29,59,61
171347,,,,19,29,59,61
171445,,,,19,29,59,61
171547,,,,19,29,59,61
171646,,,,19,29,59,61
171747,,,,19,29,59,61
171847,,,,19,29,59,61
171947,,,,19,29,59,61
172045,,,,19,29,59,61
172148,,,,19,29,59,61
172246,,,,19,29,59,61
172347,,,,19,29,59,61
172447,,,,19,29,59,61
172546,,,,19,29,59,61
172648,,,,19,29,59,61
172747,,,,19,29,59,61
172847,,,,19,29,59,61
172944,,,,19,29,59,61
173046,,,,19,29,59,61
173148,,,,19,29,59,61
173249,,,,19,29,59,61
173347,,,,19,29,59,61
173447,,,,19,29,59,61
173548,,,,19,29,59,61
173646,,,,19,29,59,61
173748,,,,19,29,59,61
173846,,,,19,29,59,61
173946,,,,19,29,59,61
174050,,,,19,29,59,61
174148,,,,19,29,59,61
174247,,,,19,29,59,61
174348,,,,19,29,59,61
174446,,,,19,29,59,61
174548,,,,19,29,59,61
174657,,,,19,29,59,61
174749,,,,19,29,59,61
174847,,,,19,29,59,61
174946,,,,19,29,59,61
175048,,,,19,29,59,61
175148,,,,19,29,59,61
175247,,,,19,29,59,61
175345,,,,19,29,59,61
175449,,,,19,29,59,61
175546,,,,19,29,59,61
175645,,,,19,29,59,61
175747,,,,19,29,59,61
175846,,,,19,29,59,61
175947,,,,19,29,59,61
176046,,,,19,29,59,61
176146,,,,19,29,59,61
176246,,,,19,29,59,61
176348,,,,19,29,59,61
176448,,,,19,29,59,61
176548,,,,19,29,59,61
176648,,,,19,29,59,61
176747,,,,19,29,59,61
176848,,,,19,29,59,61
176947,,,,19,29,59,61
177049,,,,19,29,59,61
177148,,,,19,29,59,61
177248,,,,19,29,59,61
177349,,,,19,29,59,61
177447,,,,19,29,59,61
177547,,,,19,29,59,61
177646,,,,19,29,59,61
177746,,,,19,29,59,61
177846,,,,19,29,59,61
177945,,,,19,29,59,61
178049,,,,19,29,59,61
178149,,,,19,29,59,61
178246,,,,19,29,59,61
178347,,,,19,29,59,61
178447,,,,19,29,59,61
178548,,,,19,29,59,61
178646,,,,19,29,59,61
178746,,,,19,29,59,61
178847,,,,19,29,59,61
178946,,,,19,29,59,61
179048,,,,19,29,59,61
179145,,,,19,29,59,61
179249,,,,19,29,59,61
179349,,,,19,29,59,61
179448,,,,19,29,59,61
179546,,,,19,29,59,61
179647,,,,19,29,59,61
179748,,,,19,29,59,61
179848,,,,19,29,59,61
179947,,,,19,29,59,61
180046,,,,19,29,59,61
180148,,,,19,29,59,61
180249,,,,19,29,59,61
180347,,,,19,29,59,61
180449,,,,19,29,59,61
180548,,,,19,29,59,61
180647,,,,19,29,59,61
180747,,,,19,29,59,61
180848,,,,19,29,59,61
180946,,,,19,29,59,61
181048,,,,19,29,59,61
181145,,,,19,29,59,61
181248,,,,19,29,59,61
181348,,,,19,29,59,61
181449,,,,19,29,59,61
181547,,,,19,29,59,61
181647,,,,19,29,59,61
181748,,,,19,29,59,61
181847,,,,19,29,59,61
181947,,,,19,29,59,61
182049,,,,19,29,59,61
182148,,,,19,29,59,61
182249,,,,19,29,59,61
182348,,,,19,29,59,61
182447,,,,19,29,59,61
182548,,,,19,29,59,61
182650,,,,19,29,59,61
182746,,,,19,29,59,61
182848,,,,19,29,59,61
182947,,,,19,29,59,61
183048,,,,19,29,59,61
183147,,,,19,29,59,61
183247,,,,19,29,59,61
183347,,,,19,29,59,61
183447,,,,19,29,59,61
183548,,,,19,29,59,61
183648,,,,19,29,59,61
183748,,,,19,29,59,61
183846,,,,19,29,59,61
183949,,,,19,29,59,61
184048,,,,19,29,59,61
184149,,,,19,29,59,61
184251,,,,19,29,59,61
184349,,,,19,29,59,61
184449,,,,19,29,59,61
184548,,,,19,29,59,61
184649,,,,19,29,59,61
184750,,,,19,29,59,61
184847,,,,19,29,59,61
184948,,,,19,29,59,61
185050,,,,19,29,59,61
185146,,,,19,29,59,61
185249,,,,19,29,59,61
185349,,,,19,29,59,61
185449,,,,19,29,59,61
185549,,,,19,29,59,61
185648,,,,19,29,59,61
185748,,,,19,29,59,61
185846,,,,19,29,59,61
185947,,,,19,29,59,61
186048,,,,19,29,59,61
186148,,,,19,29,59,61
186249,,,,19,29,59,61
186349,,,,19,29,59,61
186448,,,,19,29,59,61
186548,,,,19,29,59,61
186649,,,,19,29,59,61
186748,,,,19,29,59,61
186847,,,,19,29,59,61
186950,,,,19,29,59,61
187048,,,,19,29,59,61
187147,,,,19,29,59,61
187250,,,,19,29,59,61
187348,,,,19,29,59,61
187449,,,,19,29,59,61
187548,,,,19,29,59,61
187650,,,,19,29,59,61
187747,,,,19,29,59,61
187847,,,,19,29,59,61
187949,,,,19,29,59,61
188047,,,,19,29,59,61
188146,,,,19,29,59,61
188248,,,,19,29,59,61
188347,,,,19,29,59,61
188449,,,,19,29,59,61
188549,,,,19,29,59,61
188649,,,,19,29,59,61
188748,,,,19,29,59,61
188846,,,,19,29,59,61
188946,,,,19,29,59,61
189050,,,,19,29,59,61
189147,,,,19,29,59,61
189251,,,,19,29,59,61
189348,,,,19,29,59,61
189449,,,,19,29,59,61
189549,,,,19,29,59,61
189648,,,,19,29,59,61
189748,,,,19,29,59,61
189848,,,,19,29,59,61
189946,,,,19,29,59,61
190049,,,,19,29,59,61
190148,,,,19,29,59,61
190248,,,,19,29,59,61
190349,,,,19,29,59,61
190448,,,,19,29,59,61
190546,,,,19,29,59,61
190649,,,,19,29,59,61
190747,,,,19,29,59,61
190848,,,,19,29,59,61
190948,,,,19,29,59,61
191049,,,,19,29,59,61
191147,,,,19,29,59,61
191248,,,,19,29,59,61
191349,,,,19,29,59,61
191447,,,,19,29,59,61
191548,,,,19,29,59,61
191649,,,,19,29,59,61
191749,,,,19,29,59,61
191848,,,,19,29,59,61
191947,,,,19,29,59,61
192049,,,,19,29,59,61
192150,,,,19,29,59,61
192249,,,,19,29,59,61
192349,,,,19,29,59,61
192444,,,,19,29,59,61
192549,,,,19,29,59,61
192650,,,,19,29,59,61
192748,,,,19,29,59,61
192847,,,,19,29,59,61
192945,,,,19,29,59,61
193048,,,,19,29,59,61
193148,,,,19,29,59,61
193248,,,,19,29,59,61
193348,,,,19,29,59,61
193448,,,,19,29,59,61
193548,,,,19,29,59,61
193648,,,,19,29,59,61
193749,,,,19,29,59,61
193848,,,,19,29,59,61
193946,,,,19,29,59,61
194048,,,,19,29,59,61
194148,,,,19,29,59,61
194247,,,,19,29,59,61
194349,,,,19,29,59,61
194446,,,,19,29,59,61
194548,,,,19,29,59,61
194650,,,,19,29,59,61
194748,,,,19,29,59,61
194850,,,,19,29,59,61
194947,,,,19,29,59,61
195049,,,,19,29,59,61
195148,,,,19,29,59,61
195248,,,,19,29,59,61
195348,,,,19,29,59,61
195447,,,,19,29,59,61
195547,,,,19,29,59,61
195657,,,,19,29,59,61
195749,,,,19,29,59,61
195848,,,,19,29,59,61
195957,,,,19,29,59,61
196049,,,,19,29,59,61
196148,,,,19,29,59,61
196248,,,,19,29,59,61
196349,,,,19,29,59,61
196448,,,,19,29,59,61
196549,,,,19,29,59,61
196650,,,,19,29,59,61
196747,,,,19,29,59,61
196848,,,,19,29,59,61
196946,,,,19,29,59,61
197050,,,,19,29,59,61
197147,,,,19,29,59,61
197248,,,,19,29,59,61
197348,,,,19,29,59,61
197448,,,,19,29,59,61
197549,,,,19,29,59,61
197647,,,,19,29,59,61
197747,,,,19,29,59,61
197847,,,,19,29,59,61
197948,,,,19,29,59,61
198049,,,,19,29,59,61
198148,,,,19,29,59,61
198247,,,,19,29,59,61
198347,,,,19,29,59,61
198448,,,,19,29,59,61
198549,,,,19,29,59,61
198648,,,,19,29,59,61
198748,,,,19,29,59,61
198847,,,,19,29,59,61
198949,,,,19,29,59,61
199051,,,,19,29,59,61
199150,,,,19,29,59,61
199248,,,,19,29,59,61
199350,,,,19,29,59,61
199451,,,,19,29,59,61
199549,,,,19,29,59,61
199648,,,,19,29,59,61
199749,,,,19,29,59,61
199848,,,,19,29,59,61
199947,,,,19,29,59,61
200047,,,,19,29,59,61
200148,,,,19,29,59,61
200247,,,,19,29,59,61
200350,,,,19,29,59,61
200446,,,,19,29,59,61
200526,,,,19,29,59,61
200627,,,,19,29,59,61
200746,,,,19,29,59,61
200844,,,,19,29,59,61
200946,,,,19,29,59,61
201046,,,,19,29,59,61
201147,,,,19,29,59,61
201249,,,,19,29,59,61
201347,,,,19,29,59,61
201448,,,,19,29,59,61
201547,,,,19,29,59,61
201656,,,,19,29,59,61
201748,,,,19,29,59,61
201850,,,,19,29,59,61
201957,,,,19,29,59,61
202045,,,,19,29,59,61
202147,,,,19,29,59,61
202246,,,,19,29,59,61
202349,,,,19,29,59,61
202447,,,,19,29,59,61
202548,,,,19,29,59,61
202649,,,,19,29,59,61
202747,,,,19,29,59,61
202847,,,,19,29,59,61
202951,,,,19,29,59,61
203051,,,,19,29,59,61
203146,,,,19,29,59,61
203250,,,,19,29,59,61
203350,,,,19,29,59,61
203448,,,,19,29,59,61
203548,,,,19,29,59,61
203648,,,,19,29,59,61
203748,,,,19,29,59,61
203847,,,,19,29,59,61
203947,,,,19,29,59,61
204049,,,,19,29,59,61
204148,,,,19,29,59,61
204248,,,,19,29,59,61
204347,,,,19,29,59,61
204447,,,,19,29,59,61
204548,,,,19,29,59,61
204647,,,,19,29,59,61
204748,,,,19,29,59,61
204847,,,,19,29,59,61
204947,,,,19,29,59,61
205049,,,,19,29,59,61
205149,,,,19,29,59,61
205248,,,,19,29,59,61
205350,,,,19,29,59,61
205448,,,,19,29,59,61
205548,,,,19,29,59,61
205647,,,,19,29,59,61
205748,,,,19,29,59,61
205846,,,,19,29,59,61
205948,,,,19,29,59,61
206048,,,,19,29,59,61
206148,,,,19,29,59,61
206248,,,,19,29,59,61
206349,,,,19,29,59,61
206445,,,,19,29,59,61
206549,,,,19,29,59,61
206647,,,,19,29,59,61
206747,,,,19,29,59,61
206845,,,,19,29,59,61
206947,,,,19,29,59,61
207051,,,,19,29,59,61
207147,,,,19,29,59,61
207250,,,,19,29,59,61
207348,,,,19,29,59,61
207448,,,,19,29,59,61
207547,,,,19,29,59,61
207648,,,,19,29,59,61
207748,,,,19,29,59,61
207847,,,,19,29,59,61
207949,,,,19,29,59,61
208050,,,,19,29,59,61
208151,,,,19,29,59,61
208247,,,,19,29,59,61
208349,,,,19,29,59,61
208449,,,,19,29,59,61
208547,,,,19,29,59,61
208661,,,,19,29,59,61
208757,,,,19,29,59,61
208847,,,,19,29,59,61
208941,,,,19,29,59,61
209046,,,,19,29,59,61
209142,,,,19,29,59,61
209249,,,,19,29,59,61
209347,,,,19,29,59,61
209443,,,,19,29,59,61
209526,,,,19,29,59,61
209630,,,,19,29,59,61
209746,,,,19,29,59,61
209845,,,,19,29,59,61
209939,,,,19,29,59,61
210045,,,,19,29,59,61
210139,,,,19,29,59,61
210250,,,,19,29,59,61
210345,,,,19,29,59,61
210441,,,,19,29,59,61
210528,,,,19,29,59,61
210631,,,,19,29,59,61
210747,,,,19,29,59,61
210844,,,,19,29,59,61
210925,,,,19,29,59,61
211046,,,,19,29,59,61
211145,,,,19,29,59,61
211226,,,,19,29,59,61
211347,,,,19,29,59,61
211441,,,,19,29,59,61
211540,,,,19,29,59,61
211646,,,,19,29,59,61
211749,,,,19,29,59,61
211843,,,,19,29,59,61
211947,,,,19,29,59,61
212047,,,,19,29,59,61
212147,,,,19,29,59,61
212249,,,,19,29,59,61
212345,,,,19,29,59,61
212448,,,,19,29,59,61
212545,,,,19,29,59,61
212646,,,,19,29,59,61
212749,,,,19,29,59,61
212846,,,,19,29,59,61
212949,,,,19,29,59,61
213048,,,,19,29,59,61
213147,,,,19,29,59,61
213248,,,,19,29,59,61
213348,,,,19,29,59,61
213449,,,,19,29,59,61
213546,,,,19,29,59,61
213644,,,,19,29,59,61
213745,,,,19,29,59,61
213848,,,,19,29,59,61
213943,,,,19,29,59,61
214045,,,,19,29,59,61
214143,,,,19,29,59,61
214246,,,,19,29,59,61
214345,,,,19,29,59,61
214445,,,,19,29,59,61
214547,,,,19,29,59,61
214650,,,,19,29,59,61
214749,,,,19,29,59,61
214849,,,,19,29,59,61
214947,,,,19,29,59,61
215050,,,,19,29,59,61
215146,,,,19,29,59,61
215249,,,,19,29,59,61
215349,,,,19,29,59,61
215444,,,,19,29,59,61
215543,,,,19,29,59,61
215642,,,,19,29,59,61
215749,,,,19,29,59,61
215845,,,,19,29,59,61
215946,,,,19,29,59,61
216047,,,,19,29,59,61
216144,,,,19,29,59,61
216249,,,,19,29,59,61
216344,,,,19,29,59,61
216445,,,,19,29,59,61
216542,,,,19,29,59,61
216646,,,,19,29,59,61
216751,,,,19,29,59,61
216847,,,,19,29,59,61
216949,,,,19,29,59,61
217048,,,,19,29,59,61
217141,,,,19,29,59,61
217246,,,,19,29,59,61
217348,,,,19,29,59,61
217448,,,,19,29,59,61
217548,,,,19,29,59,61
217642,,,,19,29,59,61
217748,,,,19,29,59,61
217844,,,,19,29,59,61
217950,,,,19,29,59,61
218046,,,,19,29,59,61
218145,,,,19,29,59,61
218249,,,,19,29,59,61
218346,,,,19,29,59,61
218447,,,,19,29,59,61
218540,,,,19,29,59,61
218650,,,,19,29,59,61
218746,,,,19,29,59,61
218850,,,,19,29,59,61
218948,,,,19,29,59,61
219031,,,,19,29,59,61
219144,,,,19,29,59,61
219246,,,,19,29,59,61
219345,,,,19,29,59,61
219449,,,,19,29,59,61
219549,,,,19,29,59,61
219644,,,,19,29,59,61
219747,,,,19,29,59,61
219846,,,,19,29,59,61
219947,,,,19,29,59,61
220048,,,,19,29,59,61
220146,,,,19,29,59,61
220249,,,,19,29,59,61
220345,,,,19,29,59,61
220445,,,,19,29,59,61
220547,,,,19,29,59,61
220644,,,,19,29,59,61
220749,,,,19,29,59,61
220845,,,,19,29,59,61
220944,,,,19,29,59,61
221048,,,,19,29,59,61
221141,,,,19,29,59,61
221247,,,,19,29,59,61
221342,,,,19,29,59,61
221446,,,,19,29,59,61
221545,,,,19,29,59,61
221643,,,,19,29,59,61
221750,,,,19,29,59,61
221848,,,,19,29,59,61
221947,,,,19,29,59,61
222049,,,,19,29,59,61
222146,,,,19,29,59,61
222249,,,,19,29,59,61
222345,,,,19,29,59,61
222447,,,,19,29,59,61
222528,,,,19,29,59,61
222644,,,,19,29,59,61
222741,,,,19,29,59,61
222842,,,,19,29,59,61
222949,,,,19,29,59,61
223050,,,,19,29,59,61
223139,,,,19,29,59,61
223248,,,,19,29,59,61
223347,,,,19,29,59,61
223448,,,,19,29,59,61
223545,,,,19,29,59,61
223643,,,,19,29,59,61
223750,,,,19,29,59,61
223846,,,,19,29,59,61
223948,,,,19,29,59,61
224050,,,,19,29,59,61
224145,,,,19,29,59,61
224248,,,,19,29,59,61
224341,,,,19,29,59,61
224449,,,,19,29,59,61
224540,,,,19,29,59,61
224645,,,,19,29,59,61
224747,,,,19,29,59,61
224838,,,,19,29,59,61
224946,,,,19,29,59,61
225050,,,,19,29,59,61
225144,,,,19,29,59,61
225247,,,,19,29,59,61
225338,,,,19,29,59,61
225450,,,,19,29,59,61
225545,,,,19,29,59,61
225640,,,,19,29,59,61
225750,,,,19,29,59,61
225844,,,,19,29,59,61
225945,,,,19,29,59,61
226044,,,,19,29,59,61
226144,,,,19,29,59,61
226243,,,,19,29,59,61
226341,,,,19,29,59,61
226444,,,,19,29,59,61
226535,,,,19,29,59,61
226644,,,,19,29,59,61
226745,,,,19,29,59,61
226848,,,,19,29,59,61
226939,,,,19,29,59,61
227043,,,,19,29,59,61
227125,,,,19,29,59,61
227247,,,,19,29,59,61
227350,,,,19,29,59,61
227426,,,,19,29,59,61
227542,,,,19,29,59,61
227647,,,,19,29,59,61
227749,,,,19,29,59,61
227826,,,,19,29,59,61
227948,,,,19,29,59,61
228047,,,,19,29,59,61
228147,,,,19,29,59,61
228245,,,,19,29,59,61
228339,,,,19,29,59,61
228446,,,,19,29,59,61
228547,,,,19,29,59,61
228642,,,,19,29,59,61
228747,,,,19,29,59,61
228846,,,,19,29,59,61
228947,,,,19,29,59,61
229048,,,,19,29,59,61
229146,,,,19,29,59,61
229243,,,,19,29,59,61
229345,,,,19,29,59,61
229445,,,,19,29,59,61
229535,,,,19,29,59,61
229645,,,,19,29,59,61
229747,,,,19,29,59,61
229848,,,,19,29,59,61
229948,,,,19,29,59,61
230047,,,,19,29,59,61
230146,,,,19,29,59,61
230247,,,,19,29,59,61
230347,,,,19,29,59,61
230447,,,,19,29,59,61
230536,,,,19,29,59,61
230646,,,,19,29,59,61
230746,,,,19,29,59,61
230846,,,,19,29,59,61
230944,,,,19,29,59,61
231048,,,,19,29,59,61
231145,,,,19,29,59,61
231248,,,,19,29,59,61
231346,,,,19,29,59,61
231446,,,,19,29,59,61
231546,,,,19,29,59,61
231643,,,,19,29,59,61
231749,,,,19,29,59,61
231840,,,,19,29,59,61
231946,,,,19,29,59,61
232046,,,,19,29,59,61
232142,,,,19,29,59,61
232248,,,,19,29,59,61
232341,,,,19,29,59,61
232450,,,,19,29,59,61
232543,,,,19,29,59,61
232644,,,,19,29,59,61
232749,,,,19,29,59,61
232839,,,,19,29,59,61
232944,,,,19,29,59,61
233046,,,,19,29,59,61
233147,,,,19,29,59,61
233242,,,,19,29,59,61
233339,,,,19,29,59,61
233448,,,,19,29,59,61
233544,,,,19,29,59,61
233644,,,,19,29,59,61
233744,,,,19,29,59,61
233847,,,,19,29,59,61
233947,,,,19,29,59,61
234033,,,,19,29,59,61
234145,,,,19,29,59,61
234245,,,,19,29,59,61
234346,,,,19,29,59,61
234446,,,,19,29,59,61
234534,,,,19,29,59,61
234645,,,,19,29,59,61
234743,,,,19,29,59,61
234827,,,,19,29,59,61
234948,,,,19,29,59,61
235051,,,,19,29,59,61
235144,,,,19,29,59,61
235241,,,,19,29,59,61
235348,,,,19,29,59,61
235450,,,,19,29,59,61
235537,,,,19,29,59,61
235648,,,,19,29,59,61
235744,,,,19,29,59,61
235827,,,,19,29,59,61
235948,,,,19,29,59,61
236046,,,,19,29,59,61
236145,,,,19,29,59,61
236247,,,,19,29,59,61
236334,,,,19,29,59,61
236446,,,,19,29,59,61
236543,,,,19,29,59,61
236644,,,,19,29,59,61
236744,,,,19,29,59,61
236843,,,,19,29,59,61
236944,,,,19,29,59,61
237042,,,,19,29,59,61
237143,,,,19,29,59,61
237242,,,,19,29,59,61
237340,,,,19,29,59,61
237444,,,,19,29,59,61
237533,,,,19,29,59,61
237642,,,,19,29,59,61
237735,,,,19,29,59,61
237840,,,,19,29,59,61
237947,,,,19,29,59,61
238027,,,,19,29,59,61
238144,,,,19,29,59,61
238243,,,,19,29,59,61
238327,,,,19,29,59,61
238449,,,,19,29,59,61
238537,,,,19,29,59,61
238643,,,,19,29,59,61
238736,,,,19,29,59,61
238840,,,,19,29,59,61
238947,,,,19,29,59,61
239045,,,,19,29,59,61
239140,,,,19,29,59,61
239236,,,,19,29,59,61
239340,,,,19,29,59,61
239437,,,,19,29,59,61
239534,,,,19,29,59,61
239647,,,,19,29,59,61
239749,,,,19,29,59,61
239846,,,,19,29,59,61
239945,,,,19,29,59,61
240049,,,,19,29,59,61
240149,,,,19,29,59,61
240249,,,,19,29,59,61
240348,,,,19,29,59,61
240446,,,,19,29,59,61
240550,,,,19,29,59,61
240650,,,,19,29,59,61
240749,,,,19,29,59,61
240847,,,,19,29,59,61
240947,,,,19,29,59,61
241050,,,,19,29,59,61
241148,,,,19,29,59,61
241250,,,,19,29,59,61
241348,,,,19,29,59,61
241450,,,,19,29,59,61
241548,,,,19,29,59,61
241645,,,,19,29,59,61
241748,,,,19,29,59,61
241848,,,,19,29,59,61
241948,,,,19,29,59,61
242048,,,,19,29,59,61
242150,,,,19,29,59,61
242249,,,,19,29,59,61
242349,,,,19,29,59,61
242449,,,,19,29,59,61
242548,,,,19,29,59,61
242649,,,,19,29,59,61
242748,,,,19,29,59,61
242846,,,,19,29,59,61
242949,,,,19,29,59,61
243050,,,,19,29,59,61
243149,,,,19,29,59,61
243250,,,,19,29,59,61
243351,,,,19,29,59,61
243449,,,,19,29,59,61
243548,,,,19,29,59,61
243649,,,,19,29,59,61
243750,,,,19,29,59,61
243849,,,,19,29,59,61
243949,,,,19,29,59,61
244047,,,,19,29,59,61
244147,,,,19,29,59,61
244249,,,,19,29,59,61
244349,,,,19,29,59,61
244448,,,,19,29,59,61
244548,,,,19,29,59,61
244650,,,,19,29,59,61
244747,,,,19,29,59,61
244848,,,,19,29,59,61
244949,,,,19,29,59,61
245049,,,,19,29,59,61
245148,,,,19,29,59,61
245249,,,,19,29,59,61
245348,,,,19,29,59,61
245449,,,,19,29,59,61
245549,,,,19,29,59,61
245649,,,,19,29,59,61
245749,,,,19,29,59,61
245847,,,,19,29,59,61
245948,,,,19,29,59,61
246048,,,,19,29,59,61
246149,,,,19,29,59,61
246248,,,,19,29,59,61
246349,,,,19,29,59,61
246450,,,,19,29,59,61
246549,,,,19,29,59,61
246650,,,,19,29,59,61
246749,,,,19,29,59,61
246845,,,,19,29,59,61
246949,,,,19,29,59,61
247050,,,,19,29,59,61
247150,,,,19,29,59,61
247250,,,,19,29,59,61
247348,,,,19,29,59,61
247447,,,,19,29,59,61
247546,,,,19,29,59,61
247649,,,,19,29,59,61
247749,,,,19,29,59,61
247847,,,,19,29,59,61
247947,,,,19,29,59,61
248049,,,,19,29,59,61
248128,,,,19,29,59,61
248228,,,,19,29,59,61
248340,,,,19,29,59,61
248447,,,,19,29,59,61
248548,,,,19,29,59,61
248650,,,,19,29,59,61
248748,,,,19,29,59,61
248848,,,,19,29,59,61
248948,,,,19,29,59,61
249050,,,,19,29,59,61
249150,,,,19,29,59,61
249251,,,,19,29,59,61
249349,,,,19,29,59,61
249459,,,,19,29,59,61
249548,,,,19,29,59,61
249648,,,,19,29,59,61
249755,,,,19,29,59,61
249849,,,,19,29,59,61
249948,,,,19,29,59,61
250050,,,,19,29,59,61
250149,,,,19,29,59,61
250249,,,,19,29,59,61
250359,,,,19,29,59,61
250448,,,,19,29,59,61
250549,,,,19,29,59,61
250654,,,,19,29,59,61
250749,,,,19,29,59,61
250847,,,,19,29,59,61
250950,,,,19,29,59,61
251050,,,,19,29,59,61
251149,,,,19,29,59,61
251248,,,,19,29,59,61
251346,,,,19,29,59,61
251451,,,,19,29,59,61
251547,,,,19,29,59,61
251650,,,,19,29,59,61
251750,,,,19,29,59,61
251846,,,,19,29,59,61
251948,,,,19,29,59,61
252046,,,,19,29,59,61
252148,,,,19,29,59,61
252250,,,,19,29,59,61
252350,,,,19,29,59,61
252448,,,,19,29,59,61
252550,,,,19,29,59,61
252651,,,,19,29,59,61
252749,,,,19,29,59,61
252846,,,,19,29,59,61
252949,,,,19,29,59,61
253050,,,,19,29,59,61
253147,,,,19,29,59,61
253250,,,,19,29,59,61
253349,,,,19,29,59,61
253449,,,,19,29,59,61
253548,,,,19,29,59,61
253648,,,,19,29,59,61
253746,,,,19,29,59,61
253850,,,,19,29,59,61
253949,,,,19,29,59,61
254052,,,,19,29,59,61
254147,,,,19,29,59,61
254248,,,,19,29,59,61
254350,,,,19,29,59,61
254448,,,,19,29,59,61
254553,,,,19,29,59,61
254648,,,,19,29,59,61
254748,,,,19,29,59,61
254848,,,,19,29,59,61
254948,,,,19,29,59,61
255049,,,,19,29,59,61
255149,,,,19,29,59,61
255249,,,,19,29,59,61
255351,,,,19,29,59,61
255451,,,,19,29,59,61
255547,,,,19,29,59,61
255648,,,,19,29,59,61
255748,,,,19,29,59,61
255850,,,,19,29,59,61
255952,,,,19,29,59,61
256051,,,,19,29,59,61
256149,,,,19,29,59,61
256250,,,,19,29,59,61
256347,,,,19,29,59,61
256449,,,,19,29,59,61
256550,,,,19,29,59,61
256651,,,,19,29,59,61
256749,,,,19,29,59,61
256847,,,,19,29,59,61
256951,,,,19,29,59,61
257050,,,,19,29,59,61
257148,,,,19,29,59,61
257249,,,,19,29,59,61
257350,,,,19,29,59,61
257451,,,,19,29,59,61
257550,,,,19,29,59,61
257648,,,,19,29,59,61
257750,,,,19,29,59,61
257847,,,,19,29,59,61
257949,,,,19,29,59,61
258049,,,,19,29,59,61
258150,,,,19,29,59,61
258249,,,,19,29,59,61
258350,,,,19,29,59,61
258449,,,,19,29,59,61
258548,,,,19,29,59,61
258650,,,,19,29,59,61
258748,,,,19,29,59,61
258847,,,,19,29,59,61
258951,,,,19,29,59,61
259051,,,,19,29,59,61
259150,,,,19,29,59,61
259248,,,,19,29,59,61
259348,,,,19,29,59,61
259450,,,,19,29,59,61
259547,,,,19,29,59,61
259650,,,,19,29,59,61
259748,,,,19,29,59,61
259848,,,,19,29,59,61
259949,,,,19,29,59,61
260050,,,,19,29,59,61
260149,,,,19,29,59,61
260249,,,,19,29,59,61
260349,,,,19,29,59,61
260450,,,,19,29,59,61
260550,,,,19,29,59,61
260651,,,,19,29,59,61
260750,,,,19,29,59,61
260848,,,,19,29,59,61
260947,,,,19,29,59,61
261052,,,,19,29,59,61
261148,,,,19,29,59,61
261247,,,,19,29,59,61
261349,,,,19,29,59,61
261450,,,,19,29,59,61
261549,,,,19,29,59,61
261649,,,,19,29,59,61
261749,,,,19,29,59,61
261848,,,,19,29,59,61
261948,,,,19,29,59,61
262049,,,,19,29,59,61
262149,,,,19,29,59,61
262248,,,,19,29,59,61
262327,,,,19,29,59,61
262448,,,,19,29,59,61
262547,,,,19,29,59,61
262648,,,,19,29,59,61
262750,,,,19,29,59,61
262848,,,,19,29,59,61
262946,,,,19,29,59,61
263049,,,,19,29,59,61
263148,,,,19,29,59,61
263250,,,,19,29,59,61
263348,,,,19,29,59,61
263447,,,,19,29,59,61
263550,,,,19,29,59,61
263652,,,,19,29,59,61
263750,,,,19,29,59,61
263850,,,,19,29,59,61
263949,,,,19,29,59,61
264049,,,,19,29,59,61
264149,,,,19,29,59,61
264248,,,,19,29,59,61
264348,,,,19,29,59,61
264448,,,,19,29,59,61
264550,,,,19,29,59,61
264649,,,,19,29,59,61
264748,,,,19,29,59,61
264849,,,,19,29,59,61
264946,,,,19,29,59,61
265051,,,,19,29,59,61
265150,,,,19,29,59,61
265250,,,,19,29,59,61
265350,,,,19,29,59,61
265449,,,,19,29,59,61
265549,,,,19,29,59,61
265649,,,,19,29,59,61
265751,,,,19,29,59,61
265849,,,,19,29,59,61
265950,,,,19,29,59,61
266051,,,,19,29,59,61
266149,,,,19,29,59,61
266249,,,,19,29,59,61
266349,,,,19,29,59,61
266449,,,,19,29,59,61
266547,,,,19,29,59,61
266651,,,,19,29,59,61
266749,,,,19,29,59,61
266849,,,,19,29,59,61
266949,,,,19,29,59,61
267048,,,,19,29,59,61
267149,,,,19,29,59,61
267251,,,,19,29,59,61
267349,,,,19,29,59,61
267450,,,,19,29,59,61
267547,,,,19,29,59,61
267648,,,,19,29,59,61
267748,,,,19,29,59,61
267849,,,,19,29,59,61
267948,,,,19,29,59,61
268050,,,,19,29,59,61
268149,,,,19,29,59,61
268246,,,,19,29,59,61
268350,,,,19,29,59,61
268451,,,,19,29,59,61
268548,,,,19,29,59,61
268652,,,,19,29,59,61
268751,,,,19,29,59,61
268848,,,,19,29,59,61
268949,,,,19,29,59,61
269051,,,,19,29,59,61
269149,,,,19,29,59,61
269249,,,,19,29,59,61
269350,,,,19,29,59,61
269456,,,,19,29,59,61
269552,,,,19,29,59,61
269650,,,,19,29,59,61
269750,,,,19,29,59,61
269848,,,,19,29,59,61
269949,,,,19,29,59,61
270051,,,,19,29,59,61
270149,,,,19,29,59,61
270248,,,,19,29,59,61
270349,,,,19,29,59,61
270453,,,,19,29,59,61
270550,,,,19,29,59,61
270650,,,,19,29,59,61
270757,,,,19,29,59,61
270849,,,,19,29,59,61
270951,,,,19,29,59,61
271051,,,,19,29,59,61
271149,,,,19,29,59,61
271250,,,,19,29,59,61
271348,,,,19,29,59,61
271449,,,,19,29,59,61
271548,,,,19,29,59,61
271649,,,,19,29,59,61
271749,,,,19,29,59,61
271849,,,,19,29,59,61
271949,,,,19,29,59,61
272048,,,,19,29,59,61
272150,,,,19,29,59,61
272249,,,,19,29,59,61
272348,,,,19,29,59,61
272449,,,,19,29,59,61
272549,,,,19,29,59,61
272650,,,,19,29,59,61
272750,,,,19,29,59,61
272849,,,,19,29,59,61
272947,,,,19,29,59,61
273049,,,,19,29,59,61
273148,,,,19,29,59,61
273249,,,,19,29,59,61
273348,,,,19,29,59,61
273451,,,,19,29,59,61
273548,,,,19,29,59,61
273652,,,,19,29,59,61
273753,,,,19,29,59,61
273850,,,,19,29,59,61
273950,,,,19,29,59,61
274050,,,,19,29,59,61
274149,,,,19,29,59,61
274230,,,,19,29,59,61
274330,,,,19,29,59,61
274430,,,,19,29,59,61
274530,,,,19,29,59,61
274630,,,,19,29,59,61
274731,,,,19,29,59,61
274832,,,,19,29,59,61
274931,,,,19,29,59,61
275032,,,,19,29,59,61
275133,,,,19,29,59,61
275232,,,,19,29,59,61
275331,,,,19,29,59,61
275432,,,,19,29,59,61
275531,,,,19,29,59,61
275630,,,,19,29,59,61
275730,,,,19,29,59,61
275831,,,,19,29,59,61
275931,,,,19,29,59,61
276032,,,,19,29,59,61
276148,,,,19,29,59,61
276248,,,,19,29,59,61
276348,,,,19,29,59,61
276448,,,,19,29,59,61
276548,,,,19,29,59,61
276648,,,,19,29,59,61
276747,,,,19,29,59,61
276847,,,,19,29,59,61
276947,,,,19,29,59,61
277050,,,,19,29,59,61
277148,,,,19,29,59,61
277248,,,,19,29,59,61
277349,,,,19,29,59,61
277451,,,,19,29,59,61
277548,,,,19,29,59,61
277650,,,,19,29,59,61
277749,,,,19,29,59,61
277848,,,,19,29,59,61
277949,,,,19,29,59,61
278052,,,,19,29,59,61
278150,,,,19,29,59,61
278250,,,,19,29,59,61
278353,,,,19,29,59,61
278451,,,,19,29,59,61
278549,,,,19,29,59,61
278652,,,,19,29,59,61
278751,,,,19,29,59,61
278851,,,,19,29,59,61
278950,,,,19,29,59,61
279054,,,,19,29,59,61
279151,,,,19,29,59,61
279249,,,,19,29,59,61
279351,,,,19,29,59,61
279448,,,,19,29,59,61
279551,,,,19,29,59,61
279649,,,,19,29,59,61
279750,,,,19,29,59,61
279849,,,,19,29,59,61
279950,,,,19,29,59,61
280048,,,,19,29,59,61
280152,,,,19,29,59,61
280250,,,,19,29,59,61
280351,,,,19,29,59,61
280448,,,,19,29,59,61
280549,,,,19,29,59,61
280651,,,,19,29,59,61
280750,,,,19,29,59,61
280849,,,,19,29,59,61
280949,,,,19,29,59,61
281052,,,,19,29,59,61
281148,,,,19,29,59,61
281252,,,,19,29,59,61
281350,,,,19,29,59,61
281450,,,,19,29,59,61
281550,,,,19,29,59,61
281648,,,,19,29,59,61
281750,,,,19,29,59,61
281850,,,,19,29,59,61
281950,,,,19,29,59,61
282050,,,,19,29,59,61
282151,,,,19,29,59,61
282250,,,,19,29,59,61
282349,,,,19,29,59,61
282448,,,,19,29,59,61
282549,,,,19,29,59,61
282651,,,,19,29,59,61
282752,,,,19,29,59,61
282850,,,,19,29,59,61
282948,,,,19,29,59,61
283052,,,,19,29,59,61
283151,,,,19,29,59,61
283250,,,,19,29,59,61
283350,,,,19,29,59,61
283451,,,,19,29,59,61
283552,,,,19,29,59,61
283649,,,,19,29,59,61
283748,,,,19,29,59,61
283850,,,,19,29,59,61
283949,,,,19,29,59,61
284049,,,,19,29,59,61
284149,,,,19,29,59,61
284250,,,,19,29,59,61
284351,,,,19,29,59,61
284427,,,,19,29,59,61
284541,,,,19,29,59,61
284647,,,,19,29,59,61
284740,,,,19,29,59,61
284845,,,,19,29,59,61
284951,,,,19,29,59,61
285050,,,,19,29,59,61
285146,,,,19,29,59,61
285242,,,,19,29,59,61
285346,,,,19,29,59,61
285444,,,,19,29,59,61
285542,,,,19,29,59,61
285647,,,,19,29,59,61
285738,,,,19,29,59,61
285827,,,,19,29,59,61
285951,,,,19,29,59,61
286048,,,,19,29,59,61
286148,,,,19,29,59,61
286244,,,,19,29,59,61
286348,,,,19,29,59,61
286449,,,,19,29,59,61
286550,,,,19,29,59,61
286651,,,,19,29,59,61
286750,,,,19,29,59,61
286848,,,,19,29,59,61
286941,,,,19,29,59,61
287042,,,,19,29,59,61
287137,,,,19,29,59,61
287251,,,,19,29,59,61
287352,,,,19,29,59,61
287450,,,,19,29,59,61
287549,,,,19,29,59,61
287651,,,,19,29,59,61
287751,,,,19,29,59,61
287850,,,,19,29,59,61
287952,,,,19,29,59,61
288052,,,,19,29,59,61
288152,,,,19,29,59,61
288250,,,,19,29,59,61
288353,,,,19,29,59,61
288448,,,,19,29,59,61
288552,,,,19,29,59,61
288650,,,,19,29,59,61
288751,,,,19,29,59,61
288847,,,,19,29,59,61
288949,,,,19,29,59,61
289050,,,,19,29,59,61
289149,,,,19,29,59,61
289253,,,,19,29,59,61
289352,,,,19,29,59,61
289448,,,,19,29,59,61
289550,,,,19,29,59,61
289651,,,,19,29,59,61
289750,,,,19,29,59,61
289849,,,,19,29,59,61
289952,,,,19,29,59,61
290052,,,,19,29,59,61
290150,,,,19,29,59,61
290250,,,,19,29,59,61
290350,,,,19,29,59,61
290449,,,,19,29,59,61
290552,,,,19,29,59,61
290652,,,,19,29,59,61
290751,,,,19,29,59,61
290850,,,,19,29,59,61
290950,,,,19,29,59,61
291050,,,,19,29,59,61
291149,,,,19,29,59,61
291251,,,,19,29,59,61
291351,,,,19,29,59,61
291451,,,,19,29,59,61
291551,,,,19,29,59,61
291651,,,,19,29,59,61
291750,,,,19,29,59,61
291850,,,,19,29,59,61
291951,,,,19,29,59,61
292052,,,,19,29,59,61
292152,,,,19,29,59,61
292248,,,,19,29,59,61
292352,,,,19,29,59,61
292448,,,,19,29,59,61
292549,,,,19,29,59,61
292653,,,,19,29,59,61
292751,,,,19,29,59,61
292849,,,,19,29,59,61
292949,,,,19,29,59,61
293053,,,,19,29,59,61
293151,,,,19,29,59,61
293252,,,,19,29,59,61
293350,,,,19,29,59,61
293449,,,,19,29,59,61
293550,,,,19,29,59,61
293649,,,,19,29,59,61
293751,,,,19,29,59,61
293848,,,,19,29,59,61
293950,,,,19,29,59,61
294050,,,,19,29,59,61
294149,,,,19,29,59,61
294249,,,,19,29,59,61
294351,,,,19,29,59,61
294450,,,,19,29,59,61
294533,,,,19,29,59,61
294629,,,,19,29,59,61
294733,,,,19,29,59,61
294835,,,,19,29,59,61
294933,,,,19,29,59,61
295030,,,,19,29,59,61
295131,,,,19,29,59,61
295229,,,,19,29,59,61
295331,,,,19,29,59,61
295435,,,,19,29,59,61
295533,,,,19,29,59,61
295630,,,,19,29,59,61
295733,,,,19,29,59,61
295831,,,,19,29,59,61
295931,,,,19,29,59,61
296032,,,,19,29,59,61
296136,,,,19,29,59,61
296229,,,,19,29,59,61
296329,,,,19,29,59,61
296431,,,,19,29,59,61
296534,,,,19,29,59,61
296633,,,,19,29,59,61
296730,,,,19,29,59,61
296829,,,,19,29,59,61
296936,,,,19,29,59,61
297031,,,,19,29,59,61
297128,,,,19,29,59,61
297247,,,,19,29,59,61
297350,,,,19,29,59,61
297450,,,,19,29,59,61
297552,,,,19,29,59,61
297650,,,,19,29,59,61
297750,,,,19,29,59,61
297848,,,,19,29,59,61
297951,,,,19,29,59,61
298048,,,,19,29,59,61
298150,,,,19,29,59,61
298249,,,,19,29,59,61
298349,,,,19,29,59,61
298448,,,,19,29,59,61
298531,,,,19,29,59,61
298629,,,,19,29,59,61
298729,,,,19,29,59,61
298836,,,,19,29,59,61
298930,,,,19,29,59,61
299032,,,,19,29,59,61
299130,,,,19,29,59,61
299230,,,,19,29,59,61
299336,,,,19,29,59,61
299430,,,,19,29,59,61
299529,,,,19,29,59,61
299630,,,,19,29,59,61
299733,,,,19,29,59,61
299836,,,,19,29,59,61
299935,,,,19,29,59,61
300033,,,,19,29,59,61
300136,,,,19,29,59,61
300229,,,,19,29,59,61
300333,,,,19,29,59,61
300431,,,,19,29,59,61
300529,,,,19,29,59,61
300637,,,,19,29,59,61
300730,,,,19,29,59,61
300829,,,,19,29,59,61
300931,,,,19,29,59,61
301031,,,,19,29,59,61
301132,,,,19,29,59,61
301236,,,,19,29,59,61
301330,,,,19,29,59,61
301432,,,,19,29,59,61
301535,,,,19,29,59,61
301629,,,,19,29,59,61
301730,,,,19,29,59,61
301830,,,,19,29,59,61
301933,,,,19,29,59,61
302036,,,,19,29,59,61
302135,,,,19,29,59,61
302232,,,,19,29,59,61
302330,,,,19,29,59,61
302429,,,,19,29,59,61
302531,,,,19,29,59,61
302635,,,,19,29,59,61
302730,,,,19,29,59,61
302831,,,,19,29,59,61
302930,,,,19,29,59,61
303038,,,,19,29,59,61
303130,,,,19,29,59,61
303230,,,,19,29,59,61
303331,,,,19,29,59,61
303431,,,,19,29,59,61
303532,,,,19,29,59,61
303636,,,,19,29,59,61
303729,,,,19,29,59,61
303839,,,,19,29,59,61
303950,,,,19,29,59,61
304051,,,,19,29,59,61
304151,,,,19,29,59,61
304250,,,,19,29,59,61
304351,,,,19,29,59,61
304449,,,,19,29,59,61
304555,,,,19,29,59,61
304653,,,,19,29,59,61
304748,,,,19,29,59,61
304846,,,,19,29,59,61
304950,,,,19,29,59,61
305053,,,,19,29,59,61
305155,,,,19,29,59,61
305250,,,,19,29,59,61
305351,,,,19,29,59,61
305459,,,,19,29,59,61
305549,,,,19,29,59,61
305650,,,,19,29,59,61
305748,,,,19,29,59,61
305848,,,,19,29,59,61
305949,,,,19,29,59,61
306049,,,,19,29,59,61
306149,,,,19,29,59,61
306250,,,,19,29,59,61
306349,,,,19,29,59,61
306449,,,,19,29,59,61
306549,,,,19,29,59,61
306651,,,,19,29,59,61
306749,,,,19,29,59,61
306849,,,,19,29,59,61
306949,,,,19,29,59,61
307050,,,,19,29,59,61
307148,,,,19,29,59,61
307251,,,,19,29,59,61
307350,,,,19,29,59,61
307452,,,,19,29,59,61
307548,,,,19,29,59,61
307651,,,,19,29,59,61
307753,,,,19,29,59,61
307851,,,,19,29,59,61
307951,,,,19,29,59,61
308052,,,,19,29,59,61
308152,,,,19,29,59,61
308252,,,,19,29,59,61
308350,,,,19,29,59,61
308450,,,,19,29,59,61
308550,,,,19,29,59,61
308651,,,,19,29,59,61
308751,,,,19,29,59,61
308851,,,,19,29,59,61
308950,,,,19,29,59,61
309052,,,,19,29,59,61
309150,,,,19,29,59,61
309251,,,,19,29,59,61
309349,,,,19,29,59,61
309450,,,,19,29,59,61
309550,,,,19,29,59,61
309650,,,,19,29,59,61
309749,,,,19,29,59,61
309850,,,,19,29,59,61
309948,,,,19,29,59,61
310050,,,,19,29,59,61
310147,,,,19,29,59,61
310251,,,,19,29,59,61
310351,,,,19,29,59,61
310449,,,,19,29,59,61
310550,,,,19,29,59,61
310651,,,,19,29,59,61
310749,,,,19,29,59,61
310850,,,,19,29,59,61
310949,,,,19,29,59,61
311054,,,,19,29,59,61
311150,,,,19,29,59,61
311251,,,,19,29,59,61
311351,,,,19,29,59,61
311450,,,,19,29,59,61
311551,,,,19,29,59,61
311649,,,,19,29,59,61
311748,,,,19,29,59,61
311850,,,,19,29,59,61
311950,,,,19,29,59,61
312052,,,,19,29,59,61
312151,,,,19,29,59,61
312249,,,,19,29,59,61
312351,,,,19,29,59,61
312452,,,,19,29,59,61
312549,,,,19,29,59,61
312653,,,,19,29,59,61
312752,,,,19,29,59,61
312851,,,,19,29,59,61
312950,,,,19,29,59,61
313052,,,,19,29,59,61
313151,,,,19,29,59,61
313252,,,,19,29,59,61
313352,,,,19,29,59,61
313453,,,,19,29,59,61
313550,,,,19,29,59,61
313652,,,,19,29,59,61
313752,,,,19,29,59,61
313852,,,,19,29,59,61
313954,,,,19,29,59,61
314051,,,,19,29,59,61
314152,,,,19,29,59,61
314253,,,,19,29,59,61
314352,,,,19,29,59,61
314453,,,,19,29,59,61
314554,,,,19,29,59,61
314651,,,,19,29,59,61
314751,,,,19,29,59,61
314850,,,,19,29,59,61
314952,,,,19,29,59,61
315053,,,,19,29,59,61
315150,,,,19,29,59,61
315252,,,,19,29,59,61
315352,,,,19,29,59,61
315450,,,,19,29,59,61
315551,,,,19,29,59,61
315651,,,,19,29,59,61
315754,,,,19,29,59,61
315852,,,,19,29,59,61
315953,,,,19,29,59,61
316052,,,,19,29,59,61
316154,,,,19,29,59,61
316252,,,,19,29,59,61
316351,,,,19,29,59,61
316450,,,,19,29,59,61
316550,,,,19,29,59,61
316652,,,,19,29,59,61
316748,,,,19,29,59,61
316850,,,,19,29,59,61
316947,,,,19,29,59,61
317054,,,,19,29,59,61
317148,,,,19,29,59,61
317251,,,,19,29,59,61
317347,,,,19,29,59,61
317452,,,,19,29,59,61
317550,,,,19,29,59,61
317651,,,,19,29,59,61
317747,,,,19,29,59,61
317851,,,,19,29,59,61
317946,,,,19,29,59,61
318050,,,,19,29,59,61
318143,,,,19,29,59,61
318246,,,,19,29,59,61
318347,,,,19,29,59,61
318451,,,,19,29,59,61
318548,,,,19,29,59,61
318652,,,,19,29,59,61
318748,,,,19,29,59,61
318850,,,,19,29,59,61
318947,,,,19,29,59,61
319052,,,,19,29,59,61
319147,,,,19,29,59,61
319253,,,,19,29,59,61
319350,,,,19,29,59,61
319451,,,,19,29,59,61
319548,,,,19,29,59,61
319652,,,,19,29,59,61
319748,,,,19,29,59,61
319851,,,,19,29,59,61
319948,,,,19,29,59,61
320053,,,,19,29,59,61
320147,,,,19,29,59,61
320249,,,,19,29,59,61
320348,,,,19,29,59,61
320452,,,,19,29,59,61
320549,,,,19,29,59,61
320652,,,,19,29,59,61
320748,,,,19,29,59,61
320849,,,,19,29,59,61
320947,,,,19,29,59,61
321054,,,,19,29,59,61
321147,,,,19,29,59,61
321253,,,,19,29,59,61
321349,,,,19,29,59,61
321453,,,,19,29,59,61
321550,,,,19,29,59,61
321654,,,,19,29,59,61
321747,,,,19,29,59,61
321851,,,,19,29,59,61
321949,,,,19,29,59,61
322052,,,,19,29,59,61
322149,,,,19,29,59,61
322252,,,,19,29,59,61
322349,,,,19,29,59,61
322448,,,,19,29,59,61
322541,,,,19,29,59,61
322647,,,,19,29,59,61
322747,,,,19,29,59,61
322850,,,,19,29,59,61
322949,,,,19,29,59,61
323053,,,,19,29,59,61
323149,,,,19,29,59,61
323255,,,,19,29,59,61
323346,,,,19,29,59,61
323453,,,,19,29,59,61
323548,,,,19,29,59,61
323652,,,,19,29,59,61
323748,,,,19,29,59,61
323850,,,,19,29,59,61
323948,,,,19,29,59,61
324053,,,,19,29,59,61
324150,,,,19,29,59,61
324251,,,,19,29,59,61
324348,,,,19,29,59,61
324453,,,,19,29,59,61
324549,,,,19,29,59,61
324653,,,,19,29,59,61
324747,,,,19,29,59,61
324850,,,,19,29,59,61
324947,,,,19,29,59,61
325055,,,,19,29,59,61
325149,,,,19,29,59,61
325255,,,,19,29,59,61
325350,,,,19,29,59,61
325450,,,,19,29,59,61
325551,,,,19,29,59,61
325652,,,,19,29,59,61
325746,,,,19,29,59,61
325852,,,,19,29,59,61
325947,,,,19,29,59,61
326052,,,,19,29,59,61
326148,,,,19,29,59,61
326253,,,,19,29,59,61
326348,,,,19,29,59,61
326454,,,,19,29,59,61
326549,,,,19,29,59,61
326652,,,,19,29,59,61
326748,,,,19,29,59,61
326852,,,,19,29,59,61
326948,,,,19,29,59,61
327053,,,,19,29,59,61
327148,,,,19,29,59,61
327254,,,,19,29,59,61
327347,,,,19,29,59,61
327452,,,,19,29,59,61
327549,,,,19,29,59,61
327650,,,,19,29,59,61
327748,,,,19,29,59,61
327851,,,,19,29,59,61
327947,,,,19,29,59,61
328050,,,,19,29,59,61
328149,,,,19,29,59,61
328251,,,,19,29,59,61
328348,,,,19,29,59,61
328452,,,,19,29,59,61
328548,,,,19,29,59,61
328652,,,,19,29,59,61
328749,,,,19,29,59,61
328853,,,,19,29,59,61
328948,,,,19,29,59,61
329054,,,,19,29,59,61
329147,,,,19,29,59,61
329252,,,,19,29,59,61
329347,,,,19,29,59,61
329452,,,,19,29,59,61
329548,,,,19,29,59,61
329649,,,,19,29,59,61
329747,,,,19,29,59,61
329852,,,,19,29,59,61
329945,,,,19,29,59,61
330051,,,,19,29,59,61
330148,,,,19,29,59,61
330251,,,,19,29,59,61
330347,,,,19,29,59,61
330451,,,,19,29,59,61
330549,,,,19,29,59,61
330653,,,,19,29,59,61
330749,,,,19,29,59,61
330852,,,,19,29,59,61
330948,,,,19,29,59,61
331053,,,,19,29,59,61
331149,,,,19,29,59,61
331252,,,,19,29,59,61
331346,,,,19,29,59,61
331446,,,,19,29,59,61
331549,,,,19,29,59,61
331647,,,,19,29,59,61
331749,,,,19,29,59,61
331848,,,,19,29,59,61
331949,,,,19,29,59,61
332049,,,,19,29,59,61
332151,,,,19,29,59,61
332248,,,,19,29,59,61
332350,,,,19,29,59,61
332448,,,,19,29,59,61
332549,,,,19,29,59,61
332648,,,,19,29,59,61
332749,,,,19,29,59,61
332847,,,,19,29,59,61
332945,,,,19,29,59,61
333047,,,,19,29,59,61
333148,,,,19,29,59,61
333247,,,,19,29,59,61
333346,,,,19,29,59,61
333448,,,,19,29,59,61
333548,,,,19,29,59,61
333649,,,,19,29,59,61
333747,,,,19,29,59,61
333846,,,,19,29,59,61
333948,,,,19,29,59,61
334046,,,,19,29,59,61
334149,,,,19,29,59,61
334249,,,,19,29,59,61
334350,,,,19,29,59,61
334450,,,,19,29,59,61
334549,,,,19,29,59,61
334648,,,,19,29,59,61
334748,,,,19,29,59,61
334847,,,,19,29,59,61
334947,,,,19,29,59,61
335049,,,,19,29,59,61
335149,,,,19,29,59,61
335250,,,,19,29,59,61
335349,,,,19,29,59,61
335450,,,,19,29,59,61
335546,,,,19,29,59,61
335648,,,,19,29,59,61
335747,,,,19,29,59,61
335847,,,,19,29,59,61
335945,,,,19,29,59,61
336051,,,,19,29,59,61
336148,,,,19,29,59,61
336246,,,,19,29,59,61
336349,,,,19,29,59,61
336448,,,,19,29,59,61
336550,,,,19,29,59,61
336651,,,,19,29,59,61
336746,,,,19,29,59,61
336848,,,,19,29,59,61
336949,,,,19,29,59,61
337049,,,,19,29,59,61
337147,,,,19,29,59,61
337250,,,,19,29,59,61
337348,,,,19,29,59,61
337449,,,,19,29,59,61
337549,,,,19,29,59,61
337648,,,,19,29,59,61
337749,,,,19,29,59,61
337849,,,,19,29,59,61
337948,,,,19,29,59,61
338050,,,,19,29,59,61
338151,,,,19,29,59,61
338248,,,,19,29,59,61
338346,,,,19,29,59,61
338448,,,,19,29,59,61
338548,,,,19,29,59,61
338626,,,,19,29,59,61
338746,,,,19,29,59,61
338849,,,,19,29,59,61
338948,,,,19,29,59,61
339050,,,,19,29,59,61
339149,,,,19,29,59,61
339249,,,,19,29,59,61
339348,,,,19,29,59,61
339448,,,,19,29,59,61
339550,,,,19,29,59,61
339651,,,,19,29,59,61
339750,,,,19,29,59,61
339847,,,,19,29,59,61
339946,,,,19,29,59,61
340049,,,,19,29,59,61
340149,,,,19,29,59,61
340249,,,,19,29,59,61
340351,,,,19,29,59,61
340450,,,,19,29,59,61
340550,,,,19,29,59,61
340647,,,,19,29,59,61
340750,,,,19,29,59,61
340849,,,,19,29,59,61
340945,,,,19,29,59,61
341048,,,,19,29,59,61
341147,,,,19,29,59,61
341249,,,,19,29,59,61
341347,,,,19,29,59,61
341449,,,,19,29,59,61
341550,,,,19,29,59,61
341647,,,,19,29,59,61
341747,,,,19,29,59,61
341848,,,,19,29,59,61
341948,,,,19,29,59,61
342051,,,,19,29,59,61
342148,,,,19,29,59,61
342246,,,,19,29,59,61
342348,,,,19,29,59,61
342447,,,,19,29,59,61
342548,,,,19,29,59,61
342648,,,,19,29,59,61
342749,,,,19,29,59,61
342849,,,,19,29,59,61
342947,,,,19,29,59,61
343050,,,,19,29,59,61
343149,,,,19,29,59,61
343249,,,,19,29,59,61
343346,,,,19,29,59,61
343448,,,,19,29,59,61
343545,,,,19,29,59,61
343649,,,,19,29,59,61
343749,,,,19,29,59,61
343847,,,,19,29,59,61
343950,,,,19,29,59,61
344050,,,,19,29,59,61
344148,,,,19,29,59,61
344247,,,,19,29,59,61
344348,,,,19,29,59,61
344448,,,,19,29,59,61
344547,,,,19,29,59,61
344648,,,,19,29,59,61
344747,,,,19,29,59,61
344849,,,,19,29,59,61
344947,,,,19,29,59,61
345047,,,,19,29,59,61
345149,,,,19,29,59,61
345249,,,,19,29,59,61
345346,,,,19,29,59,61
345447,,,,19,29,59,61
345548,,,,19,29,59,61
345649,,,,19,29,59,61
345749,,,,19,29,59,61
345848,,,,19,29,59,61
345949,,,,19,29,59,61
346048,,,,19,29,59,61
346149,,,,19,29,59,61
346247,,,,19,29,59,61
346348,,,,19,29,59,61
346451,,,,19,29,59,61
346546,,,,19,29,59,61
346650,,,,19,29,59,61
346750,,,,19,29,59,61
346846,,,,19,29,59,61
346948,,,,19,29,59,61
347048,,,,19,29,59,61
347148,,,,19,29,59,61
347248,,,,19,29,59,61
347347,,,,19,29,59,61
347448,,,,19,29,59,61
347548,,,,19,29,59,61
347648,,,,19,29,59,61
347750,,,,19,29,59,61
347845,,,,19,29,59,61
347946,,,,19,29,59,61
348051,,,,19,29,59,61
348149,,,,19,29,59,61
348247,,,,19,29,59,61
348348,,,,19,29,59,61
348447,,,,19,29,59,61
348548,,,,19,29,59,61
348649,,,,19,29,59,61
348747,,,,19,29,59,61
348847,,,,19,29,59,61
348953,,,,19,29,59,61
349047,,,,19,29,59,61
349145,,,,19,29,59,61
349247,,,,19,29,59,61
349347,,,,19,29,59,61
349450,,,,19,29,59,61
349548,,,,19,29,59,61
349648,,,,19,29,59,61
349747,,,,19,29,59,61
349848,,,,19,29,59,61
349947,,,,19,29,59,61
350049,,,,19,29,59,61
350147,,,,19,29,59,61
350247,,,,19,29,59,61
350349,,,,19,29,59,61
350449,,,,19,29,59,61
350548,,,,19,29,59,61
350649,,,,19,29,59,61
350749,,,,19,29,59,61
350848,,,,19,29,59,61
350949,,,,19,29,59,61
351049,,,,19,29,59,61
351147,,,,19,29,59,61
351250,,,,19,29,59,61
351349,,,,19,29,59,61
351448,,,,19,29,59,61
351547,,,,19,29,59,61
351648,,,,19,29,59,61
351749,,,,19,29,59,61
351850,,,,19,29,59,61
351948,,,,19,29,59,61
352049,,,,19,29,59,61
352150,,,,19,29,59,61
352248,,,,19,29,59,61
352348,,,,19,29,59,61
352447,,,,19,29,59,61
352550,,,,19,29,59,61
352648,,,,19,29,59,61
352748,,,,19,29,59,61
352847,,,,19,29,59,61
352949,,,,19,29,59,61
353048,,,,19,29,59,61
353148,,,,19,29,59,61
353248,,,,19,29,59,61
353348,,,,19,29,59,61
353449,,,,19,29,59,61
353546,,,,19,29,59,61
353649,,,,19,29,59,61
353747,,,,19,29,59,61
353847,,,,19,29,59,61
353948,,,,19,29,59,61
354050,,,,19,29,59,61
354149,,,,19,29,59,61
354250,,,,19,29,59,61
354346,,,,19,29,59,61
354448,,,,19,29,59,61
354548,,,,19,29,59,61
354648,,,,19,29,59,61
354748,,,,19,29,59,61
354847,,,,19,29,59,61
354948,,,,19,29,59,61
355050,,,,19,29,59,61
355149,,,,19,29,59,61
355248,,,,19,29,59,61
355350,,,,19,29,59,61
355449,,,,19,29,59,61
355548,,,,19,29,59,61
355648,,,,19,29,59,61
355749,,,,19,29,59,61
355848,,,,19,29,59,61
355947,,,,19,29,59,61
356049,,,,19,29,59,61
356148,,,,19,29,59,61
356248,,,,19,29,59,61
356347,,,,19,29,59,61
356449,,,,19,29,59,61
356549,,,,19,29,59,61
356649,,,,19,29,59,61
356748,,,,19,29,59,61
356846,,,,19,29,59,61
356947,,,,19,29,59,61
357050,,,,19,29,59,61
357150,,,,19,29,59,61
357250,,,,19,29,59,61
357348,,,,19,29,59,61
357451,,,,19,29,59,61
357551,,,,19,29,59,61
357649,,,,19,29,59,61
357750,,,,19,29,59,61
357848,,,,19,29,59,61
357949,,,,19,29,59,61
358050,,,,19,29,59,61
358150,,,,19,29,59,61
358248,,,,19,29,59,61
358351,,,,19,29,59,61
358447,,,,19,29,59,61
358550,,,,19,29,59,61
358650,,,,19,29,59,61
358747,,,,19,29,59,61
358849,,,,19,29,59,61
358950,,,,19,29,59,61
359048,,,,19,29,59,61
359149,,,,19,29,59,61
359249,,,,19,29,59,61
359347,,,,19,29,59,61
359447,,,,19,29,59,61
359550,,,,19,29,59,61
359647,,,,19,29,59,61
359749,,,,19,29,59,61
359848,,,,19,29,59,61
359946,,,,19,29,59,61
360044,,,,19,29,59,61
360144,,,,19,29,59,61
360247,,,,19,29,59,61
360348,,,,19,29,59,61
360449,,,,19,29,59,61
360549,,,,19,29,59,61
360648,,,,19,29,59,61
360749,,,,19,29,59,61
360846,,,,19,29,59,61
360947,,,,19,29,59,61
361051,,,,19,29,59,61
361148,,,,19,29,59,61
361248,,,,19,29,59,61
361347,,,,19,29,59,61
361447,,,,19,29,59,61
361550,,,,19,29,59,61
361648,,,,19,29,59,61
361748,,,,19,29,59,61
361845,,,,19,29,59,61
361948,,,,19,29,59,61
362050,,,,19,29,59,61
362147,,,,19,29,59,61
362248,,,,19,29,59,61
362349,,,,19,29,59,61
362450,,,,19,29,59,61
362548,,,,19,29,59,61
362650,,,,19,29,59,61
362750,,,,19,29,59,61
362849,,,,19,29,59,61
362948,,,,19,29,59,61
363049,,,,19,29,59,61
363149,,,,19,29,59,61
363250,,,,19,29,59,61
363348,,,,19,29,59,61
363451,,,,19,29,59,61
363548,,,,19,29,59,61
363649,,,,19,29,59,61
363747,,,,19,29,59,61
363850,,,,19,29,59,61
363948,,,,19,29,59,61
364050,,,,19,29,59,61
364150,,,,19,29,59,61
364246,,,,19,29,59,61
364351,,,,19,29,59,61
364449,,,,19,29,59,61
364550,,,,19,29,59,61
364649,,,,19,29,59,61
364749,,,,19,29,59,61
364848,,,,19,29,59,61
364950,,,,19,29,59,61
365051,,,,19,29,59,61
365147,,,,19,29,59,61
365250,,,,19,29,59,61
365350,,,,19,29,59,61
365448,,,,19,29,59,61
365548,,,,19,29,59,61
365649,,,,19,29,59,61
365748,,,,19,29,59,61
365848,,,,19,29,59,61
365949,,,,19,29,59,61
366046,,,,19,29,59,61
366150,,,,19,29,59,61
366249,,,,19,29,59,61
366349,,,,19,29,59,61
366450,,,,19,29,59,61
366550,,,,19,29,59,61
366649,,,,19,29,59,61
366750,,,,19,29,59,61
366848,,,,19,29,59,61
366949,,,,19,29,59,61
367051,,,,19,29,59,61
367150,,,,19,29,59,61
367249,,,,19,29,59,61
367349,,,,19,29,59,61
367447,,,,19,29,59,61
367549,,,,19,29,59,61
367649,,,,19,29,59,61
367748,,,,19,29,59,61
367848,,,,19,29,59,61
367949,,,,19,29,59,61
368051,,,,19,29,59,61
368150,,,,19,29,59,61
368249,,,,19,29,59,61
368349,,,,19,29,59,61
368450,,,,19,29,59,61
368550,,,,19,29,59,61
368652,,,,19,29,59,61
368750,,,,19,29,59,61
368851,,,,19,29,59,61
368949,,,,19,29,59,61
369050,,,,19,29,59,61
369150,,,,19,29,59,61
369250,,,,19,29,59,61
369350,,,,19,29,59,61
369449,,,,19,29,59,61
369550,,,,19,29,59,61
369651,,,,19,29,59,61
369751,,,,19,29,59,61
369850,,,,19,29,59,61
369950,,,,19,29,59,61
370048,,,,19,29,59,61
370150,,,,19,29,59,61
370248,,,,19,29,59,61
370349,,,,19,29,59,61
370448,,,,19,29,59,61
370549,,,,19,29,59,61
370650,,,,19,29,59,61
370748,,,,19,29,59,61
370849,,,,19,29,59,61
370947,,,,19,29,59,61
371049,,,,19,29,59,61
371146,,,,19,29,59,61
371251,,,,19,29,59,61
371351,,,,19,29,59,61
371449,,,,19,29,59,61
371548,,,,19,29,59,61
371649,,,,19,29,59,61
371748,,,,19,29,59,61
371848,,,,19,29,59,61
371947,,,,19,29,59,61
372048,,,,19,29,59,61
372148,,,,19,29,59,61
372248,,,,19,29,59,61
372350,,,,19,29,59,61
372448,,,,19,29,59,61
372550,,,,19,29,59,61
372649,,,,19,29,59,61
372750,,,,19,29,59,61
372850,,,,19,29,59,61
372947,,,,19,29,59,61
373051,,,,19,29,59,61
373148,,,,19,29,59,61
373248,,,,19,29,59,61
373356,,,,19,29,59,61
373448,,,,19,29,59,61
373547,,,,19,29,59,61
373650,,,,19,29,59,61
373750,,,,19,29,59,61
373850,,,,19,29,59,61
373951,,,,19,29,59,61
374050,,,,19,29,59,61
374150,,,,19,29,59,61
374248,,,,19,29,59,61
374350,,,,19,29,59,61
374447,,,,19,29,59,61
374550,,,,19,29,59,61
374651,,,,19,29,59,61
374749,,,,19,29,59,61
374849,,,,19,29,59,61
374950,,,,19,29,59,61
375051,,,,19,29,59,61
375149,,,,19,29,59,61
375251,,,,19,29,59,61
375351,,,,19,29,59,61
375449,,,,19,29,59,61
375550,,,,19,29,59,61
375650,,,,19,29,59,61
375749,,,,19,29,59,61
375850,,,,19,29,59,61
375947,,,,19,29,59,61
376049,,,,19,29,59,61
376150,,,,19,29,59,61
376246,,,,19,29,59,61
376350,,,,19,29,59,61
376450,,,,19,29,59,61
376551,,,,19,29,59,61
376650,,,,19,29,59,61
376748,,,,19,29,59,61
376849,,,,19,29,59,61
376948,,,,19,29,59,61
377051,,,,19,29,59,61
377150,,,,19,29,59,61
377247,,,,19,29,59,61
377351,,,,19,29,59,61
377449,,,,19,29,59,61
377550,,,,19,29,59,61
377652,,,,19,29,59,61
377750,,,,19,29,59,61
377845,,,,19,29,59,61
377947,,,,19,29,59,61
378050,,,,19,29,59,61
378151,,,,19,29,59,61
378250,,,,19,29,59,61
378350,,,,19,29,59,61
378449,,,,19,29,59,61
378550,,,,19,29,59,61
378650,,,,19,29,59,61
378750,,,,19,29,59,61
378847,,,,19,29,59,61
378948,,,,19,29,59,61
379051,,,,19,29,59,61
379150,,,,19,29,59,61
379247,,,,19,29,59,61
379352,,,,19,29,59,61
379450,,,,19,29,59,61
379548,,,,19,29,59,61
379649,,,,19,29,59,61
379751,,,,19,29,59,61
379849,,,,19,29,59,61
379950,,,,19,29,59,61
380051,,,,19,29,59,61
380150,,,,19,29,59,61
380249,,,,19,29,59,61
380348,,,,19,29,59,61
380450,,,,19,29,59,61
380551,,,,19,29,59,61
380651,,,,19,29,59,61
380749,,,,19,29,59,61
380849,,,,19,29,59,61
380949,,,,19,29,59,61
381050,,,,19,29,59,61
381152,,,,19,29,59,61
381248,,,,19,29,59,61
381348,,,,19,29,59,61
381450,,,,19,29,59,61
381548,,,,19,29,59,61
381649,,,,19,29,59,61
381750,,,,19,29,59,61
381847,,,,19,29,59,61
381948,,,,19,29,59,61
382049,,,,19,29,59,61
382149,,,,19,29,59,61
382248,,,,19,29,59,61
382349,,,,19,29,59,61
382449,,,,19,29,59,61
382550,,,,19,29,59,61
382650,,,,19,29,59,61
382748,,,,19,29,59,61
382846,,,,19,29,59,61
382948,,,,19,29,59,61
383052,,,,19,29,59,61
383148,,,,19,29,59,61
383251,,,,19,29,59,61
383348,,,,19,29,59,61
383450,,,,19,29,59,61
383548,,,,19,29,59,61
383649,,,,19,29,59,61
383749,,,,19,29,59,61
383849,,,,19,29,59,61
383949,,,,19,29,59,61
384048,,,,19,29,59,61
384149,,,,19,29,59,61
384249,,,,19,29,59,61
384349,,,,19,29,59,61
384451,,,,19,29,59,61
384551,,,,19,29,59,61
384650,,,,19,29,59,61
384750,,,,19,29,59,61
384844,,,,19,29,59,61
384949,,,,19,29,59,61
385050,,,,19,29,59,61
385151,,,,19,29,59,61
385247,,,,19,29,59,61
385350,,,,19,29,59,61
385448,,,,19,29,59,61
385547,,,,19,29,59,61
385648,,,,19,29,59,61
385751,,,,19,29,59,61
385849,,,,19,29,59,61
385951,,,,19,29,59,61
386051,,,,19,29,59,61
386152,,,,19,29,59,61
386242,,,,19,29,59,61
386350,,,,19,29,59,61
386450,,,,19,29,59,61
386546,,,,19,29,59,61
386651,,,,19,29,59,61
386749,,,,19,29,59,61
386849,,,,19,29,59,61
386950,,,,19,29,59,61
387051,,,,19,29,59,61
387152,,,,19,29,59,61
387250,,,,19,29,59,61
387350,,,,19,29,59,61
387450,,,,19,29,59,61
387546,,,,19,29,59,61
387651,,,,19,29,59,61
387750,,,,19,29,59,61
387849,,,,19,29,59,61
387948,,,,19,29,59,61
388051,,,,19,29,59,61
388151,,,,19,29,59,61
388243,,,,19,29,59,61
388349,,,,19,29,59,61
388451,,,,19,29,59,61
388548,,,,19,29,59,61
388649,,,,19,29,59,61
388750,,,,19,29,59,61
388852,,,,19,29,59,61
388948,,,,19,29,59,61
389050,,,,19,29,59,61
389150,,,,19,29,59,61
389246,,,,19,29,59,61
389351,,,,19,29,59,61
389451,,,,19,29,59,61
389547,,,,19,29,59,61
389650,,,,19,29,59,61
389749,,,,19,29,59,61
389849,,,,19,29,59,61
389948,,,,19,29,59,61
390049,,,,19,29,59,61
390151,,,,19,29,59,61
390246,,,,19,29,59,61
390349,,,,19,29,59,61
390447,,,,19,29,59,61
390547,,,,19,29,59,61
390651,,,,19,29,59,61
390749,,,,19,29,59,61
390848,,,,19,29,59,61
390950,,,,19,29,59,61
391052,,,,19,29,59,61
391152,,,,19,29,59,61
391245,,,,19,29,59,61
391350,,,,19,29,59,61
391449,,,,19,29,59,61
391549,,,,19,29,59,61
391648,,,,19,29,59,61
391749,,,,19,29,59,61
391853,,,,19,29,59,61
391951,,,,19,29,59,61
392052,,,,19,29,59,61
392153,,,,19,29,59,61
392249,,,,19,29,59,61
392352,,,,19,29,59,61
392450,,,,19,29,59,61
392548,,,,19,29,59,61
392650,,,,19,29,59,61
392750,,,,19,29,59,61
392851,,,,19,29,59,61
392947,,,,19,29,59,61
393052,,,,19,29,59,61
393150,,,,19,29,59,61
393249,,,,19,29,59,61
393351,,,,19,29,59,61
393451,,,,19,29,59,61
393549,,,,19,29,59,61
393652,,,,19,29,59,61
393748,,,,19,29,59,61
393848,,,,19,29,59,61
393951,,,,19,29,59,61
394050,,,,19,29,59,61
394152,,,,19,29,59,61
394250,,,,19,29,59,61
394350,,,,19,29,59,61
394450,,,,19,29,59,61
394547,,,,19,29,59,61
394651,,,,19,29,59,61
394751,,,,19,29,59,61
394849,,,,19,29,59,61
394951,,,,19,29,59,61
395050,,,,19,29,59,61
395147,,,,19,29,59,61
395245,,,,19,29,59,61
395349,,,,19,29,59,61
395451,,,,19,29,59,61
395546,,,,19,29,59,61
395650,,,,19,29,59,61
395751,,,,19,29,59,61
395850,,,,19,29,59,61
395948,,,,19,29,59,61
396049,,,,19,29,59,61
396150,,,,19,29,59,61
396242,,,,19,29,59,61
396351,,,,19,29,59,61
396451,,,,19,29,59,61
396550,,,,19,29,59,61
396652,,,,19,29,59,61
396750,,,,19,29,59,61
396850,,,,19,29,59,61
396950,,,,19,29,59,61
397051,,,,19,29,59,61
397149,,,,19,29,59,61
397251,,,,19,29,59,61
397352,,,,19,29,59,61
397452,,,,19,29,59,61
397548,,,,19,29,59,61
397651,,,,19,29,59,61
397750,,,,19,29,59,61
397850,,,,19,29,59,61
397952,,,,19,29,59,61
398053,,,,19,29,59,61
398151,,,,19,29,59,61
398246,,,,19,29,59,61
398351,,,,19,29,59,61
398451,,,,19,29,59,61
398550,,,,19,29,59,61
398651,,,,19,29,59,61
398748,,,,19,29,59,61
398848,,,,19,29,59,61
398950,,,,19,29,59,61
399054,,,,19,29,59,61
399152,,,,19,29,59,61
399253,,,,19,29,59,61
399351,,,,19,29,59,61
399451,,,,19,29,59,61
399547,,,,19,29,59,61
399649,,,,19,29,59,61
399749,,,,19,29,59,61
399851,,,,19,29,59,61
399952,,,,19,29,59,61
400032,,,,19,29,59,61
