[camera]
# width=480
# height=640
# width=720
# height=1280
# width=1536
# height=1024
# width=640
# height=480
# fps=30

[detection]
tag_pixel_width = 100
widen_radius = 15

[arena]
nleds = 113#198
ring_r = 30 # in cm
origo_offset = [360, 360] # in pixels
cm_per_pixel = 0.1
baudrate = 115200#9600###921600#

[setup]
label = "Two different suns"

    [[setup.suns]]
    link_factor = 1.5
    green = 255
    azimuth = 90
    width = 11
    red = 100
    [[setup.suns]]
    blue = 255
    link_factor = -0.8
    green = 128
    azimuth = 180
    width = 3
    red = 41

[experiment]
datetime = 2023-12-10T11:54:15.176Z

ms,x,y,θ,start1,stop1,start2,stop2
846,,,,24,34,56,58
846,,,,24,34,56,58
846,,,,24,34,56,58
916,,,,24,34,56,58
1076,,,,24,34,56,58
1140,,,,24,34,56,58
1214,,,,24,34,56,58
1339,,,,24,34,56,58
1438,,,,24,34,56,58
1540,,,,24,34,56,58
1638,,,,24,34,56,58
1738,,,,24,34,56,58
1838,,,,24,34,56,58
1986,,,,24,34,56,58
2013,,,,24,34,56,58
2112,,,,24,34,56,58
2213,,,,24,34,56,58
2313,,,,24,34,56,58
2434,,,,24,34,56,58
2534,,,,24,34,56,58
2681,,,,24,34,56,58
2733,,,,24,34,56,58
2833,,,,24,34,56,58
2934,,,,24,34,56,58
3034,,,,24,34,56,58
3133,,,,24,34,56,58
3235,,,,24,34,56,58
3334,,,,24,34,56,58
3481,,,,24,34,56,58
3534,,,,24,34,56,58
3612,,,,24,34,56,58
3713,,,,24,34,56,58
3833,,,,24,34,56,58
3936,,,,24,34,56,58
4035,,,,24,34,56,58
4132,,,,24,34,56,58
4234,,,,24,34,56,58
4380,,,,24,34,56,58
4413,,,,24,34,56,58
4513,,,,24,34,56,58
4633,,,,24,34,56,58
4733,,,,24,34,56,58
4834,,,,24,34,56,58
4933,,,,24,34,56,58
5085,,,,24,34,56,58
5133,,,,24,34,56,58
5213,,,,24,34,56,58
5313,,,,24,34,56,58
5413,,,,24,34,56,58
5524,,,,24,34,56,58
5676,,,,24,34,56,58
5734,,,,24,34,56,58
5833,,,,24,34,56,58
5933,,,,24,34,56,58
6033,,,,24,34,56,58
6169,,,,24,34,56,58
6234,,,,24,34,56,58
6334,,,,24,34,56,58
6433,,,,24,34,56,58
6531,,,,24,34,56,58
6634,,,,24,34,56,58
6732,,,,24,34,56,58
6835,,,,24,34,56,58
6934,,,,24,34,56,58
7059,,,,24,34,56,58
7113,,,,24,34,56,58
7228,,,,24,34,56,58
7328,,,,24,34,56,58
7459,,,,24,34,56,58
7534,,,,24,34,56,58
7635,,,,24,34,56,58
7733,,,,24,34,56,58
7833,,,,24,34,56,58
7932,,,,24,34,56,58
8035,,,,24,34,56,58
8134,,,,24,34,56,58
8259,,,,24,34,56,58
8335,,,,24,34,56,58
8434,,,,24,34,56,58
8533,,,,24,34,56,58
8634,,,,24,34,56,58
8761,,,,24,34,56,58
8834,,,,24,34,56,58
8964,,,,24,34,56,58
9033,,,,24,34,56,58
9133,,,,24,34,56,58
9234,,,,24,34,56,58
9335,,,,24,34,56,58
9434,,,,24,34,56,58
9534,,,,24,34,56,58
9634,,,,24,34,56,58
9735,,,,24,34,56,58
9834,,,,24,34,56,58
9933,,,,24,34,56,58
10032,,,,24,34,56,58
10153,,,,24,34,56,58
10257,,,,24,34,56,58
10333,,,,24,34,56,58
10458,,,,24,34,56,58
10534,,,,24,34,56,58
10635,,,,24,34,56,58
10733,,,,24,34,56,58
10833,,,,24,34,56,58
10934,,,,24,34,56,58
11035,,,,24,34,56,58
11134,,,,24,34,56,58
11235,,,,24,34,56,58
11334,,,,24,34,56,58
11435,,,,24,34,56,58
11534,,,,24,34,56,58
11632,,,,24,34,56,58
11733,,,,24,34,56,58
11832,,,,24,34,56,58
11934,,,,24,34,56,58
12033,,,,24,34,56,58
12134,,,,24,34,56,58
12269,,,,24,34,56,58
12314,,,,24,34,56,58
12414,,,,24,34,56,58
12535,,,,24,34,56,58
12660,,,,24,34,56,58
12733,,,,24,34,56,58
12834,,,,24,34,56,58
12932,,,,24,34,56,58
13034,,,,24,34,56,58
13134,,,,24,34,56,58
13234,,,,24,34,56,58
13333,,,,24,34,56,58
13434,,,,24,34,56,58
13568,,,,24,34,56,58
13613,,,,24,34,56,58
13755,,,,24,34,56,58
13832,,,,24,34,56,58
13958,,,,24,34,56,58
14034,,,,24,34,56,58
14135,,,,24,34,56,58
14234,,,,24,34,56,58
14334,,,,24,34,56,58
14435,,,,24,34,56,58
14534,,,,24,34,56,58
14634,,,,24,34,56,58
14735,,,,24,34,56,58
14859,,,,24,34,56,58
14912,,,,24,34,56,58
15053,,,,24,34,56,58
15133,,,,24,34,56,58
15256,,,,24,34,56,58
15336,,,,24,34,56,58
15459,,,,24,34,56,58
15535,,,,24,34,56,58
15633,,,,24,34,56,58
15733,,,,24,34,56,58
15834,,,,24,34,56,58
15934,,,,24,34,56,58
16035,,,,24,34,56,58
16134,,,,24,34,56,58
16235,,,,24,34,56,58
17213,,,,24,34,56,58
17235,,,,24,34,56,58
17257,,,,24,34,56,58
17279,,,,24,34,56,58
17301,,,,24,34,56,58
17323,,,,24,34,56,58
17345,,,,24,34,56,58
17367,,,,24,34,56,58
17388,,,,24,34,56,58
17410,,,,24,34,56,58
17455,,,,24,34,56,58
17477,,,,24,34,56,58
17513,,,,24,34,56,58
17616,,,,24,34,56,58
17735,,,,24,34,56,58
17852,,,,24,34,56,58
17933,,,,24,34,56,58
18034,,,,24,34,56,58
18134,,,,24,34,56,58
18234,,,,24,34,56,58
18333,,,,24,34,56,58
18433,,,,24,34,56,58
18534,,,,24,34,56,58
18634,,,,24,34,56,58
18734,,,,24,34,56,58
18863,,,,24,34,56,58
18912,,,,24,34,56,58
19035,,,,24,34,56,58
19134,,,,24,34,56,58
19251,,,,24,34,56,58
19335,,,,24,34,56,58
19454,,,,24,34,56,58
19560,,,,24,34,56,58
19635,,,,24,34,56,58
19735,,,,24,34,56,58
19836,,,,24,34,56,58
19936,,,,24,34,56,58
20034,,,,24,34,56,58
20132,,,,24,34,56,58
20233,,,,24,34,56,58
20332,,,,24,34,56,58
20432,,,,24,34,56,58
21031,,,,24,34,56,58
21055,,,,24,34,56,58
21076,,,,24,34,56,58
21097,,,,24,34,56,58
21117,,,,24,34,56,58
21139,,,,24,34,56,58
21163,,,,24,34,56,58
21212,,,,24,34,56,58
21315,,,,24,34,56,58
21441,,,,24,34,56,58
21543,,,,24,34,56,58
21629,,,,24,34,56,58
21731,,,,24,34,56,58
21840,,,,24,34,56,58
21930,,,,24,34,56,58
22029,,,,24,34,56,58
22139,,,,24,34,56,58
22234,,,,24,34,56,58
22336,,,,24,34,56,58
22432,,,,24,34,56,58
22534,,,,24,34,56,58
22639,,,,24,34,56,58
22743,,,,24,34,56,58
22835,,,,24,34,56,58
22935,,,,24,34,56,58
23039,,,,24,34,56,58
23143,,,,24,34,56,58
23234,,,,24,34,56,58
23335,,,,24,34,56,58
23434,,,,24,34,56,58
23534,,,,24,34,56,58
23634,,,,24,34,56,58
23735,,,,24,34,56,58
23833,,,,24,34,56,58
23935,,,,24,34,56,58
24041,,,,24,34,56,58
24133,,,,24,34,56,58
24234,,,,24,34,56,58
24333,,,,24,34,56,58
24436,,,,24,34,56,58
24533,,,,24,34,56,58
24635,,,,24,34,56,58
24735,,,,24,34,56,58
24834,,,,24,34,56,58
24933,,,,24,34,56,58
25047,,,,24,34,56,58
25134,,,,24,34,56,58
25254,,,,24,34,56,58
25333,,,,24,34,56,58
25457,,,,24,34,56,58
25535,,,,24,34,56,58
25658,,,,24,34,56,58
25735,,,,24,34,56,58
25833,,,,24,34,56,58
25934,,,,24,34,56,58
26033,,,,24,34,56,58
26133,,,,24,34,56,58
26232,,,,24,34,56,58
26333,,,,24,34,56,58
26459,,,,24,34,56,58
26536,,,,24,34,56,58
26632,,,,24,34,56,58
26735,,,,24,34,56,58
26836,,,,24,34,56,58
26959,,,,24,34,56,58
27034,,,,24,34,56,58
27166,,,,24,34,56,58
27236,,,,24,34,56,58
27360,,,,24,34,56,58
27436,,,,24,34,56,58
27536,,,,24,34,56,58
27634,,,,24,34,56,58
27734,,,,24,34,56,58
27836,,,,24,34,56,58
27936,,,,24,34,56,58
28035,,,,24,34,56,58
28136,,,,24,34,56,58
30358,,,,24,34,56,58
30380,,,,24,34,56,58
30402,,,,24,34,56,58
30424,,,,24,34,56,58
30446,,,,24,34,56,58
30469,,,,24,34,56,58
30492,,,,24,34,56,58
30516,,,,24,34,56,58
30539,,,,24,34,56,58
30562,,,,24,34,56,58
30608,,,,24,34,56,58
30631,,,,24,34,56,58
30654,,,,24,34,56,58
30676,,,,24,34,56,58
30701,,,,24,34,56,58
30723,,,,24,34,56,58
30744,,,,24,34,56,58
30767,,,,24,34,56,58
30788,,,,24,34,56,58
30810,,,,24,34,56,58
30849,,,,24,34,56,58
30870,,,,24,34,56,58
30892,,,,24,34,56,58
30915,,,,24,34,56,58
30938,,,,24,34,56,58
30962,,,,24,34,56,58
30984,,,,24,34,56,58
31007,,,,24,34,56,58
31030,,,,24,34,56,58
31115,,,,24,34,56,58
31234,,,,24,34,56,58
31330,,,,24,34,56,58
31436,,,,24,34,56,58
31535,,,,24,34,56,58
31635,,,,24,34,56,58
31733,,,,24,34,56,58
31834,,,,24,34,56,58
31958,,,,24,34,56,58
32023,,,,24,34,56,58
32149,,,,24,34,56,58
32240,,,,24,34,56,58
32346,,,,24,34,56,58
32439,,,,24,34,56,58
32535,,,,24,34,56,58
32638,,,,24,34,56,58
32736,,,,24,34,56,58
32838,,,,24,34,56,58
32929,,,,24,34,56,58
33033,,,,24,34,56,58
33133,,,,24,34,56,58
33249,,,,24,34,56,58
33333,,,,24,34,56,58
33434,,,,24,34,56,58
33533,,,,24,34,56,58
33633,,,,24,34,56,58
33736,,,,24,34,56,58
33832,,,,24,34,56,58
33936,,,,24,34,56,58
34035,,,,24,34,56,58
34408,430.4869649602802,668.0468644638734,0.6146861596229324,62,72,36,38
34413,438.9863819501067,670.4621585195464,0.7878039725160099,62,72,36,38
34414,423.1474043081745,656.9431651650043,1.417636862947174,62,72,36,38
34414,434.245227305453,666.5120871493245,1.1822775070418186,62,72,36,38
34497,422.9679130538696,651.9132180737764,1.814195719821573,73,83,30,32
34596,424.42491353011764,647.8065111473453,2.542781115749125,93,103,20,22
34699,422.9967569975819,641.7321769888574,2.9215284949988027,103,113,14,16
34799,420.5079462296949,637.4770200719051,-3.059926171810736,111,8,10,12
34899,422.21876766937066,637.7528606502194,-2.660447658750681,9,19,4,6
35022,420.5910357769231,638.3606530168328,-2.3008980963746497,19,29,112,1
35099,420.7739466533463,638.4364957625422,-2.014169837661591,26,36,108,110
35220,421.09465583741616,637.8450366354249,-1.9604018982140483,28,38,107,109
35299,422.8604736565355,636.1133978898889,-2.0775808913779246,25,35,109,111
35412,425.3710142199219,634.8363631468748,-2.060329631482728,25,35,109,111
35499,427.1394504994534,634.1573041692169,-2.257476086534138,20,30,112,1
35612,428.88214396162425,634.8129778519153,-2.400670784395965,16,26,1,3
35699,426.55468590673627,634.0689078528958,-2.568916942202939,11,21,3,5
35799,426.44608480393424,632.7380284109096,-2.657261555614773,9,19,4,6
35899,426.63824866421015,635.4273274113634,-2.7512875329485134,7,17,6,8
35999,428.64960678186077,636.4779399542855,-2.9120710296190375,2,12,8,10
36099,431.69657629421494,635.0914952338636,-3.1073798132319,110,7,11,13
36199,433.5764719775719,633.3105326399697,2.943838453825438,104,1,14,16
36299,435.0787487111403,632.5832588506136,2.832587313507954,101,111,16,18
36402,436.7774831643692,632.256701373618,2.7132097734668394,97,107,17,19
36499,438.4292221566218,631.9128249698012,2.5641772865932997,93,103,20,22
36599,437.31498861875934,629.9536106736565,2.505709435020657,92,102,20,22
36699,435.94397229828076,627.9442864566463,2.519803106789387,92,102,20,22
36799,438.3083982217196,628.179011281224,2.5615863135564982,93,103,20,22
36899,441.8564930015018,628.0328244977832,2.594727220506822,94,104,19,21
36999,441.7502829028921,628.1897747537472,2.7151821928452726,97,107,17,19
37099,439.8949431627876,628.240066409716,2.82396565842108,100,110,16,18
37199,438.50428607318196,627.9821524252836,2.9059693105478823,103,113,15,17
37299,436.74804584684,627.4574221532989,2.9305364009182995,103,113,14,16
37402,436.43917279939524,627.7731994661513,2.986447501400681,105,2,14,16
37499,435.2545362875487,626.7937378250219,3.0120253811314184,106,3,13,15
37599,436.3206573238268,625.675150289393,3.0232302141669707,106,3,13,15
37699,438.4360583057176,625.5363036165131,3.0505335706321177,107,4,13,15
37799,438.1052519442502,625.1570990637363,3.0452882393949143,106,3,13,15
37899,438.3914394015719,624.6552757434546,3.0424902447673188,106,3,13,15
37999,438.29214650719695,624.1963331218567,3.0458002865129417,106,3,13,15
38099,438.09134535094773,623.954026562217,3.0721153736267537,107,4,12,14
38199,,,,107,4,12,14
38309,,,,107,4,12,14
38400,,,,107,4,12,14
38500,,,,107,4,12,14
38601,,,,107,4,12,14
38704,,,,107,4,12,14
38802,,,,107,4,12,14
38902,,,,107,4,12,14
39004,,,,107,4,12,14
39104,,,,107,4,12,14
39206,,,,107,4,12,14
39312,,,,107,4,12,14
39407,,,,107,4,12,14
39510,,,,107,4,12,14
39610,,,,107,4,12,14
39712,,,,107,4,12,14
39812,,,,107,4,12,14
39914,,,,107,4,12,14
40016,,,,107,4,12,14
40117,,,,107,4,12,14
40217,,,,107,4,12,14
40329,,,,107,4,12,14
40420,,,,107,4,12,14
40521,,,,107,4,12,14
40624,,,,107,4,12,14
40724,,,,107,4,12,14
40824,,,,107,4,12,14
40929,,,,107,4,12,14
41027,,,,107,4,12,14
41126,,,,107,4,12,14
41227,,,,107,4,12,14
41333,,,,107,4,12,14
41430,,,,107,4,12,14
41530,,,,107,4,12,14
41633,,,,107,4,12,14
41731,,,,107,4,12,14
41834,,,,107,4,12,14
41934,,,,107,4,12,14
42034,,,,107,4,12,14
42133,,,,107,4,12,14
42232,,,,107,4,12,14
42336,,,,107,4,12,14
42435,,,,107,4,12,14
42534,,,,107,4,12,14
42632,,,,107,4,12,14
42733,,,,107,4,12,14
42834,,,,107,4,12,14
42934,,,,107,4,12,14
43048,,,,107,4,12,14
43135,,,,107,4,12,14
43234,,,,107,4,12,14
43333,,,,107,4,12,14
43434,,,,107,4,12,14
43532,,,,107,4,12,14
43633,,,,107,4,12,14
43735,,,,107,4,12,14
43833,,,,107,4,12,14
43935,,,,107,4,12,14
44035,,,,107,4,12,14
44135,,,,107,4,12,14
44236,,,,107,4,12,14
44331,,,,107,4,12,14
44435,,,,107,4,12,14
44536,,,,107,4,12,14
44636,,,,107,4,12,14
44750,,,,107,4,12,14
44836,,,,107,4,12,14
44934,,,,107,4,12,14
45034,,,,107,4,12,14
45135,,,,107,4,12,14
45233,,,,107,4,12,14
45336,,,,107,4,12,14
45433,,,,107,4,12,14
45534,,,,107,4,12,14
45613,,,,107,4,12,14
45714,,,,107,4,12,14
45815,,,,107,4,12,14
45924,,,,107,4,12,14
46034,,,,107,4,12,14
46136,,,,107,4,12,14
46234,,,,107,4,12,14
46335,,,,107,4,12,14
46455,,,,107,4,12,14
46534,,,,107,4,12,14
46634,,,,107,4,12,14
46732,,,,107,4,12,14
46835,,,,107,4,12,14
46938,,,,107,4,12,14
47036,,,,107,4,12,14
47135,,,,107,4,12,14
47233,,,,107,4,12,14
47334,,,,107,4,12,14
47434,,,,107,4,12,14
47537,,,,107,4,12,14
47634,,,,107,4,12,14
47732,,,,107,4,12,14
47836,,,,107,4,12,14
47933,,,,107,4,12,14
48033,,,,107,4,12,14
48140,,,,107,4,12,14
48234,,,,107,4,12,14
48336,,,,107,4,12,14
48434,,,,107,4,12,14
48535,,,,107,4,12,14
48633,,,,107,4,12,14
48738,,,,107,4,12,14
48833,,,,107,4,12,14
48935,,,,107,4,12,14
49037,,,,107,4,12,14
49134,,,,107,4,12,14
49236,,,,107,4,12,14
49334,,,,107,4,12,14
49433,,,,107,4,12,14
49536,,,,107,4,12,14
49633,,,,107,4,12,14
49734,,,,107,4,12,14
49845,,,,107,4,12,14
49934,,,,107,4,12,14
50034,,,,107,4,12,14
50137,,,,107,4,12,14
50236,,,,107,4,12,14
50334,,,,107,4,12,14
50434,,,,107,4,12,14
50534,,,,107,4,12,14
50633,,,,107,4,12,14
50734,,,,107,4,12,14
50834,,,,107,4,12,14
50934,,,,107,4,12,14
51036,,,,107,4,12,14
51135,,,,107,4,12,14
51234,,,,107,4,12,14
51334,,,,107,4,12,14
51434,,,,107,4,12,14
51549,,,,107,4,12,14
51636,,,,107,4,12,14
51734,,,,107,4,12,14
51835,,,,107,4,12,14
51936,,,,107,4,12,14
52033,,,,107,4,12,14
52135,,,,107,4,12,14
52234,,,,107,4,12,14
52335,,,,107,4,12,14
52433,,,,107,4,12,14
52534,,,,107,4,12,14
52635,,,,107,4,12,14
52734,,,,107,4,12,14
52834,,,,107,4,12,14
52935,,,,107,4,12,14
53034,,,,107,4,12,14
53134,,,,107,4,12,14
53242,,,,107,4,12,14
53334,,,,107,4,12,14
53437,,,,107,4,12,14
53534,,,,107,4,12,14
53633,,,,107,4,12,14
53741,,,,107,4,12,14
53837,,,,107,4,12,14
53935,,,,107,4,12,14
54035,,,,107,4,12,14
54133,,,,107,4,12,14
54234,,,,107,4,12,14
54335,,,,107,4,12,14
54434,,,,107,4,12,14
54535,,,,107,4,12,14
54636,,,,107,4,12,14
54735,,,,107,4,12,14
54835,,,,107,4,12,14
54943,,,,107,4,12,14
55034,,,,107,4,12,14
55135,,,,107,4,12,14
55233,,,,107,4,12,14
55334,,,,107,4,12,14
55439,,,,107,4,12,14
55535,,,,107,4,12,14
55634,,,,107,4,12,14
55735,,,,107,4,12,14
55833,,,,107,4,12,14
55940,,,,107,4,12,14
56035,,,,107,4,12,14
56138,,,,107,4,12,14
56234,,,,107,4,12,14
56335,,,,107,4,12,14
56435,,,,107,4,12,14
56535,,,,107,4,12,14
56644,,,,107,4,12,14
56737,,,,107,4,12,14
56835,,,,107,4,12,14
56933,,,,107,4,12,14
57034,,,,107,4,12,14
57136,,,,107,4,12,14
57235,,,,107,4,12,14
57335,,,,107,4,12,14
57433,,,,107,4,12,14
57533,,,,107,4,12,14
57634,,,,107,4,12,14
57737,,,,107,4,12,14
57834,,,,107,4,12,14
57932,,,,107,4,12,14
58037,,,,107,4,12,14
58134,,,,107,4,12,14
58236,,,,107,4,12,14
58343,,,,107,4,12,14
58435,,,,107,4,12,14
58538,,,,107,4,12,14
58634,,,,107,4,12,14
58734,,,,107,4,12,14
58835,,,,107,4,12,14
58936,,,,107,4,12,14
59035,,,,107,4,12,14
59134,,,,107,4,12,14
59235,,,,107,4,12,14
59340,,,,107,4,12,14
59437,,,,107,4,12,14
59534,,,,107,4,12,14
59632,,,,107,4,12,14
59738,,,,107,4,12,14
59835,,,,107,4,12,14
59936,,,,107,4,12,14
60045,,,,107,4,12,14
60136,,,,107,4,12,14
60239,,,,107,4,12,14
60334,,,,107,4,12,14
60434,,,,107,4,12,14
60533,,,,107,4,12,14
60635,,,,107,4,12,14
60734,,,,107,4,12,14
60834,,,,107,4,12,14
60935,,,,107,4,12,14
61033,,,,107,4,12,14
61138,,,,107,4,12,14
61236,,,,107,4,12,14
61335,,,,107,4,12,14
61436,,,,107,4,12,14
61537,,,,107,4,12,14
61637,,,,107,4,12,14
61757,,,,107,4,12,14
61835,,,,107,4,12,14
61937,,,,107,4,12,14
62034,,,,107,4,12,14
62133,,,,107,4,12,14
62239,,,,107,4,12,14
62334,,,,107,4,12,14
62439,,,,107,4,12,14
62566,,,,107,4,12,14
62614,,,,107,4,12,14
62714,,,,107,4,12,14
62814,,,,107,4,12,14
62934,,,,107,4,12,14
63036,,,,107,4,12,14
63135,,,,107,4,12,14
63233,,,,107,4,12,14
63336,,,,107,4,12,14
63434,,,,107,4,12,14
63534,,,,107,4,12,14
63635,,,,107,4,12,14
63735,,,,107,4,12,14
63834,,,,107,4,12,14
63937,,,,107,4,12,14
64034,,,,107,4,12,14
64135,,,,107,4,12,14
64253,,,,107,4,12,14
64339,,,,107,4,12,14
64434,,,,107,4,12,14
64534,,,,107,4,12,14
64634,,,,107,4,12,14
64731,,,,107,4,12,14
64832,,,,107,4,12,14
64932,,,,107,4,12,14
65032,,,,107,4,12,14
65137,,,,107,4,12,14
65232,,,,107,4,12,14
65333,,,,107,4,12,14
65433,,,,107,4,12,14
65531,,,,107,4,12,14
65632,,,,107,4,12,14
65731,,,,107,4,12,14
65830,,,,107,4,12,14
65952,,,,107,4,12,14
66030,,,,107,4,12,14
66130,,,,107,4,12,14
66230,,,,107,4,12,14
66330,,,,107,4,12,14
66431,,,,107,4,12,14
66530,,,,107,4,12,14
66631,,,,107,4,12,14
66730,,,,107,4,12,14
66828,,,,107,4,12,14
66929,,,,107,4,12,14
67031,,,,107,4,12,14
67128,,,,107,4,12,14
67229,,,,107,4,12,14
67330,,,,107,4,12,14
67432,,,,107,4,12,14
67534,,,,107,4,12,14
67653,,,,107,4,12,14
67731,,,,107,4,12,14
67833,,,,107,4,12,14
67932,,,,107,4,12,14
68032,,,,107,4,12,14
68133,,,,107,4,12,14
68234,,,,107,4,12,14
68333,,,,107,4,12,14
68469,,,,107,4,12,14
68514,,,,107,4,12,14
68638,,,,107,4,12,14
68713,,,,107,4,12,14
68833,,,,107,4,12,14
68932,,,,107,4,12,14
69033,,,,107,4,12,14
69132,,,,107,4,12,14
69232,,,,107,4,12,14
69335,,,,107,4,12,14
69457,,,,107,4,12,14
69532,,,,107,4,12,14
69633,,,,107,4,12,14
69733,,,,107,4,12,14
69834,,,,107,4,12,14
69934,,,,107,4,12,14
70035,,,,107,4,12,14
70133,,,,107,4,12,14
70265,,,,107,4,12,14
70313,,,,107,4,12,14
70413,,,,107,4,12,14
70514,,,,107,4,12,14
70623,,,,107,4,12,14
70731,,,,107,4,12,14
70832,,,,107,4,12,14
70932,,,,107,4,12,14
71034,,,,107,4,12,14
71130,,,,107,4,12,14
71231,,,,107,4,12,14
71333,,,,107,4,12,14
71431,,,,107,4,12,14
71532,,,,107,4,12,14
71632,,,,107,4,12,14
71731,,,,107,4,12,14
71831,,,,107,4,12,14
71950,,,,107,4,12,14
72031,,,,107,4,12,14
72135,,,,107,4,12,14
72230,,,,107,4,12,14
72328,,,,107,4,12,14
72436,,,,107,4,12,14
72531,,,,107,4,12,14
72636,,,,107,4,12,14
72734,,,,107,4,12,14
72835,,,,107,4,12,14
72931,,,,107,4,12,14
73032,,,,107,4,12,14
73133,,,,107,4,12,14
73233,,,,107,4,12,14
73333,,,,107,4,12,14
73433,,,,107,4,12,14
73533,,,,107,4,12,14
73652,,,,107,4,12,14
73733,,,,107,4,12,14
73830,,,,107,4,12,14
73933,,,,107,4,12,14
74033,,,,107,4,12,14
74131,,,,107,4,12,14
74234,,,,107,4,12,14
74333,,,,107,4,12,14
74434,,,,107,4,12,14
74533,,,,107,4,12,14
74633,,,,107,4,12,14
74733,,,,107,4,12,14
74833,,,,107,4,12,14
74933,,,,107,4,12,14
75032,,,,107,4,12,14
75133,,,,107,4,12,14
75234,,,,107,4,12,14
75351,,,,107,4,12,14
75435,,,,107,4,12,14
75531,,,,107,4,12,14
75631,,,,107,4,12,14
75732,,,,107,4,12,14
75832,,,,107,4,12,14
75932,,,,107,4,12,14
76033,,,,107,4,12,14
76131,,,,107,4,12,14
76232,,,,107,4,12,14
76334,,,,107,4,12,14
76432,,,,107,4,12,14
76532,,,,107,4,12,14
76630,,,,107,4,12,14
76731,,,,107,4,12,14
76832,,,,107,4,12,14
76931,,,,107,4,12,14
77040,,,,107,4,12,14
77132,,,,107,4,12,14
77233,,,,107,4,12,14
77333,,,,107,4,12,14
77432,,,,107,4,12,14
77533,,,,107,4,12,14
77632,,,,107,4,12,14
77733,,,,107,4,12,14
77831,,,,107,4,12,14
77933,,,,107,4,12,14
78032,,,,107,4,12,14
78133,,,,107,4,12,14
78232,,,,107,4,12,14
78331,,,,107,4,12,14
78431,,,,107,4,12,14
78531,,,,107,4,12,14
78631,,,,107,4,12,14
78744,,,,107,4,12,14
78831,,,,107,4,12,14
78933,,,,107,4,12,14
79032,,,,107,4,12,14
79131,,,,107,4,12,14
79231,,,,107,4,12,14
79330,,,,107,4,12,14
79434,,,,107,4,12,14
79532,,,,107,4,12,14
79632,,,,107,4,12,14
79732,,,,107,4,12,14
79833,,,,107,4,12,14
79933,,,,107,4,12,14
80033,,,,107,4,12,14
80132,,,,107,4,12,14
80233,,,,107,4,12,14
80331,,,,107,4,12,14
80444,,,,107,4,12,14
80532,,,,107,4,12,14
80633,,,,107,4,12,14
80734,,,,107,4,12,14
80832,,,,107,4,12,14
80932,,,,107,4,12,14
81031,,,,107,4,12,14
81131,,,,107,4,12,14
81232,,,,107,4,12,14
81331,,,,107,4,12,14
81433,,,,107,4,12,14
81533,,,,107,4,12,14
81631,,,,107,4,12,14
81731,,,,107,4,12,14
81831,,,,107,4,12,14
81933,,,,107,4,12,14
82032,,,,107,4,12,14
82141,,,,107,4,12,14
82232,,,,107,4,12,14
82332,,,,107,4,12,14
82433,,,,107,4,12,14
82534,,,,107,4,12,14
82631,,,,107,4,12,14
82730,,,,107,4,12,14
82832,,,,107,4,12,14
82932,,,,107,4,12,14
83031,,,,107,4,12,14
83130,,,,107,4,12,14
83232,,,,107,4,12,14
83332,,,,107,4,12,14
83432,,,,107,4,12,14
83533,,,,107,4,12,14
83632,,,,107,4,12,14
83733,,,,107,4,12,14
83843,,,,107,4,12,14
83934,,,,107,4,12,14
84034,,,,107,4,12,14
84133,,,,107,4,12,14
84233,,,,107,4,12,14
84334,,,,107,4,12,14
84434,,,,107,4,12,14
84533,,,,107,4,12,14
84634,,,,107,4,12,14
84733,,,,107,4,12,14
84833,,,,107,4,12,14
84932,,,,107,4,12,14
85032,,,,107,4,12,14
85132,,,,107,4,12,14
85231,,,,107,4,12,14
85332,,,,107,4,12,14
85432,,,,107,4,12,14
85539,,,,107,4,12,14
85633,,,,107,4,12,14
85732,,,,107,4,12,14
85831,,,,107,4,12,14
85933,,,,107,4,12,14
86031,,,,107,4,12,14
86132,,,,107,4,12,14
86232,,,,107,4,12,14
86331,,,,107,4,12,14
86433,,,,107,4,12,14
86532,,,,107,4,12,14
86633,,,,107,4,12,14
86726,,,,107,4,12,14
86833,,,,107,4,12,14
86928,,,,107,4,12,14
87034,,,,107,4,12,14
87128,,,,107,4,12,14
87241,,,,107,4,12,14
87329,,,,107,4,12,14
87433,,,,107,4,12,14
87529,,,,107,4,12,14
87632,,,,107,4,12,14
87727,,,,107,4,12,14
87831,,,,107,4,12,14
87926,,,,107,4,12,14
88031,,,,107,4,12,14
88127,,,,107,4,12,14
88232,,,,107,4,12,14
88328,,,,107,4,12,14
88431,,,,107,4,12,14
88530,,,,107,4,12,14
88633,,,,107,4,12,14
88729,,,,107,4,12,14
88831,,,,107,4,12,14
88937,,,,107,4,12,14
89033,,,,107,4,12,14
89129,,,,107,4,12,14
89232,,,,107,4,12,14
89328,,,,107,4,12,14
89434,,,,107,4,12,14
89529,,,,107,4,12,14
89632,,,,107,4,12,14
89729,,,,107,4,12,14
89833,,,,107,4,12,14
89929,,,,107,4,12,14
90033,,,,107,4,12,14
90128,,,,107,4,12,14
90233,,,,107,4,12,14
90328,,,,107,4,12,14
90433,,,,107,4,12,14
90527,,,,107,4,12,14
90648,,,,107,4,12,14
90727,,,,107,4,12,14
90833,,,,107,4,12,14
90929,,,,107,4,12,14
91031,,,,107,4,12,14
91130,,,,107,4,12,14
91232,,,,107,4,12,14
91328,,,,107,4,12,14
91433,,,,107,4,12,14
91528,,,,107,4,12,14
91633,,,,107,4,12,14
91730,,,,107,4,12,14
91831,,,,107,4,12,14
91929,,,,107,4,12,14
92032,,,,107,4,12,14
92129,,,,107,4,12,14
92233,,,,107,4,12,14
92339,,,,107,4,12,14
92432,,,,107,4,12,14
92528,,,,107,4,12,14
92633,,,,107,4,12,14
92728,,,,107,4,12,14
92832,,,,107,4,12,14
92928,,,,107,4,12,14
93034,,,,107,4,12,14
93129,,,,107,4,12,14
93233,,,,107,4,12,14
93327,,,,107,4,12,14
93431,,,,107,4,12,14
93527,,,,107,4,12,14
93633,,,,107,4,12,14
93727,,,,107,4,12,14
93833,,,,107,4,12,14
93927,,,,107,4,12,14
94040,,,,107,4,12,14
94127,,,,107,4,12,14
94232,,,,107,4,12,14
94326,,,,107,4,12,14
94433,,,,107,4,12,14
94528,,,,107,4,12,14
94632,,,,107,4,12,14
94728,,,,107,4,12,14
94834,,,,107,4,12,14
94929,,,,107,4,12,14
95032,,,,107,4,12,14
95127,,,,107,4,12,14
95231,,,,107,4,12,14
95330,,,,107,4,12,14
95432,,,,107,4,12,14
95527,,,,107,4,12,14
95630,,,,107,4,12,14
95737,,,,107,4,12,14
95832,,,,107,4,12,14
95927,,,,107,4,12,14
96033,,,,107,4,12,14
96128,,,,107,4,12,14
96234,,,,107,4,12,14
96328,,,,107,4,12,14
96434,,,,107,4,12,14
96527,,,,107,4,12,14
96632,,,,107,4,12,14
96729,,,,107,4,12,14
96834,,,,107,4,12,14
96928,,,,107,4,12,14
97033,,,,107,4,12,14
97128,,,,107,4,12,14
97234,,,,107,4,12,14
97328,,,,107,4,12,14
97442,,,,107,4,12,14
97530,,,,107,4,12,14
97631,,,,107,4,12,14
97729,,,,107,4,12,14
97834,,,,107,4,12,14
97930,,,,107,4,12,14
98032,,,,107,4,12,14
98130,,,,107,4,12,14
98235,,,,107,4,12,14
98328,,,,107,4,12,14
98439,,,,107,4,12,14
98530,,,,107,4,12,14
98634,,,,107,4,12,14
98730,,,,107,4,12,14
98833,,,,107,4,12,14
98929,,,,107,4,12,14
99034,,,,107,4,12,14
99137,,,,107,4,12,14
99233,,,,107,4,12,14
99330,,,,107,4,12,14
99433,,,,107,4,12,14
99529,,,,107,4,12,14
99634,,,,107,4,12,14
99731,,,,107,4,12,14
99835,,,,107,4,12,14
99930,,,,107,4,12,14
100033,,,,107,4,12,14
100129,,,,107,4,12,14
100232,,,,107,4,12,14
100329,,,,107,4,12,14
100433,,,,107,4,12,14
100532,,,,107,4,12,14
100635,,,,107,4,12,14
100731,,,,107,4,12,14
100840,,,,107,4,12,14
100930,,,,107,4,12,14
101038,,,,107,4,12,14
101130,,,,107,4,12,14
101231,,,,107,4,12,14
101334,,,,107,4,12,14
101429,,,,107,4,12,14
101529,,,,107,4,12,14
101630,,,,107,4,12,14
101733,,,,107,4,12,14
101829,,,,107,4,12,14
101929,,,,107,4,12,14
102030,,,,107,4,12,14
102128,,,,107,4,12,14
102231,,,,107,4,12,14
102329,,,,107,4,12,14
102430,,,,107,4,12,14
102538,,,,107,4,12,14
102628,,,,107,4,12,14
102730,,,,107,4,12,14
102830,,,,107,4,12,14
102930,,,,107,4,12,14
103031,,,,107,4,12,14
103129,,,,107,4,12,14
103230,,,,107,4,12,14
103329,,,,107,4,12,14
103429,,,,107,4,12,14
103531,,,,107,4,12,14
103630,,,,107,4,12,14
103730,,,,107,4,12,14
103828,,,,107,4,12,14
103929,,,,107,4,12,14
104030,,,,107,4,12,14
104129,,,,107,4,12,14
104237,,,,107,4,12,14
104331,,,,107,4,12,14
104430,,,,107,4,12,14
104530,,,,107,4,12,14
104629,,,,107,4,12,14
104730,,,,107,4,12,14
104828,,,,107,4,12,14
104930,,,,107,4,12,14
105029,,,,107,4,12,14
105131,,,,107,4,12,14
105230,,,,107,4,12,14
105329,,,,107,4,12,14
105428,,,,107,4,12,14
105529,,,,107,4,12,14
105630,,,,107,4,12,14
105730,,,,107,4,12,14
105830,,,,107,4,12,14
105940,,,,107,4,12,14
106030,,,,107,4,12,14
106131,,,,107,4,12,14
106232,,,,107,4,12,14
106330,,,,107,4,12,14
106432,,,,107,4,12,14
106529,,,,107,4,12,14
106629,,,,107,4,12,14
106729,,,,107,4,12,14
106831,,,,107,4,12,14
106930,,,,107,4,12,14
107033,,,,107,4,12,14
107130,,,,107,4,12,14
107232,,,,107,4,12,14
107331,,,,107,4,12,14
107433,,,,107,4,12,14
107530,,,,107,4,12,14
107642,,,,107,4,12,14
107732,,,,107,4,12,14
107834,,,,107,4,12,14
107931,,,,107,4,12,14
108029,,,,107,4,12,14
108130,,,,107,4,12,14
108231,,,,107,4,12,14
108330,,,,107,4,12,14
108431,,,,107,4,12,14
108532,,,,107,4,12,14
108631,,,,107,4,12,14
108732,,,,107,4,12,14
108832,,,,107,4,12,14
108931,,,,107,4,12,14
109032,,,,107,4,12,14
109134,,,,107,4,12,14
109234,,,,107,4,12,14
109343,,,,107,4,12,14
109432,,,,107,4,12,14
109535,,,,107,4,12,14
109635,,,,107,4,12,14
109734,,,,107,4,12,14
109833,,,,107,4,12,14
109933,,,,107,4,12,14
110031,,,,107,4,12,14
110134,,,,107,4,12,14
110232,,,,107,4,12,14
110334,,,,107,4,12,14
110431,,,,107,4,12,14
110534,,,,107,4,12,14
110634,,,,107,4,12,14
110730,,,,107,4,12,14
110832,,,,107,4,12,14
110932,,,,107,4,12,14
111040,,,,107,4,12,14
111131,,,,107,4,12,14
111232,,,,107,4,12,14
111329,,,,107,4,12,14
111431,,,,107,4,12,14
111531,,,,107,4,12,14
111632,,,,107,4,12,14
111731,,,,107,4,12,14
111832,,,,107,4,12,14
111930,,,,107,4,12,14
112033,,,,107,4,12,14
112134,,,,107,4,12,14
112231,,,,107,4,12,14
112333,,,,107,4,12,14
112433,,,,107,4,12,14
112532,,,,107,4,12,14
112633,,,,107,4,12,14
112740,,,,107,4,12,14
112833,,,,107,4,12,14
112935,,,,107,4,12,14
113031,,,,107,4,12,14
113132,,,,107,4,12,14
113229,,,,107,4,12,14
113328,,,,107,4,12,14
113431,,,,107,4,12,14
113530,,,,107,4,12,14
113629,,,,107,4,12,14
113729,,,,107,4,12,14
113830,,,,107,4,12,14
113930,,,,107,4,12,14
114031,,,,107,4,12,14
114132,,,,107,4,12,14
114231,,,,107,4,12,14
114330,,,,107,4,12,14
114445,,,,107,4,12,14
114535,,,,107,4,12,14
114632,,,,107,4,12,14
114732,,,,107,4,12,14
114831,,,,107,4,12,14
114932,,,,107,4,12,14
115031,,,,107,4,12,14
115131,,,,107,4,12,14
115231,,,,107,4,12,14
115332,,,,107,4,12,14
115429,,,,107,4,12,14
115532,,,,107,4,12,14
115632,,,,107,4,12,14
115730,,,,107,4,12,14
115832,,,,107,4,12,14
115933,,,,107,4,12,14
116032,,,,107,4,12,14
116142,,,,107,4,12,14
116232,,,,107,4,12,14
116333,,,,107,4,12,14
116433,,,,107,4,12,14
116531,,,,107,4,12,14
116632,,,,107,4,12,14
116732,,,,107,4,12,14
116833,,,,107,4,12,14
116933,,,,107,4,12,14
117033,,,,107,4,12,14
117133,,,,107,4,12,14
117232,,,,107,4,12,14
117333,,,,107,4,12,14
117430,,,,107,4,12,14
117532,,,,107,4,12,14
117632,,,,107,4,12,14
117732,,,,107,4,12,14
117839,,,,107,4,12,14
117932,,,,107,4,12,14
118033,,,,107,4,12,14
118129,,,,107,4,12,14
118230,,,,107,4,12,14
118330,,,,107,4,12,14
118428,,,,107,4,12,14
118528,,,,107,4,12,14
118629,,,,107,4,12,14
118728,,,,107,4,12,14
118830,,,,107,4,12,14
118928,,,,107,4,12,14
119029,,,,107,4,12,14
119129,,,,107,4,12,14
119229,,,,107,4,12,14
119331,,,,107,4,12,14
119431,,,,107,4,12,14
119548,,,,107,4,12,14
119631,,,,107,4,12,14
119731,,,,107,4,12,14
119834,,,,107,4,12,14
119933,,,,107,4,12,14
120034,,,,107,4,12,14
120132,,,,107,4,12,14
120233,,,,107,4,12,14
120333,,,,107,4,12,14
120431,,,,107,4,12,14
120535,,,,107,4,12,14
120635,,,,107,4,12,14
120734,,,,107,4,12,14
120833,,,,107,4,12,14
120934,,,,107,4,12,14
121034,,,,107,4,12,14
121134,,,,107,4,12,14
121245,,,,107,4,12,14
121336,,,,107,4,12,14
121438,,,,107,4,12,14
121533,,,,107,4,12,14
121633,,,,107,4,12,14
121733,,,,107,4,12,14
121834,,,,107,4,12,14
121932,,,,107,4,12,14
122033,,,,107,4,12,14
122134,,,,107,4,12,14
122234,,,,107,4,12,14
122332,,,,107,4,12,14
122432,,,,107,4,12,14
122530,,,,107,4,12,14
122633,,,,107,4,12,14
122731,,,,107,4,12,14
122834,,,,107,4,12,14
122943,,,,107,4,12,14
123035,,,,107,4,12,14
123132,,,,107,4,12,14
123233,,,,107,4,12,14
123333,,,,107,4,12,14
123438,,,,107,4,12,14
123533,,,,107,4,12,14
123631,,,,107,4,12,14
123733,,,,107,4,12,14
123832,,,,107,4,12,14
123934,,,,107,4,12,14
124034,,,,107,4,12,14
124135,,,,107,4,12,14
124233,,,,107,4,12,14
124335,,,,107,4,12,14
124436,,,,107,4,12,14
124534,,,,107,4,12,14
124654,,,,107,4,12,14
124712,,,,107,4,12,14
124828,,,,107,4,12,14
124928,,,,107,4,12,14
125033,,,,107,4,12,14
125136,,,,107,4,12,14
125231,,,,107,4,12,14
125332,,,,107,4,12,14
125432,,,,107,4,12,14
125533,,,,107,4,12,14
125634,,,,107,4,12,14
125733,,,,107,4,12,14
125834,,,,107,4,12,14
125934,,,,107,4,12,14
126034,,,,107,4,12,14
126135,,,,107,4,12,14
126233,,,,107,4,12,14
126353,,,,107,4,12,14
126412,,,,107,4,12,14
126513,,,,107,4,12,14
126612,,,,107,4,12,14
126733,,,,107,4,12,14
126835,,,,107,4,12,14
126932,,,,107,4,12,14
127032,,,,107,4,12,14
127133,,,,107,4,12,14
127234,,,,107,4,12,14
127336,,,,107,4,12,14
127434,,,,107,4,12,14
127532,,,,107,4,12,14
127634,,,,107,4,12,14
127731,,,,107,4,12,14
127834,,,,107,4,12,14
127936,,,,107,4,12,14
128051,,,,107,4,12,14
128133,,,,107,4,12,14
128234,,,,107,4,12,14
128334,,,,107,4,12,14
128433,,,,107,4,12,14
128535,,,,107,4,12,14
128632,,,,107,4,12,14
128732,,,,107,4,12,14
128832,,,,107,4,12,14
128933,,,,107,4,12,14
129032,,,,107,4,12,14
129133,,,,107,4,12,14
129232,,,,107,4,12,14
129335,,,,107,4,12,14
129435,,,,107,4,12,14
129532,,,,107,4,12,14
129634,,,,107,4,12,14
129752,,,,107,4,12,14
129814,,,,107,4,12,14
129934,,,,107,4,12,14
130031,,,,107,4,12,14
130133,,,,107,4,12,14
130235,,,,107,4,12,14
130333,,,,107,4,12,14
130433,,,,107,4,12,14
130532,,,,107,4,12,14
130632,,,,107,4,12,14
130734,,,,107,4,12,14
130831,,,,107,4,12,14
130933,,,,107,4,12,14
131033,,,,107,4,12,14
131130,,,,107,4,12,14
131232,,,,107,4,12,14
131334,,,,107,4,12,14
131442,,,,107,4,12,14
131533,,,,107,4,12,14
131636,,,,107,4,12,14
131733,,,,107,4,12,14
131834,,,,107,4,12,14
131934,,,,107,4,12,14
132033,,,,107,4,12,14
132135,,,,107,4,12,14
132234,,,,107,4,12,14
132332,,,,107,4,12,14
132433,,,,107,4,12,14
132534,,,,107,4,12,14
132633,,,,107,4,12,14
132731,,,,107,4,12,14
132832,,,,107,4,12,14
132932,,,,107,4,12,14
133032,,,,107,4,12,14
133140,,,,107,4,12,14
133232,,,,107,4,12,14
133333,,,,107,4,12,14
133431,,,,107,4,12,14
133530,,,,107,4,12,14
133629,,,,107,4,12,14
133729,,,,107,4,12,14
133830,,,,107,4,12,14
133929,,,,107,4,12,14
134026,,,,107,4,12,14
134130,,,,107,4,12,14
134229,,,,107,4,12,14
134328,,,,107,4,12,14
134428,,,,107,4,12,14
134526,,,,107,4,12,14
134628,,,,107,4,12,14
134710,,,,107,4,12,14
134855,,,,107,4,12,14
134930,,,,107,4,12,14
135032,,,,107,4,12,14
135131,,,,107,4,12,14
135237,,,,107,4,12,14
135329,,,,107,4,12,14
135434,,,,107,4,12,14
135532,,,,107,4,12,14
135640,,,,107,4,12,14
135712,,,,107,4,12,14
135837,,,,107,4,12,14
135933,,,,107,4,12,14
136035,,,,107,4,12,14
136132,,,,107,4,12,14
136233,,,,107,4,12,14
136333,,,,107,4,12,14
136434,,,,107,4,12,14
136550,,,,107,4,12,14
136632,,,,107,4,12,14
136735,,,,107,4,12,14
136834,,,,107,4,12,14
136931,,,,107,4,12,14
137035,,,,107,4,12,14
137135,,,,107,4,12,14
137232,,,,107,4,12,14
137331,,,,107,4,12,14
137430,,,,107,4,12,14
137533,,,,107,4,12,14
137632,,,,107,4,12,14
137733,,,,107,4,12,14
137833,,,,107,4,12,14
137932,,,,107,4,12,14
138034,,,,107,4,12,14
138137,,,,107,4,12,14
138244,,,,107,4,12,14
138333,,,,107,4,12,14
138431,,,,107,4,12,14
138535,,,,107,4,12,14
138633,,,,107,4,12,14
138732,,,,107,4,12,14
138831,,,,107,4,12,14
138933,,,,107,4,12,14
139031,,,,107,4,12,14
139131,,,,107,4,12,14
139233,,,,107,4,12,14
139332,,,,107,4,12,14
139430,,,,107,4,12,14
139535,,,,107,4,12,14
139631,,,,107,4,12,14
139733,,,,107,4,12,14
139834,,,,107,4,12,14
139940,,,,107,4,12,14
140035,,,,107,4,12,14
140133,,,,107,4,12,14
140235,,,,107,4,12,14
140334,,,,107,4,12,14
140438,,,,107,4,12,14
140526,,,,107,4,12,14
140637,,,,107,4,12,14
140732,,,,107,4,12,14
140835,,,,107,4,12,14
140934,,,,107,4,12,14
141035,,,,107,4,12,14
141131,,,,107,4,12,14
141235,,,,107,4,12,14
141333,,,,107,4,12,14
141431,,,,107,4,12,14
141535,,,,107,4,12,14
141642,,,,107,4,12,14
141735,,,,107,4,12,14
141833,,,,107,4,12,14
141936,,,,107,4,12,14
142029,,,,107,4,12,14
142131,,,,107,4,12,14
142233,,,,107,4,12,14
142332,,,,107,4,12,14
142434,,,,107,4,12,14
142534,,,,107,4,12,14
142633,,,,107,4,12,14
142735,,,,107,4,12,14
142835,,,,107,4,12,14
142934,,,,107,4,12,14
143033,,,,107,4,12,14
143137,,,,107,4,12,14
143233,,,,107,4,12,14
143343,,,,107,4,12,14
143435,,,,107,4,12,14
143534,,,,107,4,12,14
143635,,,,107,4,12,14
143731,,,,107,4,12,14
143832,,,,107,4,12,14
143931,,,,107,4,12,14
144032,,,,107,4,12,14
144134,,,,107,4,12,14
144233,,,,107,4,12,14
144334,,,,107,4,12,14
144433,,,,107,4,12,14
144534,,,,107,4,12,14
144634,,,,107,4,12,14
144731,,,,107,4,12,14
144832,,,,107,4,12,14
144935,,,,107,4,12,14
145044,,,,107,4,12,14
145134,,,,107,4,12,14
145234,,,,107,4,12,14
145337,,,,107,4,12,14
145437,,,,107,4,12,14
145535,,,,107,4,12,14
145636,,,,107,4,12,14
145733,,,,107,4,12,14
145836,,,,107,4,12,14
145933,,,,107,4,12,14
146032,,,,107,4,12,14
146132,,,,107,4,12,14
146233,,,,107,4,12,14
146334,,,,107,4,12,14
146434,,,,107,4,12,14
146534,,,,107,4,12,14
146632,,,,107,4,12,14
146742,,,,107,4,12,14
146831,,,,107,4,12,14
146937,,,,107,4,12,14
147034,,,,107,4,12,14
147134,,,,107,4,12,14
147233,,,,107,4,12,14
147332,,,,107,4,12,14
147433,,,,107,4,12,14
147535,,,,107,4,12,14
147632,,,,107,4,12,14
147732,,,,107,4,12,14
147831,,,,107,4,12,14
147933,,,,107,4,12,14
148034,,,,107,4,12,14
148133,,,,107,4,12,14
148232,,,,107,4,12,14
148333,,,,107,4,12,14
148442,,,,107,4,12,14
148534,,,,107,4,12,14
148632,,,,107,4,12,14
148734,,,,107,4,12,14
148834,,,,107,4,12,14
148932,,,,107,4,12,14
149032,,,,107,4,12,14
149133,,,,107,4,12,14
149233,,,,107,4,12,14
149333,,,,107,4,12,14
149433,,,,107,4,12,14
149535,,,,107,4,12,14
149635,,,,107,4,12,14
149733,,,,107,4,12,14
149834,,,,107,4,12,14
149931,,,,107,4,12,14
150033,,,,107,4,12,14
150142,,,,107,4,12,14
150233,,,,107,4,12,14
150334,,,,107,4,12,14
150434,,,,107,4,12,14
150531,,,,107,4,12,14
150632,,,,107,4,12,14
150735,,,,107,4,12,14
150833,,,,107,4,12,14
150934,,,,107,4,12,14
151035,,,,107,4,12,14
151132,,,,107,4,12,14
151235,,,,107,4,12,14
151333,,,,107,4,12,14
151433,,,,107,4,12,14
151533,,,,107,4,12,14
151634,,,,107,4,12,14
151733,,,,107,4,12,14
151841,,,,107,4,12,14
151934,,,,107,4,12,14
152036,,,,107,4,12,14
152134,,,,107,4,12,14
152232,,,,107,4,12,14
152332,,,,107,4,12,14
152432,,,,107,4,12,14
152533,,,,107,4,12,14
152633,,,,107,4,12,14
152731,,,,107,4,12,14
152832,,,,107,4,12,14
152935,,,,107,4,12,14
153033,,,,107,4,12,14
153134,,,,107,4,12,14
153235,,,,107,4,12,14
153330,,,,107,4,12,14
153432,,,,107,4,12,14
153543,,,,107,4,12,14
153634,,,,107,4,12,14
153732,,,,107,4,12,14
153834,,,,107,4,12,14
153934,,,,107,4,12,14
154033,,,,107,4,12,14
154133,,,,107,4,12,14
154233,,,,107,4,12,14
154336,,,,107,4,12,14
154432,,,,107,4,12,14
154533,,,,107,4,12,14
154631,,,,107,4,12,14
154734,,,,107,4,12,14
154834,,,,107,4,12,14
154932,,,,107,4,12,14
155035,,,,107,4,12,14
155132,,,,107,4,12,14
155240,,,,107,4,12,14
155332,,,,107,4,12,14
155434,,,,107,4,12,14
155536,,,,107,4,12,14
155631,,,,107,4,12,14
155733,,,,107,4,12,14
155833,,,,107,4,12,14
155932,,,,107,4,12,14
156032,,,,107,4,12,14
156135,,,,107,4,12,14
156233,,,,107,4,12,14
156331,,,,107,4,12,14
156434,,,,107,4,12,14
156534,,,,107,4,12,14
156634,,,,107,4,12,14
156731,,,,107,4,12,14
156832,,,,107,4,12,14
156941,,,,107,4,12,14
157032,,,,107,4,12,14
157133,,,,107,4,12,14
157233,,,,107,4,12,14
157332,,,,107,4,12,14
157431,,,,107,4,12,14
157533,,,,107,4,12,14
157632,,,,107,4,12,14
157736,,,,107,4,12,14
157831,,,,107,4,12,14
157934,,,,107,4,12,14
158034,,,,107,4,12,14
158132,,,,107,4,12,14
158237,,,,107,4,12,14
158335,,,,107,4,12,14
158433,,,,107,4,12,14
158531,,,,107,4,12,14
158642,,,,107,4,12,14
158733,,,,107,4,12,14
158832,,,,107,4,12,14
158935,,,,107,4,12,14
159033,,,,107,4,12,14
159131,,,,107,4,12,14
159233,,,,107,4,12,14
159336,,,,107,4,12,14
159435,,,,107,4,12,14
159532,,,,107,4,12,14
159632,,,,107,4,12,14
159737,,,,107,4,12,14
159835,,,,107,4,12,14
159935,,,,107,4,12,14
160032,,,,107,4,12,14
160132,,,,107,4,12,14
160232,,,,107,4,12,14
160339,,,,107,4,12,14
160434,,,,107,4,12,14
160535,,,,107,4,12,14
160635,,,,107,4,12,14
160737,,,,107,4,12,14
160837,,,,107,4,12,14
160935,,,,107,4,12,14
161038,,,,107,4,12,14
161138,,,,107,4,12,14
161237,,,,107,4,12,14
161333,,,,107,4,12,14
161434,,,,107,4,12,14
161532,,,,107,4,12,14
161635,,,,107,4,12,14
161732,,,,107,4,12,14
161833,,,,107,4,12,14
161933,,,,107,4,12,14
162043,,,,107,4,12,14
162133,,,,107,4,12,14
162235,,,,107,4,12,14
162332,,,,107,4,12,14
162434,,,,107,4,12,14
162531,,,,107,4,12,14
162633,,,,107,4,12,14
162733,,,,107,4,12,14
162832,,,,107,4,12,14
162932,,,,107,4,12,14
163033,,,,107,4,12,14
163135,,,,107,4,12,14
163234,,,,107,4,12,14
163317,,,,107,4,12,14
163413,,,,107,4,12,14
163514,,,,107,4,12,14
163615,,,,107,4,12,14
163723,,,,107,4,12,14
163812,,,,107,4,12,14
163914,,,,107,4,12,14
164016,,,,107,4,12,14
164114,,,,107,4,12,14
164217,,,,107,4,12,14
164312,,,,107,4,12,14
164422,,,,107,4,12,14
164517,,,,107,4,12,14
164618,,,,107,4,12,14
164720,,,,107,4,12,14
164820,,,,107,4,12,14
164932,,,,107,4,12,14
165037,,,,107,4,12,14
165137,,,,107,4,12,14
165231,,,,107,4,12,14
165317,,,,107,4,12,14
165432,,,,107,4,12,14
165518,,,,107,4,12,14
165619,,,,107,4,12,14
165722,,,,107,4,12,14
165815,,,,107,4,12,14
165918,,,,107,4,12,14
166014,,,,107,4,12,14
166115,,,,107,4,12,14
166214,,,,107,4,12,14
166317,,,,107,4,12,14
166419,,,,107,4,12,14
166516,,,,107,4,12,14
166616,,,,107,4,12,14
166714,,,,107,4,12,14
166820,,,,107,4,12,14
166913,,,,107,4,12,14
167013,,,,107,4,12,14
167123,,,,107,4,12,14
167214,,,,107,4,12,14
167321,,,,107,4,12,14
167422,,,,107,4,12,14
167521,,,,107,4,12,14
167621,,,,107,4,12,14
167715,,,,107,4,12,14
167815,,,,107,4,12,14
167920,,,,107,4,12,14
168013,,,,107,4,12,14
168116,,,,107,4,12,14
168216,,,,107,4,12,14
168318,,,,107,4,12,14
168416,,,,107,4,12,14
168519,,,,107,4,12,14
168613,,,,107,4,12,14
168720,,,,107,4,12,14
168820,,,,107,4,12,14
168915,,,,107,4,12,14
169013,,,,107,4,12,14
169118,,,,107,4,12,14
169220,,,,107,4,12,14
169312,,,,107,4,12,14
169416,,,,107,4,12,14
169513,,,,107,4,12,14
169613,,,,107,4,12,14
169721,,,,107,4,12,14
169813,,,,107,4,12,14
169916,,,,107,4,12,14
170012,,,,107,4,12,14
170121,,,,107,4,12,14
170211,,,,107,4,12,14
170314,,,,107,4,12,14
170420,,,,107,4,12,14
170526,,,,107,4,12,14
170618,,,,107,4,12,14
170716,,,,107,4,12,14
170814,,,,107,4,12,14
170912,,,,107,4,12,14
171012,,,,107,4,12,14
171111,,,,107,4,12,14
171211,,,,107,4,12,14
171310,,,,107,4,12,14
171410,,,,107,4,12,14
171511,,,,107,4,12,14
171619,,,,107,4,12,14
171720,,,,107,4,12,14
171811,,,,107,4,12,14
171924,,,,107,4,12,14
172019,,,,107,4,12,14
172127,,,,107,4,12,14
172223,,,,107,4,12,14
172318,,,,107,4,12,14
172423,,,,107,4,12,14
172522,,,,107,4,12,14
172625,,,,107,4,12,14
172726,,,,107,4,12,14
172814,,,,107,4,12,14
172914,,,,107,4,12,14
173024,,,,107,4,12,14
173122,,,,107,4,12,14
173213,,,,107,4,12,14
173323,,,,107,4,12,14
173416,,,,107,4,12,14
173519,,,,107,4,12,14
173613,,,,107,4,12,14
173714,,,,107,4,12,14
173827,,,,107,4,12,14
173921,,,,107,4,12,14
174015,,,,107,4,12,14
174115,,,,107,4,12,14
174221,,,,107,4,12,14
174316,,,,107,4,12,14
174413,,,,107,4,12,14
174517,,,,107,4,12,14
174613,,,,107,4,12,14
174713,,,,107,4,12,14
174824,,,,107,4,12,14
174913,,,,107,4,12,14
175025,,,,107,4,12,14
175114,,,,107,4,12,14
175213,,,,107,4,12,14
175317,,,,107,4,12,14
175422,,,,107,4,12,14
175518,,,,107,4,12,14
175624,,,,107,4,12,14
175719,,,,107,4,12,14
175823,,,,107,4,12,14
175922,,,,107,4,12,14
176013,,,,107,4,12,14
176126,,,,107,4,12,14
176213,,,,107,4,12,14
176324,,,,107,4,12,14
176423,,,,107,4,12,14
176526,,,,107,4,12,14
176619,,,,107,4,12,14
176725,,,,107,4,12,14
176821,,,,107,4,12,14
176923,,,,107,4,12,14
177017,,,,107,4,12,14
177118,,,,107,4,12,14
177214,,,,107,4,12,14
177334,,,,107,4,12,14
177417,,,,107,4,12,14
177520,,,,107,4,12,14
177614,,,,107,4,12,14
177713,,,,107,4,12,14
177820,,,,107,4,12,14
177914,,,,107,4,12,14
178016,,,,107,4,12,14
178119,,,,107,4,12,14
178217,,,,107,4,12,14
178320,,,,107,4,12,14
178415,,,,107,4,12,14
178513,,,,107,4,12,14
178619,,,,107,4,12,14
178718,,,,107,4,12,14
178819,,,,107,4,12,14
178919,,,,107,4,12,14
179019,,,,107,4,12,14
179119,,,,107,4,12,14
179214,,,,107,4,12,14
179320,,,,107,4,12,14
179419,,,,107,4,12,14
179515,,,,107,4,12,14
179615,,,,107,4,12,14
179719,,,,107,4,12,14
179813,,,,107,4,12,14
179919,,,,107,4,12,14
180014,,,,107,4,12,14
180117,,,,107,4,12,14
180219,,,,107,4,12,14
180313,,,,107,4,12,14
180420,,,,107,4,12,14
180514,,,,107,4,12,14
180614,,,,107,4,12,14
180725,,,,107,4,12,14
180815,,,,107,4,12,14
180921,,,,107,4,12,14
181015,,,,107,4,12,14
181114,,,,107,4,12,14
181220,,,,107,4,12,14
181314,,,,107,4,12,14
181414,,,,107,4,12,14
181519,,,,107,4,12,14
181614,,,,107,4,12,14
181721,,,,107,4,12,14
181815,,,,107,4,12,14
181913,,,,107,4,12,14
182020,,,,107,4,12,14
182114,,,,107,4,12,14
182217,,,,107,4,12,14
182319,,,,107,4,12,14
182423,,,,107,4,12,14
182521,,,,107,4,12,14
182619,,,,107,4,12,14
182718,,,,107,4,12,14
182816,,,,107,4,12,14
182915,,,,107,4,12,14
183017,,,,107,4,12,14
183120,,,,107,4,12,14
183213,,,,107,4,12,14
183317,,,,107,4,12,14
183418,,,,107,4,12,14
183518,,,,107,4,12,14
183615,,,,107,4,12,14
183713,,,,107,4,12,14
183817,,,,107,4,12,14
183914,,,,107,4,12,14
184013,,,,107,4,12,14
184120,,,,107,4,12,14
184213,,,,107,4,12,14
184314,,,,107,4,12,14
184414,,,,107,4,12,14
184513,,,,107,4,12,14
184622,,,,107,4,12,14
184714,,,,107,4,12,14
184821,,,,107,4,12,14
184915,,,,107,4,12,14
185013,,,,107,4,12,14
185114,,,,107,4,12,14
185219,,,,107,4,12,14
185315,,,,107,4,12,14
185418,,,,107,4,12,14
185513,,,,107,4,12,14
185620,,,,107,4,12,14
185713,,,,107,4,12,14
185827,,,,107,4,12,14
185918,,,,107,4,12,14
186013,,,,107,4,12,14
186115,,,,107,4,12,14
186219,,,,107,4,12,14
186315,,,,107,4,12,14
186420,,,,107,4,12,14
186516,,,,107,4,12,14
186619,,,,107,4,12,14
186725,,,,107,4,12,14
186820,,,,107,4,12,14
186922,,,,107,4,12,14
187013,,,,107,4,12,14
187116,,,,107,4,12,14
187225,,,,107,4,12,14
187316,,,,107,4,12,14
187419,,,,107,4,12,14
187533,,,,107,4,12,14
187616,,,,107,4,12,14
187713,,,,107,4,12,14
187814,,,,107,4,12,14
187913,,,,107,4,12,14
188013,,,,107,4,12,14
188117,,,,107,4,12,14
188218,,,,107,4,12,14
188317,,,,107,4,12,14
188416,,,,107,4,12,14
188531,,,,107,4,12,14
188634,,,,107,4,12,14
188733,,,,107,4,12,14
188833,,,,107,4,12,14
188935,,,,107,4,12,14
189034,,,,107,4,12,14
189134,,,,107,4,12,14
189242,,,,107,4,12,14
189334,,,,107,4,12,14
189433,,,,107,4,12,14
189534,,,,107,4,12,14
189634,,,,107,4,12,14
189733,,,,107,4,12,14
189834,,,,107,4,12,14
189933,,,,107,4,12,14
190034,,,,107,4,12,14
190135,,,,107,4,12,14
190235,,,,107,4,12,14
190334,,,,107,4,12,14
190434,,,,107,4,12,14
190534,,,,107,4,12,14
190635,,,,107,4,12,14
190734,,,,107,4,12,14
190834,,,,107,4,12,14
190951,,,,107,4,12,14
191034,,,,107,4,12,14
191135,,,,107,4,12,14
191234,,,,107,4,12,14
191335,,,,107,4,12,14
191436,,,,107,4,12,14
191536,,,,107,4,12,14
191635,,,,107,4,12,14
191735,,,,107,4,12,14
191835,,,,107,4,12,14
191935,,,,107,4,12,14
192033,,,,107,4,12,14
192135,,,,107,4,12,14
192232,,,,107,4,12,14
192334,,,,107,4,12,14
192436,,,,107,4,12,14
192534,,,,107,4,12,14
192643,,,,107,4,12,14
192736,,,,107,4,12,14
192833,,,,107,4,12,14
192934,,,,107,4,12,14
193038,,,,107,4,12,14
193134,,,,107,4,12,14
193233,,,,107,4,12,14
193335,,,,107,4,12,14
193434,,,,107,4,12,14
193536,,,,107,4,12,14
193637,,,,107,4,12,14
193736,,,,107,4,12,14
193837,,,,107,4,12,14
193935,,,,107,4,12,14
194035,,,,107,4,12,14
194136,,,,107,4,12,14
194235,,,,107,4,12,14
194343,,,,107,4,12,14
194435,,,,107,4,12,14
194535,,,,107,4,12,14
194636,,,,107,4,12,14
194737,,,,107,4,12,14
194835,,,,107,4,12,14
194934,,,,107,4,12,14
195037,,,,107,4,12,14
195134,,,,107,4,12,14
195237,,,,107,4,12,14
195337,,,,107,4,12,14
195438,,,,107,4,12,14
195535,,,,107,4,12,14
195634,,,,107,4,12,14
195734,,,,107,4,12,14
195835,,,,107,4,12,14
195932,,,,107,4,12,14
196046,,,,107,4,12,14
196136,,,,107,4,12,14
196236,,,,107,4,12,14
196337,,,,107,4,12,14
196438,,,,107,4,12,14
196535,,,,107,4,12,14
196633,,,,107,4,12,14
196733,,,,107,4,12,14
196834,,,,107,4,12,14
196936,,,,107,4,12,14
197034,,,,107,4,12,14
197136,,,,107,4,12,14
197236,,,,107,4,12,14
197337,,,,107,4,12,14
197436,,,,107,4,12,14
197537,,,,107,4,12,14
197637,,,,107,4,12,14
197744,,,,107,4,12,14
197836,,,,107,4,12,14
197941,,,,107,4,12,14
198036,,,,107,4,12,14
198138,,,,107,4,12,14
198236,,,,107,4,12,14
198337,,,,107,4,12,14
198439,,,,107,4,12,14
198537,,,,107,4,12,14
198634,,,,107,4,12,14
198735,,,,107,4,12,14
198836,,,,107,4,12,14
198934,,,,107,4,12,14
199036,,,,107,4,12,14
199136,,,,107,4,12,14
199235,,,,107,4,12,14
199334,,,,107,4,12,14
199449,,,,107,4,12,14
199537,,,,107,4,12,14
199636,,,,107,4,12,14
199735,,,,107,4,12,14
199836,,,,107,4,12,14
199939,,,,107,4,12,14
200037,,,,107,4,12,14
200137,,,,107,4,12,14
200238,,,,107,4,12,14
200336,,,,107,4,12,14
200437,,,,107,4,12,14
200536,,,,107,4,12,14
200635,,,,107,4,12,14
200738,,,,107,4,12,14
200835,,,,107,4,12,14
200935,,,,107,4,12,14
201037,,,,107,4,12,14
201146,,,,107,4,12,14
201235,,,,107,4,12,14
201335,,,,107,4,12,14
201437,,,,107,4,12,14
201536,,,,107,4,12,14
201635,,,,107,4,12,14
201742,,,,107,4,12,14
201837,,,,107,4,12,14
201934,,,,107,4,12,14
202035,,,,107,4,12,14
202135,,,,107,4,12,14
202238,,,,107,4,12,14
202334,,,,107,4,12,14
202434,,,,107,4,12,14
202535,,,,107,4,12,14
202638,,,,107,4,12,14
202735,,,,107,4,12,14
202839,,,,107,4,12,14
202931,,,,107,4,12,14
203035,,,,107,4,12,14
203138,,,,107,4,12,14
203234,,,,107,4,12,14
203333,,,,107,4,12,14
203437,,,,107,4,12,14
203537,,,,107,4,12,14
203637,,,,107,4,12,14
203736,,,,107,4,12,14
203835,,,,107,4,12,14
203937,,,,107,4,12,14
204032,,,,107,4,12,14
204135,,,,107,4,12,14
204236,,,,107,4,12,14
204334,,,,107,4,12,14
204436,,,,107,4,12,14
204543,,,,107,4,12,14
204636,,,,107,4,12,14
204735,,,,107,4,12,14
204837,,,,107,4,12,14
204938,,,,107,4,12,14
205037,,,,107,4,12,14
205137,,,,107,4,12,14
205237,,,,107,4,12,14
205335,,,,107,4,12,14
205434,,,,107,4,12,14
205535,,,,107,4,12,14
205635,,,,107,4,12,14
205735,,,,107,4,12,14
205833,,,,107,4,12,14
205934,,,,107,4,12,14
206034,,,,107,4,12,14
206135,,,,107,4,12,14
206245,,,,107,4,12,14
206336,,,,107,4,12,14
206433,,,,107,4,12,14
206536,,,,107,4,12,14
206635,,,,107,4,12,14
206738,,,,107,4,12,14
206835,,,,107,4,12,14
206937,,,,107,4,12,14
207035,,,,107,4,12,14
207136,,,,107,4,12,14
207235,,,,107,4,12,14
207339,,,,107,4,12,14
207435,,,,107,4,12,14
207534,,,,107,4,12,14
207637,,,,107,4,12,14
207739,,,,107,4,12,14
207835,,,,107,4,12,14
207945,,,,107,4,12,14
208036,,,,107,4,12,14
208137,,,,107,4,12,14
208238,,,,107,4,12,14
208337,,,,107,4,12,14
208436,,,,107,4,12,14
208537,,,,107,4,12,14
208637,,,,107,4,12,14
208735,,,,107,4,12,14
208836,,,,107,4,12,14
208936,,,,107,4,12,14
209036,,,,107,4,12,14
209136,,,,107,4,12,14
209234,,,,107,4,12,14
209338,,,,107,4,12,14
209435,,,,107,4,12,14
209538,,,,107,4,12,14
209646,,,,107,4,12,14
209738,,,,107,4,12,14
209836,,,,107,4,12,14
209936,,,,107,4,12,14
210033,,,,107,4,12,14
210136,,,,107,4,12,14
210235,,,,107,4,12,14
210335,,,,107,4,12,14
210438,,,,107,4,12,14
210538,,,,107,4,12,14
210639,,,,107,4,12,14
210738,,,,107,4,12,14
210835,,,,107,4,12,14
210935,,,,107,4,12,14
211039,,,,107,4,12,14
211134,,,,107,4,12,14
211238,,,,107,4,12,14
211341,,,,107,4,12,14
211437,,,,107,4,12,14
211537,,,,107,4,12,14
211634,,,,107,4,12,14
211735,,,,107,4,12,14
211833,,,,107,4,12,14
211936,,,,107,4,12,14
212034,,,,107,4,12,14
212135,,,,107,4,12,14
212236,,,,107,4,12,14
212337,,,,107,4,12,14
212438,,,,107,4,12,14
212537,,,,107,4,12,14
212638,,,,107,4,12,14
212736,,,,107,4,12,14
212836,,,,107,4,12,14
212936,,,,107,4,12,14
213047,,,,107,4,12,14
213138,,,,107,4,12,14
213237,,,,107,4,12,14
213337,,,,107,4,12,14
213434,,,,107,4,12,14
213534,,,,107,4,12,14
213638,,,,107,4,12,14
213736,,,,107,4,12,14
213838,,,,107,4,12,14
213936,,,,107,4,12,14
214037,,,,107,4,12,14
214136,,,,107,4,12,14
214238,,,,107,4,12,14
214336,,,,107,4,12,14
214438,,,,107,4,12,14
214536,,,,107,4,12,14
214636,,,,107,4,12,14
214747,,,,107,4,12,14
214838,,,,107,4,12,14
214934,,,,107,4,12,14
215035,,,,107,4,12,14
215138,,,,107,4,12,14
215236,,,,107,4,12,14
215336,,,,107,4,12,14
215434,,,,107,4,12,14
215537,,,,107,4,12,14
215635,,,,107,4,12,14
215737,,,,107,4,12,14
215836,,,,107,4,12,14
215939,,,,107,4,12,14
216034,,,,107,4,12,14
216137,,,,107,4,12,14
216235,,,,107,4,12,14
216336,,,,107,4,12,14
216444,,,,107,4,12,14
216539,,,,107,4,12,14
216635,,,,107,4,12,14
216738,,,,107,4,12,14
216838,,,,107,4,12,14
216935,,,,107,4,12,14
217033,,,,107,4,12,14
217133,,,,107,4,12,14
217234,,,,107,4,12,14
217333,,,,107,4,12,14
217434,,,,107,4,12,14
217533,,,,107,4,12,14
217634,,,,107,4,12,14
217732,,,,107,4,12,14
217834,,,,107,4,12,14
217933,,,,107,4,12,14
218035,,,,107,4,12,14
218141,,,,107,4,12,14
218233,,,,107,4,12,14
218332,,,,107,4,12,14
218433,,,,107,4,12,14
218531,,,,107,4,12,14
218630,,,,107,4,12,14
218731,,,,107,4,12,14
218830,,,,107,4,12,14
218930,,,,107,4,12,14
219028,,,,107,4,12,14
219129,,,,107,4,12,14
219230,,,,107,4,12,14
219331,,,,107,4,12,14
219429,,,,107,4,12,14
219530,,,,107,4,12,14
219632,,,,107,4,12,14
219732,,,,107,4,12,14
219841,,,,107,4,12,14
219933,,,,107,4,12,14
220032,,,,107,4,12,14
220131,,,,107,4,12,14
220235,,,,107,4,12,14
220336,,,,107,4,12,14
220432,,,,107,4,12,14
220533,,,,107,4,12,14
220632,,,,107,4,12,14
220732,,,,107,4,12,14
220832,,,,107,4,12,14
220933,,,,107,4,12,14
221033,,,,107,4,12,14
221130,,,,107,4,12,14
221231,,,,107,4,12,14
221335,,,,107,4,12,14
221436,,,,107,4,12,14
221551,,,,107,4,12,14
221640,,,,107,4,12,14
221736,,,,107,4,12,14
221837,,,,107,4,12,14
221936,,,,107,4,12,14
222037,,,,107,4,12,14
222136,,,,107,4,12,14
222239,,,,107,4,12,14
222337,,,,107,4,12,14
222436,,,,107,4,12,14
222535,,,,107,4,12,14
222636,,,,107,4,12,14
222736,,,,107,4,12,14
222835,,,,107,4,12,14
222937,,,,107,4,12,14
223034,,,,107,4,12,14
223138,,,,107,4,12,14
223246,,,,107,4,12,14
223336,,,,107,4,12,14
223436,,,,107,4,12,14
223535,,,,107,4,12,14
223634,,,,107,4,12,14
223735,,,,107,4,12,14
223834,,,,107,4,12,14
223939,,,,107,4,12,14
224038,,,,107,4,12,14
224136,,,,107,4,12,14
224237,,,,107,4,12,14
224335,,,,107,4,12,14
224436,,,,107,4,12,14
224535,,,,107,4,12,14
224636,,,,107,4,12,14
224736,,,,107,4,12,14
224836,,,,107,4,12,14
224944,,,,107,4,12,14
225036,,,,107,4,12,14
225136,,,,107,4,12,14
225235,,,,107,4,12,14
225336,,,,107,4,12,14
225437,,,,107,4,12,14
225536,,,,107,4,12,14
225634,,,,107,4,12,14
225737,,,,107,4,12,14
225834,,,,107,4,12,14
225937,,,,107,4,12,14
226036,,,,107,4,12,14
226135,,,,107,4,12,14
226235,,,,107,4,12,14
226338,,,,107,4,12,14
226433,,,,107,4,12,14
226534,,,,107,4,12,14
226655,,,,107,4,12,14
226737,,,,107,4,12,14
226834,,,,107,4,12,14
226934,,,,107,4,12,14
227036,,,,107,4,12,14
227138,,,,107,4,12,14
227235,,,,107,4,12,14
227335,,,,107,4,12,14
227437,,,,107,4,12,14
227537,,,,107,4,12,14
227636,,,,107,4,12,14
227739,,,,107,4,12,14
227835,,,,107,4,12,14
227935,,,,107,4,12,14
228037,,,,107,4,12,14
228134,,,,107,4,12,14
228235,,,,107,4,12,14
228348,,,,107,4,12,14
228437,,,,107,4,12,14
228538,,,,107,4,12,14
228636,,,,107,4,12,14
228737,,,,107,4,12,14
228836,,,,107,4,12,14
228938,,,,107,4,12,14
229039,,,,107,4,12,14
229137,,,,107,4,12,14
229235,,,,107,4,12,14
229335,,,,107,4,12,14
229435,,,,107,4,12,14
229534,,,,107,4,12,14
229635,,,,107,4,12,14
229736,,,,107,4,12,14
229837,,,,107,4,12,14
229935,,,,107,4,12,14
230047,,,,107,4,12,14
230135,,,,107,4,12,14
230234,,,,107,4,12,14
230335,,,,107,4,12,14
230434,,,,107,4,12,14
230537,,,,107,4,12,14
230639,,,,107,4,12,14
230736,,,,107,4,12,14
230835,,,,107,4,12,14
230936,,,,107,4,12,14
231035,,,,107,4,12,14
231136,,,,107,4,12,14
231237,,,,107,4,12,14
231334,,,,107,4,12,14
231436,,,,107,4,12,14
231537,,,,107,4,12,14
231638,,,,107,4,12,14
231746,,,,107,4,12,14
231836,,,,107,4,12,14
231935,,,,107,4,12,14
232034,,,,107,4,12,14
232137,,,,107,4,12,14
232234,,,,107,4,12,14
232333,,,,107,4,12,14
232434,,,,107,4,12,14
232533,,,,107,4,12,14
232633,,,,107,4,12,14
232735,,,,107,4,12,14
232834,,,,107,4,12,14
232936,,,,107,4,12,14
233035,,,,107,4,12,14
233134,,,,107,4,12,14
233233,,,,107,4,12,14
233336,,,,107,4,12,14
233446,,,,107,4,12,14
233539,,,,107,4,12,14
233635,,,,107,4,12,14
233736,,,,107,4,12,14
233837,,,,107,4,12,14
233935,,,,107,4,12,14
234036,,,,107,4,12,14
234137,,,,107,4,12,14
234235,,,,107,4,12,14
234336,,,,107,4,12,14
234437,,,,107,4,12,14
234537,,,,107,4,12,14
234639,,,,107,4,12,14
234735,,,,107,4,12,14
234837,,,,107,4,12,14
234935,,,,107,4,12,14
235039,,,,107,4,12,14
235145,,,,107,4,12,14
235237,,,,107,4,12,14
235338,,,,107,4,12,14
235437,,,,107,4,12,14
235537,,,,107,4,12,14
235637,,,,107,4,12,14
235737,,,,107,4,12,14
235839,,,,107,4,12,14
235934,,,,107,4,12,14
236035,,,,107,4,12,14
236136,,,,107,4,12,14
236236,,,,107,4,12,14
236339,,,,107,4,12,14
236437,,,,107,4,12,14
236540,,,,107,4,12,14
236637,,,,107,4,12,14
236738,,,,107,4,12,14
236846,,,,107,4,12,14
236936,,,,107,4,12,14
237037,,,,107,4,12,14
237138,,,,107,4,12,14
237234,,,,107,4,12,14
237339,,,,107,4,12,14
237438,,,,107,4,12,14
237537,,,,107,4,12,14
237638,,,,107,4,12,14
237736,,,,107,4,12,14
237837,,,,107,4,12,14
237937,,,,107,4,12,14
238038,,,,107,4,12,14
238138,,,,107,4,12,14
238236,,,,107,4,12,14
238338,,,,107,4,12,14
238437,,,,107,4,12,14
238547,,,,107,4,12,14
238638,,,,107,4,12,14
238736,,,,107,4,12,14
238837,,,,107,4,12,14
238939,,,,107,4,12,14
239036,,,,107,4,12,14
239137,,,,107,4,12,14
239236,,,,107,4,12,14
239338,,,,107,4,12,14
239437,,,,107,4,12,14
239536,,,,107,4,12,14
239635,,,,107,4,12,14
239738,,,,107,4,12,14
239835,,,,107,4,12,14
239937,,,,107,4,12,14
240037,,,,107,4,12,14
240137,,,,107,4,12,14
240253,,,,107,4,12,14
240339,,,,107,4,12,14
240437,,,,107,4,12,14
240539,,,,107,4,12,14
240637,,,,107,4,12,14
240739,,,,107,4,12,14
240837,,,,107,4,12,14
240939,,,,107,4,12,14
241035,,,,107,4,12,14
241137,,,,107,4,12,14
241235,,,,107,4,12,14
241337,,,,107,4,12,14
241439,,,,107,4,12,14
241536,,,,107,4,12,14
241636,,,,107,4,12,14
241736,,,,107,4,12,14
241839,,,,107,4,12,14
241950,,,,107,4,12,14
242017,,,,107,4,12,14
242136,,,,107,4,12,14
242237,,,,107,4,12,14
242338,,,,107,4,12,14
242435,,,,107,4,12,14
242538,,,,107,4,12,14
242638,,,,107,4,12,14
242739,,,,107,4,12,14
242838,,,,107,4,12,14
242937,,,,107,4,12,14
243039,,,,107,4,12,14
243137,,,,107,4,12,14
243235,,,,107,4,12,14
243339,,,,107,4,12,14
243435,,,,107,4,12,14
243536,,,,107,4,12,14
243646,,,,107,4,12,14
243739,,,,107,4,12,14
243839,,,,107,4,12,14
243937,,,,107,4,12,14
244037,,,,107,4,12,14
244139,,,,107,4,12,14
244237,,,,107,4,12,14
244340,,,,107,4,12,14
244437,,,,107,4,12,14
244541,,,,107,4,12,14
244639,,,,107,4,12,14
244738,,,,107,4,12,14
244839,,,,107,4,12,14
244941,,,,107,4,12,14
245041,,,,107,4,12,14
245138,,,,107,4,12,14
245236,,,,107,4,12,14
245349,,,,107,4,12,14
245439,,,,107,4,12,14
245537,,,,107,4,12,14
245637,,,,107,4,12,14
245738,,,,107,4,12,14
245836,,,,107,4,12,14
245938,,,,107,4,12,14
246039,,,,107,4,12,14
246137,,,,107,4,12,14
246238,,,,107,4,12,14
246335,,,,107,4,12,14
246437,,,,107,4,12,14
246538,,,,107,4,12,14
246635,,,,107,4,12,14
246739,,,,107,4,12,14
246838,,,,107,4,12,14
246938,,,,107,4,12,14
247048,,,,107,4,12,14
247140,,,,107,4,12,14
247239,,,,107,4,12,14
247338,,,,107,4,12,14
247438,,,,107,4,12,14
247537,,,,107,4,12,14
247639,,,,107,4,12,14
247739,,,,107,4,12,14
247837,,,,107,4,12,14
247938,,,,107,4,12,14
248038,,,,107,4,12,14
248138,,,,107,4,12,14
248238,,,,107,4,12,14
248337,,,,107,4,12,14
248440,,,,107,4,12,14
248537,,,,107,4,12,14
248638,,,,107,4,12,14
248750,,,,107,4,12,14
248839,,,,107,4,12,14
248938,,,,107,4,12,14
249038,,,,107,4,12,14
249137,,,,107,4,12,14
249237,,,,107,4,12,14
249339,,,,107,4,12,14
249439,,,,107,4,12,14
249537,,,,107,4,12,14
249639,,,,107,4,12,14
249739,,,,107,4,12,14
249836,,,,107,4,12,14
249937,,,,107,4,12,14
250038,,,,107,4,12,14
250139,,,,107,4,12,14
250237,,,,107,4,12,14
250336,,,,107,4,12,14
250804,,,,107,4,12,14
250827,,,,107,4,12,14
250851,,,,107,4,12,14
250874,,,,107,4,12,14
250901,,,,107,4,12,14
250928,,,,107,4,12,14
251016,,,,107,4,12,14
251132,,,,107,4,12,14
251217,,,,107,4,12,14
251336,,,,107,4,12,14
251436,,,,107,4,12,14
251538,,,,107,4,12,14
251636,,,,107,4,12,14
251738,,,,107,4,12,14
251836,,,,107,4,12,14
251953,,,,107,4,12,14
252036,,,,107,4,12,14
252137,,,,107,4,12,14
252238,,,,107,4,12,14
252337,,,,107,4,12,14
252437,,,,107,4,12,14
252535,,,,107,4,12,14
252638,,,,107,4,12,14
252739,,,,107,4,12,14
252838,,,,107,4,12,14
252935,,,,107,4,12,14
253038,,,,107,4,12,14
253137,,,,107,4,12,14
253238,,,,107,4,12,14
253337,,,,107,4,12,14
253438,,,,107,4,12,14
253539,,,,107,4,12,14
253647,,,,107,4,12,14
253738,,,,107,4,12,14
253838,,,,107,4,12,14
253937,,,,107,4,12,14
254036,,,,107,4,12,14
254137,,,,107,4,12,14
254239,,,,107,4,12,14
254336,,,,107,4,12,14
254436,,,,107,4,12,14
254536,,,,107,4,12,14
254635,,,,107,4,12,14
254737,,,,107,4,12,14
254839,,,,107,4,12,14
254938,,,,107,4,12,14
255039,,,,107,4,12,14
255137,,,,107,4,12,14
255238,,,,107,4,12,14
255345,,,,107,4,12,14
255440,,,,107,4,12,14
255536,,,,107,4,12,14
255637,,,,107,4,12,14
255738,,,,107,4,12,14
255839,,,,107,4,12,14
255938,,,,107,4,12,14
256036,,,,107,4,12,14
256137,,,,107,4,12,14
256236,,,,107,4,12,14
256336,,,,107,4,12,14
256434,,,,107,4,12,14
256536,,,,107,4,12,14
256637,,,,107,4,12,14
256739,,,,107,4,12,14
256836,,,,107,4,12,14
256936,,,,107,4,12,14
257043,,,,107,4,12,14
257135,,,,107,4,12,14
257238,,,,107,4,12,14
257338,,,,107,4,12,14
257437,,,,107,4,12,14
257539,,,,107,4,12,14
257640,,,,107,4,12,14
257736,,,,107,4,12,14
257838,,,,107,4,12,14
257937,,,,107,4,12,14
258037,,,,107,4,12,14
258136,,,,107,4,12,14
258236,,,,107,4,12,14
258336,,,,107,4,12,14
258435,,,,107,4,12,14
258537,,,,107,4,12,14
258639,,,,107,4,12,14
258752,,,,107,4,12,14
258836,,,,107,4,12,14
258937,,,,107,4,12,14
259036,,,,107,4,12,14
259135,,,,107,4,12,14
259235,,,,107,4,12,14
259338,,,,107,4,12,14
259435,,,,107,4,12,14
259536,,,,107,4,12,14
259637,,,,107,4,12,14
259739,,,,107,4,12,14
259836,,,,107,4,12,14
259937,,,,107,4,12,14
260036,,,,107,4,12,14
260138,,,,107,4,12,14
260236,,,,107,4,12,14
260337,,,,107,4,12,14
260443,,,,107,4,12,14
260537,,,,107,4,12,14
260636,,,,107,4,12,14
260736,,,,107,4,12,14
260836,,,,107,4,12,14
260935,,,,107,4,12,14
261036,,,,107,4,12,14
261136,,,,107,4,12,14
261238,,,,107,4,12,14
261336,,,,107,4,12,14
261436,,,,107,4,12,14
261537,,,,107,4,12,14
261635,,,,107,4,12,14
261739,,,,107,4,12,14
261838,,,,107,4,12,14
261938,,,,107,4,12,14
262037,,,,107,4,12,14
262144,,,,107,4,12,14
262238,,,,107,4,12,14
262337,,,,107,4,12,14
262437,,,,107,4,12,14
262539,,,,107,4,12,14
262635,,,,107,4,12,14
262736,,,,107,4,12,14
262839,,,,107,4,12,14
262936,,,,107,4,12,14
263036,,,,107,4,12,14
263137,,,,107,4,12,14
263239,,,,107,4,12,14
263336,,,,107,4,12,14
263437,,,,107,4,12,14
263536,,,,107,4,12,14
263636,,,,107,4,12,14
263737,,,,107,4,12,14
263849,,,,107,4,12,14
263938,,,,107,4,12,14
264038,,,,107,4,12,14
264138,,,,107,4,12,14
264236,,,,107,4,12,14
264338,,,,107,4,12,14
264434,,,,107,4,12,14
264536,,,,107,4,12,14
264636,,,,107,4,12,14
264739,,,,107,4,12,14
264838,,,,107,4,12,14
264937,,,,107,4,12,14
265038,,,,107,4,12,14
265139,,,,107,4,12,14
265237,,,,107,4,12,14
265339,,,,107,4,12,14
265436,,,,107,4,12,14
265544,,,,107,4,12,14
265639,,,,107,4,12,14
265738,,,,107,4,12,14
265839,,,,107,4,12,14
265937,,,,107,4,12,14
266040,,,,107,4,12,14
266140,,,,107,4,12,14
266237,,,,107,4,12,14
266337,,,,107,4,12,14
266436,,,,107,4,12,14
266537,,,,107,4,12,14
266638,,,,107,4,12,14
266737,,,,107,4,12,14
266840,,,,107,4,12,14
266938,,,,107,4,12,14
267039,,,,107,4,12,14
267138,,,,107,4,12,14
267247,,,,107,4,12,14
267341,,,,107,4,12,14
267434,,,,107,4,12,14
267535,,,,107,4,12,14
267636,,,,107,4,12,14
267737,,,,107,4,12,14
267837,,,,107,4,12,14
267935,,,,107,4,12,14
268038,,,,107,4,12,14
268136,,,,107,4,12,14
268238,,,,107,4,12,14
268337,,,,107,4,12,14
268436,,,,107,4,12,14
268538,,,,107,4,12,14
268639,,,,107,4,12,14
268738,,,,107,4,12,14
268839,,,,107,4,12,14
268954,,,,107,4,12,14
269038,,,,107,4,12,14
269139,,,,107,4,12,14
269237,,,,107,4,12,14
269338,,,,107,4,12,14
269437,,,,107,4,12,14
269539,,,,107,4,12,14
269638,,,,107,4,12,14
269741,,,,107,4,12,14
269837,,,,107,4,12,14
269938,,,,107,4,12,14
270037,,,,107,4,12,14
270138,,,,107,4,12,14
270239,,,,107,4,12,14
270340,,,,107,4,12,14
270437,,,,107,4,12,14
270539,,,,107,4,12,14
270646,,,,107,4,12,14
270739,,,,107,4,12,14
270840,,,,107,4,12,14
270936,,,,107,4,12,14
271038,,,,107,4,12,14
271138,,,,107,4,12,14
271240,,,,107,4,12,14
271338,,,,107,4,12,14
271440,,,,107,4,12,14
271539,,,,107,4,12,14
271639,,,,107,4,12,14
271739,,,,107,4,12,14
271838,,,,107,4,12,14
271939,,,,107,4,12,14
272037,,,,107,4,12,14
272138,,,,107,4,12,14
272238,,,,107,4,12,14
272346,,,,107,4,12,14
272439,,,,107,4,12,14
272539,,,,107,4,12,14
272640,,,,107,4,12,14
272737,,,,107,4,12,14
272838,,,,107,4,12,14
272937,,,,107,4,12,14
273037,,,,107,4,12,14
273137,,,,107,4,12,14
273241,,,,107,4,12,14
273340,,,,107,4,12,14
273438,,,,107,4,12,14
273540,,,,107,4,12,14
273638,,,,107,4,12,14
273737,,,,107,4,12,14
273840,,,,107,4,12,14
273940,,,,107,4,12,14
274046,,,,107,4,12,14
274139,,,,107,4,12,14
274240,,,,107,4,12,14
274338,,,,107,4,12,14
274439,,,,107,4,12,14
274539,,,,107,4,12,14
274641,,,,107,4,12,14
274740,,,,107,4,12,14
274837,,,,107,4,12,14
274939,,,,107,4,12,14
275038,,,,107,4,12,14
275136,,,,107,4,12,14
275238,,,,107,4,12,14
275337,,,,107,4,12,14
275441,,,,107,4,12,14
275539,,,,107,4,12,14
275638,,,,107,4,12,14
275747,,,,107,4,12,14
275838,,,,107,4,12,14
275939,,,,107,4,12,14
276038,,,,107,4,12,14
276138,,,,107,4,12,14
276238,,,,107,4,12,14
276340,,,,107,4,12,14
276438,,,,107,4,12,14
276538,,,,107,4,12,14
276637,,,,107,4,12,14
276738,,,,107,4,12,14
276836,,,,107,4,12,14
276939,,,,107,4,12,14
277036,,,,107,4,12,14
277139,,,,107,4,12,14
277240,,,,107,4,12,14
277340,,,,107,4,12,14
277446,,,,107,4,12,14
277540,,,,107,4,12,14
277637,,,,107,4,12,14
277739,,,,107,4,12,14
277838,,,,107,4,12,14
277938,,,,107,4,12,14
278037,,,,107,4,12,14
278138,,,,107,4,12,14
278238,,,,107,4,12,14
278337,,,,107,4,12,14
278439,,,,107,4,12,14
278537,,,,107,4,12,14
278637,,,,107,4,12,14
278738,,,,107,4,12,14
278840,,,,107,4,12,14
278939,,,,107,4,12,14
279040,,,,107,4,12,14
279148,,,,107,4,12,14
279240,,,,107,4,12,14
279338,,,,107,4,12,14
279437,,,,107,4,12,14
279537,,,,107,4,12,14
279639,,,,107,4,12,14
279738,,,,107,4,12,14
279840,,,,107,4,12,14
279937,,,,107,4,12,14
280038,,,,107,4,12,14
280136,,,,107,4,12,14
280239,,,,107,4,12,14
280338,,,,107,4,12,14
280437,,,,107,4,12,14
280539,,,,107,4,12,14
280640,,,,107,4,12,14
280739,,,,107,4,12,14
280847,,,,107,4,12,14
280938,,,,107,4,12,14
281038,,,,107,4,12,14
281140,,,,107,4,12,14
281239,,,,107,4,12,14
281340,,,,107,4,12,14
281438,,,,107,4,12,14
281538,,,,107,4,12,14
281638,,,,107,4,12,14
281738,,,,107,4,12,14
281840,,,,107,4,12,14
281940,,,,107,4,12,14
282040,,,,107,4,12,14
282139,,,,107,4,12,14
282241,,,,107,4,12,14
282338,,,,107,4,12,14
282438,,,,107,4,12,14
282546,,,,107,4,12,14
282640,,,,107,4,12,14
282741,,,,107,4,12,14
282839,,,,107,4,12,14
282940,,,,107,4,12,14
283038,,,,107,4,12,14
283139,,,,107,4,12,14
283239,,,,107,4,12,14
283338,,,,107,4,12,14
283438,,,,107,4,12,14
283538,,,,107,4,12,14
283639,,,,107,4,12,14
283736,,,,107,4,12,14
283840,,,,107,4,12,14
283938,,,,107,4,12,14
284039,,,,107,4,12,14
284140,,,,107,4,12,14
284246,,,,107,4,12,14
284341,,,,107,4,12,14
284440,,,,107,4,12,14
284538,,,,107,4,12,14
284639,,,,107,4,12,14
284738,,,,107,4,12,14
284841,,,,107,4,12,14
284939,,,,107,4,12,14
285039,,,,107,4,12,14
285140,,,,107,4,12,14
285241,,,,107,4,12,14
285337,,,,107,4,12,14
285438,,,,107,4,12,14
285539,,,,107,4,12,14
285639,,,,107,4,12,14
285740,,,,107,4,12,14
285838,,,,107,4,12,14
285955,,,,107,4,12,14
286039,,,,107,4,12,14
286138,,,,107,4,12,14
286239,,,,107,4,12,14
286339,,,,107,4,12,14
286439,,,,107,4,12,14
286539,,,,107,4,12,14
286640,,,,107,4,12,14
286739,,,,107,4,12,14
286839,,,,107,4,12,14
286937,,,,107,4,12,14
287039,,,,107,4,12,14
287140,,,,107,4,12,14
287239,,,,107,4,12,14
287339,,,,107,4,12,14
287441,,,,107,4,12,14
287539,,,,107,4,12,14
287647,,,,107,4,12,14
287740,,,,107,4,12,14
287838,,,,107,4,12,14
287937,,,,107,4,12,14
288036,,,,107,4,12,14
288136,,,,107,4,12,14
288238,,,,107,4,12,14
288338,,,,107,4,12,14
288438,,,,107,4,12,14
288537,,,,107,4,12,14
288641,,,,107,4,12,14
288739,,,,107,4,12,14
288836,,,,107,4,12,14
288938,,,,107,4,12,14
289038,,,,107,4,12,14
289140,,,,107,4,12,14
289240,,,,107,4,12,14
289355,,,,107,4,12,14
289440,,,,107,4,12,14
289537,,,,107,4,12,14
289639,,,,107,4,12,14
289737,,,,107,4,12,14
289838,,,,107,4,12,14
289937,,,,107,4,12,14
290039,,,,107,4,12,14
290135,,,,107,4,12,14
290238,,,,107,4,12,14
290339,,,,107,4,12,14
290439,,,,107,4,12,14
290539,,,,107,4,12,14
290640,,,,107,4,12,14
290740,,,,107,4,12,14
290839,,,,107,4,12,14
290940,,,,107,4,12,14
291063,,,,107,4,12,14
291118,,,,107,4,12,14
291240,,,,107,4,12,14
291338,,,,107,4,12,14
291439,,,,107,4,12,14
291538,,,,107,4,12,14
291640,,,,107,4,12,14
291737,,,,107,4,12,14
291838,,,,107,4,12,14
291939,,,,107,4,12,14
292039,,,,107,4,12,14
292136,,,,107,4,12,14
292237,,,,107,4,12,14
292338,,,,107,4,12,14
292439,,,,107,4,12,14
292538,,,,107,4,12,14
292638,,,,107,4,12,14
292746,,,,107,4,12,14
292840,,,,107,4,12,14
292937,,,,107,4,12,14
293039,,,,107,4,12,14
293139,,,,107,4,12,14
293238,,,,107,4,12,14
293338,,,,107,4,12,14
293441,,,,107,4,12,14
293537,,,,107,4,12,14
293640,,,,107,4,12,14
293740,,,,107,4,12,14
293838,,,,107,4,12,14
293939,,,,107,4,12,14
294039,,,,107,4,12,14
294140,,,,107,4,12,14
294240,,,,107,4,12,14
294338,,,,107,4,12,14
294455,,,,107,4,12,14
294538,,,,107,4,12,14
294640,,,,107,4,12,14
294739,,,,107,4,12,14
294838,,,,107,4,12,14
294932,,,,107,4,12,14
295039,,,,107,4,12,14
295139,,,,107,4,12,14
295238,,,,107,4,12,14
295333,,,,107,4,12,14
295440,,,,107,4,12,14
295535,,,,107,4,12,14
295639,,,,107,4,12,14
295733,,,,107,4,12,14
295838,,,,107,4,12,14
295935,,,,107,4,12,14
296036,,,,107,4,12,14
296151,,,,107,4,12,14
296240,,,,107,4,12,14
296334,,,,107,4,12,14
296439,,,,107,4,12,14
296536,,,,107,4,12,14
296637,,,,107,4,12,14
296739,,,,107,4,12,14
296839,,,,107,4,12,14
296935,,,,107,4,12,14
297037,,,,107,4,12,14
297134,,,,107,4,12,14
297240,,,,107,4,12,14
297335,,,,107,4,12,14
297437,,,,107,4,12,14
297533,,,,107,4,12,14
297639,,,,107,4,12,14
297734,,,,107,4,12,14
297846,,,,107,4,12,14
297935,,,,107,4,12,14
298038,,,,107,4,12,14
298133,,,,107,4,12,14
298242,,,,107,4,12,14
298334,,,,107,4,12,14
298439,,,,107,4,12,14
298534,,,,107,4,12,14
298637,,,,107,4,12,14
298735,,,,107,4,12,14
298838,,,,107,4,12,14
298934,,,,107,4,12,14
299039,,,,107,4,12,14
299134,,,,107,4,12,14
299237,,,,107,4,12,14
299335,,,,107,4,12,14
299440,,,,107,4,12,14
299554,,,,107,4,12,14
299620,,,,107,4,12,14
299736,,,,107,4,12,14
299838,,,,107,4,12,14
299936,,,,107,4,12,14
300039,,,,107,4,12,14
300135,,,,107,4,12,14
300240,,,,107,4,12,14
300335,,,,107,4,12,14
300440,,,,107,4,12,14
300537,,,,107,4,12,14
300639,,,,107,4,12,14
300736,,,,107,4,12,14
300839,,,,107,4,12,14
300936,,,,107,4,12,14
301038,,,,107,4,12,14
301132,,,,107,4,12,14
301257,,,,107,4,12,14
301334,,,,107,4,12,14
301440,,,,107,4,12,14
301535,,,,107,4,12,14
301639,,,,107,4,12,14
301736,,,,107,4,12,14
301839,,,,107,4,12,14
301934,,,,107,4,12,14
302038,,,,107,4,12,14
302134,,,,107,4,12,14
302240,,,,107,4,12,14
302335,,,,107,4,12,14
302440,,,,107,4,12,14
302536,,,,107,4,12,14
302639,,,,107,4,12,14
302734,,,,107,4,12,14
302840,,,,107,4,12,14
302943,,,,107,4,12,14
303039,,,,107,4,12,14
303136,,,,107,4,12,14
303240,,,,107,4,12,14
303337,,,,107,4,12,14
303439,,,,107,4,12,14
303536,,,,107,4,12,14
303638,,,,107,4,12,14
303736,,,,107,4,12,14
303840,,,,107,4,12,14
303935,,,,107,4,12,14
304039,,,,107,4,12,14
304135,,,,107,4,12,14
304239,,,,107,4,12,14
304336,,,,107,4,12,14
304437,,,,107,4,12,14
304535,,,,107,4,12,14
304647,,,,107,4,12,14
304736,,,,107,4,12,14
304838,,,,107,4,12,14
304934,,,,107,4,12,14
305041,,,,107,4,12,14
305134,,,,107,4,12,14
305238,,,,107,4,12,14
305335,,,,107,4,12,14
305440,,,,107,4,12,14
305538,,,,107,4,12,14
305639,,,,107,4,12,14
305733,,,,107,4,12,14
305839,,,,107,4,12,14
305936,,,,107,4,12,14
306040,,,,107,4,12,14
306135,,,,107,4,12,14
306238,,,,107,4,12,14
306344,,,,107,4,12,14
306441,,,,107,4,12,14
306534,,,,107,4,12,14
306640,,,,107,4,12,14
306737,,,,107,4,12,14
306838,,,,107,4,12,14
306936,,,,107,4,12,14
307037,,,,107,4,12,14
307133,,,,107,4,12,14
307240,,,,107,4,12,14
307337,,,,107,4,12,14
307439,,,,107,4,12,14
307534,,,,107,4,12,14
307639,,,,107,4,12,14
307735,,,,107,4,12,14
307838,,,,107,4,12,14
307933,,,,107,4,12,14
308048,,,,107,4,12,14
308133,,,,107,4,12,14
308240,,,,107,4,12,14
308336,,,,107,4,12,14
308438,,,,107,4,12,14
308534,,,,107,4,12,14
308639,,,,107,4,12,14
308733,,,,107,4,12,14
308837,,,,107,4,12,14
308935,,,,107,4,12,14
309039,,,,107,4,12,14
309135,,,,107,4,12,14
309240,,,,107,4,12,14
309335,,,,107,4,12,14
309436,,,,107,4,12,14
309534,,,,107,4,12,14
309634,,,,107,4,12,14
309744,,,,107,4,12,14
309840,,,,107,4,12,14
309938,,,,107,4,12,14
310036,,,,107,4,12,14
310135,,,,107,4,12,14
310234,,,,107,4,12,14
310335,,,,107,4,12,14
310437,,,,107,4,12,14
310534,,,,107,4,12,14
310635,,,,107,4,12,14
310737,,,,107,4,12,14
310835,,,,107,4,12,14
310936,,,,107,4,12,14
311036,,,,107,4,12,14
311135,,,,107,4,12,14
311234,,,,107,4,12,14
311334,,,,107,4,12,14
311602,,,,107,4,12,14
311625,,,,107,4,12,14
311650,,,,107,4,12,14
311714,,,,107,4,12,14
311814,,,,107,4,12,14
311915,,,,107,4,12,14
312035,,,,107,4,12,14
312134,,,,107,4,12,14
312258,,,,107,4,12,14
312334,,,,107,4,12,14
312435,,,,107,4,12,14
312536,,,,107,4,12,14
312635,,,,107,4,12,14
312735,,,,107,4,12,14
312835,,,,107,4,12,14
312935,,,,107,4,12,14
313035,,,,107,4,12,14
313156,,,,107,4,12,14
313214,,,,107,4,12,14
313313,,,,107,4,12,14
313435,,,,107,4,12,14
313534,,,,107,4,12,14
313635,,,,107,4,12,14
313735,,,,107,4,12,14
313835,,,,107,4,12,14
313934,,,,107,4,12,14
314035,,,,107,4,12,14
314135,,,,107,4,12,14
314235,,,,107,4,12,14
314335,,,,107,4,12,14
314434,,,,107,4,12,14
314535,,,,107,4,12,14
314634,,,,107,4,12,14
314737,,,,107,4,12,14
314846,,,,107,4,12,14
314937,,,,107,4,12,14
315037,,,,107,4,12,14
315134,,,,107,4,12,14
315235,,,,107,4,12,14
315336,,,,107,4,12,14
315436,,,,107,4,12,14
315536,,,,107,4,12,14
315636,,,,107,4,12,14
315736,,,,107,4,12,14
315838,,,,107,4,12,14
315935,,,,107,4,12,14
316035,,,,107,4,12,14
316136,,,,107,4,12,14
316236,,,,107,4,12,14
316336,,,,107,4,12,14
316436,,,,107,4,12,14
316544,,,,107,4,12,14
316635,,,,107,4,12,14
316737,,,,107,4,12,14
316835,,,,107,4,12,14
316937,,,,107,4,12,14
317034,,,,107,4,12,14
317134,,,,107,4,12,14
317236,,,,107,4,12,14
317337,,,,107,4,12,14
317435,,,,107,4,12,14
317538,,,,107,4,12,14
317634,,,,107,4,12,14
317737,,,,107,4,12,14
317837,,,,107,4,12,14
317937,,,,107,4,12,14
318037,,,,107,4,12,14
318134,,,,107,4,12,14
318245,,,,107,4,12,14
318337,,,,107,4,12,14
318436,,,,107,4,12,14
318537,,,,107,4,12,14
318635,,,,107,4,12,14
318737,,,,107,4,12,14
318838,,,,107,4,12,14
318935,,,,107,4,12,14
319034,,,,107,4,12,14
319134,,,,107,4,12,14
319237,,,,107,4,12,14
319336,,,,107,4,12,14
319438,,,,107,4,12,14
319534,,,,107,4,12,14
319638,,,,107,4,12,14
319734,,,,107,4,12,14
319836,,,,107,4,12,14
319946,,,,107,4,12,14
320038,,,,107,4,12,14
320137,,,,107,4,12,14
320238,,,,107,4,12,14
320337,,,,107,4,12,14
320437,,,,107,4,12,14
320535,,,,107,4,12,14
320636,,,,107,4,12,14
320737,,,,107,4,12,14
320837,,,,107,4,12,14
320933,,,,107,4,12,14
321035,,,,107,4,12,14
321137,,,,107,4,12,14
321235,,,,107,4,12,14
321336,,,,107,4,12,14
321438,,,,107,4,12,14
321535,,,,107,4,12,14
321645,,,,107,4,12,14
321735,,,,107,4,12,14
321837,,,,107,4,12,14
321935,,,,107,4,12,14
322035,,,,107,4,12,14
322135,,,,107,4,12,14
322235,,,,107,4,12,14
322336,,,,107,4,12,14
322438,,,,107,4,12,14
322534,,,,107,4,12,14
322635,,,,107,4,12,14
322736,,,,107,4,12,14
322835,,,,107,4,12,14
322934,,,,107,4,12,14
323036,,,,107,4,12,14
323135,,,,107,4,12,14
323236,,,,107,4,12,14
323346,,,,107,4,12,14
323437,,,,107,4,12,14
323537,,,,107,4,12,14
323636,,,,107,4,12,14
323738,,,,107,4,12,14
323836,,,,107,4,12,14
323935,,,,107,4,12,14
324036,,,,107,4,12,14
324136,,,,107,4,12,14
324237,,,,107,4,12,14
324336,,,,107,4,12,14
324435,,,,107,4,12,14
324537,,,,107,4,12,14
324636,,,,107,4,12,14
324735,,,,107,4,12,14
324837,,,,107,4,12,14
324936,,,,107,4,12,14
325043,,,,107,4,12,14
325136,,,,107,4,12,14
325235,,,,107,4,12,14
325335,,,,107,4,12,14
325434,,,,107,4,12,14
325533,,,,107,4,12,14
325637,,,,107,4,12,14
325736,,,,107,4,12,14
325835,,,,107,4,12,14
325937,,,,107,4,12,14
326037,,,,107,4,12,14
326138,,,,107,4,12,14
326237,,,,107,4,12,14
326335,,,,107,4,12,14
326437,,,,107,4,12,14
326535,,,,107,4,12,14
326636,,,,107,4,12,14
326745,,,,107,4,12,14
326836,,,,107,4,12,14
326940,,,,107,4,12,14
327036,,,,107,4,12,14
327136,,,,107,4,12,14
327236,,,,107,4,12,14
327337,,,,107,4,12,14
327438,,,,107,4,12,14
327535,,,,107,4,12,14
327634,,,,107,4,12,14
327737,,,,107,4,12,14
327837,,,,107,4,12,14
327936,,,,107,4,12,14
328037,,,,107,4,12,14
328137,,,,107,4,12,14
328237,,,,107,4,12,14
328337,,,,107,4,12,14
328443,,,,107,4,12,14
328536,,,,107,4,12,14
328636,,,,107,4,12,14
328739,,,,107,4,12,14
328837,,,,107,4,12,14
328935,,,,107,4,12,14
329037,,,,107,4,12,14
329137,,,,107,4,12,14
329236,,,,107,4,12,14
329339,,,,107,4,12,14
329437,,,,107,4,12,14
329534,,,,107,4,12,14
329637,,,,107,4,12,14
329737,,,,107,4,12,14
329839,,,,107,4,12,14
329938,,,,107,4,12,14
330038,,,,107,4,12,14
330145,,,,107,4,12,14
330239,,,,107,4,12,14
330338,,,,107,4,12,14
330437,,,,107,4,12,14
330537,,,,107,4,12,14
330635,,,,107,4,12,14
330735,,,,107,4,12,14
330835,,,,107,4,12,14
330935,,,,107,4,12,14
331036,,,,107,4,12,14
331135,,,,107,4,12,14
331235,,,,107,4,12,14
331336,,,,107,4,12,14
331436,,,,107,4,12,14
331538,,,,107,4,12,14
331636,,,,107,4,12,14
331736,,,,107,4,12,14
331845,,,,107,4,12,14
331938,,,,107,4,12,14
332038,,,,107,4,12,14
332136,,,,107,4,12,14
332235,,,,107,4,12,14
332335,,,,107,4,12,14
332437,,,,107,4,12,14
332536,,,,107,4,12,14
332639,,,,107,4,12,14
332736,,,,107,4,12,14
332837,,,,107,4,12,14
332938,,,,107,4,12,14
333036,,,,107,4,12,14
333136,,,,107,4,12,14
333239,,,,107,4,12,14
333337,,,,107,4,12,14
333436,,,,107,4,12,14
333544,,,,107,4,12,14
333634,,,,107,4,12,14
333736,,,,107,4,12,14
333838,,,,107,4,12,14
333936,,,,107,4,12,14
334037,,,,107,4,12,14
334135,,,,107,4,12,14
334236,,,,107,4,12,14
334336,,,,107,4,12,14
334436,,,,107,4,12,14
334534,,,,107,4,12,14
334637,,,,107,4,12,14
334739,,,,107,4,12,14
334836,,,,107,4,12,14
334936,,,,107,4,12,14
335037,,,,107,4,12,14
335137,,,,107,4,12,14
335245,,,,107,4,12,14
335335,,,,107,4,12,14
335438,,,,107,4,12,14
335537,,,,107,4,12,14
335636,,,,107,4,12,14
335734,,,,107,4,12,14
335835,,,,107,4,12,14
335934,,,,107,4,12,14
336034,,,,107,4,12,14
336137,,,,107,4,12,14
336238,,,,107,4,12,14
336338,,,,107,4,12,14
336436,,,,107,4,12,14
336538,,,,107,4,12,14
336636,,,,107,4,12,14
336736,,,,107,4,12,14
336836,,,,107,4,12,14
336943,,,,107,4,12,14
337035,,,,107,4,12,14
337138,,,,107,4,12,14
337237,,,,107,4,12,14
337335,,,,107,4,12,14
337437,,,,107,4,12,14
337534,,,,107,4,12,14
337634,,,,107,4,12,14
337735,,,,107,4,12,14
337837,,,,107,4,12,14
337937,,,,107,4,12,14
338035,,,,107,4,12,14
338134,,,,107,4,12,14
338236,,,,107,4,12,14
338336,,,,107,4,12,14
338436,,,,107,4,12,14
338537,,,,107,4,12,14
338650,,,,107,4,12,14
338736,,,,107,4,12,14
338836,,,,107,4,12,14
338937,,,,107,4,12,14
339036,,,,107,4,12,14
339135,,,,107,4,12,14
339236,,,,107,4,12,14
339338,,,,107,4,12,14
339436,,,,107,4,12,14
339538,,,,107,4,12,14
339635,,,,107,4,12,14
339736,,,,107,4,12,14
339838,,,,107,4,12,14
339937,,,,107,4,12,14
340037,,,,107,4,12,14
340139,,,,107,4,12,14
340236,,,,107,4,12,14
340342,,,,107,4,12,14
340438,,,,107,4,12,14
340540,,,,107,4,12,14
340638,,,,107,4,12,14
340737,,,,107,4,12,14
340839,,,,107,4,12,14
340937,,,,107,4,12,14
341036,,,,107,4,12,14
341135,,,,107,4,12,14
341237,,,,107,4,12,14
341338,,,,107,4,12,14
341437,,,,107,4,12,14
341536,,,,107,4,12,14
341636,,,,107,4,12,14
341739,,,,107,4,12,14
341836,,,,107,4,12,14
341936,,,,107,4,12,14
342046,,,,107,4,12,14
342137,,,,107,4,12,14
342238,,,,107,4,12,14
342339,,,,107,4,12,14
342437,,,,107,4,12,14
342538,,,,107,4,12,14
342637,,,,107,4,12,14
342735,,,,107,4,12,14
342837,,,,107,4,12,14
342939,,,,107,4,12,14
343038,,,,107,4,12,14
343136,,,,107,4,12,14
343235,,,,107,4,12,14
343335,,,,107,4,12,14
343436,,,,107,4,12,14
343536,,,,107,4,12,14
343636,,,,107,4,12,14
343751,,,,107,4,12,14
343835,,,,107,4,12,14
343937,,,,107,4,12,14
344035,,,,107,4,12,14
344134,,,,107,4,12,14
344236,,,,107,4,12,14
344337,,,,107,4,12,14
344436,,,,107,4,12,14
344536,,,,107,4,12,14
344637,,,,107,4,12,14
344736,,,,107,4,12,14
344839,,,,107,4,12,14
344935,,,,107,4,12,14
345037,,,,107,4,12,14
345136,,,,107,4,12,14
345238,,,,107,4,12,14
345334,,,,107,4,12,14
345444,,,,107,4,12,14
345536,,,,107,4,12,14
345636,,,,107,4,12,14
345735,,,,107,4,12,14
345836,,,,107,4,12,14
345936,,,,107,4,12,14
346036,,,,107,4,12,14
346136,,,,107,4,12,14
346236,,,,107,4,12,14
346337,,,,107,4,12,14
346437,,,,107,4,12,14
346536,,,,107,4,12,14
346636,,,,107,4,12,14
346736,,,,107,4,12,14
346836,,,,107,4,12,14
346936,,,,107,4,12,14
347037,,,,107,4,12,14
347145,,,,107,4,12,14
347235,,,,107,4,12,14
347337,,,,107,4,12,14
347436,,,,107,4,12,14
347535,,,,107,4,12,14
347636,,,,107,4,12,14
347737,,,,107,4,12,14
347834,,,,107,4,12,14
347936,,,,107,4,12,14
348034,,,,107,4,12,14
348137,,,,107,4,12,14
348237,,,,107,4,12,14
348337,,,,107,4,12,14
348436,,,,107,4,12,14
348535,,,,107,4,12,14
348636,,,,107,4,12,14
348737,,,,107,4,12,14
348845,,,,107,4,12,14
348936,,,,107,4,12,14
349035,,,,107,4,12,14
349137,,,,107,4,12,14
349235,,,,107,4,12,14
349337,,,,107,4,12,14
349437,,,,107,4,12,14
349535,,,,107,4,12,14
349635,,,,107,4,12,14
349737,,,,107,4,12,14
349837,,,,107,4,12,14
349935,,,,107,4,12,14
350036,,,,107,4,12,14
350137,,,,107,4,12,14
350235,,,,107,4,12,14
350336,,,,107,4,12,14
350436,,,,107,4,12,14
350545,,,,107,4,12,14
350636,,,,107,4,12,14
350734,,,,107,4,12,14
350838,,,,107,4,12,14
350934,,,,107,4,12,14
351034,,,,107,4,12,14
351137,,,,107,4,12,14
351236,,,,107,4,12,14
351337,,,,107,4,12,14
351438,,,,107,4,12,14
351536,,,,107,4,12,14
351636,,,,107,4,12,14
351736,,,,107,4,12,14
351836,,,,107,4,12,14
351938,,,,107,4,12,14
352037,,,,107,4,12,14
352137,,,,107,4,12,14
352243,,,,107,4,12,14
352335,,,,107,4,12,14
352437,,,,107,4,12,14
352535,,,,107,4,12,14
352636,,,,107,4,12,14
352735,,,,107,4,12,14
352835,,,,107,4,12,14
352936,,,,107,4,12,14
353036,,,,107,4,12,14
353136,,,,107,4,12,14
353237,,,,107,4,12,14
353337,,,,107,4,12,14
353436,,,,107,4,12,14
353537,,,,107,4,12,14
353635,,,,107,4,12,14
353737,,,,107,4,12,14
353836,,,,107,4,12,14
353944,,,,107,4,12,14
354035,,,,107,4,12,14
354134,,,,107,4,12,14
354237,,,,107,4,12,14
354334,,,,107,4,12,14
354436,,,,107,4,12,14
354536,,,,107,4,12,14
354637,,,,107,4,12,14
354737,,,,107,4,12,14
354834,,,,107,4,12,14
354936,,,,107,4,12,14
355037,,,,107,4,12,14
355134,,,,107,4,12,14
355236,,,,107,4,12,14
355338,,,,107,4,12,14
355437,,,,107,4,12,14
355537,,,,107,4,12,14
355645,,,,107,4,12,14
355736,,,,107,4,12,14
355835,,,,107,4,12,14
355935,,,,107,4,12,14
356034,,,,107,4,12,14
356137,,,,107,4,12,14
356234,,,,107,4,12,14
356337,,,,107,4,12,14
356435,,,,107,4,12,14
356522,,,,107,4,12,14
356615,,,,107,4,12,14
356716,,,,107,4,12,14
356814,,,,107,4,12,14
356915,,,,107,4,12,14
357034,,,,107,4,12,14
357139,,,,107,4,12,14
357236,,,,107,4,12,14
357360,,,,107,4,12,14
357415,,,,107,4,12,14
357528,,,,107,4,12,14
357633,,,,107,4,12,14
357736,,,,107,4,12,14
357836,,,,107,4,12,14
357937,,,,107,4,12,14
358035,,,,107,4,12,14
358134,,,,107,4,12,14
358235,,,,107,4,12,14
358337,,,,107,4,12,14
358436,,,,107,4,12,14
358534,,,,107,4,12,14
358637,,,,107,4,12,14
358734,,,,107,4,12,14
358834,,,,107,4,12,14
358933,,,,107,4,12,14
359050,,,,107,4,12,14
359134,,,,107,4,12,14
359237,,,,107,4,12,14
359336,,,,107,4,12,14
359437,,,,107,4,12,14
359537,,,,107,4,12,14
359636,,,,107,4,12,14
359739,,,,107,4,12,14
359836,,,,107,4,12,14
359937,,,,107,4,12,14
360035,,,,107,4,12,14
360137,,,,107,4,12,14
360237,,,,107,4,12,14
360337,,,,107,4,12,14
360437,,,,107,4,12,14
360536,,,,107,4,12,14
360637,,,,107,4,12,14
360744,,,,107,4,12,14
360835,,,,107,4,12,14
360935,,,,107,4,12,14
361036,,,,107,4,12,14
361137,,,,107,4,12,14
361235,,,,107,4,12,14
361335,,,,107,4,12,14
361435,,,,107,4,12,14
361535,,,,107,4,12,14
361636,,,,107,4,12,14
361737,,,,107,4,12,14
361833,,,,107,4,12,14
361939,,,,107,4,12,14
362037,,,,107,4,12,14
362137,,,,107,4,12,14
362233,,,,107,4,12,14
362336,,,,107,4,12,14
362445,,,,107,4,12,14
362536,,,,107,4,12,14
362632,,,,107,4,12,14
362735,,,,107,4,12,14
362838,,,,107,4,12,14
362937,,,,107,4,12,14
363037,,,,107,4,12,14
363138,,,,107,4,12,14
363237,,,,107,4,12,14
363335,,,,107,4,12,14
363437,,,,107,4,12,14
363535,,,,107,4,12,14
363637,,,,107,4,12,14
363737,,,,107,4,12,14
363837,,,,107,4,12,14
363937,,,,107,4,12,14
364037,,,,107,4,12,14
364143,,,,107,4,12,14
364238,,,,107,4,12,14
364341,,,,107,4,12,14
364436,,,,107,4,12,14
364535,,,,107,4,12,14
364642,,,,107,4,12,14
364739,,,,107,4,12,14
364843,,,,107,4,12,14
364940,,,,107,4,12,14
365037,,,,107,4,12,14
365137,,,,107,4,12,14
365237,,,,107,4,12,14
365341,,,,107,4,12,14
365438,,,,107,4,12,14
365537,,,,107,4,12,14
365638,,,,107,4,12,14
365739,,,,107,4,12,14
365862,,,,107,4,12,14
365916,,,,107,4,12,14
366044,,,,107,4,12,14
366138,,,,107,4,12,14
366242,,,,107,4,12,14
366335,,,,107,4,12,14
366441,,,,107,4,12,14
366535,,,,107,4,12,14
366643,,,,107,4,12,14
366735,,,,107,4,12,14
366840,,,,107,4,12,14
366936,,,,107,4,12,14
367044,,,,107,4,12,14
367138,,,,107,4,12,14
367236,,,,107,4,12,14
367336,,,,107,4,12,14
367434,,,,107,4,12,14
367544,,,,107,4,12,14
367636,,,,107,4,12,14
367735,,,,107,4,12,14
367836,,,,107,4,12,14
367931,,,,107,4,12,14
368034,,,,107,4,12,14
368133,,,,107,4,12,14
368235,,,,107,4,12,14
368336,,,,107,4,12,14
368450,,,,107,4,12,14
368516,,,,107,4,12,14
368637,,,,107,4,12,14
368738,,,,107,4,12,14
368840,,,,107,4,12,14
368938,,,,107,4,12,14
369041,,,,107,4,12,14
369139,,,,107,4,12,14
369248,,,,107,4,12,14
369341,,,,107,4,12,14
369439,,,,107,4,12,14
369538,,,,107,4,12,14
369636,,,,107,4,12,14
369736,,,,107,4,12,14
369835,,,,107,4,12,14
369936,,,,107,4,12,14
370037,,,,107,4,12,14
370137,,,,107,4,12,14
370236,,,,107,4,12,14
370337,,,,107,4,12,14
370436,,,,107,4,12,14
370537,,,,107,4,12,14
370638,,,,107,4,12,14
370734,,,,107,4,12,14
370835,,,,107,4,12,14
370944,,,,107,4,12,14
371034,,,,107,4,12,14
371136,,,,107,4,12,14
371238,,,,107,4,12,14
371337,,,,107,4,12,14
371437,,,,107,4,12,14
371536,,,,107,4,12,14
371638,,,,107,4,12,14
371737,,,,107,4,12,14
371839,,,,107,4,12,14
371940,,,,107,4,12,14
372035,,,,107,4,12,14
372136,,,,107,4,12,14
372236,,,,107,4,12,14
372336,,,,107,4,12,14
372434,,,,107,4,12,14
372537,,,,107,4,12,14
372648,,,,107,4,12,14
372738,,,,107,4,12,14
372836,,,,107,4,12,14
372939,,,,107,4,12,14
373037,,,,107,4,12,14
373136,,,,107,4,12,14
373237,,,,107,4,12,14
373338,,,,107,4,12,14
373437,,,,107,4,12,14
373538,,,,107,4,12,14
373641,,,,107,4,12,14
373736,,,,107,4,12,14
373836,,,,107,4,12,14
373941,,,,107,4,12,14
374044,,,,107,4,12,14
374128,,,,107,4,12,14
374234,,,,107,4,12,14
374347,,,,107,4,12,14
374435,,,,107,4,12,14
374536,,,,107,4,12,14
374636,,,,107,4,12,14
374737,,,,107,4,12,14
374840,,,,107,4,12,14
374940,,,,107,4,12,14
375040,,,,107,4,12,14
375138,,,,107,4,12,14
375236,,,,107,4,12,14
375339,,,,107,4,12,14
375437,,,,107,4,12,14
375535,,,,107,4,12,14
375636,,,,107,4,12,14
375735,,,,107,4,12,14
375839,,,,107,4,12,14
375935,,,,107,4,12,14
376044,,,,107,4,12,14
376134,,,,107,4,12,14
376236,,,,107,4,12,14
376334,,,,107,4,12,14
376437,,,,107,4,12,14
376538,,,,107,4,12,14
376639,,,,107,4,12,14
376734,,,,107,4,12,14
376836,,,,107,4,12,14
376936,,,,107,4,12,14
377039,,,,107,4,12,14
377138,,,,107,4,12,14
377238,,,,107,4,12,14
377341,,,,107,4,12,14
377438,,,,107,4,12,14
377537,,,,107,4,12,14
377639,,,,107,4,12,14
377744,,,,107,4,12,14
377839,,,,107,4,12,14
377938,,,,107,4,12,14
378035,,,,107,4,12,14
378142,,,,107,4,12,14
378235,,,,107,4,12,14
378342,,,,107,4,12,14
378437,,,,107,4,12,14
378541,,,,107,4,12,14
378638,,,,107,4,12,14
378739,,,,107,4,12,14
378834,,,,107,4,12,14
378936,,,,107,4,12,14
379038,,,,107,4,12,14
379137,,,,107,4,12,14
379237,,,,107,4,12,14
379337,,,,107,4,12,14
379454,,,,107,4,12,14
379538,,,,107,4,12,14
379639,,,,107,4,12,14
379737,,,,107,4,12,14
379842,,,,107,4,12,14
379946,,,,107,4,12,14
380036,,,,107,4,12,14
380142,,,,107,4,12,14
380237,,,,107,4,12,14
380345,,,,107,4,12,14
380437,,,,107,4,12,14
380541,,,,107,4,12,14
380634,,,,107,4,12,14
380738,,,,107,4,12,14
380816,,,,107,4,12,14
380915,,,,107,4,12,14
381020,,,,107,4,12,14
381126,,,,107,4,12,14
381216,,,,107,4,12,14
381319,,,,107,4,12,14
381417,,,,107,4,12,14
381525,,,,107,4,12,14
381618,,,,107,4,12,14
381721,,,,107,4,12,14
381837,,,,107,4,12,14
381938,,,,107,4,12,14
382036,,,,107,4,12,14
382138,,,,107,4,12,14
382238,,,,107,4,12,14
382337,,,,107,4,12,14
382437,,,,107,4,12,14
382538,,,,107,4,12,14
382637,,,,107,4,12,14
382737,,,,107,4,12,14
382850,,,,107,4,12,14
382938,,,,107,4,12,14
383037,,,,107,4,12,14
383137,,,,107,4,12,14
383237,,,,107,4,12,14
383339,,,,107,4,12,14
383437,,,,107,4,12,14
383537,,,,107,4,12,14
383637,,,,107,4,12,14
383737,,,,107,4,12,14
383837,,,,107,4,12,14
383936,,,,107,4,12,14
384036,,,,107,4,12,14
384139,,,,107,4,12,14
384238,,,,107,4,12,14
384334,,,,107,4,12,14
384439,,,,107,4,12,14
384545,,,,107,4,12,14
384637,,,,107,4,12,14
384738,,,,107,4,12,14
384841,,,,107,4,12,14
384938,,,,107,4,12,14
385038,,,,107,4,12,14
385137,,,,107,4,12,14
385237,,,,107,4,12,14
385338,,,,107,4,12,14
385439,,,,107,4,12,14
385539,,,,107,4,12,14
385639,,,,107,4,12,14
385738,,,,107,4,12,14
385838,,,,107,4,12,14
385940,,,,107,4,12,14
386038,,,,107,4,12,14
386137,,,,107,4,12,14
386245,,,,107,4,12,14
386337,,,,107,4,12,14
386436,,,,107,4,12,14
386539,,,,107,4,12,14
386641,,,,107,4,12,14
386717,,,,107,4,12,14
386816,,,,107,4,12,14
386919,,,,107,4,12,14
387022,,,,107,4,12,14
387117,,,,107,4,12,14
387215,,,,107,4,12,14
387318,,,,107,4,12,14
387418,,,,107,4,12,14
387518,,,,107,4,12,14
387621,,,,107,4,12,14
387720,,,,107,4,12,14
387822,,,,107,4,12,14
387943,,,,107,4,12,14
388019,,,,107,4,12,14
388118,,,,107,4,12,14
388224,,,,107,4,12,14
388323,,,,107,4,12,14
388416,,,,107,4,12,14
388519,,,,107,4,12,14
388618,,,,107,4,12,14
388737,,,,107,4,12,14
388831,,,,107,4,12,14
388927,,,,107,4,12,14
389030,,,,107,4,12,14
389116,,,,107,4,12,14
389232,,,,107,4,12,14
389333,,,,107,4,12,14
389424,,,,107,4,12,14
389525,,,,107,4,12,14
389624,,,,107,4,12,14
389717,,,,107,4,12,14
389829,,,,107,4,12,14
389916,,,,107,4,12,14
390027,,,,107,4,12,14
390116,,,,107,4,12,14
390224,,,,107,4,12,14
390326,,,,107,4,12,14
390424,,,,107,4,12,14
390523,,,,107,4,12,14
390623,,,,107,4,12,14
390717,,,,107,4,12,14
390824,,,,107,4,12,14
390924,,,,107,4,12,14
391023,,,,107,4,12,14
391122,,,,107,4,12,14
391224,,,,107,4,12,14
391317,,,,107,4,12,14
391418,,,,107,4,12,14
391528,,,,107,4,12,14
391623,,,,107,4,12,14
391717,,,,107,4,12,14
391826,,,,107,4,12,14
391920,,,,107,4,12,14
392019,,,,107,4,12,14
392123,,,,107,4,12,14
392219,,,,107,4,12,14
392317,,,,107,4,12,14
392422,,,,107,4,12,14
392519,,,,107,4,12,14
392623,,,,107,4,12,14
392718,,,,107,4,12,14
392820,,,,107,4,12,14
392917,,,,107,4,12,14
393023,,,,107,4,12,14
393119,,,,107,4,12,14
393219,,,,107,4,12,14
393323,,,,107,4,12,14
393422,,,,107,4,12,14
393521,,,,107,4,12,14
393619,,,,107,4,12,14
393721,,,,107,4,12,14
393836,,,,107,4,12,14
393927,,,,107,4,12,14
394017,,,,107,4,12,14
394124,,,,107,4,12,14
394215,,,,107,4,12,14
394326,,,,107,4,12,14
394417,,,,107,4,12,14
394526,,,,107,4,12,14
394617,,,,107,4,12,14
394722,,,,107,4,12,14
394817,,,,107,4,12,14
394923,,,,107,4,12,14
395026,,,,107,4,12,14
395125,,,,107,4,12,14
395222,,,,107,4,12,14
395324,,,,107,4,12,14
395416,,,,107,4,12,14
395555,,,,107,4,12,14
395621,,,,107,4,12,14
395728,,,,107,4,12,14
395819,,,,107,4,12,14
395927,,,,107,4,12,14
396024,,,,107,4,12,14
396117,,,,107,4,12,14
396229,,,,107,4,12,14
396324,,,,107,4,12,14
396425,,,,107,4,12,14
396523,,,,107,4,12,14
396619,,,,107,4,12,14
396726,,,,107,4,12,14
396820,,,,107,4,12,14
396923,,,,107,4,12,14
397026,,,,107,4,12,14
397118,,,,107,4,12,14
397223,,,,107,4,12,14
397320,,,,107,4,12,14
397418,,,,107,4,12,14
397521,,,,107,4,12,14
397620,,,,107,4,12,14
397723,,,,107,4,12,14
397825,,,,107,4,12,14
397923,,,,107,4,12,14
398021,,,,107,4,12,14
398124,,,,107,4,12,14
398219,,,,107,4,12,14
398322,,,,107,4,12,14
398421,,,,107,4,12,14
398522,,,,107,4,12,14
398621,,,,107,4,12,14
398720,,,,107,4,12,14
398822,,,,107,4,12,14
398923,,,,107,4,12,14
399023,,,,107,4,12,14
399122,,,,107,4,12,14
399220,,,,107,4,12,14
399317,,,,107,4,12,14
399417,,,,107,4,12,14
399517,,,,107,4,12,14
399624,,,,107,4,12,14
399717,,,,107,4,12,14
399824,,,,107,4,12,14
399924,,,,107,4,12,14
400020,,,,107,4,12,14
400119,,,,107,4,12,14
400221,,,,107,4,12,14
400323,,,,107,4,12,14
400417,,,,107,4,12,14
400520,,,,107,4,12,14
400632,,,,107,4,12,14
400726,,,,107,4,12,14
400820,,,,107,4,12,14
400918,,,,107,4,12,14
401021,,,,107,4,12,14
401119,,,,107,4,12,14
401223,,,,107,4,12,14
401319,,,,107,4,12,14
401420,,,,107,4,12,14
401537,,,,107,4,12,14
401640,,,,107,4,12,14
401739,,,,107,4,12,14
401839,,,,107,4,12,14
401941,,,,107,4,12,14
402037,,,,107,4,12,14
402139,,,,107,4,12,14
402238,,,,107,4,12,14
402346,,,,107,4,12,14
402439,,,,107,4,12,14
402539,,,,107,4,12,14
402639,,,,107,4,12,14
402739,,,,107,4,12,14
402839,,,,107,4,12,14
402940,,,,107,4,12,14
403040,,,,107,4,12,14
403140,,,,107,4,12,14
403242,,,,107,4,12,14
403340,,,,107,4,12,14
403440,,,,107,4,12,14
403540,,,,107,4,12,14
403641,,,,107,4,12,14
403739,,,,107,4,12,14
403838,,,,107,4,12,14
403936,,,,107,4,12,14
404048,,,,107,4,12,14
404139,,,,107,4,12,14
404239,,,,107,4,12,14
404340,,,,107,4,12,14
404439,,,,107,4,12,14
404539,,,,107,4,12,14
404640,,,,107,4,12,14
404739,,,,107,4,12,14
404836,,,,107,4,12,14
404937,,,,107,4,12,14
405039,,,,107,4,12,14
405139,,,,107,4,12,14
405240,,,,107,4,12,14
405340,,,,107,4,12,14
405440,,,,107,4,12,14
405536,,,,107,4,12,14
405638,,,,107,4,12,14
405753,,,,107,4,12,14
405838,,,,107,4,12,14
405938,,,,107,4,12,14
406037,,,,107,4,12,14
406138,,,,107,4,12,14
406238,,,,107,4,12,14
406337,,,,107,4,12,14
406437,,,,107,4,12,14
406538,,,,107,4,12,14
406638,,,,107,4,12,14
406739,,,,107,4,12,14
406837,,,,107,4,12,14
406937,,,,107,4,12,14
407036,,,,107,4,12,14
407136,,,,107,4,12,14
407237,,,,107,4,12,14
407337,,,,107,4,12,14
407447,,,,107,4,12,14
407538,,,,107,4,12,14
407635,,,,107,4,12,14
407736,,,,107,4,12,14
407835,,,,107,4,12,14
407937,,,,107,4,12,14
408035,,,,107,4,12,14
408137,,,,107,4,12,14
408237,,,,107,4,12,14
408337,,,,107,4,12,14
408436,,,,107,4,12,14
408538,,,,107,4,12,14
408637,,,,107,4,12,14
408737,,,,107,4,12,14
408838,,,,107,4,12,14
408938,,,,107,4,12,14
409036,,,,107,4,12,14
409151,,,,107,4,12,14
409236,,,,107,4,12,14
409337,,,,107,4,12,14
409439,,,,107,4,12,14
409538,,,,107,4,12,14
409638,,,,107,4,12,14
409736,,,,107,4,12,14
409837,,,,107,4,12,14
409937,,,,107,4,12,14
410039,,,,107,4,12,14
410138,,,,107,4,12,14
410240,,,,107,4,12,14
410336,,,,107,4,12,14
410438,,,,107,4,12,14
410538,,,,107,4,12,14
410636,,,,107,4,12,14
410738,,,,107,4,12,14
410857,,,,107,4,12,14
410917,,,,107,4,12,14
411039,,,,107,4,12,14
411140,,,,107,4,12,14
411238,,,,107,4,12,14
411336,,,,107,4,12,14
411439,,,,107,4,12,14
411537,,,,107,4,12,14
411636,,,,107,4,12,14
411737,,,,107,4,12,14
411839,,,,107,4,12,14
411940,,,,107,4,12,14
412039,,,,107,4,12,14
412138,,,,107,4,12,14
412240,,,,107,4,12,14
412338,,,,107,4,12,14
412437,,,,107,4,12,14
412558,,,,107,4,12,14
412617,,,,107,4,12,14
412741,,,,107,4,12,14
412839,,,,107,4,12,14
412940,,,,107,4,12,14
413038,,,,107,4,12,14
413137,,,,107,4,12,14
413236,,,,107,4,12,14
413336,,,,107,4,12,14
413438,,,,107,4,12,14
413539,,,,107,4,12,14
413627,,,,107,4,12,14
413737,,,,107,4,12,14
413837,,,,107,4,12,14
413939,,,,107,4,12,14
414038,,,,107,4,12,14
414135,,,,107,4,12,14
414270,,,,107,4,12,14
414318,,,,107,4,12,14
414419,,,,107,4,12,14
414537,,,,107,4,12,14
414635,,,,107,4,12,14
414738,,,,107,4,12,14
414837,,,,107,4,12,14
414938,,,,107,4,12,14
415036,,,,107,4,12,14
415118,,,,107,4,12,14
415239,,,,107,4,12,14
415338,,,,107,4,12,14
415439,,,,107,4,12,14
415538,,,,107,4,12,14
415637,,,,107,4,12,14
415738,,,,107,4,12,14
415838,,,,107,4,12,14
415960,,,,107,4,12,14
416020,,,,107,4,12,14
416118,,,,107,4,12,14
416219,,,,107,4,12,14
416318,,,,107,4,12,14
416432,,,,107,4,12,14
416539,,,,107,4,12,14
416639,,,,107,4,12,14
416739,,,,107,4,12,14
416839,,,,107,4,12,14
416941,,,,107,4,12,14
417036,,,,107,4,12,14
417138,,,,107,4,12,14
417240,,,,107,4,12,14
417338,,,,107,4,12,14
417439,,,,107,4,12,14
417539,,,,107,4,12,14
417646,,,,107,4,12,14
417739,,,,107,4,12,14
417839,,,,107,4,12,14
417940,,,,107,4,12,14
418038,,,,107,4,12,14
418136,,,,107,4,12,14
418239,,,,107,4,12,14
418340,,,,107,4,12,14
418439,,,,107,4,12,14
418539,,,,107,4,12,14
418640,,,,107,4,12,14
418741,,,,107,4,12,14
418839,,,,107,4,12,14
418942,,,,107,4,12,14
419038,,,,107,4,12,14
419141,,,,107,4,12,14
419238,,,,107,4,12,14
419349,,,,107,4,12,14
419439,,,,107,4,12,14
419538,,,,107,4,12,14
419637,,,,107,4,12,14
419738,,,,107,4,12,14
419840,,,,107,4,12,14
419939,,,,107,4,12,14
420039,,,,107,4,12,14
420139,,,,107,4,12,14
420237,,,,107,4,12,14
420338,,,,107,4,12,14
420439,,,,107,4,12,14
420540,,,,107,4,12,14
420643,,,,107,4,12,14
420736,,,,107,4,12,14
420833,,,,107,4,12,14
420933,,,,107,4,12,14
421044,,,,107,4,12,14
421137,,,,107,4,12,14
421238,,,,107,4,12,14
421339,,,,107,4,12,14
421440,,,,107,4,12,14
421538,,,,107,4,12,14
421639,,,,107,4,12,14
421739,,,,107,4,12,14
421839,,,,107,4,12,14
421940,,,,107,4,12,14
422038,,,,107,4,12,14
422137,,,,107,4,12,14
422223,,,,107,4,12,14
422321,,,,107,4,12,14
422424,,,,107,4,12,14
422519,,,,107,4,12,14
422620,,,,107,4,12,14
422737,,,,107,4,12,14
422818,,,,107,4,12,14
422921,,,,107,4,12,14
423024,,,,107,4,12,14
423126,,,,107,4,12,14
423220,,,,107,4,12,14
423324,,,,107,4,12,14
423421,,,,107,4,12,14
423528,,,,107,4,12,14
423619,,,,107,4,12,14
423721,,,,107,4,12,14
423818,,,,107,4,12,14
423921,,,,107,4,12,14
424020,,,,107,4,12,14
424123,,,,107,4,12,14
424218,,,,107,4,12,14
424328,,,,107,4,12,14
424427,,,,107,4,12,14
424524,,,,107,4,12,14
424619,,,,107,4,12,14
424723,,,,107,4,12,14
424821,,,,107,4,12,14
424924,,,,107,4,12,14
425017,,,,107,4,12,14
425126,,,,107,4,12,14
425219,,,,107,4,12,14
425321,,,,107,4,12,14
425430,,,,107,4,12,14
425532,,,,107,4,12,14
425617,,,,107,4,12,14
425727,,,,107,4,12,14
425838,,,,107,4,12,14
425939,,,,107,4,12,14
426036,,,,107,4,12,14
426149,,,,107,4,12,14
426241,,,,107,4,12,14
426339,,,,107,4,12,14
426437,,,,107,4,12,14
426537,,,,107,4,12,14
426637,,,,107,4,12,14
426738,,,,107,4,12,14
426838,,,,107,4,12,14
426940,,,,107,4,12,14
427037,,,,107,4,12,14
427138,,,,107,4,12,14
427238,,,,107,4,12,14
427338,,,,107,4,12,14
427440,,,,107,4,12,14
427538,,,,107,4,12,14
427636,,,,107,4,12,14
427740,,,,107,4,12,14
427848,,,,107,4,12,14
427929,,,,107,4,12,14
428036,,,,107,4,12,14
428139,,,,107,4,12,14
428239,,,,107,4,12,14
428339,,,,107,4,12,14
428437,,,,107,4,12,14
428539,,,,107,4,12,14
428638,,,,107,4,12,14
428737,,,,107,4,12,14
428839,,,,107,4,12,14
428939,,,,107,4,12,14
429040,,,,107,4,12,14
429139,,,,107,4,12,14
429238,,,,107,4,12,14
429340,,,,107,4,12,14
429438,,,,107,4,12,14
429549,,,,107,4,12,14
429640,,,,107,4,12,14
429740,,,,107,4,12,14
429838,,,,107,4,12,14
429939,,,,107,4,12,14
430038,,,,107,4,12,14
430134,,,,107,4,12,14
430240,,,,107,4,12,14
430338,,,,107,4,12,14
430439,,,,107,4,12,14
430540,,,,107,4,12,14
430638,,,,107,4,12,14
430737,,,,107,4,12,14
430837,,,,107,4,12,14
430936,,,,107,4,12,14
431038,,,,107,4,12,14
431140,,,,107,4,12,14
431247,,,,107,4,12,14
431337,,,,107,4,12,14
431439,,,,107,4,12,14
431538,,,,107,4,12,14
431636,,,,107,4,12,14
431738,,,,107,4,12,14
431837,,,,107,4,12,14
431940,,,,107,4,12,14
432040,,,,107,4,12,14
432139,,,,107,4,12,14
432239,,,,107,4,12,14
432337,,,,107,4,12,14
432437,,,,107,4,12,14
432536,,,,107,4,12,14
432637,,,,107,4,12,14
432739,,,,107,4,12,14
432838,,,,107,4,12,14
432959,,,,107,4,12,14
433020,,,,107,4,12,14
433119,,,,107,4,12,14
433217,,,,107,4,12,14
433319,,,,107,4,12,14
433431,,,,107,4,12,14
433540,,,,107,4,12,14
433641,,,,107,4,12,14
433741,,,,107,4,12,14
433842,,,,107,4,12,14
433942,,,,107,4,12,14
434039,,,,107,4,12,14
434142,,,,107,4,12,14
434239,,,,107,4,12,14
434340,,,,107,4,12,14
434441,,,,107,4,12,14
434541,,,,107,4,12,14
434650,,,,107,4,12,14
434741,,,,107,4,12,14
434841,,,,107,4,12,14
434941,,,,107,4,12,14
435040,,,,107,4,12,14
435141,,,,107,4,12,14
435241,,,,107,4,12,14
435339,,,,107,4,12,14
435438,,,,107,4,12,14
435540,,,,107,4,12,14
435641,,,,107,4,12,14
435739,,,,107,4,12,14
435840,,,,107,4,12,14
435939,,,,107,4,12,14
436040,,,,107,4,12,14
436142,,,,107,4,12,14
436240,,,,107,4,12,14
436348,,,,107,4,12,14
436440,,,,107,4,12,14
436536,,,,107,4,12,14
436639,,,,107,4,12,14
436739,,,,107,4,12,14
436841,,,,107,4,12,14
436940,,,,107,4,12,14
437045,,,,107,4,12,14
437139,,,,107,4,12,14
437239,,,,107,4,12,14
437340,,,,107,4,12,14
437443,,,,107,4,12,14
437539,,,,107,4,12,14
437639,,,,107,4,12,14
437738,,,,107,4,12,14
437837,,,,107,4,12,14
437939,,,,107,4,12,14
438047,,,,107,4,12,14
438155,,,,107,4,12,14
438218,,,,107,4,12,14
438319,,,,107,4,12,14
438417,,,,107,4,12,14
438530,,,,107,4,12,14
438639,,,,107,4,12,14
438737,,,,107,4,12,14
438838,,,,107,4,12,14
438943,,,,107,4,12,14
439040,,,,107,4,12,14
439139,,,,107,4,12,14
439238,,,,107,4,12,14
439342,,,,107,4,12,14
439441,,,,107,4,12,14
439544,,,,