[camera]
# width=480
# height=640
# width=720
# height=1280
# width=1536
# height=1024
# width=640
# height=480
# fps=30

[detection]
tag_pixel_width = 100
widen_radius = 15

[arena]
nleds = 113#198
ring_r = 30 # in cm
origo_offset = [360, 360] # in pixels
cm_per_pixel = 0.1
baudrate = 115200#9600###921600#

[setup]
label = "Two different suns"

    [[setup.suns]]
    link_factor = 1.5
    green = 255
    azimuth = 90
    width = 11
    red = 100
    [[setup.suns]]
    blue = 255
    link_factor = -0.8
    green = 128
    azimuth = 180
    width = 3
    red = 41

[experiment]
datetime = 2023-12-09T14:24:22.362Z

ms,x,y,θ,start1,stop1,start2,stop2
3071,,,,24,34,56,58
3203,,,,24,34,56,58
3235,,,,24,34,56,58
3261,,,,24,34,56,58
3289,,,,24,34,56,58
3321,,,,24,34,56,58
3356,,,,24,34,56,58
3383,,,,24,34,56,58
3413,,,,24,34,56,58
3442,,,,24,34,56,58
3468,,,,24,34,56,58
3499,,,,24,34,56,58
3530,,,,24,34,56,58
3560,,,,24,34,56,58
3593,,,,24,34,56,58
3624,,,,24,34,56,58
3654,,,,24,34,56,58
3739,,,,24,34,56,58
3765,,,,24,34,56,58
3795,,,,24,34,56,58
3822,,,,24,34,56,58
3850,,,,24,34,56,58
3878,,,,24,34,56,58
3907,,,,24,34,56,58
3934,,,,24,34,56,58
3965,,,,24,34,56,58
3993,,,,24,34,56,58
4022,,,,24,34,56,58
4050,,,,24,34,56,58
4079,,,,24,34,56,58
4106,,,,24,34,56,58
4134,,,,24,34,56,58
4208,,,,24,34,56,58
4310,,,,24,34,56,58
4410,,,,24,34,56,58
4509,,,,24,34,56,58
4643,,,,24,34,56,58
4706,,,,24,34,56,58
4808,,,,24,34,56,58
4908,,,,24,34,56,58
5007,,,,24,34,56,58
5631,,,,24,34,56,58
5658,,,,24,34,56,58
5687,,,,24,34,56,58
5715,,,,24,34,56,58
5743,,,,24,34,56,58
5771,,,,24,34,56,58
5823,,,,24,34,56,58
5851,,,,24,34,56,58
5908,,,,24,34,56,58
6008,,,,24,34,56,58
6107,,,,24,34,56,58
6224,,,,24,34,56,58
6306,,,,24,34,56,58
6406,,,,24,34,56,58
6507,,,,24,34,56,58
6623,,,,24,34,56,58
6720,,,,24,34,56,58
6816,,,,24,34,56,58
6911,,,,24,34,56,58
7011,,,,24,34,56,58
7114,,,,24,34,56,58
7211,,,,24,34,56,58
7311,,,,24,34,56,58
7410,,,,24,34,56,58
7510,,,,24,34,56,58
7613,,,,24,34,56,58
7834,383.87449001751344,693.0680339738213,1.2046211063352004,64,74,36,38
7834,382.4073848305434,703.8393890581473,1.4584144336046327,64,74,36,38
7892,382.93432718918064,709.4557393490259,1.815270582194727,73,83,30,32
7991,383.6269484801319,710.1676726069868,2.099310400320908,81,91,26,28
8091,384.0589326807774,705.9890880338013,2.3031982909688113,86,96,23,25
8189,384.5285804499233,698.5342036630691,2.443830304371292,90,100,21,23
8289,385.96254906277346,689.9922407610968,2.6700195619826648,96,106,18,20
8389,392.392619032268,683.5003786384597,2.833027184174384,101,111,16,18
8489,395.96610700897924,683.978228942728,2.9525743368763426,104,1,14,16
8589,398.2173221881347,683.3927818253773,2.8348495733388352,101,111,16,18
8689,398.3381958571498,685.3704812326611,2.5002746343554536,92,102,21,23
8787,399.63782038606695,687.7520856487147,2.3843948756714415,89,99,22,24
8898,400.42165881908306,691.9175035081416,2.0886831790661073,81,91,26,28
8998,399.276504550206,691.9462851071705,1.716803055150568,71,81,32,34
9098,398.715112733856,691.8680700762559,1.4017345260210552,62,72,36,38
9198,398.4623940814937,692.1829104292498,1.1659755737492485,56,66,40,42
9300,399.5278292628649,691.4731675084037,1.0084845948981342,51,61,42,44
9400,398.396300425764,691.3144277775659,0.8636638071913186,48,58,44,46
9500,396.691081658424,691.1415526153536,0.7070206465345675,43,53,46,48
9597,392.4607214790823,695.4596052250583,0.600460489343443,40,50,48,50
9698,388.3144784154584,697.9218241149143,0.35513806640523676,34,44,51,53
9798,384.77355816332204,699.6539680167283,0.10343831683459472,27,37,55,57
9894,384.3537782935844,698.0529706151772,0.002678782229544219,24,34,56,58
9998,384.9194652556636,698.1569037154865,0.14282274435873993,28,38,54,56
10098,385.06588065196786,699.0007929275986,0.31181661838718155,33,43,52,54
10198,388.46295964024466,698.6666932903217,0.5736672369925137,40,50,48,50
10298,391.2629510407522,697.912649953814,0.7218977064427556,44,54,46,48
10398,391.64572634655997,698.6717465204656,0.8662310555925669,48,58,44,46
10495,392.35859608148104,700.4075191907914,1.0828660395109067,53,63,41,43
10598,393.68994716954575,700.2102602968841,1.2838087379158214,59,69,38,40
10698,393.0195319006982,700.7962685962527,1.462053529769708,64,74,35,37
10798,391.06014664090134,699.2396646040081,1.6398143714251245,68,78,33,35
10898,388.9370557718101,698.17126049647,1.7938522285995677,73,83,31,33
10985,389.3562256803918,697.8515101489154,1.9348786458632186,76,86,29,31
11085,390.43986013800736,697.491324255418,2.156085369777541,82,92,25,27
11185,391.89473761569633,695.145662761062,2.308594252517506,87,97,23,25
11299,391.9841649334244,693.4302744169106,2.4874760433124363,91,101,21,23
11385,393.7553405910552,692.179990028631,2.6338711983819256,95,105,19,21
11485,394.62716931808734,690.9947722469832,2.7838723426319714,99,109,16,18
11585,394.7542751246732,688.678239520108,2.977342057096287,105,2,14,16
11685,395.40545505934955,688.0600432492002,-3.129240811267889,109,6,11,13
11785,396.4306544763202,688.1554543669238,-2.9520412329489663,1,11,9,11
11885,397.4050338749631,688.8198235566862,-2.6754690848491416,9,19,5,7
11985,398.02472520412636,689.1980483075782,-2.3649236871207817,17,27,113,2
12085,399.1552823478343,688.67415632811,-2.122563016926181,23,33,110,112
12185,397.3516740026594,686.4420912134046,-1.9486553924077359,28,38,107,109
12285,396.28392611183506,683.0197315090164,-1.8148939650911455,32,42,105,107
12385,397.79466947614935,679.7974181485447,-1.7707861432956338,33,43,105,107
12485,398.7102018111426,674.7096297894393,-1.7870571870366136,33,43,105,107
12585,398.31303601884053,671.3361309756145,-1.9569579228958909,28,38,107,109
12685,396.1449042490211,674.770993435036,-2.159898580289629,22,32,110,112
12785,395.7635592232411,677.7308787845309,-2.4554725227685186,15,25,1,3
12885,397.18863953106444,678.6642739556437,-2.8961611555328406,3,13,8,10
12985,397.8568798927424,679.6110990099256,-3.128298170838289,109,6,11,13
13085,397.7690910087299,680.7787791452481,3.0299690763339195,106,3,13,15
13185,396.938187612544,681.8919614002967,2.8414179228668184,101,111,16,18
13285,395.96967369825984,682.7581359491285,2.571889456849111,94,104,19,21
13385,395.37402598452024,683.3252733935852,2.312911964587521,87,97,23,25
13485,394.95410114519143,683.212342861089,2.1648363845301906,83,93,25,27
13585,394.0894947494342,683.6857116549402,2.052656155612277,80,90,27,29
13685,392.23515874505244,686.0480952025018,1.894139336317905,75,85,29,31
13785,390.99500578223785,688.1464078929943,1.6935132786781584,70,80,32,34
13885,390.45909397938567,688.5559381108034,1.4700312724080287,64,74,35,37
13985,389.5071081393413,688.4080703188815,1.2439645545559526,58,68,39,41
14085,389.3274299242088,688.4288507323135,1.0176383240561784,52,62,42,44
14185,388.7705352877449,688.7840043795076,0.911070649605914,49,59,43,45
14285,386.7296499898965,690.1103066947593,0.8146140453730705,46,56,45,47
14385,383.5687237976309,691.4772627732053,0.6410329206446889,42,52,47,49
14485,381.97172518028174,693.4906455762141,0.5367712789826488,39,49,49,51
14585,382.6739298449445,694.4219511011374,0.4276762586836082,36,46,50,52
14685,385.98385707956106,692.9464611010004,0.5019328273911773,38,48,49,51
14785,,,,38,48,49,51
14885,,,,38,48,49,51
14985,,,,38,48,49,51
15085,,,,38,48,49,51
15186,,,,38,48,49,51
15286,,,,38,48,49,51
15387,,,,38,48,49,51
15487,,,,38,48,49,51
15588,,,,38,48,49,51
15689,,,,38,48,49,51
15789,,,,38,48,49,51
15890,,,,38,48,49,51
15991,,,,38,48,49,51
16092,,,,38,48,49,51
16193,,,,38,48,49,51
16293,,,,38,48,49,51
16394,,,,38,48,49,51
16495,,,,38,48,49,51
16596,,,,38,48,49,51
16697,,,,38,48,49,51
16797,,,,38,48,49,51
16899,,,,38,48,49,51
16999,,,,38,48,49,51
17100,,,,38,48,49,51
17202,,,,38,48,49,51
17302,,,,38,48,49,51
17402,,,,38,48,49,51
17504,,,,38,48,49,51
17603,,,,38,48,49,51
17705,,,,38,48,49,51
17805,,,,38,48,49,51
17905,,,,38,48,49,51
18005,,,,38,48,49,51
18106,,,,38,48,49,51
18206,,,,38,48,49,51
18307,,,,38,48,49,51
18406,,,,38,48,49,51
18508,,,,38,48,49,51
18622,,,,38,48,49,51
18708,,,,38,48,49,51
18808,,,,38,48,49,51
18907,,,,38,48,49,51
19010,,,,38,48,49,51
19109,,,,38,48,49,51
19209,,,,38,48,49,51
19308,,,,38,48,49,51
19407,,,,38,48,49,51
19509,,,,38,48,49,51
19609,,,,38,48,49,51
19709,,,,38,48,49,51
19810,,,,38,48,49,51
19910,,,,38,48,49,51
20008,,,,38,48,49,51
20108,,,,38,48,49,51
20210,,,,38,48,49,51
20307,,,,38,48,49,51
20407,,,,38,48,49,51
20510,,,,38,48,49,51
20621,,,,38,48,49,51
20709,,,,38,48,49,51
20808,,,,38,48,49,51
20909,,,,38,48,49,51
21008,,,,38,48,49,51
21109,,,,38,48,49,51
21209,,,,38,48,49,51
21316,,,,38,48,49,51
21408,,,,38,48,49,51
21509,,,,38,48,49,51
21608,,,,38,48,49,51
21709,,,,38,48,49,51
21809,,,,38,48,49,51
21908,,,,38,48,49,51
22007,,,,38,48,49,51
22108,,,,38,48,49,51
22209,,,,38,48,49,51
22308,,,,38,48,49,51
22413,,,,38,48,49,51
22509,,,,38,48,49,51
22610,,,,38,48,49,51
22708,,,,38,48,49,51
22810,,,,38,48,49,51
22908,,,,38,48,49,51
23008,,,,38,48,49,51
23110,,,,38,48,49,51
23208,,,,38,48,49,51
23308,,,,38,48,49,51
23409,,,,38,48,49,51
23508,265.3057373954675,689.2825040461478,-1.5169211759244066,96,106,78,80
23585,270.19582653385555,696.9230366767993,-1.709040131536636,91,101,81,83
23685,278.0192470797006,694.0721596998812,-1.973036967405571,84,94,85,87
23786,280.1772289415416,690.0396373879303,-2.1289539208695443,80,90,87,89
23886,278.6847297615016,690.1449392479356,-2.1852191163606545,78,88,88,90
23985,280.3277411123319,690.8868000166239,-2.3245351302828094,75,85,90,92
24086,283.0904971759499,688.1903062819339,-2.495168457269637,70,80,92,94
24189,283.92814622141714,685.433344956296,-2.5889668799138987,67,77,94,96
24286,284.35232051283026,684.9755397815848,-2.6617407610714876,65,75,95,97
24385,284.3996937370298,685.8566267807503,-2.703809622346722,64,74,95,97
24486,285.0175192064824,687.273871482995,-2.7857223165746903,62,72,97,99
24586,285.13147833631103,687.8755896977135,-2.877627419783954,60,70,98,100
24685,286.1287625506499,686.8424304889417,-2.991622091136651,57,67,100,102
24786,287.24107051051885,687.1737657137136,-3.1166894077097003,53,63,101,103
24886,287.75672354126624,687.2001069115507,3.0299937028868347,49,59,103,105
24985,288.80246301914076,687.0487854033718,2.9579404336928223,48,58,104,106
25086,289.366411767865,687.4342768826683,2.8852277131017536,46,56,105,107
25185,288.88810913763723,688.3159840980799,2.8403429499358417,44,54,106,108
25285,287.0878718018754,689.63139943065,2.840078017003382,44,54,106,108
25385,286.4439155279805,690.4141804020813,2.794530073675771,43,53,107,109
25485,286.7595023357542,690.5824158463336,2.740536387948507,42,52,107,109
25585,286.6614548442745,689.9978975707795,2.6188090534181674,38,48,109,111
25685,287.1731860166053,689.8349722182625,2.492497294341387,35,45,111,113
25785,288.09449599971344,689.7569168638372,2.390909276037704,32,42,113,2
25885,288.3847865047154,690.5825551990952,2.278701103451198,29,39,1,3
25985,288.0690086419805,690.2580234395808,2.1237915623954606,25,35,3,5
26085,287.887969294292,692.1273547454643,2.0470902787535277,23,33,4,6
26185,288.5334633542604,693.556909690262,2.0089459613206078,22,32,5,7
26285,288.0939642281466,693.7589377168645,1.9509151763985964,20,30,6,8
26385,286.55249172932844,693.3891626698023,1.8934433138478612,19,29,7,9
26485,287.34758963387225,694.285085277812,1.9063173794327692,19,29,6,8
26585,289.7466503585731,695.2235084968029,1.9715856281304307,21,31,6,8
26685,291.116547883507,697.5142986431083,2.0788736377106414,24,34,4,6
26785,291.3728485221251,698.845683735485,2.161048610216131,26,36,3,5
26885,290.4223305019432,698.8992622045513,2.238702632238438,28,38,2,4
26985,289.93522342372347,698.9235210369044,2.324986502765577,30,40,113,2
27085,290.55783455755704,699.2519712851071,2.4169436556131725,33,43,112,1
27185,291.1340625916537,699.1302899090144,2.5488743771485156,37,47,110,112
27285,292.41652422655613,698.3098179401151,2.690110248354722,40,50,108,110
27385,293.8950342369521,697.5255348455242,2.8267950409634772,44,54,106,108
27485,294.71573722700225,697.3875982697303,2.9424883433660574,47,57,105,107
27585,294.01891800708165,697.6583953409665,3.0470263755952143,50,60,103,105
27685,292.68435569865676,697.8679789387303,3.1100037441118427,52,62,102,104
27785,293.0813084443049,697.3513809811349,-3.09437187201835,54,64,101,103
27885,293.17377456794406,697.174711773069,-3.0085543893894666,56,66,100,102
27985,293.11632505633304,695.9077362375252,-2.9167624749819203,59,69,98,100
28085,293.7677300929226,694.8046187175436,-2.8423977129005875,61,71,97,99
28185,293.07209645198077,694.7807990629965,-2.781173662563681,62,72,97,99
28285,291.7967297554309,695.7386898396668,-2.689378652864775,65,75,95,97
28385,291.6071816747624,696.8598683798026,-2.648721146929385,66,76,95,97
28485,291.8501452306368,696.8280245143463,-2.6364994524460283,66,76,94,96
28585,293.10399736856164,696.3184600576226,-2.6315249316704694,66,76,94,96
28685,293.67446454630476,696.4114100049424,-2.6432701993538363,66,76,95,97
28785,292.7315942188498,695.502957964475,-2.6386300451326434,66,76,94,96
28885,292.86645315209984,696.7612251128089,-2.5685971198379987,68,78,93,95
28985,294.17088171820086,697.7147355034731,-2.4791989354851167,70,80,92,94
29085,294.39800538772005,699.208740947567,-2.407993752360435,72,82,91,93
29185,294.60318133838,699.3008707156446,-2.371403583989896,73,83,91,93
29285,294.45441672741293,698.9161429087512,-2.364275897523468,73,83,91,93
29385,294.5587182610952,699.5912597537167,-2.348583895898476,74,84,90,92
29485,293.9483819062376,702.6903026539749,-2.345579488879033,74,84,90,92
29585,295.516903451402,706.9858152363149,-2.3384493443397436,74,84,90,92
29685,296.0731828814493,707.2241037281792,-2.3387441514981115,74,84,90,92
29785,293.49095727390795,705.338561079677,-2.328615453206919,74,84,90,92
29887,292.24662311871333,703.7524679790919,-2.316816118478324,75,85,90,92
29985,290.90456351632525,703.3634542839997,-2.304394895236595,75,85,90,92
30085,291.0953578725697,705.3844833492535,-2.2956562829855476,75,85,90,92
30185,292.392019245976,706.6392851638298,-2.2994971225155623,75,85,90,92
30285,292.4684956888489,707.4357124393164,-2.2974456721645784,75,85,90,92
30385,291.79252856258233,706.2463963428552,-2.29380078573295,75,85,90,92
30485,292.1613301838984,706.0730101694412,-2.24972169389836,77,87,89,91
30585,293.1691909396427,705.9737510717952,-2.2109993256525007,78,88,88,90
30686,293.40199257418374,705.7163201765497,-2.167941863762624,79,89,88,90
30785,293.87961534500505,705.2396836058889,-2.1454581947222797,79,89,87,89
30885,293.4939474004873,705.3147590623307,-2.0728649276934394,81,91,86,88
30985,294.3054204201108,707.367398684743,-1.8197340690018362,88,98,83,85
31085,293.59644982897646,708.7680687486805,-1.5366250531676602,96,106,79,81
31185,294.6797801412503,709.3478054698762,-1.2595698934194928,103,113,75,77
31285,296.5432415047894,708.9520521798357,-1.0426615729614366,109,6,72,74
31385,298.08954215980924,708.8308167381986,-0.8033515181111306,3,13,68,70
31485,299.38146350851366,709.6585516641726,-0.5855747983411266,8,18,65,67
31585,300.4950816450687,710.4597407537706,-0.3853407748193035,14,24,62,64
31685,301.6543388834841,711.9015924438835,-0.17439856415182772,20,30,59,61
31785,302.51338161371996,712.8371271661018,0.031666237427502096,25,35,56,58
31885,302.52987821778356,714.2748510186534,0.21098047783106494,30,40,53,55
31985,303.1392262163751,713.7377055895379,0.28202261773744025,32,42,52,54
32085,304.60260115804294,713.727439489154,0.32505320188785125,33,43,52,54
32185,305.58519722073277,712.4987115797289,0.2712105153750582,32,42,53,55
32285,303.0943931487544,709.6961346327322,-0.07162014862719858,22,32,58,60
32385,300.2208463097757,709.8054967868853,-0.2666097343358747,17,27,60,62
32485,299.16227856788,709.0920575866364,-0.5313644042922009,10,20,64,66
32585,297.98556125712184,708.9313126617452,-0.7449264453391391,4,14,67,69
32685,295.5436132376114,708.5045255230126,-0.9089035851039029,113,10,70,72
32785,294.2306111754922,710.3110298520221,-1.025880713352316,110,7,71,73
32885,292.0220227308913,711.3779541721169,-1.1647221701036223,106,3,73,75
32986,291.0122842755375,711.2909728588373,-1.279756611361488,103,113,75,77
33087,291.24167401793477,710.0314488608152,-1.3518385853075567,101,111,76,78
33185,291.24819123194266,709.7576658964534,-1.3896637926112179,100,110,76,78
33285,291.14219911942223,710.6021920500509,-1.4112012247827141,99,109,77,79
33385,289.6007753248554,711.3475514985065,-1.4361645819160846,99,109,77,79
33485,289.01068696059616,711.1101361025493,-1.4703652856967349,98,108,78,80
33585,289.6539938965,710.3302438851249,-1.525432425367415,96,106,78,80
33685,289.3148221612728,710.5113232211357,-1.6657360235362477,92,102,80,82
33785,288.79336594029166,711.7036751164698,-1.7770668604821398,89,99,82,84
33885,288.5857289191876,712.5411234735523,-1.9105639014113702,86,96,84,86
33985,287.661432351692,712.2034911204397,-2.081679678241664,81,91,86,88
34085,287.0482498391704,711.5193742043865,-2.2187701201249865,77,87,88,90
34185,287.22297782095933,711.7721852874015,-2.349945967801522,74,84,90,92
34285,288.0857974917765,712.1947867651056,-2.492884186320402,70,80,92,94
34385,288.18331954538814,712.6701335334415,-2.6345453706431545,66,76,94,96
34485,288.39691391219503,712.964471144696,-2.8212774906797766,61,71,97,99
34585,289.1505506013504,712.5090994162957,-2.93084671557247,58,68,99,101
34685,288.95212283278767,711.4436236270777,-3.042658870781909,55,65,100,102
34785,287.8104373178527,710.5541116413762,-3.1338023864485147,53,63,102,104
34885,288.40615396659746,710.7740291590802,3.049820665520542,50,60,103,105
34985,288.32308596924895,710.6442001089206,2.951817085055584,47,57,104,106
35085,288.6330878705801,710.8540523008623,2.804326911333568,43,53,107,109
35185,289.2543635670918,710.8547937480467,2.6030992186959665,38,48,109,111
35285,289.29877463638826,711.6265379034912,2.4838006406516913,35,45,111,113
35385,288.75998327865,712.4019422157843,2.383068784990781,32,42,113,2
35485,286.5533945907903,713.6134344887982,2.2843360039848495,29,39,1,3
35585,287.11747892848155,715.279825168059,2.1884684294948396,27,37,2,4
35685,287.4229532037442,716.0027747202687,2.107040767567983,25,35,4,6
35785,287.42910890661045,715.3187000105282,2.0249553529654754,22,32,5,7
35885,288.7344508674227,716.0738363970671,1.9886864807006035,21,31,5,7
35985,288.840490057821,716.0682443827793,1.915812942448845,19,29,6,8
36085,288.55201174689273,715.1385610321673,1.7694034491773352,15,25,8,10
36185,287.8918166442718,714.0802671859065,1.6743273224638335,13,23,10,12
36285,287.09587958352876,713.3355246609316,1.5735071476151914,10,20,11,13
36385,287.84308825491786,713.2007254620418,1.4622708781518359,7,17,13,15
36485,287.1407308758517,712.5833068074742,1.3550525088033984,4,14,14,16
36585,285.2109678853493,711.5896067508177,1.2620502976411418,2,12,16,18
36685,285.35283953054864,711.5582038538988,1.1784479922215125,113,10,17,19
36785,286.1677082559611,711.4010735187971,1.1075664544974904,111,8,18,20
36885,286.47287661869484,711.4128267467813,1.0102591885901695,108,5,19,21
36985,287.09070606893636,711.6027919369876,1.013801980831256,108,5,19,21
37085,288.3522589554794,710.8418393535632,1.0351515923623944,109,6,19,21
37185,289.778395370752,708.7315813391078,1.1577713809472232,112,9,17,19
37285,290.4708479194736,707.1027447806508,1.2864876620259915,2,12,15,17
37385,290.36644486445067,708.2387620593364,1.4282910783230796,6,16,13,15
37485,291.6121862232909,710.1103421091296,1.6431792338965663,12,22,10,12
37585,293.7939536084673,711.0467324234681,1.7445694452738703,15,25,9,11
37685,295.21600664634155,711.6814655367311,1.8062213231346262,16,26,8,10
37785,293.0281122328147,714.16149763861,1.8514652578249464,18,28,7,9
37885,290.70553373840505,715.9919155924978,1.8771589097845576,18,28,7,9
37985,292.8007391931927,714.9580111235789,1.9187590039124642,20,30,6,8
38085,293.78711015062567,712.1162789282258,1.941405023015607,20,30,6,8
38185,292.4054583720601,709.7860142027839,1.9974858077878002,22,32,5,7
38285,291.8185976949081,710.9266629983441,2.0722355075185286,24,34,4,6
38386,292.0156708583851,711.8138474117475,2.0960964288575092,24,34,4,6
38485,292.20123734650593,711.2426102547033,2.1310366326267856,25,35,3,5
38585,291.67968958494487,706.3607211045406,2.158071091496091,26,36,3,5
38685,,,,26,36,3,5
38785,,,,26,36,3,5
38886,,,,26,36,3,5
38986,,,,26,36,3,5
39086,,,,26,36,3,5
39186,,,,26,36,3,5
39287,,,,26,36,3,5
39387,,,,26,36,3,5
39488,,,,26,36,3,5
39589,,,,26,36,3,5
39689,,,,26,36,3,5
39789,,,,26,36,3,5
39890,,,,26,36,3,5
39992,,,,26,36,3,5
40091,,,,26,36,3,5
40192,,,,26,36,3,5
40293,,,,26,36,3,5
40394,,,,26,36,3,5
40494,,,,26,36,3,5
40594,,,,26,36,3,5
40695,,,,26,36,3,5
40797,,,,26,36,3,5
40897,,,,26,36,3,5
40999,,,,26,36,3,5
41099,,,,26,36,3,5
41199,,,,26,36,3,5
41300,,,,26,36,3,5
41401,,,,26,36,3,5
41502,,,,26,36,3,5
41602,,,,26,36,3,5
41702,,,,26,36,3,5
41803,,,,26,36,3,5
41904,,,,26,36,3,5
42005,,,,26,36,3,5
42105,,,,26,36,3,5
42206,,,,26,36,3,5
42305,,,,26,36,3,5
42405,,,,26,36,3,5
42518,,,,26,36,3,5
42606,,,,26,36,3,5
42706,,,,26,36,3,5
42806,,,,26,36,3,5
42906,,,,26,36,3,5
43005,,,,26,36,3,5
43107,,,,26,36,3,5
43204,,,,26,36,3,5
43306,,,,26,36,3,5
43405,,,,26,36,3,5
43504,,,,26,36,3,5
43606,,,,26,36,3,5
43730,,,,26,36,3,5
43831,,,,26,36,3,5
43928,,,,26,36,3,5
44026,,,,26,36,3,5
44128,,,,26,36,3,5
44226,,,,26,36,3,5
44328,,,,26,36,3,5
44429,,,,26,36,3,5
44534,,,,26,36,3,5
44628,,,,26,36,3,5
44729,,,,26,36,3,5
44827,,,,26,36,3,5
44927,,,,26,36,3,5
45028,,,,26,36,3,5
45128,,,,26,36,3,5
45225,,,,26,36,3,5
45327,,,,26,36,3,5
45425,,,,26,36,3,5
45528,,,,26,36,3,5
45628,,,,26,36,3,5
45727,,,,26,36,3,5
45827,,,,26,36,3,5
45926,,,,26,36,3,5
46027,,,,26,36,3,5
46128,,,,26,36,3,5
46226,,,,26,36,3,5
46328,,,,26,36,3,5
46431,,,,26,36,3,5
46537,,,,26,36,3,5
46628,,,,26,36,3,5
46729,,,,26,36,3,5
46827,,,,26,36,3,5
46929,,,,26,36,3,5
47028,,,,26,36,3,5
47128,,,,26,36,3,5
47228,,,,26,36,3,5
47327,,,,26,36,3,5
47429,,,,26,36,3,5
47528,,,,26,36,3,5
47628,,,,26,36,3,5
47730,,,,26,36,3,5
47828,,,,26,36,3,5
47927,,,,26,36,3,5
48026,,,,26,36,3,5
48129,,,,26,36,3,5
48225,,,,26,36,3,5
48328,,,,26,36,3,5
48428,,,,26,36,3,5
48535,,,,26,36,3,5
48630,,,,26,36,3,5
48727,,,,26,36,3,5
48827,,,,26,36,3,5
48928,,,,26,36,3,5
49027,,,,26,36,3,5
49128,,,,26,36,3,5
49227,,,,26,36,3,5
