[camera]
# width=480
# height=640
# width=720
# height=1280
# width=1536
# height=1024
# width=640
# height=480
# fps=30

[detection]
tag_pixel_width = 100
widen_radius = 15

[arena]
nleds = 113#198
ring_r = 30 # in cm
origo_offset = [360, 360] # in pixels
cm_per_pixel = 0.1
baudrate = 115200#9600###921600#

[setup]
label = "Crazy"

    [[setup.suns]]
    link_factor = 2
    green = 255
    width = 11
    [[setup.suns]]
    blue = 255
    link_factor = 1
    azimuth = 50
    [[setup.suns]]
    link_factor = 0
    azimuth = 100
    red = 255
    [[setup.suns]]
    link_factor = -1
    green = 255
    azimuth = 150
    red = 255
    [[setup.suns]]
    blue = 255
    link_factor = -2
    azimuth = 200
    red = 255
    [[setup.suns]]
    blue = 255
    link_factor = 0.5
    green = 255
    azimuth = 250
    [[setup.suns]]
    blue = 255
    link_factor = -0.5
    green = 255
    azimuth = 300
    red = 255

[experiment]
datetime = 2023-12-11T13:05:58.284Z

ms,x,y,θ,start1,stop1,start2,stop2,start3,stop3,start4,stop4,start5,stop5,start6,stop6,start7,stop7
513,,,,109,6,17,17,32,32,48,48,64,64,79,79,95,95
612,,,,109,6,17,17,32,32,48,48,64,64,79,79,95,95
709,,,,109,6,17,17,32,32,48,48,64,64,79,79,95,95
810,,,,109,6,17,17,32,32,48,48,64,64,79,79,95,95
915,,,,109,6,17,17,32,32,48,48,64,64,79,79,95,95
1016,,,,109,6,17,17,32,32,48,48,64,64,79,79,95,95
1114,,,,109,6,17,17,32,32,48,48,64,64,79,79,95,95
1214,,,,109,6,17,17,32,32,48,48,64,64,79,79,95,95
1315,,,,109,6,17,17,32,32,48,48,64,64,79,79,95,95
1425,,,,109,6,17,17,32,32,48,48,64,64,79,79,95,95
1509,,,,109,6,17,17,32,32,48,48,64,64,79,79,95,95
1609,,,,109,6,17,17,32,32,48,48,64,64,79,79,95,95
1711,,,,109,6,17,17,32,32,48,48,64,64,79,79,95,95
1808,,,,109,6,17,17,32,32,48,48,64,64,79,79,95,95
1907,,,,109,6,17,17,32,32,48,48,64,64,79,79,95,95
2010,,,,109,6,17,17,32,32,48,48,64,64,79,79,95,95
2108,,,,109,6,17,17,32,32,48,48,64,64,79,79,95,95
2211,,,,109,6,17,17,32,32,48,48,64,64,79,79,95,95
2311,,,,109,6,17,17,32,32,48,48,64,64,79,79,95,95
2419,,,,109,6,17,17,32,32,48,48,64,64,79,79,95,95
2510,,,,109,6,17,17,32,32,48,48,64,64,79,79,95,95
2611,,,,109,6,17,17,32,32,48,48,64,64,79,79,95,95
2711,,,,109,6,17,17,32,32,48,48,64,64,79,79,95,95
2811,,,,109,6,17,17,32,32,48,48,64,64,79,79,95,95
2911,,,,109,6,17,17,32,32,48,48,64,64,79,79,95,95
3012,,,,109,6,17,17,32,32,48,48,64,64,79,79,95,95
