[camera]
# width=480
# height=640
# width=720
# height=1280
# width=1536
# height=1024
# width=640
# height=480
# fps=30

[detection]
tag_pixel_width = 100
widen_radius = 15

[arena]
nleds = 113#198
ring_r = 30 # in cm
origo_offset = [360, 360] # in pixels
cm_per_pixel = 0.1
baudrate = 115200#9600###921600#

[setup]
label = "Crazy"

    [[setup.suns]]
    link_factor = 2
    green = 255
    width = 11
    [[setup.suns]]
    blue = 255
    link_factor = 1
    azimuth = 50
    [[setup.suns]]
    link_factor = 0
    azimuth = 100
    red = 255
    [[setup.suns]]
    link_factor = -1
    green = 255
    azimuth = 150
    red = 255
    [[setup.suns]]
    blue = 255
    link_factor = -2
    azimuth = 200
    red = 255
    [[setup.suns]]
    blue = 255
    link_factor = 0.5
    green = 255
    azimuth = 250
    [[setup.suns]]
    blue = 255
    link_factor = -0.5
    green = 255
    azimuth = 300
    red = 255

[experiment]
datetime = 2023-12-09T11:39:25.249Z

ms,x,y,θ,start1,stop1,start2,stop2,start3,stop3,start4,stop4,start5,stop5,start6,stop6,start7,stop7
3475,,,,109,6,17,17,32,32,48,48,64,64,79,79,95,95
3597,,,,109,6,17,17,32,32,48,48,64,64,79,79,95,95
3623,,,,109,6,17,17,32,32,48,48,64,64,79,79,95,95
3666,,,,109,6,17,17,32,32,48,48,64,64,79,79,95,95
3690,,,,109,6,17,17,32,32,48,48,64,64,79,79,95,95
3714,,,,109,6,17,17,32,32,48,48,64,64,79,79,95,95
3740,,,,109,6,17,17,32,32,48,48,64,64,79,79,95,95
3765,,,,109,6,17,17,32,32,48,48,64,64,79,79,95,95
3791,,,,109,6,17,17,32,32,48,48,64,64,79,79,95,95
3817,,,,109,6,17,17,32,32,48,48,64,64,79,79,95,95
3846,,,,109,6,17,17,32,32,48,48,64,64,79,79,95,95
3875,,,,109,6,17,17,32,32,48,48,64,64,79,79,95,95
3901,,,,109,6,17,17,32,32,48,48,64,64,79,79,95,95
3938,,,,109,6,17,17,32,32,48,48,64,64,79,79,95,95
3964,,,,109,6,17,17,32,32,48,48,64,64,79,79,95,95
3990,,,,109,6,17,17,32,32,48,48,64,64,79,79,95,95
4015,,,,109,6,17,17,32,32,48,48,64,64,79,79,95,95
4039,,,,109,6,17,17,32,32,48,48,64,64,79,79,95,95
4063,,,,109,6,17,17,32,32,48,48,64,64,79,79,95,95
4171,,,,58,68,104,104,32,32,74,74,2,2,67,67,108,108
4178,,,,58,68,104,104,32,32,74,74,2,2,67,67,108,108
4185,,,,58,68,104,104,32,32,74,74,2,2,67,67,108,108
4185,448.24052866178124,718.3300542824821,-1.4249273865613783,58,68,104,104,32,32,74,74,2,2,67,67,108,108
4193,441.88155001689563,659.186265706914,-1.5917904123636148,52,62,101,101,32,32,77,77,8,8,65,65,109,109
4197,441.7134517227746,657.498924590678,-1.672455713458862,49,59,100,100,32,32,78,78,11,11,64,64,110,110
4204,443.40864516437534,654.9612835645563,-1.6915986836689902,48,58,99,99,32,32,79,79,12,12,64,64,110,110
4210,444.7663182156329,650.6731549269939,-1.7410725211249052,46,56,98,98,32,32,79,79,13,13,64,64,111,111
4216,440.1205235307734,648.4812239421711,-1.9976610948228597,37,47,94,94,32,32,84,84,23,23,62,62,113,113
4222,438.74713200331036,645.8766741488657,-2.260977048762453,28,38,89,89,32,32,89,89,32,32,59,59,2,2
4228,440.0418429918987,644.9961406229479,-2.499794268079535,19,29,85,85,32,32,93,93,41,41,57,57,5,5
4275,439.5911945920659,644.0084650225742,-2.936246154168837,3,13,77,77,32,32,101,101,56,56,53,53,9,9
4375,438.0410514007166,643.5876743288328,2.9126793437862863,101,111,69,69,32,32,109,109,72,72,49,49,12,12
4475,,,,101,111,69,69,32,32,109,109,72,72,49,49,12,12
4576,,,,101,111,69,69,32,32,109,109,72,72,49,49,12,12
4678,449.28540690571606,633.5274203650146,2.176599469069644,74,84,56,56,32,32,9,9,98,98,43,43,19,19
4777,451.0219212936795,629.1641096775384,2.1346167949171004,73,83,55,55,32,32,10,10,100,100,42,42,19,19
4878,446.0465211848345,627.7056868056345,2.7472009283480894,95,105,66,66,32,32,112,112,78,78,48,48,14,14
4977,443.02032934879196,625.7415420447703,-2.7905586546790255,9,19,80,80,32,32,98,98,51,51,54,54,7,7
5077,,,,9,19,80,80,32,32,98,98,51,51,54,54,7,7
5178,436.3770111624203,623.800957903705,-1.5406575937457314,54,64,102,102,32,32,76,76,6,6,66,66,109,109
5277,435.38612430190574,620.4108775566581,-1.2782515261388192,63,73,107,107,32,32,71,71,110,110,68,68,107,107
5377,435.427839559682,617.2623194738667,-1.0641695756081695,71,81,111,111,32,32,67,67,102,102,70,70,105,105
5477,435.3599702382502,614.1461346656209,-0.9605346952945755,74,84,112,112,32,32,65,65,98,98,71,71,104,104
5577,436.36516814232175,610.8840895390805,-1.0030752755515473,73,83,112,112,32,32,66,66,100,100,70,70,104,104
5677,436.99692872086086,609.0880278755653,-1.049721897132008,71,81,111,111,32,32,67,67,102,102,70,70,105,105
5777,438.0627364942402,607.9868898876209,-1.1802654449314618,67,77,108,108,32,32,69,69,106,106,69,69,106,106
5877,440.84940986275274,607.3995975167271,-1.6420298248214888,50,60,100,100,32,32,78,78,10,10,65,65,110,110
5977,442.47699191746534,607.9327106138394,-2.0065690714848747,37,47,94,94,32,32,84,84,23,23,61,61,113,113
6077,443.7673877458301,609.8829074192157,-2.298138723533313,26,36,88,88,32,32,89,89,33,33,59,59,3,3
6177,444.3173214153374,611.3718217653848,-2.7010183339683067,12,22,81,81,32,32,97,97,48,48,55,55,6,6
6277,444.8705963673799,612.9770050719483,-3.020482710780034,113,10,75,75,32,32,102,102,59,59,52,52,9,9
6377,444.90241157868564,614.1730147304895,3.0362318866023235,105,2,71,71,32,32,106,106,68,68,50,50,11,11
6478,446.81206785034027,614.6272802747709,2.721998974663279,94,104,66,66,32,32,112,112,79,79,47,47,14,14
6577,447.183034125969,615.2485694725356,2.5257095533180944,87,97,62,62,32,32,3,3,86,86,46,46,16,16
6677,449.8898377209551,614.8568922734703,2.1613530841134336,74,84,56,56,32,32,9,9,99,99,42,42,19,19
6778,451.45768952268986,615.0512892596103,2.0045945498525537,68,78,53,53,32,32,12,12,105,105,41,41,21,21
6877,454.1751902309064,614.2919313942591,1.8045476213491352,61,71,49,49,32,32,16,16,112,112,39,39,22,22
6978,453.2844813610077,614.8104293760754,1.6523743869540644,55,65,46,46,32,32,18,18,4,4,38,38,24,24
7077,452.78907913163505,615.0058908103625,1.5497228505482772,52,62,45,45,32,32,20,20,8,8,37,37,25,25
7177,454.544111161279,613.9048245770012,1.44922479432551,48,58,43,43,32,32,22,22,12,12,36,36,26,26
7278,457.60835111759764,612.5150580403747,1.33586291276521,44,54,41,41,32,32,24,24,16,16,35,35,27,27
7378,460.34554178361816,611.14703003474,1.1055049721170604,36,46,37,37,32,32,28,28,24,24,33,33,29,29
7477,460.50229936341873,610.4703574293129,1.04101049889098,33,43,35,35,32,32,29,29,26,26,32,32,29,29
7578,463.0300358817829,608.0906302462444,0.9822629884415557,31,41,34,34,32,32,30,30,28,28,32,32,30,30
7678,467.4042180569015,605.4806298959013,0.8924650258023891,28,38,33,33,32,32,32,32,32,32,31,31,31,31
7778,470.8635252526698,603.7893161988195,0.6296937779952627,19,29,28,28,32,32,37,37,41,41,29,29,33,33
7877,,,,19,29,28,28,32,32,37,37,41,41,29,29,33,33
7977,,,,19,29,28,28,32,32,37,37,41,41,29,29,33,33
8077,,,,19,29,28,28,32,32,37,37,41,41,29,29,33,33
8178,,,,19,29,28,28,32,32,37,37,41,41,29,29,33,33
8279,,,,19,29,28,28,32,32,37,37,41,41,29,29,33,33
8380,,,,19,29,28,28,32,32,37,37,41,41,29,29,33,33
8480,,,,19,29,28,28,32,32,37,37,41,41,29,29,33,33
8582,,,,19,29,28,28,32,32,37,37,41,41,29,29,33,33
8697,,,,19,29,28,28,32,32,37,37,41,41,29,29,33,33
8784,,,,19,29,28,28,32,32,37,37,41,41,29,29,33,33
8885,,,,19,29,28,28,32,32,37,37,41,41,29,29,33,33
8987,,,,19,29,28,28,32,32,37,37,41,41,29,29,33,33
9087,,,,19,29,28,28,32,32,37,37,41,41,29,29,33,33
9189,,,,19,29,28,28,32,32,37,37,41,41,29,29,33,33
9290,,,,19,29,28,28,32,32,37,37,41,41,29,29,33,33
9392,,,,19,29,28,28,32,32,37,37,41,41,29,29,33,33
9493,,,,19,29,28,28,32,32,37,37,41,41,29,29,33,33
9593,,,,19,29,28,28,32,32,37,37,41,41,29,29,33,33
9695,,,,19,29,28,28,32,32,37,37,41,41,29,29,33,33
9796,,,,19,29,28,28,32,32,37,37,41,41,29,29,33,33
9898,,,,19,29,28,28,32,32,37,37,41,41,29,29,33,33
9998,,,,19,29,28,28,32,32,37,37,41,41,29,29,33,33
10099,,,,19,29,28,28,32,32,37,37,41,41,29,29,33,33
10203,,,,19,29,28,28,32,32,37,37,41,41,29,29,33,33
10303,,,,19,29,28,28,32,32,37,37,41,41,29,29,33,33
10404,,,,19,29,28,28,32,32,37,37,41,41,29,29,33,33
10509,,,,19,29,28,28,32,32,37,37,41,41,29,29,33,33
10606,,,,19,29,28,28,32,32,37,37,41,41,29,29,33,33
10710,,,,19,29,28,28,32,32,37,37,41,41,29,29,33,33
10815,,,,19,29,28,28,32,32,37,37,41,41,29,29,33,33
10912,,,,19,29,28,28,32,32,37,37,41,41,29,29,33,33
11018,,,,19,29,28,28,32,32,37,37,41,41,29,29,33,33
11113,,,,19,29,28,28,32,32,37,37,41,41,29,29,33,33
11212,,,,19,29,28,28,32,32,37,37,41,41,29,29,33,33
