[camera]
width=480
height=640
# width=720
# height=1280

[detection]
tag_pixel_width = 200
widen_radius = 15

[arena]
nleds = 198
ring_r = 3500.3 # in cm
origo_offset = [240, 320] # in pixels
cm_per_pixel = 2.2
baudrate = 9600##115200 #921600#

[setup]
label = "Two different suns"

    [[setup.suns]]
    link_factor = 1.5
    width = 11
    "θ" = 1.5707963267948966
    r = 5

        [setup.suns.color]
        r = 0.39215686274509803
        g = 1
        b = 0
    [[setup.suns]]
    link_factor = -0.8
    width = 3
    "θ" = 3.141592653589793
    r = 1

        [setup.suns.color]
        r = 0.1607843137254902
        g = 0.5019607843137255
        b = 1

[experiment]
datetime = 2023-12-05T12:46:36.421Z

ms,x,y,θ,start1,stop1,red1,green1,blue1,start2,stop2,red2,green2,blue2
52,165.53667906557718,266.63966713389414,1.3803914723597082,46,56,100,255,0,99,101,41,128,255
56,164.51468685059245,266.65330281277966,1.380000299482224,45,55,100,255,0,99,101,41,128,255
134,163.31032766076822,266.5390236487847,1.3911745663899413,46,56,100,255,0,99,101,41,128,255
217,163.07386508581578,266.6360430890693,1.416689926660067,47,57,100,255,0,98,100,41,128,255
296,163.12254804018846,266.71776147958025,1.4288427259436671,48,58,100,255,0,98,100,41,128,255
374,163.62087310115538,267.15624493761186,1.4678995596461708,50,60,100,255,0,97,99,41,128,255
456,163.41528654997236,267.39095792140034,1.485351111970139,50,60,100,255,0,96,98,41,128,255
534,163.6407882869152,268.2152646357466,1.5411127828591753,53,63,100,255,0,95,97,41,128,255
616,164.24303919365627,268.7601690296216,1.5991115604542214,56,66,100,255,0,93,95,41,128,255
696,165.00987877939835,268.3839633632499,1.692033359212219,60,70,100,255,0,91,93,41,128,255
775,164.6549841280978,268.03704690748873,1.8358976569318808,67,77,100,255,0,88,90,41,128,255
1014,162.81494103399746,268.49891645194657,2.1178150311631034,80,90,100,255,0,80,82,41,128,255
1174,164.01041239247718,267.5948453856132,2.137264447930699,81,91,100,255,0,80,82,41,128,255
1358,164.37267968664577,266.3367057590046,2.0458028462390225,77,87,100,255,0,82,84,41,128,255
1419,164.0031658923843,266.0457146353118,1.9525599883569031,73,83,100,255,0,85,87,41,128,255
1499,164.7053273507304,265.99185192781806,1.9767836859268308,74,84,100,255,0,84,86,41,128,255
1658,164.15814239871844,265.29217417533744,1.9256253800780445,71,81,100,255,0,85,87,41,128,255
1740,162.99008769949506,263.938505837043,1.7769743528951307,64,74,100,255,0,89,91,41,128,255
1819,161.71628669895838,262.53634607649104,1.541602529768407,53,63,100,255,0,95,97,41,128,255
1899,161.6000765400531,260.8718747411539,1.3048583703326475,42,52,100,255,0,101,103,41,128,255
1979,161.9248564129242,260.994310048382,0.9922802151938396,27,37,100,255,0,109,111,41,128,255
2221,158.75452666550552,260.84253183716925,0.1442471486181599,185,195,100,255,0,130,132,41,128,255
2300,158.18824113506454,259.1669335120627,-0.10157711814502637,173,183,100,255,0,136,138,41,128,255
2622,152.12930021865304,259.6678016674059,-1.3817741558728767,113,123,100,255,0,169,171,41,128,255
2699,152.28392464054292,259.92904667854975,-1.5787561976286804,104,114,100,255,0,174,176,41,128,255
2779,153.14260279872056,259.5940427838608,-1.6327174333612717,101,111,100,255,0,175,177,41,128,255
3259,169.79250254672266,266.35592636782934,0.8225990920954345,19,29,100,255,0,113,115,41,128,255
3501,169.0265511540405,270.951519240601,2.250876915958445,87,97,100,255,0,77,79,41,128,255
