[camera]
width=480
height=640
# width=720
# height=1280

[detection]
tag_pixel_width = 200
widen_radius = 15

[arena]
nleds = 100
ring_r = 3500.3 # in cm
origo_offset = [240, 320] # in pixels
cm_per_pixel = 2.2

[setup]
label = "Crazy"

    [[setup.suns]]
    link_factor = 2
    width = 1
    "θ" = 0
    r = 0

        [setup.suns.color]
        r = 0
        g = 1
        b = 0
    [[setup.suns]]
    link_factor = 1
    width = 1
    "θ" = 0.8726646259971648
    r = 0

        [setup.suns.color]
        r = 0
        g = 0
        b = 1
    [[setup.suns]]
    link_factor = 0
    width = 1
    "θ" = 1.7453292519943295
    r = 0

        [setup.suns.color]
        r = 1
        g = 0
        b = 0
    [[setup.suns]]
    link_factor = -1
    width = 1
    "θ" = 2.6179938779914944
    r = 0

        [setup.suns.color]
        r = 1
        g = 1
        b = 0
    [[setup.suns]]
    link_factor = -2
    width = 1
    "θ" = 3.490658503988659
    r = 0

        [setup.suns.color]
        r = 1
        g = 0
        b = 1
    [[setup.suns]]
    link_factor = 0.5
    width = 1
    "θ" = 4.363323129985824
    r = 0

        [setup.suns.color]
        r = 0
        g = 1
        b = 1
    [[setup.suns]]
    link_factor = -0.5
    width = 1
    "θ" = 5.235987755982989
    r = 0

        [setup.suns.color]
        r = 1
        g = 1
        b = 1

[experiment]
datetime = 2023-12-03T17:10:53.486Z

ms,x,y,θ,start1,stop1,red1,green1,blue1,start2,stop2,red2,green2,blue2,start3,stop3,red3,green3,blue3,start4,stop4,red4,green4,blue4,start5,stop5,red5,green5,blue5,start6,stop6,red6,green6,blue6,start7,stop7,red7,green7,blue7
1038,,,,1,1,0,255,0,15,15,0,0,255,29,29,255,0,0,43,43,255,255,0,57,57,255,0,255,70,70,0,255,255,84,84,255,255,255
6000,245.71486586506612,315.9647020790013,-0.9718350995602927,70,70,0,255,0,99,99,0,0,255,29,29,255,0,0,58,58,255,255,0,87,87,255,0,255,63,63,0,255,255,92,92,255,255,255
6240,251.10465366913772,314.18373488350926,-0.9409973313749449,71,71,0,255,0,100,100,0,0,255,29,29,255,0,0,58,58,255,255,0,87,87,255,0,255,63,63,0,255,255,92,92,255,255,255
6552,252.15095951424325,316.7983323368,-0.9490076673185506,71,71,0,255,0,100,100,0,0,255,29,29,255,0,0,58,58,255,255,0,87,87,255,0,255,63,63,0,255,255,92,92,255,255,255
6707,253.2290615056944,317.14843200491237,-0.9305604281616074,71,71,0,255,0,100,100,0,0,255,29,29,255,0,0,57,57,255,255,0,86,86,255,0,255,63,63,0,255,255,92,92,255,255,255
6864,254.70526227929716,317.77290579530836,-0.9310533499735374,71,71,0,255,0,100,100,0,0,255,29,29,255,0,0,57,57,255,255,0,86,86,255,0,255,63,63,0,255,255,92,92,255,255,255
7030,254.40197863920451,317.0973756056269,-0.9336870509382353,71,71,0,255,0,100,100,0,0,255,29,29,255,0,0,58,58,255,255,0,86,86,255,0,255,63,63,0,255,255,92,92,255,255,255
7173,253.27316937559456,316.872242744074,-0.8639076067625917,74,74,0,255,0,1,1,0,0,255,29,29,255,0,0,56,56,255,255,0,84,84,255,0,255,64,64,0,255,255,91,91,255,255,255
7331,255.29100468879815,316.8270030203544,-0.47053239571639804,86,86,0,255,0,7,7,0,0,255,29,29,255,0,0,50,50,255,255,0,72,72,255,0,255,67,67,0,255,255,88,88,255,255,255
7487,258.2342935337358,314.9609370687271,-0.14767477470861803,96,96,0,255,0,13,13,0,0,255,29,29,255,0,0,45,45,255,255,0,61,61,255,0,255,69,69,0,255,255,86,86,255,255,255
7799,255.95527210045822,317.729540755925,0.20718473685482522,8,8,0,255,0,18,18,0,0,255,29,29,255,0,0,39,39,255,255,0,50,50,255,0,255,72,72,0,255,255,83,83,255,255,255
7955,253.73044876303692,318.82565311833577,0.26596794005032587,9,9,0,255,0,19,19,0,0,255,29,29,255,0,0,38,38,255,255,0,48,48,255,0,255,73,73,0,255,255,82,82,255,255,255
8111,253.29362989219672,317.64654548820096,0.16973150123711886,6,6,0,255,0,18,18,0,0,255,29,29,255,0,0,40,40,255,255,0,51,51,255,0,255,72,72,0,255,255,83,83,255,255,255
8424,255.9004481180924,318.5369634141059,-0.06565555848531628,99,99,0,255,0,14,14,0,0,255,29,29,255,0,0,44,44,255,255,0,59,59,255,0,255,70,70,0,255,255,85,85,255,255,255
8579,257.06611899540394,318.7281276586802,-0.07438128327738495,99,99,0,255,0,14,14,0,0,255,29,29,255,0,0,44,44,255,255,0,59,59,255,0,255,70,70,0,255,255,85,85,255,255,255
8736,255.93114270251925,318.61288555774496,-0.05893904645701012,99,99,0,255,0,14,14,0,0,255,29,29,255,0,0,44,44,255,255,0,58,58,255,0,255,70,70,0,255,255,85,85,255,255,255
8891,253.6343839300228,318.4418046477614,-0.056716300857474936,99,99,0,255,0,14,14,0,0,255,29,29,255,0,0,44,44,255,255,0,58,58,255,0,255,70,70,0,255,255,85,85,255,255,255
9047,252.26505936288862,318.09576289450604,-0.09132382598897282,98,98,0,255,0,13,13,0,0,255,29,29,255,0,0,44,44,255,255,0,59,59,255,0,255,70,70,0,255,255,85,85,255,255,255
9360,252.17280533624762,313.489699180145,-0.08222327200782316,98,98,0,255,0,14,14,0,0,255,29,29,255,0,0,44,44,255,255,0,59,59,255,0,255,70,70,0,255,255,85,85,255,255,255
9515,250.68947786228998,313.26253191217666,-0.06367602658139128,99,99,0,255,0,14,14,0,0,255,29,29,255,0,0,44,44,255,255,0,59,59,255,0,255,70,70,0,255,255,85,85,255,255,255
9671,251.49014317581702,314.0240883156705,-0.1038345151534577,98,98,0,255,0,13,13,0,0,255,29,29,255,0,0,44,44,255,255,0,60,60,255,0,255,70,70,0,255,255,85,85,255,255,255
9827,252.74721622851064,313.55572687278976,-0.11423522758949475,97,97,0,255,0,13,13,0,0,255,29,29,255,0,0,44,44,255,255,0,60,60,255,0,255,70,70,0,255,255,85,85,255,255,255
9984,252.8964150196679,311.79787077618556,-0.12619109381614346,97,97,0,255,0,13,13,0,0,255,29,29,255,0,0,45,45,255,255,0,61,61,255,0,255,69,69,0,255,255,85,85,255,255,255
10139,252.76154002033272,311.49739053246697,-0.08946092909008684,98,98,0,255,0,13,13,0,0,255,29,29,255,0,0,44,44,255,255,0,59,59,255,0,255,70,70,0,255,255,85,85,255,255,255
10296,251.1555643417539,315.25649144163464,0.11705278441938687,5,5,0,255,0,17,17,0,0,255,29,29,255,0,0,41,41,255,255,0,53,53,255,0,255,71,71,0,255,255,83,83,255,255,255
10608,250.2462759870318,322.3313134030767,0.711681446348855,24,24,0,255,0,26,26,0,0,255,29,29,255,0,0,31,31,255,255,0,34,34,255,0,255,76,76,0,255,255,79,79,255,255,255
10764,249.12517209572135,323.0039484398634,0.927824844790711,31,31,0,255,0,30,30,0,0,255,29,29,255,0,0,28,28,255,255,0,27,27,255,0,255,78,78,0,255,255,77,77,255,255,255
10920,249.34796805424935,322.66217461784356,1.150319303928816,38,38,0,255,0,33,33,0,0,255,29,29,255,0,0,24,24,255,255,0,20,20,255,0,255,80,80,0,255,255,75,75,255,255,255
11076,248.8936473449407,324.5858176885663,1.471754876855161,48,48,0,255,0,38,38,0,0,255,29,29,255,0,0,19,19,255,255,0,10,10,255,0,255,82,82,0,255,255,73,73,255,255,255
11545,246.52233090003998,324.9635558836568,2.3190413841432895,75,75,0,255,0,52,52,0,0,255,29,29,255,0,0,6,6,255,255,0,83,83,255,0,255,89,89,0,255,255,66,66,255,255,255
11856,246.61307351418384,324.37238421555156,2.898607033817278,93,93,0,255,0,61,61,0,0,255,29,29,255,0,0,97,97,255,255,0,64,64,255,0,255,94,94,0,255,255,61,61,255,255,255
12011,245.66379356750525,324.3174630727349,-3.083302152235441,3,3,0,255,0,66,66,0,0,255,29,29,255,0,0,92,92,255,255,0,55,55,255,0,255,96,96,0,255,255,59,59,255,255,255
13109,256.00496116166846,375.8911234120865,-1.5884879045926035,50,50,0,255,0,90,90,0,0,255,29,29,255,0,0,68,68,255,255,0,7,7,255,0,255,8,8,0,255,255,47,47,255,255,255
13259,256.1239225158874,378.4778936816192,-1.517397851253572,53,53,0,255,0,91,91,0,0,255,29,29,255,0,0,67,67,255,255,0,5,5,255,0,255,8,8,0,255,255,46,46,255,255,255
16694,231.12229649069687,417.37526279733567,0.11802173392119503,5,5,0,255,0,17,17,0,0,255,29,29,255,0,0,41,41,255,255,0,53,53,255,0,255,21,21,0,255,255,33,33,255,255,255
17002,232.30219481231262,416.7280844603814,0.09924291728520068,4,4,0,255,0,16,16,0,0,255,29,29,255,0,0,41,41,255,255,0,53,53,255,0,255,21,21,0,255,255,34,34,255,255,255
17314,234.82082890542577,417.00573360766236,-0.001635719150691379,1,1,0,255,0,15,15,0,0,255,29,29,255,0,0,43,43,255,255,0,57,57,255,0,255,20,20,0,255,255,34,34,255,255,255
17470,237.62872137860933,417.1831067060465,-0.13521068228772098,97,97,0,255,0,13,13,0,0,255,29,29,255,0,0,45,45,255,255,0,61,61,255,0,255,19,19,0,255,255,35,35,255,255,255
18122,238.70785857841864,417.01039197197304,-0.20805308333300213,94,94,0,255,0,12,12,0,0,255,29,29,255,0,0,46,46,255,255,0,63,63,255,0,255,19,19,0,255,255,36,36,255,255,255
18138,236.92363567525788,415.4186550073016,-0.7416037102735463,77,77,0,255,0,3,3,0,0,255,29,29,255,0,0,54,54,255,255,0,80,80,255,0,255,15,15,0,255,255,40,40,255,255,255
18268,235.94943539452626,416.0368057535888,-0.9252569642484658,72,72,0,255,0,100,100,0,0,255,29,29,255,0,0,57,57,255,255,0,86,86,255,0,255,13,13,0,255,255,42,42,255,255,255
18721,238.0397752479377,414.1954168985113,-1.5522463487211111,52,52,0,255,0,90,90,0,0,255,29,29,255,0,0,67,67,255,255,0,6,6,255,0,255,8,8,0,255,255,47,47,255,255,255
18875,237.7546424643978,414.2074668630132,-1.6735587132928844,48,48,0,255,0,88,88,0,0,255,29,29,255,0,0,69,69,255,255,0,10,10,255,0,255,7,7,0,255,255,48,48,255,255,255
19031,237.97360034460138,414.5761916544051,-1.9291059013691731,40,40,0,255,0,84,84,0,0,255,29,29,255,0,0,73,73,255,255,0,18,18,255,0,255,5,5,0,255,255,50,50,255,255,255
19657,237.35570611186964,413.01577196204653,-2.94595471451628,7,7,0,255,0,68,68,0,0,255,29,29,255,0,0,90,90,255,255,0,50,50,255,0,255,97,97,0,255,255,58,58,255,255,255
19811,236.96509068595122,413.21289489313426,-3.049708273482515,4,4,0,255,0,66,66,0,0,255,29,29,255,0,0,91,91,255,255,0,54,54,255,0,255,96,96,0,255,255,59,59,255,255,255
19968,238.97232342151923,412.4442461940919,2.937566516684316,95,95,0,255,0,62,62,0,0,255,29,29,255,0,0,96,96,255,255,0,63,63,255,0,255,94,94,0,255,255,61,61,255,255,255
22320,243.1369776629854,333.8840105664589,-0.7401048390095325,77,77,0,255,0,3,3,0,0,255,29,29,255,0,0,54,54,255,255,0,80,80,255,0,255,15,15,0,255,255,40,40,255,255,255
24668,242.0685147139028,318.01240202566413,-1.329979773601171,59,59,0,255,0,94,94,0,0,255,29,29,255,0,0,64,64,255,255,0,99,99,255,0,255,10,10,0,255,255,45,45,255,255,255
24956,242.4094418675686,315.61114905626374,-1.5832257603050053,51,51,0,255,0,90,90,0,0,255,29,29,255,0,0,68,68,255,255,0,7,7,255,0,255,8,8,0,255,255,47,47,255,255,255
25112,242.25244486203846,315.4572596846493,-1.693310784887073,47,47,0,255,0,88,88,0,0,255,29,29,255,0,0,70,70,255,255,0,10,10,255,0,255,7,7,0,255,255,48,48,255,255,255
25268,242.52244165043817,315.24042501458587,-1.8655797651982662,42,42,0,255,0,85,85,0,0,255,29,29,255,0,0,72,72,255,255,0,16,16,255,0,255,6,6,0,255,255,49,49,255,255,255
27923,253.36497379256465,265.40309027827277,1.904512797812597,62,62,0,255,0,45,45,0,0,255,29,29,255,0,0,12,12,255,255,0,96,96,255,0,255,86,86,0,255,255,69,69,255,255,255
31822,282.9981366970743,319.0703291355452,1.0759771720011384,35,35,0,255,0,32,32,0,0,255,29,29,255,0,0,26,26,255,255,0,22,22,255,0,255,79,79,0,255,255,76,76,255,255,255
31974,283.2118077318145,316.80181934639097,1.1177458281929895,37,37,0,255,0,33,33,0,0,255,29,29,255,0,0,25,25,255,255,0,21,21,255,0,255,79,79,0,255,255,75,75,255,255,255
32286,282.6948650103455,311.03535653472704,1.12761016002987,37,37,0,255,0,33,33,0,0,255,29,29,255,0,0,25,25,255,255,0,21,21,255,0,255,79,79,0,255,255,75,75,255,255,255
32601,278.80262558810824,306.7085601678177,1.1110720287537614,36,36,0,255,0,33,33,0,0,255,29,29,255,0,0,25,25,255,255,0,21,21,255,0,255,79,79,0,255,255,75,75,255,255,255
32756,278.3649392951901,306.74321381607706,1.1031861864116095,36,36,0,255,0,32,32,0,0,255,29,29,255,0,0,25,25,255,255,0,21,21,255,0,255,79,79,0,255,255,76,76,255,255,255
32912,277.68158868506106,307.1090892735456,1.1048789028472565,36,36,0,255,0,32,32,0,0,255,29,29,255,0,0,25,25,255,255,0,21,21,255,0,255,79,79,0,255,255,76,76,255,255,255
33067,278.3104214262908,307.25950361786647,1.1258523339118673,37,37,0,255,0,33,33,0,0,255,29,29,255,0,0,25,25,255,255,0,21,21,255,0,255,79,79,0,255,255,75,75,255,255,255
