[camera]
# width=480
# height=640
width=720
height=1280

[detection]
tag_pixel_width = 200
widen_radius = 15

[arena]
nleds = 100
ring_r = 3500.3 # in cm
origo_offset = [240, 320] # in pixels
cm_per_pixel = 2.2

[setup]
label = "Crazy"

    [[setup.suns]]
    link_factor = 2
    width = 11
    "θ" = 0
    r = 5

        [setup.suns.color]
        r = 0
        g = 1
        b = 0
    [[setup.suns]]
    link_factor = 1
    width = 1
    "θ" = 0.8726646259971648
    r = 0

        [setup.suns.color]
        r = 0
        g = 0
        b = 1
    [[setup.suns]]
    link_factor = 0
    width = 1
    "θ" = 1.7453292519943295
    r = 0

        [setup.suns.color]
        r = 1
        g = 0
        b = 0
    [[setup.suns]]
    link_factor = -1
    width = 1
    "θ" = 2.6179938779914944
    r = 0

        [setup.suns.color]
        r = 1
        g = 1
        b = 0
    [[setup.suns]]
    link_factor = -2
    width = 1
    "θ" = 3.490658503988659
    r = 0

        [setup.suns.color]
        r = 1
        g = 0
        b = 1
    [[setup.suns]]
    link_factor = 0.5
    width = 1
    "θ" = 4.363323129985824
    r = 0

        [setup.suns.color]
        r = 0
        g = 1
        b = 1
    [[setup.suns]]
    link_factor = -0.5
    width = 1
    "θ" = 5.235987755982989
    r = 0

        [setup.suns.color]
        r = 1
        g = 1
        b = 1

[experiment]
datetime = 2023-12-04T11:06:03.991Z

ms,x,y,θ,start1,stop1,red1,green1,blue1,start2,stop2,red2,green2,blue2,start3,stop3,red3,green3,blue3,start4,stop4,red4,green4,blue4,start5,stop5,red5,green5,blue5,start6,stop6,red6,green6,blue6,start7,stop7,red7,green7,blue7
0,,,,-4,6,0,255,0,15,15,0,0,255,29,29,255,0,0,43,43,255,255,0,57,57,255,0,255,70,70,0,255,255,84,84,255,255,255
