[camera]
width=480
height=640
# width=720
# height=1280

[detection]
tag_pixel_width = 200
widen_radius = 15

[arena]
nleds = 113#198
ring_r = 3500.3 # in cm
origo_offset = [240, 320] # in pixels
cm_per_pixel = 2.2
baudrate = 9600##115200 #921600#

[setup]
label = "Two different suns"

    [[setup.suns]]
    link_factor = 1.5
    width = 11
    "θ" = 1.5707963267948966
    r = 5

        [setup.suns.color]
        r = 0.39215686274509803
        g = 1
        b = 0
    [[setup.suns]]
    link_factor = -0.8
    width = 3
    "θ" = 3.141592653589793
    r = 1

        [setup.suns.color]
        r = 0.1607843137254902
        g = 0.5019607843137255
        b = 1

[experiment]
datetime = 2023-12-05T19:13:45.433Z

ms,x,y,θ,start1,stop1,red1,green1,blue1,start2,stop2,red2,green2,blue2
45,,,,24,34,100,255,0,56,58,41,128,255
10865,197.44978498160208,304.26633468646645,1.3048430882616828,59,69,100,255,0,38,40,41,128,255
19217,227.82849788831862,325.54068293501416,-0.14546149325219399,20,30,100,255,0,59,61,41,128,255
19676,226.0222788883687,327.0609561694706,-0.10843803740172953,21,31,100,255,0,58,60,41,128,255
19832,226.6129645845181,326.84925916154407,0.0011889702939200857,24,34,100,255,0,56,58,41,128,255
31386,203.9714022100428,449.1100509161466,1.581054239923461,67,77,100,255,0,34,36,41,128,255
31532,202.98895752113776,447.03752063502816,1.7135431305610171,70,80,100,255,0,32,34,41,128,255
31688,203.20069549164535,447.047780058547,1.762160699454968,72,82,100,255,0,31,33,41,128,255
32314,53.19917934686106,626.9906779415292,-0.1487867532737258,20,30,100,255,0,59,61,41,128,255
