[camera]
# width=480
# height=640
width=720
height=1280

[detection]
tag_pixel_width = 200
widen_radius = 15

[arena]
nleds = 100
ring_r = 3500.3 # in cm
origo_offset = [240, 320] # in pixels
cm_per_pixel = 2.2

[setup]
label = "Crazy"

    [[setup.suns]]
    link_factor = 2
    width = 11
    "θ" = 0
    r = 5

        [setup.suns.color]
        r = 0
        g = 1
        b = 0
    [[setup.suns]]
    link_factor = 1
    width = 1
    "θ" = 0.8726646259971648
    r = 0

        [setup.suns.color]
        r = 0
        g = 0
        b = 1
    [[setup.suns]]
    link_factor = 0
    width = 1
    "θ" = 1.7453292519943295
    r = 0

        [setup.suns.color]
        r = 1
        g = 0
        b = 0
    [[setup.suns]]
    link_factor = -1
    width = 1
    "θ" = 2.6179938779914944
    r = 0

        [setup.suns.color]
        r = 1
        g = 1
        b = 0
    [[setup.suns]]
    link_factor = -2
    width = 1
    "θ" = 3.490658503988659
    r = 0

        [setup.suns.color]
        r = 1
        g = 0
        b = 1
    [[setup.suns]]
    link_factor = 0.5
    width = 1
    "θ" = 4.363323129985824
    r = 0

        [setup.suns.color]
        r = 0
        g = 1
        b = 1
    [[setup.suns]]
    link_factor = -0.5
    width = 1
    "θ" = 5.235987755982989
    r = 0

        [setup.suns.color]
        r = 1
        g = 1
        b = 1

[experiment]
datetime = 2023-12-04T10:48:20.785Z

ms,x,y,θ,start1,stop1,red1,green1,blue1,start2,stop2,red2,green2,blue2,start3,stop3,red3,green3,blue3,start4,stop4,red4,green4,blue4,start5,stop5,red5,green5,blue5,start6,stop6,red6,green6,blue6,start7,stop7,red7,green7,blue7
1175,,,,-4,6,0,255,0,15,15,0,0,255,29,29,255,0,0,43,43,255,255,0,57,57,255,0,255,70,70,0,255,255,84,84,255,255,255
3315,482.655590797272,625.5435712971486,2.2235126290561245,67,77,0,255,0,50,50,0,0,255,29,29,255,0,0,7,7,255,255,0,86,86,255,0,255,88,88,0,255,255,67,67,255,255,255
3324,476.55333917983637,666.6432063200696,2.223809453393737,67,77,0,255,0,50,50,0,0,255,29,29,255,0,0,7,7,255,255,0,86,86,255,0,255,88,88,0,255,255,67,67,255,255,255
3404,467.3942819503409,686.314158440271,2.2023671522033483,66,76,0,255,0,50,50,0,0,255,29,29,255,0,0,8,8,255,255,0,86,86,255,0,255,88,88,0,255,255,67,67,255,255,255
3503,470.4961093365019,689.070100106855,2.2024377916748703,66,76,0,255,0,50,50,0,0,255,29,29,255,0,0,8,8,255,255,0,86,86,255,0,255,88,88,0,255,255,67,67,255,255,255
3605,472.1351244377706,681.2944074878449,2.1919647902944934,66,76,0,255,0,50,50,0,0,255,29,29,255,0,0,8,8,255,255,0,87,87,255,0,255,88,88,0,255,255,67,67,255,255,255
3704,470.1614869118839,682.719018958071,2.2329496627115097,67,77,0,255,0,50,50,0,0,255,29,29,255,0,0,7,7,255,255,0,85,85,255,0,255,88,88,0,255,255,67,67,255,255,255
3803,469.1121580810691,696.0388266153811,2.474686192946012,75,85,0,255,0,54,54,0,0,255,29,29,255,0,0,3,3,255,255,0,78,78,255,0,255,90,90,0,255,255,65,65,255,255,255
3899,464.7220337091434,712.5288122331878,2.8327916167251646,86,96,0,255,0,60,60,0,0,255,29,29,255,0,0,98,98,255,255,0,66,66,255,0,255,93,93,0,255,255,62,62,255,255,255
4001,465.2572552797043,716.8891240056182,-2.9849890217204873,1,11,0,255,0,67,67,0,0,255,29,29,255,0,0,90,90,255,255,0,52,52,255,0,255,97,97,0,255,255,58,58,255,255,255
4100,454.1658784461838,709.1751705709808,-2.744333169116747,9,19,0,255,0,71,71,0,0,255,29,29,255,0,0,86,86,255,255,0,44,44,255,0,255,99,99,0,255,255,56,56,255,255,255
4200,441.93975773677766,704.7310001184564,-2.537313475446785,15,25,0,255,0,75,75,0,0,255,29,29,255,0,0,83,83,255,255,0,37,37,255,0,255,100,100,0,255,255,55,55,255,255,255
4311,446.4471791073028,706.1354110700978,-2.5138952239739485,16,26,0,255,0,75,75,0,0,255,29,29,255,0,0,83,83,255,255,0,37,37,255,0,255,100,100,0,255,255,54,54,255,255,255
4399,447.56510542009636,708.011423019804,-2.649384634186524,12,22,0,255,0,73,73,0,0,255,29,29,255,0,0,85,85,255,255,0,41,41,255,0,255,99,99,0,255,255,55,55,255,255,255
4499,449.1674013798746,700.4712947575315,-2.9564439222725802,2,12,0,255,0,68,68,0,0,255,29,29,255,0,0,90,90,255,255,0,51,51,255,0,255,97,97,0,255,255,58,58,255,255,255
4599,444.91193981024287,701.368647775699,2.965265509435699,90,100,0,255,0,62,62,0,0,255,29,29,255,0,0,95,95,255,255,0,62,62,255,0,255,94,94,0,255,255,61,61,255,255,255
4700,439.2119698739432,699.9995401339908,2.567660043140852,78,88,0,255,0,56,56,0,0,255,29,29,255,0,0,2,2,255,255,0,75,75,255,0,255,91,91,0,255,255,64,64,255,255,255
4808,440.7607538207192,697.9723714284432,2.1551766738582936,65,75,0,255,0,49,49,0,0,255,29,29,255,0,0,8,8,255,255,0,88,88,255,0,255,88,88,0,255,255,67,67,255,255,255
4900,446.3245392326695,698.3850890114876,1.787862024258264,53,63,0,255,0,43,43,0,0,255,29,29,255,0,0,14,14,255,255,0,100,100,255,0,255,85,85,0,255,255,70,70,255,255,255
5004,453.94546462314275,688.9217133983982,1.4034653912666653,41,51,0,255,0,37,37,0,0,255,29,29,255,0,0,20,20,255,255,0,12,12,255,0,255,82,82,0,255,255,73,73,255,255,255
5116,465.43298272022355,685.4854047327118,1.2178879364535762,35,45,0,255,0,34,34,0,0,255,29,29,255,0,0,23,23,255,255,0,18,18,255,0,255,80,80,0,255,255,75,75,255,255,255
5199,466.21975407766377,701.1703986304667,1.3931429213136914,40,50,0,255,0,37,37,0,0,255,29,29,255,0,0,20,20,255,255,0,12,12,255,0,255,82,82,0,255,255,73,73,255,255,255
