[camera]
# width=480
# height=640
width=720
height=1280

[detection]
tag_pixel_width = 200
widen_radius = 15

[arena]
nleds = 113#198
ring_r = 3500.3 # in cm
origo_offset = [240, 320] # in pixels
cm_per_pixel = 2.2
baudrate = 9600##115200 #921600#

[setup]
label = "One stationary sun"

    [[setup.suns]]
    link_factor = 0
    width = 1
    "θ" = 0
    r = 0

        [setup.suns.color]
        r = 0
        g = 1
        b = 0

[experiment]
datetime = 2023-12-05T19:22:55.805Z

ms,x,y,θ,start1,stop1,red1,green1,blue1
1098,,,,1,1,0,255,0
