[camera]
# width=480
# height=640
width=720
height=1280

[detection]
tag_pixel_width = 200
widen_radius = 15

[arena]
nleds = 113#198
ring_r = 3500.3 # in cm
origo_offset = [240, 320] # in pixels
cm_per_pixel = 2.2
baudrate = 9600##115200 #921600#

[setup]
label = "Crazy"

    [[setup.suns]]
    link_factor = 2
    width = 11
    "θ" = 0
    r = 5

        [setup.suns.color]
        r = 0
        g = 1
        b = 0
    [[setup.suns]]
    link_factor = 1
    width = 1
    "θ" = 0.8726646259971648
    r = 0

        [setup.suns.color]
        r = 0
        g = 0
        b = 1
    [[setup.suns]]
    link_factor = 0
    width = 1
    "θ" = 1.7453292519943295
    r = 0

        [setup.suns.color]
        r = 1
        g = 0
        b = 0
    [[setup.suns]]
    link_factor = -1
    width = 1
    "θ" = 2.6179938779914944
    r = 0

        [setup.suns.color]
        r = 1
        g = 1
        b = 0
    [[setup.suns]]
    link_factor = -2
    width = 1
    "θ" = 3.490658503988659
    r = 0

        [setup.suns.color]
        r = 1
        g = 0
        b = 1
    [[setup.suns]]
    link_factor = 0.5
    width = 1
    "θ" = 4.363323129985824
    r = 0

        [setup.suns.color]
        r = 0
        g = 1
        b = 1
    [[setup.suns]]
    link_factor = -0.5
    width = 1
    "θ" = 5.235987755982989
    r = 0

        [setup.suns.color]
        r = 1
        g = 1
        b = 1

[experiment]
datetime = 2023-12-05T19:23:31.856Z

ms,x,y,θ,start1,stop1,red1,green1,blue1,start2,stop2,red2,green2,blue2,start3,stop3,red3,green3,blue3,start4,stop4,red4,green4,blue4,start5,stop5,red5,green5,blue5,start6,stop6,red6,green6,blue6,start7,stop7,red7,green7,blue7
2,,,,-4,6,0,255,0,17,17,0,0,255,32,32,255,0,0,48,48,255,255,0,64,64,255,0,255,79,79,0,255,255,95,95,255,255,255
2238,303.7050843647194,753.789993690425,-0.08924363610396802,100,110,0,255,0,69,69,0,0,255,32,32,255,0,0,109,109,255,255,0,73,73,255,0,255,105,105,0,255,255,69,69,255,255,255
2322,310.30324089476096,760.1093739651662,0.06388427699698498,105,115,0,255,0,71,71,0,0,255,32,32,255,0,0,106,106,255,255,0,67,67,255,0,255,107,107,0,255,255,68,68,255,255,255
2419,308.8317950388218,762.2271730648459,0.13307711684368112,108,118,0,255,0,73,73,0,0,255,32,32,255,0,0,105,105,255,255,0,65,65,255,0,255,107,107,0,255,255,67,67,255,255,255
2522,304.25180188511365,762.4990052018687,0.20484560783051908,-3,7,0,255,0,74,74,0,0,255,32,32,255,0,0,104,104,255,255,0,62,62,255,0,255,108,108,0,255,255,67,67,255,255,255
2623,303.8621201947419,763.6090880897806,0.24578817948640266,-1,9,0,255,0,75,75,0,0,255,32,32,255,0,0,103,103,255,255,0,61,61,255,0,255,108,108,0,255,255,66,66,255,255,255
2722,304.96587752670575,764.1477679034086,0.4667675116832317,7,17,0,255,0,79,79,0,0,255,32,32,255,0,0,99,99,255,255,0,53,53,255,0,255,110,110,0,255,255,64,64,255,255,255
2823,307.7640303860992,763.4537955132599,0.8993719087159494,22,32,0,255,0,86,86,0,0,255,32,32,255,0,0,91,91,255,255,0,37,37,255,0,255,1,1,0,255,255,60,60,255,255,255
2920,308.31425951652795,761.7355167537951,1.1659640322519804,32,42,0,255,0,91,91,0,0,255,32,32,255,0,0,87,87,255,255,0,28,28,255,0,255,4,4,0,255,255,58,58,255,255,255
3027,308.90245586324534,760.8907650662114,1.444185259204883,42,52,0,255,0,96,96,0,0,255,32,32,255,0,0,82,82,255,255,0,18,18,255,0,255,6,6,0,255,255,55,55,255,255,255
3120,309.47882142969735,759.8834605018798,1.7954322270177505,55,65,0,255,0,103,103,0,0,255,32,32,255,0,0,75,75,255,255,0,5,5,255,0,255,9,9,0,255,255,52,52,255,255,255
3220,311.0314792853625,759.0984945794847,2.119212133279598,66,76,0,255,0,108,108,0,0,255,32,32,255,0,0,69,69,255,255,0,106,106,255,0,255,12,12,0,255,255,49,49,255,255,255
3320,314.2202670213834,759.1695554245255,2.4061750733789093,77,87,0,255,0,1,1,0,0,255,32,32,255,0,0,64,64,255,255,0,96,96,255,0,255,15,15,0,255,255,47,47,255,255,255
3420,315.7385373121026,760.1753288307362,2.6793505972285114,86,96,0,255,0,5,5,0,0,255,32,32,255,0,0,59,59,255,255,0,86,86,255,0,255,17,17,0,255,255,44,44,255,255,255
3520,316.3181331303601,760.7250400468305,3.035602014474077,99,109,0,255,0,12,12,0,0,255,32,32,255,0,0,53,53,255,255,0,74,74,255,0,255,21,21,0,255,255,41,41,255,255,255
3619,315.92401749960135,760.3087916434888,-2.9293772176866164,-2,8,0,255,0,18,18,0,0,255,32,32,255,0,0,47,47,255,255,0,62,62,255,0,255,23,23,0,255,255,38,38,255,255,255
3723,315.91506087906373,759.5756665667088,-2.6375235698931387,8,18,0,255,0,23,23,0,0,255,32,32,255,0,0,42,42,255,255,0,52,52,255,0,255,26,26,0,255,255,36,36,255,255,255
3819,317.3742669034385,758.022938769635,-2.3049925175478583,20,30,0,255,0,29,29,0,0,255,32,32,255,0,0,36,36,255,255,0,40,40,255,0,255,29,29,0,255,255,33,33,255,255,255
3923,319.86083732552686,756.2309516466266,-1.9562041521205824,33,43,0,255,0,35,35,0,0,255,32,32,255,0,0,30,30,255,255,0,27,27,255,0,255,32,32,0,255,255,29,29,255,255,255
4022,322.1543802862477,754.6628680396028,-1.6989974402631707,42,52,0,255,0,40,40,0,0,255,32,32,255,0,0,25,25,255,255,0,18,18,255,0,255,34,34,0,255,255,27,27,255,255,255
4122,324.0448653189168,753.3902194737859,-1.5142557680858784,49,59,0,255,0,43,43,0,0,255,32,32,255,0,0,22,22,255,255,0,11,11,255,0,255,36,36,0,255,255,26,26,255,255,255
4220,323.4001528866244,753.3900489182807,-1.5807686956485665,46,56,0,255,0,42,42,0,0,255,32,32,255,0,0,23,23,255,255,0,14,14,255,0,255,36,36,0,255,255,26,26,255,255,255
4322,321.34513103323684,755.3281838756344,-1.9354312303339012,33,43,0,255,0,35,35,0,0,255,32,32,255,0,0,29,29,255,255,0,26,26,255,0,255,32,32,0,255,255,29,29,255,255,255
4422,321.29440626566725,756.3659929538738,-2.1744863138818644,25,35,0,255,0,31,31,0,0,255,32,32,255,0,0,34,34,255,255,0,35,35,255,0,255,30,30,0,255,255,31,31,255,255,255
4522,319.0447937106009,758.6572332343753,-2.5384282345619886,12,22,0,255,0,25,25,0,0,255,32,32,255,0,0,40,40,255,255,0,48,48,255,0,255,27,27,0,255,255,35,35,255,255,255
4620,317.90846407380434,760.6651100143938,-2.9409715058784425,-3,7,0,255,0,17,17,0,0,255,32,32,255,0,0,47,47,255,255,0,62,62,255,0,255,23,23,0,255,255,38,38,255,255,255
4723,319.2656713953976,761.004809898715,3.0950403640314446,101,111,0,255,0,13,13,0,0,255,32,32,255,0,0,52,52,255,255,0,71,71,255,0,255,21,21,0,255,255,41,41,255,255,255
4822,319.8324597253197,762.2267769452588,2.8375327967401796,92,102,0,255,0,8,8,0,0,255,32,32,255,0,0,57,57,255,255,0,81,81,255,0,255,19,19,0,255,255,43,43,255,255,255
4924,319.69035593892374,763.6416324036591,2.6307006827750756,85,95,0,255,0,5,5,0,0,255,32,32,255,0,0,60,60,255,255,0,88,88,255,0,255,17,17,0,255,255,45,45,255,255,255
5024,317.3623499482958,764.7928827876417,2.349383915196708,75,85,0,255,0,112,112,0,0,255,32,32,255,0,0,65,65,255,255,0,98,98,255,0,255,14,14,0,255,255,47,47,255,255,255
5121,315.8215764854117,765.749990514902,2.023363827415248,63,73,0,255,0,107,107,0,0,255,32,32,255,0,0,71,71,255,255,0,110,110,255,0,255,11,11,0,255,255,50,50,255,255,255
5222,315.74656174784707,766.3040953976991,1.6916017649665893,51,61,0,255,0,101,101,0,0,255,32,32,255,0,0,77,77,255,255,0,9,9,255,0,255,8,8,0,255,255,53,53,255,255,255
5322,315.80433769951895,766.0644706936789,1.4340347487819374,42,52,0,255,0,96,96,0,0,255,32,32,255,0,0,82,82,255,255,0,18,18,255,0,255,6,6,0,255,255,55,55,255,255,255
5422,315.4396563438953,766.2176673773344,1.1604960636026698,32,42,0,255,0,91,91,0,0,255,32,32,255,0,0,87,87,255,255,0,28,28,255,0,255,4,4,0,255,255,58,58,255,255,255
5524,314.75825252065397,766.7826364438595,0.8066148591564187,19,29,0,255,0,85,85,0,0,255,32,32,255,0,0,93,93,255,255,0,41,41,255,0,255,113,113,0,255,255,61,61,255,255,255
5623,313.5858466647953,766.2000828903899,0.5133409804645103,9,19,0,255,0,79,79,0,0,255,32,32,255,0,0,98,98,255,255,0,51,51,255,0,255,111,111,0,255,255,64,64,255,255,255
5721,311.63073255752494,765.6166269640739,0.1612016304317909,-4,6,0,255,0,73,73,0,0,255,32,32,255,0,0,105,105,255,255,0,64,64,255,0,255,108,108,0,255,255,67,67,255,255,255
5820,310.70392409925427,766.1279957439635,-0.03706103105492492,102,112,0,255,0,70,70,0,0,255,32,32,255,0,0,108,108,255,255,0,71,71,255,0,255,106,106,0,255,255,69,69,255,255,255
5920,308.05374285987216,766.2775922208973,-0.1877861769786293,96,106,0,255,0,67,67,0,0,255,32,32,255,0,0,111,111,255,255,0,76,76,255,0,255,105,105,0,255,255,70,70,255,255,255
6020,305.65178558063803,766.2614476503642,-0.3004600531812312,92,102,0,255,0,65,65,0,0,255,32,32,255,0,0,113,113,255,255,0,80,80,255,0,255,104,104,0,255,255,71,71,255,255,255
6128,306.44350719417235,766.1594189246023,-0.35571206895698715,90,100,0,255,0,64,64,0,0,255,32,32,255,0,0,1,1,255,255,0,82,82,255,0,255,103,103,0,255,255,72,72,255,255,255
6224,309.3207910012442,765.9656846073476,-0.24455540048300922,94,104,0,255,0,66,66,0,0,255,32,32,255,0,0,112,112,255,255,0,78,78,255,0,255,104,104,0,255,255,71,71,255,255,255
6320,311.23079333610025,765.6990088805891,-0.11062500120365261,99,109,0,255,0,68,68,0,0,255,32,32,255,0,0,110,110,255,255,0,74,74,255,0,255,105,105,0,255,255,69,69,255,255,255
6424,311.7909689367307,765.3447066582678,0.14490860482995768,108,118,0,255,0,73,73,0,0,255,32,32,255,0,0,105,105,255,255,0,64,64,255,0,255,108,108,0,255,255,67,67,255,255,255
6520,313.19328965870704,765.2606237847099,0.4331985586113967,6,16,0,255,0,78,78,0,0,255,32,32,255,0,0,100,100,255,255,0,54,54,255,0,255,110,110,0,255,255,64,64,255,255,255
6623,313.159017116143,765.6076103578405,0.6607280469318738,14,24,0,255,0,82,82,0,0,255,32,32,255,0,0,96,96,255,255,0,46,46,255,0,255,112,112,0,255,255,62,62,255,255,255
6720,313.18715353427797,765.9228464061538,0.9010841637109547,22,32,0,255,0,86,86,0,0,255,32,32,255,0,0,91,91,255,255,0,37,37,255,0,255,1,1,0,255,255,60,60,255,255,255
6820,313.2720607419991,766.4201327730947,1.2125514159976971,34,44,0,255,0,92,92,0,0,255,32,32,255,0,0,86,86,255,255,0,26,26,255,0,255,4,4,0,255,255,57,57,255,255,255
6920,315.2324435993212,766.0318063268069,1.6092751040719058,48,58,0,255,0,99,99,0,0,255,32,32,255,0,0,79,79,255,255,0,12,12,255,0,255,8,8,0,255,255,54,54,255,255,255
7020,315.13006476173655,764.8343391210819,1.7949470098677083,55,65,0,255,0,103,103,0,0,255,32,32,255,0,0,75,75,255,255,0,5,5,255,0,255,9,9,0,255,255,52,52,255,255,255
7123,314.4995491988236,762.402873708433,2.03426249146753,63,73,0,255,0,107,107,0,0,255,32,32,255,0,0,71,71,255,255,0,110,110,255,0,255,12,12,0,255,255,50,50,255,255,255
7220,313.3784270812478,760.8945889573693,2.3168499503549507,73,83,0,255,0,112,112,0,0,255,32,32,255,0,0,66,66,255,255,0,99,99,255,0,255,14,14,0,255,255,48,48,255,255,255
7319,313.37967452179623,759.832751541438,2.667943176827446,86,96,0,255,0,5,5,0,0,255,32,32,255,0,0,60,60,255,255,0,87,87,255,0,255,17,17,0,255,255,44,44,255,255,255
7420,313.72280405400215,758.6863130993688,3.0035469273936006,98,108,0,255,0,11,11,0,0,255,32,32,255,0,0,54,54,255,255,0,75,75,255,0,255,20,20,0,255,255,41,41,255,255,255
7519,312.47066202224596,757.3346987088177,-3.121963053874513,104,114,0,255,0,14,14,0,0,255,32,32,255,0,0,51,51,255,255,0,69,69,255,0,255,22,22,0,255,255,40,40,255,255,255
7623,312.1131333251787,756.6689987548041,-2.9073195122019007,-1,9,0,255,0,18,18,0,0,255,32,32,255,0,0,47,47,255,255,0,61,61,255,0,255,24,24,0,255,255,38,38,255,255,255
7721,313.8074142094388,754.0812265804943,-2.403543361405498,17,27,0,255,0,27,27,0,0,255,32,32,255,0,0,38,38,255,255,0,43,43,255,0,255,28,28,0,255,255,34,34,255,255,255
7821,313.7068157374871,752.6507251348787,-2.1459286697225055,26,36,0,255,0,32,32,0,0,255,32,32,255,0,0,33,33,255,255,0,34,34,255,0,255,30,30,0,255,255,31,31,255,255,255
7920,313.4802239129401,751.8501021139055,-1.8910222215671386,35,45,0,255,0,36,36,0,0,255,32,32,255,0,0,29,29,255,255,0,25,25,255,0,255,33,33,0,255,255,29,29,255,255,255
8021,313.8309569513843,750.3050272406634,-1.7433274460237445,40,50,0,255,0,39,39,0,0,255,32,32,255,0,0,26,26,255,255,0,19,19,255,0,255,34,34,0,255,255,28,28,255,255,255
8125,315.3658434555854,749.2405132573167,-1.6610636307936575,43,53,0,255,0,40,40,0,0,255,32,32,255,0,0,24,24,255,255,0,16,16,255,0,255,35,35,0,255,255,27,27,255,255,255
8220,315.59864115388854,747.586133395248,-1.5333477410837124,48,58,0,255,0,43,43,0,0,255,32,32,255,0,0,22,22,255,255,0,12,12,255,0,255,36,36,0,255,255,26,26,255,255,255
8320,316.47848568089853,745.3036035798167,-1.3763425829068232,54,64,0,255,0,45,45,0,0,255,32,32,255,0,0,19,19,255,255,0,6,6,255,0,255,37,37,0,255,255,24,24,255,255,255
8419,317.76931761799983,743.1676417784669,-1.1993924319266398,60,70,0,255,0,49,49,0,0,255,32,32,255,0,0,16,16,255,255,0,113,113,255,0,255,39,39,0,255,255,23,23,255,255,255
8520,318.52455284029145,740.7503912277598,-1.0686092382328805,65,75,0,255,0,51,51,0,0,255,32,32,255,0,0,14,14,255,255,0,108,108,255,0,255,40,40,0,255,255,22,22,255,255,255
8622,319.98828302147825,739.5244323752232,-1.0363122795405,66,76,0,255,0,52,52,0,0,255,32,32,255,0,0,13,13,255,255,0,107,107,255,0,255,40,40,0,255,255,21,21,255,255,255
8724,318.476709641202,739.5014739273136,-1.1062728643689757,63,73,0,255,0,50,50,0,0,255,32,32,255,0,0,14,14,255,255,0,109,109,255,0,255,40,40,0,255,255,22,22,255,255,255
8824,317.1188522454681,740.4958908401568,-1.2870503404600124,57,67,0,255,0,47,47,0,0,255,32,32,255,0,0,18,18,255,255,0,3,3,255,0,255,38,38,0,255,255,23,23,255,255,255
8924,316.79913223346387,740.5061454186084,-1.498200027271347,49,59,0,255,0,43,43,0,0,255,32,32,255,0,0,21,21,255,255,0,11,11,255,0,255,36,36,0,255,255,25,25,255,255,255
9024,317.2440936056585,741.7617316452452,-1.7963280650693791,38,48,0,255,0,38,38,0,0,255,32,32,255,0,0,27,27,255,255,0,21,21,255,0,255,34,34,0,255,255,28,28,255,255,255
9124,315.36455686315975,744.0257055210186,-2.1936001735647643,24,34,0,255,0,31,31,0,0,255,32,32,255,0,0,34,34,255,255,0,36,36,255,0,255,30,30,0,255,255,32,32,255,255,255
9228,314.263612578274,745.3085818953389,-2.5137868086633293,13,23,0,255,0,25,25,0,0,255,32,32,255,0,0,40,40,255,255,0,47,47,255,0,255,27,27,0,255,255,34,34,255,255,255
9324,314.7704088669258,746.9497774946365,-2.797373285320554,2,12,0,255,0,20,20,0,0,255,32,32,255,0,0,45,45,255,255,0,57,57,255,0,255,25,25,0,255,255,37,37,255,255,255
9423,314.6896210559903,749.1016139203202,-3.135034458230955,103,113,0,255,0,14,14,0,0,255,32,32,255,0,0,51,51,255,255,0,69,69,255,0,255,22,22,0,255,255,40,40,255,255,255
9523,313.75192041764217,749.8212610983851,2.8483239874746045,93,103,0,255,0,8,8,0,0,255,32,32,255,0,0,56,56,255,255,0,80,80,255,0,255,19,19,0,255,255,43,43,255,255,255
9625,312.02343163919363,750.6652782853915,2.542038788152202,82,92,0,255,0,3,3,0,0,255,32,32,255,0,0,62,62,255,255,0,91,91,255,0,255,16,16,0,255,255,46,46,255,255,255
9725,310.46982397121633,751.1662022069049,2.2513999746408246,71,81,0,255,0,111,111,0,0,255,32,32,255,0,0,67,67,255,255,0,102,102,255,0,255,13,13,0,255,255,48,48,255,255,255
9824,309.6542442991411,751.1662117758005,1.9522140554391745,60,70,0,255,0,105,105,0,0,255,32,32,255,0,0,72,72,255,255,0,112,112,255,0,255,11,11,0,255,255,51,51,255,255,255
9924,310.83788011535864,749.9053048658748,1.8288852930385093,56,66,0,255,0,103,103,0,0,255,32,32,255,0,0,75,75,255,255,0,4,4,255,0,255,10,10,0,255,255,52,52,255,255,255
10024,308.7330695082448,747.3407484358326,1.5905364333950682,47,57,0,255,0,99,99,0,0,255,32,32,255,0,0,79,79,255,255,0,12,12,255,0,255,8,8,0,255,255,54,54,255,255,255
