[camera]
width=480
height=640
# width=720
# height=1280

[detection]
tag_pixel_width = 200
widen_radius = 15

[arena]
nleds = 198
ring_r = 3500.3 # in cm
origo_offset = [240, 320] # in pixels
cm_per_pixel = 2.2
baudrate = 9600##115200 #921600#

[setup]
label = "Crazy"

    [[setup.suns]]
    link_factor = 2
    width = 11
    "θ" = 0
    r = 5

        [setup.suns.color]
        r = 0
        g = 1
        b = 0
    [[setup.suns]]
    link_factor = 1
    width = 1
    "θ" = 0.8726646259971648
    r = 0

        [setup.suns.color]
        r = 0
        g = 0
        b = 1
    [[setup.suns]]
    link_factor = 0
    width = 1
    "θ" = 1.7453292519943295
    r = 0

        [setup.suns.color]
        r = 1
        g = 0
        b = 0
    [[setup.suns]]
    link_factor = -1
    width = 1
    "θ" = 2.6179938779914944
    r = 0

        [setup.suns.color]
        r = 1
        g = 1
        b = 0
    [[setup.suns]]
    link_factor = -2
    width = 1
    "θ" = 3.490658503988659
    r = 0

        [setup.suns.color]
        r = 1
        g = 0
        b = 1
    [[setup.suns]]
    link_factor = 0.5
    width = 1
    "θ" = 4.363323129985824
    r = 0

        [setup.suns.color]
        r = 0
        g = 1
        b = 1
    [[setup.suns]]
    link_factor = -0.5
    width = 1
    "θ" = 5.235987755982989
    r = 0

        [setup.suns.color]
        r = 1
        g = 1
        b = 1

[experiment]
datetime = 2023-12-05T11:17:37.836Z

ms,x,y,θ,start1,stop1,red1,green1,blue1,start2,stop2,red2,green2,blue2,start3,stop3,red3,green3,blue3,start4,stop4,red4,green4,blue4,start5,stop5,red5,green5,blue5,start6,stop6,red6,green6,blue6,start7,stop7,red7,green7,blue7
9,,,,-4,6,0,255,0,29,29,0,0,255,56,56,255,0,0,84,84,255,255,0,111,111,255,0,255,139,139,0,255,255,166,166,255,255,255
78,286.6324460729251,338.2091618053073,0.3863032900662872,157,167,0,255,0,10,10,0,0,255,56,56,255,0,0,102,102,255,255,0,148,148,255,0,255,129,129,0,255,255,175,175,255,255,255
267,284.13057212684623,334.9255568457218,-0.11661603845277513,125,135,0,255,0,192,192,0,0,255,56,56,255,0,0,118,118,255,255,0,180,180,255,0,255,121,121,0,255,255,183,183,255,255,255
300,284.46298796967926,335.0425175645429,-0.1468016988695378,123,133,0,255,0,191,191,0,0,255,56,56,255,0,0,119,119,255,255,0,182,182,255,0,255,121,121,0,255,255,184,184,255,255,255
410,284.3926271585826,335.12506295918934,-0.14299896224375516,123,133,0,255,0,191,191,0,0,255,56,56,255,0,0,119,119,255,255,0,182,182,255,0,255,121,121,0,255,255,184,184,255,255,255
548,283.85041642954525,334.8506511872764,-0.17057738386559707,122,132,0,255,0,190,190,0,0,255,56,56,255,0,0,120,120,255,255,0,183,183,255,0,255,120,120,0,255,255,184,184,255,255,255
