[camera]
width=720#480
height=1280#640

[detection]
tag_pixel_width = 200
widen_radius = 15

[arena]
nleds = 100
ring_r = 3500.3 # in cm
origo_offset = [240, 320] # in pixels
cm_per_pixel = 2.2

[setup]
label = "Crazy"

    [[setup.suns]]
    link_factor = 2
    width = 1
    "θ" = 0
    r = 0

        [setup.suns.color]
        r = 0
        g = 1
        b = 0
    [[setup.suns]]
    link_factor = 1
    width = 1
    "θ" = 0.8726646259971648
    r = 0

        [setup.suns.color]
        r = 0
        g = 0
        b = 1
    [[setup.suns]]
    link_factor = 0
    width = 1
    "θ" = 1.7453292519943295
    r = 0

        [setup.suns.color]
        r = 1
        g = 0
        b = 0
    [[setup.suns]]
    link_factor = -1
    width = 1
    "θ" = 2.6179938779914944
    r = 0

        [setup.suns.color]
        r = 1
        g = 1
        b = 0
    [[setup.suns]]
    link_factor = -2
    width = 1
    "θ" = 3.490658503988659
    r = 0

        [setup.suns.color]
        r = 1
        g = 0
        b = 1
    [[setup.suns]]
    link_factor = 0.5
    width = 1
    "θ" = 4.363323129985824
    r = 0

        [setup.suns.color]
        r = 0
        g = 1
        b = 1
    [[setup.suns]]
    link_factor = -0.5
    width = 1
    "θ" = 5.235987755982989
    r = 0

        [setup.suns.color]
        r = 1
        g = 1
        b = 1

[experiment]
datetime = 2023-12-01T15:57:45.893Z

ms,x,y,θ,start1,stop1,red1,green1,blue1,start2,stop2,red2,green2,blue2,start3,stop3,red3,green3,blue3,start4,stop4,red4,green4,blue4,start5,stop5,red5,green5,blue5,start6,stop6,red6,green6,blue6,start7,stop7,red7,green7,blue7
29,,,,1,1,0,255,0,15,15,0,0,255,29,29,255,0,0,43,43,255,255,0,57,57,255,0,255,70,70,0,255,255,84,84,255,255,255
1532,343.5910247331412,666.8222169034663,-1.7457744910866395,45,45,0,255,0,87,87,0,0,255,29,29,255,0,0,70,70,255,255,0,12,12,255,0,255,57,57,0,255,255,98,98,255,255,255
1542,364.7985466816348,673.8041628500321,-1.5844514213700531,51,51,0,255,0,90,90,0,0,255,29,29,255,0,0,68,68,255,255,0,7,7,255,0,255,58,58,0,255,255,97,97,255,255,255
1650,376.7786300026813,670.8723089212424,-1.2213445429591783,62,62,0,255,0,95,95,0,0,255,29,29,255,0,0,62,62,255,255,0,95,95,255,0,255,61,61,0,255,255,94,94,255,255,255
1733,383.1752277609113,660.0098462138608,-0.8343309976237885,74,74,0,255,0,2,2,0,0,255,29,29,255,0,0,56,56,255,255,0,83,83,255,0,255,64,64,0,255,255,91,91,255,255,255
1848,380.845907917784,652.3354290464858,-0.5957586172287266,82,82,0,255,0,5,5,0,0,255,29,29,255,0,0,52,52,255,255,0,76,76,255,0,255,66,66,0,255,255,89,89,255,255,255
1934,372.8842957052742,654.333941518572,-0.0929468475717608,98,98,0,255,0,13,13,0,0,255,29,29,255,0,0,44,44,255,255,0,60,60,255,0,255,70,70,0,255,255,85,85,255,255,255
2048,369.9917503616706,647.3153259053354,0.6142783040391856,21,21,0,255,0,25,25,0,0,255,29,29,255,0,0,33,33,255,255,0,37,37,255,0,255,75,75,0,255,255,79,79,255,255,255
2130,383.34019051455624,639.5678676474146,0.8989620046311806,30,30,0,255,0,29,29,0,0,255,29,29,255,0,0,28,28,255,255,0,28,28,255,0,255,78,78,0,255,255,77,77,255,255,255
2236,376.08890932779497,627.9547232303635,0.7019343279417323,23,23,0,255,0,26,26,0,0,255,29,29,255,0,0,31,31,255,255,0,34,34,255,0,255,76,76,0,255,255,79,79,255,255,255
2329,375.02870822496754,619.8838807947741,0.3979417337025352,14,14,0,255,0,21,21,0,0,255,29,29,255,0,0,36,36,255,255,0,44,44,255,0,255,74,74,0,255,255,81,81,255,255,255
2435,374.7311900673003,604.6140957455852,0.04974589171405085,3,3,0,255,0,16,16,0,0,255,29,29,255,0,0,42,42,255,255,0,55,55,255,0,255,71,71,0,255,255,84,84,255,255,255
2534,364.2740083478402,598.0200535336782,-0.4909312989061418,85,85,0,255,0,7,7,0,0,255,29,29,255,0,0,50,50,255,255,0,72,72,255,0,255,67,67,0,255,255,88,88,255,255,255
2632,350.6180344915692,605.5366240461975,-1.2995334919563506,60,60,0,255,0,94,94,0,0,255,29,29,255,0,0,63,63,255,255,0,98,98,255,0,255,60,60,0,255,255,95,95,255,255,255
2830,365.3522622345424,624.5288477970508,-2.5141312796476294,21,21,0,255,0,75,75,0,0,255,29,29,255,0,0,83,83,255,255,0,37,37,255,0,255,50,50,0,255,255,4,4,255,255,255
2934,349.416889049433,621.3708671943562,-2.651167164907798,17,17,0,255,0,73,73,0,0,255,29,29,255,0,0,85,85,255,255,0,41,41,255,0,255,49,49,0,255,255,5,5,255,255,255
