t,x,y,θ,led
2023-09-21T12:38:02.026,,,,[94]
2023-09-21T12:38:02.163,,,,[94]
2023-09-21T12:38:02.166,267.79160037446525,249.320243945674,-0.9560864957671253,[87]
2023-09-21T12:38:02.168,267.5084940496874,249.8637825630015,-1.0448606040570547,[86]
2023-09-21T12:38:02.170,266.3768189261388,250.16998474693295,-1.1968171994939352,[83]
2023-09-21T12:38:02.189,265.0194258771196,250.5561674712688,-1.3490302193983963,[81]
2023-09-21T12:38:02.225,264.09217428420334,251.2793699635109,-1.401038460533807,[80]
2023-09-21T12:38:02.257,,,,[80]
2023-09-21T12:38:02.290,262.7001605502976,252.9457713890465,-1.5571302164600487,[78]
2023-09-21T12:38:02.325,261.841721464756,253.61771721706083,-1.6484409908277506,[77]
2023-09-21T12:38:02.357,,,,[77]
2023-09-21T12:38:02.404,260.94115522416064,255.35940418065783,-1.7171361255652604,[76]
2023-09-21T12:38:02.425,260.6560248014078,255.6269053155494,-1.7246581195006454,[76]
2023-09-21T12:38:02.457,,,,[76]
2023-09-21T12:38:02.490,,,,[76]
2023-09-21T12:38:02.522,261.7090856376161,255.73165764373152,-1.4181830738271977,[80]
2023-09-21T12:38:02.558,,,,[80]
2023-09-21T12:38:02.589,261.4651162739609,255.33009632961264,-1.340411093091226,[81]
2023-09-21T12:38:02.625,262.294132944089,256.1956610009833,-1.2690504138266803,[82]
2023-09-21T12:38:02.657,,,,[82]
2023-09-21T12:38:02.689,,,,[82]
2023-09-21T12:38:02.722,,,,[82]
2023-09-21T12:38:02.758,265.4251759853704,256.84020762346125,-0.2576103049658838,[97]
2023-09-21T12:38:02.790,265.86577659140397,257.02182421081227,-0.1132980788431523,[99]
2023-09-21T12:38:02.825,,,,[99]
2023-09-21T12:38:02.858,265.534378224119,256.70611024363495,0.25498685805929744,[4]
2023-09-21T12:38:02.902,265.2782784667333,256.5192435658974,0.4076028274896699,[6]
2023-09-21T12:38:02.922,265.5215915126618,256.4336427922516,0.5293210309520249,[8]
2023-09-21T12:38:02.957,265.88681170169644,256.90081639034173,0.7236845009439639,[11]
2023-09-21T12:38:02.990,265.92094080403433,257.2301850859696,0.9553875586357414,[14]
2023-09-21T12:38:03.025,265.9188693300514,257.4077747934291,1.1300906540841547,[17]
2023-09-21T12:38:03.057,265.80223372336735,257.70042430974814,1.2963712164316423,[19]
2023-09-21T12:38:03.089,265.8723930067821,258.3738967931893,1.5401810640996225,[23]
2023-09-21T12:38:03.121,266.18588204544636,259.19615610360063,1.8016172689240744,[26]
2023-09-21T12:38:03.157,266.2103046786476,259.66458077982315,2.005246279050744,[29]
2023-09-21T12:38:03.189,,,,[29]
2023-09-21T12:38:03.226,,,,[29]
2023-09-21T12:38:03.258,266.340661789913,259.9296300836714,2.4052601218247003,[35]
2023-09-21T12:38:03.289,,,,[35]
2023-09-21T12:38:03.322,,,,[35]
2023-09-21T12:38:03.358,266.4786383813497,260.58914393324596,2.72030808025577,[39]
2023-09-21T12:38:03.393,266.3866470987907,260.14895245946406,2.7658239307191144,[40]
2023-09-21T12:38:03.425,266.87741810097344,260.1439654482589,2.8939996977771507,[42]
2023-09-21T12:38:03.458,267.7800023466551,259.9198440098694,3.064309111324138,[44]
2023-09-21T12:38:03.489,,,,[44]
2023-09-21T12:38:03.522,269.2834661704669,259.132424981577,-2.9520353612487744,[48]
2023-09-21T12:38:03.558,269.47259065546825,259.00139072970956,-2.8628846494591116,[49]
2023-09-21T12:38:03.590,,,,[49]
2023-09-21T12:38:03.626,269.1257832220416,258.3954328732131,-2.8101823456476764,[50]
2023-09-21T12:38:03.658,269.04217815815406,258.15322720302294,-2.792742789866736,[50]
2023-09-21T12:38:03.689,268.8560147215783,258.33510876770333,-2.830769680107208,[50]
2023-09-21T12:38:03.722,268.5810794485251,258.68507910901,-2.9902185667834957,[48]
2023-09-21T12:38:03.757,267.4876791140055,259.21581437784903,3.1351500931836385,[45]
2023-09-21T12:38:03.789,267.3524929596234,259.556106019747,2.970279682608003,[43]
2023-09-21T12:38:03.825,,,,[43]
2023-09-21T12:38:03.858,,,,[43]
2023-09-21T12:38:03.893,,,,[43]
2023-09-21T12:38:03.922,266.1093167938523,259.2366888255832,2.2680872673228847,[33]
2023-09-21T12:38:03.957,265.4509403156086,259.09897730707445,2.0944645864333515,[31]
2023-09-21T12:38:03.989,264.9708237807256,259.06360749509724,1.9127612021486617,[28]
2023-09-21T12:38:04.025,264.3928900913116,259.3177194977482,1.773386623300395,[26]
2023-09-21T12:38:04.057,263.0978368873762,259.2269320115032,1.5601477616906057,[23]
2023-09-21T12:38:04.090,262.20523873345525,258.4598888933146,1.334504703653601,[20]
2023-09-21T12:38:04.122,261.3717469991664,258.27919806642547,1.1547755296680562,[17]
2023-09-21T12:38:04.158,260.3810159156795,258.17033687649825,0.9501167493081056,[14]
2023-09-21T12:38:04.190,259.617737722436,258.0520056228182,0.7621735343471047,[11]
2023-09-21T12:38:04.225,258.4624039571808,257.6453772401533,0.5528239038658429,[8]
2023-09-21T12:38:04.258,257.45689082253483,257.27408665458165,0.33031829599611023,[5]
2023-09-21T12:38:04.290,256.3969920409175,256.84880909600776,0.09393375183978227,[2]
2023-09-21T12:38:04.321,255.61292263533448,256.35915603536114,-0.12721113199330172,[99]
2023-09-21T12:38:04.357,254.32287292164978,255.43299903904608,-0.36091199706662974,[95]
2023-09-21T12:38:04.392,253.68082361113287,255.19055627383423,-0.5376629410195025,[93]
2023-09-21T12:38:04.426,,,,[93]
2023-09-21T12:38:04.458,251.94930950883213,255.21717802939077,-0.8300243938519354,[89]
2023-09-21T12:38:04.490,251.16770944964645,254.8905721524626,-0.9956211019763964,[86]
2023-09-21T12:38:04.522,250.45652201500423,254.36631128687458,-1.2044516255356896,[83]
2023-09-21T12:38:04.557,,,,[83]
2023-09-21T12:38:04.590,248.6692017943845,253.69327286344873,-1.6358962399746386,[77]
2023-09-21T12:38:04.625,248.33825046250934,253.21510153552333,-1.835903318950555,[74]
2023-09-21T12:38:04.657,,,,[74]
2023-09-21T12:38:04.689,,,,[74]
2023-09-21T12:38:04.721,247.69889910845245,252.19357046789762,-2.2183786902134557,[69]
2023-09-21T12:38:04.757,,,,[69]
2023-09-21T12:38:04.789,,,,[69]
2023-09-21T12:38:04.825,,,,[69]
2023-09-21T12:38:04.860,249.32475356841144,251.96931533862104,-2.169774080910629,[69]
2023-09-21T12:38:04.889,,,,[69]
2023-09-21T12:38:04.922,250.86480593984788,252.3485819892138,-1.9927981729847895,[72]
2023-09-21T12:38:04.957,251.0371646584103,251.9900798038351,-1.9739014144883567,[72]
2023-09-21T12:38:04.989,251.08585215818584,251.60139802177645,-1.971959894398118,[72]
2023-09-21T12:38:05.026,251.10665123404272,251.10715230620036,-1.9890439076372313,[72]
2023-09-21T12:38:05.057,251.6608097509695,250.91367923693622,-1.9645820396783167,[72]
2023-09-21T12:38:05.089,252.28363069163998,250.7471880341821,-1.9172546397927661,[73]
2023-09-21T12:38:05.121,252.7800001947414,250.55006029013364,-1.8848574732120058,[74]
2023-09-21T12:38:05.157,253.09833813467404,250.14386643743904,-1.8814706812256894,[74]
2023-09-21T12:38:05.190,253.27429876303398,249.99541754675266,-1.872230282646529,[74]
2023-09-21T12:38:05.225,253.5744951115659,249.66571143276678,-1.8871357165185956,[73]
2023-09-21T12:38:05.258,253.8690770389438,249.26417121299806,-1.8810666164525514,[74]
2023-09-21T12:38:05.289,254.13372288450444,248.98680030246842,-1.8625287368587957,[74]
2023-09-21T12:38:05.322,254.32279218954494,248.9109479024007,-1.8477956797977861,[74]
2023-09-21T12:38:05.361,254.4821299552393,248.60469446262786,-1.8326685569046306,[74]
2023-09-21T12:38:05.390,,,,[74]
2023-09-21T12:38:05.426,254.68924694023306,248.28296628174354,-1.7415648150213772,[76]
