[camera]
width=480
height=640

[client]
fps = 10

[detection]
tag_pixel_width = 200
widen_radius = 15


[arena]
nleds = 100
ring_r = 350.3 # in cm
origo_offset = [240, 320] # in pixels
cm_per_pixel = 2.2
time,x,y,θ,leds
2023-11-23T15:23:02.853,317.65016859808037,597.960860069917,-1.8531716805112046,"64,72,235,237,0"
2023-11-23T15:23:02.941,313.49977841094494,567.3231120546319,-1.853347960552761,"64,72,235,237,0"
2023-11-23T15:23:03.039,309.760088766694,543.2030159395891,-1.8435144653854736,"64,72,235,237,0"
2023-11-23T15:23:03.139,304.946059704235,523.6053035065256,-1.832232069587747,"64,72,235,237,0"
2023-11-23T15:23:03.239,300.93218555423505,504.99683705289914,-1.8371137197662797,"64,72,235,237,0"
2023-11-23T15:23:03.353,298.43113933406926,487.93333830746974,-1.829796235443362,"65,73,235,237,0"
2023-11-23T15:23:03.451,295.2026563722128,472.6448659720444,-1.8231862418794922,"65,73,235,237,0"
2023-11-23T15:23:03.539,291.1821954457979,455.3806011543345,-1.812166916561889,"65,73,235,237,0"
2023-11-23T15:23:03.645,288.73951001067496,434.87713827753635,-1.8083071401656012,"65,73,235,237,0"
2023-11-23T15:23:03.766,290.5875366724788,412.58331349754417,-1.7954300098858291,"65,73,235,237,0"
2023-11-23T15:23:03.848,291.88086956122584,393.82063657036133,-1.7898315377725917,"65,73,235,237,0"
2023-11-23T15:23:03.981,291.49992482468895,377.2571193613851,-1.777103824266298,"65,73,235,237,0"
2023-11-23T15:23:04.040,290.53864028008854,361.83592345655586,-1.776703190655431,"65,73,235,237,0"
2023-11-23T15:23:04.157,293.29430744912247,338.75989751853524,-1.757259257822316,"66,74,235,237,0"
2023-11-23T15:23:04.241,294.74872995048065,320.57579481571895,-1.7540683494470153,"66,74,235,237,0"
2023-11-23T15:23:04.352,295.5011800913648,308.58712470228045,-1.7463244873054018,"66,74,235,237,0"
2023-11-23T15:23:04.439,293.27236188744143,307.71730669616846,-1.736084374719003,"66,74,235,237,0"
2023-11-23T15:23:04.554,286.0146904914426,317.25877473874505,-1.7477290870294329,"66,74,235,237,0"
2023-11-23T15:23:04.636,271.2825465780441,331.0131699142478,-1.7375825496822739,"66,74,235,237,0"
2023-11-23T15:23:04.740,247.09266459835774,348.06604301308863,-1.7396676836036102,"66,74,235,237,0"
2023-11-23T15:23:04.852,224.99640112421048,362.22010289076394,-1.7424623647906274,"66,74,235,237,0"
2023-11-23T15:23:04.953,212.00420276533308,369.0351139343749,-1.7460883268259986,"66,74,235,237,0"
2023-11-23T15:23:05.054,204.56578963586,374.89747751361585,-1.7554621267339299,"66,74,235,237,0"
2023-11-23T15:23:05.135,202.356663937527,377.8863258996213,-1.7587724539000953,"66,74,235,237,0"
2023-11-23T15:23:05.255,204.77024416352552,376.86891241996955,-1.7517109863875402,"66,74,235,237,0"
2023-11-23T15:23:05.357,208.67368026223843,374.40019970649894,-1.7602158775245034,"66,74,235,237,0"
2023-11-23T15:23:05.449,211.61610510823837,372.79106810055407,-1.7617049829832307,"66,74,235,237,0"
2023-11-23T15:23:05.535,214.1365758396744,375.26737610975897,-1.7633827327736913,"65,73,235,237,0"
2023-11-23T15:23:05.637,218.0910013880459,376.2770969938647,-1.7684709544837631,"65,73,235,237,0"
2023-11-23T15:23:05.745,221.99209229740052,376.8647540547264,-1.774223912616776,"65,73,235,237,0"
2023-11-23T15:23:05.835,223.04164880260115,382.8694381412389,-1.7725512457636314,"65,73,235,237,0"
2023-11-23T15:23:05.932,221.48614596444165,390.2936057996526,-1.785674372243687,"65,73,235,237,0"
2023-11-23T15:23:06.035,220.44937992218357,392.3318880311962,-1.7857843285106734,"65,73,235,237,0"
2023-11-23T15:23:06.134,219.4408579785739,392.84209821733566,-1.7813865962243363,"65,73,235,237,0"
2023-11-23T15:23:06.232,219.50619159480524,390.9641756465753,-1.782689699571094,"65,73,235,237,0"
2023-11-23T15:23:06.341,221.68813784356593,387.92807526963975,-1.7775895779387583,"65,73,235,237,0"
2023-11-23T15:23:06.432,222.6147673159073,389.75047392890264,-1.7770313686539403,"65,73,235,237,0"
2023-11-23T15:23:06.532,222.30546018726486,393.0670986378737,-1.7921956022851206,"65,73,235,237,0"
2023-11-23T15:23:06.652,221.1988689075993,396.5981365281486,-1.7908374073555442,"65,73,235,237,0"
2023-11-23T15:23:06.732,221.3044790080996,396.28132148547184,-1.7892009837973222,"65,73,235,237,0"
2023-11-23T15:23:06.832,222.80659853720647,393.4769245782573,-1.782078286076892,"65,73,235,237,0"
2023-11-23T15:23:06.933,221.91051269480715,396.7041356595988,-1.7857698872114183,"65,73,235,237,0"
2023-11-23T15:23:07.031,221.73590625215226,398.85214402301614,-1.7915021341861148,"65,73,235,237,0"
2023-11-23T15:23:07.151,221.71774498225585,400.52018318203034,-1.789348310659302,"65,73,235,237,0"
2023-11-23T15:23:07.227,221.71273740222972,399.9479590266676,-1.7869864595822682,"65,73,235,237,0"
2023-11-23T15:23:07.328,222.582979490317,397.588039958765,-1.78409045070262,"65,73,235,237,0"
2023-11-23T15:23:07.440,222.38577690817803,399.1120447542901,-1.7889570113506463,"65,73,235,237,0"
2023-11-23T15:23:07.527,221.74677800123564,402.46782746367717,-1.7915202016134526,"65,73,235,237,0"
2023-11-23T15:23:07.630,221.82675249448394,402.873572455645,-1.7935268840867147,"65,73,235,237,0"
2023-11-23T15:23:07.728,221.94280950751266,401.81604301570974,-1.792778837274497,"65,73,235,237,0"
2023-11-23T15:23:07.829,221.36267770282313,401.5999323269428,-1.7923203977196327,"65,73,235,237,0"
2023-11-23T15:23:07.928,221.5027477222839,399.5093030446213,-1.7895067445997286,"25,33,235,237,0"
2023-11-23T15:23:08.028,221.03239132064115,397.93047198058963,-1.7889461998853666,"25,33,235,237,0"
2023-11-23T15:23:08.130,221.15427070399093,397.123826290733,-1.7962162201948915,"25,33,235,237,0"
2023-11-23T15:23:08.227,220.46819697061918,398.17871728714795,-1.7906288779163637,"25,33,235,237,0"
2023-11-23T15:23:08.329,220.14647848606768,399.9055364763345,-1.7898040815607132,"25,33,235,237,0"
2023-11-23T15:23:08.428,220.55455659543398,399.1223214697215,-1.7961033998767617,"25,33,235,237,0"
2023-11-23T15:23:08.529,221.1648860802962,398.10972403791345,-1.7854510002858834,"25,33,235,237,0"
2023-11-23T15:23:08.624,220.46203033810573,397.83005189905884,-1.7913543163694827,"25,33,235,237,0"
2023-11-23T15:23:08.724,219.80186614376126,398.19158642605385,-1.7917840003020877,"25,33,235,237,0"
2023-11-23T15:23:08.825,219.39558718929757,398.3780360465206,-1.7895124542970946,"25,33,235,237,0"
2023-11-23T15:23:08.924,219.59239259078137,398.60014364555514,-1.793939336693339,"25,33,235,237,0"
2023-11-23T15:23:09.025,220.92530804226487,398.0379712540738,-1.7930159408347077,"25,33,235,237,0"
2023-11-23T15:23:09.126,219.8764736290205,400.1763403609804,-1.7974098206021487,"25,33,235,237,0"
2023-11-23T15:23:09.224,220.45301007331867,398.14514764430373,-1.7939942135484401,"25,33,235,237,0"
2023-11-23T15:23:09.329,222.95196121927756,393.81558015342824,-1.7953088569825058,"25,33,235,237,0"
2023-11-23T15:23:09.425,223.49866299677814,393.17273512937044,-1.7913022840404869,"25,33,235,237,0"
2023-11-23T15:23:09.524,222.28827788884547,398.945145562485,-1.7940885454794082,"25,33,235,237,0"
2023-11-23T15:23:09.630,220.55241083648113,404.1199891968008,-1.795952468657237,"25,33,235,237,0"
2023-11-23T15:23:09.725,222.0390790813481,402.648099261924,-1.8009610813457122,"25,33,235,237,0"
2023-11-23T15:23:09.825,222.66085859180905,400.04261196359835,-1.7918663635135212,"25,33,235,237,0"
2023-11-23T15:23:09.924,227.57777897151553,398.8713666859491,-1.792585578707179,"25,33,235,237,0"
2023-11-23T15:23:10.024,228.5972345063457,400.4315198188459,-1.7859966715424034,"25,33,235,237,0"
2023-11-23T15:23:10.120,228.71265649652605,404.5255111176592,-1.7906632449131645,"25,33,235,237,0"
2023-11-23T15:23:10.222,228.59242962730977,405.8575526997157,-1.7983112238924244,"25,33,235,237,0"
2023-11-23T15:23:10.323,231.22368612824604,402.335792232741,-1.7898453017128442,"25,33,235,237,0"
2023-11-23T15:23:10.423,231.2699737027012,402.1769694679441,-1.7848683068996165,"25,33,235,237,0"
2023-11-23T15:23:10.525,228.52175415523865,408.0204698097564,-1.798856291591481,"25,33,235,237,0"
2023-11-23T15:23:10.625,229.23475342539342,407.5467483878741,-1.7975867081306318,"25,33,235,237,0"
2023-11-23T15:23:10.726,230.23329617871678,406.8357200453718,-1.7974693603300371,"25,33,235,237,0"
2023-11-23T15:23:10.822,229.0498535861105,408.2133024104656,-1.801275853700729,"25,33,235,237,0"
2023-11-23T15:23:10.920,228.83266585958015,407.7910514774864,-1.799105269797206,"25,33,235,237,0"
2023-11-23T15:23:11.020,228.9559831827725,405.2474333363932,-1.802620946794979,"25,33,235,237,0"
2023-11-23T15:23:11.133,227.96090257234133,404.96403325501205,-1.799953756016694,"25,33,235,237,0"
2023-11-23T15:23:11.222,227.15263865778226,404.30246220086633,-1.8007695265172472,"25,33,235,237,0"
2023-11-23T15:23:11.334,228.19895448277205,401.2967295445235,-1.7940107793210054,"25,33,235,237,0"
2023-11-23T15:23:11.417,229.45193994680795,401.10254626217665,-1.7943825451644961,"25,33,235,237,0"
2023-11-23T15:23:11.535,229.4410632032491,404.0636683711219,-1.7936051223439473,"25,33,235,237,0"
2023-11-23T15:23:11.617,230.39007855960187,405.48265548147833,-1.7975110492098183,"25,33,235,237,0"
2023-11-23T15:23:11.736,229.35998330575623,406.0732748022589,-1.798882232432422,"25,33,235,237,0"
2023-11-23T15:23:11.816,229.8437912484783,405.18798893254615,-1.7956660130712625,"25,33,235,237,0"
2023-11-23T15:23:11.916,231.79977482615018,405.04683489835963,-1.8013103437709825,"25,33,235,237,0"
2023-11-23T15:23:12.017,230.69424448216273,408.0407665347009,-1.795906211488346,"25,33,235,237,0"
2023-11-23T15:23:12.115,229.40483177557252,408.40236681230624,-1.8026006152654375,"25,33,235,237,0"
2023-11-23T15:23:12.217,231.62641394937503,403.4527201197192,-1.8087187843873676,"25,33,235,237,0"
2023-11-23T15:23:12.332,237.04732566312512,398.1404415585626,-1.807633354855146,"25,33,235,237,0"
2023-11-23T15:23:12.418,241.12707844125975,397.91701040651265,-1.8056571183554226,"25,33,235,237,0"
2023-11-23T15:23:12.515,240.79949422379062,400.80506578564126,-1.8063181768269776,"25,33,235,237,0"
2023-11-23T15:23:12.616,241.9281936224159,400.41256010476116,-1.8068767772380279,"25,33,235,237,0"
2023-11-23T15:23:12.719,243.29126555866034,401.3677881612822,-1.8048916851626193,"25,33,235,237,0"
2023-11-23T15:23:12.831,243.21773262045025,402.97806394139457,-1.818653137641518,"25,33,235,237,0"
2023-11-23T15:23:12.929,244.1101058061569,402.0825483180053,-1.837643266071231,"25,33,235,237,0"
2023-11-23T15:23:13.012,244.37212935100644,402.79229713241955,-1.8485202543148573,"25,33,235,237,0"
2023-11-23T15:23:13.129,241.89886746200784,407.1680070814323,-1.8585432706811773,"25,33,235,237,0"
2023-11-23T15:23:13.213,241.1885708376134,408.59713402108775,-1.8582312141020354,"25,33,235,237,0"
2023-11-23T15:23:13.314,241.54568665671533,407.96277007736586,-1.823060627201919,"25,33,235,237,0"
2023-11-23T15:23:13.414,237.39233573093512,408.7218546589414,-1.654818438364148,"27,35,235,237,0"
2023-11-23T15:23:13.531,232.88270052017444,408.46031928040384,-1.5373277764237137,"29,37,235,237,0"
2023-11-23T15:23:13.635,231.95200130153938,407.6268326368878,-1.5007983857512994,"29,37,235,237,0"
2023-11-23T15:23:13.716,229.00952084311092,409.00384587230246,-1.4460925891902368,"30,38,235,237,0"
2023-11-23T15:23:13.824,221.20481380421612,412.0912386432585,-1.3522156829400167,"31,39,235,237,0"
2023-11-23T15:23:13.913,219.43436592746906,413.5558568864155,-1.3522257192864962,"31,39,235,237,0"
2023-11-23T15:23:14.017,222.75020735569134,413.37348074380884,-1.4684498206046965,"30,38,235,237,0"
2023-11-23T15:23:14.112,225.70297558617952,416.0075624595695,-1.6808052303224585,"27,35,235,237,0"
2023-11-23T15:23:14.213,228.77960264298557,415.08971179327307,-1.782613156393649,"26,34,235,237,0"
2023-11-23T15:23:14.309,229.68376273960942,415.4148174788959,-1.8508220730655185,"25,33,235,237,0"
2023-11-23T15:23:14.410,228.03041885379963,420.19940510086496,-1.9302449825294687,"24,32,235,237,0"
2023-11-23T15:23:14.507,228.93446808049427,420.1395943891854,-2.0407600665523242,"22,30,235,237,0"
2023-11-23T15:23:14.608,233.96902884938817,416.41444046772335,-2.1155380403136532,"21,29,235,237,0"
2023-11-23T15:23:14.726,233.21055977993245,419.0904969698514,-2.1322578798575784,"21,29,235,237,0"
2023-11-23T15:23:14.808,234.57251537326295,416.98279442523165,-2.1242987263044975,"21,29,235,237,0"
2023-11-23T15:23:14.916,235.55790995152904,415.3223160522482,-2.0706291145218314,"22,30,235,237,0"
2023-11-23T15:23:15.023,234.45286432691228,415.83638554547986,-2.03525171457058,"26,34,179,237,0"
2023-11-23T15:23:15.114,234.18270054498862,413.89033815328344,-1.9854688300123335,"26,34,179,237,0"
2023-11-23T15:23:15.207,234.38808441074303,413.50246151858676,-1.9479988412353142,"27,35,179,237,0"
2023-11-23T15:23:15.324,233.83930527412744,414.7677010057837,-1.9450891576702407,"27,35,179,237,0"
2023-11-23T15:23:15.409,233.56495357402667,413.16290114198796,-1.9210956938634693,"27,35,179,237,0"
2023-11-23T15:23:15.508,232.84872556871252,412.93655554044255,-1.8886013222765943,"28,36,179,237,0"
2023-11-23T15:23:15.607,231.83146385130303,412.6269652644103,-1.8339218218456896,"28,36,179,237,0"
2023-11-23T15:23:15.726,229.3655529012631,412.4972325286982,-1.7683465394301254,"29,37,179,237,0"
2023-11-23T15:23:15.804,228.37160426558864,412.47475751766336,-1.744494953897661,"30,38,179,237,0"
2023-11-23T15:23:15.908,226.97316060783257,413.63062152057375,-1.7282861616186482,"30,38,179,237,0"
2023-11-23T15:23:16.009,226.50985809051167,412.2142226671706,-1.689371876751245,"30,38,179,237,0"
2023-11-23T15:23:16.120,228.02072629072038,411.05940618603495,-1.6886891034765916,"30,38,179,237,0"
2023-11-23T15:23:16.203,228.8786523862409,410.70274005933305,-1.6920929020168605,"30,38,179,237,0"
2023-11-23T15:23:16.304,229.7871038216192,409.88213519302747,-1.6949536500879268,"30,38,179,237,0"
2023-11-23T15:23:16.419,229.4412059209896,408.3630279427301,-1.6953197899319037,"25,33,201,237,0"
2023-11-23T15:23:16.504,229.15575231896233,406.96599316785046,-1.6942512971841213,"25,33,221,237,0"
2023-11-23T15:23:16.627,228.99852071169616,403.40182981180544,-1.69181098357535,"25,33,230,237,0"
2023-11-23T15:23:16.707,230.9151205434225,401.37263414235827,-1.6940327759774851,"25,33,232,237,0"
2023-11-23T15:23:16.803,232.2042919891615,403.1803358467976,-1.6879466997804162,"25,33,237,237,0"
2023-11-23T15:23:16.903,234.40909657250504,402.298741671414,-1.6922861237951103,"25,33,237,237,0"
2023-11-23T15:23:17.009,235.80435777148915,400.8896600461133,-1.6872831006700462,"25,33,237,237,0"
2023-11-23T15:23:17.111,236.91235551616668,400.26564213959,-1.6886843879466278,"25,33,237,237,0"
2023-11-23T15:23:17.200,235.68972098629524,400.67607734953737,-1.6889506800219325,"25,33,237,237,0"
2023-11-23T15:23:17.302,236.7020919653062,398.0956702229138,-1.6873066218230084,"25,33,237,237,0"
2023-11-23T15:23:17.400,237.0118701214516,397.6462825013848,-1.6833039990001724,"26,34,237,237,0"
2023-11-23T15:23:17.502,236.8962864646677,398.1873078570494,-1.6876047930601148,"25,33,237,237,0"
2023-11-23T15:23:17.608,237.14943184767023,397.7704189596053,-1.6855228048360364,"25,33,237,237,0"
2023-11-23T15:23:17.699,236.88279486376882,397.24512576301885,-1.6812327940763696,"26,34,237,237,0"
2023-11-23T15:23:17.804,236.3644826646289,398.03694151403454,-1.6832508093252827,"26,34,237,237,0"
2023-11-23T15:23:17.900,238.1456120579139,394.92172135067807,-1.680354658170136,"26,34,237,237,0"
2023-11-23T15:23:18.006,237.1287506330553,396.63256122056805,-1.6833730875991768,"26,34,237,237,0"
2023-11-23T15:23:18.103,236.37420496422985,399.09346623393833,-1.6866147080781566,"25,33,237,237,0"
2023-11-23T15:23:18.216,237.33764041923752,397.50379312687613,-1.6770147985232964,"26,34,237,237,0"
2023-11-23T15:23:18.321,236.7609662231299,399.9016966201349,-1.6848881415363604,"26,34,237,237,0"
2023-11-23T15:23:18.401,235.92292610926557,404.36969340215694,-1.6922223738706357,"25,33,237,201,0"
2023-11-23T15:23:18.498,237.68656613185763,404.46751319479586,-1.782354667442201,"24,32,237,201,0"
2023-11-23T15:23:18.609,240.24323907876234,404.9655968078439,-1.975240990166835,"22,30,237,201,0"
2023-11-23T15:23:18.714,237.32988465821924,407.80888235539715,-2.051754155562718,"21,29,237,201,0"
2023-11-23T15:23:18.796,241.41437598546426,408.4829698427519,-2.134817885457351,"20,28,237,201,0"
2023-11-23T15:23:18.914,241.9026988325246,411.53851035699927,-2.2302958739397805,"18,26,237,201,0"
2023-11-23T15:23:18.997,244.1624995580145,410.796996881435,-2.397159592868867,"16,24,237,201,0"
2023-11-23T15:23:19.103,250.08094584950575,409.3318910831906,-2.5254136764786814,"15,23,237,201,0"
2023-11-23T15:23:19.197,249.90722311986704,409.014156118776,-2.4643708707255056,"15,23,237,201,0"
2023-11-23T15:23:19.301,246.1936033870791,407.9056387007536,-2.2471362995941955,"18,26,237,201,0"
2023-11-23T15:23:19.398,242.50656886808895,406.3469399850803,-2.0509633992384755,"21,29,237,201,0"
2023-11-23T15:23:19.515,236.48110958762678,404.687563686868,-1.8693853635561364,"23,31,237,201,0"
2023-11-23T15:23:19.598,232.64027962732533,404.041744239403,-1.7809573693106107,"24,32,237,201,0"
2023-11-23T15:23:19.697,232.6696586189213,403.03379868652576,-1.73672374739612,"25,33,237,201,0"
2023-11-23T15:23:19.797,231.08380156539465,403.7361236428118,-1.7340756048821344,"25,33,237,201,0"
2023-11-23T15:23:19.908,230.76508005939993,404.0907209710118,-1.7538600271423186,"25,33,237,201,0"
2023-11-23T15:23:19.992,232.19325239992608,401.7315109354323,-1.7709606391542059,"24,32,237,201,0"
2023-11-23T15:23:20.097,232.3592481617976,402.1622177592468,-1.7850152961219814,"25,33,237,201,200"
2023-11-23T15:23:20.211,232.19587564833856,404.01133704880965,-1.7929517653071982,"25,33,237,201,200"
2023-11-23T15:23:20.292,233.85906448006574,403.20831606917176,-1.8123433350499578,"25,33,237,201,200"
2023-11-23T15:23:20.401,233.70551007571012,403.88304005624417,-1.8270788744681339,"25,33,237,201,200"
2023-11-23T15:23:20.492,235.40650039048214,405.832026797156,-1.9291278927674573,"23,31,237,201,200"
2023-11-23T15:23:20.611,239.23267467842612,406.9410061700332,-2.1628939430595815,"20,28,237,201,200"
2023-11-23T15:23:20.696,241.14182197014748,408.62021923663644,-2.3197906774723727,"18,26,237,201,200"
2023-11-23T15:23:20.791,239.64885133483406,411.54789221334363,-2.4215522602225934,"17,25,237,201,200"
2023-11-23T15:23:20.893,241.9497034728915,411.997104478521,-2.4998972615969945,"16,24,237,201,200"
2023-11-23T15:23:20.993,249.8557297543686,414.5088529984348,-2.7009917000569077,"14,22,237,201,200"
2023-11-23T15:23:21.099,255.06553473231992,413.3044474757474,-2.8723554238299585,"11,19,237,201,200"
2023-11-23T15:23:21.191,265.0066841689511,409.402548949487,-3.070446812805407,"9,17,237,201,200"
2023-11-23T15:23:21.289,270.98122884852773,409.605544719474,3.094077426585638,"7,15,237,201,200"
2023-11-23T15:23:21.392,269.99283650450803,411.6504485337655,3.1001720841982685,"7,15,237,201,200"
2023-11-23T15:23:21.491,267.7737998465383,414.34576031670724,-3.0952050834278033,"9,17,237,201,200"
2023-11-23T15:23:21.591,257.459263101685,417.1611336075208,-2.7902877015033147,"12,20,237,201,200"
2023-11-23T15:23:21.689,257.76686639108027,411.21488054257327,-2.5168121514823043,"16,24,237,201,200"
2023-11-23T15:23:21.791,255.09784039934436,413.70236612685835,-2.3210154438144226,"18,26,237,201,200"
2023-11-23T15:23:21.892,244.51771593730317,419.1364254795302,-2.0831716704687038,"21,29,237,201,200"
2023-11-23T15:23:21.989,229.5977664447396,419.85145844191095,-1.7666048947780477,"25,33,237,201,200"
2023-11-23T15:23:22.092,227.72057174891154,417.51027195538103,-1.6870503958804328,"26,34,237,201,200"
2023-11-23T15:23:22.194,228.05510363112646,419.62370517274405,-1.7393292049374092,"26,34,237,201,200"
2023-11-23T15:23:22.305,230.0731977933565,418.7129488639499,-1.774598355181083,"25,33,237,201,200"
2023-11-23T15:23:22.389,230.3663577634878,418.2675394409779,-1.7893724473346129,"25,33,237,201,200"
2023-11-23T15:23:22.489,230.07276695322454,417.44981819993836,-1.8120244058754722,"25,33,237,201,200"
2023-11-23T15:23:22.589,226.84188678815823,417.7791567427275,-1.7582753402762041,"26,34,237,201,200"
2023-11-23T15:23:22.688,220.60029666077048,418.85675388384277,-1.6075368835934236,"27,35,237,201,200"
2023-11-23T15:23:22.786,209.02289068414956,420.8035451208658,-1.431186867900442,"30,38,237,201,200"
2023-11-23T15:23:22.887,209.6485783093915,417.57649993608595,-1.408118100315492,"30,38,237,201,200"
2023-11-23T15:23:22.988,213.7540630281356,414.79388516959506,-1.4627274074927823,"29,37,237,201,200"
2023-11-23T15:23:23.085,221.0237840736424,416.10119159976574,-1.6266143288986,"27,35,237,201,200"
2023-11-23T15:23:23.186,227.26201321866714,414.5083404569857,-1.7385304079661446,"26,34,237,201,200"
2023-11-23T15:23:23.284,228.49368232407213,414.4086441704528,-1.7808254952302385,"25,33,237,201,200"
2023-11-23T15:23:23.392,234.78129152397614,413.02081937723716,-1.9457515475251332,"23,31,237,201,200"
2023-11-23T15:23:23.485,238.22501389136372,412.33384397566056,-2.095878411096181,"21,29,237,201,200"
2023-11-23T15:23:23.584,247.87280883440633,410.4565958997059,-2.3398941506283295,"18,26,237,201,200"
2023-11-23T15:23:23.694,249.0685433767137,412.16296286523357,-2.3823525856390275,"18,26,237,201,200"
2023-11-23T15:23:23.803,247.59357871163107,413.71037952232876,-2.373100294386595,"18,26,237,201,200"
2023-11-23T15:23:23.884,248.4734212645535,413.2081218937667,-2.3566085789543534,"18,26,237,201,200"
2023-11-23T15:23:23.985,248.63324077501844,411.7997661045016,-2.3425345422291346,"18,26,237,201,200"
2023-11-23T15:23:24.084,248.7381872067262,411.30604925584055,-2.3337323773744565,"18,26,237,201,200"
2023-11-23T15:23:24.180,248.97886347191903,411.9476643708258,-2.3150591272337198,"18,26,237,201,200"
2023-11-23T15:23:24.279,248.25182867620595,412.8613817192937,-2.290265307651855,"19,27,237,201,200"
2023-11-23T15:23:24.380,249.04022808393694,411.90159241229037,-2.2812385265340818,"26,34,237,12,200"
2023-11-23T15:23:24.485,248.08589708970075,413.34699241015903,-2.2801384229223514,"26,34,237,12,200"
2023-11-23T15:23:24.585,247.77849039916177,413.0494697533619,-2.267101553299698,"26,34,237,12,200"
2023-11-23T15:23:24.681,246.68321826096704,413.837382544798,-2.2317007264372513,"26,34,237,12,200"
2023-11-23T15:23:24.782,234.4398662066241,419.55354117550246,-1.9639332593952747,"30,38,237,12,200"
2023-11-23T15:23:24.886,226.3482427827189,419.2737687065932,-1.7322238182133367,"32,40,237,12,200"
2023-11-23T15:23:24.981,223.4512498959376,417.7450285029142,-1.65360915061344,"33,41,237,12,200"
2023-11-23T15:23:25.081,222.90425579104257,416.8880125369313,-1.6506168133659234,"34,42,237,12,200"
2023-11-23T15:23:25.179,222.30855634500966,416.41295567925704,-1.6672892488806101,"33,41,237,12,200"
2023-11-23T15:23:25.283,221.816343066184,416.35211050138037,-1.6736143594453463,"33,41,237,12,200"
2023-11-23T15:23:25.382,221.60421862586264,417.2310218284541,-1.6780964576957607,"33,41,237,12,200"
2023-11-23T15:23:25.483,222.55308290246197,417.85463287935227,-1.6935164467826225,"33,41,237,12,200"
2023-11-23T15:23:25.576,224.5900520034646,417.36625241734305,-1.7384759447367222,"32,40,237,12,200"
2023-11-23T15:23:25.676,224.92664420013668,416.85256928128115,-1.7448830444015724,"32,40,237,12,200"
2023-11-23T15:23:25.776,224.95620682500038,417.32090528098695,-1.7554057871270543,"32,40,237,12,200"
2023-11-23T15:23:25.878,224.35088253823324,418.117012439056,-1.7682753434652756,"32,40,237,12,200"
2023-11-23T15:23:25.979,234.64617592847202,417.87745131897213,-2.005906377554431,"29,37,237,12,200"
2023-11-23T15:23:26.080,255.90494114236424,421.1196611499595,-2.5404253480575036,"19,27,6,12,200"
2023-11-23T15:23:26.183,255.59358088912376,422.46608801393177,-2.6220464043337723,"18,26,6,12,200"
2023-11-23T15:23:26.279,256.1063303286889,421.6221269572719,-2.697330694208566,"17,25,6,12,200"
2023-11-23T15:23:26.381,256.2253171814069,421.8695283343317,-2.765105208602651,"16,24,6,12,200"
2023-11-23T15:23:26.476,247.72438403966885,422.14466276572773,-2.454401895685367,"20,28,6,12,200"
2023-11-23T15:23:26.581,227.27573367292965,426.62693094320446,-2.0106645673144143,"25,33,6,12,200"
2023-11-23T15:23:26.677,225.29096033364362,425.1828168372493,-1.8375180007744958,"28,36,6,12,200"
2023-11-23T15:23:26.776,223.52216839080347,425.9459432770799,-1.750770364614626,"29,37,6,12,200"
2023-11-23T15:23:26.880,229.5357913189901,424.6682520925294,-1.9674077459903803,"26,34,6,12,200"
2023-11-23T15:23:26.976,244.54832749484055,421.26520638202317,-2.337976091590318,"21,29,6,12,200"
2023-11-23T15:23:27.076,245.2421878927252,420.06110829384056,-2.3991083059734786,"20,28,6,12,200"
2023-11-23T15:23:27.173,247.37920132661472,421.0701495916369,-2.527119264404761,"19,27,6,12,200"
2023-11-23T15:23:27.278,250.79054465024853,421.53771737132126,-2.644143774540699,"17,25,6,12,200"
2023-11-23T15:23:27.373,250.558146376034,421.60620252677376,-2.5887626282899534,"18,26,6,12,200"
2023-11-23T15:23:27.471,248.31013486611286,421.78692370790236,-2.4856949148404723,"19,27,6,12,200"
2023-11-23T15:23:27.575,247.18094309468216,420.5805833120693,-2.4265481277469436,"20,28,6,12,200"
2023-11-23T15:23:27.678,247.65433420740865,418.6383090219356,-2.3970303011127587,"20,28,6,12,200"
2023-11-23T15:23:27.772,244.09379955815731,418.84868412200603,-2.2946662405479445,"27,35,6,12,10"
2023-11-23T15:23:27.877,238.48666590771205,417.86208398210715,-2.09344200461171,"29,37,6,12,10"
2023-11-23T15:23:27.972,234.24500735976218,416.7038946140954,-1.9809171265467873,"31,39,6,12,10"
2023-11-23T15:23:28.075,229.72402148508488,417.7994418110277,-1.8804718593910341,"32,40,6,12,10"
2023-11-23T15:23:28.172,220.9885142043354,418.143888572613,-1.7134609693763099,"34,42,6,12,10"
2023-11-23T15:23:28.281,222.53452575562446,416.2988355516869,-1.7318625162168906,"34,42,6,12,10"
2023-11-23T15:23:28.377,223.61584693555628,416.61647782866464,-1.7608551494240867,"33,41,6,12,10"
2023-11-23T15:23:28.477,230.41873344514207,414.8199973530307,-1.9322784673236806,"31,39,6,12,10"
2023-11-23T15:23:28.567,238.52347289828836,413.2371220417778,-2.1611306886990125,"28,36,6,12,10"
2023-11-23T15:23:28.674,245.9727025298906,414.426943610474,-2.4366448176573923,"25,33,6,12,10"
2023-11-23T15:23:28.775,255.43395728861006,413.6497398911789,-2.6915220171524075,"22,30,6,12,10"
2023-11-23T15:23:28.870,257.5934673803738,413.5974557737468,-2.761233294415128,"21,29,6,12,10"
2023-11-23T15:23:28.978,259.57149260732467,412.50555648020395,-2.7515627326867773,"21,29,6,12,10"
2023-11-23T15:23:29.068,258.35121823933764,412.85492138639626,-2.7143231726661448,"21,29,6,12,10"
2023-11-23T15:23:29.186,258.83495981257454,411.73578584131064,-2.692530558792961,"22,30,6,12,10"
2023-11-23T15:23:29.283,259.2139027528889,411.7416548520568,-2.6831335701068237,"22,30,6,12,10"
2023-11-23T15:23:29.369,258.96856990801325,412.6464520190694,-2.676447508381805,"22,30,6,12,10"
2023-11-23T15:23:29.477,259.0584764069088,412.89476223269173,-2.66955140798786,"22,30,6,12,10"
2023-11-23T15:23:29.569,258.25679116361704,413.7311923842377,-2.6586321759596707,"22,30,6,12,10"
2023-11-23T15:23:29.676,259.52989399919454,412.79985677325203,-2.6648912707052377,"22,30,6,12,10"
2023-11-23T15:23:29.780,259.2089000926553,412.71438548094545,-2.657836196505948,"22,30,6,12,10"
2023-11-23T15:23:29.865,259.5371928338826,412.1659973087485,-2.6518716087565277,"22,30,6,12,10"
2023-11-23T15:23:29.964,259.9958686634593,411.35202881661496,-2.652825250075055,"22,30,6,12,10"
2023-11-23T15:23:30.066,259.84862395309705,413.2864257643222,-2.654149190130589,"22,30,6,12,10"
2023-11-23T15:23:30.165,258.39832797226734,415.4730772092249,-2.637802843209817,"22,30,6,12,10"
2023-11-23T15:23:30.264,249.96373720770123,417.76268485681345,-2.402725365197006,"25,33,6,12,10"
2023-11-23T15:23:30.364,245.73387180875,416.38384044217787,-2.2533635579072446,"27,35,6,12,10"
2023-11-23T15:23:30.479,246.25899611064335,414.3395335672447,-2.262738640439425,"27,35,6,12,10"
2023-11-23T15:23:30.567,247.44131755211657,413.13364272601433,-2.295403273525793,"27,35,6,12,10"
2023-11-23T15:23:30.679,248.75873274207603,411.33394042360385,-2.2995733838541885,"27,35,6,12,10"
2023-11-23T15:23:30.775,249.65580918657187,410.44052933630894,-2.3189445737087104,"23,35,6,12,10"
2023-11-23T15:23:30.869,248.56827657271631,409.4006199017588,-2.31163616590758,"23,35,6,12,10"
2023-11-23T15:23:30.965,248.39024867310349,409.09703585206887,-2.320006496671466,"23,35,6,12,10"
2023-11-23T15:23:31.064,248.31001398740517,409.15465202184055,-2.31884475074774,"23,35,6,12,10"
2023-11-23T15:23:31.179,248.21781225641027,409.32819267711346,-2.316219229334087,"23,35,6,12,10"
2023-11-23T15:23:31.262,248.74358626590552,409.3205722132186,-2.318274187593154,"23,35,6,12,10"
2023-11-23T15:23:31.376,248.45915728036456,410.55895091667537,-2.3121823813750684,"23,35,6,12,10"
2023-11-23T15:23:31.481,249.14858953602018,409.830007281534,-2.3224080971693803,"23,35,6,12,10"
2023-11-23T15:23:31.560,249.5537222516457,408.8067423946665,-2.3194930810772694,"23,35,6,12,10"
2023-11-23T15:23:31.662,248.3614512184972,408.23622667912304,-2.314012000063174,"23,35,6,12,10"
2023-11-23T15:23:31.764,247.4681640697787,409.61400474070706,-2.318437835224894,"23,35,6,12,10"
2023-11-23T15:23:31.864,247.09937418389495,408.7798186980218,-2.321981672645681,"23,35,6,12,10"
2023-11-23T15:23:31.960,247.6987421416316,407.57554083750097,-2.3099286036123514,"23,35,6,12,10"
2023-11-23T15:23:32.062,247.4584866748583,408.5358967026585,-2.318473580954116,"23,35,6,12,10"
2023-11-23T15:23:32.164,247.06976222862215,410.1319710373801,-2.3114906641527933,"23,35,6,12,10"
2023-11-23T15:23:32.267,246.915929652168,411.95172030983525,-2.323577788242873,"23,35,6,12,10"
2023-11-23T15:23:32.370,248.7965615949652,411.7323284250722,-2.366968699038085,"23,35,6,12,10"
2023-11-23T15:23:32.468,250.53929320421156,410.2080915669856,-2.3783002390566486,"22,34,6,12,10"
2023-11-23T15:23:32.577,250.10999032994727,410.7231013335738,-2.371831578050097,"22,34,6,12,10"
2023-11-23T15:23:32.672,250.52116506593376,410.125703092093,-2.36522012691085,"23,35,6,12,10"
2023-11-23T15:23:32.778,251.7224986042824,408.4780847766739,-2.368675267598604,"23,35,6,12,10"
2023-11-23T15:23:32.860,251.98825609208134,408.4136985832846,-2.3694916422567074,"22,34,6,12,10"
2023-11-23T15:23:32.960,251.92784852170945,409.2380262111534,-2.368484737354915,"28,30,6,12,10"
2023-11-23T15:23:33.059,252.98736683859437,409.0161592454981,-2.362665764210261,"28,30,6,12,10"
2023-11-23T15:23:33.159,252.45845571253986,409.9839793395844,-2.365188379906953,"28,30,6,12,10"
2023-11-23T15:23:33.259,253.21841482945413,409.75730892882916,-2.374944462597084,"28,30,6,12,10"
2023-11-23T15:23:33.359,253.6044922239571,409.82526276981946,-2.367834737031508,"28,30,6,12,10"
2023-11-23T15:23:33.465,252.74677050693052,410.1251739560124,-2.373439289744224,"28,30,6,12,10"
2023-11-23T15:23:33.559,254.10450830302756,407.1259493796038,-2.3807646740888853,"28,30,6,12,10"
2023-11-23T15:23:33.660,256.01281801426194,401.2429482992367,-2.368170633347086,"28,30,6,12,10"
2023-11-23T15:23:33.757,254.69793110404507,403.2730399635783,-2.365033222281794,"28,30,6,12,10"
2023-11-23T15:23:33.875,256.06724206085164,404.82134210202787,-2.468290863587156,"27,29,6,12,10"
2023-11-23T15:23:33.957,264.8065078673022,403.08166600981497,-2.6885150254968573,"24,26,6,12,10"
2023-11-23T15:23:34.070,259.08972887791674,405.6401143476001,-2.5537098398170026,"26,28,6,12,10"
2023-11-23T15:23:34.153,252.76346735176952,407.8408868158234,-2.4250320169438573,"28,30,6,12,10"
2023-11-23T15:23:34.254,249.32463414249202,410.3265973961505,-2.3197180352416478,"29,31,6,12,10"
2023-11-23T15:23:34.370,239.28070110922286,414.8292351936898,-2.0791986538849976,"32,34,6,12,10"
2023-11-23T15:23:34.468,234.04932400136508,416.9472199908778,-1.9333407146717503,"34,36,6,12,10"
2023-11-23T15:23:34.551,235.95770132725286,415.8090515906687,-1.9813001372636159,"33,35,6,12,10"
2023-11-23T15:23:34.658,240.1955832438996,412.11778105891034,-2.024279325085717,"33,35,6,12,10"
2023-11-23T15:23:34.752,239.75178505657766,414.72282513006155,-2.041054810497779,"33,35,6,12,10"
2023-11-23T15:23:34.855,239.37297385599285,415.36438584348525,-2.0304922997737895,"33,35,6,12,10"
2023-11-23T15:23:34.955,243.2234279773099,413.2595006019694,-2.1090197055586986,"32,34,6,12,10"
2023-11-23T15:23:35.068,245.56578506944652,413.78826238268516,-2.224429359097953,"30,32,6,12,10"
2023-11-23T15:23:35.154,247.20777433505228,413.4243620965341,-2.2530555479302485,"30,32,6,12,10"
2023-11-23T15:23:35.264,247.24834112473334,413.59247545670553,-2.257474509200971,"30,32,6,12,10"
2023-11-23T15:23:35.351,247.20197543139616,414.33746655511277,-2.261161325850343,"30,32,6,12,10"
2023-11-23T15:23:35.470,247.62574556355895,414.5829403356339,-2.2776461833762203,"30,32,6,12,10"
2023-11-23T15:23:35.555,248.29808965219033,415.2390018420481,-2.279899073086083,"30,32,6,12,10"
2023-11-23T15:23:35.649,248.1488058746769,416.29218836124835,-2.285320995029975,"29,31,6,12,10"
2023-11-23T15:23:35.754,248.28353565567065,417.437843662241,-2.2686888892991557,"30,32,6,12,10"
2023-11-23T15:23:35.850,249.6051826538172,416.9476188932679,-2.2756180532736563,"30,32,6,12,10"
2023-11-23T15:23:35.966,251.05826948390416,417.11114318549096,-2.2673997328853144,"30,32,6,12,10"
2023-11-23T15:23:36.048,252.1918444724709,416.8044986882118,-2.2640040814229905,"30,32,6,12,10"
2023-11-23T15:23:36.148,252.11110216372998,417.4135509488375,-2.2649154362997126,"30,32,6,12,10"
2023-11-23T15:23:36.265,252.20638792394018,417.1270118265089,-2.277519959043056,"30,32,6,12,10"
2023-11-23T15:23:36.363,251.5229598860596,416.77679832241483,-2.2696630263649396,"30,32,6,12,10"
2023-11-23T15:23:36.466,251.1631737920836,415.06508340406054,-2.2737731240329544,"30,32,6,12,10"
2023-11-23T15:23:36.549,250.84704420183792,413.51532206638245,-2.2651562166867505,"30,32,6,12,10"
2023-11-23T15:23:36.651,249.4704301900984,413.40983142114067,-2.2609445390938356,"30,32,6,12,10"
2023-11-23T15:23:36.751,249.3671290841507,412.1146513185622,-2.265213923996621,"30,32,6,12,10"
2023-11-23T15:23:36.865,249.102004130725,411.9740414252552,-2.2663973877529195,"30,32,6,12,10"
2023-11-23T15:23:36.945,248.13332167136392,413.4181967728092,-2.266603192215842,"30,32,6,12,10"
2023-11-23T15:23:37.045,248.24462816697292,413.0621369256376,-2.2613224943600674,"30,32,6,12,10"
2023-11-23T15:23:37.153,248.33247163521216,412.66935452858945,-2.2645227731786792,"30,32,6,12,10"
2023-11-23T15:23:37.265,247.73488008769763,412.6953917537758,-2.263561758309956,"30,32,6,12,10"
2023-11-23T15:23:37.345,249.1484511098361,411.1643356582148,-2.267213124690816,"30,32,6,12,10"
2023-11-23T15:23:37.454,248.50533106785034,412.68404380427666,-2.259581946331343,"30,32,6,12,10"
2023-11-23T15:23:37.566,247.7762838476548,415.300325553655,-2.256718175761836,"30,32,6,12,10"
2023-11-23T15:23:37.644,248.06766152364546,415.52840569706456,-2.258414133830203,"30,32,6,12,10"
2023-11-23T15:23:37.748,249.03239333066068,414.16195505288647,-2.2636766959797456,"30,32,6,12,10"
2023-11-23T15:23:37.844,251.17173637217496,412.41645902163907,-2.2552541194981934,"30,32,6,12,10"
2023-11-23T15:23:37.961,252.5679583597717,408.58722021138385,-2.2498618389680156,"30,32,6,12,10"
2023-11-23T15:23:38.045,253.2526118126281,405.4262012554865,-2.2486788545095875,"30,32,6,12,10"
2023-11-23T15:23:38.144,259.4325625629425,400.26760700093166,-2.253032911697808,"30,32,6,12,10"
2023-11-23T15:23:38.244,265.6894631781038,398.09353991385626,-2.248658804912707,"30,32,6,12,10"
2023-11-23T15:23:38.342,272.99229178159413,398.6516687794764,-2.2369417351460945,"30,32,6,12,10"
2023-11-23T15:23:38.442,274.29903181058614,404.1998311676005,-2.245738847347361,"30,32,6,12,10"
2023-11-23T15:23:38.562,271.5570473942669,408.6401634446246,-2.2468409049659486,"30,32,6,12,10"
2023-11-23T15:23:38.640,266.4566312361761,415.58902299557235,-2.248902210613096,"30,32,6,12,10"
2023-11-23T15:23:38.743,265.8555549872749,421.3551180859715,-2.2564641411639625,"30,32,6,12,10"
