[camera]
width=480
height=640

[client]
fps = 10

[detection]
tag_pixel_width = 200
widen_radius = 15


[arena]
nleds = 100
ring_r = 3500.3 # in cm
origo_offset = [240, 320] # in pixels
cm_per_pixel = 2.2
datetime,x,y,θ,leds
2023-11-29T13:47:21.273,258.6364072934688,413.40201323762096,1.7590389475467627,"19,19,0,255,0,20,28,0,0,255,28,28,255,0,0,33,33,255,255,0,38,38,255,0,255,73,77,0,255,255,78,80,255,255,255"
2023-11-29T13:47:21.385,256.7936157743836,413.9330387361009,1.7590466862116825,"19,19,0,255,0,20,28,0,0,255,28,28,255,0,0,33,33,255,255,0,38,38,255,0,255,73,77,0,255,255,78,80,255,255,255"
2023-11-29T13:47:21.472,255.99101231600235,414.8577324757068,1.7555412312908683,"19,19,0,255,0,19,27,0,0,255,28,28,255,0,0,33,33,255,255,0,38,38,255,0,255,72,76,0,255,255,78,80,255,255,255"
2023-11-29T13:47:21.573,257.1904728829124,415.20440006589126,1.7508865887866043,"19,19,0,255,0,19,27,0,0,255,28,28,255,0,0,33,33,255,255,0,38,38,255,0,255,72,76,0,255,255,78,80,255,255,255"
2023-11-29T13:47:21.679,257.9373237885985,415.665908027195,1.749308815413871,"18,18,0,255,0,19,27,0,0,255,28,28,255,0,0,33,33,255,255,0,38,38,255,0,255,72,76,0,255,255,78,80,255,255,255"
2023-11-29T13:47:21.774,256.790013415956,414.8679037848111,1.737946864675174,"18,18,0,255,0,19,27,0,0,255,28,28,255,0,0,33,33,255,255,0,38,38,255,0,255,72,76,0,255,255,78,80,255,255,255"
2023-11-29T13:47:21.875,254.66655473415764,416.482262265273,1.6943286472799841,"17,17,0,255,0,19,27,0,0,255,28,28,255,0,0,34,34,255,255,0,40,40,255,0,255,72,76,0,255,255,79,81,255,255,255"
2023-11-29T13:47:21.976,250.9143734565444,418.58153689047094,1.6093719356305742,"14,14,0,255,0,17,25,0,0,255,28,28,255,0,0,35,35,255,255,0,43,43,255,0,255,71,75,0,255,255,79,81,255,255,255"
2023-11-29T13:47:22.073,247.4459742553647,420.5456782256283,1.5432812542954788,"12,12,0,255,0,16,24,0,0,255,28,28,255,0,0,36,36,255,255,0,45,45,255,0,255,71,75,0,255,255,80,82,255,255,255"
2023-11-29T13:47:22.172,246.8028527806838,421.98353528015423,1.5086066261620537,"11,11,0,255,0,16,24,0,0,255,28,28,255,0,0,37,37,255,255,0,46,46,255,0,255,71,75,0,255,255,80,82,255,255,255"
2023-11-29T13:47:22.276,244.46811694284537,424.1104616792204,1.4375276098198142,"9,9,0,255,0,14,22,0,0,255,28,28,255,0,0,38,38,255,255,0,48,48,255,0,255,70,74,0,255,255,81,83,255,255,255"
2023-11-29T13:47:22.373,243.90861972671456,427.16497429470513,1.3725753391344298,"6,6,0,255,0,13,21,0,0,255,28,28,255,0,0,39,39,255,255,0,50,50,255,0,255,69,73,0,255,255,81,83,255,255,255"
2023-11-29T13:47:22.473,242.35971500959877,429.2935753131348,1.3125618035563917,"5,5,0,255,0,12,20,0,0,255,28,28,255,0,0,40,40,255,255,0,52,52,255,0,255,69,73,0,255,255,82,84,255,255,255"
2023-11-29T13:47:22.570,241.18259879964188,433.81460269488184,1.2459536381458587,"2,2,0,255,0,11,19,0,0,255,28,28,255,0,0,41,41,255,255,0,54,54,255,0,255,68,72,0,255,255,82,84,255,255,255"
2023-11-29T13:47:22.681,240.89152013453136,442.03263328219816,1.1888582180123846,"1,1,0,255,0,10,18,0,0,255,28,28,255,0,0,42,42,255,255,0,56,56,255,0,255,68,72,0,255,255,83,85,255,255,255"
2023-11-29T13:47:22.769,239.940097744864,443.04386993030266,1.1686206392237137,"100,100,0,255,0,10,18,0,0,255,28,28,255,0,0,42,42,255,255,0,57,57,255,0,255,68,72,0,255,255,83,85,255,255,255"
2023-11-29T13:47:22.876,234.68173600278973,432.2847968471672,1.136919746056603,"99,99,0,255,0,10,18,0,0,255,28,28,255,0,0,43,43,255,255,0,58,58,255,0,255,68,72,0,255,255,83,85,255,255,255"
2023-11-29T13:47:22.970,231.49392292863385,424.0378619074723,1.0810794376677821,"97,97,0,255,0,9,17,0,0,255,28,28,255,0,0,44,44,255,255,0,59,59,255,0,255,67,71,0,255,255,84,86,255,255,255"
2023-11-29T13:47:23.075,233.65990459596887,420.34202186414467,1.0743922127650551,"97,97,0,255,0,9,17,0,0,255,28,28,255,0,0,44,44,255,255,0,60,60,255,0,255,67,71,0,255,255,84,86,255,255,255"
2023-11-29T13:47:23.175,234.18615537400024,419.36607794731503,1.0369326585263685,"96,96,0,255,0,8,16,0,0,255,28,28,255,0,0,45,45,255,255,0,61,61,255,0,255,67,71,0,255,255,84,86,255,255,255"
2023-11-29T13:47:23.269,234.6510118583052,424.0037101666505,1.1435172733606065,"99,99,0,255,0,10,18,0,0,255,28,28,255,0,0,43,43,255,255,0,57,57,255,0,255,68,72,0,255,255,83,85,255,255,255"
2023-11-29T13:47:23.378,235.11354018956425,428.73173033549597,1.2233152074031233,"2,2,0,255,0,11,19,0,0,255,28,28,255,0,0,42,42,255,255,0,55,55,255,0,255,68,72,0,255,255,83,85,255,255,255"
2023-11-29T13:47:23.470,236.95030167664038,430.41390841560656,1.3366642634000607,"5,5,0,255,0,13,21,0,0,255,28,28,255,0,0,40,40,255,255,0,51,51,255,0,255,69,73,0,255,255,82,84,255,255,255"
2023-11-29T13:47:23.579,237.78146936126566,430.65179475176706,1.464192255070584,"9,9,0,255,0,15,23,0,0,255,28,28,255,0,0,38,38,255,255,0,47,47,255,0,255,70,74,0,255,255,81,83,255,255,255"
2023-11-29T13:47:23.672,239.1153429942245,427.25312041843483,1.5661878874351416,"13,13,0,255,0,16,24,0,0,255,28,28,255,0,0,36,36,255,255,0,44,44,255,0,255,71,75,0,255,255,80,82,255,255,255"
2023-11-29T13:47:23.773,239.0941507698064,419.7322232896993,1.6402048071807223,"15,15,0,255,0,18,26,0,0,255,28,28,255,0,0,35,35,255,255,0,42,42,255,0,255,72,76,0,255,255,79,81,255,255,255"
2023-11-29T13:47:23.879,237.75744365614432,409.1843927844401,1.704345040245596,"17,17,0,255,0,19,27,0,0,255,28,28,255,0,0,34,34,255,255,0,40,40,255,0,255,72,76,0,255,255,79,81,255,255,255"
2023-11-29T13:47:23.973,236.73142450202255,399.0407226575863,1.759154476922876,"19,19,0,255,0,20,28,0,0,255,28,28,255,0,0,33,33,255,255,0,38,38,255,0,255,73,77,0,255,255,78,80,255,255,255"
2023-11-29T13:47:24.113,236.53341659864986,390.30528109379543,1.8212729825253071,"21,21,0,255,0,21,29,0,0,255,28,28,255,0,0,32,32,255,255,0,36,36,255,0,255,73,77,0,255,255,78,80,255,255,255"
2023-11-29T13:47:24.164,235.65629749988955,376.3606899969853,1.8796758227311738,"23,23,0,255,0,21,29,0,0,255,28,28,255,0,0,31,31,255,255,0,34,34,255,0,255,73,77,0,255,255,77,79,255,255,255"
2023-11-29T13:47:24.274,237.30222914909567,363.40851407762955,1.9354928499623256,"24,24,0,255,0,22,30,0,0,255,28,28,255,0,0,30,30,255,255,0,32,32,255,0,255,74,78,0,255,255,77,79,255,255,255"
2023-11-29T13:47:24.368,239.40016876958447,352.0326119702496,1.9731729009056274,"26,26,0,255,0,23,31,0,0,255,28,28,255,0,0,30,30,255,255,0,31,31,255,0,255,74,78,0,255,255,77,79,255,255,255"
2023-11-29T13:47:24.472,241.42259118176895,336.1594844465368,2.037456317407133,"28,28,0,255,0,24,32,0,0,255,28,28,255,0,0,29,29,255,255,0,29,29,255,0,255,75,79,0,255,255,76,78,255,255,255"
2023-11-29T13:47:24.576,243.40567504359774,320.06839041081616,2.0955282873456476,"30,30,0,255,0,25,33,0,0,255,28,28,255,0,0,28,28,255,255,0,27,27,255,0,255,75,79,0,255,255,76,78,255,255,255"
2023-11-29T13:47:24.675,246.0953425515753,307.58948254764243,2.197221222596974,"33,33,0,255,0,27,35,0,0,255,28,28,255,0,0,26,26,255,255,0,24,24,255,0,255,76,80,0,255,255,75,77,255,255,255"
2023-11-29T13:47:24.771,254.79727945630952,298.08618814003614,2.2826223394365273,"35,35,0,255,0,28,36,0,0,255,28,28,255,0,0,25,25,255,255,0,21,21,255,0,255,77,81,0,255,255,74,76,255,255,255"
2023-11-29T13:47:24.875,264.2623809578689,289.1014508339107,2.365856223793265,"38,38,0,255,0,29,37,0,0,255,28,28,255,0,0,23,23,255,255,0,18,18,255,0,255,77,81,0,255,255,73,75,255,255,255"
2023-11-29T13:47:24.972,270.0110957012803,282.9395571377214,2.4407335919546664,"40,40,0,255,0,30,38,0,0,255,28,28,255,0,0,22,22,255,255,0,16,16,255,0,255,78,82,0,255,255,73,75,255,255,255"
2023-11-29T13:47:25.066,271.0297765526922,283.6884492643571,2.526561744525301,"43,43,0,255,0,32,40,0,0,255,28,28,255,0,0,21,21,255,255,0,13,13,255,0,255,79,83,0,255,255,72,74,255,255,255"
2023-11-29T13:47:25.180,274.96577567468717,283.1412602632271,2.581563432864957,"45,45,0,255,0,33,41,0,0,255,28,28,255,0,0,20,20,255,255,0,12,12,255,0,255,79,83,0,255,255,72,74,255,255,255"
2023-11-29T13:47:25.264,274.1130405587717,278.193791256556,2.5330283978703516,"43,43,0,255,0,32,40,0,0,255,28,28,255,0,0,21,21,255,255,0,13,13,255,0,255,79,83,0,255,255,72,74,255,255,255"
2023-11-29T13:47:25.377,269.7918847365796,276.9758824464236,2.368200405763748,"38,38,0,255,0,29,37,0,0,255,28,28,255,0,0,23,23,255,255,0,18,18,255,0,255,77,81,0,255,255,73,75,255,255,255"
2023-11-29T13:47:25.645,271.44958566329524,281.88748337833385,2.2094259779681833,"33,33,0,255,0,27,35,0,0,255,28,28,255,0,0,26,26,255,255,0,23,23,255,0,255,76,80,0,255,255,75,77,255,255,255"
2023-11-29T13:47:25.655,274.00904590259546,290.2032127563241,2.0012802925809545,"27,27,0,255,0,23,31,0,0,255,28,28,255,0,0,29,29,255,255,0,30,30,255,0,255,74,78,0,255,255,76,78,255,255,255"
2023-11-29T13:47:25.665,273.4744363827764,295.0536872940685,1.7802109251708675,"19,19,0,255,0,20,28,0,0,255,28,28,255,0,0,33,33,255,255,0,37,37,255,0,255,73,77,0,255,255,78,80,255,255,255"
2023-11-29T13:47:25.764,275.05825083636114,299.2602298616939,1.6427861506680037,"15,15,0,255,0,18,26,0,0,255,28,28,255,0,0,35,35,255,255,0,41,41,255,0,255,72,76,0,255,255,79,81,255,255,255"
2023-11-29T13:47:25.873,276.71198013799903,301.7864752923831,1.5154640694229973,"11,11,0,255,0,16,24,0,0,255,28,28,255,0,0,37,37,255,255,0,46,46,255,0,255,71,75,0,255,255,80,82,255,255,255"
2023-11-29T13:47:25.962,278.2656524337246,306.3203882690872,1.399391834315241,"7,7,0,255,0,14,22,0,0,255,28,28,255,0,0,39,39,255,255,0,49,49,255,0,255,70,74,0,255,255,81,83,255,255,255"
2023-11-29T13:47:26.062,278.76768539341185,307.9402207199008,1.3666904036116976,"6,6,0,255,0,13,21,0,0,255,28,28,255,0,0,39,39,255,255,0,50,50,255,0,255,69,73,0,255,255,81,83,255,255,255"
2023-11-29T13:47:26.175,275.7153220737872,311.64778181279667,1.281885451914757,"4,4,0,255,0,12,20,0,0,255,28,28,255,0,0,41,41,255,255,0,53,53,255,0,255,69,73,0,255,255,82,84,255,255,255"
2023-11-29T13:47:26.269,273.2885414207617,316.56072612514765,1.1209023432555119,"98,98,0,255,0,9,17,0,0,255,28,28,255,0,0,43,43,255,255,0,58,58,255,0,255,67,71,0,255,255,83,85,255,255,255"
2023-11-29T13:47:26.375,269.02501269265076,320.5736177915434,0.944177122345663,"93,93,0,255,0,7,15,0,0,255,28,28,255,0,0,46,46,255,255,0,64,64,255,0,255,66,70,0,255,255,85,87,255,255,255"
2023-11-29T13:47:26.476,268.9543356822378,324.5273596171713,0.8336136495399235,"89,89,0,255,0,5,13,0,0,255,28,28,255,0,0,48,48,255,255,0,67,67,255,0,255,65,69,0,255,255,86,88,255,255,255"
2023-11-29T13:47:26.562,266.7635006682128,326.8880670146079,0.6966132824300617,"85,85,0,255,0,3,11,0,0,255,28,28,255,0,0,50,50,255,255,0,72,72,255,0,255,64,68,0,255,255,87,89,255,255,255"
2023-11-29T13:47:26.675,265.5117161282009,330.6414691794111,0.5502324115132224,"80,80,0,255,0,100,8,0,0,255,28,28,255,0,0,52,52,255,255,0,76,76,255,0,255,63,67,0,255,255,88,90,255,255,255"
2023-11-29T13:47:26.762,269.62438876889473,338.33470544162844,0.4075292521077929,"76,76,0,255,0,98,6,0,0,255,28,28,255,0,0,55,55,255,255,0,81,81,255,0,255,62,66,0,255,255,89,91,255,255,255"
2023-11-29T13:47:26.872,274.63922026311,345.9272534556289,0.3293966832761491,"73,73,0,255,0,97,5,0,0,255,28,28,255,0,0,56,56,255,255,0,83,83,255,0,255,61,65,0,255,255,90,92,255,255,255"
2023-11-29T13:47:27.048,273.2464521685347,348.3073700950947,0.18287176587720907,"69,69,0,255,0,94,2,0,0,255,28,28,255,0,0,58,58,255,255,0,88,88,255,0,255,60,64,0,255,255,91,93,255,255,255"
2023-11-29T13:47:27.058,273.9053754257525,351.6407950684403,0.036893579310207744,"64,64,0,255,0,92,100,0,0,255,28,28,255,0,0,60,60,255,255,0,93,93,255,0,255,59,63,0,255,255,92,94,255,255,255"
2023-11-29T13:47:27.161,275.8512191187899,355.4239117104578,-0.1595202871565485,"58,58,0,255,0,89,97,0,0,255,28,28,255,0,0,64,64,255,255,0,99,99,255,0,255,57,61,0,255,255,94,96,255,255,255"
2023-11-29T13:47:27.273,277.43378804909196,357.2940919184704,-0.41002574262976604,"50,50,0,255,0,85,93,0,0,255,28,28,255,0,0,68,68,255,255,0,7,7,255,0,255,55,59,0,255,255,96,98,255,255,255"
2023-11-29T13:47:27.367,274.826772246313,362.3132960147143,-0.5691487025203497,"45,45,0,255,0,82,90,0,0,255,28,28,255,0,0,70,70,255,255,0,12,12,255,0,255,54,58,0,255,255,97,99,255,255,255"
2023-11-29T13:47:27.457,274.58290662618697,368.48255271843425,-0.6115680670167856,"43,43,0,255,0,82,90,0,0,255,28,28,255,0,0,71,71,255,255,0,13,13,255,0,255,54,58,0,255,255,97,99,255,255,255"
2023-11-29T13:47:27.573,272.7621275423468,373.2877366930559,-0.6988874169504005,"41,41,0,255,0,80,88,0,0,255,28,28,255,0,0,72,72,255,255,0,16,16,255,0,255,53,57,0,255,255,98,100,255,255,255"
2023-11-29T13:47:27.656,272.30649605219435,377.7579078665889,-0.7350600027351772,"39,39,0,255,0,80,88,0,0,255,28,28,255,0,0,73,73,255,255,0,17,17,255,0,255,53,57,0,255,255,98,100,255,255,255"
2023-11-29T13:47:27.772,271.8347897405998,378.8182203409175,-0.7682429799228397,"38,38,0,255,0,79,87,0,0,255,28,28,255,0,0,73,73,255,255,0,18,18,255,0,255,52,56,0,255,255,98,100,255,255,255"
2023-11-29T13:47:27.856,271.876796169733,379.49736818434496,-0.7581263049313144,"39,39,0,255,0,79,87,0,0,255,28,28,255,0,0,73,73,255,255,0,18,18,255,0,255,52,56,0,255,255,98,100,255,255,255"
2023-11-29T13:47:27.973,271.6142702711349,380.9148164297999,-0.740192361941736,"39,39,0,255,0,80,88,0,0,255,28,28,255,0,0,73,73,255,255,0,17,17,255,0,255,53,57,0,255,255,98,100,255,255,255"
2023-11-29T13:47:28.056,269.62618471784816,383.5037157340694,-0.6881385996187852,"41,41,0,255,0,81,89,0,0,255,28,28,255,0,0,72,72,255,255,0,16,16,255,0,255,53,57,0,255,255,98,100,255,255,255"
2023-11-29T13:47:28.168,268.5023064407335,386.6370904307763,-0.5553801234040776,"45,45,0,255,0,83,91,0,0,255,28,28,255,0,0,70,70,255,255,0,11,11,255,0,255,54,58,0,255,255,97,99,255,255,255"
2023-11-29T13:47:28.253,270.1575214287788,386.05993232568835,-0.44546322169979763,"49,49,0,255,0,84,92,0,0,255,28,28,255,0,0,68,68,255,255,0,8,8,255,0,255,55,59,0,255,255,96,98,255,255,255"
2023-11-29T13:47:28.354,271.5957673400293,382.97000252039027,-0.42110805568008214,"49,49,0,255,0,85,93,0,0,255,28,28,255,0,0,68,68,255,255,0,7,7,255,0,255,55,59,0,255,255,96,98,255,255,255"
2023-11-29T13:47:28.460,272.2699728114029,379.0654119976066,-0.35879181363538215,"51,51,0,255,0,86,94,0,0,255,28,28,255,0,0,67,67,255,255,0,5,5,255,0,255,56,60,0,255,255,95,97,255,255,255"
2023-11-29T13:47:28.568,273.23653478831216,378.21654032649826,-0.26488597667602387,"54,54,0,255,0,87,95,0,0,255,28,28,255,0,0,65,65,255,255,0,2,2,255,0,255,56,60,0,255,255,94,96,255,255,255"
2023-11-29T13:47:28.654,279.4641640037557,377.31293796882227,-0.1462382609144414,"58,58,0,255,0,89,97,0,0,255,28,28,255,0,0,63,63,255,255,0,98,98,255,0,255,57,61,0,255,255,93,95,255,255,255"
2023-11-29T13:47:28.769,284.39547125798305,372.73149430552644,0.07798884507590352,"65,65,0,255,0,93,1,0,0,255,28,28,255,0,0,60,60,255,255,0,91,91,255,0,255,59,63,0,255,255,92,94,255,255,255"
2023-11-29T13:47:28.853,281.07620076959626,372.8000124884364,0.2214755581894246,"70,70,0,255,0,95,3,0,0,255,28,28,255,0,0,57,57,255,255,0,87,87,255,0,255,60,64,0,255,255,90,92,255,255,255"
2023-11-29T13:47:28.969,279.26117700731425,380.4189983676283,0.3307618998420164,"73,73,0,255,0,97,5,0,0,255,28,28,255,0,0,56,56,255,255,0,83,83,255,0,255,61,65,0,255,255,90,92,255,255,255"
2023-11-29T13:47:29.054,276.2037717494287,387.00084522671824,0.48118354365909854,"78,78,0,255,0,99,7,0,0,255,28,28,255,0,0,53,53,255,255,0,78,78,255,0,255,62,66,0,255,255,88,90,255,255,255"
2023-11-29T13:47:29.169,273.611493675083,391.3881470928344,0.5331093618519943,"80,80,0,255,0,100,8,0,0,255,28,28,255,0,0,53,53,255,255,0,77,77,255,0,255,63,67,0,255,255,88,90,255,255,255"
2023-11-29T13:47:29.264,273.76598737683275,394.20444353981304,0.5934292308222707,"82,82,0,255,0,1,9,0,0,255,28,28,255,0,0,52,52,255,255,0,75,75,255,0,255,63,67,0,255,255,88,90,255,255,255"
2023-11-29T13:47:29.353,273.0307046614681,395.4168331970941,0.6411456248660437,"83,83,0,255,0,2,10,0,0,255,28,28,255,0,0,51,51,255,255,0,73,73,255,0,255,64,68,0,255,255,87,89,255,255,255"
2023-11-29T13:47:29.458,272.4629348109662,392.4424458106708,0.6486099332719233,"83,83,0,255,0,2,10,0,0,255,28,28,255,0,0,51,51,255,255,0,73,73,255,0,255,64,68,0,255,255,87,89,255,255,255"
2023-11-29T13:47:29.550,271.86838535498146,388.8561228515365,0.6560139354356355,"84,84,0,255,0,2,10,0,0,255,28,28,255,0,0,51,51,255,255,0,73,73,255,0,255,64,68,0,255,255,87,89,255,255,255"
2023-11-29T13:47:29.651,271.5880900708247,389.4110927641931,0.6719610663044,"84,84,0,255,0,2,10,0,0,255,28,28,255,0,0,50,50,255,255,0,72,72,255,0,255,64,68,0,255,255,87,89,255,255,255"
2023-11-29T13:47:29.764,269.68812817805724,389.2092803942352,0.6765131023775702,"84,84,0,255,0,2,10,0,0,255,28,28,255,0,0,50,50,255,255,0,72,72,255,0,255,64,68,0,255,255,87,89,255,255,255"
2023-11-29T13:47:29.851,269.02908339798284,388.7605294162887,0.6714825815951622,"84,84,0,255,0,2,10,0,0,255,28,28,255,0,0,50,50,255,255,0,72,72,255,0,255,64,68,0,255,255,87,89,255,255,255"
2023-11-29T13:47:29.954,268.0293901645007,388.51957511545476,0.6747691619032047,"84,84,0,255,0,2,10,0,0,255,28,28,255,0,0,50,50,255,255,0,72,72,255,0,255,64,68,0,255,255,87,89,255,255,255"
2023-11-29T13:47:30.048,267.0224451646253,389.3193340654993,0.685444011583261,"85,85,0,255,0,2,10,0,0,255,28,28,255,0,0,50,50,255,255,0,72,72,255,0,255,64,68,0,255,255,87,89,255,255,255"
2023-11-29T13:47:30.148,263.8478262352054,390.644918643647,0.7272428160514096,"0,0,255,0,0,26,26,0,255,0,50,50,0,0,255"
2023-11-29T13:47:30.249,258.7589789710753,393.31358299924125,0.5630903507520397,"0,0,255,0,0,26,26,0,255,0,50,50,0,0,255"
2023-11-29T13:47:30.359,260.7166812271641,403.5062193541845,0.41895569459947907,"0,0,255,0,0,26,26,0,255,0,50,50,0,0,255"
2023-11-29T13:47:30.465,260.9013581178854,410.0291213726115,0.2611035827001352,"0,0,255,0,0,26,26,0,255,0,50,50,0,0,255"
2023-11-29T13:47:30.548,263.09385497384096,410.57166935683296,0.1830295456817105,"0,0,255,0,0,26,26,0,255,0,50,50,0,0,255"
2023-11-29T13:47:30.667,267.09153325764885,413.3941182964196,0.29654176180362996,"0,0,255,0,0,26,26,0,255,0,50,50,0,0,255"
2023-11-29T13:47:30.752,265.79221048548885,408.54079747607614,0.5053292021565906,"0,0,255,0,0,26,26,0,255,0,50,50,0,0,255"
2023-11-29T13:47:30.850,262.9185069172523,403.93331633646926,0.8054290729286021,"0,0,255,0,0,26,26,0,255,0,50,50,0,0,255"
2023-11-29T13:47:30.954,263.6354898763132,400.7045286392688,1.1352586114203642,"0,0,255,0,0,26,26,0,255,0,50,50,0,0,255"
2023-11-29T13:47:31.048,265.90089130229353,399.58145579207303,1.303256789611413,"0,0,255,0,0,26,26,0,255,0,50,50,0,0,255"
2023-11-29T13:47:31.145,272.1026499610929,403.09091928196557,1.4382157855305273,"0,0,255,0,0,26,26,0,255,0,50,50,0,0,255"
2023-11-29T13:47:31.244,274.86210331424127,401.6250008278938,1.5188983061616737,"0,0,255,0,0,26,26,0,255,0,50,50,0,0,255"
2023-11-29T13:47:31.348,282.35297407300385,398.33048055991924,1.635398860559368,"0,0,255,0,0,26,26,0,255,0,50,50,0,0,255"
2023-11-29T13:47:31.454,288.99103494025667,398.6093307762633,1.660844607866592,"0,0,255,0,0,26,26,0,255,0,50,50,0,0,255"
2023-11-29T13:47:31.545,288.1375193106037,398.2723720276241,1.6137035502744759,"0,0,255,0,0,26,26,0,255,0,50,50,0,0,255"
2023-11-29T13:47:31.651,288.71665093808315,394.9379641716714,1.507178797040081,"0,0,255,0,0,26,26,0,255,0,50,50,0,0,255"
2023-11-29T13:47:31.749,288.24726887124154,397.4905486787727,1.3702152315320362,"0,0,255,0,0,26,26,0,255,0,50,50,0,0,255"
2023-11-29T13:47:31.864,286.97979736019823,399.6062479037465,1.2526808117306512,"0,0,255,0,0,26,26,0,255,0,50,50,0,0,255"
2023-11-29T13:47:31.950,286.7726278768763,400.8285924851694,1.2164201225502649,"0,0,255,0,0,26,26,0,255,0,50,50,0,0,255"
2023-11-29T13:47:32.049,286.0872719426053,401.43852556350816,1.1552664368807124,"0,0,255,0,0,26,26,0,255,0,50,50,0,0,255"
2023-11-29T13:47:32.163,283.9282188166261,400.75266586926136,1.1076762170403662,"0,0,255,0,0,26,26,0,255,0,50,50,0,0,255"
2023-11-29T13:47:32.245,279.89213677907156,398.6415633831734,1.0006028117825763,"0,0,255,0,0,26,26,0,255,0,50,50,0,0,255"
2023-11-29T13:47:32.351,279.99256498922585,400.0364086863872,0.965968118228608,"0,0,255,0,0,26,26,0,255,0,50,50,0,0,255"
2023-11-29T13:47:32.458,277.91945370304745,401.68599774863367,0.9261201603170595,"0,0,255,0,0,26,26,0,255,0,50,50,0,0,255"
2023-11-29T13:47:32.560,273.49722818740787,404.7979955194646,0.8529181386321827,"0,0,255,0,0,26,26,0,255,0,50,50,0,0,255"
2023-11-29T13:47:32.642,271.61881819128246,413.74718537258383,0.8166809483234404,"0,0,255,0,0,26,26,0,255,0,50,50,0,0,255"
2023-11-29T13:47:32.760,271.237859797449,422.22437721369363,0.7942252114685997,"0,0,255,0,0,26,26,0,255,0,50,50,0,0,255"
2023-11-29T13:47:32.844,269.6459227864317,427.9387100006031,0.7483295866684707,"0,0,255,0,0,26,26,0,255,0,50,50,0,0,255"
2023-11-29T13:47:32.946,262.5629185263515,442.17780571015874,0.7033334077901838,"0,0,255,0,0,26,26,0,255,0,50,50,0,0,255"
2023-11-29T13:47:33.046,261.8130311139745,463.1322758641229,0.6543662170855998,"0,0,255,0,0,26,26,0,255,0,50,50,0,0,255"
2023-11-29T13:47:33.143,264.7621918738779,466.5465807376006,0.6281913318770309,"0,0,255,0,0,26,26,0,255,0,50,50,0,0,255"
2023-11-29T13:47:33.248,269.0726430129152,450.0571096326256,0.6555999385014262,"0,0,255,0,0,26,26,0,255,0,50,50,0,0,255"
2023-11-29T13:47:33.348,269.0305036173834,431.0534005557095,0.6856810750116664,"0,0,255,0,0,26,26,0,255,0,50,50,0,0,255"
2023-11-29T13:47:33.442,271.1391128980383,419.62571684483646,0.7482545376589391,"0,0,255,0,0,26,26,0,255,0,50,50,0,0,255"
2023-11-29T13:47:33.550,277.7533470760694,405.1758190474466,0.8306471040566713,"0,0,255,0,0,26,26,0,255,0,50,50,0,0,255"
2023-11-29T13:47:33.640,286.8133969428485,386.43040704269305,0.9340938894394142,"0,0,255,0,0,26,26,0,255,0,50,50,0,0,255"
2023-11-29T13:47:33.741,296.1191612504833,367.2748438182086,0.9946868956645134,"0,0,255,0,0,26,26,0,255,0,50,50,0,0,255"
2023-11-29T13:47:33.837,302.3600756622338,348.283564332346,1.0436165491942935,"0,0,255,0,0,26,26,0,255,0,50,50,0,0,255"
2023-11-29T13:47:33.940,304.8763098775366,338.23040155954203,1.0669542300834025,"0,0,255,0,0,26,26,0,255,0,50,50,0,0,255"
2023-11-29T13:47:34.040,305.48962748293775,331.02093852596647,1.066015496959374,"0,0,255,0,0,26,26,0,255,0,50,50,0,0,255"
2023-11-29T13:47:34.141,306.4371871647933,323.3046545403275,1.077140124420716,"0,0,255,0,0,26,26,0,255,0,50,50,0,0,255"
2023-11-29T13:47:34.237,307.2243930450743,316.98776592209754,1.0788225477221198,"18,28,100,255,0,51,53,41,128,255"
2023-11-29T13:47:34.338,307.85750652582055,314.6656115005863,1.074977406473339,"18,28,100,255,0,51,53,41,128,255"
2023-11-29T13:47:34.441,308.335951158811,313.07091033755614,1.0762761432471382,"18,28,100,255,0,51,53,41,128,255"
2023-11-29T13:47:34.538,308.30293064796973,311.9889224462415,1.0711046385355787,"18,28,100,255,0,51,53,41,128,255"
2023-11-29T13:47:34.637,305.5213605175708,310.64993106698154,1.0311775176591416,"17,27,100,255,0,52,54,41,128,255"
2023-11-29T13:47:34.753,302.4912706110167,311.119164111543,0.9154309567939425,"14,24,100,255,0,53,55,41,128,255"
2023-11-29T13:47:34.837,301.72095554622007,314.9223380200498,0.8346453926445173,"12,22,100,255,0,54,56,41,128,255"
2023-11-29T13:47:34.936,297.990357682894,316.9398751728477,0.7247395182679579,"9,19,100,255,0,55,57,41,128,255"
2023-11-29T13:47:35.038,290.490730431026,324.0002399823263,0.57666315414589,"6,16,100,255,0,57,59,41,128,255"
2023-11-29T13:47:35.138,282.5845184623887,333.6681977322649,0.35854669000874173,"1,11,100,255,0,60,62,41,128,255"
2023-11-29T13:47:35.233,279.5847759733757,342.02524074083766,0.13895240994722258,"95,5,100,255,0,63,65,41,128,255"
2023-11-29T13:47:35.333,278.4669430103564,345.2146462889973,-0.030659430214636487,"91,1,100,255,0,65,67,41,128,255"
2023-11-29T13:47:35.437,277.01574269854393,348.79350505095704,-0.1105367707863706,"89,99,100,255,0,66,68,41,128,255"
2023-11-29T13:47:35.550,278.31227583311886,349.8304010260149,0.038976700658372915,"93,3,100,255,0,64,66,41,128,255"
2023-11-29T13:47:35.632,276.1891187867168,346.6501863721239,0.25622105560359626,"98,8,100,255,0,61,63,41,128,255"
2023-11-29T13:47:35.751,272.39301490157266,343.3196779730096,0.4428312398529446,"3,13,100,255,0,59,61,41,128,255"
2023-11-29T13:47:35.832,271.20503706258677,341.0974747989512,0.5910496681376679,"6,16,100,255,0,57,59,41,128,255"
2023-11-29T13:47:35.949,272.9767545509353,343.1992022066138,0.7025125915111347,"9,19,100,255,0,56,58,41,128,255"
2023-11-29T13:47:36.032,273.24344324453057,342.8870176509895,0.7753784071247105,"11,21,100,255,0,55,57,41,128,255"
2023-11-29T13:47:36.134,273.828276666118,344.4491180715195,0.8427822205267177,"12,22,100,255,0,54,56,41,128,255"
2023-11-29T13:47:36.246,276.4771562375681,346.58258924942913,0.9029412003653874,"14,24,100,255,0,53,55,41,128,255"
2023-11-29T13:47:36.332,280.2943442721845,345.9931136219603,0.9747549095404853,"15,25,100,255,0,52,54,41,128,255"
2023-11-29T13:47:36.449,281.79671430672033,347.0225555602294,1.0495520967258112,"17,27,100,255,0,51,53,41,128,255"
2023-11-29T13:47:36.533,285.1331070402495,345.5304172778235,1.1288146531907097,"19,29,100,255,0,50,52,41,128,255"
2023-11-29T13:47:36.629,290.7938913343031,347.8911669639858,1.2107402955948032,"21,31,100,255,0,49,51,41,128,255"
2023-11-29T13:47:36.728,292.93336936860874,347.22341436260496,1.2627598809247635,"22,32,100,255,0,49,51,41,128,255"
2023-11-29T13:47:36.830,293.8417718824419,347.8926400799975,1.2944161461522283,"23,33,100,255,0,48,50,41,128,255"
2023-11-29T13:47:36.938,293.94963962427283,345.4366108043239,1.3262152546128592,"24,34,100,255,0,48,50,41,128,255"
2023-11-29T13:47:37.028,294.8241069181797,338.46391669840534,1.3665973588427438,"25,35,100,255,0,47,49,41,128,255"
2023-11-29T13:47:37.128,296.3901644146755,338.3165958905436,1.365155059799104,"25,35,100,255,0,47,49,41,128,255"
2023-11-29T13:47:37.236,294.47421226801987,337.5227865852271,1.3386001496251287,"24,34,100,255,0,48,50,41,128,255"
2023-11-29T13:47:37.332,289.4586570096012,336.16933954469675,1.2671526728450555,"22,32,100,255,0,49,51,41,128,255"
2023-11-29T13:47:37.430,281.6926729874209,337.8563826303126,1.0405281689291417,"17,27,100,255,0,51,53,41,128,255"
2023-11-29T13:47:37.529,273.9709764060849,344.08363700380266,0.7416196115487408,"10,20,100,255,0,55,57,41,128,255"
2023-11-29T13:47:37.628,275.76843518969144,355.2595615858736,0.5789260178867759,"6,16,100,255,0,57,59,41,128,255"
2023-11-29T13:47:37.731,270.7924358034425,358.010913493708,0.37135997576122287,"1,11,100,255,0,60,62,41,128,255"
2023-11-29T13:47:37.828,264.35743721672065,360.39146554554355,0.18846214554295646,"97,7,100,255,0,62,64,41,128,255"
2023-11-29T13:47:37.930,261.70701066750246,362.01404053633826,0.10305840311454524,"95,5,100,255,0,63,65,41,128,255"
2023-11-29T13:47:38.026,260.421210033459,361.8780811172037,0.08707647119478369,"94,4,100,255,0,64,66,41,128,255"
2023-11-29T13:47:38.131,261.47709422243656,364.92888186490836,0.10386979374609404,"95,5,100,255,0,63,65,41,128,255"
2023-11-29T13:47:38.225,260.21779229082614,364.3915639326953,0.11412171048894354,"0,0,0,255,0"
2023-11-29T13:47:38.327,263.6965548678923,371.7231429383073,0.3589079158767231,"0,0,0,255,0"
2023-11-29T13:47:38.427,269.37011843121525,377.64799266329425,0.7357721276086534,"0,0,0,255,0"
2023-11-29T13:47:38.531,270.71390765945137,377.0458888003957,0.865452962139371,"0,0,0,255,0"
2023-11-29T13:47:38.626,271.9436988514335,379.1379733239098,0.9591886518060742,"0,0,0,255,0"
2023-11-29T13:47:38.734,274.71688078697383,382.20043554188663,1.084418710852345,"0,0,0,255,0"
2023-11-29T13:47:38.826,275.2743387308974,381.93594978316355,1.0136864368806422,"0,0,0,255,0"
2023-11-29T13:47:38.934,275.4005331384378,378.9062416407105,0.8112915688632899,"0,0,0,255,0"
2023-11-29T13:47:39.136,275.6724557877692,378.83831473113617,0.5023869536214668,"0,0,0,255,0"
2023-11-29T13:47:39.224,273.83142198062797,382.2111330133165,0.2759443978756349,"0,0,0,255,0"
2023-11-29T13:47:39.331,273.881529594379,387.5541448890541,0.14696014575003596,"0,0,0,255,0"
2023-11-29T13:47:39.431,277.33810224150506,388.6291781229407,0.25479061015009824,"0,0,0,255,0"
2023-11-29T13:47:39.531,279.65754920352055,386.04220388377405,0.47450595341649004,"0,0,0,255,0"
2023-11-29T13:47:39.620,281.27711691257423,383.80289433209646,0.7548121601148223,"0,0,0,255,0"
2023-11-29T13:47:39.722,283.665077421103,382.8050639967244,0.9350759695288269,"0,0,0,255,0"
2023-11-29T13:47:39.823,285.9997917102118,381.312572651668,1.0097629098284375,"0,0,0,255,0"
2023-11-29T13:47:39.926,289.6645612773484,378.65656094211215,1.0633363968123608,"0,0,0,255,0"
2023-11-29T13:47:40.023,292.24943663486175,377.27951863035565,1.0872938026996684,"0,0,0,255,0"
2023-11-29T13:47:40.129,291.57339429732093,376.9389707941016,1.0731171687871788,"0,0,0,255,0"
2023-11-29T13:47:40.222,290.50368533522897,377.78071768838277,1.0713555832231225,"0,0,0,255,0"
2023-11-29T13:47:40.331,289.83412172802014,379.0684082991139,1.0584526019859266,"0,0,0,255,0"
2023-11-29T13:47:40.429,289.2982899100295,377.8642988466683,1.0519822008109867,"0,0,0,255,0"
2023-11-29T13:47:40.523,290.3852410203298,379.4151639446928,1.046530476271958,"0,0,0,255,0"
2023-11-29T13:47:40.631,287.74828776565084,376.09966917768895,1.00691058636567,"0,0,0,255,0"
2023-11-29T13:47:40.725,281.08404810442255,380.21054437091146,0.749026632520218,"0,0,0,0,0"
2023-11-29T13:47:40.823,282.4472346487038,384.7436047921075,0.670722110924231,"0,0,0,0,0"
2023-11-29T13:47:40.917,282.31448322327185,389.77056414257754,0.4391051394096731,"0,0,0,0,0"
2023-11-29T13:47:41.031,278.17304012233296,399.3738248170009,0.1514980274940346,"0,0,0,0,0"
2023-11-29T13:47:41.118,277.1942741965652,399.3940890020813,0.012620930918015413,"0,0,0,0,0"
2023-11-29T13:47:41.220,278.7413517561347,398.9004001294818,-0.020797584551941712,"0,0,0,0,0"
2023-11-29T13:47:41.318,279.5330307863487,398.12526007843667,0.039996013072141415,"0,0,0,0,0"
2023-11-29T13:47:41.421,281.0928620486833,396.7960445166465,0.08530708177488132,"0,0,0,0,0"
2023-11-29T13:47:41.522,281.73297484344755,399.3480381415501,0.09270890537355488,"0,0,0,0,0"
2023-11-29T13:47:41.631,282.580549032633,400.0927866487991,0.10401747032397554,"0,0,0,0,0"
2023-11-29T13:47:41.728,282.51473445702277,396.3582308428786,0.10322348696604816,"0,0,0,0,0"
2023-11-29T13:47:41.817,280.18849158951883,392.4802834441103,-0.1701859747405991,"0,0,0,0,0"
2023-11-29T13:47:41.927,284.04231216129284,396.0469770657987,-0.26755588723403545,"0,0,0,0,0"
2023-11-29T13:47:42.023,287.20281222532674,396.40889551605636,-0.22433730235631216,"0,0,0,0,0"
2023-11-29T13:47:42.122,289.14121756681163,398.90494164279687,-0.21345676072270062,"0,0,0,0,0"
2023-11-29T13:47:42.225,289.8879039248328,401.58313145436125,-0.19530609595026427,"0,0,0,0,0"
2023-11-29T13:47:42.316,290.3949463655488,402.50129558926903,-0.17961593761852185,"0,0,0,0,0"
2023-11-29T13:47:42.415,291.37521581230504,403.91125206577067,-0.16786476860137117,"0,0,0,0,0"
2023-11-29T13:47:42.528,290.7750152527515,404.74514064411767,-0.16156047756169514,"0,0,0,0,0"
2023-11-29T13:47:42.631,290.9800818692878,406.4765016707511,-0.16030285282241777,"0,0,0,0,0"
2023-11-29T13:47:42.713,291.10074656021266,405.66993526957174,-0.169204934639242,"0,0,0,0,0"
2023-11-29T13:47:42.830,292.2813318955365,403.0283329088238,-0.1615499956153227,"0,0,0,0,0"
2023-11-29T13:47:42.914,292.3244264058187,399.7068588985675,-0.16295788015691237,"0,0,0,0,0"
2023-11-29T13:47:43.032,293.06042195953006,399.3374852146228,-0.15861468691575445,"0,0,0,0,0"
2023-11-29T13:47:43.112,292.51751945679746,399.053552037351,-0.15424890754421228,"0,0,0,0,0"
2023-11-29T13:47:43.234,291.92632633603864,399.3884820873491,-0.14994616492575996,"0,0,0,0,0"
2023-11-29T13:47:43.315,288.2873127068303,400.60042092363244,-0.25871322867567664,"81,81,0,255,0,1,9,0,0,255,28,28,255,0,0,52,52,255,255,0,75,75,255,0,255,63,67,0,255,255,88,90,255,255,255"
2023-11-29T13:47:43.429,288.42239049389616,412.5697092927112,-0.4779083860615007,"74,74,0,255,0,97,5,0,0,255,28,28,255,0,0,55,55,255,255,0,82,82,255,0,255,61,65,0,255,255,89,91,255,255,255"
2023-11-29T13:47:43.512,289.0494444631396,418.01810084390695,-0.38576965602968627,"77,77,0,255,0,99,7,0,0,255,28,28,255,0,0,54,54,255,255,0,79,79,255,0,255,62,66,0,255,255,89,91,255,255,255"
2023-11-29T13:47:43.634,292.98720280642897,412.2518689231056,-0.2659659249908613,"81,81,0,255,0,1,9,0,0,255,28,28,255,0,0,52,52,255,255,0,76,76,255,0,255,63,67,0,255,255,88,90,255,255,255"
2023-11-29T13:47:43.709,292.95102096095957,407.2817950370411,-0.20043765479825587,"83,83,0,255,0,2,10,0,0,255,28,28,255,0,0,51,51,255,255,0,74,74,255,0,255,64,68,0,255,255,87,89,255,255,255"
2023-11-29T13:47:43.821,291.343339357045,405.874495721577,-0.12274737129190116,"85,85,0,255,0,3,11,0,0,255,28,28,255,0,0,50,50,255,255,0,71,71,255,0,255,64,68,0,255,255,87,89,255,255,255"
2023-11-29T13:47:43.909,290.50247515004764,404.568716301736,-0.01770211241659442,"89,89,0,255,0,5,13,0,0,255,28,28,255,0,0,48,48,255,255,0,68,68,255,0,255,65,69,0,255,255,86,88,255,255,255"
2023-11-29T13:47:44.026,284.45215286529947,400.0389042504013,0.18726295043644964,"95,95,0,255,0,8,16,0,0,255,28,28,255,0,0,45,45,255,255,0,61,61,255,0,255,67,71,0,255,255,84,86,255,255,255"
2023-11-29T13:47:44.125,283.69882079241313,402.45815040201614,0.440101991593512,"3,3,0,255,0,12,20,0,0,255,28,28,255,0,0,41,41,255,255,0,53,53,255,0,255,69,73,0,255,255,82,84,255,255,255"
2023-11-29T13:47:44.211,285.2543677079943,403.26122488206806,0.5578397682041623,"7,7,0,255,0,14,22,0,0,255,28,28,255,0,0,39,39,255,255,0,49,49,255,0,255,70,74,0,255,255,81,83,255,255,255"
2023-11-29T13:47:44.325,289.05872223350485,402.29061531280877,0.6504369485238054,"10,10,0,255,0,15,23,0,0,255,28,28,255,0,0,37,37,255,255,0,46,46,255,0,255,70,74,0,255,255,80,82,255,255,255"
2023-11-29T13:47:44.411,291.36018752463843,402.29053467923256,0.7412678643044038,"13,13,0,255,0,17,25,0,0,255,28,28,255,0,0,36,36,255,255,0,44,44,255,0,255,71,75,0,255,255,80,82,255,255,255"
2023-11-29T13:47:44.525,291.7460310781845,407.5673424407347,0.7907124118080898,"15,15,0,255,0,17,25,0,0,255,28,28,255,0,0,35,35,255,255,0,42,42,255,0,255,71,75,0,255,255,79,81,255,255,255"
2023-11-29T13:47:44.612,290.20787100722976,404.25464606967546,0.7195562446409414,"12,12,0,255,0,16,24,0,0,255,28,28,255,0,0,36,36,255,255,0,44,44,255,0,255,71,75,0,255,255,80,82,255,255,255"
2023-11-29T13:47:44.724,283.40401551943813,394.89915345498514,0.5707072384915065,"8,8,0,255,0,14,22,0,0,255,28,28,255,0,0,39,39,255,255,0,49,49,255,0,255,70,74,0,255,255,81,83,255,255,255"
2023-11-29T13:47:44.813,281.1001100615247,389.62891990842803,0.5028754514915273,"5,5,0,255,0,13,21,0,0,255,28,28,255,0,0,40,40,255,255,0,51,51,255,0,255,69,73,0,255,255,82,84,255,255,255"
2023-11-29T13:47:44.925,278.0023354246765,384.5182209121306,0.39735969873390814,"2,2,0,255,0,11,19,0,0,255,28,28,255,0,0,41,41,255,255,0,55,55,255,0,255,68,72,0,255,255,82,84,255,255,255"
2023-11-29T13:47:45.024,278.11266404623353,387.37951765255536,0.3623093140112923,"1,1,0,255,0,11,19,0,0,255,28,28,255,0,0,42,42,255,255,0,56,56,255,0,255,68,72,0,255,255,83,85,255,255,255"
2023-11-29T13:47:45.112,274.6644619826592,386.57803340909504,0.22861690119954886,"97,97,0,255,0,8,16,0,0,255,28,28,255,0,0,44,44,255,255,0,60,60,255,0,255,67,71,0,255,255,84,86,255,255,255"
2023-11-29T13:47:45.211,271.3382545449899,390.4131555757384,0.00322530870426692,"0,0,255,0,0,26,26,0,255,0,50,50,0,0,255"
2023-11-29T13:47:45.307,269.3765304846106,407.6427794501865,-0.19023908742761517,"0,0,255,0,0,26,26,0,255,0,50,50,0,0,255"
2023-11-29T13:47:45.406,269.31991003380307,413.7735048918932,-0.27642151904035145,"0,0,255,0,0,26,26,0,255,0,50,50,0,0,255"
2023-11-29T13:47:45.505,268.0505303193868,414.7079526589911,-0.2768274925600812,"0,0,255,0,0,26,26,0,255,0,50,50,0,0,255"
2023-11-29T13:47:45.609,265.3112518007186,412.2662815078295,-0.2623519593870991,"0,0,255,0,0,26,26,0,255,0,50,50,0,0,255"
2023-11-29T13:47:45.721,262.87277575453925,408.75750229083445,-0.10568941727333324,"0,0,255,0,0,26,26,0,255,0,50,50,0,0,255"
2023-11-29T13:47:45.807,259.23931279346823,411.5650211187318,0.2657268298314248,"0,0,255,0,0,26,26,0,255,0,50,50,0,0,255"
2023-11-29T13:47:45.924,260.0188046681258,410.8041554424541,0.4861626494518359,"0,0,255,0,0,26,26,0,255,0,50,50,0,0,255"
2023-11-29T13:47:46.005,267.004342800642,412.4853447981982,0.6478187094044345,"0,0,255,0,0,26,26,0,255,0,50,50,0,0,255"
2023-11-29T13:47:46.122,277.17981508550895,418.43043479335233,0.7994806501238964,"0,0,255,0,0,26,26,0,255,0,50,50,0,0,255"
2023-11-29T13:47:46.205,284.512603118294,416.30449087199213,0.8583699055342147,"0,0,255,0,0,26,26,0,255,0,50,50,0,0,255"
2023-11-29T13:47:46.320,282.51111571390584,414.2197394871986,0.7970049268676273,"0,0,255,0,0,26,26,0,255,0,50,50,0,0,255"
2023-11-29T13:47:46.419,274.7446534738628,407.04776242885464,0.6543194128603407,"0,0,255,0,0,26,26,0,255,0,50,50,0,0,255"
2023-11-29T13:47:46.506,268.86957351502394,406.522757805949,0.4594782351848848,"0,0,255,0,0,26,26,0,255,0,50,50,0,0,255"
2023-11-29T13:47:46.619,258.3571682648329,408.07170225931134,0.14296715800036128,"0,0,255,0,0,26,26,0,255,0,50,50,0,0,255"
2023-11-29T13:47:46.704,252.5333039172069,406.5344582241124,-0.13771902160972893,"0,0,255,0,0,26,26,0,255,0,50,50,0,0,255"
2023-11-29T13:47:46.805,249.227352454383,408.1002959705669,-0.29432772138870317,"0,0,255,0,0,26,26,0,255,0,50,50,0,0,255"
2023-11-29T13:47:46.918,248.99260189659788,407.8422359947675,-0.35759298628485015,"0,0,255,0,0,26,26,0,255,0,50,50,0,0,255"
2023-11-29T13:47:47.001,245.20921129241754,400.71792899571335,-0.5318643067476103,"0,0,255,0,0,26,26,0,255,0,50,50,0,0,255"
2023-11-29T13:47:47.118,246.10182820989195,414.24563578075674,-0.6595615219840628,"0,0,255,0,0,26,26,0,255,0,50,50,0,0,255"
2023-11-29T13:47:47.201,247.85959861576998,423.34492354701854,-0.7203635748943554,"0,0,255,0,0,26,26,0,255,0,50,50,0,0,255"
2023-11-29T13:47:47.318,248.74238741229172,430.93512778729325,-0.7640698606800974,"0,0,255,0,0,26,26,0,255,0,50,50,0,0,255"
2023-11-29T13:47:47.402,253.33096443280343,435.8040931513064,-0.6929161568227857,"0,0,255,0,0,26,26,0,255,0,50,50,0,0,255"
2023-11-29T13:47:47.502,251.26657768192595,437.6875670263773,-0.5789944876498355,"0,0,255,0,0,26,26,0,255,0,50,50,0,0,255"
2023-11-29T13:47:47.620,244.65650271154215,453.8546993382174,-0.12633873861283781,"0,0,255,0,0,26,26,0,255,0,50,50,0,0,255"
2023-11-29T13:47:47.701,238.07791984836047,464.244500786524,0.25483489746409865,"0,0,255,0,0,26,26,0,255,0,50,50,0,0,255"
2023-11-29T13:47:48.017,226.91462052964226,451.3082601542402,0.6686422232487791,"10,10,0,255,0,15,23,0,0,255,28,28,255,0,0,37,37,255,255,0,47,47,255,0,255,70,74,0,255,255,80,82,255,255,255"
2023-11-29T13:47:48.097,235.24697143340475,459.9465186915687,0.856502250304953,"16,16,0,255,0,18,26,0,0,255,28,28,255,0,0,35,35,255,255,0,41,41,255,0,255,72,76,0,255,255,79,81,255,255,255"
2023-11-29T13:47:48.200,244.83735954967784,473.70451365145277,0.9345991952847059,"18,18,0,255,0,19,27,0,0,255,28,28,255,0,0,33,33,255,255,0,38,38,255,0,255,72,76,0,255,255,78,80,255,255,255"
2023-11-29T13:47:48.299,250.97328218264602,477.6894756104921,1.0789301600452894,"23,23,0,255,0,22,30,0,0,255,28,28,255,0,0,31,31,255,255,0,34,34,255,0,255,74,78,0,255,255,77,79,255,255,255"
2023-11-29T13:47:48.397,265.4404084252802,473.5320261510817,1.2497527969685756,"28,28,0,255,0,24,32,0,0,255,28,28,255,0,0,28,28,255,255,0,28,28,255,0,255,75,79,0,255,255,76,78,255,255,255"
2023-11-29T13:47:48.507,278.7367792838403,470.17069315189764,1.270169532721424,"29,29,0,255,0,25,33,0,0,255,28,28,255,0,0,28,28,255,255,0,28,28,255,0,255,75,79,0,255,255,76,78,255,255,255"
2023-11-29T13:47:48.599,287.64814369783846,463.23587922141695,1.2832645110216707,"29,29,0,255,0,25,33,0,0,255,28,28,255,0,0,28,28,255,255,0,27,27,255,0,255,75,79,0,255,255,76,78,255,255,255"
2023-11-29T13:47:48.697,290.0996228476344,454.1067212214813,1.2110874592197953,"27,27,0,255,0,24,32,0,0,255,28,28,255,0,0,29,29,255,255,0,29,29,255,0,255,75,79,0,255,255,76,78,255,255,255"
2023-11-29T13:47:48.797,299.5773814393249,445.98098874835864,1.0217643178476707,"21,21,0,255,0,21,29,0,0,255,28,28,255,0,0,32,32,255,255,0,35,35,255,0,255,73,77,0,255,255,78,80,255,255,255"
2023-11-29T13:47:48.899,308.57239895200416,448.0048419425236,0.8898516401513679,"17,17,0,255,0,19,27,0,0,255,28,28,255,0,0,34,34,255,255,0,40,40,255,0,255,72,76,0,255,255,79,81,255,255,255"
2023-11-29T13:47:48.997,305.8940182752667,441.8718758556335,0.7097898844904452,"11,11,0,255,0,16,24,0,0,255,28,28,255,0,0,37,37,255,255,0,45,45,255,0,255,71,75,0,255,255,80,82,255,255,255"
2023-11-29T13:47:49.096,301.82328015136454,439.1752921002691,0.513202878824365,"5,5,0,255,0,13,21,0,0,255,28,28,255,0,0,40,40,255,255,0,52,52,255,0,255,69,73,0,255,255,82,84,255,255,255"
2023-11-29T13:47:49.202,301.9920596685948,436.64543573972287,0.30515935250837434,"98,98,0,255,0,9,17,0,0,255,28,28,255,0,0,43,43,255,255,0,58,58,255,0,255,67,71,0,255,255,83,85,255,255,255"
2023-11-29T13:47:49.299,301.15075209062684,432.62549190948187,0.1273267612272048,"93,93,0,255,0,6,14,0,0,255,28,28,255,0,0,46,46,255,255,0,64,64,255,0,255,66,70,0,255,255,85,87,255,255,255"
2023-11-29T13:47:49.398,298.0744677280121,432.8855266266871,0.03713343884042297,"90,90,0,255,0,5,13,0,0,255,28,28,255,0,0,48,48,255,255,0,67,67,255,0,255,65,69,0,255,255,86,88,255,255,255"
2023-11-29T13:47:49.493,298.02523318385533,435.42951665091124,0.0430761065619021,"90,90,0,255,0,5,13,0,0,255,28,28,255,0,0,47,47,255,255,0,67,67,255,0,255,65,69,0,255,255,85,87,255,255,255"
2023-11-29T13:47:49.594,301.21367241846156,433.19766393808607,0.024271955413615976,"89,89,0,255,0,5,13,0,0,255,28,28,255,0,0,48,48,255,255,0,67,67,255,0,255,65,69,0,255,255,86,88,255,255,255"
2023-11-29T13:47:49.692,298.4782491546585,423.9289773604223,-0.08440630136328839,"86,86,0,255,0,3,11,0,0,255,28,28,255,0,0,49,49,255,255,0,71,71,255,0,255,64,68,0,255,255,86,88,255,255,255"
2023-11-29T13:47:49.812,295.91914440516416,427.0820660775237,-0.07879980264745584,"86,86,0,255,0,3,11,0,0,255,28,28,255,0,0,49,49,255,255,0,71,71,255,0,255,64,68,0,255,255,86,88,255,255,255"
2023-11-29T13:47:49.892,295.3945970187249,433.14554659868264,-0.055452697815435624,"87,87,0,255,0,4,12,0,0,255,28,28,255,0,0,49,49,255,255,0,70,70,255,0,255,65,69,0,255,255,86,88,255,255,255"
2023-11-29T13:47:50.009,297.2527203597751,433.12934392914246,-0.035167768880994724,"87,87,0,255,0,4,12,0,0,255,28,28,255,0,0,49,49,255,255,0,69,69,255,0,255,65,69,0,255,255,86,88,255,255,255"
2023-11-29T13:47:50.093,299.1502945279986,431.71906652430295,-0.004094879403717645,"88,88,0,255,0,4,12,0,0,255,28,28,255,0,0,48,48,255,255,0,68,68,255,0,255,65,69,0,255,255,86,88,255,255,255"
2023-11-29T13:47:50.194,300.6085585984954,430.3970285406764,0.016287417983130176,"89,89,0,255,0,5,13,0,0,255,28,28,255,0,0,48,48,255,255,0,67,67,255,0,255,65,69,0,255,255,86,88,255,255,255"
2023-11-29T13:47:50.294,302.8855625900011,428.0450495304702,0.02749200919871745,"89,89,0,255,0,5,13,0,0,255,28,28,255,0,0,48,48,255,255,0,67,67,255,0,255,65,69,0,255,255,86,88,255,255,255"
2023-11-29T13:47:50.393,305.39058348127094,423.030872783982,0.030952217165060403,"90,90,0,255,0,5,13,0,0,255,28,28,255,0,0,48,48,255,255,0,67,67,255,0,255,65,69,0,255,255,86,88,255,255,255"
2023-11-29T13:47:50.494,300.39264711195597,419.9400372101362,-0.08962442491805163,"86,86,0,255,0,3,11,0,0,255,28,28,255,0,0,50,50,255,255,0,71,71,255,0,255,64,68,0,255,255,87,89,255,255,255"
2023-11-29T13:47:50.592,297.56455749285203,425.678961103732,-0.15024786122805567,"84,84,0,255,0,2,10,0,0,255,28,28,255,0,0,51,51,255,255,0,73,73,255,0,255,64,68,0,255,255,87,89,255,255,255"
2023-11-29T13:47:50.790,295.61479514829045,372.11491523915595,0.14305773499807065,"93,93,0,255,0,7,15,0,0,255,28,28,255,0,0,46,46,255,255,0,63,63,255,0,255,66,70,0,255,255,85,87,255,255,255"
