[camera]
width=480
height=640
# width=720
# height=1280

[detection]
tag_pixel_width = 200
widen_radius = 15

[arena]
nleds = 198
ring_r = 3500.3 # in cm
origo_offset = [240, 320] # in pixels
cm_per_pixel = 2.2
baudrate = 115200 #9600##921600#

[setup]
label = "Crazy"

    [[setup.suns]]
    link_factor = 2
    width = 11
    "θ" = 0
    r = 5

        [setup.suns.color]
        r = 0
        g = 1
        b = 0
    [[setup.suns]]
    link_factor = 1
    width = 1
    "θ" = 0.8726646259971648
    r = 0

        [setup.suns.color]
        r = 0
        g = 0
        b = 1
    [[setup.suns]]
    link_factor = 0
    width = 1
    "θ" = 1.7453292519943295
    r = 0

        [setup.suns.color]
        r = 1
        g = 0
        b = 0
    [[setup.suns]]
    link_factor = -1
    width = 1
    "θ" = 2.6179938779914944
    r = 0

        [setup.suns.color]
        r = 1
        g = 1
        b = 0
    [[setup.suns]]
    link_factor = -2
    width = 1
    "θ" = 3.490658503988659
    r = 0

        [setup.suns.color]
        r = 1
        g = 0
        b = 1
    [[setup.suns]]
    link_factor = 0.5
    width = 1
    "θ" = 4.363323129985824
    r = 0

        [setup.suns.color]
        r = 0
        g = 1
        b = 1
    [[setup.suns]]
    link_factor = -0.5
    width = 1
    "θ" = 5.235987755982989
    r = 0

        [setup.suns.color]
        r = 1
        g = 1
        b = 1

[experiment]
datetime = 2023-12-05T11:10:52.388Z

ms,x,y,θ,start1,stop1,red1,green1,blue1,start2,stop2,red2,green2,blue2,start3,stop3,red3,green3,blue3,start4,stop4,red4,green4,blue4,start5,stop5,red5,green5,blue5,start6,stop6,red6,green6,blue6,start7,stop7,red7,green7,blue7
10,237.9498773542098,303.1946596318105,2.4483677879835004,-4,6,0,255,0,29,29,0,0,255,56,56,255,0,0,84,84,255,255,0,111,111,255,0,255,139,139,0,255,255,166,166,255,255,255
17,237.9498773542098,303.1946596318105,2.4483677879835004,185,195,0,255,0,24,24,0,0,255,56,56,255,0,0,88,88,255,255,0,120,120,255,0,255,136,136,0,255,255,168,168,255,255,255
49,237.95544718447104,302.73602917438427,2.31329738508097,177,187,0,255,0,20,20,0,0,255,56,56,255,0,0,92,92,255,255,0,128,128,255,0,255,134,134,0,255,255,170,170,255,255,255
80,238.1985687236657,302.66038533230756,2.2457302306218807,172,182,0,255,0,18,18,0,0,255,56,56,255,0,0,94,94,255,255,0,133,133,255,0,255,133,133,0,255,255,171,171,255,255,255
116,238.57209632118386,302.56747254243203,2.2035656704125612,170,180,0,255,0,16,16,0,0,255,56,56,255,0,0,96,96,255,255,0,135,135,255,0,255,132,132,0,255,255,172,172,255,255,255
148,239.26353126179944,302.10508164576305,2.1394698346606127,166,176,0,255,0,14,14,0,0,255,56,56,255,0,0,98,98,255,255,0,139,139,255,0,255,131,131,0,255,255,173,173,255,255,255
180,240.02368274721726,301.25289592522677,2.0567410875705443,160,170,0,255,0,12,12,0,0,255,56,56,255,0,0,100,100,255,255,0,145,145,255,0,255,130,130,0,255,255,174,174,255,255,255
216,241.27506851164046,300.61780185961925,1.9810473369081059,156,166,0,255,0,9,9,0,0,255,56,56,255,0,0,103,103,255,255,0,149,149,255,0,255,129,129,0,255,255,176,176,255,255,255
248,242.82528751368113,300.71344184247545,1.9393918945964335,153,163,0,255,0,8,8,0,0,255,56,56,255,0,0,104,104,255,255,0,152,152,255,0,255,128,128,0,255,255,176,176,255,255,255
279,244.40345416595986,299.6896601500552,1.7182952669571265,139,149,0,255,0,1,1,0,0,255,56,56,255,0,0,111,111,255,255,0,166,166,255,0,255,125,125,0,255,255,180,180,255,255,255
313,245.4314466205672,297.94900907929406,1.3513742609809625,116,126,0,255,0,187,187,0,0,255,56,56,255,0,0,123,123,255,255,0,189,189,255,0,255,119,119,0,255,255,186,186,255,255,255
346,246.72690655646153,297.60033778248425,1.213074335877748,107,117,0,255,0,183,183,0,0,255,56,56,255,0,0,127,127,255,255,0,198,198,255,0,255,117,117,0,255,255,188,188,255,255,255
378,248.93105156941434,297.44670848363415,1.1906352081376554,106,116,0,255,0,182,182,0,0,255,56,56,255,0,0,128,128,255,255,0,1,1,255,0,255,116,116,0,255,255,188,188,255,255,255
413,250.5287314789389,297.3309016459857,1.1845127143722283,105,115,0,255,0,182,182,0,0,255,56,56,255,0,0,128,128,255,255,0,2,2,255,0,255,116,116,0,255,255,188,188,255,255,255
445,251.14352853549724,297.35332303119776,1.1466571271731325,103,113,0,255,0,181,181,0,0,255,56,56,255,0,0,129,129,255,255,0,4,4,255,0,255,116,116,0,255,255,189,189,255,255,255
478,251.49519948451783,297.8640457375194,1.1315047487095327,102,112,0,255,0,181,181,0,0,255,56,56,255,0,0,129,129,255,255,0,5,5,255,0,255,116,116,0,255,255,189,189,255,255,255
516,251.48319784476848,298.3912677282426,1.1024053346324894,100,110,0,255,0,180,180,0,0,255,56,56,255,0,0,130,130,255,255,0,7,7,255,0,255,115,115,0,255,255,189,189,255,255,255
548,251.79600978763438,299.5767589523334,1.124826811017077,102,112,0,255,0,180,180,0,0,255,56,56,255,0,0,130,130,255,255,0,5,5,255,0,255,115,115,0,255,255,189,189,255,255,255
580,252.38494388503923,300.64164296824134,1.2176137072629418,107,117,0,255,0,183,183,0,0,255,56,56,255,0,0,127,127,255,255,0,198,198,255,0,255,117,117,0,255,255,188,188,255,255,255
617,252.75095442231645,300.698449348399,1.2856901846462139,112,122,0,255,0,185,185,0,0,255,56,56,255,0,0,125,125,255,255,0,193,193,255,0,255,118,118,0,255,255,187,187,255,255,255
649,253.26374171508274,300.78320343766296,1.3308474913899624,115,125,0,255,0,187,187,0,0,255,56,56,255,0,0,123,123,255,255,0,190,190,255,0,255,119,119,0,255,255,186,186,255,255,255
690,253.58822681534,302.0287746839789,1.4150954302143703,120,130,0,255,0,189,189,0,0,255,56,56,255,0,0,121,121,255,255,0,185,185,255,0,255,120,120,0,255,255,185,185,255,255,255
714,253.3874156211461,302.9517707434994,1.5290872403824078,127,137,0,255,0,193,193,0,0,255,56,56,255,0,0,117,117,255,255,0,178,178,255,0,255,122,122,0,255,255,183,183,255,255,255
746,253.68110636935526,302.2047378270855,1.620818322564961,133,143,0,255,0,196,196,0,0,255,56,56,255,0,0,114,114,255,255,0,172,172,255,0,255,123,123,0,255,255,181,181,255,255,255
778,253.66874749228668,301.9064992850259,1.7158557619317012,139,149,0,255,0,1,1,0,0,255,56,56,255,0,0,111,111,255,255,0,166,166,255,0,255,125,125,0,255,255,180,180,255,255,255
810,253.17706307886124,302.65327563634196,1.846311385344059,147,157,0,255,0,5,5,0,0,255,56,56,255,0,0,107,107,255,255,0,158,158,255,0,255,127,127,0,255,255,178,178,255,255,255
845,252.5599757818067,303.2328457171624,1.9947116162960923,156,166,0,255,0,10,10,0,0,255,56,56,255,0,0,102,102,255,255,0,149,149,255,0,255,129,129,0,255,255,175,175,255,255,255
877,252.32613174556852,303.0784042188261,2.0978089749898237,163,173,0,255,0,13,13,0,0,255,56,56,255,0,0,99,99,255,255,0,142,142,255,0,255,131,131,0,255,255,174,174,255,255,255
909,252.10341940640464,303.16669483212945,2.2081755419370466,170,180,0,255,0,16,16,0,0,255,56,56,255,0,0,96,96,255,255,0,135,135,255,0,255,132,132,0,255,255,172,172,255,255,255
945,251.45530389050862,304.1260235268593,2.4375832825848827,184,194,0,255,0,24,24,0,0,255,56,56,255,0,0,88,88,255,255,0,121,121,255,0,255,136,136,0,255,255,168,168,255,255,255
977,250.30212391588938,304.49484961531164,2.69300523854714,2,12,0,255,0,32,32,0,0,255,56,56,255,0,0,80,80,255,255,0,105,105,255,0,255,140,140,0,255,255,164,164,255,255,255
1010,248.92951659074245,304.44166582856985,2.884875575808724,15,25,0,255,0,38,38,0,0,255,56,56,255,0,0,74,74,255,255,0,92,92,255,0,255,143,143,0,255,255,161,161,255,255,255
1045,248.07697441186065,304.46216632832295,3.1092980195000828,29,39,0,255,0,45,45,0,0,255,56,56,255,0,0,67,67,255,255,0,78,78,255,0,255,147,147,0,255,255,158,158,255,255,255
1077,247.47177905972814,303.71249806245646,-3.0209866790398743,38,48,0,255,0,50,50,0,0,255,56,56,255,0,0,62,62,255,255,0,69,69,255,0,255,149,149,0,255,255,155,155,255,255,255
1110,247.0358226037161,303.66831274218333,-2.8731327679791265,48,58,0,255,0,54,54,0,0,255,56,56,255,0,0,58,58,255,255,0,59,59,255,0,255,151,151,0,255,255,153,153,255,255,255
1145,246.37790223037317,303.5492669679354,-2.7490505875511544,55,65,0,255,0,58,58,0,0,255,56,56,255,0,0,54,54,255,255,0,52,52,255,0,255,153,153,0,255,255,151,151,255,255,255
1178,245.7706824161004,303.3664709231663,-2.590135128629703,66,76,0,255,0,63,63,0,0,255,56,56,255,0,0,49,49,255,255,0,41,41,255,0,255,156,156,0,255,255,149,149,255,255,255
1209,245.4575104300439,303.2162065679792,-2.426476505827268,76,86,0,255,0,68,68,0,0,255,56,56,255,0,0,44,44,255,255,0,31,31,255,0,255,158,158,0,255,255,146,146,255,255,255
1245,246.05898920394105,303.1017903553977,-2.2656423229911815,86,96,0,255,0,73,73,0,0,255,56,56,255,0,0,39,39,255,255,0,21,21,255,0,255,161,161,0,255,255,144,144,255,255,255
1278,247.10121673947953,302.3819026304405,-2.0887061749539484,97,107,0,255,0,79,79,0,0,255,56,56,255,0,0,33,33,255,255,0,10,10,255,0,255,164,164,0,255,255,141,141,255,255,255
1311,247.7501684576943,301.9117681588642,-1.944928749144444,106,116,0,255,0,84,84,0,0,255,56,56,255,0,0,28,28,255,255,0,1,1,255,0,255,166,166,0,255,255,138,138,255,255,255
1348,248.30219581534357,301.48820737347467,-1.8645853932569139,111,121,0,255,0,86,86,0,0,255,56,56,255,0,0,26,26,255,255,0,194,194,255,0,255,167,167,0,255,255,137,137,255,255,255
1378,249.42569201823918,300.6064019173109,-1.7643336945492425,118,128,0,255,0,89,89,0,0,255,56,56,255,0,0,23,23,255,255,0,187,187,255,0,255,169,169,0,255,255,136,136,255,255,255
1412,250.68895059697937,299.60716839863426,-1.6281984000328533,126,136,0,255,0,94,94,0,0,255,56,56,255,0,0,18,18,255,255,0,179,179,255,0,255,171,171,0,255,255,133,133,255,255,255
1447,251.33433417855701,298.86283475894754,-1.527806046244877,132,142,0,255,0,97,97,0,0,255,56,56,255,0,0,15,15,255,255,0,173,173,255,0,255,173,173,0,255,255,132,132,255,255,255
1480,251.7472243697011,298.4972635534691,-1.413938074994794,140,150,0,255,0,100,100,0,0,255,56,56,255,0,0,12,12,255,255,0,165,165,255,0,255,174,174,0,255,255,130,130,255,255,255
1513,252.7520305321176,298.12712411303085,-1.2139701345942462,152,162,0,255,0,107,107,0,0,255,56,56,255,0,0,5,5,255,255,0,153,153,255,0,255,178,178,0,255,255,127,127,255,255,255
1548,254.10607852894668,297.6217497375334,-1.0642426883236173,162,172,0,255,0,111,111,0,0,255,56,56,255,0,0,1,1,255,255,0,143,143,255,0,255,180,180,0,255,255,125,125,255,255,255
1580,254.565910432356,297.454597661265,-0.9571833395115368,168,178,0,255,0,115,115,0,0,255,56,56,255,0,0,195,195,255,255,0,137,137,255,0,255,182,182,0,255,255,123,123,255,255,255
1612,254.17105460835504,297.72815669933027,-0.8845825055999846,173,183,0,255,0,117,117,0,0,255,56,56,255,0,0,193,193,255,255,0,132,132,255,0,255,183,183,0,255,255,122,122,255,255,255
1648,253.60412049306385,297.69329420148836,-0.8507479347156071,175,185,0,255,0,118,118,0,0,255,56,56,255,0,0,192,192,255,255,0,130,130,255,0,255,183,183,0,255,255,121,121,255,255,255
1680,253.57324760702758,297.7963724936832,-0.8524794172651736,175,185,0,255,0,118,118,0,0,255,56,56,255,0,0,192,192,255,255,0,130,130,255,0,255,183,183,0,255,255,121,121,255,255,255
1712,253.68484342597776,298.0296635038502,-0.8652202994941871,174,184,0,255,0,118,118,0,0,255,56,56,255,0,0,192,192,255,255,0,131,131,255,0,255,183,183,0,255,255,121,121,255,255,255
1749,253.71867554886921,298.2293958711972,-0.8724743108933465,174,184,0,255,0,117,117,0,0,255,56,56,255,0,0,193,193,255,255,0,131,131,255,0,255,183,183,0,255,255,122,122,255,255,255
1780,253.54996157496691,298.267329853147,-0.8903530214085431,173,183,0,255,0,117,117,0,0,255,56,56,255,0,0,193,193,255,255,0,132,132,255,0,255,183,183,0,255,255,122,122,255,255,255
1812,253.54774691574897,297.91787962301566,-0.941187301058669,169,179,0,255,0,115,115,0,0,255,56,56,255,0,0,195,195,255,255,0,136,136,255,0,255,182,182,0,255,255,123,123,255,255,255
1848,253.3226691630223,297.7006210984398,-0.9713385342331624,168,178,0,255,0,114,114,0,0,255,56,56,255,0,0,196,196,255,255,0,137,137,255,0,255,181,181,0,255,255,123,123,255,255,255
1881,252.3165844019709,297.6459031971688,-1.0193858362137922,165,175,0,255,0,113,113,0,0,255,56,56,255,0,0,197,197,255,255,0,140,140,255,0,255,181,181,0,255,255,124,124,255,255,255
1912,251.8921520104395,297.7545631178869,-1.0931950185041013,160,170,0,255,0,110,110,0,0,255,56,56,255,0,0,2,2,255,255,0,145,145,255,0,255,179,179,0,255,255,125,125,255,255,255
1981,250.8044754795755,297.8924958849484,-1.222473604485074,152,162,0,255,0,106,106,0,0,255,56,56,255,0,0,6,6,255,255,0,153,153,255,0,255,177,177,0,255,255,127,127,255,255,255
2012,250.38013401007922,298.05940202133803,-1.2758165723872765,148,158,0,255,0,105,105,0,0,255,56,56,255,0,0,7,7,255,255,0,157,157,255,0,255,177,177,0,255,255,128,128,255,255,255
2048,250.31787283515266,297.79197143159047,-1.3650053654732355,143,153,0,255,0,102,102,0,0,255,56,56,255,0,0,10,10,255,255,0,162,162,255,0,255,175,175,0,255,255,129,129,255,255,255
2080,250.28061083591732,297.5746604158533,-1.5067492150931878,134,144,0,255,0,97,97,0,0,255,56,56,255,0,0,15,15,255,255,0,171,171,255,0,255,173,173,0,255,255,132,132,255,255,255
2113,249.83003450819493,297.52102964664283,-1.5731132854872614,130,140,0,255,0,95,95,0,0,255,56,56,255,0,0,17,17,255,255,0,175,175,255,0,255,172,172,0,255,255,133,133,255,255,255
2148,251.13191235594812,297.50640524800565,-1.6282784632387464,126,136,0,255,0,94,94,0,0,255,56,56,255,0,0,18,18,255,255,0,179,179,255,0,255,171,171,0,255,255,133,133,255,255,255
2212,251.96778592152393,297.1186868760615,-1.7311089649659572,120,130,0,255,0,90,90,0,0,255,56,56,255,0,0,22,22,255,255,0,185,185,255,0,255,169,169,0,255,255,135,135,255,255,255
2248,251.99870281482924,296.8804836251901,-1.751671521936885,118,128,0,255,0,90,90,0,0,255,56,56,255,0,0,22,22,255,255,0,187,187,255,0,255,169,169,0,255,255,135,135,255,255,255
2280,251.85104820248569,296.6070234055619,-1.7629994656079986,118,128,0,255,0,89,89,0,0,255,56,56,255,0,0,23,23,255,255,0,187,187,255,0,255,169,169,0,255,255,136,136,255,255,255
2312,251.46829490106637,296.2660602572454,-1.783791983158518,116,126,0,255,0,89,89,0,0,255,56,56,255,0,0,23,23,255,255,0,189,189,255,0,255,169,169,0,255,255,136,136,255,255,255
2348,250.90469193589095,296.0580586041249,-1.7895383572068324,116,126,0,255,0,88,88,0,0,255,56,56,255,0,0,24,24,255,255,0,189,189,255,0,255,168,168,0,255,255,136,136,255,255,255
2380,250.62916329055054,295.27301956626945,-1.8233260878128996,114,124,0,255,0,87,87,0,0,255,56,56,255,0,0,25,25,255,255,0,191,191,255,0,255,168,168,0,255,255,137,137,255,255,255
2412,250.1361228681013,295.4230882118362,-1.8171514262464508,114,124,0,255,0,88,88,0,0,255,56,56,255,0,0,24,24,255,255,0,191,191,255,0,255,168,168,0,255,255,136,136,255,255,255
2448,249.99421825537425,295.1623970929522,-1.8245308695229079,114,124,0,255,0,87,87,0,0,255,56,56,255,0,0,25,25,255,255,0,191,191,255,0,255,168,168,0,255,255,137,137,255,255,255
2513,249.8164704634454,294.56223690650006,-1.8123449900554995,115,125,0,255,0,88,88,0,0,255,56,56,255,0,0,24,24,255,255,0,190,190,255,0,255,168,168,0,255,255,136,136,255,255,255
2548,250.46367585337373,294.66362776357926,-1.8038991498851502,115,125,0,255,0,88,88,0,0,255,56,56,255,0,0,24,24,255,255,0,190,190,255,0,255,168,168,0,255,255,136,136,255,255,255
2579,251.08707541270465,294.66363765883546,-1.7831423346059638,116,126,0,255,0,89,89,0,0,255,56,56,255,0,0,23,23,255,255,0,189,189,255,0,255,169,169,0,255,255,136,136,255,255,255
2612,251.32679630818976,295.19954192398166,-1.7318990317476028,120,130,0,255,0,90,90,0,0,255,56,56,255,0,0,22,22,255,255,0,185,185,255,0,255,169,169,0,255,255,135,135,255,255,255
2648,251.20623084301786,295.6524586014309,-1.689322421403543,122,132,0,255,0,92,92,0,0,255,56,56,255,0,0,20,20,255,255,0,183,183,255,0,255,170,170,0,255,255,134,134,255,255,255
2680,251.4457350032124,295.8272048738511,-1.679639256035134,123,133,0,255,0,92,92,0,0,255,56,56,255,0,0,20,20,255,255,0,182,182,255,0,255,170,170,0,255,255,134,134,255,255,255
2748,251.57898985943837,296.468516807273,-1.583772674010459,129,139,0,255,0,95,95,0,0,255,56,56,255,0,0,17,17,255,255,0,176,176,255,0,255,172,172,0,255,255,133,133,255,255,255
2780,251.41034140967605,297.0347682661263,-1.552249952268874,131,141,0,255,0,96,96,0,0,255,56,56,255,0,0,16,16,255,255,0,174,174,255,0,255,172,172,0,255,255,132,132,255,255,255
2812,251.4621487414669,297.46346661230564,-1.5606603715324314,130,140,0,255,0,96,96,0,0,255,56,56,255,0,0,16,16,255,255,0,175,175,255,0,255,172,172,0,255,255,132,132,255,255,255
2849,251.4049587041765,297.40679996618076,-1.5639322505394277,130,140,0,255,0,96,96,0,0,255,56,56,255,0,0,16,16,255,255,0,175,175,255,0,255,172,172,0,255,255,132,132,255,255,255
2880,251.08817985007886,297.61305813618617,-1.5692062772226913,130,140,0,255,0,95,95,0,0,255,56,56,255,0,0,17,17,255,255,0,175,175,255,0,255,172,172,0,255,255,133,133,255,255,255
2912,250.78134258195422,297.98345688954214,-1.5719782665448765,130,140,0,255,0,95,95,0,0,255,56,56,255,0,0,17,17,255,255,0,175,175,255,0,255,172,172,0,255,255,133,133,255,255,255
2981,250.97333060057943,297.992143868971,-1.5821731491035045,129,139,0,255,0,95,95,0,0,255,56,56,255,0,0,17,17,255,255,0,176,176,255,0,255,172,172,0,255,255,133,133,255,255,255
3012,251.16043592264754,297.7186263433257,-1.5802491068649207,129,139,0,255,0,95,95,0,0,255,56,56,255,0,0,17,17,255,255,0,176,176,255,0,255,172,172,0,255,255,133,133,255,255,255
3044,251.06972760871264,297.6019379226193,-1.5723930020146095,130,140,0,255,0,95,95,0,0,255,56,56,255,0,0,17,17,255,255,0,175,175,255,0,255,172,172,0,255,255,133,133,255,255,255
3080,251.3236490022784,297.33294114482226,-1.5782507869829803,129,139,0,255,0,95,95,0,0,255,56,56,255,0,0,17,17,255,255,0,176,176,255,0,255,172,172,0,255,255,133,133,255,255,255
3112,251.10584311833983,297.1023322195789,-1.565033364065148,130,140,0,255,0,96,96,0,0,255,56,56,255,0,0,16,16,255,255,0,175,175,255,0,255,172,172,0,255,255,132,132,255,255,255
3144,251.14113558191227,296.64559500688483,-1.571282656780874,130,140,0,255,0,95,95,0,0,255,56,56,255,0,0,17,17,255,255,0,175,175,255,0,255,172,172,0,255,255,133,133,255,255,255
3181,250.75101613950048,296.52608283177,-1.5617892563594997,130,140,0,255,0,96,96,0,0,255,56,56,255,0,0,16,16,255,255,0,175,175,255,0,255,172,172,0,255,255,132,132,255,255,255
3211,250.63726798531636,296.39432710045713,-1.556766697406578,131,141,0,255,0,96,96,0,0,255,56,56,255,0,0,16,16,255,255,0,174,174,255,0,255,172,172,0,255,255,132,132,255,255,255
3243,250.54635238646708,296.11939925852175,-1.5582398167892497,131,141,0,255,0,96,96,0,0,255,56,56,255,0,0,16,16,255,255,0,174,174,255,0,255,172,172,0,255,255,132,132,255,255,255
3280,250.34304299700247,296.01951596930235,-1.5495742461266422,131,141,0,255,0,96,96,0,0,255,56,56,255,0,0,16,16,255,255,0,174,174,255,0,255,172,172,0,255,255,132,132,255,255,255
3312,250.47428323800003,295.9092993368612,-1.5563777866891657,131,141,0,255,0,96,96,0,0,255,56,56,255,0,0,16,16,255,255,0,174,174,255,0,255,172,172,0,255,255,132,132,255,255,255
3343,250.99956899968524,295.60017181431334,-1.556487170789869,131,141,0,255,0,96,96,0,0,255,56,56,255,0,0,16,16,255,255,0,174,174,255,0,255,172,172,0,255,255,132,132,255,255,255
3380,251.31146900033033,295.2639844016186,-1.5430336693310576,132,142,0,255,0,96,96,0,0,255,56,56,255,0,0,16,16,255,255,0,173,173,255,0,255,172,172,0,255,255,132,132,255,255,255
3412,251.9310976858491,295.402084366659,-1.5465551809208389,131,141,0,255,0,96,96,0,0,255,56,56,255,0,0,16,16,255,255,0,174,174,255,0,255,172,172,0,255,255,132,132,255,255,255
3481,253.33708970843844,294.7796319912587,-1.5690439552534559,130,140,0,255,0,95,95,0,0,255,56,56,255,0,0,17,17,255,255,0,175,175,255,0,255,172,172,0,255,255,133,133,255,255,255
3517,253.66662953950404,294.5662078112691,-1.5913584053762333,128,138,0,255,0,95,95,0,0,255,56,56,255,0,0,17,17,255,255,0,177,177,255,0,255,172,172,0,255,255,133,133,255,255,255
3580,253.86091390044308,295.46124707453407,-1.5965007362634613,128,138,0,255,0,95,95,0,0,255,56,56,255,0,0,17,17,255,255,0,177,177,255,0,255,172,172,0,255,255,133,133,255,255,255
3612,253.90692737943354,295.8854632810019,-1.6049177646326873,128,138,0,255,0,94,94,0,0,255,56,56,255,0,0,18,18,255,255,0,177,177,255,0,255,171,171,0,255,255,133,133,255,255,255
3644,253.75907559866343,296.40138922058475,-1.5796063259602664,129,139,0,255,0,95,95,0,0,255,56,56,255,0,0,17,17,255,255,0,176,176,255,0,255,172,172,0,255,255,133,133,255,255,255
3680,253.85501529757093,296.541300720581,-1.5438750867014757,131,141,0,255,0,96,96,0,0,255,56,56,255,0,0,16,16,255,255,0,174,174,255,0,255,172,172,0,255,255,132,132,255,255,255
3713,253.87567476148638,296.2774955882651,-1.5226105687053684,133,143,0,255,0,97,97,0,0,255,56,56,255,0,0,15,15,255,255,0,172,172,255,0,255,173,173,0,255,255,132,132,255,255,255
3744,253.66052643697867,296.12712749402294,-1.5171957036407893,133,143,0,255,0,97,97,0,0,255,56,56,255,0,0,15,15,255,255,0,172,172,255,0,255,173,173,0,255,255,132,132,255,255,255
3780,253.43491617437533,296.02641083830525,-1.500358467793749,134,144,0,255,0,98,98,0,0,255,56,56,255,0,0,14,14,255,255,0,171,171,255,0,255,173,173,0,255,255,131,131,255,255,255
3812,253.62662495890484,295.79511933037656,-1.4816417769429677,135,145,0,255,0,98,98,0,0,255,56,56,255,0,0,14,14,255,255,0,170,170,255,0,255,173,173,0,255,255,131,131,255,255,255
3845,253.42839180370999,295.72990048218196,-1.4594852257440425,137,147,0,255,0,99,99,0,0,255,56,56,255,0,0,13,13,255,255,0,168,168,255,0,255,174,174,0,255,255,131,131,255,255,255
3877,253.1478586962225,295.65440638875,-1.4281681407889968,139,149,0,255,0,100,100,0,0,255,56,56,255,0,0,12,12,255,255,0,166,166,255,0,255,174,174,0,255,255,130,130,255,255,255
3910,253.01056082488677,295.6578916960793,-1.4008453714302507,140,150,0,255,0,101,101,0,0,255,56,56,255,0,0,11,11,255,255,0,165,165,255,0,255,175,175,0,255,255,130,130,255,255,255
3944,253.06305111972213,295.8128588236766,-1.3789276916550162,142,152,0,255,0,101,101,0,0,255,56,56,255,0,0,11,11,255,255,0,163,163,255,0,255,175,175,0,255,255,130,130,255,255,255
3981,253.17737850919127,295.86766878304024,-1.3701057761568165,142,152,0,255,0,102,102,0,0,255,56,56,255,0,0,10,10,255,255,0,163,163,255,0,255,175,175,0,255,255,129,129,255,255,255
4013,253.27406591110497,296.023419845456,-1.349593809809933,144,154,0,255,0,102,102,0,0,255,56,56,255,0,0,10,10,255,255,0,161,161,255,0,255,175,175,0,255,255,129,129,255,255,255
4044,253.1826002189165,296.17245390474886,-1.3161050851830327,146,156,0,255,0,103,103,0,0,255,56,56,255,0,0,9,9,255,255,0,159,159,255,0,255,176,176,0,255,255,129,129,255,255,255
4080,253.18634686420583,296.11527564229425,-1.3010183970114104,147,157,0,255,0,104,104,0,0,255,56,56,255,0,0,8,8,255,255,0,158,158,255,0,255,176,176,0,255,255,128,128,255,255,255
4112,252.9144646284759,296.08728651630145,-1.2797126830944163,148,158,0,255,0,105,105,0,0,255,56,56,255,0,0,7,7,255,255,0,157,157,255,0,255,177,177,0,255,255,128,128,255,255,255
4143,253.0151395586279,295.92977384474295,-1.2779316498058217,148,158,0,255,0,105,105,0,0,255,56,56,255,0,0,7,7,255,255,0,157,157,255,0,255,177,177,0,255,255,128,128,255,255,255
4180,253.30666604195633,295.69973117567724,-1.2435629991871688,150,160,0,255,0,106,106,0,0,255,56,56,255,0,0,6,6,255,255,0,155,155,255,0,255,177,177,0,255,255,127,127,255,255,255
4212,253.14754984286432,295.5814861973782,-1.2075948943672097,153,163,0,255,0,107,107,0,0,255,56,56,255,0,0,5,5,255,255,0,152,152,255,0,255,178,178,0,255,255,127,127,255,255,255
4244,253.13052220550966,295.5529160831445,-1.166748171605841,155,165,0,255,0,108,108,0,0,255,56,56,255,0,0,4,4,255,255,0,150,150,255,0,255,178,178,0,255,255,126,126,255,255,255
4280,253.42093084632637,295.12916790006807,-1.1478410267141068,156,166,0,255,0,109,109,0,0,255,56,56,255,0,0,3,3,255,255,0,149,149,255,0,255,179,179,0,255,255,126,126,255,255,255
4313,253.46241994724525,294.973876009464,-1.1204619734551846,158,168,0,255,0,110,110,0,0,255,56,56,255,0,0,2,2,255,255,0,147,147,255,0,255,179,179,0,255,255,125,125,255,255,255
4344,254.01301809991676,294.60711275948756,-1.0538536212748575,162,172,0,255,0,112,112,0,0,255,56,56,255,0,0,198,198,255,255,0,143,143,255,0,255,180,180,0,255,255,124,124,255,255,255
4380,254.75074788886772,294.2409305709686,-1.0197471692903823,164,174,0,255,0,113,113,0,0,255,56,56,255,0,0,197,197,255,255,0,141,141,255,0,255,181,181,0,255,255,124,124,255,255,255
4412,255.2221053426941,293.9074602694205,-1.0003754432196916,166,176,0,255,0,113,113,0,0,255,56,56,255,0,0,197,197,255,255,0,139,139,255,0,255,181,181,0,255,255,124,124,255,255,255
4445,255.12844309524928,293.914511452572,-0.986742743896879,167,177,0,255,0,114,114,0,0,255,56,56,255,0,0,196,196,255,255,0,138,138,255,0,255,181,181,0,255,255,123,123,255,255,255
4480,254.8362297507355,294.1703528179184,-0.9813274134784965,167,177,0,255,0,114,114,0,0,255,56,56,255,0,0,196,196,255,255,0,138,138,255,0,255,181,181,0,255,255,123,123,255,255,255
4512,254.62989865022126,294.8248148031805,-0.9462328334394896,169,179,0,255,0,115,115,0,0,255,56,56,255,0,0,195,195,255,255,0,136,136,255,0,255,182,182,0,255,255,123,123,255,255,255
4544,254.45540603616212,295.5522972222187,-0.9136869114283609,171,181,0,255,0,116,116,0,0,255,56,56,255,0,0,194,194,255,255,0,134,134,255,0,255,182,182,0,255,255,122,122,255,255,255
4580,254.0969872771086,296.3709551228629,-0.8915999111696672,173,183,0,255,0,117,117,0,0,255,56,56,255,0,0,193,193,255,255,0,132,132,255,0,255,183,183,0,255,255,122,122,255,255,255
4612,253.4533500101431,297.1845527682851,-0.849717280888349,175,185,0,255,0,118,118,0,0,255,56,56,255,0,0,192,192,255,255,0,130,130,255,0,255,183,183,0,255,255,121,121,255,255,255
4644,252.9692995763963,297.9222635259853,-0.7951956972698244,179,189,0,255,0,120,120,0,0,255,56,56,255,0,0,190,190,255,255,0,126,126,255,0,255,184,184,0,255,255,120,120,255,255,255
4681,253.0869121022524,298.34666856541594,-0.7567401076730208,181,191,0,255,0,121,121,0,0,255,56,56,255,0,0,189,189,255,255,0,124,124,255,0,255,185,185,0,255,255,120,120,255,255,255
4713,253.5635013600053,298.62811805905113,-0.7111256634712033,184,194,0,255,0,122,122,0,0,255,56,56,255,0,0,188,188,255,255,0,121,121,255,0,255,185,185,0,255,255,119,119,255,255,255
4744,253.61719175565088,298.80440542030294,-0.676678299413976,186,196,0,255,0,124,124,0,0,255,56,56,255,0,0,186,186,255,255,0,119,119,255,0,255,186,186,0,255,255,118,118,255,255,255
4780,253.49488102487868,299.0904111793511,-0.6372385784802439,189,199,0,255,0,125,125,0,0,255,56,56,255,0,0,185,185,255,255,0,116,116,255,0,255,187,187,0,255,255,118,118,255,255,255
4813,253.3232269312772,299.15284938039406,-0.6031501591162107,191,201,0,255,0,126,126,0,0,255,56,56,255,0,0,184,184,255,255,0,114,114,255,0,255,187,187,0,255,255,117,117,255,255,255
4844,253.41570227803504,299.0805811926191,-0.5832365132563189,192,202,0,255,0,126,126,0,0,255,56,56,255,0,0,184,184,255,255,0,113,113,255,0,255,187,187,0,255,255,117,117,255,255,255
4879,253.31076514930356,298.9817092321632,-0.5585509333357593,-4,6,0,255,0,127,127,0,0,255,56,56,255,0,0,183,183,255,255,0,111,111,255,0,255,188,188,0,255,255,117,117,255,255,255
4912,253.08283060764677,299.4798397209259,-0.5360146005987062,-3,7,0,255,0,128,128,0,0,255,56,56,255,0,0,182,182,255,255,0,110,110,255,0,255,188,188,0,255,255,116,116,255,255,255
4944,252.72062518478157,299.8728756070605,-0.5154108480259981,-2,8,0,255,0,129,129,0,0,255,56,56,255,0,0,181,181,255,255,0,109,109,255,0,255,189,189,0,255,255,116,116,255,255,255
4981,252.45677146093553,300.1641429541979,-0.4960210005285357,-1,9,0,255,0,129,129,0,0,255,56,56,255,0,0,181,181,255,255,0,108,108,255,0,255,189,189,0,255,255,116,116,255,255,255
5012,251.79380180885488,300.3740499586048,-0.47234241612050554,1,11,0,255,0,130,130,0,0,255,56,56,255,0,0,180,180,255,255,0,106,106,255,0,255,189,189,0,255,255,115,115,255,255,255
5044,251.29453523062196,300.7101933414927,-0.4410877693093158,3,13,0,255,0,131,131,0,0,255,56,56,255,0,0,179,179,255,255,0,104,104,255,0,255,190,190,0,255,255,115,115,255,255,255
5080,250.8890884991928,301.0269044686107,-0.4133690691968147,5,15,0,255,0,132,132,0,0,255,56,56,255,0,0,178,178,255,255,0,102,102,255,0,255,190,190,0,255,255,114,114,255,255,255
5112,250.80291568027852,301.1031789242867,-0.3936937024981484,6,16,0,255,0,132,132,0,0,255,56,56,255,0,0,178,178,255,255,0,101,101,255,0,255,190,190,0,255,255,114,114,255,255,255
5145,250.61119939247595,301.41695664366415,-0.36036451967054384,8,18,0,255,0,134,134,0,0,255,56,56,255,0,0,176,176,255,255,0,99,99,255,0,255,191,191,0,255,255,113,113,255,255,255
5180,250.72162057478818,301.63470698681857,-0.3314238588878363,10,20,0,255,0,134,134,0,0,255,56,56,255,0,0,176,176,255,255,0,97,97,255,0,255,191,191,0,255,255,113,113,255,255,255
5212,250.64603338620995,301.86519319217655,-0.309228109642072,11,21,0,255,0,135,135,0,0,255,56,56,255,0,0,175,175,255,255,0,96,96,255,0,255,192,192,0,255,255,113,113,255,255,255
5244,250.64925636943087,301.82959690464884,-0.27638371648401655,13,23,0,255,0,136,136,0,0,255,56,56,255,0,0,174,174,255,255,0,94,94,255,0,255,192,192,0,255,255,112,112,255,255,255
5276,250.33435939197543,301.9784242793187,-0.2394241786458374,16,26,0,255,0,137,137,0,0,255,56,56,255,0,0,173,173,255,255,0,91,91,255,0,255,193,193,0,255,255,112,112,255,255,255
5345,249.64798914314923,302.32494980912213,-0.1657759448377489,20,30,0,255,0,140,140,0,0,255,56,56,255,0,0,170,170,255,255,0,87,87,255,0,255,194,194,0,255,255,110,110,255,255,255
5376,249.75309369331353,302.16206620832867,-0.12414452679098872,23,33,0,255,0,141,141,0,0,255,56,56,255,0,0,169,169,255,255,0,84,84,255,0,255,195,195,0,255,255,110,110,255,255,255
5412,250.23513811450852,301.62045974727585,-0.09610553093412337,25,35,0,255,0,142,142,0,0,255,56,56,255,0,0,168,168,255,255,0,82,82,255,0,255,195,195,0,255,255,109,109,255,255,255
5445,250.12970287917938,301.6339150881337,-0.06954674199977152,26,36,0,255,0,143,143,0,0,255,56,56,255,0,0,167,167,255,255,0,81,81,255,0,255,196,196,0,255,255,109,109,255,255,255
5513,248.90300104533677,301.7750248230806,-0.003959139690614266,31,41,0,255,0,145,145,0,0,255,56,56,255,0,0,165,165,255,255,0,76,76,255,0,255,197,197,0,255,255,108,108,255,255,255
5544,248.8241910148018,301.88618408720265,0.03783540018473205,33,43,0,255,0,146,146,0,0,255,56,56,255,0,0,164,164,255,255,0,74,74,255,0,255,197,197,0,255,255,107,107,255,255,255
5577,248.7546039617937,301.7793126523313,0.07736308302021454,36,46,0,255,0,147,147,0,0,255,56,56,255,0,0,163,163,255,255,0,71,71,255,0,255,198,198,0,255,255,107,107,255,255,255
5612,248.07420856539966,302.05159070114706,0.12238356688903715,38,48,0,255,0,149,149,0,0,255,56,56,255,0,0,161,161,255,255,0,69,69,255,0,255,1,1,0,255,255,106,106,255,255,255
5644,247.56879083648064,302.49809586269276,0.1669231942426796,41,51,0,255,0,150,150,0,0,255,56,56,255,0,0,160,160,255,255,0,66,66,255,0,255,1,1,0,255,255,105,105,255,255,255
5713,247.62805816434138,302.1033523324551,0.25495244816818663,47,57,0,255,0,153,153,0,0,255,56,56,255,0,0,157,157,255,255,0,60,60,255,0,255,3,3,0,255,255,104,104,255,255,255
5744,247.7377247740996,301.9157303770336,0.3073770005534405,50,60,0,255,0,155,155,0,0,255,56,56,255,0,0,155,155,255,255,0,57,57,255,0,255,4,4,0,255,255,103,103,255,255,255
5776,247.90772978491796,301.6392432716167,0.36001271414526403,53,63,0,255,0,156,156,0,0,255,56,56,255,0,0,154,154,255,255,0,54,54,255,0,255,4,4,0,255,255,102,102,255,255,255
5813,248.27106359500232,301.14744919152434,0.4070145962147658,56,66,0,255,0,158,158,0,0,255,56,56,255,0,0,152,152,255,255,0,51,51,255,0,255,5,5,0,255,255,101,101,255,255,255
5844,248.51698275601817,300.83154613470253,0.44890418452827335,59,69,0,255,0,159,159,0,0,255,56,56,255,0,0,151,151,255,255,0,48,48,255,0,255,6,6,0,255,255,101,101,255,255,255
5876,248.45502131122066,300.8079847947977,0.49169529531601114,62,72,0,255,0,160,160,0,0,255,56,56,255,0,0,150,150,255,255,0,45,45,255,0,255,6,6,0,255,255,100,100,255,255,255
5911,248.4955744184679,301.08298789836374,0.5463339542862358,65,75,0,255,0,162,162,0,0,255,56,56,255,0,0,148,148,255,255,0,42,42,255,0,255,7,7,0,255,255,99,99,255,255,255
5943,248.5875501205263,301.44533601966896,0.6037482020231172,69,79,0,255,0,164,164,0,0,255,56,56,255,0,0,146,146,255,255,0,38,38,255,0,255,8,8,0,255,255,98,98,255,255,255
5974,248.6712701554589,301.79295741221176,0.6536955398573872,72,82,0,255,0,165,165,0,0,255,56,56,255,0,0,145,145,255,255,0,35,35,255,0,255,9,9,0,255,255,98,98,255,255,255
6011,249.01700165552336,301.6150010344157,0.6961502928828971,75,85,0,255,0,167,167,0,0,255,56,56,255,0,0,143,143,255,255,0,32,32,255,0,255,10,10,0,255,255,97,97,255,255,255
6043,249.12324871211206,301.8540350494198,0.7237698552630186,76,86,0,255,0,168,168,0,0,255,56,56,255,0,0,142,142,255,255,0,31,31,255,0,255,10,10,0,255,255,96,96,255,255,255
6073,249.054530835214,302.090631957398,0.774096137871663,80,90,0,255,0,169,169,0,0,255,56,56,255,0,0,141,141,255,255,0,27,27,255,0,255,11,11,0,255,255,96,96,255,255,255
6110,249.14429404468942,302.3540120602895,0.8108615672506579,82,92,0,255,0,170,170,0,0,255,56,56,255,0,0,140,140,255,255,0,25,25,255,0,255,11,11,0,255,255,95,95,255,255,255
6144,249.112740514895,302.60211207439716,0.8584728688455112,85,95,0,255,0,172,172,0,0,255,56,56,255,0,0,138,138,255,255,0,22,22,255,0,255,12,12,0,255,255,94,94,255,255,255
6175,249.09933290944713,303.03051413991386,0.9247289281672775,89,99,0,255,0,174,174,0,0,255,56,56,255,0,0,136,136,255,255,0,18,18,255,0,255,13,13,0,255,255,93,93,255,255,255
6210,249.12527079440162,303.1421461196864,0.973143088184039,92,102,0,255,0,176,176,0,0,255,56,56,255,0,0,134,134,255,255,0,15,15,255,0,255,14,14,0,255,255,92,92,255,255,255
6241,249.09197794109474,302.9655574582406,1.0293696402261971,96,106,0,255,0,177,177,0,0,255,56,56,255,0,0,133,133,255,255,0,11,11,255,0,255,15,15,0,255,255,92,92,255,255,255
6274,248.62274285575364,302.8765947597908,1.0734817400554655,98,108,0,255,0,179,179,0,0,255,56,56,255,0,0,131,131,255,255,0,9,9,255,0,255,16,16,0,255,255,91,91,255,255,255
6312,248.29292705982257,303.0006845731259,1.1344139486194156,102,112,0,255,0,181,181,0,0,255,56,56,255,0,0,129,129,255,255,0,5,5,255,0,255,17,17,0,255,255,90,90,255,255,255
6344,248.43115362733627,302.9467711106555,1.175944606745878,105,115,0,255,0,182,182,0,0,255,56,56,255,0,0,128,128,255,255,0,2,2,255,0,255,17,17,0,255,255,89,89,255,255,255
6377,248.6587146335624,302.4889517322432,1.2209649052795626,108,118,0,255,0,183,183,0,0,255,56,56,255,0,0,127,127,255,255,0,197,197,255,0,255,18,18,0,255,255,89,89,255,255,255
6412,248.77130468420788,302.3209269833133,1.2553632508722852,110,120,0,255,0,184,184,0,0,255,56,56,255,0,0,126,126,255,255,0,195,195,255,0,255,18,18,0,255,255,88,88,255,255,255
6443,248.85701527884947,302.3520299654674,1.2920893248462275,112,122,0,255,0,186,186,0,0,255,56,56,255,0,0,124,124,255,255,0,193,193,255,0,255,19,19,0,255,255,87,87,255,255,255
6476,249.1790101538958,302.1441436240332,1.315116452650354,114,124,0,255,0,186,186,0,0,255,56,56,255,0,0,124,124,255,255,0,191,191,255,0,255,19,19,0,255,255,87,87,255,255,255
6512,249.7398341887829,302.00586718857886,1.3520060575302242,116,126,0,255,0,187,187,0,0,255,56,56,255,0,0,123,123,255,255,0,189,189,255,0,255,20,20,0,255,255,87,87,255,255,255
6544,250.13837182748904,302.2750292525533,1.381492309090274,118,128,0,255,0,188,188,0,0,255,56,56,255,0,0,122,122,255,255,0,187,187,255,0,255,20,20,0,255,255,86,86,255,255,255
6577,250.63338568787054,302.68746558204026,1.4006590006103736,119,129,0,255,0,189,189,0,0,255,56,56,255,0,0,121,121,255,255,0,186,186,255,0,255,21,21,0,255,255,86,86,255,255,255
6613,251.29994077489454,302.95137297918154,1.4113171175646417,120,130,0,255,0,189,189,0,0,255,56,56,255,0,0,121,121,255,255,0,185,185,255,0,255,21,21,0,255,255,86,86,255,255,255
6645,251.7765470854235,303.50670644085295,1.4951830298447402,125,135,0,255,0,192,192,0,0,255,56,56,255,0,0,118,118,255,255,0,180,180,255,0,255,22,22,0,255,255,84,84,255,255,255
6677,251.92947975779398,303.45918071716983,1.5557144454375849,129,139,0,255,0,194,194,0,0,255,56,56,255,0,0,116,116,255,255,0,176,176,255,0,255,23,23,0,255,255,83,83,255,255,255
6712,251.75310569590948,303.44256059661814,1.5803751028551605,130,140,0,255,0,195,195,0,0,255,56,56,255,0,0,115,115,255,255,0,175,175,255,0,255,24,24,0,255,255,83,83,255,255,255
6745,251.65727060124027,303.5052212277186,1.5961654659937945,131,141,0,255,0,195,195,0,0,255,56,56,255,0,0,115,115,255,255,0,174,174,255,0,255,24,24,0,255,255,83,83,255,255,255
6777,252.17469685517486,303.2786169350222,1.6498249242700602,135,145,0,255,0,197,197,0,0,255,56,56,255,0,0,113,113,255,255,0,170,170,255,0,255,25,25,0,255,255,82,82,255,255,255
6812,252.8705585445204,302.8672338330068,1.681716370218403,137,147,0,255,0,198,198,0,0,255,56,56,255,0,0,112,112,255,255,0,168,168,255,0,255,25,25,0,255,255,81,81,255,255,255
6845,253.2751459531656,302.6778856500121,1.6673265170826468,136,146,0,255,0,197,197,0,0,255,56,56,255,0,0,113,113,255,255,0,169,169,255,0,255,25,25,0,255,255,82,82,255,255,255
6877,253.47215394003854,302.61599412316696,1.650982201030531,135,145,0,255,0,197,197,0,0,255,56,56,255,0,0,113,113,255,255,0,170,170,255,0,255,25,25,0,255,255,82,82,255,255,255
6913,253.43726215010687,302.3564921694191,1.5893594571478071,131,141,0,255,0,195,195,0,0,255,56,56,255,0,0,115,115,255,255,0,174,174,255,0,255,24,24,0,255,255,83,83,255,255,255
6977,253.39210759009435,303.1255387906988,1.53215691044978,127,137,0,255,0,193,193,0,0,255,56,56,255,0,0,117,117,255,255,0,178,178,255,0,255,23,23,0,255,255,84,84,255,255,255
7012,253.20319337578107,303.15363611289337,1.5041620806801017,126,136,0,255,0,192,192,0,0,255,56,56,255,0,0,118,118,255,255,0,179,179,255,0,255,22,22,0,255,255,84,84,255,255,255
7045,252.8575746279641,303.1807010525406,1.4384529803946102,121,131,0,255,0,190,190,0,0,255,56,56,255,0,0,120,120,255,255,0,184,184,255,0,255,21,21,0,255,255,85,85,255,255,255
7077,252.6659962895122,303.2102828959179,1.3772021374807348,118,128,0,255,0,188,188,0,0,255,56,56,255,0,0,122,122,255,255,0,187,187,255,0,255,20,20,0,255,255,86,86,255,255,255
7113,252.51786308565448,303.1851017356853,1.299612806426246,113,123,0,255,0,186,186,0,0,255,56,56,255,0,0,124,124,255,255,0,192,192,255,0,255,19,19,0,255,255,87,87,255,255,255
7145,252.76240270651695,302.70887650404444,1.2092735407441113,107,117,0,255,0,183,183,0,0,255,56,56,255,0,0,127,127,255,255,0,198,198,255,0,255,18,18,0,255,255,89,89,255,255,255
7177,253.16076362666172,302.3272748268978,1.1263909551526876,102,112,0,255,0,180,180,0,0,255,56,56,255,0,0,130,130,255,255,0,5,5,255,0,255,16,16,0,255,255,90,90,255,255,255
7213,253.47181584789558,302.2639875061153,1.0473397099421506,97,107,0,255,0,178,178,0,0,255,56,56,255,0,0,132,132,255,255,0,10,10,255,0,255,15,15,0,255,255,91,91,255,255,255
7245,254.34238845591648,301.60637353036316,0.977761715754497,92,102,0,255,0,176,176,0,0,255,56,56,255,0,0,134,134,255,255,0,15,15,255,0,255,14,14,0,255,255,92,92,255,255,255
7277,255.4851306923291,300.66531809642896,0.920789881748263,89,99,0,255,0,174,174,0,0,255,56,56,255,0,0,136,136,255,255,0,18,18,255,0,255,13,13,0,255,255,93,93,255,255,255
7313,256.422426956428,299.5225850394612,0.845899483117145,84,94,0,255,0,172,172,0,0,255,56,56,255,0,0,138,138,255,255,0,23,23,255,0,255,12,12,0,255,255,94,94,255,255,255
7344,257.0117534770229,298.30880562141533,0.7726744651116856,79,89,0,255,0,169,169,0,0,255,56,56,255,0,0,141,141,255,255,0,28,28,255,0,255,11,11,0,255,255,96,96,255,255,255
7376,256.9613793294627,297.321274807094,0.7126994476659181,76,86,0,255,0,167,167,0,0,255,56,56,255,0,0,143,143,255,255,0,31,31,255,0,255,10,10,0,255,255,97,97,255,255,255
7413,257.1937252844983,296.75956876859993,0.6195953541505448,70,80,0,255,0,164,164,0,0,255,56,56,255,0,0,146,146,255,255,0,37,37,255,0,255,8,8,0,255,255,98,98,255,255,255
7445,257.4838158463475,296.2534405016221,0.5025390908963371,62,72,0,255,0,161,161,0,0,255,56,56,255,0,0,149,149,255,255,0,45,45,255,0,255,7,7,0,255,255,100,100,255,255,255
7476,257.29777786177914,295.6037109458781,0.3815874971441212,55,65,0,255,0,157,157,0,0,255,56,56,255,0,0,153,153,255,255,0,52,52,255,0,255,5,5,0,255,255,102,102,255,255,255
7509,256.58635334509484,294.89221973522194,0.28274739597410825,49,59,0,255,0,154,154,0,0,255,56,56,255,0,0,156,156,255,255,0,58,58,255,0,255,3,3,0,255,255,103,103,255,255,255
7545,255.53139049212476,294.31376356133455,0.19305391471388608,43,53,0,255,0,151,151,0,0,255,56,56,255,0,0,159,159,255,255,0,64,64,255,0,255,2,2,0,255,255,105,105,255,255,255
7577,254.76943521033596,293.95860294682154,0.07928054639098557,36,46,0,255,0,147,147,0,0,255,56,56,255,0,0,163,163,255,255,0,71,71,255,0,255,198,198,0,255,255,107,107,255,255,255
7608,254.1130044541782,293.4549285217949,-0.05190452782560105,27,37,0,255,0,143,143,0,0,255,56,56,255,0,0,167,167,255,255,0,80,80,255,0,255,196,196,0,255,255,109,109,255,255,255
7644,253.5721655699884,293.65737686125703,-0.13356063469010424,22,32,0,255,0,141,141,0,0,255,56,56,255,0,0,169,169,255,255,0,85,85,255,0,255,195,195,0,255,255,110,110,255,255,255
7677,253.44744841719196,293.52135020054436,-0.22489953843396698,17,27,0,255,0,138,138,0,0,255,56,56,255,0,0,172,172,255,255,0,90,90,255,0,255,193,193,0,255,255,111,111,255,255,255
7708,253.57667343390588,293.15448461549227,-0.3169378018007325,11,21,0,255,0,135,135,0,0,255,56,56,255,0,0,175,175,255,255,0,96,96,255,0,255,192,192,0,255,255,113,113,255,255,255
7745,253.65818545543868,292.53706149803486,-0.41029426595679847,5,15,0,255,0,132,132,0,0,255,56,56,255,0,0,178,178,255,255,0,102,102,255,0,255,190,190,0,255,255,114,114,255,255,255
7777,253.2849978470126,291.8551543429304,-0.5282049139174819,-3,7,0,255,0,128,128,0,0,255,56,56,255,0,0,182,182,255,255,0,110,110,255,0,255,188,188,0,255,255,116,116,255,255,255
7809,253.00691855717972,291.8348148999521,-0.6360451049552162,189,199,0,255,0,125,125,0,0,255,56,56,255,0,0,185,185,255,255,0,116,116,255,0,255,187,187,0,255,255,118,118,255,255,255
7845,253.10789490365335,292.0321551032674,-0.7067752739515213,184,194,0,255,0,123,123,0,0,255,56,56,255,0,0,187,187,255,255,0,121,121,255,0,255,186,186,0,255,255,119,119,255,255,255
7877,252.59447999672045,291.7104615486156,-0.825959929621706,177,187,0,255,0,119,119,0,0,255,56,56,255,0,0,191,191,255,255,0,128,128,255,0,255,184,184,0,255,255,121,121,255,255,255
7909,251.83204848537846,291.78549661406123,-0.9375863428808128,170,180,0,255,0,115,115,0,0,255,56,56,255,0,0,195,195,255,255,0,135,135,255,0,255,182,182,0,255,255,123,123,255,255,255
7944,251.4003052039421,291.94538308019577,-1.0324904591239328,164,174,0,255,0,112,112,0,0,255,56,56,255,0,0,198,198,255,255,0,141,141,255,0,255,180,180,0,255,255,124,124,255,255,255
7978,251.1122537599275,291.6770704354799,-1.1368532178756272,157,167,0,255,0,109,109,0,0,255,56,56,255,0,0,3,3,255,255,0,148,148,255,0,255,179,179,0,255,255,126,126,255,255,255
8008,251.19557090880042,291.1905790023741,-1.278418347807747,148,158,0,255,0,105,105,0,0,255,56,56,255,0,0,7,7,255,255,0,157,157,255,0,255,177,177,0,255,255,128,128,255,255,255
8045,251.2682753733837,290.74098556655287,-1.37647831094099,142,152,0,255,0,101,101,0,0,255,56,56,255,0,0,11,11,255,255,0,163,163,255,0,255,175,175,0,255,255,130,130,255,255,255
8146,251.1419554868117,290.6863599609899,-1.7083933259698016,121,131,0,255,0,91,91,0,0,255,56,56,255,0,0,21,21,255,255,0,184,184,255,0,255,170,170,0,255,255,135,135,255,255,255
8177,251.11950178548892,290.3807027623012,-1.8304322753385778,113,123,0,255,0,87,87,0,0,255,56,56,255,0,0,25,25,255,255,0,192,192,255,0,255,168,168,0,255,255,137,137,255,255,255
8245,250.09355171545133,289.95908385349287,-2.0820456556465157,98,108,0,255,0,79,79,0,0,255,56,56,255,0,0,33,33,255,255,0,9,9,255,0,255,164,164,0,255,255,141,141,255,255,255
8276,249.9047687783199,289.330838267472,-2.180508201927621,91,101,0,255,0,76,76,0,0,255,56,56,255,0,0,36,36,255,255,0,16,16,255,0,255,162,162,0,255,255,142,142,255,255,255
8309,249.56730463209823,288.8402812793165,-2.2507856918853246,87,97,0,255,0,74,74,0,0,255,56,56,255,0,0,38,38,255,255,0,20,20,255,0,255,161,161,0,255,255,143,143,255,255,255
8345,249.08020633708273,288.8626936146742,-2.317507939946054,83,93,0,255,0,72,72,0,0,255,56,56,255,0,0,40,40,255,255,0,24,24,255,0,255,160,160,0,255,255,144,144,255,255,255
8376,248.78707427326455,288.8557749668279,-2.381479733152525,79,89,0,255,0,70,70,0,0,255,56,56,255,0,0,42,42,255,255,0,28,28,255,0,255,159,159,0,255,255,145,145,255,255,255
8409,248.9709581137043,288.4735115253591,-2.447523095634871,74,84,0,255,0,68,68,0,0,255,56,56,255,0,0,44,44,255,255,0,33,33,255,0,255,158,158,0,255,255,146,146,255,255,255
8445,249.1684522470555,288.5517951873173,-2.478791467574342,73,83,0,255,0,67,67,0,0,255,56,56,255,0,0,45,45,255,255,0,34,34,255,0,255,158,158,0,255,255,147,147,255,255,255
8477,248.75631295294988,288.47546138023665,-2.5374364722054477,69,79,0,255,0,65,65,0,0,255,56,56,255,0,0,47,47,255,255,0,38,38,255,0,255,157,157,0,255,255,148,148,255,255,255
8508,248.45004644412478,288.49233749933796,-2.6295010905286578,63,73,0,255,0,62,62,0,0,255,56,56,255,0,0,50,50,255,255,0,44,44,255,0,255,155,155,0,255,255,149,149,255,255,255
8545,248.3818981667149,288.44906718649486,-2.7325677523136602,57,67,0,255,0,59,59,0,0,255,56,56,255,0,0,53,53,255,255,0,50,50,255,0,255,154,154,0,255,255,151,151,255,255,255
8576,248.66339936558862,288.3633606726395,-2.7994734141066737,52,62,0,255,0,57,57,0,0,255,56,56,255,0,0,55,55,255,255,0,55,55,255,0,255,153,153,0,255,255,152,152,255,255,255
8608,248.61671680999933,287.42431421519586,-2.9009124687325953,46,56,0,255,0,53,53,0,0,255,56,56,255,0,0,59,59,255,255,0,61,61,255,0,255,151,151,0,255,255,154,154,255,255,255
8645,248.28039127591487,286.91427090915727,-2.9971707026178582,40,50,0,255,0,50,50,0,0,255,56,56,255,0,0,62,62,255,255,0,67,67,255,0,255,149,149,0,255,255,155,155,255,255,255
8676,247.7028591192477,287.31722715046686,-3.056615711170901,36,46,0,255,0,49,49,0,0,255,56,56,255,0,0,63,63,255,255,0,71,71,255,0,255,149,149,0,255,255,156,156,255,255,255
8709,247.3728540101109,287.72414974230514,-3.094027539729175,34,44,0,255,0,47,47,0,0,255,56,56,255,0,0,65,65,255,255,0,73,73,255,0,255,148,148,0,255,255,157,157,255,255,255
8744,246.93910445885984,288.0944761354545,-3.116443946737576,32,42,0,255,0,47,47,0,0,255,56,56,255,0,0,65,65,255,255,0,75,75,255,0,255,148,148,0,255,255,157,157,255,255,255
8777,245.9678044303665,288.26419461843045,3.1201823122913166,29,39,0,255,0,45,45,0,0,255,56,56,255,0,0,67,67,255,255,0,78,78,255,0,255,147,147,0,255,255,158,158,255,255,255
8809,245.50567921821954,288.59944394587137,3.0493224991324763,25,35,0,255,0,43,43,0,0,255,56,56,255,0,0,69,69,255,255,0,82,82,255,0,255,146,146,0,255,255,159,159,255,255,255
8845,245.6235568968243,288.30928111402096,2.9602542338178295,19,29,0,255,0,40,40,0,0,255,56,56,255,0,0,72,72,255,255,0,88,88,255,0,255,144,144,0,255,255,160,160,255,255,255
8877,245.61064192164355,287.8606179467882,2.8471082384749984,12,22,0,255,0,37,37,0,0,255,56,56,255,0,0,75,75,255,255,0,95,95,255,0,255,143,143,0,255,255,162,162,255,255,255
8909,245.63226765461252,287.64927876360855,2.7571381735228284,7,17,0,255,0,34,34,0,0,255,56,56,255,0,0,78,78,255,255,0,100,100,255,0,255,141,141,0,255,255,163,163,255,255,255
8945,246.3257707958344,288.5672265972687,2.736083432839469,5,15,0,255,0,33,33,0,0,255,56,56,255,0,0,79,79,255,255,0,102,102,255,0,255,141,141,0,255,255,164,164,255,255,255
8976,247.32825166287333,289.54426222809053,2.707357991091822,3,13,0,255,0,32,32,0,0,255,56,56,255,0,0,80,80,255,255,0,104,104,255,0,255,140,140,0,255,255,164,164,255,255,255
9009,248.26401350695446,290.62810360580426,2.65580714702063,0,10,0,255,0,31,31,0,0,255,56,56,255,0,0,81,81,255,255,0,107,107,255,0,255,140,140,0,255,255,165,165,255,255,255
9044,250.18596168937458,292.96938049788935,2.6156884958360607,-2,8,0,255,0,29,29,0,0,255,56,56,255,0,0,83,83,255,255,0,109,109,255,0,255,139,139,0,255,255,166,166,255,255,255
