[camera]
width=480
height=640
# width=720
# height=1280

[detection]
tag_pixel_width = 200
widen_radius = 15

[arena]
nleds = 198
ring_r = 3500.3 # in cm
origo_offset = [240, 320] # in pixels
cm_per_pixel = 2.2
baudrate = 115200 #9600##921600#

[setup]
label = "Two different suns"

    [[setup.suns]]
    link_factor = 1.5
    width = 11
    "θ" = 1.5707963267948966
    r = 5

        [setup.suns.color]
        r = 0.39215686274509803
        g = 1
        b = 0
    [[setup.suns]]
    link_factor = -0.8
    width = 3
    "θ" = 3.141592653589793
    r = 1

        [setup.suns.color]
        r = 0.1607843137254902
        g = 0.5019607843137255
        b = 1

[experiment]
datetime = 2023-12-05T11:10:44.380Z

ms,x,y,θ,start1,stop1,red1,green1,blue1,start2,stop2,red2,green2,blue2
48,248.17499275931795,294.6628983471404,2.1221944943018585,46,56,100,255,0,99,101,41,128,255
54,247.19750054477007,295.03916560610554,2.122240891728996,46,56,100,255,0,99,101,41,128,255
87,246.550420649954,295.20701571842,2.1200181564247256,45,55,100,255,0,99,101,41,128,255
122,246.3693352502318,294.67800041982616,2.1178096965062947,45,55,100,255,0,99,101,41,128,255
155,246.10160165807835,294.56682202463855,2.115559219644689,45,55,100,255,0,99,101,41,128,255
183,246.21714049674878,294.32077332077,2.1128030543939444,45,55,100,255,0,99,101,41,128,255
221,246.33254335448973,294.11259633134057,2.11123265155598,45,55,100,255,0,99,101,41,128,255
266,246.723590806383,293.93645768932555,2.110000161072909,45,55,100,255,0,99,101,41,128,255
286,247.03516441512062,293.67400982854787,2.109504484338654,45,55,100,255,0,99,101,41,128,255
322,246.97638088977757,293.5739774382296,2.107398882178998,45,55,100,255,0,99,101,41,128,255
354,246.85501047090747,293.5216917871352,2.10665821132274,45,55,100,255,0,99,101,41,128,255
386,246.71317733354792,293.06038301798094,2.090208839676109,44,54,100,255,0,100,102,41,128,255
422,246.52107489853466,292.77907574545327,2.096210065586453,44,54,100,255,0,100,102,41,128,255
454,245.86077043387712,293.11674946014296,2.105079158284574,45,55,100,255,0,99,101,41,128,255
486,244.70611945687875,294.5749381513507,2.148875755657679,47,57,100,255,0,98,100,41,128,255
522,244.08222056907223,296.7285719024366,2.2439350902398467,51,61,100,255,0,96,98,41,128,255
554,244.07263838921062,298.48444953786236,2.325079098675152,55,65,100,255,0,94,96,41,128,255
586,243.97834577405118,299.18430437349923,2.3673395672960047,57,67,100,255,0,93,95,41,128,255
623,243.88010136592277,299.61467661019316,2.402202489517651,59,69,100,255,0,92,94,41,128,255
654,243.58747598500162,300.0588755263389,2.4229028067607707,60,70,100,255,0,91,93,41,128,255
688,243.38427065113214,301.00704815655774,2.4477655647274275,61,71,100,255,0,91,93,41,128,255
722,243.14037005369585,302.13369115939884,2.5157562544603125,64,74,100,255,0,89,91,41,128,255
754,242.73177308007834,302.752743638527,2.554579356543309,66,76,100,255,0,88,90,41,128,255
786,242.16861730081027,303.22265792219724,2.597586996490217,68,78,100,255,0,87,89,41,128,255
822,242.09740339878945,303.5394398384761,2.6779383576467506,72,82,100,255,0,85,87,41,128,255
854,242.05136541328096,303.6459790409359,2.7777267967622836,76,86,100,255,0,82,84,41,128,255
886,241.3956015404552,303.31382711529807,2.8655521348025026,81,91,100,255,0,80,82,41,128,255
922,240.62018822630938,303.1543360682938,2.9458978707311263,84,94,100,255,0,78,80,41,128,255
954,239.86726832916318,303.0654115573197,3.0560278594979295,90,100,100,255,0,75,77,41,128,255
986,239.61427578214088,303.015725275643,-3.0822260771611014,96,106,100,255,0,72,74,41,128,255
1022,239.29063621904982,302.93173560600553,-2.9408092007244893,103,113,100,255,0,68,70,41,128,255
1055,239.19463363833995,302.1441100442987,-2.8478257208767204,108,118,100,255,0,66,68,41,128,255
1086,239.312393727175,301.74434417884004,-2.7613251633417404,112,122,100,255,0,64,66,41,128,255
1122,239.2582832016474,301.45678809112496,-2.6317646233644547,118,128,100,255,0,60,62,41,128,255
1154,239.2063729290112,301.416567124763,-2.492816332938652,124,134,100,255,0,57,59,41,128,255
1187,239.02869764767422,300.90616850644506,-2.398325582051182,129,139,100,255,0,55,57,41,128,255
1222,239.27708728714464,300.68167888572674,-2.339717141566792,132,142,100,255,0,53,55,41,128,255
1255,239.75475400021378,300.46372254089033,-2.2815922222825913,134,144,100,255,0,52,54,41,128,255
1286,240.0599848676617,300.1667369696788,-2.223910403585496,137,147,100,255,0,50,52,41,128,255
1322,240.32728358225265,300.0482403022999,-2.1725464846552023,139,149,100,255,0,49,51,41,128,255
1354,240.668286456433,299.9597285609382,-2.1110475935894732,142,152,100,255,0,47,49,41,128,255
1386,241.14200526726847,299.78775431236517,-2.0193955362930476,147,157,100,255,0,45,47,41,128,255
1423,240.9374146077975,299.3391189583011,-1.9362920613196002,151,161,100,255,0,43,45,41,128,255
1455,240.7732254407723,299.2689031198703,-1.8663552428189274,154,164,100,255,0,41,43,41,128,255
1486,240.55047653002438,299.5085783389268,-1.7992564185931417,157,167,100,255,0,39,41,41,128,255
1522,240.34977043424863,299.65178722785697,-1.7272256057789048,161,171,100,255,0,38,40,41,128,255
1554,239.9513806399456,299.96866309747116,-1.6377901363415488,165,175,100,255,0,35,37,41,128,255
1586,239.40859128712233,300.38276102848147,-1.5589836490491815,168,178,100,255,0,33,35,41,128,255
1623,239.51753775641285,300.9130773557707,-1.5153587164241293,171,181,100,255,0,32,34,41,128,255
1655,239.79728635245806,301.09289218094614,-1.5302108506170249,170,180,100,255,0,33,35,41,128,255
1687,239.82361435390263,301.710754994531,-1.541433392076153,169,179,100,255,0,33,35,41,128,255
1723,240.08729579551294,302.0702610140562,-1.5688627306991856,168,178,100,255,0,34,36,41,128,255
1755,240.4081895838607,301.82702647929125,-1.6093746813122503,166,176,100,255,0,35,37,41,128,255
1786,240.1085382452693,301.55041831430015,-1.694571908372484,162,172,100,255,0,37,39,41,128,255
1822,239.8861126762108,302.14176050535985,-1.8500389896949063,155,165,100,255,0,41,43,41,128,255
1855,239.55660499673775,302.86086182727496,-1.940085690028272,150,160,100,255,0,43,45,41,128,255
1886,239.45287529115478,303.17164065000907,-2.019440554235675,147,157,100,255,0,45,47,41,128,255
1923,239.5517197983062,303.15324659664816,-2.1149675934880796,142,152,100,255,0,47,49,41,128,255
1955,238.62130770214722,302.72424022084715,-2.212807650132376,138,148,100,255,0,50,52,41,128,255
1986,238.12065424300084,303.1082253787956,-2.2756205110386105,135,145,100,255,0,51,53,41,128,255
2022,238.31259615062325,303.15627203900567,-2.3559938616229075,131,141,100,255,0,53,55,41,128,255
2054,238.2956414494756,303.27573848997747,-2.429380685391465,127,137,100,255,0,55,57,41,128,255
2086,238.52620510140278,303.5992746440843,-2.5457823621041236,122,132,100,255,0,58,60,41,128,255
2118,237.975554346802,304.1039653986861,-2.651423280032988,117,127,100,255,0,61,63,41,128,255
2154,237.62746051184502,304.74765719117295,-2.7181799897856393,114,124,100,255,0,63,65,41,128,255
2187,237.65594315277542,305.1655207547342,-2.7635207554489836,112,122,100,255,0,64,66,41,128,255
2218,237.3041845028233,305.34018305591826,-2.8315799392139036,108,118,100,255,0,65,67,41,128,255
2254,236.30513786801498,305.28027696620063,-2.929259231764173,104,114,100,255,0,68,70,41,128,255
2286,235.56835680708718,305.4089995439436,-3.0202241750038987,99,109,100,255,0,70,72,41,128,255
2318,235.47545801542228,305.50238213721383,-3.1008522152093505,96,106,100,255,0,72,74,41,128,255
2354,235.61205184210394,306.00442774611656,3.0882871034900177,91,101,100,255,0,75,77,41,128,255
2386,235.39122119177617,306.4424579302462,2.9810408601754754,86,96,100,255,0,77,79,41,128,255
2418,235.2881097603099,307.0268725473743,2.89889753792692,82,92,100,255,0,79,81,41,128,255
2454,235.59632607888727,306.7035101696116,2.79976602495194,78,88,100,255,0,82,84,41,128,255
2486,235.97176301723655,306.48940334468614,2.7099241942358354,73,83,100,255,0,84,86,41,128,255
2518,236.67191529224655,306.5938867611753,2.6232310539346537,69,79,100,255,0,86,88,41,128,255
2554,237.63166015334127,307.00046875503466,2.5397488813547238,65,75,100,255,0,88,90,41,128,255
2586,238.42552537669724,307.4434458747803,2.4513239919371737,61,71,100,255,0,91,93,41,128,255
2618,238.69124576611893,307.5645908274692,2.353719937714041,56,66,100,255,0,93,95,41,128,255
2654,238.68546119742197,307.6704425398915,2.253150966410062,52,62,100,255,0,96,98,41,128,255
2686,238.6693785769676,307.62060208479306,2.1755636429141494,48,58,100,255,0,98,100,41,128,255
2719,238.59564053582218,307.39137579155886,2.1281284603457324,46,56,100,255,0,99,101,41,128,255
2755,238.0640998693022,306.8321474977022,2.0569276144031754,42,52,100,255,0,101,103,41,128,255
2786,237.71595286644512,306.2784179275094,2.0001310210773773,40,50,100,255,0,102,104,41,128,255
2818,237.75210700175217,306.07702997187073,1.9582806262866526,38,48,100,255,0,103,105,41,128,255
2854,238.33747201255954,306.3832818293164,1.9273520188036286,36,46,100,255,0,104,106,41,128,255
2886,239.03199194392965,305.5787502577627,1.865448094020507,33,43,100,255,0,105,107,41,128,255
2918,239.91027078469807,303.9222057961394,1.7550296585220635,28,38,100,255,0,108,110,41,128,255
2954,240.4586848601979,302.86838939091876,1.6715629559607277,24,34,100,255,0,110,112,41,128,255
2986,240.38893607988675,301.89945809291686,1.5499192177823686,18,28,100,255,0,113,115,41,128,255
3018,241.0973382465039,301.08476888789573,1.441170277766479,13,23,100,255,0,116,118,41,128,255
3065,241.87573625095905,300.03652027885823,1.3738194291082504,10,20,100,255,0,118,120,41,128,255
3086,242.1472909011319,299.30171229846144,1.2723326940030724,5,15,100,255,0,120,122,41,128,255
3118,242.33206679832134,298.77080884287034,1.1798590229544108,1,11,100,255,0,123,125,41,128,255
3153,242.25952821868182,298.0176024855019,1.051418667178006,193,203,100,255,0,126,128,41,128,255
3186,242.2528153157984,297.30906897132047,0.9704946745697866,189,199,100,255,0,128,130,41,128,255
3218,242.45232418782317,296.67051750953806,0.9128471756782116,186,196,100,255,0,129,131,41,128,255
3254,242.30533623391426,296.2621685187791,0.8212853777619628,182,192,100,255,0,132,134,41,128,255
3286,241.95877020669573,296.1362097987501,0.7328578149122182,178,188,100,255,0,134,136,41,128,255
3318,241.62829882810536,296.91299092592544,0.6854509034351677,176,186,100,255,0,135,137,41,128,255
3354,242.0592563003798,297.34388002501873,0.6920821322051637,176,186,100,255,0,135,137,41,128,255
3386,242.22203433851615,296.63325770644303,0.6423216917647108,174,184,100,255,0,136,138,41,128,255
3418,242.1481715982194,295.9801797430694,0.5952901111228721,171,181,100,255,0,137,139,41,128,255
3454,242.160125805431,296.21091735692335,0.570076061825316,170,180,100,255,0,138,140,41,128,255
3486,242.4452394978416,297.0181573668039,0.592559269787091,171,181,100,255,0,138,140,41,128,255
3518,242.4775224209291,297.30399485085695,0.5953127684742996,171,181,100,255,0,137,139,41,128,255
3555,242.55833002719885,297.4783972063361,0.6073628764763183,172,182,100,255,0,137,139,41,128,255
3586,242.50694713648863,297.8344268403152,0.621820507305402,173,183,100,255,0,137,139,41,128,255
3619,242.5986693925311,298.9618064170605,0.6609000683989757,174,184,100,255,0,136,138,41,128,255
3654,242.56722769787382,299.75904476625385,0.7415353405440338,178,188,100,255,0,134,136,41,128,255
3686,242.55027578525394,300.33580562110967,0.8156346839565847,182,192,100,255,0,132,134,41,128,255
3718,242.51396496093565,300.61565498720876,0.8812890075293363,185,195,100,255,0,130,132,41,128,255
3754,242.1190853637952,301.1346930985352,0.9268417489007048,187,197,100,255,0,129,131,41,128,255
3786,241.95672474180452,301.6217722194508,0.9886416681972112,190,200,100,255,0,128,130,41,128,255
3818,242.19219220500528,301.66639002688083,1.0467143585996281,193,203,100,255,0,126,128,41,128,255
3855,242.34912763537676,301.5329004887011,1.0857877080608298,-3,7,100,255,0,125,127,41,128,255
3886,242.31100967499256,301.53777326715255,1.1380677327566158,-1,9,100,255,0,124,126,41,128,255
3918,242.48163106050464,301.7605706124767,1.2013725990888195,2,12,100,255,0,122,124,41,128,255
3954,242.8961433471536,302.5321249440163,1.324393573189586,8,18,100,255,0,119,121,41,128,255
3986,242.67026582068283,302.7051954390156,1.3996217107323246,11,21,100,255,0,117,119,41,128,255
4018,242.3541983930225,303.3280203354964,1.494363772971525,16,26,100,255,0,115,117,41,128,255
4054,242.20683586393727,303.6963003271129,1.6295277729991111,22,32,100,255,0,111,113,41,128,255
4086,242.2800665341713,303.81092054113776,1.7941746493126531,30,40,100,255,0,107,109,41,128,255
4118,242.64108952082174,302.7403403301855,1.8540856968024255,33,43,100,255,0,106,108,41,128,255
4154,242.52887189502658,302.6263622673531,1.873093683225918,34,44,100,255,0,105,107,41,128,255
4186,242.22139901097302,303.4325034498882,1.9418042429876399,37,47,100,255,0,104,106,41,128,255
4218,241.51490792856822,303.751303007876,1.9979419690772955,40,50,100,255,0,102,104,41,128,255
4254,241.2653550178067,303.76585614041664,2.067140127169284,43,53,100,255,0,100,102,41,128,255
4286,240.79761945244846,303.74523938946805,2.129473559085183,46,56,100,255,0,99,101,41,128,255
4319,239.82384792913314,304.33912652867616,2.210553674563375,50,60,100,255,0,97,99,41,128,255
4350,239.30712379043945,304.75134586209515,2.2833581587242198,53,63,100,255,0,95,97,41,128,255
4387,239.04252464014078,305.38418563724935,2.379830273001428,58,68,100,255,0,93,95,41,128,255
4419,239.2386939267459,305.4131275693394,2.516011739042531,64,74,100,255,0,89,91,41,128,255
4450,238.93343338270762,305.9010661375498,2.6819480487259795,72,82,100,255,0,85,87,41,128,255
4486,238.66136450944265,305.9877318430306,2.8356544813550024,79,89,100,255,0,81,83,41,128,255
4518,238.1813074644784,305.83235206719513,2.9515213695491678,85,95,100,255,0,78,80,41,128,255
4550,238.3175198868751,305.2651114703327,3.0184146056972767,88,98,100,255,0,76,78,41,128,255
4587,238.1160885700855,305.12005214156216,3.1153024773444695,92,102,100,255,0,74,76,41,128,255
4619,237.7048484493643,305.71094418908757,-3.062997155948119,97,107,100,255,0,71,73,41,128,255
4651,237.96976671730232,306.1024820469342,-2.92674229873892,104,114,100,255,0,68,70,41,128,255
4686,239.13766772459675,305.66424812730304,-2.802561925766646,110,120,100,255,0,65,67,41,128,255
4718,239.90179752659935,305.1960598237853,-2.726118561038475,113,123,100,255,0,63,65,41,128,255
4750,239.9778232678266,304.8035311594085,-2.698671013770495,115,125,100,255,0,62,64,41,128,255
4786,239.832283932573,304.6997533427676,-2.6470653188721114,117,127,100,255,0,61,63,41,128,255
4818,239.57048039870844,304.7684647372432,-2.5864755081114734,120,130,100,255,0,59,61,41,128,255
4850,239.1260794936419,304.67386473001517,-2.5755727172573524,120,130,100,255,0,59,61,41,128,255
4886,238.63895742809498,304.4086765377828,-2.572727095570727,121,131,100,255,0,59,61,41,128,255
4918,237.9763009730438,304.72561445657607,-2.541365674345865,122,132,100,255,0,58,60,41,128,255
4951,237.22197053781116,304.7142300841342,-2.52242983939975,123,133,100,255,0,58,60,41,128,255
4987,236.75986485244576,304.7931131766775,-2.505346920721193,124,134,100,255,0,57,59,41,128,255
5018,236.4529878306447,304.764469229014,-2.486386911252537,125,135,100,255,0,57,59,41,128,255
5050,236.15938341585888,304.90318810328256,-2.4778607338821232,125,135,100,255,0,57,59,41,128,255
5086,236.09976599689844,305.0022369972865,-2.4719336169333452,125,135,100,255,0,56,58,41,128,255
5119,236.40639384723036,304.55075507961203,-2.4833551394277604,125,135,100,255,0,57,59,41,128,255
5150,236.70670938472097,304.2040140756891,-2.497450058188859,124,134,100,255,0,57,59,41,128,255
5186,237.10722806950838,303.6449863607378,-2.502292301531563,124,134,100,255,0,57,59,41,128,255
5217,237.35034246006813,303.46929993854144,-2.5087079385605735,124,134,100,255,0,57,59,41,128,255
5249,237.07223004374916,303.4462144667159,-2.5136379552731345,123,133,100,255,0,57,59,41,128,255
5287,236.92241513291938,303.80626123370547,-2.5233971402156765,123,133,100,255,0,58,60,41,128,255
5318,236.80236657241352,303.73885667141235,-2.5330368597112285,122,132,100,255,0,58,60,41,128,255
5349,237.0410245515704,303.56198596408217,-2.53969607680839,122,132,100,255,0,58,60,41,128,255
5386,237.04260586761953,303.48401655162934,-2.537877401117383,122,132,100,255,0,58,60,41,128,255
5416,236.69803911261653,303.4082920391568,-2.5350768047538144,122,132,100,255,0,58,60,41,128,255
5449,236.0892789193948,303.19421599132914,-2.5493382695996347,122,132,100,255,0,58,60,41,128,255
5485,235.47073148512712,303.10919352804405,-2.560817215727586,121,131,100,255,0,59,61,41,128,255
5516,235.09355680789545,303.10646662934016,-2.569610340910205,121,131,100,255,0,59,61,41,128,255
5549,235.03376769340986,303.28618951306686,-2.5809174409389093,120,130,100,255,0,59,61,41,128,255
5585,235.17421386594341,303.378250808618,-2.592531623461277,120,130,100,255,0,59,61,41,128,255
5615,235.58880777515836,303.0987382448692,-2.6154794786864124,119,129,100,255,0,60,62,41,128,255
5649,235.99501699028826,302.32664235298046,-2.654678944004786,117,127,100,255,0,61,63,41,128,255
5685,235.67241312334284,301.3482941763082,-2.690942314010089,115,125,100,255,0,62,64,41,128,255
5717,235.155242336485,300.5823468241619,-2.7205319431323103,114,124,100,255,0,63,65,41,128,255
5750,234.7329936407775,300.1252164589623,-2.7424145626596723,113,123,100,255,0,63,65,41,128,255
5785,234.6436524636512,299.6527559135859,-2.7779832908023,111,121,100,255,0,64,66,41,128,255
5817,234.62377109872884,299.60330095633526,-2.8028203224177277,110,120,100,255,0,65,67,41,128,255
5863,234.58175309050236,299.53503424698465,-2.801431776918485,110,120,100,255,0,65,67,41,128,255
5884,234.58806951359077,299.2011193703344,-2.8068409880155825,110,120,100,255,0,65,67,41,128,255
5916,234.34314308067863,299.5431735360013,-2.817052126647968,109,119,100,255,0,65,67,41,128,255
5947,234.72010599965805,300.06155439834674,-2.853806445789649,107,117,100,255,0,66,68,41,128,255
5983,234.99288504208198,300.2650637314309,-2.9178864413461256,104,114,100,255,0,68,70,41,128,255
6015,234.74327941317827,300.52870920871123,-2.9762546680056023,102,112,100,255,0,69,71,41,128,255
