[camera]
# width=480
# height=640
width=720
height=1280

[detection]
tag_pixel_width = 200
widen_radius = 15

[arena]
nleds = 113#198
ring_r = 3500.3 # in cm
origo_offset = [240, 320] # in pixels
cm_per_pixel = 2.2
baudrate = 115200#9600###921600#

[setup]
label = "Crazy"

    [[setup.suns]]
    link_factor = 2
    width = 11
    "θ" = 0
    r = 5

        [setup.suns.color]
        r = 0
        g = 1
        b = 0
    [[setup.suns]]
    link_factor = 1
    width = 1
    "θ" = 0.8726646259971648
    r = 0

        [setup.suns.color]
        r = 0
        g = 0
        b = 1
    [[setup.suns]]
    link_factor = 0
    width = 1
    "θ" = 1.7453292519943295
    r = 0

        [setup.suns.color]
        r = 1
        g = 0
        b = 0
    [[setup.suns]]
    link_factor = -1
    width = 1
    "θ" = 2.6179938779914944
    r = 0

        [setup.suns.color]
        r = 1
        g = 1
        b = 0
    [[setup.suns]]
    link_factor = -2
    width = 1
    "θ" = 3.490658503988659
    r = 0

        [setup.suns.color]
        r = 1
        g = 0
        b = 1
    [[setup.suns]]
    link_factor = 0.5
    width = 1
    "θ" = 4.363323129985824
    r = 0

        [setup.suns.color]
        r = 0
        g = 1
        b = 1
    [[setup.suns]]
    link_factor = -0.5
    width = 1
    "θ" = 5.235987755982989
    r = 0

        [setup.suns.color]
        r = 1
        g = 1
        b = 1

[experiment]
datetime = 2023-12-05T21:30:57.561Z

ms,x,y,θ,start1,stop1,red1,green1,blue1,start2,stop2,red2,green2,blue2,start3,stop3,red3,green3,blue3,start4,stop4,red4,green4,blue4,start5,stop5,red5,green5,blue5,start6,stop6,red6,green6,blue6,start7,stop7,red7,green7,blue7
0,411.68529546729314,510.40617015267617,-1.724351316207213,-4,6,0,255,0,17,17,0,0,255,32,32,255,0,0,48,48,255,255,0,64,64,255,0,255,79,79,0,255,255,95,95,255,255,255
21,416.3786655283626,508.3709983161152,-1.7454368451727478,108,118,0,255,0,16,16,0,0,255,32,32,255,0,0,48,48,255,255,0,65,65,255,0,255,79,79,0,255,255,95,95,255,255,255
220,411.33619346839606,528.9652040584538,-2.0908538305062265,96,106,0,255,0,10,10,0,0,255,32,32,255,0,0,55,55,255,255,0,77,77,255,0,255,76,76,0,255,255,98,98,255,255,255
377,410.2932717348499,526.0591269665993,-1.9573525497242839,101,111,0,255,0,13,13,0,0,255,32,32,255,0,0,52,52,255,255,0,72,72,255,0,255,77,77,0,255,255,97,97,255,255,255
422,414.0115659943323,523.2302400081466,-1.3950850059564583,8,18,0,255,0,23,23,0,0,255,32,32,255,0,0,42,42,255,255,0,52,52,255,0,255,82,82,0,255,255,92,92,255,255,255
519,418.869659985333,523.0821526828114,-0.569207387115989,38,48,0,255,0,37,37,0,0,255,32,32,255,0,0,27,27,255,255,0,22,22,255,0,255,90,90,0,255,255,85,85,255,255,255
619,424.9457332798002,523.9852759234251,0.028547158061925794,59,69,0,255,0,48,48,0,0,255,32,32,255,0,0,17,17,255,255,0,1,1,255,0,255,95,95,0,255,255,79,79,255,255,255
719,429.2379514019673,519.9089816446535,0.3710946043117275,71,81,0,255,0,54,54,0,0,255,32,32,255,0,0,10,10,255,255,0,101,101,255,0,255,98,98,0,255,255,76,76,255,255,255
920,437.27360073822587,532.5214289477047,1.2052258448455435,101,111,0,255,0,69,69,0,0,255,32,32,255,0,0,108,108,255,255,0,71,71,255,0,255,106,106,0,255,255,69,69,255,255,255
1019,436.41760337841487,544.8956905844757,1.619775202206708,3,13,0,255,0,77,77,0,0,255,32,32,255,0,0,101,101,255,255,0,56,56,255,0,255,110,110,0,255,255,65,65,255,255,255
1119,436.0159045103543,550.672921898221,1.8559764355622286,12,22,0,255,0,81,81,0,0,255,32,32,255,0,0,97,97,255,255,0,48,48,255,0,255,112,112,0,255,255,63,63,255,255,255
1219,436.28578352424427,550.5283730877269,2.1065591789846185,21,31,0,255,0,86,86,0,0,255,32,32,255,0,0,92,92,255,255,0,39,39,255,0,255,1,1,0,255,255,61,61,255,255,255
1321,435.1724815016281,547.5552188142599,2.3236855127205653,29,39,0,255,0,89,89,0,0,255,32,32,255,0,0,88,88,255,255,0,31,31,255,0,255,3,3,0,255,255,59,59,255,255,255
1419,435.8829558534398,544.2519087316516,2.5553338115240076,37,47,0,255,0,94,94,0,0,255,32,32,255,0,0,84,84,255,255,0,23,23,255,0,255,5,5,0,255,255,57,57,255,255,255
1519,437.10589265530575,542.7934947334272,2.8373855049441574,47,57,0,255,0,99,99,0,0,255,32,32,255,0,0,79,79,255,255,0,13,13,255,0,255,7,7,0,255,255,54,54,255,255,255
1623,435.49019193071183,542.5856255931881,3.024597197270694,54,64,0,255,0,102,102,0,0,255,32,32,255,0,0,76,76,255,255,0,6,6,255,0,255,9,9,0,255,255,52,52,255,255,255
1724,434.85261004834354,542.074366702141,3.0593755218898804,55,65,0,255,0,103,103,0,0,255,32,32,255,0,0,75,75,255,255,0,5,5,255,0,255,9,9,0,255,255,52,52,255,255,255
1819,429.7214565509264,533.8898118984221,2.8317289534398755,47,57,0,255,0,99,99,0,0,255,32,32,255,0,0,79,79,255,255,0,13,13,255,0,255,7,7,0,255,255,54,54,255,255,255
1920,428.2174397577179,533.965206122909,2.5770809326912967,38,48,0,255,0,94,94,0,0,255,32,32,255,0,0,84,84,255,255,0,22,22,255,0,255,5,5,0,255,255,56,56,255,255,255
2019,427.4063563048393,533.6921545024836,2.3652053999978238,30,40,0,255,0,90,90,0,0,255,32,32,255,0,0,88,88,255,255,0,30,30,255,0,255,3,3,0,255,255,58,58,255,255,255
2119,428.87230013299563,532.3199546807249,2.172116254926169,23,33,0,255,0,87,87,0,0,255,32,32,255,0,0,91,91,255,255,0,37,37,255,0,255,2,2,0,255,255,60,60,255,255,255
2222,428.7607079996261,532.0898630887252,2.0093999214727374,17,27,0,255,0,84,84,0,0,255,32,32,255,0,0,94,94,255,255,0,42,42,255,0,255,113,113,0,255,255,62,62,255,255,255
2319,428.8058118980533,530.0559564679496,1.8347223554659096,11,21,0,255,0,81,81,0,0,255,32,32,255,0,0,97,97,255,255,0,49,49,255,0,255,111,111,0,255,255,63,63,255,255,255
2419,427.81609528153183,530.8501994559624,1.7112368203464097,7,17,0,255,0,78,78,0,0,255,32,32,255,0,0,99,99,255,255,0,53,53,255,0,255,110,110,0,255,255,64,64,255,255,255
2521,427.5775786520662,532.0520273852011,1.6333951457368159,4,14,0,255,0,77,77,0,0,255,32,32,255,0,0,101,101,255,255,0,56,56,255,0,255,110,110,0,255,255,65,65,255,255,255
2622,426.68030951467983,533.5207154872453,1.5386525431696747,0,10,0,255,0,75,75,0,0,255,32,32,255,0,0,102,102,255,255,0,59,59,255,0,255,109,109,0,255,255,66,66,255,255,255
2720,428.33333173136646,536.2165706127238,1.4636172093756856,-2,8,0,255,0,74,74,0,0,255,32,32,255,0,0,104,104,255,255,0,62,62,255,0,255,108,108,0,255,255,66,66,255,255,255
2819,429.254700994695,538.5822801670488,1.367472548030776,107,117,0,255,0,72,72,0,0,255,32,32,255,0,0,105,105,255,255,0,66,66,255,0,255,107,107,0,255,255,67,67,255,255,255
2919,427.0040448889847,539.3119988111093,1.190872099219098,101,111,0,255,0,69,69,0,0,255,32,32,255,0,0,109,109,255,255,0,72,72,255,0,255,106,106,0,255,255,69,69,255,255,255
3019,426.84714208024127,542.2461255904127,1.1191276421624043,98,108,0,255,0,68,68,0,0,255,32,32,255,0,0,110,110,255,255,0,75,75,255,0,255,105,105,0,255,255,70,70,255,255,255
3119,425.51902083252946,542.5905015957187,1.0278006831185686,95,105,0,255,0,66,66,0,0,255,32,32,255,0,0,112,112,255,255,0,78,78,255,0,255,104,104,0,255,255,70,70,255,255,255
3220,422.0715852308314,541.7370503700406,0.8776283339380555,90,100,0,255,0,63,63,0,0,255,32,32,255,0,0,1,1,255,255,0,83,83,255,0,255,103,103,0,255,255,72,72,255,255,255
3319,420.5454354941446,541.6856519246267,0.6981281650587332,83,93,0,255,0,60,60,0,0,255,32,32,255,0,0,5,5,255,255,0,90,90,255,0,255,101,101,0,255,255,73,73,255,255,255
3419,419.7792962862708,541.1879331320266,0.5738123529155491,79,89,0,255,0,58,58,0,0,255,32,32,255,0,0,7,7,255,255,0,94,94,255,0,255,100,100,0,255,255,75,75,255,255,255
3519,417.87593799405937,539.847370568755,0.46994095803666985,75,85,0,255,0,56,56,0,0,255,32,32,255,0,0,9,9,255,255,0,98,98,255,0,255,99,99,0,255,255,75,75,255,255,255
3624,416.73400776011295,538.1734597441196,0.31295160145010037,69,79,0,255,0,53,53,0,0,255,32,32,255,0,0,11,11,255,255,0,103,103,255,0,255,98,98,0,255,255,77,77,255,255,255
3724,414.93732421064794,535.5670645507652,0.13895978985050994,63,73,0,255,0,50,50,0,0,255,32,32,255,0,0,15,15,255,255,0,110,110,255,0,255,96,96,0,255,255,78,78,255,255,255
3823,413.97991989545005,534.0067426013865,-0.0015606856523883072,58,68,0,255,0,48,48,0,0,255,32,32,255,0,0,17,17,255,255,0,2,2,255,0,255,95,95,0,255,255,80,80,255,255,255
3919,411.0583107213946,532.8064392958195,-0.13691236983102756,53,63,0,255,0,45,45,0,0,255,32,32,255,0,0,20,20,255,255,0,7,7,255,0,255,94,94,0,255,255,81,81,255,255,255
4020,410.256296092667,533.594169060249,-0.28323513858138705,48,58,0,255,0,43,43,0,0,255,32,32,255,0,0,22,22,255,255,0,12,12,255,0,255,92,92,0,255,255,82,82,255,255,255
4121,410.6219287237988,530.7941032180505,-0.47082879838197356,41,51,0,255,0,39,39,0,0,255,32,32,255,0,0,26,26,255,255,0,19,19,255,0,255,91,91,0,255,255,84,84,255,255,255
4220,411.9608209753102,527.1540724402907,-0.6041818285887566,36,46,0,255,0,37,37,0,0,255,32,32,255,0,0,28,28,255,255,0,23,23,255,0,255,90,90,0,255,255,85,85,255,255,255
4320,411.730391854083,523.6952156095354,-0.7715908727242529,30,40,0,255,0,34,34,0,0,255,32,32,255,0,0,31,31,255,255,0,30,30,255,0,255,88,88,0,255,255,87,87,255,255,255
4420,409.68475372052603,521.8140532517629,-0.9392857383335427,24,34,0,255,0,31,31,0,0,255,32,32,255,0,0,34,34,255,255,0,36,36,255,0,255,87,87,0,255,255,88,88,255,255,255
4520,406.7349990076541,519.7403167707196,-1.1042774967056337,18,28,0,255,0,28,28,0,0,255,32,32,255,0,0,37,37,255,255,0,41,41,255,0,255,85,85,0,255,255,90,90,255,255,255
4623,405.6574906869652,518.4877428197661,-1.291203392230588,12,22,0,255,0,24,24,0,0,255,32,32,255,0,0,40,40,255,255,0,48,48,255,0,255,83,83,0,255,255,91,91,255,255,255
4719,402.99711784367065,518.2091568618034,-1.4573644294915262,6,16,0,255,0,21,21,0,0,255,32,32,255,0,0,43,43,255,255,0,54,54,255,0,255,82,82,0,255,255,93,93,255,255,255
4819,401.694900483365,520.9359660017201,-1.5898638333726047,1,11,0,255,0,19,19,0,0,255,32,32,255,0,0,46,46,255,255,0,59,59,255,0,255,81,81,0,255,255,94,94,255,255,255
4921,400.5513094137901,521.5417178022611,-1.7298336919889303,-4,6,0,255,0,17,17,0,0,255,32,32,255,0,0,48,48,255,255,0,64,64,255,0,255,79,79,0,255,255,95,95,255,255,255
5020,400.275816917262,522.7556347390969,-1.899187395876805,103,113,0,255,0,14,14,0,0,255,32,32,255,0,0,51,51,255,255,0,70,70,255,0,255,78,78,0,255,255,97,97,255,255,255
5121,395.11800982335825,522.32482282179,-2.1306987356272513,94,104,0,255,0,9,9,0,0,255,32,32,255,0,0,55,55,255,255,0,78,78,255,0,255,76,76,0,255,255,99,99,255,255,255
5219,393.09197376118107,524.8367607904868,-2.2190464083213834,91,101,0,255,0,8,8,0,0,255,32,32,255,0,0,57,57,255,255,0,82,82,255,0,255,75,75,0,255,255,100,100,255,255,255
5320,392.2089960154433,526.7267501368497,-2.3399077038257343,87,97,0,255,0,6,6,0,0,255,32,32,255,0,0,59,59,255,255,0,86,86,255,0,255,74,74,0,255,255,101,101,255,255,255
5422,390.4996464361781,526.1144322423894,-2.435422428289965,83,93,0,255,0,4,4,0,0,255,32,32,255,0,0,61,61,255,255,0,89,89,255,0,255,73,73,0,255,255,102,102,255,255,255
5519,392.67449030296825,527.4375644292949,-2.3858826428287494,85,95,0,255,0,5,5,0,0,255,32,32,255,0,0,60,60,255,255,0,88,88,255,0,255,74,74,0,255,255,101,101,255,255,255
5622,397.61232693666966,529.06876268012,-2.261362752291543,90,100,0,255,0,7,7,0,0,255,32,32,255,0,0,58,58,255,255,0,83,83,255,0,255,75,75,0,255,255,100,100,255,255,255
5722,401.4550805114535,529.0090043474113,-2.1615646048025976,93,103,0,255,0,9,9,0,0,255,32,32,255,0,0,56,56,255,255,0,80,80,255,0,255,76,76,0,255,255,99,99,255,255,255
5825,403.4867191516251,532.6804338930631,-1.9279914140610033,102,112,0,255,0,13,13,0,0,255,32,32,255,0,0,52,52,255,255,0,71,71,255,0,255,78,78,0,255,255,97,97,255,255,255
5922,405.54714298535396,537.0780764942323,-1.600288938563123,0,10,0,255,0,19,19,0,0,255,32,32,255,0,0,46,46,255,255,0,59,59,255,0,255,81,81,0,255,255,94,94,255,255,255
6023,404.2343790135938,536.2332469559196,-1.4913654272721606,4,14,0,255,0,21,21,0,0,255,32,32,255,0,0,44,44,255,255,0,55,55,255,0,255,82,82,0,255,255,93,93,255,255,255
6120,401.3278746048726,535.6176330606179,-1.3710398523819516,9,19,0,255,0,23,23,0,0,255,32,32,255,0,0,42,42,255,255,0,51,51,255,0,255,83,83,0,255,255,92,92,255,255,255
6220,402.85400947078665,535.5770756311921,-1.2139447992725005,14,24,0,255,0,26,26,0,0,255,32,32,255,0,0,39,39,255,255,0,45,45,255,0,255,84,84,0,255,255,91,91,255,255,255
6320,403.8460911266991,536.477914487896,-1.0684971074254281,20,30,0,255,0,28,28,0,0,255,32,32,255,0,0,36,36,255,255,0,40,40,255,0,255,85,85,0,255,255,89,89,255,255,255
6422,404.6332732569661,535.7269885689759,-0.9187131020312447,25,35,0,255,0,31,31,0,0,255,32,32,255,0,0,34,34,255,255,0,35,35,255,0,255,87,87,0,255,255,88,88,255,255,255
6520,403.51573992376586,534.6189273346084,-0.7726617641953583,30,40,0,255,0,34,34,0,0,255,32,32,255,0,0,31,31,255,255,0,30,30,255,0,255,88,88,0,255,255,87,87,255,255,255
6620,406.50659153389944,536.7957042984398,-0.49549878183536605,40,50,0,255,0,39,39,0,0,255,32,32,255,0,0,26,26,255,255,0,20,20,255,0,255,91,91,0,255,255,84,84,255,255,255
6719,410.3595982852846,537.4833650849661,-0.26981572641305873,48,58,0,255,0,43,43,0,0,255,32,32,255,0,0,22,22,255,255,0,11,11,255,0,255,93,93,0,255,255,82,82,255,255,255
6822,411.91715431907573,537.8951373548038,-0.0592392638791048,56,66,0,255,0,47,47,0,0,255,32,32,255,0,0,18,18,255,255,0,4,4,255,0,255,94,94,0,255,255,80,80,255,255,255
6928,412.01019011371665,538.4797141804611,0.17280183200315138,64,74,0,255,0,51,51,0,0,255,32,32,255,0,0,14,14,255,255,0,109,109,255,0,255,97,97,0,255,255,78,78,255,255,255
7021,412.37462551202873,540.7506395208428,0.4231671980930884,73,83,0,255,0,55,55,0,0,255,32,32,255,0,0,9,9,255,255,0,100,100,255,0,255,99,99,0,255,255,76,76,255,255,255
7119,415.0536538265419,542.9700463142458,0.7278491014728349,84,94,0,255,0,61,61,0,0,255,32,32,255,0,0,4,4,255,255,0,89,89,255,0,255,102,102,0,255,255,73,73,255,255,255
7223,418.57934130195747,548.1461367659927,1.011442983282021,94,104,0,255,0,66,66,0,0,255,32,32,255,0,0,112,112,255,255,0,78,78,255,0,255,104,104,0,255,255,71,71,255,255,255
7319,419.77062826588156,554.6549395587193,1.3512657499296015,107,117,0,255,0,72,72,0,0,255,32,32,255,0,0,106,106,255,255,0,66,66,255,0,255,107,107,0,255,255,68,68,255,255,255
7419,420.48654600620614,558.5672479036969,1.668382746860148,5,15,0,255,0,78,78,0,0,255,32,32,255,0,0,100,100,255,255,0,55,55,255,0,255,110,110,0,255,255,65,65,255,255,255
7523,419.1460626902755,558.0857832534244,1.7865960838421067,9,19,0,255,0,80,80,0,0,255,32,32,255,0,0,98,98,255,255,0,50,50,255,0,255,111,111,0,255,255,64,64,255,255,255
7620,416.9665653151755,559.2715115289872,1.9841043802763414,16,26,0,255,0,83,83,0,0,255,32,32,255,0,0,94,94,255,255,0,43,43,255,0,255,113,113,0,255,255,62,62,255,255,255
7723,416.0231745568076,563.8144590389352,2.283277401312842,27,37,0,255,0,89,89,0,0,255,32,32,255,0,0,89,89,255,255,0,33,33,255,0,255,3,3,0,255,255,59,59,255,255,255
7822,416.42440182437605,565.3423177305588,2.4529699769532463,33,43,0,255,0,92,92,0,0,255,32,32,255,0,0,86,86,255,255,0,27,27,255,0,255,4,4,0,255,255,58,58,255,255,255
7922,417.82959926857995,567.7493830694972,2.660587736705993,41,51,0,255,0,96,96,0,0,255,32,32,255,0,0,82,82,255,255,0,19,19,255,0,255,6,6,0,255,255,56,56,255,255,255
8025,418.2237447822066,568.2695326214543,2.8518866662067777,48,58,0,255,0,99,99,0,0,255,32,32,255,0,0,79,79,255,255,0,12,12,255,0,255,8,8,0,255,255,54,54,255,255,255
8119,421.3670244681448,568.2313060738144,3.047270103815905,55,65,0,255,0,103,103,0,0,255,32,32,255,0,0,75,75,255,255,0,5,5,255,0,255,9,9,0,255,255,52,52,255,255,255
8221,424.99323037361,568.4277968824454,-2.9529864218094373,65,75,0,255,0,108,108,0,0,255,32,32,255,0,0,70,70,255,255,0,108,108,255,0,255,12,12,0,255,255,50,50,255,255,255
8322,428.352830467335,566.9636158639603,-2.624078816695345,77,87,0,255,0,1,1,0,0,255,32,32,255,0,0,64,64,255,255,0,96,96,255,0,255,15,15,0,255,255,47,47,255,255,255
8423,428.42729080752235,565.2035508669933,-2.313268927048836,88,98,0,255,0,6,6,0,0,255,32,32,255,0,0,59,59,255,255,0,85,85,255,0,255,18,18,0,255,255,44,44,255,255,255
8522,430.1891945663204,563.9444113644404,-1.9941650033279024,99,109,0,255,0,12,12,0,0,255,32,32,255,0,0,53,53,255,255,0,73,73,255,0,255,21,21,0,255,255,41,41,255,255,255
8622,433.57153607308373,561.4093264558209,-1.6722492556394963,-2,8,0,255,0,18,18,0,0,255,32,32,255,0,0,47,47,255,255,0,62,62,255,0,255,23,23,0,255,255,38,38,255,255,255
8722,435.9411030847349,562.5244702758796,-1.3383651980195275,10,20,0,255,0,24,24,0,0,255,32,32,255,0,0,41,41,255,255,0,50,50,255,0,255,26,26,0,255,255,35,35,255,255,255
8822,435.10168869258956,560.3942251363421,-1.064221258398492,20,30,0,255,0,29,29,0,0,255,32,32,255,0,0,36,36,255,255,0,40,40,255,0,255,29,29,0,255,255,33,33,255,255,255
8921,433.9138047603509,557.0259074408666,-0.8089548177947357,29,39,0,255,0,33,33,0,0,255,32,32,255,0,0,32,32,255,255,0,31,31,255,0,255,31,31,0,255,255,30,30,255,255,255
9023,432.1454751499691,555.8294877032229,-0.684662888197921,33,43,0,255,0,35,35,0,0,255,32,32,255,0,0,29,29,255,255,0,26,26,255,0,255,32,32,0,255,255,29,29,255,255,255
9121,431.78378260144973,555.7594633880169,-0.6591985569614487,34,44,0,255,0,36,36,0,0,255,32,32,255,0,0,29,29,255,255,0,25,25,255,0,255,33,33,0,255,255,29,29,255,255,255
9225,429.27880591579725,555.5895576686582,-0.6415990897501415,35,45,0,255,0,36,36,0,0,255,32,32,255,0,0,29,29,255,255,0,25,25,255,0,255,33,33,0,255,255,29,29,255,255,255
9322,428.85700108196,554.8079469854029,-0.6591255679173867,34,44,0,255,0,36,36,0,0,255,32,32,255,0,0,29,29,255,255,0,25,25,255,0,255,33,33,0,255,255,29,29,255,255,255
9422,430.1539046377995,553.1395670986237,-0.6695835920644136,34,44,0,255,0,36,36,0,0,255,32,32,255,0,0,29,29,255,255,0,26,26,255,0,255,32,32,0,255,255,29,29,255,255,255
9523,431.01182834986173,552.6276006725925,-0.6869784815104282,33,43,0,255,0,35,35,0,0,255,32,32,255,0,0,29,29,255,255,0,26,26,255,0,255,32,32,0,255,255,29,29,255,255,255
9622,428.95867328469956,551.0785202771369,-0.7521770292026122,31,41,0,255,0,34,34,0,0,255,32,32,255,0,0,31,31,255,255,0,29,29,255,0,255,32,32,0,255,255,30,30,255,255,255
9723,428.79141039043714,551.8851785504385,-0.8080790544624163,29,39,0,255,0,33,33,0,0,255,32,32,255,0,0,32,32,255,255,0,31,31,255,0,255,31,31,0,255,255,30,30,255,255,255
9822,430.76494618741094,552.6126944620158,-0.8316055601126535,28,38,0,255,0,33,33,0,0,255,32,32,255,0,0,32,32,255,255,0,32,32,255,0,255,31,31,0,255,255,31,31,255,255,255
10023,429.8733293441111,551.226415851288,-0.8880420796171499,26,36,0,255,0,32,32,0,0,255,32,32,255,0,0,33,33,255,255,0,34,34,255,0,255,30,30,0,255,255,31,31,255,255,255
10124,426.5473201128072,552.1699891962782,-0.9123283347132779,25,35,0,255,0,31,31,0,0,255,32,32,255,0,0,33,33,255,255,0,35,35,255,0,255,30,30,0,255,255,31,31,255,255,255
10222,427.54345062685616,554.8974296012359,-0.9061130002836725,25,35,0,255,0,31,31,0,0,255,32,32,255,0,0,33,33,255,255,0,34,34,255,0,255,30,30,0,255,255,31,31,255,255,255
10325,428.2086245425201,555.0292881130061,-0.9040100072383228,26,36,0,255,0,31,31,0,0,255,32,32,255,0,0,33,33,255,255,0,34,34,255,0,255,30,30,0,255,255,31,31,255,255,255
10422,429.0147500218125,555.5572907686576,-0.8967446743277444,26,36,0,255,0,32,32,0,0,255,32,32,255,0,0,33,33,255,255,0,34,34,255,0,255,30,30,0,255,255,31,31,255,255,255
10722,428.79084011769146,553.7951623718286,-0.8812322588223358,26,36,0,255,0,32,32,0,0,255,32,32,255,0,0,33,33,255,255,0,33,33,255,0,255,31,31,0,255,255,31,31,255,255,255
11124,432.31329642574906,550.5061034798808,-0.8758133821399662,27,37,0,255,0,32,32,0,0,255,32,32,255,0,0,33,33,255,255,0,33,33,255,0,255,31,31,0,255,255,31,31,255,255,255
11223,434.9895993989471,551.5345498437948,-0.8796455527790356,26,36,0,255,0,32,32,0,0,255,32,32,255,0,0,33,33,255,255,0,33,33,255,0,255,31,31,0,255,255,31,31,255,255,255
11623,433.18071842343556,550.6550147824947,-0.8899992568086641,26,36,0,255,0,32,32,0,0,255,32,32,255,0,0,33,33,255,255,0,34,34,255,0,255,30,30,0,255,255,31,31,255,255,255
11823,432.53726748647875,547.806685915889,-0.8869969536412983,26,36,0,255,0,32,32,0,0,255,32,32,255,0,0,33,33,255,255,0,34,34,255,0,255,31,31,0,255,255,31,31,255,255,255
11923,433.0543311469458,547.2297918786112,-0.8990710758285962,26,36,0,255,0,32,32,0,0,255,32,32,255,0,0,33,33,255,255,0,34,34,255,0,255,30,30,0,255,255,31,31,255,255,255
12323,430.948755502632,549.4167948021185,-0.9038063168843906,26,36,0,255,0,31,31,0,0,255,32,32,255,0,0,33,33,255,255,0,34,34,255,0,255,30,30,0,255,255,31,31,255,255,255
12427,431.62108641480285,548.9506272808087,-0.9333115629379998,24,34,0,255,0,31,31,0,0,255,32,32,255,0,0,34,34,255,255,0,35,35,255,0,255,30,30,0,255,255,32,32,255,255,255
12523,431.34696958410734,549.1130065319685,-0.961328206161261,23,33,0,255,0,30,30,0,0,255,32,32,255,0,0,34,34,255,255,0,36,36,255,0,255,30,30,0,255,255,32,32,255,255,255
12626,430.21171336098774,549.7273889065467,-1.0027202966982793,22,32,0,255,0,30,30,0,0,255,32,32,255,0,0,35,35,255,255,0,38,38,255,0,255,29,29,0,255,255,32,32,255,255,255
12729,428.4424456364138,549.2736791668705,-1.0265871385132805,21,31,0,255,0,29,29,0,0,255,32,32,255,0,0,36,36,255,255,0,39,39,255,0,255,29,29,0,255,255,32,32,255,255,255
12827,427.7188795613878,546.7767562418622,-1.085214589933856,19,29,0,255,0,28,28,0,0,255,32,32,255,0,0,37,37,255,255,0,41,41,255,0,255,29,29,0,255,255,33,33,255,255,255
12922,425.8686258081218,545.1905319675419,-1.213205646779329,14,24,0,255,0,26,26,0,0,255,32,32,255,0,0,39,39,255,255,0,45,45,255,0,255,28,28,0,255,255,34,34,255,255,255
13027,424.6916391177967,547.3188572920438,-1.270324368014628,12,22,0,255,0,25,25,0,0,255,32,32,255,0,0,40,40,255,255,0,47,47,255,0,255,27,27,0,255,255,35,35,255,255,255
13123,422.0543469182357,548.4974954240411,-1.370987767676197,9,19,0,255,0,23,23,0,0,255,32,32,255,0,0,42,42,255,255,0,51,51,255,0,255,26,26,0,255,255,35,35,255,255,255
13226,418.8088296577381,548.0177616792382,-1.5351754075227673,3,13,0,255,0,20,20,0,0,255,32,32,255,0,0,45,45,255,255,0,57,57,255,0,255,25,25,0,255,255,37,37,255,255,255
13323,415.33333711405396,548.5161698268844,-1.6713465896708097,-2,8,0,255,0,18,18,0,0,255,32,32,255,0,0,47,47,255,255,0,62,62,255,0,255,23,23,0,255,255,38,38,255,255,255
13422,411.45493474743887,549.8483296887116,-1.799474497698453,106,116,0,255,0,15,15,0,0,255,32,32,255,0,0,49,49,255,255,0,66,66,255,0,255,22,22,0,255,255,39,39,255,255,255
13522,409.9713347778335,550.7098223187413,-1.8499783671285894,104,114,0,255,0,14,14,0,0,255,32,32,255,0,0,50,50,255,255,0,68,68,255,0,255,22,22,0,255,255,40,40,255,255,255
13621,411.36395160677614,550.5683398981023,-1.8336241290126403,105,115,0,255,0,15,15,0,0,255,32,32,255,0,0,50,50,255,255,0,68,68,255,0,255,22,22,0,255,255,40,40,255,255,255
13720,412.9861938428961,550.6245333766221,-1.7784585990124973,107,117,0,255,0,16,16,0,0,255,32,32,255,0,0,49,49,255,255,0,66,66,255,0,255,22,22,0,255,255,39,39,255,255,255
13819,417.4786180347256,550.9565662858579,-1.5675115515107176,2,12,0,255,0,20,20,0,0,255,32,32,255,0,0,45,45,255,255,0,58,58,255,0,255,24,24,0,255,255,37,37,255,255,255
13924,418.7166292229985,550.5603441494535,-1.3651839786509168,9,19,0,255,0,23,23,0,0,255,32,32,255,0,0,42,42,255,255,0,51,51,255,0,255,26,26,0,255,255,35,35,255,255,255
14023,420.88954303544824,550.6106653502039,-1.1851094390934045,15,25,0,255,0,26,26,0,0,255,32,32,255,0,0,38,38,255,255,0,44,44,255,0,255,28,28,0,255,255,34,34,255,255,255
14125,423.4110855380168,549.9715820588278,-1.002800142770146,22,32,0,255,0,30,30,0,0,255,32,32,255,0,0,35,35,255,255,0,38,38,255,0,255,29,29,0,255,255,32,32,255,255,255
14221,424.5358006954158,548.7720746585077,-0.8853325271026876,26,36,0,255,0,32,32,0,0,255,32,32,255,0,0,33,33,255,255,0,34,34,255,0,255,31,31,0,255,255,31,31,255,255,255
14323,425.53047948017297,548.4501319795057,-0.736303360512598,32,42,0,255,0,34,34,0,0,255,32,32,255,0,0,30,30,255,255,0,28,28,255,0,255,32,32,0,255,255,30,30,255,255,255
14424,426.3652848205112,549.6795455922976,-0.6333200294030066,35,45,0,255,0,36,36,0,0,255,32,32,255,0,0,28,28,255,255,0,25,25,255,0,255,33,33,0,255,255,29,29,255,255,255
14522,427.21348544769205,549.9948619594605,-0.48005956687877926,41,51,0,255,0,39,39,0,0,255,32,32,255,0,0,26,26,255,255,0,19,19,255,0,255,34,34,0,255,255,27,27,255,255,255
14623,426.6033463709512,550.5585220955752,-0.36875989487524174,45,55,0,255,0,41,41,0,0,255,32,32,255,0,0,24,24,255,255,0,15,15,255,0,255,35,35,0,255,255,26,26,255,255,255
14722,426.219412041047,550.8305135172822,-0.2459228342054075,49,59,0,255,0,43,43,0,0,255,32,32,255,0,0,21,21,255,255,0,11,11,255,0,255,36,36,0,255,255,25,25,255,255,255
14824,428.983812058184,550.9497182345813,-0.03679766176551704,57,67,0,255,0,47,47,0,0,255,32,32,255,0,0,18,18,255,255,0,3,3,255,0,255,38,38,0,255,255,23,23,255,255,255
14920,430.225180664055,548.9039221334879,0.09682842614972739,62,72,0,255,0,49,49,0,0,255,32,32,255,0,0,15,15,255,255,0,111,111,255,0,255,39,39,0,255,255,22,22,255,255,255
15022,432.6812527870379,547.1253146504458,0.26483241351058256,68,78,0,255,0,52,52,0,0,255,32,32,255,0,0,12,12,255,255,0,105,105,255,0,255,41,41,0,255,255,21,21,255,255,255
15125,435.16949375564957,546.4304375199479,0.4399443240002518,74,84,0,255,0,56,56,0,0,255,32,32,255,0,0,9,9,255,255,0,99,99,255,0,255,42,42,0,255,255,19,19,255,255,255
15224,436.47014400640046,544.3114603004934,0.6185887376725225,80,90,0,255,0,59,59,0,0,255,32,32,255,0,0,6,6,255,255,0,93,93,255,0,255,44,44,0,255,255,18,18,255,255,255
15322,435.76547506359725,543.4803490276333,0.6699463381487034,82,92,0,255,0,60,60,0,0,255,32,32,255,0,0,5,5,255,255,0,91,91,255,0,255,45,45,0,255,255,17,17,255,255,255
15424,432.3544741684359,542.8509556478377,0.7317191653682406,84,94,0,255,0,61,61,0,0,255,32,32,255,0,0,4,4,255,255,0,88,88,255,0,255,45,45,0,255,255,17,17,255,255,255
15522,431.0872747121065,542.9681820244117,0.9761527543764733,93,103,0,255,0,65,65,0,0,255,32,32,255,0,0,113,113,255,255,0,80,80,255,0,255,47,47,0,255,255,14,14,255,255,255
15623,431.47657533480015,541.0794886939714,1.1326265156381234,99,109,0,255,0,68,68,0,0,255,32,32,255,0,0,110,110,255,255,0,74,74,255,0,255,49,49,0,255,255,13,13,255,255,255
15722,429.60166316905895,537.8584248213622,1.2191285822013174,102,112,0,255,0,70,70,0,0,255,32,32,255,0,0,108,108,255,255,0,71,71,255,0,255,49,49,0,255,255,12,12,255,255,255
