[camera]
width=480
height=640
# width=720
# height=1280

[detection]
tag_pixel_width = 200
widen_radius = 15

[arena]
nleds = 198
ring_r = 3500.3 # in cm
origo_offset = [240, 320] # in pixels
cm_per_pixel = 2.2
baudrate = 9600##115200 #921600#

[setup]
label = "Two different suns"

    [[setup.suns]]
    link_factor = 1.5
    width = 11
    "θ" = 1.5707963267948966
    r = 5

        [setup.suns.color]
        r = 0.39215686274509803
        g = 1
        b = 0
    [[setup.suns]]
    link_factor = -0.8
    width = 3
    "θ" = 3.141592653589793
    r = 1

        [setup.suns.color]
        r = 0.1607843137254902
        g = 0.5019607843137255
        b = 1

[experiment]
datetime = 2023-12-05T17:31:48.711Z

ms,x,y,θ,start1,stop1,red1,green1,blue1,start2,stop2,red2,green2,blue2
27,,,,46,56,100,255,0,99,101,41,128,255
27998,278.98881870566066,352.44895007891336,0.9191241934938881,89,99,100,255,0,76,78,41,128,255
28424,286.87473709231756,356.40742567761714,0.9310453753826576,90,100,100,255,0,76,78,41,128,255
28893,274.8577571842633,338.90459717561356,1.045814085038914,95,105,100,255,0,73,75,41,128,255
29048,271.58720834794326,336.8209049425628,1.1568768377900962,100,110,100,255,0,70,72,41,128,255
30145,272.5541687657394,338.880518268513,2.7648597679723395,176,186,100,255,0,29,31,41,128,255
31237,277.82036594704266,320.7486211907326,0.4258740085527047,66,76,100,255,0,88,90,41,128,255
31544,273.2689390606962,317.3843761773619,0.025387719796332378,47,57,100,255,0,98,100,41,128,255
31699,272.1303327670024,317.1210469410199,-0.28263499994538316,32,42,100,255,0,106,108,41,128,255
31855,270.79367502465107,316.848583791486,-0.42554544165304875,25,35,100,255,0,110,112,41,128,255
32168,268.91174576960304,317.3738484717642,-0.8421394538819849,6,16,100,255,0,120,122,41,128,255
32793,266.6138150430162,326.0697463336362,-1.9771241496721297,150,160,100,255,0,149,151,41,128,255
32947,267.37062694848476,327.6414994120106,-2.1210193219271813,143,153,100,255,0,152,154,41,128,255
33103,270.078565486705,329.19840570676695,-2.272309248426726,136,146,100,255,0,156,158,41,128,255
33263,270.7038547949909,330.196943728376,-2.294420064303618,135,145,100,255,0,157,159,41,128,255
34670,272.4197131877093,320.7206896026578,0.958878908921116,190,200,100,255,0,35,37,41,128,255
34820,272.04415818459125,322.82347539269927,1.1538078666572027,1,11,100,255,0,30,32,41,128,255
35133,269.04756643760965,326.5585813226038,1.612457264119212,23,33,100,255,0,19,21,41,128,255
35445,267.99841289167796,329.7914461926548,2.035873751774467,43,53,100,255,0,8,10,41,128,255
35754,268.08513742478317,331.8645621117738,2.3955501407062614,60,70,100,255,0,197,199,41,128,255
36223,262.02078833930636,336.7343859651548,3.027496378304826,90,100,100,255,0,181,183,41,128,255
36378,259.51837095916585,337.0965358656328,-3.0117986676490034,101,111,100,255,0,175,177,41,128,255
36534,257.90997604086806,336.5824572568864,-2.821485037777878,110,120,100,255,0,170,172,41,128,255
37003,255.17033848950243,329.9477018194515,-2.1382582293106926,142,152,100,255,0,153,155,41,128,255
37315,258.61797229447063,326.7442517021719,-1.811540231634079,158,168,100,255,0,145,147,41,128,255
37470,258.9744687305797,326.48546097098654,-1.638719861851389,166,176,100,255,0,140,142,41,128,255
37626,258.59781393853973,324.64476286130946,-1.448590714734937,175,185,100,255,0,136,138,41,128,255
