[camera]
# width=480
# height=640
width=720
height=1280

[detection]
tag_pixel_width = 200
widen_radius = 15

[arena]
nleds = 113#198
ring_r = 3500.3 # in cm
origo_offset = [240, 320] # in pixels
cm_per_pixel = 2.2
baudrate = 9600##115200 #921600#

[setup]
label = "Crazy"

    [[setup.suns]]
    link_factor = 2
    width = 11
    "θ" = 0
    r = 5

        [setup.suns.color]
        r = 0
        g = 1
        b = 0
    [[setup.suns]]
    link_factor = 1
    width = 1
    "θ" = 0.8726646259971648
    r = 0

        [setup.suns.color]
        r = 0
        g = 0
        b = 1
    [[setup.suns]]
    link_factor = 0
    width = 1
    "θ" = 1.7453292519943295
    r = 0

        [setup.suns.color]
        r = 1
        g = 0
        b = 0
    [[setup.suns]]
    link_factor = -1
    width = 1
    "θ" = 2.6179938779914944
    r = 0

        [setup.suns.color]
        r = 1
        g = 1
        b = 0
    [[setup.suns]]
    link_factor = -2
    width = 1
    "θ" = 3.490658503988659
    r = 0

        [setup.suns.color]
        r = 1
        g = 0
        b = 1
    [[setup.suns]]
    link_factor = 0.5
    width = 1
    "θ" = 4.363323129985824
    r = 0

        [setup.suns.color]
        r = 0
        g = 1
        b = 1
    [[setup.suns]]
    link_factor = -0.5
    width = 1
    "θ" = 5.235987755982989
    r = 0

        [setup.suns.color]
        r = 1
        g = 1
        b = 1

[experiment]
datetime = 2023-12-05T20:03:58.098Z

ms,x,y,θ,start1,stop1,red1,green1,blue1,start2,stop2,red2,green2,blue2,start3,stop3,red3,green3,blue3,start4,stop4,red4,green4,blue4,start5,stop5,red5,green5,blue5,start6,stop6,red6,green6,blue6,start7,stop7,red7,green7,blue7
1,371.348395080684,649.1010784728509,-1.4272943256376827,-4,6,0,255,0,17,17,0,0,255,32,32,255,0,0,48,48,255,255,0,64,64,255,0,255,79,79,0,255,255,95,95,255,255,255
184,372.3214481785676,647.5289381533527,-1.442920331236848,108,118,0,255,0,16,16,0,0,255,32,32,255,0,0,48,48,255,255,0,64,64,255,0,255,79,79,0,255,255,95,95,255,255,255
284,373.90612019647136,647.9439678239437,-1.4567149182804655,108,118,0,255,0,16,16,0,0,255,32,32,255,0,0,49,49,255,255,0,65,65,255,0,255,79,79,0,255,255,95,95,255,255,255
384,376.1979488217286,650.9372859844432,-1.509228644255071,106,116,0,255,0,15,15,0,0,255,32,32,255,0,0,50,50,255,255,0,67,67,255,0,255,79,79,0,255,255,96,96,255,255,255
497,377.6639200971611,652.0662926196809,-1.7505502902969892,97,107,0,255,0,11,11,0,0,255,32,32,255,0,0,54,54,255,255,0,75,75,255,0,255,77,77,0,255,255,98,98,255,255,255
588,376.8272673614065,653.8514642420533,-1.882884804846683,93,103,0,255,0,9,9,0,0,255,32,32,255,0,0,56,56,255,255,0,80,80,255,0,255,75,75,0,255,255,99,99,255,255,255
685,374.19344418660876,652.5204518183482,-2.060825261383739,86,96,0,255,0,5,5,0,0,255,32,32,255,0,0,59,59,255,255,0,87,87,255,0,255,74,74,0,255,255,101,101,255,255,255
784,371.4308347629734,652.7653010981522,-2.300932642232484,78,88,0,255,0,1,1,0,0,255,32,32,255,0,0,64,64,255,255,0,95,95,255,0,255,72,72,0,255,255,103,103,255,255,255
884,369.2414086322871,654.7325534473198,-2.480300284398038,71,81,0,255,0,111,111,0,0,255,32,32,255,0,0,67,67,255,255,0,102,102,255,0,255,70,70,0,255,255,105,105,255,255,255
984,369.54240710679835,656.1466645470382,-2.6036202228239906,67,77,0,255,0,109,109,0,0,255,32,32,255,0,0,69,69,255,255,0,106,106,255,0,255,69,69,0,255,255,106,106,255,255,255
1085,370.7993125166249,656.2727770875301,-2.698090039391278,63,73,0,255,0,107,107,0,0,255,32,32,255,0,0,71,71,255,255,0,109,109,255,0,255,68,68,0,255,255,107,107,255,255,255
1184,373.4190439031273,655.6350168616058,-2.792397920743892,60,70,0,255,0,105,105,0,0,255,32,32,255,0,0,73,73,255,255,0,113,113,255,0,255,67,67,0,255,255,107,107,255,255,255
1284,374.48206788301707,656.2415081441376,-2.890815756339622,56,66,0,255,0,103,103,0,0,255,32,32,255,0,0,74,74,255,255,0,3,3,255,0,255,66,66,0,255,255,108,108,255,255,255
1384,373.34655849713386,657.661742044725,-3.0005964778020613,52,62,0,255,0,101,101,0,0,255,32,32,255,0,0,76,76,255,255,0,7,7,255,0,255,65,65,0,255,255,109,109,255,255,255
1487,371.6839397668382,658.2050084527436,-3.0921175361570894,49,59,0,255,0,100,100,0,0,255,32,32,255,0,0,78,78,255,255,0,11,11,255,0,255,65,65,0,255,255,110,110,255,255,255
1585,373.00451641893557,658.5654953042513,3.0517199119257326,44,54,0,255,0,97,97,0,0,255,32,32,255,0,0,81,81,255,255,0,16,16,255,0,255,63,63,0,255,255,111,111,255,255,255
1685,374.27125191138725,659.2086613903585,2.9726158593704004,41,51,0,255,0,96,96,0,0,255,32,32,255,0,0,82,82,255,255,0,19,19,255,0,255,63,63,0,255,255,112,112,255,255,255
1784,375.13727307706984,659.4104331528782,2.8765101389624164,38,48,0,255,0,94,94,0,0,255,32,32,255,0,0,84,84,255,255,0,22,22,255,0,255,62,62,0,255,255,113,113,255,255,255
1884,376.34343297369617,658.8995789784639,2.7767032793771373,34,44,0,255,0,92,92,0,0,255,32,32,255,0,0,85,85,255,255,0,26,26,255,0,255,61,61,0,255,255,1,1,255,255,255
1984,375.2172126718756,658.4329840362091,2.703584181666873,32,42,0,255,0,91,91,0,0,255,32,32,255,0,0,87,87,255,255,0,28,28,255,0,255,60,60,0,255,255,2,2,255,255,255
2084,377.27401359295254,656.9567159748303,2.609360607273303,28,38,0,255,0,89,89,0,0,255,32,32,255,0,0,88,88,255,255,0,32,32,255,0,255,59,59,0,255,255,2,2,255,255,255
2185,380.073255165881,656.4065612599877,2.5379883894919923,26,36,0,255,0,88,88,0,0,255,32,32,255,0,0,90,90,255,255,0,34,34,255,0,255,59,59,0,255,255,3,3,255,255,255
2288,380.7866828534903,655.5854956796427,2.4353019085452527,22,32,0,255,0,86,86,0,0,255,32,32,255,0,0,92,92,255,255,0,38,38,255,0,255,58,58,0,255,255,4,4,255,255,255
2384,380.6685385821091,655.1232335473188,2.351560942405574,19,29,0,255,0,85,85,0,0,255,32,32,255,0,0,93,93,255,255,0,41,41,255,0,255,57,57,0,255,255,5,5,255,255,255
2484,381.38889512118294,654.4939279944335,2.335528203300912,18,28,0,255,0,84,84,0,0,255,32,32,255,0,0,93,93,255,255,0,41,41,255,0,255,57,57,0,255,255,5,5,255,255,255
2670,382.36448326837626,655.4254179824351,2.3088942954713727,17,27,0,255,0,84,84,0,0,255,32,32,255,0,0,94,94,255,255,0,42,42,255,0,255,57,57,0,255,255,5,5,255,255,255
2685,381.5288145178333,657.3517853703368,2.3468859028544236,19,29,0,255,0,85,85,0,0,255,32,32,255,0,0,93,93,255,255,0,41,41,255,0,255,57,57,0,255,255,5,5,255,255,255
2785,381.6580003613858,656.8186644666577,2.4432654410272274,22,32,0,255,0,86,86,0,0,255,32,32,255,0,0,91,91,255,255,0,38,38,255,0,255,58,58,0,255,255,4,4,255,255,255
2885,381.5583633720772,655.5338939963685,2.5343372240861752,25,35,0,255,0,88,88,0,0,255,32,32,255,0,0,90,90,255,255,0,34,34,255,0,255,59,59,0,255,255,3,3,255,255,255
2985,383.2860564317375,653.2148654673388,2.5822757259840508,27,37,0,255,0,89,89,0,0,255,32,32,255,0,0,89,89,255,255,0,33,33,255,0,255,59,59,0,255,255,3,3,255,255,255
3084,384.4743628690493,653.0604442768786,2.6431229763512643,29,39,0,255,0,90,90,0,0,255,32,32,255,0,0,88,88,255,255,0,30,30,255,0,255,60,60,0,255,255,2,2,255,255,255
3185,384.3410432548328,654.3893532659677,2.697717983282178,31,41,0,255,0,91,91,0,0,255,32,32,255,0,0,87,87,255,255,0,28,28,255,0,255,60,60,0,255,255,2,2,255,255,255
3285,383.71653522417455,656.5553905077941,2.7839652272992423,34,44,0,255,0,92,92,0,0,255,32,32,255,0,0,85,85,255,255,0,25,25,255,0,255,61,61,0,255,255,1,1,255,255,255
3385,382.8693735752024,657.3790310338018,2.867065733401345,37,47,0,255,0,94,94,0,0,255,32,32,255,0,0,84,84,255,255,0,22,22,255,0,255,62,62,0,255,255,113,113,255,255,255
3484,382.823162351055,656.8188427460641,2.9123864925147482,39,49,0,255,0,95,95,0,0,255,32,32,255,0,0,83,83,255,255,0,21,21,255,0,255,62,62,0,255,255,113,113,255,255,255
3762,382.1417490306943,656.3626680861241,2.9849526699641924,42,52,0,255,0,96,96,0,0,255,32,32,255,0,0,82,82,255,255,0,18,18,255,0,255,63,63,0,255,255,112,112,255,255,255
3772,382.1828303543137,654.603175018907,3.043939779308804,44,54,0,255,0,97,97,0,0,255,32,32,255,0,0,81,81,255,255,0,16,16,255,0,255,63,63,0,255,255,111,111,255,255,255
3784,380.81490793092337,653.8942328150246,3.1015028384115357,46,56,0,255,0,98,98,0,0,255,32,32,255,0,0,80,80,255,255,0,14,14,255,0,255,64,64,0,255,255,111,111,255,255,255
3885,379.5645164938601,652.6974385410408,-3.13535074635822,48,58,0,255,0,99,99,0,0,255,32,32,255,0,0,79,79,255,255,0,12,12,255,0,255,64,64,0,255,255,111,111,255,255,255
3985,379.3665607022017,652.5051209732911,-3.0700218060566318,50,60,0,255,0,100,100,0,0,255,32,32,255,0,0,78,78,255,255,0,10,10,255,0,255,65,65,0,255,255,110,110,255,255,255
4085,378.7521700837403,652.262394793963,-2.9833130285205924,53,63,0,255,0,102,102,0,0,255,32,32,255,0,0,76,76,255,255,0,7,7,255,0,255,65,65,0,255,255,109,109,255,255,255
4184,377.03573919221174,651.7406204554237,-2.9007982689029475,56,66,0,255,0,103,103,0,0,255,32,32,255,0,0,75,75,255,255,0,4,4,255,0,255,66,66,0,255,255,108,108,255,255,255
4284,375.10707121154377,651.5341132304471,-2.847215104063791,58,68,0,255,0,104,104,0,0,255,32,32,255,0,0,74,74,255,255,0,2,2,255,0,255,67,67,0,255,255,108,108,255,255,255
4384,373.21987046977125,651.8888307560029,-2.7642535335304026,61,71,0,255,0,106,106,0,0,255,32,32,255,0,0,72,72,255,255,0,112,112,255,0,255,67,67,0,255,255,107,107,255,255,255
4485,371.79259003005893,651.2354250056385,-2.672271160434242,64,74,0,255,0,107,107,0,0,255,32,32,255,0,0,70,70,255,255,0,109,109,255,0,255,68,68,0,255,255,106,106,255,255,255
4584,370.5260841154926,650.9164655326815,-2.569019370686223,68,78,0,255,0,109,109,0,0,255,32,32,255,0,0,69,69,255,255,0,105,105,255,0,255,69,69,0,255,255,105,105,255,255,255
4810,370.3784222649135,649.6903938578944,-2.442274536187869,72,82,0,255,0,111,111,0,0,255,32,32,255,0,0,66,66,255,255,0,100,100,255,0,255,70,70,0,255,255,104,104,255,255,255
4817,369.80399114492707,649.2118811642586,-2.304346671081907,77,87,0,255,0,1,1,0,0,255,32,32,255,0,0,64,64,255,255,0,95,95,255,0,255,72,72,0,255,255,103,103,255,255,255
4885,370.53957520150095,648.1421222844133,-2.1431179409336747,83,93,0,255,0,4,4,0,0,255,32,32,255,0,0,61,61,255,255,0,90,90,255,0,255,73,73,0,255,255,102,102,255,255,255
4985,371.62473957438715,647.8527861948318,-1.9567872812574245,90,100,0,255,0,7,7,0,0,255,32,32,255,0,0,58,58,255,255,0,83,83,255,0,255,75,75,0,255,255,100,100,255,255,255
5084,372.9605170855077,646.9073550854723,-1.8023274771901279,96,106,0,255,0,10,10,0,0,255,32,32,255,0,0,55,55,255,255,0,77,77,255,0,255,76,76,0,255,255,99,99,255,255,255
5185,374.0432455722121,645.7416475907479,-1.647002265570019,101,111,0,255,0,13,13,0,0,255,32,32,255,0,0,52,52,255,255,0,72,72,255,0,255,77,77,0,255,255,97,97,255,255,255
5285,375.36712184221847,644.7896317275206,-1.496102048417882,107,117,0,255,0,15,15,0,0,255,32,32,255,0,0,49,49,255,255,0,66,66,255,0,255,79,79,0,255,255,96,96,255,255,255
5386,376.11023927714234,643.8312676363176,-1.3354979099076252,-1,9,0,255,0,18,18,0,0,255,32,32,255,0,0,46,46,255,255,0,60,60,255,0,255,80,80,0,255,255,94,94,255,255,255
5485,377.19199769139504,642.7457721973733,-1.1344637960622124,7,17,0,255,0,22,22,0,0,255,32,32,255,0,0,43,43,255,255,0,53,53,255,0,255,82,82,0,255,255,93,93,255,255,255
5787,356.354419502522,650.7596220450035,-0.7969442542242369,19,29,0,255,0,28,28,0,0,255,32,32,255,0,0,37,37,255,255,0,41,41,255,0,255,85,85,0,255,255,89,89,255,255,255
5985,366.5962708450994,649.9706345005918,-0.494562365910955,30,40,0,255,0,33,33,0,0,255,32,32,255,0,0,31,31,255,255,0,30,30,255,0,255,88,88,0,255,255,87,87,255,255,255
6287,392.6224249147909,632.584747909347,-0.23533445089442676,39,49,0,255,0,38,38,0,0,255,32,32,255,0,0,27,27,255,255,0,21,21,255,0,255,90,90,0,255,255,84,84,255,255,255
6385,393.6864476765863,631.0178023183748,-0.19520635181996776,40,50,0,255,0,39,39,0,0,255,32,32,255,0,0,26,26,255,255,0,19,19,255,0,255,91,91,0,255,255,84,84,255,255,255
6484,391.1554346530773,628.7724654398578,-0.13154365371475513,43,53,0,255,0,40,40,0,0,255,32,32,255,0,0,25,25,255,255,0,17,17,255,0,255,91,91,0,255,255,84,84,255,255,255
6584,390.7502020644793,625.3018256319408,-0.02943439894530064,46,56,0,255,0,42,42,0,0,255,32,32,255,0,0,23,23,255,255,0,13,13,255,0,255,92,92,0,255,255,83,83,255,255,255
6685,391.43351238572984,623.738339638232,0.09175626483055845,51,61,0,255,0,44,44,0,0,255,32,32,255,0,0,21,21,255,255,0,9,9,255,0,255,93,93,0,255,255,82,82,255,255,255
6784,393.2173352702313,623.7163387748856,0.16436671565214428,53,63,0,255,0,45,45,0,0,255,32,32,255,0,0,19,19,255,255,0,7,7,255,0,255,94,94,0,255,255,81,81,255,255,255
6886,393.55297889999986,623.7859948808295,0.2531439233437241,56,66,0,255,0,47,47,0,0,255,32,32,255,0,0,18,18,255,255,0,3,3,255,0,255,95,95,0,255,255,80,80,255,255,255
6985,394.626780466338,624.2645177630263,0.413172378301353,62,72,0,255,0,50,50,0,0,255,32,32,255,0,0,15,15,255,255,0,111,111,255,0,255,96,96,0,255,255,79,79,255,255,255
7084,397.48569893994556,623.8880838272887,0.537232180944795,67,77,0,255,0,52,52,0,0,255,32,32,255,0,0,13,13,255,255,0,106,106,255,0,255,97,97,0,255,255,78,78,255,255,255
7185,400.1545106326472,623.8267758139866,0.6025492259274506,69,79,0,255,0,53,53,0,0,255,32,32,255,0,0,12,12,255,255,0,104,104,255,0,255,98,98,0,255,255,77,77,255,255,255
7284,399.72658360906587,624.0873746884993,0.6671117702583187,71,81,0,255,0,54,54,0,0,255,32,32,255,0,0,10,10,255,255,0,101,101,255,0,255,98,98,0,255,255,76,76,255,255,255
7384,399.8071850992204,624.3641288117167,0.6473005898053206,71,81,0,255,0,54,54,0,0,255,32,32,255,0,0,11,11,255,255,0,102,102,255,0,255,98,98,0,255,255,77,77,255,255,255
7485,398.0147187113,625.213391764683,0.5615932683475195,68,78,0,255,0,52,52,0,0,255,32,32,255,0,0,12,12,255,255,0,105,105,255,0,255,97,97,0,255,255,77,77,255,255,255
7587,397.7205782604552,626.0188362748662,0.510852175074016,66,76,0,255,0,52,52,0,0,255,32,32,255,0,0,13,13,255,255,0,107,107,255,0,255,97,97,0,255,255,78,78,255,255,255
7685,399.99111044908113,625.1996781430113,0.4928911920567288,65,75,0,255,0,51,51,0,0,255,32,32,255,0,0,14,14,255,255,0,108,108,255,0,255,97,97,0,255,255,78,78,255,255,255
7785,400.4080989567368,626.3992086808679,0.4406175811747336,63,73,0,255,0,50,50,0,0,255,32,32,255,0,0,14,14,255,255,0,110,110,255,0,255,96,96,0,255,255,78,78,255,255,255
7985,399.6919997344247,628.0955956614661,0.42444633223601347,63,73,0,255,0,50,50,0,0,255,32,32,255,0,0,15,15,255,255,0,110,110,255,0,255,96,96,0,255,255,79,79,255,255,255
8084,399.63746972557914,628.3438748049285,0.3840694687751681,61,71,0,255,0,49,49,0,0,255,32,32,255,0,0,16,16,255,255,0,112,112,255,0,255,96,96,0,255,255,79,79,255,255,255
8285,398.0238341991253,628.8235625007632,0.31130887117664113,59,69,0,255,0,48,48,0,0,255,32,32,255,0,0,17,17,255,255,0,1,1,255,0,255,95,95,0,255,255,80,80,255,255,255
8386,395.7893820658977,628.0669943228744,0.2977347082856126,58,68,0,255,0,48,48,0,0,255,32,32,255,0,0,17,17,255,255,0,2,2,255,0,255,95,95,0,255,255,80,80,255,255,255
8484,394.2220296269754,627.9878222050422,0.261099072612025,57,67,0,255,0,47,47,0,0,255,32,32,255,0,0,18,18,255,255,0,3,3,255,0,255,95,95,0,255,255,80,80,255,255,255
8584,395.3964939543404,627.8328122198538,0.21164261826761313,55,65,0,255,0,46,46,0,0,255,32,32,255,0,0,19,19,255,255,0,5,5,255,0,255,94,94,0,255,255,80,80,255,255,255
8685,396.4709775610927,629.3306640283902,0.1840684356245144,54,64,0,255,0,46,46,0,0,255,32,32,255,0,0,19,19,255,255,0,6,6,255,0,255,94,94,0,255,255,81,81,255,255,255
8784,395.83846376188365,630.7287682614725,0.13222065949206066,52,62,0,255,0,45,45,0,0,255,32,32,255,0,0,20,20,255,255,0,8,8,255,0,255,93,93,0,255,255,81,81,255,255,255
8886,395.4587933502735,630.9448594200448,0.09806416540851494,51,61,0,255,0,44,44,0,0,255,32,32,255,0,0,21,21,255,255,0,9,9,255,0,255,93,93,0,255,255,81,81,255,255,255
8985,395.8399980776733,631.2348915328823,0.07661995613798485,50,60,0,255,0,44,44,0,0,255,32,32,255,0,0,21,21,255,255,0,10,10,255,0,255,93,93,0,255,255,82,82,255,255,255
9084,395.8009037159717,631.458305271921,0.05667375618775362,49,59,0,255,0,43,43,0,0,255,32,32,255,0,0,21,21,255,255,0,10,10,255,0,255,93,93,0,255,255,82,82,255,255,255
9187,395.0629836932212,631.1520715660179,0.0279474823599909,48,58,0,255,0,43,43,0,0,255,32,32,255,0,0,22,22,255,255,0,11,11,255,0,255,93,93,0,255,255,82,82,255,255,255
9284,393.68467098896315,632.8511708208606,-0.01243937201154886,47,57,0,255,0,42,42,0,0,255,32,32,255,0,0,23,23,255,255,0,13,13,255,0,255,92,92,0,255,255,82,82,255,255,255
9385,392.03000150281287,633.9691700924063,-0.03944703671473908,46,56,0,255,0,42,42,0,0,255,32,32,255,0,0,23,23,255,255,0,14,14,255,0,255,92,92,0,255,255,83,83,255,255,255
9485,392.96322212373707,633.7824141460035,-0.08829810731349862,44,54,0,255,0,41,41,0,0,255,32,32,255,0,0,24,24,255,255,0,16,16,255,0,255,92,92,0,255,255,83,83,255,255,255
9585,394.00304916504797,633.3641256601027,-0.11070521750482389,43,53,0,255,0,40,40,0,0,255,32,32,255,0,0,24,24,255,255,0,16,16,255,0,255,91,91,0,255,255,83,83,255,255,255
9685,393.3332973997609,632.5773832466166,-0.15564268032786077,42,52,0,255,0,40,40,0,0,255,32,32,255,0,0,25,25,255,255,0,18,18,255,0,255,91,91,0,255,255,84,84,255,255,255
9785,392.64868637985956,632.1177665549175,-0.18981137012403912,41,51,0,255,0,39,39,0,0,255,32,32,255,0,0,26,26,255,255,0,19,19,255,0,255,91,91,0,255,255,84,84,255,255,255
9885,393.1915016161794,632.646805604641,-0.23190873214598165,39,49,0,255,0,38,38,0,0,255,32,32,255,0,0,27,27,255,255,0,21,21,255,0,255,90,90,0,255,255,84,84,255,255,255
9987,393.47109694591745,632.5738307379894,-0.2853521426513031,37,47,0,255,0,37,37,0,0,255,32,32,255,0,0,28,28,255,255,0,23,23,255,0,255,90,90,0,255,255,85,85,255,255,255
10084,392.6251157208972,632.7360751189271,-0.3174741432853694,36,46,0,255,0,37,37,0,0,255,32,32,255,0,0,28,28,255,255,0,24,24,255,0,255,89,89,0,255,255,85,85,255,255,255
10184,392.21313912232085,632.9259407361427,-0.3520729487902867,35,45,0,255,0,36,36,0,0,255,32,32,255,0,0,29,29,255,255,0,25,25,255,0,255,89,89,0,255,255,85,85,255,255,255
10284,391.58549730938324,633.5771240736215,-0.3975002724469571,33,43,0,255,0,35,35,0,0,255,32,32,255,0,0,30,30,255,255,0,27,27,255,0,255,89,89,0,255,255,86,86,255,255,255
10381,392.5616830201942,633.4415341775032,-0.4883267486672105,30,40,0,255,0,34,34,0,0,255,32,32,255,0,0,31,31,255,255,0,30,30,255,0,255,88,88,0,255,255,87,87,255,255,255
10481,393.4317171686962,632.5646698041745,-0.5673720591664836,27,37,0,255,0,32,32,0,0,255,32,32,255,0,0,33,33,255,255,0,33,33,255,0,255,87,87,0,255,255,87,87,255,255,255
10581,394.12982916388694,631.7545853586416,-0.6200598403949968,25,35,0,255,0,31,31,0,0,255,32,32,255,0,0,34,34,255,255,0,35,35,255,0,255,87,87,0,255,255,88,88,255,255,255
10683,394.57238995149135,632.504143447005,-0.6583803278457372,24,34,0,255,0,31,31,0,0,255,32,32,255,0,0,34,34,255,255,0,36,36,255,0,255,86,86,0,255,255,88,88,255,255,255
10781,395.3759543869477,632.4334704428474,-0.6858444598926903,23,33,0,255,0,30,30,0,0,255,32,32,255,0,0,35,35,255,255,0,37,37,255,0,255,86,86,0,255,255,88,88,255,255,255
10882,394.842322585691,632.1989826653316,-0.7464138593621721,20,30,0,255,0,29,29,0,0,255,32,32,255,0,0,36,36,255,255,0,39,39,255,0,255,86,86,0,255,255,89,89,255,255,255
10981,395.1398509710125,631.4542487679589,-0.7969086380196707,19,29,0,255,0,28,28,0,0,255,32,32,255,0,0,37,37,255,255,0,41,41,255,0,255,85,85,0,255,255,89,89,255,255,255
11084,396.47816177846386,630.9718296314402,-0.8748664866060861,16,26,0,255,0,27,27,0,0,255,32,32,255,0,0,38,38,255,255,0,44,44,255,0,255,84,84,0,255,255,90,90,255,255,255
11181,396.8396569538646,631.193724640903,-0.9793349288784436,12,22,0,255,0,25,25,0,0,255,32,32,255,0,0,40,40,255,255,0,48,48,255,0,255,84,84,0,255,255,91,91,255,255,255
11284,396.2558758718137,631.1349160156977,-1.0371469305352043,10,20,0,255,0,24,24,0,0,255,32,32,255,0,0,41,41,255,255,0,50,50,255,0,255,83,83,0,255,255,92,92,255,255,255
11489,398.4803403694003,633.0693304702171,-0.43779418027987876,32,42,0,255,0,34,34,0,0,255,32,32,255,0,0,30,30,255,255,0,28,28,255,0,255,88,88,0,255,255,86,86,255,255,255
11581,396.7211240810509,632.775619217085,-0.41792389290384,32,42,0,255,0,35,35,0,0,255,32,32,255,0,0,30,30,255,255,0,27,27,255,0,255,89,89,0,255,255,86,86,255,255,255
11682,395.98973873131644,632.6903538066567,-0.1575948842377605,42,52,0,255,0,40,40,0,0,255,32,32,255,0,0,25,25,255,255,0,18,18,255,0,255,91,91,0,255,255,84,84,255,255,255
11783,395.51342999993176,632.356173863571,0.051239380174368694,49,59,0,255,0,43,43,0,0,255,32,32,255,0,0,21,21,255,255,0,11,11,255,0,255,93,93,0,255,255,82,82,255,255,255
11884,395.86567993000597,631.0155369243117,0.17666181143712614,54,64,0,255,0,46,46,0,0,255,32,32,255,0,0,19,19,255,255,0,6,6,255,0,255,94,94,0,255,255,81,81,255,255,255
11983,396.43938626910926,630.410167740976,0.297345421975975,58,68,0,255,0,48,48,0,0,255,32,32,255,0,0,17,17,255,255,0,2,2,255,0,255,95,95,0,255,255,80,80,255,255,255
12081,395.9512969499282,631.9990721404922,0.36509673100363715,60,70,0,255,0,49,49,0,0,255,32,32,255,0,0,16,16,255,255,0,112,112,255,0,255,96,96,0,255,255,79,79,255,255,255
12180,391.8010854769818,631.4900411132783,0.541819009974731,67,77,0,255,0,52,52,0,0,255,32,32,255,0,0,13,13,255,255,0,106,106,255,0,255,97,97,0,255,255,77,77,255,255,255
12289,393.19773823288006,631.5390695117256,0.7171801015777279,73,83,0,255,0,55,55,0,0,255,32,32,255,0,0,10,10,255,255,0,100,100,255,0,255,99,99,0,255,255,76,76,255,255,255
12381,396.31967376129273,629.3978995985217,0.7835533311538766,76,86,0,255,0,56,56,0,0,255,32,32,255,0,0,8,8,255,255,0,97,97,255,0,255,99,99,0,255,255,75,75,255,255,255
12481,398.2879314826717,628.7488003397276,1.023115593421818,84,94,0,255,0,61,61,0,0,255,32,32,255,0,0,4,4,255,255,0,89,89,255,0,255,102,102,0,255,255,73,73,255,255,255
12581,402.69908310810376,628.2640080236756,1.164770125707521,89,99,0,255,0,63,63,0,0,255,32,32,255,0,0,1,1,255,255,0,84,84,255,0,255,103,103,0,255,255,72,72,255,255,255
12681,406.93012954202015,628.6868819292796,1.2265338669956274,91,101,0,255,0,64,64,0,0,255,32,32,255,0,0,113,113,255,255,0,81,81,255,0,255,103,103,0,255,255,71,71,255,255,255
12782,406.70622631063713,630.6796192443688,1.3351947990557482,95,105,0,255,0,66,66,0,0,255,32,32,255,0,0,111,111,255,255,0,77,77,255,0,255,104,104,0,255,255,70,70,255,255,255
12884,403.0119691594312,631.6855417525421,1.5146958345916177,102,112,0,255,0,70,70,0,0,255,32,32,255,0,0,108,108,255,255,0,71,71,255,0,255,106,106,0,255,255,69,69,255,255,255
16221,397.97479964224493,734.8725902116751,2.0785956678904745,9,19,0,255,0,80,80,0,0,255,32,32,255,0,0,98,98,255,255,0,51,51,255,0,255,111,111,0,255,255,64,64,255,255,255
16285,398.4950159971071,740.3694961731169,2.1088699764501637,10,20,0,255,0,80,80,0,0,255,32,32,255,0,0,97,97,255,255,0,50,50,255,0,255,111,111,0,255,255,63,63,255,255,255
16484,395.09666487849444,742.3059908554046,2.159391213678095,12,22,0,255,0,81,81,0,0,255,32,32,255,0,0,97,97,255,255,0,48,48,255,0,255,112,112,0,255,255,63,63,255,255,255
16585,388.50018063921755,744.4973785882673,2.2361968311042184,15,25,0,255,0,83,83,0,0,255,32,32,255,0,0,95,95,255,255,0,45,45,255,0,255,112,112,0,255,255,62,62,255,255,255
16685,389.97990833028973,740.6627389993913,2.2660432766978476,16,26,0,255,0,83,83,0,0,255,32,32,255,0,0,95,95,255,255,0,44,44,255,0,255,113,113,0,255,255,62,62,255,255,255
16885,395.74660835910174,729.7897014458083,2.3088687337983886,17,27,0,255,0,84,84,0,0,255,32,32,255,0,0,94,94,255,255,0,42,42,255,0,255,113,113,0,255,255,62,62,255,255,255
16984,397.8773414350991,729.1472996691465,2.3441085426935713,19,29,0,255,0,85,85,0,0,255,32,32,255,0,0,93,93,255,255,0,41,41,255,0,255,113,113,0,255,255,61,61,255,255,255
17084,400.74326646384026,727.268684161936,2.367731182531969,20,30,0,255,0,85,85,0,0,255,32,32,255,0,0,93,93,255,255,0,40,40,255,0,255,1,1,0,255,255,61,61,255,255,255
17184,402.53997994186585,724.0560478914527,2.4076963351885454,21,31,0,255,0,86,86,0,0,255,32,32,255,0,0,92,92,255,255,0,39,39,255,0,255,1,1,0,255,255,61,61,255,255,255
17286,401.41354839255604,723.6232709415724,2.4916624691503704,24,34,0,255,0,87,87,0,0,255,32,32,255,0,0,91,91,255,255,0,36,36,255,0,255,2,2,0,255,255,60,60,255,255,255
17384,403.3766589753402,721.8143995885328,2.5140283236343604,25,35,0,255,0,88,88,0,0,255,32,32,255,0,0,90,90,255,255,0,35,35,255,0,255,2,2,0,255,255,60,60,255,255,255
17484,403.4856714473119,718.2531032239366,2.5546288854785404,26,36,0,255,0,88,88,0,0,255,32,32,255,0,0,89,89,255,255,0,34,34,255,0,255,2,2,0,255,255,59,59,255,255,255
17585,402.5227985025358,718.6356862356984,2.6229344335891582,29,39,0,255,0,90,90,0,0,255,32,32,255,0,0,88,88,255,255,0,31,31,255,0,255,3,3,0,255,255,59,59,255,255,255
17685,401.73628389567114,718.3305832262171,2.712154697402824,32,42,0,255,0,91,91,0,0,255,32,32,255,0,0,87,87,255,255,0,28,28,255,0,255,4,4,0,255,255,58,58,255,255,255
17784,400.93889168243743,719.4648451967217,2.816456689823598,36,46,0,255,0,93,93,0,0,255,32,32,255,0,0,85,85,255,255,0,24,24,255,0,255,5,5,0,255,255,57,57,255,255,255
17885,398.7414248555215,719.869420558917,2.9494600530024906,40,50,0,255,0,95,95,0,0,255,32,32,255,0,0,82,82,255,255,0,19,19,255,0,255,6,6,0,255,255,56,56,255,255,255
17985,397.84973398804334,718.2061569355898,3.064825007856328,45,55,0,255,0,97,97,0,0,255,32,32,255,0,0,80,80,255,255,0,15,15,255,0,255,7,7,0,255,255,55,55,255,255,255
18087,396.89676866732907,716.5973312117296,-3.1078462854144964,49,59,0,255,0,99,99,0,0,255,32,32,255,0,0,78,78,255,255,0,11,11,255,0,255,8,8,0,255,255,54,54,255,255,255
18184,397.1287547260119,715.1354398936486,-3.0494673801895504,51,61,0,255,0,101,101,0,0,255,32,32,255,0,0,77,77,255,255,0,9,9,255,0,255,8,8,0,255,255,53,53,255,255,255
18285,396.2892110072371,713.1431383960964,-2.939310867975548,55,65,0,255,0,103,103,0,0,255,32,32,255,0,0,75,75,255,255,0,5,5,255,0,255,9,9,0,255,255,52,52,255,255,255
18384,394.75185491165723,712.9487012647227,-2.8051019213094035,59,69,0,255,0,105,105,0,0,255,32,32,255,0,0,73,73,255,255,0,113,113,255,0,255,11,11,0,255,255,51,51,255,255,255
18485,394.4400391130507,710.4680619895798,-2.7027250980851827,63,73,0,255,0,107,107,0,0,255,32,32,255,0,0,71,71,255,255,0,110,110,255,0,255,12,12,0,255,255,50,50,255,255,255
18585,395.8153411096106,713.1686225837924,-2.5447639725500926,69,79,0,255,0,110,110,0,0,255,32,32,255,0,0,68,68,255,255,0,104,104,255,0,255,13,13,0,255,255,49,49,255,255,255
18785,404.07170044814427,721.7612902763944,-2.30453368461863,77,87,0,255,0,1,1,0,0,255,32,32,255,0,0,64,64,255,255,0,95,95,255,0,255,15,15,0,255,255,47,47,255,255,255
18885,403.4610948341879,722.768816042833,-2.2178731250017902,81,91,0,255,0,2,2,0,0,255,32,32,255,0,0,62,62,255,255,0,92,92,255,0,255,16,16,0,255,255,46,46,255,255,255
18986,402.402569505259,724.713558035491,-2.1784618824427358,82,92,0,255,0,3,3,0,0,255,32,32,255,0,0,62,62,255,255,0,91,91,255,0,255,16,16,0,255,255,45,45,255,255,255
19185,413.9620645990582,732.88546303462,-2.0900429199447976,85,95,0,255,0,5,5,0,0,255,32,32,255,0,0,60,60,255,255,0,88,88,255,0,255,17,17,0,255,255,45,45,255,255,255
19285,418.27715163071724,738.7912741946825,-2.077334906737215,86,96,0,255,0,5,5,0,0,255,32,32,255,0,0,60,60,255,255,0,87,87,255,0,255,17,17,0,255,255,45,45,255,255,255
19385,424.25197420828675,740.3488543455655,-2.056067458145321,86,96,0,255,0,5,5,0,0,255,32,32,255,0,0,59,59,255,255,0,86,86,255,0,255,17,17,0,255,255,44,44,255,255,255
19585,423.41350226981837,724.6938412895253,-1.969125302615683,90,100,0,255,0,7,7,0,0,255,32,32,255,0,0,58,58,255,255,0,83,83,255,0,255,18,18,0,255,255,44,44,255,255,255
19685,425.9714947094242,726.27158116313,-1.9046683679922347,92,102,0,255,0,8,8,0,0,255,32,32,255,0,0,57,57,255,255,0,81,81,255,0,255,19,19,0,255,255,43,43,255,255,255
19785,426.2260123143334,727.3355550371962,-1.738109145851211,98,108,0,255,0,11,11,0,0,255,32,32,255,0,0,54,54,255,255,0,75,75,255,0,255,20,20,0,255,255,41,41,255,255,255
19892,427.73338190272386,728.5152426841614,-1.580379719808411,103,113,0,255,0,14,14,0,0,255,32,32,255,0,0,51,51,255,255,0,69,69,255,0,255,22,22,0,255,255,40,40,255,255,255
19986,426.94543295207785,726.5361717066955,-1.5415179094058429,105,115,0,255,0,15,15,0,0,255,32,32,255,0,0,50,50,255,255,0,68,68,255,0,255,22,22,0,255,255,40,40,255,255,255
20085,424.7439348476644,727.4045527418987,-1.4502751447649775,108,118,0,255,0,16,16,0,0,255,32,32,255,0,0,48,48,255,255,0,65,65,255,0,255,23,23,0,255,255,39,39,255,255,255
20185,423.5165111742382,727.0576692731215,-1.3255589155541907,0,10,0,255,0,19,19,0,0,255,32,32,255,0,0,46,46,255,255,0,60,60,255,0,255,24,24,0,255,255,38,38,255,255,255
20286,420.28170579963563,728.9411649818436,-1.2323462399851421,3,13,0,255,0,20,20,0,0,255,32,32,255,0,0,45,45,255,255,0,57,57,255,0,255,25,25,0,255,255,37,37,255,255,255
20384,419.409118235503,724.8782122261947,-1.1917877902540661,4,14,0,255,0,21,21,0,0,255,32,32,255,0,0,44,44,255,255,0,55,55,255,0,255,25,25,0,255,255,37,37,255,255,255
20485,418.7651360713674,721.090625291363,-1.1114093292147345,7,17,0,255,0,22,22,0,0,255,32,32,255,0,0,42,42,255,255,0,52,52,255,0,255,26,26,0,255,255,36,36,255,255,255
20584,420.1812146256557,718.426683128753,-1.0291986743797106,10,20,0,255,0,24,24,0,0,255,32,32,255,0,0,41,41,255,255,0,49,49,255,0,255,27,27,0,255,255,35,35,255,255,255
20686,422.62301995855626,716.3390483548174,-0.9969804777641696,11,21,0,255,0,24,24,0,0,255,32,32,255,0,0,40,40,255,255,0,48,48,255,0,255,27,27,0,255,255,35,35,255,255,255
20784,422.10692354566106,715.8962940393357,-0.9459663201827603,13,23,0,255,0,25,25,0,0,255,32,32,255,0,0,39,39,255,255,0,46,46,255,0,255,27,27,0,255,255,34,34,255,255,255
20884,421.87195463079627,715.003606555712,-0.9016087829493689,15,25,0,255,0,26,26,0,0,255,32,32,255,0,0,39,39,255,255,0,45,45,255,0,255,28,28,0,255,255,34,34,255,255,255
20984,423.04927938537435,715.1570963834567,-0.8281648729471573,18,28,0,255,0,27,27,0,0,255,32,32,255,0,0,37,37,255,255,0,42,42,255,0,255,28,28,0,255,255,33,33,255,255,255
21085,422.08755602271674,715.6630490880909,-0.743792346699113,21,31,0,255,0,29,29,0,0,255,32,32,255,0,0,36,36,255,255,0,39,39,255,0,255,29,29,0,255,255,33,33,255,255,255
21186,420.7087062777261,718.2499094181916,-0.7004802372609542,22,32,0,255,0,30,30,0,0,255,32,32,255,0,0,35,35,255,255,0,38,38,255,0,255,30,30,0,255,255,32,32,255,255,255
21284,421.863122320407,718.1949682635116,-0.661287229160649,24,34,0,255,0,30,30,0,0,255,32,32,255,0,0,34,34,255,255,0,36,36,255,0,255,30,30,0,255,255,32,32,255,255,255
21384,421.0801182339246,718.2068366787761,-0.6259399489945943,25,35,0,255,0,31,31,0,0,255,32,32,255,0,0,34,34,255,255,0,35,35,255,0,255,30,30,0,255,255,31,31,255,255,255
21485,420.2334720156955,718.7516734332663,-0.5913550257530442,26,36,0,255,0,32,32,0,0,255,32,32,255,0,0,33,33,255,255,0,34,34,255,0,255,30,30,0,255,255,31,31,255,255,255
21586,420.29222774254526,717.3371932718356,-0.5443407655774422,28,38,0,255,0,33,33,0,0,255,32,32,255,0,0,32,32,255,255,0,32,32,255,0,255,31,31,0,255,255,31,31,255,255,255
21685,419.1964350796059,718.3404675591826,-0.4987255768363452,29,39,0,255,0,33,33,0,0,255,32,32,255,0,0,31,31,255,255,0,30,30,255,0,255,31,31,0,255,255,30,30,255,255,255
21785,415.87407661043267,717.6472383854443,-0.46024903854798793,31,41,0,255,0,34,34,0,0,255,32,32,255,0,0,31,31,255,255,0,29,29,255,0,255,32,32,0,255,255,30,30,255,255,255
21885,415.2721279646948,715.5981853583544,-0.42844145103572173,32,42,0,255,0,35,35,0,0,255,32,32,255,0,0,30,30,255,255,0,28,28,255,0,255,32,32,0,255,255,30,30,255,255,255
21984,413.5432103225828,716.1667958856683,-0.4036474740697582,33,43,0,255,0,35,35,0,0,255,32,32,255,0,0,30,30,255,255,0,27,27,255,0,255,32,32,0,255,255,29,29,255,255,255
22084,410.212909995136,719.8658051812771,-0.3654859830756758,34,44,0,255,0,36,36,0,0,255,32,32,255,0,0,29,29,255,255,0,26,26,255,0,255,33,33,0,255,255,29,29,255,255,255
22185,407.943540142728,718.8338384046069,-0.3417944139864047,35,45,0,255,0,36,36,0,0,255,32,32,255,0,0,29,29,255,255,0,25,25,255,0,255,33,33,0,255,255,29,29,255,255,255
22285,406.585637279985,716.9721694124066,-0.32236968637507424,36,46,0,255,0,37,37,0,0,255,32,32,255,0,0,28,28,255,255,0,24,24,255,0,255,33,33,0,255,255,29,29,255,255,255
22486,406.24613843244856,714.66094552753,-0.2749706449006102,37,47,0,255,0,37,37,0,0,255,32,32,255,0,0,27,27,255,255,0,22,22,255,0,255,33,33,0,255,255,28,28,255,255,255
22585,404.58804044114515,715.9769090103302,-0.2656412273965771,38,48,0,255,0,38,38,0,0,255,32,32,255,0,0,27,27,255,255,0,22,22,255,0,255,33,33,0,255,255,28,28,255,255,255
22685,399.9113639064989,717.1464371095882,-0.2421077418475948,39,49,0,255,0,38,38,0,0,255,32,32,255,0,0,27,27,255,255,0,21,21,255,0,255,34,34,0,255,255,28,28,255,255,255
22785,398.38882970084387,722.1326550733779,-0.2217226290098747,39,49,0,255,0,38,38,0,0,255,32,32,255,0,0,26,26,255,255,0,20,20,255,0,255,34,34,0,255,255,28,28,255,255,255
22884,391.35900504247286,731.2883617551793,-0.1912130177557089,40,50,0,255,0,39,39,0,0,255,32,32,255,0,0,26,26,255,255,0,19,19,255,0,255,34,34,0,255,255,28,28,255,255,255
22984,391.84227232783803,737.8795942622171,-0.16868133906681487,41,51,0,255,0,39,39,0,0,255,32,32,255,0,0,25,25,255,255,0,19,19,255,0,255,34,34,0,255,255,27,27,255,255,255
23084,393.41328188261105,739.2056404405996,-0.13604835395111134,42,52,0,255,0,40,40,0,0,255,32,32,255,0,0,25,25,255,255,0,17,17,255,0,255,35,35,0,255,255,27,27,255,255,255
23184,394.7926809835084,740.4342317411267,-0.08407228594694381,44,54,0,255,0,41,41,0,0,255,32,32,255,0,0,24,24,255,255,0,15,15,255,0,255,35,35,0,255,255,27,27,255,255,255
23284,395.10416883378144,741.3881291079451,-0.0593742616060738,45,55,0,255,0,41,41,0,0,255,32,32,255,0,0,23,23,255,255,0,15,15,255,0,255,35,35,0,255,255,26,26,255,255,255
23392,395.8800415727758,739.966629745323,-0.03631562340290694,46,56,0,255,0,42,42,0,0,255,32,32,255,0,0,23,23,255,255,0,14,14,255,0,255,35,35,0,255,255,26,26,255,255,255
23485,395.14798127323604,738.7429920293179,0.009232510712069979,48,58,0,255,0,43,43,0,0,255,32,32,255,0,0,22,22,255,255,0,12,12,255,0,255,36,36,0,255,255,26,26,255,255,255
23585,395.33802875081705,736.0787209652584,0.029665998775035944,48,58,0,255,0,43,43,0,0,255,32,32,255,0,0,22,22,255,255,0,11,11,255,0,255,36,36,0,255,255,26,26,255,255,255
23684,397.0045094175579,732.8462357042481,0.03898183045382206,49,59,0,255,0,43,43,0,0,255,32,32,255,0,0,22,22,255,255,0,11,11,255,0,255,36,36,0,255,255,25,25,255,255,255
23785,398.1816676210711,732.3411049893764,0.022821747498879774,48,58,0,255,0,43,43,0,0,255,32,32,255,0,0,22,22,255,255,0,12,12,255,0,255,36,36,0,255,255,26,26,255,255,255
23884,399.0884576306735,732.9318557781587,0.038237797169422785,49,59,0,255,0,43,43,0,0,255,32,32,255,0,0,22,22,255,255,0,11,11,255,0,255,36,36,0,255,255,25,25,255,255,255
23985,401.7445827035889,731.581855883392,0.033969274476529594,49,59,0,255,0,43,43,0,0,255,32,32,255,0,0,22,22,255,255,0,11,11,255,0,255,36,36,0,255,255,26,26,255,255,255
24085,403.4356840358201,731.9487279201347,0.02511794245075496,48,58,0,255,0,43,43,0,0,255,32,32,255,0,0,22,22,255,255,0,12,12,255,0,255,36,36,0,255,255,26,26,255,255,255
24185,404.20500877413593,733.2400228229651,-0.0035839511566828127,47,57,0,255,0,42,42,0,0,255,32,32,255,0,0,22,22,255,255,0,13,13,255,0,255,36,36,0,255,255,26,26,255,255,255
24287,404.36503740966884,735.9328102241939,-0.030444036235902732,46,56,0,255,0,42,42,0,0,255,32,32,255,0,0,23,23,255,255,0,14,14,255,0,255,36,36,0,255,255,26,26,255,255,255
24385,405.49699241765023,737.7939960741539,-0.09770082079570318,44,54,0,255,0,41,41,0,0,255,32,32,255,0,0,24,24,255,255,0,16,16,255,0,255,35,35,0,255,255,27,27,255,255,255
24484,407.13407765202516,739.0054993149948,-0.15661922940090575,42,52,0,255,0,40,40,0,0,255,32,32,255,0,0,25,25,255,255,0,18,18,255,0,255,34,34,0,255,255,27,27,255,255,255
24585,406.4463009852478,740.1694193571336,-0.1725286205699376,41,51,0,255,0,39,39,0,0,255,32,32,255,0,0,26,26,255,255,0,19,19,255,0,255,34,34,0,255,255,27,27,255,255,255
24684,405.28960907386795,742.6129828658379,-0.22143847747090656,39,49,0,255,0,38,38,0,0,255,32,32,255,0,0,26,26,255,255,0,20,20,255,0,255,34,34,0,255,255,28,28,255,255,255
24785,403.6556002337222,743.8262637416196,-0.2608464757567164,38,48,0,255,0,38,38,0,0,255,32,32,255,0,0,27,27,255,255,0,22,22,255,0,255,33,33,0,255,255,28,28,255,255,255
24885,404.2840349765993,744.1603323911355,-0.3076149591744568,36,46,0,255,0,37,37,0,0,255,32,32,255,0,0,28,28,255,255,0,24,24,255,0,255,33,33,0,255,255,29,29,255,255,255
24985,405.13409293821786,743.5654008602372,-0.3544378951472538,35,45,0,255,0,36,36,0,0,255,32,32,255,0,0,29,29,255,255,0,25,25,255,0,255,33,33,0,255,255,29,29,255,255,255
25085,403.7377655677398,745.3825994628246,-0.4125359164002324,32,42,0,255,0,35,35,0,0,255,32,32,255,0,0,30,30,255,255,0,27,27,255,0,255,32,32,0,255,255,30,30,255,255,255
25193,402.9251240432818,747.2558290449283,-0.4528255578699905,31,41,0,255,0,34,34,0,0,255,32,32,255,0,0,31,31,255,255,0,29,29,255,0,255,32,32,0,255,255,30,30,255,255,255
25291,402.3849805592859,748.3593783782812,-0.4939685105332821,30,40,0,255,0,33,33,0,0,255,32,32,255,0,0,31,31,255,255,0,30,30,255,0,255,31,31,0,255,255,30,30,255,255,255
25385,401.51298840033564,750.4075101328392,-0.5448345450802907,28,38,0,255,0,33,33,0,0,255,32,32,255,0,0,32,32,255,255,0,32,32,255,0,255,31,31,0,255,255,31,31,255,255,255
25485,399.192608089145,750.4403248644392,-0.596737872783174,26,36,0,255,0,32,32,0,0,255,32,32,255,0,0,33,33,255,255,0,34,34,255,0,255,30,30,0,255,255,31,31,255,255,255
25585,398.12347142870715,751.0939241848355,-0.6809529051196506,23,33,0,255,0,30,30,0,0,255,32,32,255,0,0,35,35,255,255,0,37,37,255,0,255,30,30,0,255,255,32,32,255,255,255
25685,399.7267588346868,750.8169823855851,-0.7818603197643287,19,29,0,255,0,28,28,0,0,255,32,32,255,0,0,36,36,255,255,0,41,41,255,0,255,29,29,0,255,255,33,33,255,255,255
25784,402.5482721842171,747.6610425867716,-0.8745548202442747,16,26,0,255,0,27,27,0,0,255,32,32,255,0,0,38,38,255,255,0,44,44,255,0,255,28,28,0,255,255,34,34,255,255,255
25885,403.03013276475724,747.8023145935238,-0.9961892330788944,12,22,0,255,0,24,24,0,0,255,32,32,255,0,0,40,40,255,255,0,48,48,255,0,255,27,27,0,255,255,35,35,255,255,255
25985,401.90000792943994,748.6019715307768,-1.0457603893718523,10,20,0,255,0,24,24,0,0,255,32,32,255,0,0,41,41,255,255,0,50,50,255,0,255,26,26,0,255,255,35,35,255,255,255
26086,402.57806506381564,748.5996492626437,-1.1204893339650166,7,17,0,255,0,22,22,0,0,255,32,32,255,0,0,43,43,255,255,0,53,53,255,0,255,26,26,0,255,255,36,36,255,255,255
26185,403.6451125338524,749.6187255142801,-1.2051623319844305,4,14,0,255,0,21,21,0,0,255,32,32,255,0,0,44,44,255,255,0,56,56,255,0,255,25,25,0,255,255,37,37,255,255,255
26285,403.5561789916038,749.2414866735548,-1.3828693336608964,-2,8,0,255,0,17,17,0,0,255,32,32,255,0,0,47,47,255,255,0,62,62,255,0,255,23,23,0,255,255,38,38,255,255,255
26385,403.2446109920104,750.7496431219637,-1.4547189657793962,108,118,0,255,0,16,16,0,0,255,32,32,255,0,0,49,49,255,255,0,65,65,255,0,255,23,23,0,255,255,39,39,255,255,255
26485,403.1023604041749,752.1279202472365,-1.5435560342038868,105,115,0,255,0,15,15,0,0,255,32,32,255,0,0,50,50,255,255,0,68,68,255,0,255,22,22,0,255,255,40,40,255,255,255
26586,403.7939763061895,754.501349117718,-1.6111557181996614,102,112,0,255,0,13,13,0,0,255,32,32,255,0,0,51,51,255,255,0,70,70,255,0,255,21,21,0,255,255,40,40,255,255,255
26685,405.2055040310951,755.2641059720593,-1.7346922347488165,98,108,0,255,0,11,11,0,0,255,32,32,255,0,0,54,54,255,255,0,75,75,255,0,255,20,20,0,255,255,41,41,255,255,255
26784,407.4635195093649,756.32389958414,-1.8319244952853977,94,104,0,255,0,9,9,0,0,255,32,32,255,0,0,55,55,255,255,0,78,78,255,0,255,19,19,0,255,255,42,42,255,255,255
26885,410.65362171323727,754.1249186518835,-1.951033512230454,90,100,0,255,0,7,7,0,0,255,32,32,255,0,0,58,58,255,255,0,83,83,255,0,255,18,18,0,255,255,43,43,255,255,255
26985,412.3157688401187,753.7381481777671,-2.0391681550337974,87,97,0,255,0,6,6,0,0,255,32,32,255,0,0,59,59,255,255,0,86,86,255,0,255,17,17,0,255,255,44,44,255,255,255
27087,411.3389138214408,754.0655919622372,-2.162068553609748,83,93,0,255,0,3,3,0,0,255,32,32,255,0,0,61,61,255,255,0,90,90,255,0,255,16,16,0,255,255,45,45,255,255,255
27185,410.0692881242748,754.9209920117058,-2.291479903523067,78,88,0,255,0,1,1,0,0,255,32,32,255,0,0,64,64,255,255,0,95,95,255,0,255,15,15,0,255,255,46,46,255,255,255
27285,409.9344370793097,754.3173143460465,-2.456982406649142,72,82,0,255,0,111,111,0,0,255,32,32,255,0,0,67,67,255,255,0,101,101,255,0,255,14,14,0,255,255,48,48,255,255,255
27383,411.1229979162447,753.227144375466,-2.6347233789974878,66,76,0,255,0,108,108,0,0,255,32,32,255,0,0,70,70,255,255,0,107,107,255,0,255,12,12,0,255,255,50,50,255,255,255
27485,410.1085009623074,754.7225075372555,-2.7900802359100756,60,70,0,255,0,105,105,0,0,255,32,32,255,0,0,73,73,255,255,0,113,113,255,0,255,11,11,0,255,255,51,51,255,255,255
27585,407.96440298605046,757.9337989987667,-2.8774210116985266,57,67,0,255,0,104,104,0,0,255,32,32,255,0,0,74,74,255,255,0,3,3,255,0,255,10,10,0,255,255,52,52,255,255,255
27684,408.8761884331321,754.6078544068589,-2.9993085684196203,52,62,0,255,0,101,101,0,0,255,32,32,255,0,0,76,76,255,255,0,7,7,255,0,255,9,9,0,255,255,53,53,255,255,255
27785,410.90039550919,751.3436066795394,3.1128556882112233,46,56,0,255,0,98,98,0,0,255,32,32,255,0,0,79,79,255,255,0,13,13,255,0,255,7,7,0,255,255,54,54,255,255,255
27885,411.3568218381985,749.2784211294149,2.9304420416886465,40,50,0,255,0,95,95,0,0,255,32,32,255,0,0,83,83,255,255,0,20,20,255,0,255,6,6,0,255,255,56,56,255,255,255
27987,410.5889940512566,748.6482512617858,2.8727991943494553,38,48,0,255,0,94,94,0,0,255,32,32,255,0,0,84,84,255,255,0,22,22,255,0,255,5,5,0,255,255,56,56,255,255,255
28084,411.0757133819386,747.3484676869699,2.7332919154072512,33,43,0,255,0,92,92,0,0,255,32,32,255,0,0,86,86,255,255,0,27,27,255,0,255,4,4,0,255,255,58,58,255,255,255
28185,411.05907207860537,747.4536417846451,2.5840709190661943,27,37,0,255,0,89,89,0,0,255,32,32,255,0,0,89,89,255,255,0,32,32,255,0,255,3,3,0,255,255,59,59,255,255,255
28285,409.25715239716703,748.3520891164941,2.488390478612371,24,34,0,255,0,87,87,0,0,255,32,32,255,0,0,91,91,255,255,0,36,36,255,0,255,2,2,0,255,255,60,60,255,255,255
28385,409.14348598556916,748.1705895266919,2.3402960757754263,19,29,0,255,0,84,84,0,0,255,32,32,255,0,0,93,93,255,255,0,41,41,255,0,255,113,113,0,255,255,61,61,255,255,255
28485,409.48199348870213,747.3988361319091,2.22036296719574,14,24,0,255,0,82,82,0,0,255,32,32,255,0,0,95,95,255,255,0,46,46,255,0,255,112,112,0,255,255,62,62,255,255,255
28585,412.2158402313183,746.7464341019921,2.0882796967407407,9,19,0,255,0,80,80,0,0,255,32,32,255,0,0,98,98,255,255,0,50,50,255,0,255,111,111,0,255,255,64,64,255,255,255
28685,411.55324886590427,743.7202905090104,1.9094324411664383,3,13,0,255,0,77,77,0,0,255,32,32,255,0,0,101,101,255,255,0,57,57,255,0,255,109,109,0,255,255,65,65,255,255,255
28785,411.0451926047031,742.4883952450168,1.6965408189354385,108,118,0,255,0,73,73,0,0,255,32,32,255,0,0,105,105,255,255,0,64,64,255,0,255,108,108,0,255,255,67,67,255,255,255
28885,410.75017349047573,743.4094002079786,1.5620809145589458,104,114,0,255,0,70,70,0,0,255,32,32,255,0,0,107,107,255,255,0,69,69,255,0,255,106,106,0,255,255,68,68,255,255,255
28995,410.047439672093,745.9052206118713,1.4068038779786605,98,108,0,255,0,68,68,0,0,255,32,32,255,0,0,110,110,255,255,0,75,75,255,0,255,105,105,0,255,255,70,70,255,255,255
29085,411.5989331258974,745.4566618555792,1.1953186638118323,90,100,0,255,0,64,64,0,0,255,32,32,255,0,0,1,1,255,255,0,82,82,255,0,255,103,103,0,255,255,72,72,255,255,255
29186,411.49350233769474,747.5755712563916,1.0725183215234557,86,96,0,255,0,62,62,0,0,255,32,32,255,0,0,3,3,255,255,0,87,87,255,0,255,102,102,0,255,255,73,73,255,255,255
29285,414.13473132424986,746.7398732704448,0.8662903027868687,78,88,0,255,0,58,58,0,0,255,32,32,255,0,0,7,7,255,255,0,94,94,255,0,255,100,100,0,255,255,75,75,255,255,255
29385,415.5806662427518,745.5933552902331,0.6328751308709202,70,80,0,255,0,54,54,0,0,255,32,32,255,0,0,11,11,255,255,0,103,103,255,0,255,98,98,0,255,255,77,77,255,255,255
29485,416.86871572045936,743.0470322364563,0.4538759425320685,64,74,0,255,0,51,51,0,0,255,32,32,255,0,0,14,14,255,255,0,109,109,255,0,255,96,96,0,255,255,78,78,255,255,255
29585,416.533238303202,744.4329270491081,0.4937239679772149,65,75,0,255,0,51,51,0,0,255,32,32,255,0,0,14,14,255,255,0,108,108,255,0,255,97,97,0,255,255,78,78,255,255,255
29685,417.61279273816393,747.0700694649673,0.5924117514600119,69,79,0,255,0,53,53,0,0,255,32,32,255,0,0,12,12,255,255,0,104,104,255,0,255,98,98,0,255,255,77,77,255,255,255
29785,418.5750288898032,750.8964594476395,0.8294638611128426,77,87,0,255,0,57,57,0,0,255,32,32,255,0,0,7,7,255,255,0,96,96,255,0,255,100,100,0,255,255,75,75,255,255,255
29887,420.4219362424159,751.4685682346219,1.0239726784525922,84,94,0,255,0,61,61,0,0,255,32,32,255,0,0,4,4,255,255,0,89,89,255,0,255,102,102,0,255,255,73,73,255,255,255
29983,417.9260515133128,754.0393761493275,1.2766704809153142,93,103,0,255,0,65,65,0,0,255,32,32,255,0,0,112,112,255,255,0,80,80,255,0,255,104,104,0,255,255,71,71,255,255,255
30082,412.04459655249946,756.2526802656896,1.6110874515139553,105,115,0,255,0,71,71,0,0,255,32,32,255,0,0,106,106,255,255,0,67,67,255,0,255,107,107,0,255,255,68,68,255,255,255
30184,408.54549399445375,753.2806697150473,1.9270719941098786,4,14,0,255,0,77,77,0,0,255,32,32,255,0,0,101,101,255,255,0,56,56,255,0,255,110,110,0,255,255,65,65,255,255,255
