[camera]
width=480
height=640
# width=720
# height=1280

[detection]
tag_pixel_width = 200
widen_radius = 15

[arena]
nleds = 198
ring_r = 3500.3 # in cm
origo_offset = [240, 320] # in pixels
cm_per_pixel = 2.2
baudrate = 9600##115200 #921600#

[setup]
label = "Two different suns"

    [[setup.suns]]
    link_factor = 1.5
    width = 11
    "θ" = 1.5707963267948966
    r = 5

        [setup.suns.color]
        r = 0.39215686274509803
        g = 1
        b = 0
    [[setup.suns]]
    link_factor = -0.8
    width = 3
    "θ" = 3.141592653589793
    r = 1

        [setup.suns.color]
        r = 0.1607843137254902
        g = 0.5019607843137255
        b = 1

[experiment]
datetime = 2023-12-05T12:36:53.522Z

ms,x,y,θ,start1,stop1,red1,green1,blue1,start2,stop2,red2,green2,blue2
46,,,,46,56,100,255,0,99,101,41,128,255
3662,304.2400956463805,276.2501168763322,-0.01385952786127051,45,55,100,255,0,99,101,41,128,255
4018,311.01149385912913,269.58693165945215,0.6397328538553915,76,86,100,255,0,83,85,41,128,255
5504,301.20674093655015,276.0684444634207,1.5946817488617302,121,131,100,255,0,59,61,41,128,255
5695,298.58150198031205,279.6576346688993,2.046296761477117,142,152,100,255,0,47,49,41,128,255
6062,299.53737509957983,279.65601618280596,2.7585693125494566,176,186,100,255,0,29,31,41,128,255
6385,298.57209676033244,279.5526096620263,-2.696414062473882,17,27,100,255,0,9,11,41,128,255
6666,299.7044980719367,276.25830097148895,-2.3374527432677947,34,44,100,255,0,0,2,41,128,255
7188,300.0628235167567,277.3760538409194,-2.7211118997208925,16,26,100,255,0,9,11,41,128,255
7379,301.3467903456649,276.9702360011428,2.961255036142187,185,195,100,255,0,24,26,41,128,255
25343,279.1541501360631,194.74247656433283,-1.983915770313765,51,61,100,255,0,189,191,41,128,255
29347,249.28393542027197,145.07563403389292,-1.930942130773555,53,63,100,255,0,187,189,41,128,255
29466,248.53002785282928,147.01182574390162,-1.8761889834651027,56,66,100,255,0,186,188,41,128,255
30109,248.69741198028615,154.05465633218796,-1.860401945776251,57,67,100,255,0,186,188,41,128,255
30226,249.9426907077469,152.05499823763654,-1.8680821257137024,56,66,100,255,0,186,188,41,128,255
30266,250.8916482653025,151.71013305147974,-1.8919020005956948,55,65,100,255,0,186,188,41,128,255
30307,251.65473676493826,151.86496826862438,-1.9000416141113228,55,65,100,255,0,187,189,41,128,255
30346,252.7010117036843,152.1849913095527,-1.8682396339541085,56,66,100,255,0,186,188,41,128,255
30507,255.09994816843,151.75552247388853,-1.8244471561273978,58,68,100,255,0,185,187,41,128,255
30669,255.0479882120094,151.70624813022064,-1.7946432514156068,60,70,100,255,0,184,186,41,128,255
30787,255.82272846247494,152.19383253048943,-1.8353010300894101,58,68,100,255,0,185,187,41,128,255
30827,256.07172524588935,152.41646080546337,-1.8737763267665268,56,66,100,255,0,186,188,41,128,255
30947,256.06134879095816,152.62958618982054,-1.8565056113520118,57,67,100,255,0,185,187,41,128,255
31067,255.26086551255622,151.9398960465761,-1.7960779929083768,60,70,100,255,0,184,186,41,128,255
31186,255.34245882064988,152.54793327262942,-1.7263093408891028,63,73,100,255,0,182,184,41,128,255
32120,255.37517803078165,156.5376623663491,-1.5779994481395088,70,80,100,255,0,178,180,41,128,255
32439,251.04295186729192,159.56434907675745,-2.0942268971832725,46,56,100,255,0,191,193,41,128,255
33281,247.85761768267616,163.5879843916084,-2.7649035834972144,14,24,100,255,0,10,12,41,128,255
