[camera]
# width=480
# height=640
width=720
height=1280

[detection]
tag_pixel_width = 200
widen_radius = 15

[arena]
nleds = 113#198
ring_r = 3500.3 # in cm
origo_offset = [240, 320] # in pixels
cm_per_pixel = 2.2
baudrate = 9600##115200 #921600#

[setup]
label = "Crazy"

    [[setup.suns]]
    link_factor = 2
    width = 11
    "θ" = 0
    r = 5

        [setup.suns.color]
        r = 0
        g = 1
        b = 0
    [[setup.suns]]
    link_factor = 1
    width = 1
    "θ" = 0.8726646259971648
    r = 0

        [setup.suns.color]
        r = 0
        g = 0
        b = 1
    [[setup.suns]]
    link_factor = 0
    width = 1
    "θ" = 1.7453292519943295
    r = 0

        [setup.suns.color]
        r = 1
        g = 0
        b = 0
    [[setup.suns]]
    link_factor = -1
    width = 1
    "θ" = 2.6179938779914944
    r = 0

        [setup.suns.color]
        r = 1
        g = 1
        b = 0
    [[setup.suns]]
    link_factor = -2
    width = 1
    "θ" = 3.490658503988659
    r = 0

        [setup.suns.color]
        r = 1
        g = 0
        b = 1
    [[setup.suns]]
    link_factor = 0.5
    width = 1
    "θ" = 4.363323129985824
    r = 0

        [setup.suns.color]
        r = 0
        g = 1
        b = 1
    [[setup.suns]]
    link_factor = -0.5
    width = 1
    "θ" = 5.235987755982989
    r = 0

        [setup.suns.color]
        r = 1
        g = 1
        b = 1

[experiment]
datetime = 2023-12-05T21:26:23.861Z

ms,x,y,θ,start1,stop1,red1,green1,blue1,start2,stop2,red2,green2,blue2,start3,stop3,red3,green3,blue3,start4,stop4,red4,green4,blue4,start5,stop5,red5,green5,blue5,start6,stop6,red6,green6,blue6,start7,stop7,red7,green7,blue7
1,397.587125827202,748.9906858493337,0.06564298445891834,-4,6,0,255,0,17,17,0,0,255,32,32,255,0,0,48,48,255,255,0,64,64,255,0,255,79,79,0,255,255,95,95,255,255,255
63,397.789382060718,749.0087848317863,0.10929460340334299,-2,8,0,255,0,17,17,0,0,255,32,32,255,0,0,47,47,255,255,0,62,62,255,0,255,80,80,0,255,255,95,95,255,255,255
163,395.1026439432146,749.847984206607,0.11080090582201094,-2,8,0,255,0,18,18,0,0,255,32,32,255,0,0,47,47,255,255,0,62,62,255,0,255,80,80,0,255,255,95,95,255,255,255
263,395.96801955789556,750.0904492439108,0.1369211522561974,-1,9,0,255,0,18,18,0,0,255,32,32,255,0,0,47,47,255,255,0,61,61,255,0,255,80,80,0,255,255,95,95,255,255,255
366,398.72068820912534,749.379744986964,0.1711822143408225,0,10,0,255,0,19,19,0,0,255,32,32,255,0,0,46,46,255,255,0,60,60,255,0,255,80,80,0,255,255,94,94,255,255,255
466,400.4093499429954,749.5025222063027,0.18947254112105982,0,10,0,255,0,19,19,0,0,255,32,32,255,0,0,46,46,255,255,0,59,59,255,0,255,81,81,0,255,255,94,94,255,255,255
565,398.14752959103106,747.9778245553837,0.19885402633992608,1,11,0,255,0,19,19,0,0,255,32,32,255,0,0,46,46,255,255,0,59,59,255,0,255,81,81,0,255,255,94,94,255,255,255
667,396.2539127438454,745.0927251423825,0.2243562631421198,2,12,0,255,0,20,20,0,0,255,32,32,255,0,0,45,45,255,255,0,58,58,255,0,255,81,81,0,255,255,94,94,255,255,255
766,396.68200273371986,741.5838776063232,0.25782612992536735,3,13,0,255,0,20,20,0,0,255,32,32,255,0,0,45,45,255,255,0,57,57,255,0,255,81,81,0,255,255,93,93,255,255,255
867,398.6307341792229,738.6236340061583,0.29647953952028366,4,14,0,255,0,21,21,0,0,255,32,32,255,0,0,44,44,255,255,0,55,55,255,0,255,82,82,0,255,255,93,93,255,255,255
967,400.0706826020428,736.691839493054,0.30348313884962164,5,15,0,255,0,21,21,0,0,255,32,32,255,0,0,44,44,255,255,0,55,55,255,0,255,82,82,0,255,255,93,93,255,255,255
1066,399.8578256487043,735.4982729699277,0.32529769265434944,5,15,0,255,0,21,21,0,0,255,32,32,255,0,0,43,43,255,255,0,54,54,255,0,255,82,82,0,255,255,93,93,255,255,255
1167,401.81500579183177,736.2439612935419,0.3555964056429922,6,16,0,255,0,22,22,0,0,255,32,32,255,0,0,43,43,255,255,0,53,53,255,0,255,82,82,0,255,255,93,93,255,255,255
1266,400.5168587766781,733.1678434741648,0.36711284440544,7,17,0,255,0,22,22,0,0,255,32,32,255,0,0,43,43,255,255,0,53,53,255,0,255,82,82,0,255,255,92,92,255,255,255
1366,397.4795660468127,730.360626536128,0.3991607733826953,8,18,0,255,0,23,23,0,0,255,32,32,255,0,0,42,42,255,255,0,52,52,255,0,255,82,82,0,255,255,92,92,255,255,255
1466,397.06425811106806,729.6567278235773,0.40937480165100804,8,18,0,255,0,23,23,0,0,255,32,32,255,0,0,42,42,255,255,0,51,51,255,0,255,83,83,0,255,255,92,92,255,255,255
1566,397.90888245873003,731.2842917179441,0.4158970832971788,9,19,0,255,0,23,23,0,0,255,32,32,255,0,0,42,42,255,255,0,51,51,255,0,255,83,83,0,255,255,92,92,255,255,255
1866,375.3875208418176,749.9642639204288,0.40348125848416716,8,18,0,255,0,23,23,0,0,255,32,32,255,0,0,42,42,255,255,0,52,52,255,0,255,83,83,0,255,255,92,92,255,255,255
1967,371.0006969013972,754.6104962747254,0.4464883777078395,10,20,0,255,0,24,24,0,0,255,32,32,255,0,0,41,41,255,255,0,50,50,255,0,255,83,83,0,255,255,92,92,255,255,255
2066,377.5138909534513,753.3519354260881,0.573407861050389,14,24,0,255,0,26,26,0,0,255,32,32,255,0,0,39,39,255,255,0,46,46,255,0,255,84,84,0,255,255,91,91,255,255,255
2166,391.8040005941457,746.720317955515,0.7063340673692181,19,29,0,255,0,28,28,0,0,255,32,32,255,0,0,37,37,255,255,0,41,41,255,0,255,85,85,0,255,255,89,89,255,255,255
2265,395.3116255993144,741.6587573013629,0.7793221551745122,22,32,0,255,0,30,30,0,0,255,32,32,255,0,0,35,35,255,255,0,38,38,255,0,255,86,86,0,255,255,89,89,255,255,255
2365,395.30068079483806,738.2606760228114,0.8309503223509048,24,34,0,255,0,30,30,0,0,255,32,32,255,0,0,34,34,255,255,0,36,36,255,0,255,86,86,0,255,255,88,88,255,255,255
2473,398.5810805629685,737.5030878993671,0.8552790488334797,24,34,0,255,0,31,31,0,0,255,32,32,255,0,0,34,34,255,255,0,35,35,255,0,255,87,87,0,255,255,88,88,255,255,255
2670,395.4526482087289,733.4271284128868,0.8481481465467465,24,34,0,255,0,31,31,0,0,255,32,32,255,0,0,34,34,255,255,0,36,36,255,0,255,87,87,0,255,255,88,88,255,255,255
2767,390.6922531080718,732.7021041200089,0.8645012002005112,25,35,0,255,0,31,31,0,0,255,32,32,255,0,0,34,34,255,255,0,35,35,255,0,255,87,87,0,255,255,88,88,255,255,255
2867,384.2531196607859,727.2277605749205,0.8888778355393698,26,36,0,255,0,31,31,0,0,255,32,32,255,0,0,33,33,255,255,0,34,34,255,0,255,87,87,0,255,255,88,88,255,255,255
2967,382.85635605643915,723.0591948854628,0.9633070503047146,28,38,0,255,0,33,33,0,0,255,32,32,255,0,0,32,32,255,255,0,31,31,255,0,255,88,88,0,255,255,87,87,255,255,255
3067,385.19618310375324,719.9992469195628,1.0860336445606604,33,43,0,255,0,35,35,0,0,255,32,32,255,0,0,30,30,255,255,0,27,27,255,0,255,89,89,0,255,255,86,86,255,255,255
3168,383.32134641506036,718.5481153537872,1.1603238756431142,35,45,0,255,0,36,36,0,0,255,32,32,255,0,0,28,28,255,255,0,24,24,255,0,255,89,89,0,255,255,85,85,255,255,255
3267,375.89006643399046,717.7851315849799,1.212459051362956,37,47,0,255,0,37,37,0,0,255,32,32,255,0,0,27,27,255,255,0,23,23,255,0,255,90,90,0,255,255,85,85,255,255,255
3367,374.7045296069092,718.2268785769328,1.2633913703954807,39,49,0,255,0,38,38,0,0,255,32,32,255,0,0,27,27,255,255,0,21,21,255,0,255,90,90,0,255,255,84,84,255,255,255
3467,377.6944686627396,717.7028104184586,1.332078099598259,42,52,0,255,0,39,39,0,0,255,32,32,255,0,0,25,25,255,255,0,18,18,255,0,255,91,91,0,255,255,84,84,255,255,255
3567,379.69684231130657,717.0109099089175,1.4067670010399336,44,54,0,255,0,41,41,0,0,255,32,32,255,0,0,24,24,255,255,0,16,16,255,0,255,92,92,0,255,255,83,83,255,255,255
3667,378.541912560211,716.5867109409415,1.4482130697961757,46,56,0,255,0,42,42,0,0,255,32,32,255,0,0,23,23,255,255,0,14,14,255,0,255,92,92,0,255,255,83,83,255,255,255
3767,378.4944494484836,716.2201518706538,1.4755852399850653,47,57,0,255,0,42,42,0,0,255,32,32,255,0,0,23,23,255,255,0,13,13,255,0,255,92,92,0,255,255,82,82,255,255,255
3868,380.05335223773955,715.3399469097976,1.5195442627609843,48,58,0,255,0,43,43,0,0,255,32,32,255,0,0,22,22,255,255,0,11,11,255,0,255,93,93,0,255,255,82,82,255,255,255
3967,381.05735618960904,714.4443428284058,1.5406351148537645,49,59,0,255,0,43,43,0,0,255,32,32,255,0,0,22,22,255,255,0,11,11,255,0,255,93,93,0,255,255,82,82,255,255,255
4068,381.43822047092465,714.3152431184454,1.559750797759609,50,60,0,255,0,44,44,0,0,255,32,32,255,0,0,21,21,255,255,0,10,10,255,0,255,93,93,0,255,255,82,82,255,255,255
4167,381.13042509399133,714.5659067058032,1.5833821559316075,51,61,0,255,0,44,44,0,0,255,32,32,255,0,0,21,21,255,255,0,9,9,255,0,255,93,93,0,255,255,82,82,255,255,255
4266,379.94492755337876,713.7824460385391,1.5994451045048492,51,61,0,255,0,44,44,0,0,255,32,32,255,0,0,20,20,255,255,0,9,9,255,0,255,93,93,0,255,255,81,81,255,255,255
4363,380.52781500786847,712.9738791241872,1.6330681951977306,52,62,0,255,0,45,45,0,0,255,32,32,255,0,0,20,20,255,255,0,7,7,255,0,255,94,94,0,255,255,81,81,255,255,255
4465,381.6605519561341,712.1448962133722,1.655103876487724,53,63,0,255,0,45,45,0,0,255,32,32,255,0,0,19,19,255,255,0,7,7,255,0,255,94,94,0,255,255,81,81,255,255,255
4566,381.17894564707865,712.0890475942929,1.671550276992016,54,64,0,255,0,46,46,0,0,255,32,32,255,0,0,19,19,255,255,0,6,6,255,0,255,94,94,0,255,255,81,81,255,255,255
4764,381.2403714956854,715.3300627702828,1.6883366734000047,54,64,0,255,0,46,46,0,0,255,32,32,255,0,0,19,19,255,255,0,5,5,255,0,255,94,94,0,255,255,81,81,255,255,255
4866,383.1303036665697,716.296062949041,1.7239016734759705,56,66,0,255,0,47,47,0,0,255,32,32,255,0,0,18,18,255,255,0,4,4,255,0,255,94,94,0,255,255,80,80,255,255,255
4971,384.6109704049302,716.9718754768733,1.7430112547762915,56,66,0,255,0,47,47,0,0,255,32,32,255,0,0,18,18,255,255,0,3,3,255,0,255,95,95,0,255,255,80,80,255,255,255
5068,384.33914462037956,717.1281946708004,1.7634898592113564,57,67,0,255,0,47,47,0,0,255,32,32,255,0,0,18,18,255,255,0,3,3,255,0,255,95,95,0,255,255,80,80,255,255,255
5167,381.6714604278979,715.9350955379864,1.7919308285433113,58,68,0,255,0,48,48,0,0,255,32,32,255,0,0,17,17,255,255,0,2,2,255,0,255,95,95,0,255,255,80,80,255,255,255
5268,377.58460019539405,712.8796300985222,1.8148160284716266,59,69,0,255,0,48,48,0,0,255,32,32,255,0,0,17,17,255,255,0,1,1,255,0,255,95,95,0,255,255,79,79,255,255,255
5367,377.8840669224735,709.984352719546,1.8686048788058842,61,71,0,255,0,49,49,0,0,255,32,32,255,0,0,16,16,255,255,0,112,112,255,0,255,96,96,0,255,255,79,79,255,255,255
5468,379.8011907352736,708.6300263566765,1.9035233872257333,62,72,0,255,0,50,50,0,0,255,32,32,255,0,0,15,15,255,255,0,111,111,255,0,255,96,96,0,255,255,79,79,255,255,255
5568,381.2134730970254,709.9083670489321,1.9398292027166733,63,73,0,255,0,50,50,0,0,255,32,32,255,0,0,14,14,255,255,0,109,109,255,0,255,96,96,0,255,255,78,78,255,255,255
5667,383.4390433208771,710.5083131807246,1.9645716796621873,64,74,0,255,0,51,51,0,0,255,32,32,255,0,0,14,14,255,255,0,108,108,255,0,255,97,97,0,255,255,78,78,255,255,255
5768,383.26414897841516,709.8329060397268,1.9883519615397727,65,75,0,255,0,51,51,0,0,255,32,32,255,0,0,14,14,255,255,0,108,108,255,0,255,97,97,0,255,255,78,78,255,255,255
5868,385.52195828128555,710.6437766299301,2.0087811016340513,66,76,0,255,0,52,52,0,0,255,32,32,255,0,0,13,13,255,255,0,107,107,255,0,255,97,97,0,255,255,78,78,255,255,255
5968,386.13905548910463,710.0385185518123,2.024965419617933,66,76,0,255,0,52,52,0,0,255,32,32,255,0,0,13,13,255,255,0,106,106,255,0,255,97,97,0,255,255,78,78,255,255,255
6068,386.97038147423746,707.836066097167,2.0305842611515215,67,77,0,255,0,52,52,0,0,255,32,32,255,0,0,13,13,255,255,0,106,106,255,0,255,97,97,0,255,255,77,77,255,255,255
6268,388.0820693234528,706.8254659958975,2.0573851666160707,68,78,0,255,0,53,53,0,0,255,32,32,255,0,0,12,12,255,255,0,105,105,255,0,255,97,97,0,255,255,77,77,255,255,255
6468,390.70414667183195,708.2787877971623,2.081287254699054,69,79,0,255,0,53,53,0,0,255,32,32,255,0,0,12,12,255,255,0,104,104,255,0,255,98,98,0,255,255,77,77,255,255,255
6568,393.18945168679244,709.5131480892512,2.1074821636748764,69,79,0,255,0,53,53,0,0,255,32,32,255,0,0,11,11,255,255,0,103,103,255,0,255,98,98,0,255,255,77,77,255,255,255
6668,393.542371803941,711.4057156122869,2.1518068322498585,71,81,0,255,0,54,54,0,0,255,32,32,255,0,0,11,11,255,255,0,102,102,255,0,255,98,98,0,255,255,76,76,255,255,255
6767,392.5396176792016,713.7247088012559,2.1944181083639624,73,83,0,255,0,55,55,0,0,255,32,32,255,0,0,10,10,255,255,0,100,100,255,0,255,99,99,0,255,255,76,76,255,255,255
6867,392.2803682008947,716.0066293712329,2.2410027438908973,74,84,0,255,0,56,56,0,0,255,32,32,255,0,0,9,9,255,255,0,99,99,255,0,255,99,99,0,255,255,76,76,255,255,255
6966,393.75736266362674,716.7984460973923,2.276618414113239,76,86,0,255,0,56,56,0,0,255,32,32,255,0,0,8,8,255,255,0,97,97,255,0,255,99,99,0,255,255,75,75,255,255,255
7067,393.72598797652387,715.9976134998515,2.300932124364914,76,86,0,255,0,57,57,0,0,255,32,32,255,0,0,8,8,255,255,0,96,96,255,0,255,100,100,0,255,255,75,75,255,255,255
7167,395.5868571684209,715.8231668952708,2.3473006058411663,78,88,0,255,0,58,58,0,0,255,32,32,255,0,0,7,7,255,255,0,95,95,255,0,255,100,100,0,255,255,75,75,255,255,255
7266,396.37216632540014,716.9416666162999,2.390986581855069,80,90,0,255,0,59,59,0,0,255,32,32,255,0,0,6,6,255,255,0,93,93,255,0,255,100,100,0,255,255,74,74,255,255,255
7364,398.30625149588013,717.6919472778945,2.4391397915681603,81,91,0,255,0,59,59,0,0,255,32,32,255,0,0,5,5,255,255,0,91,91,255,0,255,101,101,0,255,255,74,74,255,255,255
7469,398.90115015369463,717.1942688582449,2.4628385381742772,82,92,0,255,0,60,60,0,0,255,32,32,255,0,0,5,5,255,255,0,91,91,255,0,255,101,101,0,255,255,74,74,255,255,255
7567,399.59282105067774,715.714433769328,2.4922679968727284,83,93,0,255,0,60,60,0,0,255,32,32,255,0,0,4,4,255,255,0,89,89,255,0,255,101,101,0,255,255,73,73,255,255,255
7667,399.37389106627717,713.7794912508729,2.5229957446007307,84,94,0,255,0,61,61,0,0,255,32,32,255,0,0,4,4,255,255,0,88,88,255,0,255,102,102,0,255,255,73,73,255,255,255
7766,398.81065648768583,713.4695080264728,2.567794165585127,86,96,0,255,0,62,62,0,0,255,32,32,255,0,0,3,3,255,255,0,87,87,255,0,255,102,102,0,255,255,73,73,255,255,255
7864,398.6364727461453,713.6802821484176,2.6114079219623414,88,98,0,255,0,62,62,0,0,255,32,32,255,0,0,2,2,255,255,0,85,85,255,0,255,102,102,0,255,255,72,72,255,255,255
7967,398.9459974161448,714.2935748822813,2.6464374200523677,89,99,0,255,0,63,63,0,0,255,32,32,255,0,0,2,2,255,255,0,84,84,255,0,255,103,103,0,255,255,72,72,255,255,255
8067,398.13962530640856,713.9370628293663,2.705176446841477,91,101,0,255,0,64,64,0,0,255,32,32,255,0,0,1,1,255,255,0,82,82,255,0,255,103,103,0,255,255,71,71,255,255,255
8168,400.5054975117225,714.0574129101279,2.7724305278347097,93,103,0,255,0,65,65,0,0,255,32,32,255,0,0,112,112,255,255,0,79,79,255,0,255,104,104,0,255,255,71,71,255,255,255
8268,399.6466674955601,714.645311161004,2.797020945258578,94,104,0,255,0,66,66,0,0,255,32,32,255,0,0,112,112,255,255,0,79,79,255,0,255,104,104,0,255,255,71,71,255,255,255
8367,397.72495346037556,715.491835008615,2.8406860136425816,96,106,0,255,0,67,67,0,0,255,32,32,255,0,0,111,111,255,255,0,77,77,255,0,255,104,104,0,255,255,70,70,255,255,255
8468,398.78164326291596,715.1993818402722,2.885171611719107,97,107,0,255,0,67,67,0,0,255,32,32,255,0,0,110,110,255,255,0,75,75,255,0,255,105,105,0,255,255,70,70,255,255,255
8568,401.4640135052088,714.6223984374798,2.934357531570038,99,109,0,255,0,68,68,0,0,255,32,32,255,0,0,109,109,255,255,0,74,74,255,0,255,105,105,0,255,255,69,69,255,255,255
8668,402.24713501435326,713.8531759808601,2.9758396130850837,101,111,0,255,0,69,69,0,0,255,32,32,255,0,0,109,109,255,255,0,72,72,255,0,255,106,106,0,255,255,69,69,255,255,255
8768,403.37344580818706,711.8451203383175,3.013410715270526,102,112,0,255,0,70,70,0,0,255,32,32,255,0,0,108,108,255,255,0,71,71,255,0,255,106,106,0,255,255,69,69,255,255,255
8867,400.5447959783703,708.0382078906725,3.05642160679901,104,114,0,255,0,70,70,0,0,255,32,32,255,0,0,107,107,255,255,0,69,69,255,0,255,106,106,0,255,255,68,68,255,255,255
8968,400.6804822564345,709.1912553729819,3.1268011525596786,106,116,0,255,0,72,72,0,0,255,32,32,255,0,0,106,106,255,255,0,67,67,255,0,255,107,107,0,255,255,68,68,255,255,255
9067,400.62301276840634,708.8392290513257,-3.0736898549142633,-4,6,0,255,0,73,73,0,0,255,32,32,255,0,0,105,105,255,255,0,64,64,255,0,255,108,108,0,255,255,67,67,255,255,255
9168,406.20718818744376,708.568825758672,-2.869816341763456,3,13,0,255,0,77,77,0,0,255,32,32,255,0,0,101,101,255,255,0,56,56,255,0,255,110,110,0,255,255,65,65,255,255,255
9268,410.3179778936951,709.5477301544722,-2.771614487215502,7,17,0,255,0,79,79,0,0,255,32,32,255,0,0,99,99,255,255,0,53,53,255,0,255,110,110,0,255,255,64,64,255,255,255
9367,412.2791004341791,710.3302786737441,-2.734894578344568,8,18,0,255,0,79,79,0,0,255,32,32,255,0,0,98,98,255,255,0,52,52,255,0,255,111,111,0,255,255,64,64,255,255,255
9468,412.6152202676975,711.600765269952,-2.6935075320906203,10,20,0,255,0,80,80,0,0,255,32,32,255,0,0,98,98,255,255,0,50,50,255,0,255,111,111,0,255,255,63,63,255,255,255
9568,409.3505999616915,711.1123504002169,-2.6306496418509715,12,22,0,255,0,81,81,0,0,255,32,32,255,0,0,97,97,255,255,0,48,48,255,0,255,112,112,0,255,255,63,63,255,255,255
9668,407.1245600230101,708.971851824306,-2.5331277469221707,16,26,0,255,0,83,83,0,0,255,32,32,255,0,0,95,95,255,255,0,44,44,255,0,255,113,113,0,255,255,62,62,255,255,255
9768,407.45868443046163,708.5255968508945,-2.455015010762523,18,28,0,255,0,84,84,0,0,255,32,32,255,0,0,93,93,255,255,0,41,41,255,0,255,113,113,0,255,255,61,61,255,255,255
9868,407.96530988581327,708.6005189487262,-2.319848749168227,23,33,0,255,0,87,87,0,0,255,32,32,255,0,0,91,91,255,255,0,37,37,255,0,255,2,2,0,255,255,60,60,255,255,255
9971,407.56611371160034,709.1836156546644,-2.217633004033895,27,37,0,255,0,89,89,0,0,255,32,32,255,0,0,89,89,255,255,0,33,33,255,0,255,2,2,0,255,255,59,59,255,255,255
10067,407.1099015073869,707.404019539817,-2.092129389448603,31,41,0,255,0,91,91,0,0,255,32,32,255,0,0,87,87,255,255,0,28,28,255,0,255,4,4,0,255,255,58,58,255,255,255
10168,409.189055345926,705.2388739578643,-2.0291793150607793,34,44,0,255,0,92,92,0,0,255,32,32,255,0,0,86,86,255,255,0,26,26,255,0,255,4,4,0,255,255,58,58,255,255,255
10267,409.88789444493796,704.477365734053,-1.9628926697006204,36,46,0,255,0,93,93,0,0,255,32,32,255,0,0,85,85,255,255,0,24,24,255,0,255,5,5,0,255,255,57,57,255,255,255
10367,409.02634674039047,703.7038814867216,-1.8922886478882668,39,49,0,255,0,94,94,0,0,255,32,32,255,0,0,83,83,255,255,0,21,21,255,0,255,5,5,0,255,255,56,56,255,255,255
10468,409.20786388746353,702.6745690664234,-1.8661534647434759,40,50,0,255,0,95,95,0,0,255,32,32,255,0,0,83,83,255,255,0,20,20,255,0,255,6,6,0,255,255,56,56,255,255,255
10568,410.67576254690994,701.7137685183284,-1.7962117610442714,42,52,0,255,0,96,96,0,0,255,32,32,255,0,0,82,82,255,255,0,18,18,255,0,255,6,6,0,255,255,55,55,255,255,255
10667,411.48758273070024,702.6681166730881,-1.7507591445717121,44,54,0,255,0,97,97,0,0,255,32,32,255,0,0,81,81,255,255,0,16,16,255,0,255,7,7,0,255,255,55,55,255,255,255
10767,410.81043450162156,702.3712158829995,-1.756287656255889,43,53,0,255,0,97,97,0,0,255,32,32,255,0,0,81,81,255,255,0,16,16,255,0,255,7,7,0,255,255,55,55,255,255,255
10867,411.47256435204577,701.7127772135701,-1.7963639193971161,42,52,0,255,0,96,96,0,0,255,32,32,255,0,0,82,82,255,255,0,18,18,255,0,255,6,6,0,255,255,55,55,255,255,255
10968,409.0915552676838,699.2145790317147,-1.9695967588345658,36,46,0,255,0,93,93,0,0,255,32,32,255,0,0,85,85,255,255,0,24,24,255,0,255,5,5,0,255,255,57,57,255,255,255
11067,410.83651625134166,699.370685116878,-2.1435679845979974,30,40,0,255,0,90,90,0,0,255,32,32,255,0,0,88,88,255,255,0,30,30,255,0,255,3,3,0,255,255,59,59,255,255,255
11167,409.00185882541166,698.8003630153116,-2.2955908337998254,24,34,0,255,0,87,87,0,0,255,32,32,255,0,0,91,91,255,255,0,36,36,255,0,255,2,2,0,255,255,60,60,255,255,255
11264,408.3091616423983,698.8772856305941,-2.4144235065049306,20,30,0,255,0,85,85,0,0,255,32,32,255,0,0,93,93,255,255,0,40,40,255,0,255,1,1,0,255,255,61,61,255,255,255
11365,407.63504139661075,698.836141994669,-2.4985235948326405,17,27,0,255,0,84,84,0,0,255,32,32,255,0,0,94,94,255,255,0,43,43,255,0,255,113,113,0,255,255,62,62,255,255,255
11466,407.60848896942616,698.0349411707432,-2.565286905683044,14,24,0,255,0,82,82,0,0,255,32,32,255,0,0,95,95,255,255,0,45,45,255,0,255,112,112,0,255,255,62,62,255,255,255
11564,406.84100152195964,697.5030896377962,-2.688477880068462,10,20,0,255,0,80,80,0,0,255,32,32,255,0,0,98,98,255,255,0,50,50,255,0,255,111,111,0,255,255,63,63,255,255,255
11667,406.6750854660131,698.205535916864,-2.7517351992240546,8,18,0,255,0,79,79,0,0,255,32,32,255,0,0,99,99,255,255,0,52,52,255,0,255,111,111,0,255,255,64,64,255,255,255
11764,407.42561327784006,699.3662316275561,-2.818319572590455,5,15,0,255,0,78,78,0,0,255,32,32,255,0,0,100,100,255,255,0,55,55,255,0,255,110,110,0,255,255,65,65,255,255,255
11864,406.45560677048604,700.3408231101673,-2.9755191049665424,0,10,0,255,0,75,75,0,0,255,32,32,255,0,0,103,103,255,255,0,60,60,255,0,255,109,109,0,255,255,66,66,255,255,255
11964,405.39710309646,700.59200672512,-3.072176640330076,-4,6,0,255,0,73,73,0,0,255,32,32,255,0,0,105,105,255,255,0,64,64,255,0,255,108,108,0,255,255,67,67,255,255,255
12068,406.8271032661702,701.6048086322616,3.1294332692183233,106,116,0,255,0,72,72,0,0,255,32,32,255,0,0,106,106,255,255,0,67,67,255,0,255,107,107,0,255,255,68,68,255,255,255
12168,405.19914456995775,702.1329547095984,3.06837489935054,104,114,0,255,0,71,71,0,0,255,32,32,255,0,0,107,107,255,255,0,69,69,255,0,255,106,106,0,255,255,68,68,255,255,255
12268,405.11664578790226,702.2976722715719,2.9689873394346127,100,110,0,255,0,69,69,0,0,255,32,32,255,0,0,109,109,255,255,0,72,72,255,0,255,106,106,0,255,255,69,69,255,255,255
12368,405.14139997719616,700.3996356098868,2.790050883598641,94,104,0,255,0,66,66,0,0,255,32,32,255,0,0,112,112,255,255,0,79,79,255,0,255,104,104,0,255,255,71,71,255,255,255
12468,402.80359566734694,700.7215854387629,2.5838719321263266,87,97,0,255,0,62,62,0,0,255,32,32,255,0,0,3,3,255,255,0,86,86,255,0,255,102,102,0,255,255,73,73,255,255,255
12571,403.52762448069086,702.2936185526269,2.4383592934301417,81,91,0,255,0,59,59,0,0,255,32,32,255,0,0,5,5,255,255,0,91,91,255,0,255,101,101,0,255,255,74,74,255,255,255
12668,402.22625063790105,702.8807513801893,2.373681343712076,79,89,0,255,0,58,58,0,0,255,32,32,255,0,0,7,7,255,255,0,94,94,255,0,255,100,100,0,255,255,74,74,255,255,255
12768,401.88557999729255,703.17490364542,2.31932641613489,77,87,0,255,0,57,57,0,0,255,32,32,255,0,0,8,8,255,255,0,96,96,255,0,255,100,100,0,255,255,75,75,255,255,255
12871,402.48135544466055,702.9747637408868,2.223549684758602,74,84,0,255,0,56,56,0,0,255,32,32,255,0,0,9,9,255,255,0,99,99,255,0,255,99,99,0,255,255,76,76,255,255,255
12967,403.6233175638489,703.2799037919226,2.0691045347057644,68,78,0,255,0,53,53,0,0,255,32,32,255,0,0,12,12,255,255,0,105,105,255,0,255,97,97,0,255,255,77,77,255,255,255
13068,402.9760601381091,704.0289010742638,1.952238160047432,64,74,0,255,0,51,51,0,0,255,32,32,255,0,0,14,14,255,255,0,109,109,255,0,255,96,96,0,255,255,78,78,255,255,255
13168,402.45569618422815,705.5457839568,1.9058744658241802,62,72,0,255,0,50,50,0,0,255,32,32,255,0,0,15,15,255,255,0,111,111,255,0,255,96,96,0,255,255,79,79,255,255,255
13268,401.41231556066305,706.089390169085,1.8566733047920236,60,70,0,255,0,49,49,0,0,255,32,32,255,0,0,16,16,255,255,0,112,112,255,0,255,96,96,0,255,255,79,79,255,255,255
13368,400.36092771460926,706.0725921161206,1.7951291845480357,58,68,0,255,0,48,48,0,0,255,32,32,255,0,0,17,17,255,255,0,2,2,255,0,255,95,95,0,255,255,80,80,255,255,255
13468,400.9170366837993,704.5823074003606,1.7235914049690229,56,66,0,255,0,47,47,0,0,255,32,32,255,0,0,18,18,255,255,0,4,4,255,0,255,94,94,0,255,255,80,80,255,255,255
13568,398.56501517669824,701.9080072768779,1.6439538415155832,53,63,0,255,0,45,45,0,0,255,32,32,255,0,0,20,20,255,255,0,7,7,255,0,255,94,94,0,255,255,81,81,255,255,255
13669,395.95103716975245,701.161908683232,1.6105885015605186,52,62,0,255,0,44,44,0,0,255,32,32,255,0,0,20,20,255,255,0,8,8,255,0,255,93,93,0,255,255,81,81,255,255,255
13768,397.24763031733465,700.6109510489408,1.554440571294148,50,60,0,255,0,43,43,0,0,255,32,32,255,0,0,21,21,255,255,0,10,10,255,0,255,93,93,0,255,255,82,82,255,255,255
13868,399.47684466916814,698.8976614929369,1.4882845855184739,47,57,0,255,0,42,42,0,0,255,32,32,255,0,0,22,22,255,255,0,13,13,255,0,255,92,92,0,255,255,82,82,255,255,255
13968,398.77341792467394,697.7299706800707,1.4271543766090664,45,55,0,255,0,41,41,0,0,255,32,32,255,0,0,24,24,255,255,0,15,15,255,0,255,92,92,0,255,255,83,83,255,255,255
14067,394.79637998601174,697.727661349158,1.3651385140791734,43,53,0,255,0,40,40,0,0,255,32,32,255,0,0,25,25,255,255,0,17,17,255,0,255,91,91,0,255,255,83,83,255,255,255
14168,394.13510164945774,698.2784179504209,1.319383239414834,41,51,0,255,0,39,39,0,0,255,32,32,255,0,0,26,26,255,255,0,19,19,255,0,255,91,91,0,255,255,84,84,255,255,255
14267,392.38732829102423,697.5025291049612,1.2689354983429728,39,49,0,255,0,38,38,0,0,255,32,32,255,0,0,26,26,255,255,0,20,20,255,0,255,90,90,0,255,255,84,84,255,255,255
14368,393.61115977104566,697.2651617275924,1.2214162754944002,38,48,0,255,0,37,37,0,0,255,32,32,255,0,0,27,27,255,255,0,22,22,255,0,255,90,90,0,255,255,85,85,255,255,255
14468,393.394460931093,695.791873857096,1.1614499765031503,35,45,0,255,0,36,36,0,0,255,32,32,255,0,0,28,28,255,255,0,24,24,255,0,255,89,89,0,255,255,85,85,255,255,255
14568,392.800134348694,695.6316110561011,1.0811024616895164,33,43,0,255,0,35,35,0,0,255,32,32,255,0,0,30,30,255,255,0,27,27,255,0,255,89,89,0,255,255,86,86,255,255,255
14668,393.8452931055163,695.0552325487997,1.0105906551676178,30,40,0,255,0,34,34,0,0,255,32,32,255,0,0,31,31,255,255,0,30,30,255,0,255,88,88,0,255,255,87,87,255,255,255
14768,394.01960111133815,694.2278414489159,0.9592942505266076,28,38,0,255,0,33,33,0,0,255,32,32,255,0,0,32,32,255,255,0,32,32,255,0,255,88,88,0,255,255,87,87,255,255,255
14868,393.6260381465334,694.0724366012171,0.9034042969004455,26,36,0,255,0,32,32,0,0,255,32,32,255,0,0,33,33,255,255,0,34,34,255,0,255,87,87,0,255,255,88,88,255,255,255
14968,393.4995759702844,694.6682006561156,0.828420088603731,23,33,0,255,0,30,30,0,0,255,32,32,255,0,0,34,34,255,255,0,36,36,255,0,255,86,86,0,255,255,88,88,255,255,255
15068,394.58440251710635,694.9916350522587,0.7091567275250897,19,29,0,255,0,28,28,0,0,255,32,32,255,0,0,37,37,255,255,0,41,41,255,0,255,85,85,0,255,255,89,89,255,255,255
15171,393.1110184405096,694.9914162710977,0.6155917469619483,16,26,0,255,0,27,27,0,0,255,32,32,255,0,0,38,38,255,255,0,44,44,255,0,255,84,84,0,255,255,90,90,255,255,255
15268,390.2719790836512,696.3344034428676,0.5748550959620292,14,24,0,255,0,26,26,0,0,255,32,32,255,0,0,39,39,255,255,0,45,45,255,0,255,84,84,0,255,255,91,91,255,255,255
15368,390.609530993568,696.4762101815867,0.5371913455649951,13,23,0,255,0,25,25,0,0,255,32,32,255,0,0,40,40,255,255,0,47,47,255,0,255,84,84,0,255,255,91,91,255,255,255
15468,390.6577305263006,694.2015840622031,0.47101503150399443,11,21,0,255,0,24,24,0,0,255,32,32,255,0,0,41,41,255,255,0,49,49,255,0,255,83,83,0,255,255,92,92,255,255,255
15567,392.41523678505223,692.4607543633533,0.3876496595315769,8,18,0,255,0,22,22,0,0,255,32,32,255,0,0,42,42,255,255,0,52,52,255,0,255,82,82,0,255,255,92,92,255,255,255
15668,392.86925775647796,691.6471384415562,0.25684871400925224,3,13,0,255,0,20,20,0,0,255,32,32,255,0,0,45,45,255,255,0,57,57,255,0,255,81,81,0,255,255,93,93,255,255,255
15768,392.95230033762107,690.3144087499988,0.14787084604042136,-1,9,0,255,0,18,18,0,0,255,32,32,255,0,0,47,47,255,255,0,61,61,255,0,255,80,80,0,255,255,94,94,255,255,255
15867,394.79546674613727,690.3163581412393,0.02071867894861036,107,117,0,255,0,16,16,0,0,255,32,32,255,0,0,49,49,255,255,0,65,65,255,0,255,79,79,0,255,255,96,96,255,255,255
15968,395.2725665229062,688.7188815448192,-0.08439019645042872,104,114,0,255,0,14,14,0,0,255,32,32,255,0,0,51,51,255,255,0,69,69,255,0,255,78,78,0,255,255,97,97,255,255,255
16067,394.38706620412455,686.9409598094428,-0.139958147257035,102,112,0,255,0,13,13,0,0,255,32,32,255,0,0,52,52,255,255,0,71,71,255,0,255,78,78,0,255,255,97,97,255,255,255
16168,393.57587394634106,685.4563837024235,-0.19739657387535628,100,110,0,255,0,12,12,0,0,255,32,32,255,0,0,53,53,255,255,0,73,73,255,0,255,77,77,0,255,255,98,98,255,255,255
16268,393.4441997651779,682.8686508309727,-0.3174152218926907,95,105,0,255,0,10,10,0,0,255,32,32,255,0,0,55,55,255,255,0,78,78,255,0,255,76,76,0,255,255,99,99,255,255,255
16367,394.92395079386097,683.5976720872433,-0.45758102280015,90,100,0,255,0,7,7,0,0,255,32,32,255,0,0,57,57,255,255,0,83,83,255,0,255,75,75,0,255,255,100,100,255,255,255
16468,393.0804779129428,681.9023719898265,-0.6406658246145821,84,94,0,255,0,4,4,0,0,255,32,32,255,0,0,61,61,255,255,0,89,89,255,0,255,73,73,0,255,255,102,102,255,255,255
16568,394.8449897182077,683.3277819524757,-0.659284921662094,83,93,0,255,0,4,4,0,0,255,32,32,255,0,0,61,61,255,255,0,90,90,255,0,255,73,73,0,255,255,102,102,255,255,255
16668,395.15113193408325,684.4968491877419,-0.642936101161227,84,94,0,255,0,4,4,0,0,255,32,32,255,0,0,61,61,255,255,0,89,89,255,0,255,73,73,0,255,255,102,102,255,255,255
16768,393.0114451585064,683.3895860762577,-0.7255560366141008,81,91,0,255,0,2,2,0,0,255,32,32,255,0,0,62,62,255,255,0,92,92,255,0,255,72,72,0,255,255,102,102,255,255,255
16868,391.1703966179591,677.7533520537049,-0.8530322593222478,76,86,0,255,0,113,113,0,0,255,32,32,255,0,0,65,65,255,255,0,97,97,255,0,255,71,71,0,255,255,103,103,255,255,255
16967,388.895241331645,673.2828962135748,-1.0158791591598872,70,80,0,255,0,110,110,0,0,255,32,32,255,0,0,68,68,255,255,0,103,103,255,0,255,70,70,0,255,255,105,105,255,255,255
17068,389.5800067686838,671.9582726533499,-1.287192080701094,60,70,0,255,0,105,105,0,0,255,32,32,255,0,0,72,72,255,255,0,112,112,255,0,255,67,67,0,255,255,107,107,255,255,255
17167,389.61327443219307,669.9834929537035,-1.4873417151908817,53,63,0,255,0,102,102,0,0,255,32,32,255,0,0,76,76,255,255,0,7,7,255,0,255,66,66,0,255,255,109,109,255,255,255
17268,391.5424003899444,670.4488209975032,-1.5808332949357147,50,60,0,255,0,100,100,0,0,255,32,32,255,0,0,78,78,255,255,0,10,10,255,0,255,65,65,0,255,255,110,110,255,255,255
17368,391.7428726573594,670.4275888621088,-1.6576269996135466,47,57,0,255,0,99,99,0,0,255,32,32,255,0,0,79,79,255,255,0,13,13,255,0,255,64,64,0,255,255,111,111,255,255,255
17468,393.54932421093577,669.6739800560366,-1.7565861755188887,43,53,0,255,0,97,97,0,0,255,32,32,255,0,0,81,81,255,255,0,16,16,255,0,255,63,63,0,255,255,112,112,255,255,255
17568,394.7699529582863,668.5539191960193,-1.822054179874296,41,51,0,255,0,96,96,0,0,255,32,32,255,0,0,82,82,255,255,0,19,19,255,0,255,62,62,0,255,255,112,112,255,255,255
17669,393.93062613933694,667.2230994712364,-1.8553667770467581,40,50,0,255,0,95,95,0,0,255,32,32,255,0,0,83,83,255,255,0,20,20,255,0,255,62,62,0,255,255,112,112,255,255,255
17771,393.0905365881906,666.430947406612,-1.8447103555564055,40,50,0,255,0,95,95,0,0,255,32,32,255,0,0,82,82,255,255,0,19,19,255,0,255,62,62,0,255,255,112,112,255,255,255
17871,394.05339132904123,667.2437619986679,-1.6834293013640484,46,56,0,255,0,98,98,0,0,255,32,32,255,0,0,80,80,255,255,0,14,14,255,0,255,64,64,0,255,255,111,111,255,255,255
17971,402.10440406176633,673.7058494464603,-1.2008927666278408,63,73,0,255,0,107,107,0,0,255,32,32,255,0,0,71,71,255,255,0,109,109,255,0,255,68,68,0,255,255,107,107,255,255,255
18069,403.01214250003136,674.7245258166681,-1.045188156188258,69,79,0,255,0,110,110,0,0,255,32,32,255,0,0,68,68,255,255,0,104,104,255,0,255,69,69,0,255,255,105,105,255,255,255
18171,401.07946169284764,674.8292339591686,-0.8063862707240168,78,88,0,255,0,1,1,0,0,255,32,32,255,0,0,64,64,255,255,0,95,95,255,0,255,72,72,0,255,255,103,103,255,255,255
18269,400.72727265502897,673.64329889919,-0.6042134890842913,85,95,0,255,0,5,5,0,0,255,32,32,255,0,0,60,60,255,255,0,88,88,255,0,255,73,73,0,255,255,101,101,255,255,255
18369,404.4149326693831,675.2228346368178,-0.418324007880992,92,102,0,255,0,8,8,0,0,255,32,32,255,0,0,57,57,255,255,0,81,81,255,0,255,75,75,0,255,255,100,100,255,255,255
18469,404.6439318786389,676.8218969497595,-0.24904401144717933,98,108,0,255,0,11,11,0,0,255,32,32,255,0,0,54,54,255,255,0,75,75,255,0,255,77,77,0,255,255,98,98,255,255,255
18568,405.41224777758305,680.0286555673898,0.029726357557351365,108,118,0,255,0,16,16,0,0,255,32,32,255,0,0,49,49,255,255,0,65,65,255,0,255,79,79,0,255,255,95,95,255,255,255
18668,405.30307750973606,682.3953416037211,0.28385358226421536,4,14,0,255,0,21,21,0,0,255,32,32,255,0,0,44,44,255,255,0,56,56,255,0,255,81,81,0,255,255,93,93,255,255,255
18768,405.9498169935772,683.4823498786941,0.44814649451587063,10,20,0,255,0,24,24,0,0,255,32,32,255,0,0,41,41,255,255,0,50,50,255,0,255,83,83,0,255,255,92,92,255,255,255
18868,405.8937277562929,683.9872617227849,0.607800436767583,16,26,0,255,0,26,26,0,0,255,32,32,255,0,0,38,38,255,255,0,44,44,255,0,255,84,84,0,255,255,90,90,255,255,255
18969,404.0536667521187,684.424831984433,0.7984729965255187,22,32,0,255,0,30,30,0,0,255,32,32,255,0,0,35,35,255,255,0,37,37,255,0,255,86,86,0,255,255,89,89,255,255,255
19068,403.89272561367494,688.1050622393318,1.0057647830420937,30,40,0,255,0,34,34,0,0,255,32,32,255,0,0,31,31,255,255,0,30,30,255,0,255,88,88,0,255,255,87,87,255,255,255
19169,404.7750595463276,689.4735499541439,1.1315511149361188,34,44,0,255,0,36,36,0,0,255,32,32,255,0,0,29,29,255,255,0,25,25,255,0,255,89,89,0,255,255,86,86,255,255,255
19268,406.62691531469983,690.3853851104229,1.2566054207053843,39,49,0,255,0,38,38,0,0,255,32,32,255,0,0,27,27,255,255,0,21,21,255,0,255,90,90,0,255,255,84,84,255,255,255
19368,406.7232276466017,691.4197623829841,1.5757674768230048,50,60,0,255,0,44,44,0,0,255,32,32,255,0,0,21,21,255,255,0,9,9,255,0,255,93,93,0,255,255,82,82,255,255,255
19468,405.6889801788586,692.8510491772491,1.670751382858133,54,64,0,255,0,46,46,0,0,255,32,32,255,0,0,19,19,255,255,0,6,6,255,0,255,94,94,0,255,255,81,81,255,255,255
19567,406.8097564955972,692.9559679624814,1.8035109158118416,59,69,0,255,0,48,48,0,0,255,32,32,255,0,0,17,17,255,255,0,1,1,255,0,255,95,95,0,255,255,80,80,255,255,255
19667,407.8192515545236,693.1089548262482,1.924839240269528,63,73,0,255,0,50,50,0,0,255,32,32,255,0,0,15,15,255,255,0,110,110,255,0,255,96,96,0,255,255,78,78,255,255,255
19769,408.44419146611267,694.2551567401817,2.1667771817015065,72,82,0,255,0,54,54,0,0,255,32,32,255,0,0,10,10,255,255,0,101,101,255,0,255,98,98,0,255,255,76,76,255,255,255
19868,408.34832324878545,693.1139706902736,2.2616288099118123,75,85,0,255,0,56,56,0,0,255,32,32,255,0,0,9,9,255,255,0,98,98,255,0,255,99,99,0,255,255,75,75,255,255,255
19968,408.16162450944717,691.6412709481612,2.3624707970166003,79,89,0,255,0,58,58,0,0,255,32,32,255,0,0,7,7,255,255,0,94,94,255,0,255,100,100,0,255,255,75,75,255,255,255
20068,408.093875629997,688.990021708255,2.470524778678012,83,93,0,255,0,60,60,0,0,255,32,32,255,0,0,5,5,255,255,0,90,90,255,0,255,101,101,0,255,255,74,74,255,255,255
20168,410.2902907501788,688.9709146958565,2.597328129353854,87,97,0,255,0,62,62,0,0,255,32,32,255,0,0,3,3,255,255,0,86,86,255,0,255,102,102,0,255,255,72,72,255,255,255
20268,410.2489735608509,688.8079948367831,2.6882891107033893,90,100,0,255,0,64,64,0,0,255,32,32,255,0,0,1,1,255,255,0,82,82,255,0,255,103,103,0,255,255,72,72,255,255,255
20378,409.54472097698783,689.0386942125771,2.7234844362651676,92,102,0,255,0,64,64,0,0,255,32,32,255,0,0,113,113,255,255,0,81,81,255,0,255,103,103,0,255,255,71,71,255,255,255
20467,411.39852083424995,688.5998568149439,2.724311248723085,92,102,0,255,0,65,65,0,0,255,32,32,255,0,0,113,113,255,255,0,81,81,255,0,255,103,103,0,255,255,71,71,255,255,255
20568,411.6461851232797,686.761552509379,2.6376412984500166,89,99,0,255,0,63,63,0,0,255,32,32,255,0,0,2,2,255,255,0,84,84,255,0,255,103,103,0,255,255,72,72,255,255,255
20668,413.87659624964317,686.0848299302286,2.1102071773096434,70,80,0,255,0,53,53,0,0,255,32,32,255,0,0,11,11,255,255,0,103,103,255,0,255,98,98,0,255,255,77,77,255,255,255
20869,403.0575312413282,680.2273997883035,0.024818876836280913,108,118,0,255,0,16,16,0,0,255,32,32,255,0,0,49,49,255,255,0,65,65,255,0,255,79,79,0,255,255,96,96,255,255,255
20967,400.4713056552967,679.6390559453102,-0.06894009968027615,104,114,0,255,0,14,14,0,0,255,32,32,255,0,0,51,51,255,255,0,69,69,255,0,255,78,78,0,255,255,96,96,255,255,255
21068,402.27397303696887,681.3232229383295,-0.02269359149820968,106,116,0,255,0,15,15,0,0,255,32,32,255,0,0,50,50,255,255,0,67,67,255,0,255,79,79,0,255,255,96,96,255,255,255
21268,403.69365958119846,678.9343230249858,-0.03168375018126371,105,115,0,255,0,15,15,0,0,255,32,32,255,0,0,50,50,255,255,0,67,67,255,0,255,79,79,0,255,255,96,96,255,255,255
21468,406.55746219613025,679.6916707195941,-0.06475302676173408,104,114,0,255,0,14,14,0,0,255,32,32,255,0,0,50,50,255,255,0,68,68,255,0,255,78,78,0,255,255,96,96,255,255,255
21567,407.8396777958248,679.7110171673105,-0.10357023056108818,103,113,0,255,0,14,14,0,0,255,32,32,255,0,0,51,51,255,255,0,70,70,255,0,255,78,78,0,255,255,97,97,255,255,255
21668,412.2355919110851,681.2613818689282,0.10815472196862265,-2,8,0,255,0,17,17,0,0,255,32,32,255,0,0,47,47,255,255,0,62,62,255,0,255,80,80,0,255,255,95,95,255,255,255
21768,415.61395133599177,686.1163029265313,0.8527121364458118,24,34,0,255,0,31,31,0,0,255,32,32,255,0,0,34,34,255,255,0,35,35,255,0,255,87,87,0,255,255,88,88,255,255,255
21868,420.2468549693352,689.2102308751043,1.5525859575889,49,59,0,255,0,43,43,0,0,255,32,32,255,0,0,21,21,255,255,0,10,10,255,0,255,93,93,0,255,255,82,82,255,255,255
21968,421.29681713133255,689.5564090591799,2.0336190250070834,67,77,0,255,0,52,52,0,0,255,32,32,255,0,0,13,13,255,255,0,106,106,255,0,255,97,97,0,255,255,77,77,255,255,255
22068,425.65298433238087,688.6051797383818,2.317326863012754,77,87,0,255,0,57,57,0,0,255,32,32,255,0,0,8,8,255,255,0,96,96,255,0,255,100,100,0,255,255,75,75,255,255,255
22167,426.69753742431516,686.5345867300858,2.2561765856913105,75,85,0,255,0,56,56,0,0,255,32,32,255,0,0,9,9,255,255,0,98,98,255,0,255,99,99,0,255,255,75,75,255,255,255
22271,432.93544497975006,683.8839308754568,2.289739795772155,76,86,0,255,0,57,57,0,0,255,32,32,255,0,0,8,8,255,255,0,97,97,255,0,255,99,99,0,255,255,75,75,255,255,255
